*** 2026-06-02 14:12:59.245 idempiere Log (CLogFile) ***
14:12:59.244 Adempiere.startup: iDempiere(r) Release 14_2026-03-09 -Smart Suite ERP, CRM and SCM- (c) 1999-2026 iDempiere(r); Implementation: iDempiere - Supported by iDempiere community [27]
14:12:59.245 Ini.loadProperties: /home/nextcollege/BDeveloper/idempiere-dev-setup-14/idempiere/idempiere.properties #29 [27]
14:12:59.252-----------> Core.getKeyStore: Encryption with legacy key algorithm DES detected - it is recommended to migrate to a stronger algorithm [27]
14:12:59.841-----------> Activator.createHazelCastInstance: Starting hazelcast with configuration from file hazelcast.xml [27]
14:13:00.515-----------> CPSubsystem: [192.168.0.55]:5701 [adempiere.idempiere14/localhost:5432] [5.3.7] CP Subsystem is not enabled. CP data structures will operate in UNSAFE mode! Please note that UNSAFE mode will not provide strong consistency guarantees. [27]
14:13:00.876-----------> Node: [192.168.0.55]:5701 [adempiere.idempiere14/localhost:5432] [5.3.7] No join method is enabled! Starting standalone. [27]
14:13:01.401-----------> DB.isBuildOK: Build Version Error 

The program assumes build version 14.0.0.qualifier, but database has build version ${env.ADEMPIERE_VERSION} 20080428-1232. 
This is likely to cause hard to fix errors. 
Please contact administrator. [27]
14:13:03.237-----------> EMail.setFrom: you @ company.org: javax.mail.internet.AddressException: Local address contains control or whitespace in string ``you @ company.org'' [27]
14:13:03.242-----------> EMail.addTo: you @ company.org: javax.mail.internet.AddressException: Local address contains control or whitespace in string ``you @ company.org'' [27]
14:13:03.243-----------> EMail.isValid: From is invalid=null [27]
14:13:03.243-----------> EMail.isValid: From is invalid=null [27]
14:13:03.248-----------> MClient.sendEMail: Could NOT Send Email: Server started: iDempiere (nextcollege-G751JT:192.168.0.55) to you @ company.org: Invalid Data (System) [27]
14:13:04.693           LoggedSessionListener.contextInitialized: iDempiere context initialized for 10.3.0.1 [27]
14:13:04.948-----------> TimeZoneDataBaseVersionChecker.init: Time zone data version mismatch detected:
 - Client (moment.js) tzdb version: 2025b
 - Server (JDK) tzdb version: 2026a
Date and time values may be incorrect if time zone rules differ.
To resolve, update the moment-timezone data on the client and/or the JDK time zone data (TZUpdater or Java update) on the server so both use the same version. [27]
14:13:24.785-----------> EGSCreateRateUSDtoPEN.doIt: PASO 1: Sincronizando cookies perimetrales del Home de SUNAT... [516]
14:13:25.305-----------> EGSCreateRateUSDtoPEN.doIt: Cookies F5 BIG-IP integradas: [IAASISTENCIAGESTIONSESSION, TS0105b0c6, TS61ff7286027] [516]
14:13:25.305-----------> EGSCreateRateUSDtoPEN.doIt: Esperando 2200ms (Simulación de interacción humana)... [516]
14:13:27.506-----------> EGSCreateRateUSDtoPEN.doIt: PASO 2: Transmitiendo Payload Numérico-Estructurado al endpoint asíncrono... [516]
14:13:27.506-----------> EGSCreateRateUSDtoPEN.doIt: Payload enviado: {"anhoConsulta":2026,"mesConsulta":5,"indMes":"1","mode":"month"} [516]
14:13:27.788-----------> EGSCreateRateUSDtoPEN.doIt: Error de comunicación en secuencia: HTTP error fetching URL. Status=400, URL=[https://e-consulta.sunat.gob.pe/cl-at-ittipcam/tcS01Alias/listarTipoCambio] [516]
14:13:27.788-----------> EGSCreateRateUSDtoPEN.doIt: Intento 2 de 5. Reintentando secuencia completa... [516]
14:13:31.789-----------> EGSCreateRateUSDtoPEN.doIt: PASO 1: Sincronizando cookies perimetrales del Home de SUNAT... [516]
14:13:32.159-----------> EGSCreateRateUSDtoPEN.doIt: Cookies F5 BIG-IP integradas: [IAASISTENCIAGESTIONSESSION, TS0105b0c6, TS61ff7286027] [516]
14:13:32.159-----------> EGSCreateRateUSDtoPEN.doIt: Esperando 2200ms (Simulación de interacción humana)... [516]
14:13:34.359-----------> EGSCreateRateUSDtoPEN.doIt: PASO 2: Transmitiendo Payload Numérico-Estructurado al endpoint asíncrono... [516]
14:13:34.360-----------> EGSCreateRateUSDtoPEN.doIt: Payload enviado: {"anhoConsulta":2026,"mesConsulta":5,"indMes":"1","mode":"month"} [516]
14:13:34.643-----------> EGSCreateRateUSDtoPEN.doIt: Error de comunicación en secuencia: HTTP error fetching URL. Status=400, URL=[https://e-consulta.sunat.gob.pe/cl-at-ittipcam/tcS01Alias/listarTipoCambio] [516]
14:13:34.644-----------> EGSCreateRateUSDtoPEN.doIt: Intento 3 de 5. Reintentando secuencia completa... [516]

*** 2026-06-02 14:13:37.013 idempiere Log (CLogFile) ***
