*** 2026-05-24 21:05:22.546 idempiere Log (CLogFile) ***
21:05:22.545 Adempiere.startup: iDempiere(r) Release 14_2026-03-09 -Smart Suite ERP, CRM and SCM- (c) 1999-2026 iDempiere(r); Implementation: iDempiere - Supported by iDempiere community [28]
21:05:22.547 Ini.loadProperties: /home/nextcollege/BDeveloper/idempiere-dev-setup-14/idempiere/idempiere.properties #29 [28]
21:05:22.559-----------> Core.getKeyStore: Encryption with legacy key algorithm DES detected - it is recommended to migrate to a stronger algorithm [28]
21:05:23.697-----------> Activator.createHazelCastInstance: Starting hazelcast with configuration from file hazelcast.xml [28]
21:05:24.332-----------> CPSubsystem: [192.168.1.236]:5701 [adempiere.idempiere14/localhost:5432] [5.3.7] CP Subsystem is not enabled. CP data structures will operate in UNSAFE mode! Please note that UNSAFE mode will not provide strong consistency guarantees. [28]
21:05:24.733-----------> Node: [192.168.1.236]:5701 [adempiere.idempiere14/localhost:5432] [5.3.7] No join method is enabled! Starting standalone. [28]
21:05:24.864-----------> DB.isBuildOK: Build Version Error 

The program assumes build version 14.0.0.qualifier, but database has build version ${env.ADEMPIERE_VERSION} 20080428-1232. 
This is likely to cause hard to fix errors. 
Please contact administrator. [28]
21:05:27.207-----------> EMail.setFrom: you @ company.org: javax.mail.internet.AddressException: Local address contains control or whitespace in string ``you @ company.org'' [28]
21:05:27.210-----------> EMail.addTo: you @ company.org: javax.mail.internet.AddressException: Local address contains control or whitespace in string ``you @ company.org'' [28]
21:05:27.211-----------> EMail.isValid: From is invalid=null [28]
21:05:27.211-----------> EMail.isValid: From is invalid=null [28]
21:05:27.215-----------> MClient.sendEMail: Could NOT Send Email: Server started: iDempiere (nextcollege-G751JT:192.168.1.236) to you @ company.org: Invalid Data (System) [28]
21:05:28.762           LoggedSessionListener.contextInitialized: iDempiere context initialized for 10.3.0.1 [28]
21:05:30.156-----------> Incremental2PackActivator.packIn: Installing com.egssmart.sire /META-INF/2Pack_1.0.1.zip ... [360]
21:05:30.586-----------> Incremental2PackActivator.packIn: com.egssmart.sire /META-INF/2Pack_1.0.1.zip installed [360]
21:05:30.587-----------> Incremental2PackActivator.packIn: Installing com.egssmart.sire /META-INF/2Pack_1.0.2.zip ... [360]
21:05:30.774-----------> Incremental2PackActivator.packIn: com.egssmart.sire /META-INF/2Pack_1.0.2.zip installed [360]
21:05:30.774-----------> Incremental2PackActivator.packIn: Installing com.egssmart.sire /META-INF/2Pack_1.0.3.zip ... [360]
21:05:39.603-----------> Incremental2PackActivator.packIn: com.egssmart.sire /META-INF/2Pack_1.0.3.zip installed [360]
21:05:39.603-----------> Incremental2PackActivator.packIn: Installing com.egssmart.sire /META-INF/2Pack_1.0.5.zip ... [360]
21:05:39.960-----------> Incremental2PackActivator.packIn: com.egssmart.sire /META-INF/2Pack_1.0.5.zip installed [360]
21:05:39.960-----------> Incremental2PackActivator.packIn: Installing com.egssmart.sire /META-INF/2Pack_1.0.6.zip ... [360]
21:05:40.022-----------> Incremental2PackActivator.packIn: com.egssmart.sire /META-INF/2Pack_1.0.6.zip installed [360]
21:05:40.022-----------> Incremental2PackActivator.packIn: Installing com.egssmart.sire /META-INF/2Pack_1.0.7.zip ... [360]
21:05:40.576-----------> Incremental2PackActivator.packIn: com.egssmart.sire /META-INF/2Pack_1.0.7.zip installed [360]
21:05:40.577-----------> Incremental2PackActivator.packIn: Installing com.egssmart.sire /META-INF/2Pack_2.0.1.zip ... [360]
21:05:42.517-----------> Incremental2PackActivator.packIn: com.egssmart.sire /META-INF/2Pack_2.0.1.zip installed [360]
21:06:13.729===========> MTree.loadNodes: Nodes w/o parent - adding to root - [Propuesta Registro de Compras] [412]
21:07:26.232===========> MTree.loadNodes: Nodes w/o parent - adding to root - [Propuesta Registro de Compras] [410]
21:07:30.043-----------> PackInApplicationActivator.getFilesToProcess: Processing migration [489]
22:51:11.307===========> MTree.loadNodes: Nodes w/o parent - adding to root - [Propuesta Registro de Compras] [672]

*** 2026-05-24 22:54:26.216 idempiere Log (CLogFile) ***
