*** 2026-05-26 20:15:00.93 idempiere Log (CLogFile) ***
20:15:00.929 Adempiere.startup: iDempiere(r) Release 14_2026-03-09 -Smart Suite ERP, CRM and SCM- (c) 1999-2026 iDempiere(r); Implementation: iDempiere - Supported by iDempiere community [28]
20:15:00.931 Ini.loadProperties: /home/nextcollege/BDeveloper/idempiere-dev-setup-14/idempiere/idempiere.properties #29 [28]
20:15:00.936-----------> Core.getKeyStore: Encryption with legacy key algorithm DES detected - it is recommended to migrate to a stronger algorithm [28]
20:15:00.940 AnnotationBasedModelFactory.lambda$0: AnnotationBasedModelFactory loaded 741 classes in 2.516s [37]
20:15:02.069-----------> Activator.createHazelCastInstance: Starting hazelcast with configuration from file hazelcast.xml [28]
20:15:02.865-----------> CPSubsystem: [192.168.1.236]:5701 [adempiere.idempiere14/localhost:5432] [5.3.7] CP Subsystem is not enabled. CP data structures will operate in UNSAFE mode! Please note that UNSAFE mode will not provide strong consistency guarantees. [28]
20:15:03.295-----------> Node: [192.168.1.236]:5701 [adempiere.idempiere14/localhost:5432] [5.3.7] No join method is enabled! Starting standalone. [28]
20:15:03.461-----------> DB.isBuildOK: Build Version Error 

The program assumes build version 14.0.0.qualifier, but database has build version ${env.ADEMPIERE_VERSION} 20080428-1232. 
This is likely to cause hard to fix errors. 
Please contact administrator. [28]
20:15:06.025-----------> EMail.setFrom: you @ company.org: javax.mail.internet.AddressException: Local address contains control or whitespace in string ``you @ company.org'' [28]
20:15:06.030-----------> EMail.addTo: you @ company.org: javax.mail.internet.AddressException: Local address contains control or whitespace in string ``you @ company.org'' [28]
20:15:06.030-----------> EMail.isValid: From is invalid=null [28]
20:15:06.031-----------> EMail.isValid: From is invalid=null [28]
20:15:06.039-----------> MClient.sendEMail: Could NOT Send Email: Server started: iDempiere (nextcollege-G751JT:192.168.1.236) to you @ company.org: Invalid Data (System) [28]
20:15:07.666           LoggedSessionListener.contextInitialized: iDempiere context initialized for 10.3.0.1 [28]
20:15:26.074-----------> DefaultProcessFactory.newProcessInstance: com.egssmart.sire.process.CrearProveedoresPropuestaProcess; [503]
java.lang.ClassNotFoundException: com.egssmart.sire.process.CrearProveedoresPropuestaProcess; cannot be found by org.adempiere.base_14.0.0.qualifier
	at org.eclipse.osgi.internal.loader.BundleLoader.generateException(BundleLoader.java:541)
	at org.eclipse.osgi.internal.loader.BundleLoader.findClass0(BundleLoader.java:536)
	at org.eclipse.osgi.internal.loader.BundleLoader.findClass(BundleLoader.java:416)
	at org.eclipse.osgi.internal.loader.ModuleClassLoader.loadClass(ModuleClassLoader.java:168)
	at java.base/java.lang.ClassLoader.loadClass(ClassLoader.java:525)
	at org.adempiere.base.DefaultProcessFactory.newProcessInstance(Unknown Source)
	at org.adempiere.base.Core.getProcess(Unknown Source)
	at org.adempiere.util.ProcessUtil.startJavaProcess(Unknown Source)
	at org.compiere.apps.AbstractProcessCtl.startProcess(Unknown Source)
	at org.compiere.apps.AbstractProcessCtl.run(Unknown Source)
	at org.adempiere.webui.apps.WProcessCtl.process(Unknown Source)
	at org.adempiere.webui.apps.AbstractProcessDialog$ProcessDialogRunnable.doRun(Unknown Source)
	at org.adempiere.util.ContextRunnable.run(Unknown Source)
	at org.adempiere.webui.apps.DesktopRunnable.run(Unknown Source)

20:17:09.379-----------> PackInApplicationActivator.getFilesToProcess: Processing migration [505]

*** 2026-05-26 20:17:40.753 idempiere Log (CLogFile) ***
