*** 2026-06-02 20:21:05.417 idempiere Log (CLogFile) ***
20:21:05.416 Adempiere.startup: iDempiere(r) Release 14_2026-03-09 -Smart Suite ERP, CRM and SCM- (c) 1999-2026 iDempiere(r); Implementation: iDempiere - Supported by iDempiere community [27]
20:21:05.417 Ini.loadProperties: /home/nextcollege/BDeveloper/idempiere-dev-setup-14/idempiere/idempiere.properties #29 [27]
20:21:05.424-----------> Core.getKeyStore: Encryption with legacy key algorithm DES detected - it is recommended to migrate to a stronger algorithm [27]
20:21:05.957-----------> Activator.createHazelCastInstance: Starting hazelcast with configuration from file hazelcast.xml [27]
20:21:06.535-----------> CPSubsystem: [192.168.0.55]:5701 [adempiere.idempiere14/localhost:5432] [5.3.7] CP Subsystem is not enabled. CP data structures will operate in UNSAFE mode! Please note that UNSAFE mode will not provide strong consistency guarantees. [27]
20:21:06.821-----------> Node: [192.168.0.55]:5701 [adempiere.idempiere14/localhost:5432] [5.3.7] No join method is enabled! Starting standalone. [27]
20:21:07.463-----------> DB.isBuildOK: Build Version Error 

The program assumes build version 14.0.0.qualifier, but database has build version ${env.ADEMPIERE_VERSION} 20080428-1232. 
This is likely to cause hard to fix errors. 
Please contact administrator. [27]
20:21:09.717-----------> EMail.setFrom: you @ company.org: javax.mail.internet.AddressException: Local address contains control or whitespace in string ``you @ company.org'' [27]
20:21:09.723-----------> EMail.addTo: you @ company.org: javax.mail.internet.AddressException: Local address contains control or whitespace in string ``you @ company.org'' [27]
20:21:09.723-----------> EMail.isValid: From is invalid=null [27]
20:21:09.724-----------> EMail.isValid: From is invalid=null [27]
20:21:09.735-----------> MClient.sendEMail: Could NOT Send Email: Server started: iDempiere (nextcollege-G751JT:192.168.0.55) to you @ company.org: Invalid Data (System) [27]
20:21:11.182           LoggedSessionListener.contextInitialized: iDempiere context initialized for 10.3.0.1 [27]
20:21:11.387-----------> TimeZoneDataBaseVersionChecker.init: Time zone data version mismatch detected:
 - Client (moment.js) tzdb version: 2025b
 - Server (JDK) tzdb version: 2026a
Date and time values may be incorrect if time zone rules differ.
To resolve, update the moment-timezone data on the client and/or the JDK time zone data (TZUpdater or Java update) on the server so both use the same version. [27]
20:22:17.196-----------> EGSCreateRateUSDtoPEN.doIt: PASO 1: Abriendo canal seguro y capturando contexto... [32]
20:22:17.662-----------> EGSCreateRateUSDtoPEN.doIt: Cookies validadas: [TS61ff7286027=08d0cd49b8ab20007cbf6ae81c12c4e4e857ceb260b959e1455ae563dc97625bde6402cac796f35b082042274f11300046690247b43ef9a2adc893f1a19936ec5dddcdd85bbf19d47c1c642227c898d60053e4f6c7f36b37e6319eb997406351; TS0105b0c6=019edc9eb83c1454b46adf08675a44fb029d63e11e44f561bc0de31da25189330ddf1e88f56fce1c47d00a7aef1ce0f6c562625cd6f0908d7e5512f54916f82ddb57cb92d1; IAASISTENCIAGESTIONSESSION=q_eLEvuxyyq0MPwjYfeyZZh8lYAIa7xz1VmzC0YX-UzYUkw2JxduPi5p1EucSfz6zVMEIYvyhVdKRMF9XVprQGuj7ZjkiDnIxt6BcplWR2_do2ybft2uVfMEtz4uXgvWga2D4rEfbzq4A_ho_omxQ29rYKdMGsBlEbHwbzMEhsGKovihCNv79JZlTPRhSz6hL63HzGpCH9o_4rHXVpuXL5tpPN-Lgxo3iBEyznm6Qon0Yu2wN9gyh4mjOnNR7HqM!-1926820799!1093042530] [32]
20:22:17.763-----------> EGSCreateRateUSDtoPEN.doIt: Esperando estabilización de canal perimetral... [32]
20:22:20.763-----------> EGSCreateRateUSDtoPEN.doIt: PASO 2: Transmitiendo consulta JSON estricta (String-Formatted)... [32]
20:22:20.764-----------> EGSCreateRateUSDtoPEN.doIt: URL Destino: https://e-consulta.sunat.gob.pe/cl-at-ittipcam/tcS01Alias/listarTipoCambio [32]
20:22:20.765-----------> EGSCreateRateUSDtoPEN.doIt: Payload estrictamente serializado: {"anhoConsulta":"2026","mesConsulta":"06","indMes":"1","mode":"month"} [32]
20:22:20.875-----------> EGSCreateRateUSDtoPEN.doIt: Respuesta HTTP del Servidor: 400 [32]
20:22:20.876-----------> EGSCreateRateUSDtoPEN.doIt: Respuesta cruda del API SUNAT: <!DOCTYPE HTML PUBLIC "-//W3C//DTD HTML 4.0 Draft//EN"><HTML><HEAD><TITLE>Error 400--Bad Request</TITLE></HEAD><BODY bgcolor="white"><FONT FACE=Helvetica><BR CLEAR=all><TABLE border=0 cellspacing=5><TR><TD><BR CLEAR=all><FONT FACE="Helvetica" COLOR="black" SIZE="3"><H2>Error 400--Bad Request</H2></FONT></TD></TR></TABLE><TABLE border=0 width=100% cellpadding=10><TR><TD VALIGN=top WIDTH=100% BGCOLOR=white><FONT FACE="Courier New"><FONT FACE="Helvetica" SIZE="3"><H3>From RFC 2068 <i>Hypertext Transfer Protocol -- HTTP/1.1</i>:</H3></FONT><FONT FACE="Helvetica" SIZE="3"><H4>10.4.1 400 Bad Request</H4></FONT><P><FONT FACE="Courier New">The request could not be understood by the server due to malformed syntax. The client SHOULD NOT repeat the request without modifications.</FONT></P></FONT></TD></TR></TABLE></BODY></HTML> [32]
20:22:20.877-----------> EGSCreateRateUSDtoPEN.doIt: Filtro perimetral activado o Payload rechazado. Reintentando... [32]
20:22:20.877-----------> EGSCreateRateUSDtoPEN.doIt: Intento 2 de 5. Reintentando secuencia completa... [32]
20:22:24.877-----------> EGSCreateRateUSDtoPEN.doIt: PASO 1: Abriendo canal seguro y capturando contexto... [32]
20:22:24.992-----------> EGSCreateRateUSDtoPEN.doIt: Cookies validadas: [TS61ff7286027=08d0cd49b8ab2000f1e74afd3644d7be79e4dd9e274e56cba3b2c72d00faf3f42fc335c3c5973839087641bd8911300084fb181d261b217f5dfaf71c322bb359d3c0adf28e27a2c2573eb21da4bd7adb6b155295c5b2ac6263b7ad668f1d57fc; TS0105b0c6=019edc9eb8869f9f190e1fa4073d3384ad3913cf438fb40e46795957d7f27f7dad0bdf63539603f88512416874d47510179e1eefd7d42281da0d6bcc862c678046de360937; IAASISTENCIAGESTIONSESSION=raaLExhVLAiSiTllO_BY2bP2zlKfdgVFrJJPPhrkCIsGTXbi-cZEoC5RWTGWtcWTVlAJu7GUWV71SUMwKIAay335DIYBhxFJI64x1aYAGlPFrbLeg0w9fF8TTdeVW-smIQlnji9ZR1FNsCM3SjLr262O06rKWxvx0l4FUW5Cmrj2gFUykupR9kzpWuOIDBBbz7Cq1LWhEmBkO2t312xqgI891L8LLZVezkAg9XM6ah4u0pKGL8Nc5ePKkLYEn4Eb!-1926820799!1093042530] [32]
20:22:24.993-----------> EGSCreateRateUSDtoPEN.doIt: Esperando estabilización de canal perimetral... [32]
20:22:27.994-----------> EGSCreateRateUSDtoPEN.doIt: PASO 2: Transmitiendo consulta JSON estricta (String-Formatted)... [32]
20:22:27.994-----------> EGSCreateRateUSDtoPEN.doIt: URL Destino: https://e-consulta.sunat.gob.pe/cl-at-ittipcam/tcS01Alias/listarTipoCambio [32]
20:22:27.994-----------> EGSCreateRateUSDtoPEN.doIt: Payload estrictamente serializado: {"anhoConsulta":"2026","mesConsulta":"06","indMes":"1","mode":"month"} [32]
20:22:28.103-----------> EGSCreateRateUSDtoPEN.doIt: Respuesta HTTP del Servidor: 400 [32]
20:22:28.104-----------> EGSCreateRateUSDtoPEN.doIt: Respuesta cruda del API SUNAT: <!DOCTYPE HTML PUBLIC "-//W3C//DTD HTML 4.0 Draft//EN"><HTML><HEAD><TITLE>Error 400--Bad Request</TITLE></HEAD><BODY bgcolor="white"><FONT FACE=Helvetica><BR CLEAR=all><TABLE border=0 cellspacing=5><TR><TD><BR CLEAR=all><FONT FACE="Helvetica" COLOR="black" SIZE="3"><H2>Error 400--Bad Request</H2></FONT></TD></TR></TABLE><TABLE border=0 width=100% cellpadding=10><TR><TD VALIGN=top WIDTH=100% BGCOLOR=white><FONT FACE="Courier New"><FONT FACE="Helvetica" SIZE="3"><H3>From RFC 2068 <i>Hypertext Transfer Protocol -- HTTP/1.1</i>:</H3></FONT><FONT FACE="Helvetica" SIZE="3"><H4>10.4.1 400 Bad Request</H4></FONT><P><FONT FACE="Courier New">The request could not be understood by the server due to malformed syntax. The client SHOULD NOT repeat the request without modifications.</FONT></P></FONT></TD></TR></TABLE></BODY></HTML> [32]
20:22:28.104-----------> EGSCreateRateUSDtoPEN.doIt: Filtro perimetral activado o Payload rechazado. Reintentando... [32]
20:22:28.104-----------> EGSCreateRateUSDtoPEN.doIt: Intento 3 de 5. Reintentando secuencia completa... [32]
20:22:32.104-----------> EGSCreateRateUSDtoPEN.doIt: PASO 1: Abriendo canal seguro y capturando contexto... [32]
20:22:32.304-----------> EGSCreateRateUSDtoPEN.doIt: Cookies validadas: [TS61ff7286027=08d0cd49b8ab20003f2ca618a22ae975f55239084eb4611f19cbfa3dd3d603394e43f1b36cd1b0d8087524323011300083306fb81029f9ada5afa947d5a10bd19b98a8cf02effa20f1536857f66c5e0b6b2da2f1a4978e67b947a0e43af6a07f; TS0105b0c6=019edc9eb828693e7d519ecc0d6e147968f6f485426cf09c5c020f5ea519377610df2aa930ac628d19877b5baf268b59d65d76e5a2ab83dcc320e15cb1a815a7fcfa3aa2d7; IAASISTENCIAGESTIONSESSION=1syLEzS5Ca0WC9eBCP-TtfPtkBni2mOULl0uXmqP45Hbb1Kj5Cb0Ht8Nr51FdmfJQ4miVJPgyze42UseoeslXHTLyLaOo361pc417bqvHRAwieKpa9zYLNK_7C5V0LnJ8Rl4JUQfLtEBm_-4pumHoLnXdyzFD4CEcWsu4ol61esWPF3VZZY8v6y-m0JX2l0YM5cYb1miFi2TgzWP-0MlHVvF1npLh33XbO9EHQULkvCRPN9IaSWKrDwT_o2YOgeF!-1926820799!1093042530] [32]
20:22:32.308-----------> EGSCreateRateUSDtoPEN.doIt: Esperando estabilización de canal perimetral... [32]
20:22:35.308-----------> EGSCreateRateUSDtoPEN.doIt: PASO 2: Transmitiendo consulta JSON estricta (String-Formatted)... [32]
20:22:35.309-----------> EGSCreateRateUSDtoPEN.doIt: URL Destino: https://e-consulta.sunat.gob.pe/cl-at-ittipcam/tcS01Alias/listarTipoCambio [32]
20:22:35.310-----------> EGSCreateRateUSDtoPEN.doIt: Payload estrictamente serializado: {"anhoConsulta":"2026","mesConsulta":"06","indMes":"1","mode":"month"} [32]
20:22:35.528-----------> EGSCreateRateUSDtoPEN.doIt: Respuesta HTTP del Servidor: 400 [32]
20:22:35.529-----------> EGSCreateRateUSDtoPEN.doIt: Respuesta cruda del API SUNAT: <!DOCTYPE HTML PUBLIC "-//W3C//DTD HTML 4.0 Draft//EN"><HTML><HEAD><TITLE>Error 400--Bad Request</TITLE></HEAD><BODY bgcolor="white"><FONT FACE=Helvetica><BR CLEAR=all><TABLE border=0 cellspacing=5><TR><TD><BR CLEAR=all><FONT FACE="Helvetica" COLOR="black" SIZE="3"><H2>Error 400--Bad Request</H2></FONT></TD></TR></TABLE><TABLE border=0 width=100% cellpadding=10><TR><TD VALIGN=top WIDTH=100% BGCOLOR=white><FONT FACE="Courier New"><FONT FACE="Helvetica" SIZE="3"><H3>From RFC 2068 <i>Hypertext Transfer Protocol -- HTTP/1.1</i>:</H3></FONT><FONT FACE="Helvetica" SIZE="3"><H4>10.4.1 400 Bad Request</H4></FONT><P><FONT FACE="Courier New">The request could not be understood by the server due to malformed syntax. The client SHOULD NOT repeat the request without modifications.</FONT></P></FONT></TD></TR></TABLE></BODY></HTML> [32]
20:22:35.529-----------> EGSCreateRateUSDtoPEN.doIt: Filtro perimetral activado o Payload rechazado. Reintentando... [32]
20:22:35.529-----------> EGSCreateRateUSDtoPEN.doIt: Intento 4 de 5. Reintentando secuencia completa... [32]
20:22:39.529-----------> EGSCreateRateUSDtoPEN.doIt: PASO 1: Abriendo canal seguro y capturando contexto... [32]
20:22:39.649-----------> EGSCreateRateUSDtoPEN.doIt: Cookies validadas: [TS61ff7286027=08d0cd49b8ab200011fe0f4d920842f67b67a7b44da4d06dfb1552fbd446dfa4026bf470e950cfe3087d00096411300024ada3af8dbc38b4e66a22b6ec918f93ebc4a2997522372bcd695efaa2aeb7227238376c16a05407080c9e79db19a893; TS0105b0c6=019edc9eb8df5e2ebe0334615ab216012f234cc26a2dd9aba3a6ed58dd3dd70a635ccc8a18cdd83a93a2ecad34fa9dfd06e4169eb434964e791f68558a50adc10213aace48; IAASISTENCIAGESTIONSESSION=D5-LE1GTf1Hy9Ti8H_alV0ccn626ko2nGJMeW641S1rji_-pV3CVaXvFqb9i8eq2DpNXU3_y_8kJPxyhbGzZ1ByFLL5JTslMtvz4hxYz6h6gPT81JhiJVLwhrv6efjKdcHO204PNnuQM4cT8XIbDGQmR5tu2YQgAK51fVzdfUFNYJTWy7yFN0FU9ippeLRAroHlJ0D4qp4biHb46u6hCMSP-x9TQAknpSJAySz0wH4Fj_Vu5aWMe2pvsb3jbp4NK!-1926820799!1093042530] [32]
20:22:39.651-----------> EGSCreateRateUSDtoPEN.doIt: Esperando estabilización de canal perimetral... [32]
20:22:42.651-----------> EGSCreateRateUSDtoPEN.doIt: PASO 2: Transmitiendo consulta JSON estricta (String-Formatted)... [32]
20:22:42.651-----------> EGSCreateRateUSDtoPEN.doIt: URL Destino: https://e-consulta.sunat.gob.pe/cl-at-ittipcam/tcS01Alias/listarTipoCambio [32]
20:22:42.654-----------> EGSCreateRateUSDtoPEN.doIt: Payload estrictamente serializado: {"anhoConsulta":"2026","mesConsulta":"06","indMes":"1","mode":"month"} [32]
20:22:42.769-----------> EGSCreateRateUSDtoPEN.doIt: Respuesta HTTP del Servidor: 400 [32]
20:22:42.769-----------> EGSCreateRateUSDtoPEN.doIt: Respuesta cruda del API SUNAT: <!DOCTYPE HTML PUBLIC "-//W3C//DTD HTML 4.0 Draft//EN"><HTML><HEAD><TITLE>Error 400--Bad Request</TITLE></HEAD><BODY bgcolor="white"><FONT FACE=Helvetica><BR CLEAR=all><TABLE border=0 cellspacing=5><TR><TD><BR CLEAR=all><FONT FACE="Helvetica" COLOR="black" SIZE="3"><H2>Error 400--Bad Request</H2></FONT></TD></TR></TABLE><TABLE border=0 width=100% cellpadding=10><TR><TD VALIGN=top WIDTH=100% BGCOLOR=white><FONT FACE="Courier New"><FONT FACE="Helvetica" SIZE="3"><H3>From RFC 2068 <i>Hypertext Transfer Protocol -- HTTP/1.1</i>:</H3></FONT><FONT FACE="Helvetica" SIZE="3"><H4>10.4.1 400 Bad Request</H4></FONT><P><FONT FACE="Courier New">The request could not be understood by the server due to malformed syntax. The client SHOULD NOT repeat the request without modifications.</FONT></P></FONT></TD></TR></TABLE></BODY></HTML> [32]
20:22:42.769-----------> EGSCreateRateUSDtoPEN.doIt: Filtro perimetral activado o Payload rechazado. Reintentando... [32]
20:22:42.769-----------> EGSCreateRateUSDtoPEN.doIt: Intento 5 de 5. Reintentando secuencia completa... [32]
20:22:46.770-----------> EGSCreateRateUSDtoPEN.doIt: PASO 1: Abriendo canal seguro y capturando contexto... [32]
20:22:46.913-----------> EGSCreateRateUSDtoPEN.doIt: Cookies validadas: [TS61ff7286027=08d0cd49b8ab2000f8f398f0f4150e6d4269b14c64c7c30ce051ae41b9e997be98822e23ff2f248708e1e776bf113000ea50176f8c10d3294bad3d619ce206d535f4ec33a1862b2bba75446292d8a59a0188874769178a3f05eae951605fe138; TS0105b0c6=019edc9eb8a4265087b2b378adad950f012956d5c80c9134cbf086c70b8e0044df521f0fb02bf09018e5fec3c221dacc1f76f5ef4b9db4712a38975d259f09e126e9819e70; IAASISTENCIAGESTIONSESSION=yHqLE23bM9pRYctABXpM53Z6vPq-JSElw-3XiyLT-qbsB1VWguHEUf0c9CIKLgEOthzDXxaAPoaN7GJxiXvMt1kwAkugO5xUqhZqJ68M-dU6U9HDA6iO44WngwkMWgLF2KnRMaDFKWv9Bq6a6EpLfPMlX39f0SM9j6dxQM2xo0Pu-FfKULLGTmDvs3PBSZkk2Xo9eTioeU5iZk7cGiNhpIngOsVUE8RBV-M8pjRKxf4ENu5_l_dcNnjyfgNMkPKm!-1926820799!1093042530] [32]
20:22:46.930-----------> EGSCreateRateUSDtoPEN.doIt: Esperando estabilización de canal perimetral... [32]
20:22:49.930-----------> EGSCreateRateUSDtoPEN.doIt: PASO 2: Transmitiendo consulta JSON estricta (String-Formatted)... [32]
20:22:49.930-----------> EGSCreateRateUSDtoPEN.doIt: URL Destino: https://e-consulta.sunat.gob.pe/cl-at-ittipcam/tcS01Alias/listarTipoCambio [32]
20:22:49.931-----------> EGSCreateRateUSDtoPEN.doIt: Payload estrictamente serializado: {"anhoConsulta":"2026","mesConsulta":"06","indMes":"1","mode":"month"} [32]
20:22:50.042-----------> EGSCreateRateUSDtoPEN.doIt: Respuesta HTTP del Servidor: 400 [32]
20:22:50.042-----------> EGSCreateRateUSDtoPEN.doIt: Respuesta cruda del API SUNAT: <!DOCTYPE HTML PUBLIC "-//W3C//DTD HTML 4.0 Draft//EN"><HTML><HEAD><TITLE>Error 400--Bad Request</TITLE></HEAD><BODY bgcolor="white"><FONT FACE=Helvetica><BR CLEAR=all><TABLE border=0 cellspacing=5><TR><TD><BR CLEAR=all><FONT FACE="Helvetica" COLOR="black" SIZE="3"><H2>Error 400--Bad Request</H2></FONT></TD></TR></TABLE><TABLE border=0 width=100% cellpadding=10><TR><TD VALIGN=top WIDTH=100% BGCOLOR=white><FONT FACE="Courier New"><FONT FACE="Helvetica" SIZE="3"><H3>From RFC 2068 <i>Hypertext Transfer Protocol -- HTTP/1.1</i>:</H3></FONT><FONT FACE="Helvetica" SIZE="3"><H4>10.4.1 400 Bad Request</H4></FONT><P><FONT FACE="Courier New">The request could not be understood by the server due to malformed syntax. The client SHOULD NOT repeat the request without modifications.</FONT></P></FONT></TD></TR></TABLE></BODY></HTML> [32]
20:22:50.042-----------> EGSCreateRateUSDtoPEN.doIt: Filtro perimetral activado o Payload rechazado. Reintentando... [32]
20:22:50.044===========> EGSCreateRateUSDtoPEN.process: Fallo final de consistencia de datos. [32]
org.adempiere.exceptions.AdempiereException: Fallo final de consistencia de datos.
	at com.egssmart.finantials.proccess.EGSCreateRateUSDtoPEN.doIt(Unknown Source)
	at org.compiere.process.SvrProcess.process(Unknown Source)
	at org.compiere.process.SvrProcess.startProcess(Unknown Source)
	at org.adempiere.util.ProcessUtil.startJavaProcess(Unknown Source)
	at org.compiere.apps.AbstractProcessCtl.startProcess(Unknown Source)
	at org.compiere.apps.AbstractProcessCtl.run(Unknown Source)
	at org.adempiere.webui.apps.WProcessCtl.process(Unknown Source)
	at org.adempiere.webui.apps.AbstractProcessDialog$ProcessDialogRunnable.doRun(Unknown Source)
	at org.adempiere.util.ContextRunnable.run(Unknown Source)
	at org.adempiere.webui.apps.DesktopRunnable.run(Unknown Source)
	at java.base/java.util.concurrent.Executors$RunnableAdapter.call(Executors.java:539)

20:23:12.497-----------> PackInApplicationActivator.getFilesToProcess: Processing migration [428]

*** 2026-06-02 20:24:41.698 idempiere Log (CLogFile) ***
