*** 2026-06-02 16:35:33.736 idempiere Log (CLogFile) ***
16:35:33.735 Adempiere.startup: iDempiere(r) Release 14_2026-03-09 -Smart Suite ERP, CRM and SCM- (c) 1999-2026 iDempiere(r); Implementation: iDempiere - Supported by iDempiere community [27]
16:35:33.737 Ini.loadProperties: /home/nextcollege/BDeveloper/idempiere-dev-setup-14/idempiere/idempiere.properties #29 [27]
16:35:33.744-----------> Core.getKeyStore: Encryption with legacy key algorithm DES detected - it is recommended to migrate to a stronger algorithm [27]
16:35:34.299-----------> Activator.createHazelCastInstance: Starting hazelcast with configuration from file hazelcast.xml [27]
16:35:34.871-----------> CPSubsystem: [192.168.0.55]:5701 [adempiere.idempiere14/localhost:5432] [5.3.7] CP Subsystem is not enabled. CP data structures will operate in UNSAFE mode! Please note that UNSAFE mode will not provide strong consistency guarantees. [27]
16:35:35.241-----------> Node: [192.168.0.55]:5701 [adempiere.idempiere14/localhost:5432] [5.3.7] No join method is enabled! Starting standalone. [27]
16:35:35.762-----------> DB.isBuildOK: Build Version Error 

The program assumes build version 14.0.0.qualifier, but database has build version ${env.ADEMPIERE_VERSION} 20080428-1232. 
This is likely to cause hard to fix errors. 
Please contact administrator. [27]
16:35:37.565-----------> EMail.setFrom: you @ company.org: javax.mail.internet.AddressException: Local address contains control or whitespace in string ``you @ company.org'' [27]
16:35:37.570-----------> EMail.addTo: you @ company.org: javax.mail.internet.AddressException: Local address contains control or whitespace in string ``you @ company.org'' [27]
16:35:37.570-----------> EMail.isValid: From is invalid=null [27]
16:35:37.571-----------> EMail.isValid: From is invalid=null [27]
16:35:37.576-----------> MClient.sendEMail: Could NOT Send Email: Server started: iDempiere (nextcollege-G751JT:192.168.0.55) to you @ company.org: Invalid Data (System) [27]
16:35:38.808           LoggedSessionListener.contextInitialized: iDempiere context initialized for 10.3.0.1 [27]
16:35:38.984-----------> TimeZoneDataBaseVersionChecker.init: Time zone data version mismatch detected:
 - Client (moment.js) tzdb version: 2025b
 - Server (JDK) tzdb version: 2026a
Date and time values may be incorrect if time zone rules differ.
To resolve, update the moment-timezone data on the client and/or the JDK time zone data (TZUpdater or Java update) on the server so both use the same version. [27]
16:35:58.981-----------> EGSCreateRateUSDtoPEN.doIt: PASO 1: Sincronizando contexto de sesión nativo... [573]
16:35:59.482-----------> EGSCreateRateUSDtoPEN.doIt: Cookies capturadas de forma nativa: [TS61ff7286027=08d0cd49b8ab20005a6fd65ba2fb31ac63c22dd5c932ad81a195b5642440282354ab57bded64202608ddf5ee0b113000f73c678c20738120a5a2f987debfc803ef6ec27c29b804de6c667a113669695a867f58ffb3973929b42e2958d488490e; TS0105b0c6=019edc9eb8a4405b95b01ea010851a3f51edd9943d49f289f87283d8a34c5d5ec9660f7c8dedae8b0d31ccced8382c8dabb90551105280796eab2b33786a3e09b6187ebfef; IAASISTENCIAGESTIONSESSION=CEqKQ8uVmb_ygz0ibaB5MCkZM6Tp2b7f-Vwas26VXOtO3kbxfCYgPx3Jq4398paS9BUAq4kUsbUXwzoFePzkVmjECOkbzRerhsJLkWsBAtf_7yJYjbqAKCEXWAH6o-wWkPkp_Z6TSyecbblpXkO9cdqt5u699MXd_92e93fR098XbuWA8IOkEkAsh23RoQPxwgcKBwr2RLTbvonN5tapiC4J-akm7ycOJx2hH3SARJcu0zimwusAoklLn1DOoovV!-1926820799!1093042530] [573]
16:35:59.483-----------> EGSCreateRateUSDtoPEN.doIt: Esperando 4000ms para estabilizar el socket TLS... [573]
16:36:03.483-----------> EGSCreateRateUSDtoPEN.doIt: PASO 2: Transmitiendo consulta híbrida... [573]
16:36:03.483-----------> EGSCreateRateUSDtoPEN.doIt: URL Destino: https://e-consulta.sunat.gob.pe/cl-at-ittipcam/tcS01Alias/listarTipoCambio?anhoConsulta=2026&mesConsulta=5&indMes=1&mode=month [573]
16:36:03.768-----------> EGSCreateRateUSDtoPEN.doIt: Código HTTP del Servidor: 400 [573]
16:36:03.769-----------> EGSCreateRateUSDtoPEN.doIt: Respuesta cruda: <!DOCTYPE HTML PUBLIC "-//W3C//DTD HTML 4.0 Draft//EN"><HTML><HEAD><TITLE>Error 400--Bad Request</TITLE></HEAD><BODY bgcolor="white"><FONT FACE=Helvetica><BR CLEAR=all><TABLE border=0 cellspacing=5><TR><TD><BR CLEAR=all><FONT FACE="Helvetica" COLOR="black" SIZE="3"><H2>Error 400--Bad Request</H2></FONT></TD></TR></TABLE><TABLE border=0 width=100% cellpadding=10><TR><TD VALIGN=top WIDTH=100% BGCOLOR=white><FONT FACE="Courier New"><FONT FACE="Helvetica" SIZE="3"><H3>From RFC 2068 <i>Hypertext Transfer Protocol -- HTTP/1.1</i>:</H3></FONT><FONT FACE="Helvetica" SIZE="3"><H4>10.4.1 400 Bad Request</H4></FONT><P><FONT FACE="Courier New">The request could not be understood by the server due to malformed syntax. The client SHOULD NOT repeat the request without modifications.</FONT></P></FONT></TD></TR></TABLE></BODY></HTML> [573]
16:36:03.769-----------> EGSCreateRateUSDtoPEN.doIt: Conflicto de procesamiento en el backend. Reintentando secuencia... [573]
16:36:03.769-----------> EGSCreateRateUSDtoPEN.doIt: Intento 2 de 5. Reintentando secuencia completa... [573]
16:36:08.770-----------> EGSCreateRateUSDtoPEN.doIt: PASO 1: Sincronizando contexto de sesión nativo... [573]
16:36:09.394-----------> EGSCreateRateUSDtoPEN.doIt: Cookies capturadas de forma nativa: [TS61ff7286027=08d0cd49b8ab2000deb3cb080134b5aea14436358a6185a6e0d4300740e4363235077e04e01e0ace088dc2b3231130002e6205b1bee7ca9d8baa493d9abf74482afaffa9372df6fcf1d41712de6900bd78e08154b5ef81f9a7b2dd3478d6f974; TS0105b0c6=019edc9eb89445ede415d39d0e16348d0a820318248a3b2174de2b744210aa3dc6c1ede598c993ffbcccf7c3debc6467ba032f72c1ce42370504bb55b13c03726616d39cd9; IAASISTENCIAGESTIONSESSION=ZH6KQ_JT18i2KpZ80QnBkshho5exiiuEV-PthWn36IhjlZQPbntiLXXlcRyzVjKvoN3amCgv5B_qJBiChitGBIxcQBlJ0yG7-PWTNoF2J5hjBKFrPOKIg85SMPfICH5XiBqNwASCapIhLpS7tn4boWe6Khf6viFemug-5KzyvbnqYo_6GRRx6DBmT-wy3Sgmm00-r3MH2t-Ps2aeoqkbEZKaTYNziGyIRLxbNV78Ytvx854QPaqfPxpwxuP2sF7x!-1926820799!1093042530] [573]
16:36:09.394-----------> EGSCreateRateUSDtoPEN.doIt: Esperando 4000ms para estabilizar el socket TLS... [573]
16:36:13.395-----------> EGSCreateRateUSDtoPEN.doIt: PASO 2: Transmitiendo consulta híbrida... [573]
16:36:13.395-----------> EGSCreateRateUSDtoPEN.doIt: URL Destino: https://e-consulta.sunat.gob.pe/cl-at-ittipcam/tcS01Alias/listarTipoCambio?anhoConsulta=2026&mesConsulta=5&indMes=1&mode=month [573]
16:36:13.680-----------> EGSCreateRateUSDtoPEN.doIt: Código HTTP del Servidor: 400 [573]
16:36:13.680-----------> EGSCreateRateUSDtoPEN.doIt: Respuesta cruda: <!DOCTYPE HTML PUBLIC "-//W3C//DTD HTML 4.0 Draft//EN"><HTML><HEAD><TITLE>Error 400--Bad Request</TITLE></HEAD><BODY bgcolor="white"><FONT FACE=Helvetica><BR CLEAR=all><TABLE border=0 cellspacing=5><TR><TD><BR CLEAR=all><FONT FACE="Helvetica" COLOR="black" SIZE="3"><H2>Error 400--Bad Request</H2></FONT></TD></TR></TABLE><TABLE border=0 width=100% cellpadding=10><TR><TD VALIGN=top WIDTH=100% BGCOLOR=white><FONT FACE="Courier New"><FONT FACE="Helvetica" SIZE="3"><H3>From RFC 2068 <i>Hypertext Transfer Protocol -- HTTP/1.1</i>:</H3></FONT><FONT FACE="Helvetica" SIZE="3"><H4>10.4.1 400 Bad Request</H4></FONT><P><FONT FACE="Courier New">The request could not be understood by the server due to malformed syntax. The client SHOULD NOT repeat the request without modifications.</FONT></P></FONT></TD></TR></TABLE></BODY></HTML> [573]
16:36:13.680-----------> EGSCreateRateUSDtoPEN.doIt: Conflicto de procesamiento en el backend. Reintentando secuencia... [573]
16:36:13.681-----------> EGSCreateRateUSDtoPEN.doIt: Intento 3 de 5. Reintentando secuencia completa... [573]
16:36:18.681-----------> EGSCreateRateUSDtoPEN.doIt: PASO 1: Sincronizando contexto de sesión nativo... [573]
16:36:19.060-----------> EGSCreateRateUSDtoPEN.doIt: Cookies capturadas de forma nativa: [TS61ff7286027=08d0cd49b8ab2000979e70094a958a39e86238783fc6063c624be0f6735d9c5e9a2cb824b89d6257089d0fc150113000f597a82dd6117d063814ed649a79cf3d0b71eff83ad47f109242b63ed0e6add0bba141f3273eb72f88fe3a371b4f1149; TS0105b0c6=019edc9eb8f7d1a434e439f3350c95ab9780aeba38e9996457754befb89a0eed56a5699b724e3c9b315f3e2f37b1f55c831814ae9ffdde08ee3349c002968f11b35ddf3e72; IAASISTENCIAGESTIONSESSION=UAyKRBgPnNz5ijzeAniVIod2oSwc_CIG5aVeO7ty56cX58NZIj6XuU98688r0I1SiokU6-HOkC8cmRh4xgKexJxfzjONJidCdGRLPG5BaFH14QFb6wize0fmZZoq1_mIITs4cbC7__7Ip03ktUd7xnTr5t05_0Jg6bskuj4Pigob8waKHB0UK90JRZo-93h5A9az-jNGkucn9FXVfu4ZRU4c_n9JPtMIoVK7nnWAoR8x3zd8g1jjoWgjQrPxa-7S!-1926820799!1093042530] [573]
16:36:19.061-----------> EGSCreateRateUSDtoPEN.doIt: Esperando 4000ms para estabilizar el socket TLS... [573]
16:36:23.062-----------> EGSCreateRateUSDtoPEN.doIt: PASO 2: Transmitiendo consulta híbrida... [573]
16:36:23.062-----------> EGSCreateRateUSDtoPEN.doIt: URL Destino: https://e-consulta.sunat.gob.pe/cl-at-ittipcam/tcS01Alias/listarTipoCambio?anhoConsulta=2026&mesConsulta=5&indMes=1&mode=month [573]
16:36:23.351-----------> EGSCreateRateUSDtoPEN.doIt: Código HTTP del Servidor: 400 [573]
16:36:23.352-----------> EGSCreateRateUSDtoPEN.doIt: Respuesta cruda: <!DOCTYPE HTML PUBLIC "-//W3C//DTD HTML 4.0 Draft//EN"><HTML><HEAD><TITLE>Error 400--Bad Request</TITLE></HEAD><BODY bgcolor="white"><FONT FACE=Helvetica><BR CLEAR=all><TABLE border=0 cellspacing=5><TR><TD><BR CLEAR=all><FONT FACE="Helvetica" COLOR="black" SIZE="3"><H2>Error 400--Bad Request</H2></FONT></TD></TR></TABLE><TABLE border=0 width=100% cellpadding=10><TR><TD VALIGN=top WIDTH=100% BGCOLOR=white><FONT FACE="Courier New"><FONT FACE="Helvetica" SIZE="3"><H3>From RFC 2068 <i>Hypertext Transfer Protocol -- HTTP/1.1</i>:</H3></FONT><FONT FACE="Helvetica" SIZE="3"><H4>10.4.1 400 Bad Request</H4></FONT><P><FONT FACE="Courier New">The request could not be understood by the server due to malformed syntax. The client SHOULD NOT repeat the request without modifications.</FONT></P></FONT></TD></TR></TABLE></BODY></HTML> [573]
16:36:23.352-----------> EGSCreateRateUSDtoPEN.doIt: Conflicto de procesamiento en el backend. Reintentando secuencia... [573]
16:36:23.352-----------> EGSCreateRateUSDtoPEN.doIt: Intento 4 de 5. Reintentando secuencia completa... [573]
16:36:28.353-----------> EGSCreateRateUSDtoPEN.doIt: PASO 1: Sincronizando contexto de sesión nativo... [573]
16:36:28.718-----------> EGSCreateRateUSDtoPEN.doIt: Cookies capturadas de forma nativa: [TS61ff7286027=08d0cd49b8ab200017094a07d93bfec91dfd740428330dbe5970dc4ab522a4eeaa87e7a689cbf126085be6aa4b11300013d43829b702bdbecb58170a5b71e91561c6c7051030e48e7607cf22a29023994509ce7562d701f9f3b6bf47bf31420f; TS0105b0c6=019edc9eb8d204e5c92ada1ba96f3353b78405c12a191e1b48bba8719135a47c4be45f724db23a891e7ca5e804c1e65cdd8217e4833e2a930119a093e0c113bfef7b9cdec6; IAASISTENCIAGESTIONSESSION=MXWKRD3QCouJAD48OXz8wZ_0x8zbC46UO0yjvVzQH5V2vj2eLtxHssfhLUNaAh7U7UVVu7aFipn3blwd3LQztYSMzQeHswqyD6RcX3--6_PU8X5UNqV3KcqRocB2h7vQaIOGept6FZ5gTpqhUDYffj-vfnUPPhAiphC5m4qa5GFXdPtSMLHtYssllMLGzcZKIOr3QLCHILZDm2za4TXavqpW6Wte8lfVwxY4KCC_ZfWZEYX3-0lDjZVwZJLXFGQK!-1926820799!1093042530] [573]
16:36:28.719-----------> EGSCreateRateUSDtoPEN.doIt: Esperando 4000ms para estabilizar el socket TLS... [573]
16:36:32.720-----------> EGSCreateRateUSDtoPEN.doIt: PASO 2: Transmitiendo consulta híbrida... [573]
16:36:32.720-----------> EGSCreateRateUSDtoPEN.doIt: URL Destino: https://e-consulta.sunat.gob.pe/cl-at-ittipcam/tcS01Alias/listarTipoCambio?anhoConsulta=2026&mesConsulta=5&indMes=1&mode=month [573]
16:36:33.015-----------> EGSCreateRateUSDtoPEN.doIt: Código HTTP del Servidor: 400 [573]
16:36:33.016-----------> EGSCreateRateUSDtoPEN.doIt: Respuesta cruda: <!DOCTYPE HTML PUBLIC "-//W3C//DTD HTML 4.0 Draft//EN"><HTML><HEAD><TITLE>Error 400--Bad Request</TITLE></HEAD><BODY bgcolor="white"><FONT FACE=Helvetica><BR CLEAR=all><TABLE border=0 cellspacing=5><TR><TD><BR CLEAR=all><FONT FACE="Helvetica" COLOR="black" SIZE="3"><H2>Error 400--Bad Request</H2></FONT></TD></TR></TABLE><TABLE border=0 width=100% cellpadding=10><TR><TD VALIGN=top WIDTH=100% BGCOLOR=white><FONT FACE="Courier New"><FONT FACE="Helvetica" SIZE="3"><H3>From RFC 2068 <i>Hypertext Transfer Protocol -- HTTP/1.1</i>:</H3></FONT><FONT FACE="Helvetica" SIZE="3"><H4>10.4.1 400 Bad Request</H4></FONT><P><FONT FACE="Courier New">The request could not be understood by the server due to malformed syntax. The client SHOULD NOT repeat the request without modifications.</FONT></P></FONT></TD></TR></TABLE></BODY></HTML> [573]
16:36:33.016-----------> EGSCreateRateUSDtoPEN.doIt: Conflicto de procesamiento en el backend. Reintentando secuencia... [573]
16:36:33.016-----------> EGSCreateRateUSDtoPEN.doIt: Intento 5 de 5. Reintentando secuencia completa... [573]
16:36:38.017-----------> EGSCreateRateUSDtoPEN.doIt: PASO 1: Sincronizando contexto de sesión nativo... [573]
16:36:38.385-----------> EGSCreateRateUSDtoPEN.doIt: Cookies capturadas de forma nativa: [TS61ff7286027=08d0cd49b8ab200071e77f8039d7fdc7bea6f1b11d7be9bd927ac02d85797715e306ff17d671630008e735c1d41130005a597cb20f1bfb4cda7c4a8fb81b9cdf0104714ae04f3b999a8fcfff9661f14cc267cd968cca456eb442e393d8c42ce9; TS0105b0c6=019edc9eb8a453fad1283af128745270af6ce3bb5799d5618fa39d8bde133bbad893580d2fa3cdc58f51c5891c7693ef5c17d5eaf6ed9851ddffe6bbac5180577ec660d157; IAASISTENCIAGESTIONSESSION=zRGKRGOO4Nzhnsx2e2iWeZ_dkgcB2e3K-dlmIwgkIDn0vVVbhOAqoiMmuz40oUITmav1ZfjyUtryfwm-X9RhHjxBXl-U2Xq19YH-sM555Mbt-zU5I3bNgilqaJ5PXcq9ZdvKclme91pMmiVEZWgF0gaRlEKfTaryxUodDa835Cl2r6TuWT5ootX-ziQ776lFMRNodv3Ox_4OMHT3yxRITr8qtMyd4wG9pWYQptNNaN6fBkJd25ms5UXdvSFZZijq!-1926820799!1093042530] [573]
16:36:38.386-----------> EGSCreateRateUSDtoPEN.doIt: Esperando 4000ms para estabilizar el socket TLS... [573]
16:36:42.387-----------> EGSCreateRateUSDtoPEN.doIt: PASO 2: Transmitiendo consulta híbrida... [573]
16:36:42.388-----------> EGSCreateRateUSDtoPEN.doIt: URL Destino: https://e-consulta.sunat.gob.pe/cl-at-ittipcam/tcS01Alias/listarTipoCambio?anhoConsulta=2026&mesConsulta=5&indMes=1&mode=month [573]
16:36:42.673-----------> EGSCreateRateUSDtoPEN.doIt: Código HTTP del Servidor: 400 [573]
16:36:42.674-----------> EGSCreateRateUSDtoPEN.doIt: Respuesta cruda: <!DOCTYPE HTML PUBLIC "-//W3C//DTD HTML 4.0 Draft//EN"><HTML><HEAD><TITLE>Error 400--Bad Request</TITLE></HEAD><BODY bgcolor="white"><FONT FACE=Helvetica><BR CLEAR=all><TABLE border=0 cellspacing=5><TR><TD><BR CLEAR=all><FONT FACE="Helvetica" COLOR="black" SIZE="3"><H2>Error 400--Bad Request</H2></FONT></TD></TR></TABLE><TABLE border=0 width=100% cellpadding=10><TR><TD VALIGN=top WIDTH=100% BGCOLOR=white><FONT FACE="Courier New"><FONT FACE="Helvetica" SIZE="3"><H3>From RFC 2068 <i>Hypertext Transfer Protocol -- HTTP/1.1</i>:</H3></FONT><FONT FACE="Helvetica" SIZE="3"><H4>10.4.1 400 Bad Request</H4></FONT><P><FONT FACE="Courier New">The request could not be understood by the server due to malformed syntax. The client SHOULD NOT repeat the request without modifications.</FONT></P></FONT></TD></TR></TABLE></BODY></HTML> [573]
16:36:42.674-----------> EGSCreateRateUSDtoPEN.doIt: Conflicto de procesamiento en el backend. Reintentando secuencia... [573]
16:36:42.677===========> EGSCreateRateUSDtoPEN.process: Fallo final de consistencia de datos. [573]
UserError: Fallo final de consistencia de datos.
	at com.egssmart.finantials.proccess.EGSCreateRateUSDtoPEN.doIt(Unknown Source)
	at org.compiere.process.SvrProcess.process(Unknown Source)
	at org.compiere.process.SvrProcess.startProcess(Unknown Source)
	at org.adempiere.util.ProcessUtil.startJavaProcess(Unknown Source)
	at org.compiere.apps.AbstractProcessCtl.startProcess(Unknown Source)
	at org.compiere.apps.AbstractProcessCtl.run(Unknown Source)
	at org.adempiere.webui.apps.WProcessCtl.process(Unknown Source)
	at org.adempiere.webui.apps.AbstractProcessDialog$ProcessDialogRunnable.doRun(Unknown Source)
	at org.adempiere.util.ContextRunnable.run(Unknown Source)
	at org.adempiere.webui.apps.DesktopRunnable.run(Unknown Source)
	at java.base/java.util.concurrent.Executors$RunnableAdapter.call(Executors.java:539)

16:37:39.935-----------> PackInApplicationActivator.getFilesToProcess: Processing migration [532]

*** 2026-06-02 16:38:08.168 idempiere Log (CLogFile) ***
