*** 2026-06-02 15:46:02.999 idempiere Log (CLogFile) ***
15:46:02.998 Adempiere.startup: iDempiere(r) Release 14_2026-03-09 -Smart Suite ERP, CRM and SCM- (c) 1999-2026 iDempiere(r); Implementation: iDempiere - Supported by iDempiere community [27]
15:46:03.000 Ini.loadProperties: /home/nextcollege/BDeveloper/idempiere-dev-setup-14/idempiere/idempiere.properties #29 [27]
15:46:03.004 AnnotationBasedModelFactory.lambda$0: AnnotationBasedModelFactory loaded 741 classes in 2.024s [55]
15:46:03.006-----------> Core.getKeyStore: Encryption with legacy key algorithm DES detected - it is recommended to migrate to a stronger algorithm [27]
15:46:03.649-----------> Activator.createHazelCastInstance: Starting hazelcast with configuration from file hazelcast.xml [27]
15:46:04.324-----------> CPSubsystem: [192.168.0.55]:5701 [adempiere.idempiere14/localhost:5432] [5.3.7] CP Subsystem is not enabled. CP data structures will operate in UNSAFE mode! Please note that UNSAFE mode will not provide strong consistency guarantees. [27]
15:46:04.609-----------> Node: [192.168.0.55]:5701 [adempiere.idempiere14/localhost:5432] [5.3.7] No join method is enabled! Starting standalone. [27]
15:46:05.197-----------> DB.isBuildOK: Build Version Error 

The program assumes build version 14.0.0.qualifier, but database has build version ${env.ADEMPIERE_VERSION} 20080428-1232. 
This is likely to cause hard to fix errors. 
Please contact administrator. [27]
15:46:07.445-----------> EMail.setFrom: you @ company.org: javax.mail.internet.AddressException: Local address contains control or whitespace in string ``you @ company.org'' [27]
15:46:07.452-----------> EMail.addTo: you @ company.org: javax.mail.internet.AddressException: Local address contains control or whitespace in string ``you @ company.org'' [27]
15:46:07.452-----------> EMail.isValid: From is invalid=null [27]
15:46:07.453-----------> EMail.isValid: From is invalid=null [27]
15:46:07.459-----------> MClient.sendEMail: Could NOT Send Email: Server started: iDempiere (nextcollege-G751JT:192.168.0.55) to you @ company.org: Invalid Data (System) [27]
15:46:08.985           LoggedSessionListener.contextInitialized: iDempiere context initialized for 10.3.0.1 [27]
15:46:09.222-----------> TimeZoneDataBaseVersionChecker.init: Time zone data version mismatch detected:
 - Client (moment.js) tzdb version: 2025b
 - Server (JDK) tzdb version: 2026a
Date and time values may be incorrect if time zone rules differ.
To resolve, update the moment-timezone data on the client and/or the JDK time zone data (TZUpdater or Java update) on the server so both use the same version. [27]
15:46:35.329-----------> EGSCreateRateUSDtoPEN.doIt: PASO 1: Sincronizando sesión y cookies base... [510]
15:46:35.765-----------> EGSCreateRateUSDtoPEN.doIt: Cookies F5 BIG-IP integradas: [IAASISTENCIAGESTIONSESSION, TSf3c1dbbd027] [510]
15:46:35.765-----------> EGSCreateRateUSDtoPEN.doIt: Esperando 2500ms para simular comportamiento humano... [510]
15:46:38.266-----------> EGSCreateRateUSDtoPEN.doIt: PASO 2: Transmitiendo consulta JSON mediante mapeo nativo de objetos... [510]
15:46:38.266-----------> EGSCreateRateUSDtoPEN.doIt: Parametros: {anhoConsulta=2026, mode=month, indMes=1, mesConsulta=5} [510]
15:46:38.556-----------> EGSCreateRateUSDtoPEN.doIt: Error detectado en la secuencia: HTTP error fetching URL. Status=400, URL=[https://e-consulta.sunat.gob.pe/cl-at-ittipcam/tcS01Alias/listarTipoCambio] [510]
15:46:38.556-----------> EGSCreateRateUSDtoPEN.doIt: Intento 2 de 5. Reintentando secuencia completa... [510]
15:46:42.556-----------> EGSCreateRateUSDtoPEN.doIt: PASO 1: Sincronizando sesión y cookies base... [510]
15:46:42.942-----------> EGSCreateRateUSDtoPEN.doIt: Cookies F5 BIG-IP integradas: [IAASISTENCIAGESTIONSESSION, TSf3c1dbbd027] [510]
15:46:42.942-----------> EGSCreateRateUSDtoPEN.doIt: Esperando 2500ms para simular comportamiento humano... [510]
15:46:45.443-----------> EGSCreateRateUSDtoPEN.doIt: PASO 2: Transmitiendo consulta JSON mediante mapeo nativo de objetos... [510]
15:46:45.443-----------> EGSCreateRateUSDtoPEN.doIt: Parametros: {anhoConsulta=2026, mode=month, indMes=1, mesConsulta=5} [510]
15:46:45.729-----------> EGSCreateRateUSDtoPEN.doIt: Error detectado en la secuencia: HTTP error fetching URL. Status=400, URL=[https://e-consulta.sunat.gob.pe/cl-at-ittipcam/tcS01Alias/listarTipoCambio] [510]
15:46:45.730-----------> EGSCreateRateUSDtoPEN.doIt: Intento 3 de 5. Reintentando secuencia completa... [510]
15:46:49.730-----------> EGSCreateRateUSDtoPEN.doIt: PASO 1: Sincronizando sesión y cookies base... [510]
15:46:50.151-----------> EGSCreateRateUSDtoPEN.doIt: Cookies F5 BIG-IP integradas: [IAASISTENCIAGESTIONSESSION, TSf3c1dbbd027] [510]
15:46:50.151-----------> EGSCreateRateUSDtoPEN.doIt: Esperando 2500ms para simular comportamiento humano... [510]
15:46:52.651-----------> EGSCreateRateUSDtoPEN.doIt: PASO 2: Transmitiendo consulta JSON mediante mapeo nativo de objetos... [510]
15:46:52.652-----------> EGSCreateRateUSDtoPEN.doIt: Parametros: {anhoConsulta=2026, mode=month, indMes=1, mesConsulta=5} [510]
15:46:52.933-----------> EGSCreateRateUSDtoPEN.doIt: Error detectado en la secuencia: HTTP error fetching URL. Status=400, URL=[https://e-consulta.sunat.gob.pe/cl-at-ittipcam/tcS01Alias/listarTipoCambio] [510]
15:46:52.933-----------> EGSCreateRateUSDtoPEN.doIt: Intento 4 de 5. Reintentando secuencia completa... [510]
15:46:56.934-----------> EGSCreateRateUSDtoPEN.doIt: PASO 1: Sincronizando sesión y cookies base... [510]
15:46:57.363-----------> EGSCreateRateUSDtoPEN.doIt: Cookies F5 BIG-IP integradas: [IAASISTENCIAGESTIONSESSION, TSf3c1dbbd027] [510]
15:46:57.364-----------> EGSCreateRateUSDtoPEN.doIt: Esperando 2500ms para simular comportamiento humano... [510]
15:46:59.864-----------> EGSCreateRateUSDtoPEN.doIt: PASO 2: Transmitiendo consulta JSON mediante mapeo nativo de objetos... [510]
15:46:59.865-----------> EGSCreateRateUSDtoPEN.doIt: Parametros: {anhoConsulta=2026, mode=month, indMes=1, mesConsulta=5} [510]
15:47:00.183-----------> EGSCreateRateUSDtoPEN.doIt: Error detectado en la secuencia: HTTP error fetching URL. Status=400, URL=[https://e-consulta.sunat.gob.pe/cl-at-ittipcam/tcS01Alias/listarTipoCambio] [510]
15:47:00.183-----------> EGSCreateRateUSDtoPEN.doIt: Intento 5 de 5. Reintentando secuencia completa... [510]
15:47:04.183-----------> EGSCreateRateUSDtoPEN.doIt: PASO 1: Sincronizando sesión y cookies base... [510]
15:47:04.735-----------> EGSCreateRateUSDtoPEN.doIt: Cookies F5 BIG-IP integradas: [IAASISTENCIAGESTIONSESSION, TSf3c1dbbd027] [510]
15:47:04.735-----------> EGSCreateRateUSDtoPEN.doIt: Esperando 2500ms para simular comportamiento humano... [510]
15:47:07.236-----------> EGSCreateRateUSDtoPEN.doIt: PASO 2: Transmitiendo consulta JSON mediante mapeo nativo de objetos... [510]
15:47:07.236-----------> EGSCreateRateUSDtoPEN.doIt: Parametros: {anhoConsulta=2026, mode=month, indMes=1, mesConsulta=5} [510]
15:47:07.323-----------> EGSCreateRateUSDtoPEN.doIt: Respuesta cruda del API SUNAT: <html><head><title>Request Rejected</title></head><body>The requested URL was rejected. Please consult with your administrator.<br><br>Your support ID is: 1939715755537529140<br><br><a href='javascript:history.back();'>[Go Back]</a></body></html> [510]
15:47:07.323-----------> EGSCreateRateUSDtoPEN.doIt: El WAF interceptó la firma. Reintentando bucle... [510]
15:47:07.323===========> EGSCreateRateUSDtoPEN.process: No se pudo extraer de forma consistente el tipo de cambio. [510]
UserError: No se pudo extraer de forma consistente el tipo de cambio.
	at com.egssmart.finantials.proccess.EGSCreateRateUSDtoPEN.doIt(Unknown Source)
	at org.compiere.process.SvrProcess.process(Unknown Source)
	at org.compiere.process.SvrProcess.startProcess(Unknown Source)
	at org.adempiere.util.ProcessUtil.startJavaProcess(Unknown Source)
	at org.compiere.apps.AbstractProcessCtl.startProcess(Unknown Source)
	at org.compiere.apps.AbstractProcessCtl.run(Unknown Source)
	at org.adempiere.webui.apps.WProcessCtl.process(Unknown Source)
	at org.adempiere.webui.apps.AbstractProcessDialog$ProcessDialogRunnable.doRun(Unknown Source)
	at org.adempiere.util.ContextRunnable.run(Unknown Source)
	at org.adempiere.webui.apps.DesktopRunnable.run(Unknown Source)
	at java.base/java.util.concurrent.Executors$RunnableAdapter.call(Executors.java:539)

15:48:10.369-----------> PackInApplicationActivator.getFilesToProcess: Processing migration [468]

*** 2026-06-02 15:50:18.528 idempiere Log (CLogFile) ***
