*** 2026-06-02 10:24:43.037 idempiere Log (CLogFile) ***
10:24:43.036 Adempiere.startup: iDempiere(r) Release 14_2026-03-09 -Smart Suite ERP, CRM and SCM- (c) 1999-2026 iDempiere(r); Implementation: iDempiere - Supported by iDempiere community [27]
10:24:43.037 Ini.loadProperties: /home/nextcollege/BDeveloper/idempiere-dev-setup-14/idempiere/idempiere.properties #29 [27]
10:24:43.043-----------> Core.getKeyStore: Encryption with legacy key algorithm DES detected - it is recommended to migrate to a stronger algorithm [27]
10:24:43.631-----------> Activator.createHazelCastInstance: Starting hazelcast with configuration from file hazelcast.xml [27]
10:24:44.172-----------> CPSubsystem: [192.168.0.55]:5701 [adempiere.idempiere14/localhost:5432] [5.3.7] CP Subsystem is not enabled. CP data structures will operate in UNSAFE mode! Please note that UNSAFE mode will not provide strong consistency guarantees. [27]
10:24:44.449-----------> Node: [192.168.0.55]:5701 [adempiere.idempiere14/localhost:5432] [5.3.7] No join method is enabled! Starting standalone. [27]
10:24:44.988-----------> DB.isBuildOK: Build Version Error 

The program assumes build version 14.0.0.qualifier, but database has build version ${env.ADEMPIERE_VERSION} 20080428-1232. 
This is likely to cause hard to fix errors. 
Please contact administrator. [27]
10:24:46.821-----------> EMail.setFrom: you @ company.org: javax.mail.internet.AddressException: Local address contains control or whitespace in string ``you @ company.org'' [27]
10:24:46.826-----------> EMail.addTo: you @ company.org: javax.mail.internet.AddressException: Local address contains control or whitespace in string ``you @ company.org'' [27]
10:24:46.826-----------> EMail.isValid: From is invalid=null [27]
10:24:46.827-----------> EMail.isValid: From is invalid=null [27]
10:24:46.832-----------> MClient.sendEMail: Could NOT Send Email: Server started: iDempiere (nextcollege-G751JT:192.168.0.55) to you @ company.org: Invalid Data (System) [27]
10:24:48.108           LoggedSessionListener.contextInitialized: iDempiere context initialized for 10.3.0.1 [27]
10:26:49.169-----------> PackInApplicationActivator.getFilesToProcess: Processing migration [482]
10:27:42.451-----------> EGSCreateRateUSDtoPEN.doIt: Consultando interfaz pública de SUNAT via GET seguro: 6/2026 [529]
10:27:42.637-----------> EGSCreateRateUSDtoPEN.doIt: Analizando el documento HTML devuelto por la SUNAT... [529]
10:27:42.644===========> EGSCreateRateUSDtoPEN.process: La interfaz de SUNAT no contiene una tabla de datos de cambio para el mes actual. [529]
UserError: La interfaz de SUNAT no contiene una tabla de datos de cambio para el mes actual.
	at com.egssmart.finantials.proccess.EGSCreateRateUSDtoPEN.doIt(Unknown Source)
	at org.compiere.process.SvrProcess.process(Unknown Source)
	at org.compiere.process.SvrProcess.startProcess(Unknown Source)
	at org.adempiere.util.ProcessUtil.startJavaProcess(Unknown Source)
	at org.compiere.apps.AbstractProcessCtl.startProcess(Unknown Source)
	at org.compiere.apps.AbstractProcessCtl.run(Unknown Source)
	at org.adempiere.webui.apps.WProcessCtl.process(Unknown Source)
	at org.adempiere.webui.apps.AbstractProcessDialog$ProcessDialogRunnable.doRun(Unknown Source)
	at org.adempiere.util.ContextRunnable.run(Unknown Source)
	at org.adempiere.webui.apps.DesktopRunnable.run(Unknown Source)
	at java.base/java.util.concurrent.Executors$RunnableAdapter.call(Executors.java:539)


*** 2026-06-02 10:33:21.302 idempiere Log (CLogFile) ***
