*** 2026-05-26 16:11:43.88 idempiere Log (CLogFile) ***
16:11:43.879 Adempiere.startup: iDempiere(r) Release 14_2026-03-09 -Smart Suite ERP, CRM and SCM- (c) 1999-2026 iDempiere(r); Implementation: iDempiere - Supported by iDempiere community [28]
16:11:43.881 Ini.loadProperties: /home/nextcollege/BDeveloper/idempiere-dev-setup-14/idempiere/idempiere.properties #29 [28]
16:11:43.886-----------> Core.getKeyStore: Encryption with legacy key algorithm DES detected - it is recommended to migrate to a stronger algorithm [28]
16:11:44.903-----------> Activator.createHazelCastInstance: Starting hazelcast with configuration from file hazelcast.xml [28]
16:11:45.555-----------> CPSubsystem: [192.168.1.236]:5701 [adempiere.idempiere14/localhost:5432] [5.3.7] CP Subsystem is not enabled. CP data structures will operate in UNSAFE mode! Please note that UNSAFE mode will not provide strong consistency guarantees. [28]
16:11:45.864-----------> Node: [192.168.1.236]:5701 [adempiere.idempiere14/localhost:5432] [5.3.7] No join method is enabled! Starting standalone. [28]
16:11:45.976-----------> DB.isBuildOK: Build Version Error 

The program assumes build version 14.0.0.qualifier, but database has build version ${env.ADEMPIERE_VERSION} 20080428-1232. 
This is likely to cause hard to fix errors. 
Please contact administrator. [28]
16:11:47.773-----------> EMail.setFrom: you @ company.org: javax.mail.internet.AddressException: Local address contains control or whitespace in string ``you @ company.org'' [28]
16:11:47.777-----------> EMail.addTo: you @ company.org: javax.mail.internet.AddressException: Local address contains control or whitespace in string ``you @ company.org'' [28]
16:11:47.778-----------> EMail.isValid: From is invalid=null [28]
16:11:47.778-----------> EMail.isValid: From is invalid=null [28]
16:11:47.782-----------> MClient.sendEMail: Could NOT Send Email: Server started: iDempiere (nextcollege-G751JT:192.168.1.236) to you @ company.org: Invalid Data (System) [28]
16:11:49.114           LoggedSessionListener.contextInitialized: iDempiere context initialized for 10.3.0.1 [28]
16:12:12.612-----------> MRole.getProcessAccess: Role System Administrator has assigned access incompatible process Asset Parent Report [425]
16:12:12.613-----------> MRole.getProcessAccess: Role System Administrator has assigned access incompatible process Asset Group Defaults [425]
16:12:12.614-----------> MRole.getProcessAccess: Role System Administrator has assigned access incompatible process Depreciation Table [425]
16:12:12.615-----------> MRole.getProcessAccess: Role System Administrator has assigned access incompatible process Asset Convention Report [425]
16:12:12.616-----------> MRole.getProcessAccess: Role System Administrator has assigned access incompatible process Asset Depreciation Method [425]
16:13:50.354-----------> PackInApplicationActivator.getFilesToProcess: Processing migration [505]

*** 2026-05-26 16:22:19.347 idempiere Log (CLogFile) ***
