*** 2026-05-26 14:08:20.283 idempiere Log (CLogFile) ***
14:08:20.282 Adempiere.startup: iDempiere(r) Release 14_2026-03-09 -Smart Suite ERP, CRM and SCM- (c) 1999-2026 iDempiere(r); Implementation: iDempiere - Supported by iDempiere community [28]
14:08:20.284 Ini.loadProperties: /home/nextcollege/BDeveloper/idempiere-dev-setup-14/idempiere/idempiere.properties #29 [28]
14:08:20.290-----------> Core.getKeyStore: Encryption with legacy key algorithm DES detected - it is recommended to migrate to a stronger algorithm [28]
14:08:21.230-----------> Activator.createHazelCastInstance: Starting hazelcast with configuration from file hazelcast.xml [28]
14:08:21.829-----------> CPSubsystem: [192.168.1.236]:5701 [adempiere.idempiere14/localhost:5432] [5.3.7] CP Subsystem is not enabled. CP data structures will operate in UNSAFE mode! Please note that UNSAFE mode will not provide strong consistency guarantees. [28]
14:08:22.185-----------> Node: [192.168.1.236]:5701 [adempiere.idempiere14/localhost:5432] [5.3.7] No join method is enabled! Starting standalone. [28]
14:08:22.304-----------> DB.isBuildOK: Build Version Error 

The program assumes build version 14.0.0.qualifier, but database has build version ${env.ADEMPIERE_VERSION} 20080428-1232. 
This is likely to cause hard to fix errors. 
Please contact administrator. [28]
14:08:24.430-----------> EMail.setFrom: you @ company.org: javax.mail.internet.AddressException: Local address contains control or whitespace in string ``you @ company.org'' [28]
14:08:24.435-----------> EMail.addTo: you @ company.org: javax.mail.internet.AddressException: Local address contains control or whitespace in string ``you @ company.org'' [28]
14:08:24.435-----------> EMail.isValid: From is invalid=null [28]
14:08:24.435-----------> EMail.isValid: From is invalid=null [28]
14:08:24.441-----------> MClient.sendEMail: Could NOT Send Email: Server started: iDempiere (nextcollege-G751JT:192.168.1.236) to you @ company.org: Invalid Data (System) [28]
14:08:26.265           LoggedSessionListener.contextInitialized: iDempiere context initialized for 10.3.0.1 [28]
14:08:48.202-----------> DefaultModelFactory.getClass: No class for table with it entity: lpe_purchase_proposal [503]
14:10:27.798-----------> PackInApplicationActivator.getFilesToProcess: Processing migration [473]
15:28:02.770-----------> Msg.getMsg: NOT found: El registro ya existe [396]

*** 2026-05-26 15:31:29.669 idempiere Log (CLogFile) ***
