*** 2026-05-23 22:46:31.688 idempiere Log (CLogFile) ***
22:46:31.686 Adempiere.startup: iDempiere(r) Release 14_2026-03-09 -Smart Suite ERP, CRM and SCM- (c) 1999-2026 iDempiere(r); Implementation: iDempiere - Supported by iDempiere community [28]
22:46:31.689 Ini.loadProperties: /home/nextcollege/BDeveloper/idempiere-dev-setup-14/idempiere/idempiere.properties #29 [28]
22:46:31.697-----------> Core.getKeyStore: Encryption with legacy key algorithm DES detected - it is recommended to migrate to a stronger algorithm [28]
22:46:31.716 AnnotationBasedModelFactory.lambda$0: AnnotationBasedModelFactory loaded 741 classes in 2.231s [37]
22:46:32.726-----------> Activator.createHazelCastInstance: Starting hazelcast with configuration from file hazelcast.xml [28]
22:46:33.328-----------> CPSubsystem: [192.168.1.236]:5701 [adempiere.idempiere14/localhost:5432] [5.3.7] CP Subsystem is not enabled. CP data structures will operate in UNSAFE mode! Please note that UNSAFE mode will not provide strong consistency guarantees. [28]
22:46:33.676-----------> Node: [192.168.1.236]:5701 [adempiere.idempiere14/localhost:5432] [5.3.7] No join method is enabled! Starting standalone. [28]
22:46:33.828-----------> DB.isBuildOK: Build Version Error 

The program assumes build version 14.0.0.qualifier, but database has build version ${env.ADEMPIERE_VERSION} 20080428-1232. 
This is likely to cause hard to fix errors. 
Please contact administrator. [28]
22:46:35.942-----------> EMail.setFrom: you @ company.org: javax.mail.internet.AddressException: Local address contains control or whitespace in string ``you @ company.org'' [28]
22:46:35.946-----------> EMail.addTo: you @ company.org: javax.mail.internet.AddressException: Local address contains control or whitespace in string ``you @ company.org'' [28]
22:46:35.946-----------> EMail.isValid: From is invalid=null [28]
22:46:35.947-----------> EMail.isValid: From is invalid=null [28]
22:46:35.951-----------> MClient.sendEMail: Could NOT Send Email: Server started: iDempiere (nextcollege-G751JT:192.168.1.236) to you @ company.org: Invalid Data (System) [28]
22:46:37.512           LoggedSessionListener.contextInitialized: iDempiere context initialized for 10.3.0.1 [28]
22:47:56.067===========> WRecordInfo.dynInit: SELECT AD_Column_ID, Updated, UpdatedBy, OldValue, NewValue FROM AD_ChangeLog WHERE AD_Table_ID=? AND (Record_ID=? OR Record_UU=?) ORDER BY Updated DESC [371]
org.postgresql.util.PSQLException: ERROR: la sintaxis de entrada no es válida para tipo uuid: «»
  Where: portal sin nombre, parámetro 3 = ''; State=22P02; ErrorCode=0
	at org.postgresql.core.v3.QueryExecutorImpl.receiveErrorResponse(QueryExecutorImpl.java:2736)
	at org.postgresql.core.v3.QueryExecutorImpl.processResults(QueryExecutorImpl.java:2421)
	at org.postgresql.core.v3.QueryExecutorImpl.execute(QueryExecutorImpl.java:372)
	at org.postgresql.jdbc.PgStatement.executeInternal(PgStatement.java:525)
	at org.postgresql.jdbc.PgStatement.execute(PgStatement.java:435)
	at org.postgresql.jdbc.PgPreparedStatement.executeWithFlags(PgPreparedStatement.java:196)
	at org.postgresql.jdbc.PgPreparedStatement.executeQuery(PgPreparedStatement.java:139)
	at com.zaxxer.hikari.pool.ProxyPreparedStatement.executeQuery(ProxyPreparedStatement.java:52)
	at com.zaxxer.hikari.pool.HikariProxyPreparedStatement.executeQuery(HikariProxyPreparedStatement.java)
	at jdk.internal.reflect.GeneratedMethodAccessor28.invoke(Unknown Source)
	at java.base/jdk.internal.reflect.DelegatingMethodAccessorImpl.invoke(DelegatingMethodAccessorImpl.java:43)
	at java.base/java.lang.reflect.Method.invoke(Method.java:569)
	at org.compiere.db.StatementProxy.invoke(Unknown Source)
	at jdk.proxy2/jdk.proxy2.$Proxy15.executeQuery(Unknown Source)
	at org.adempiere.webui.window.WRecordInfo.dynInit(Unknown Source)
	at org.adempiere.webui.window.WRecordInfo.<init>(Unknown Source)
	at org.adempiere.webui.adwindow.BreadCrumb.onEvent(Unknown Source)
	at org.zkoss.zk.ui.AbstractComponent.onEvent(AbstractComponent.java:3171)
	at org.zkoss.zk.ui.AbstractComponent.service(AbstractComponent.java:3141)
	at org.zkoss.zk.ui.AbstractComponent.service(AbstractComponent.java:3083)
	at org.zkoss.zk.ui.impl.EventProcessor.process(EventProcessor.java:138)

22:48:07.586-----------> GridTable.saveWarning: FillMandatory - Tabla
 [371]
22:48:38.755-----------> PackInApplicationActivator.getFilesToProcess: Processing migration [489]
22:52:21.147-----------> Msg.getMsg: NOT found: El registro actual fue cambiado por otro usuario, por favor refresque [524]
23:01:20.112-----------> GridTable.saveWarning: FillMandatory - Tabla
 [365]
23:03:32.714===========> WRecordInfo.dynInit: SELECT AD_Column_ID, Updated, UpdatedBy, OldValue, NewValue FROM AD_ChangeLog WHERE AD_Table_ID=? AND (Record_ID=? OR Record_UU=?) ORDER BY Updated DESC [371]
org.postgresql.util.PSQLException: ERROR: la sintaxis de entrada no es válida para tipo uuid: «»
  Where: portal sin nombre, parámetro 3 = ''; State=22P02; ErrorCode=0
	at org.postgresql.core.v3.QueryExecutorImpl.receiveErrorResponse(QueryExecutorImpl.java:2736)
	at org.postgresql.core.v3.QueryExecutorImpl.processResults(QueryExecutorImpl.java:2421)
	at org.postgresql.core.v3.QueryExecutorImpl.execute(QueryExecutorImpl.java:372)
	at org.postgresql.jdbc.PgStatement.executeInternal(PgStatement.java:525)
	at org.postgresql.jdbc.PgStatement.execute(PgStatement.java:435)
	at org.postgresql.jdbc.PgPreparedStatement.executeWithFlags(PgPreparedStatement.java:196)
	at org.postgresql.jdbc.PgPreparedStatement.executeQuery(PgPreparedStatement.java:139)
	at com.zaxxer.hikari.pool.ProxyPreparedStatement.executeQuery(ProxyPreparedStatement.java:52)
	at com.zaxxer.hikari.pool.HikariProxyPreparedStatement.executeQuery(HikariProxyPreparedStatement.java)
	at jdk.internal.reflect.GeneratedMethodAccessor28.invoke(Unknown Source)
	at java.base/jdk.internal.reflect.DelegatingMethodAccessorImpl.invoke(DelegatingMethodAccessorImpl.java:43)
	at java.base/java.lang.reflect.Method.invoke(Method.java:569)
	at org.compiere.db.StatementProxy.invoke(Unknown Source)
	at jdk.proxy2/jdk.proxy2.$Proxy15.executeQuery(Unknown Source)
	at org.adempiere.webui.window.WRecordInfo.dynInit(Unknown Source)
	at org.adempiere.webui.window.WRecordInfo.<init>(Unknown Source)
	at org.adempiere.webui.adwindow.BreadCrumb.onEvent(Unknown Source)
	at org.zkoss.zk.ui.AbstractComponent.onEvent(AbstractComponent.java:3171)
	at org.zkoss.zk.ui.AbstractComponent.service(AbstractComponent.java:3141)
	at org.zkoss.zk.ui.AbstractComponent.service(AbstractComponent.java:3083)
	at org.zkoss.zk.ui.impl.EventProcessor.process(EventProcessor.java:138)

23:04:05.359-----------> GridTable.saveWarning: FillMandatory - Tabla
 [410]
23:04:08.933-----------> GridTable.saveWarning: FillMandatory - Tabla
 [410]
23:07:41.980===========> GridTable.dataDelete: Delete [412]
org.adempiere.exceptions.DBException: org.postgresql.util.PSQLException: ERROR: la sintaxis de entrada no es válida para tipo uuid: «»
  Where: portal sin nombre, parámetro 2 = ''
	at org.compiere.util.DB.getSQLValueEx(Unknown Source)
	at org.compiere.model.PO_Record.exists(Unknown Source)
	at org.compiere.model.PO.delete(Unknown Source)
	at org.compiere.model.GridTable.dataDelete(Unknown Source)
	at org.compiere.model.GridTab.dataDelete(Unknown Source)
	at org.adempiere.webui.adwindow.AbstractADWindowContent$36.onCallback(Unknown Source)
	at org.adempiere.webui.adwindow.AbstractADWindowContent$36.onCallback(Unknown Source)
	at org.adempiere.webui.window.Dialog$1.onCallback(Unknown Source)
	at org.adempiere.webui.window.Dialog$1.onCallback(Unknown Source)
	at org.adempiere.webui.component.Messagebox.onPageDetached(Unknown Source)
	at org.zkoss.zk.ui.AbstractComponent.setPage0(AbstractComponent.java:525)
caused by: org.postgresql.util.PSQLException: ERROR: la sintaxis de entrada no es válida para tipo uuid: «»
  Where: portal sin nombre, parámetro 2 = ''; State=22P02; ErrorCode=0
	at org.postgresql.core.v3.QueryExecutorImpl.receiveErrorResponse(QueryExecutorImpl.java:2736)
	at org.postgresql.core.v3.QueryExecutorImpl.processResults(QueryExecutorImpl.java:2421)
	at org.postgresql.core.v3.QueryExecutorImpl.execute(QueryExecutorImpl.java:372)
	at org.postgresql.jdbc.PgStatement.executeInternal(PgStatement.java:525)
	at org.postgresql.jdbc.PgStatement.execute(PgStatement.java:435)
	at org.postgresql.jdbc.PgPreparedStatement.executeWithFlags(PgPreparedStatement.java:196)
	at org.postgresql.jdbc.PgPreparedStatement.executeQuery(PgPreparedStatement.java:139)
	at com.zaxxer.hikari.pool.ProxyPreparedStatement.executeQuery(ProxyPreparedStatement.java:52)
	at com.zaxxer.hikari.pool.HikariProxyPreparedStatement.executeQuery(HikariProxyPreparedStatement.java)
	at jdk.internal.reflect.GeneratedMethodAccessor28.invoke(Unknown Source)
	at java.base/jdk.internal.reflect.DelegatingMethodAccessorImpl.invoke(DelegatingMethodAccessorImpl.java:43)
	at java.base/java.lang.reflect.Method.invoke(Method.java:569)
	at org.compiere.db.StatementProxy.invoke(Unknown Source)
	at jdk.proxy2/jdk.proxy2.$Proxy15.executeQuery(Unknown Source)
	at org.compiere.util.DB.getSQLValueEx(Unknown Source)
	at org.compiere.model.PO_Record.exists(Unknown Source)
	at org.compiere.model.PO.delete(Unknown Source)
	at org.compiere.model.GridTable.dataDelete(Unknown Source)
	at org.compiere.model.GridTab.dataDelete(Unknown Source)
	at org.adempiere.webui.adwindow.AbstractADWindowContent$36.onCallback(Unknown Source)
	at org.adempiere.webui.adwindow.AbstractADWindowContent$36.onCallback(Unknown Source)
	at org.adempiere.webui.window.Dialog$1.onCallback(Unknown Source)
	at org.adempiere.webui.window.Dialog$1.onCallback(Unknown Source)
	at org.adempiere.webui.component.Messagebox.onPageDetached(Unknown Source)

23:07:41.984-----------> GridTable.saveWarning: DeleteError -  [412]
23:16:40.990-----------> GridTable.saveWarning: FillMandatory - Tabla
 [412]
23:31:32.606-----------> GridTable.saveWarning: FillMandatory - Tabla
 [524]
23:31:44.335-----------> GridTable.saveWarning: FillMandatory - Tabla
 [808]

*** 2026-05-24 03:47:40.586 idempiere Log (CLogFile) ***
