*** 2026-06-06 23:04:13.982 idempiere Log (CLogFile) ***
23:04:13.980 Adempiere.startup: iDempiere(r) Release 14_2026-03-09 -Smart Suite ERP, CRM and SCM- (c) 1999-2026 iDempiere(r); Implementation: iDempiere - Supported by iDempiere community [27]
23:04:13.983 Ini.loadProperties: /home/nextcollege/BDeveloper/idempiere-dev-setup-14/idempiere/idempiere.properties #29 [27]
23:04:13.992-----------> Core.getKeyStore: Encryption with legacy key algorithm DES detected - it is recommended to migrate to a stronger algorithm [27]
23:04:14.518-----------> Activator.createHazelCastInstance: Starting hazelcast with configuration from file hazelcast.xml [27]
23:04:15.284-----------> CPSubsystem: [192.168.1.236]:5701 [adempiere.idempiere14/localhost:5432] [5.3.7] CP Subsystem is not enabled. CP data structures will operate in UNSAFE mode! Please note that UNSAFE mode will not provide strong consistency guarantees. [27]
23:04:15.745-----------> Node: [192.168.1.236]:5701 [adempiere.idempiere14/localhost:5432] [5.3.7] No join method is enabled! Starting standalone. [27]
23:04:16.396-----------> DB.isBuildOK: Build Version Error 

The program assumes build version 14.0.0.qualifier, but database has build version ${env.ADEMPIERE_VERSION} 20080428-1232. 
This is likely to cause hard to fix errors. 
Please contact administrator. [27]
23:04:18.563-----------> EMail.setFrom: you @ company.org: javax.mail.internet.AddressException: Local address contains control or whitespace in string ``you @ company.org'' [27]
23:04:18.567-----------> EMail.addTo: you @ company.org: javax.mail.internet.AddressException: Local address contains control or whitespace in string ``you @ company.org'' [27]
23:04:18.568-----------> EMail.isValid: From is invalid=null [27]
23:04:18.568-----------> EMail.isValid: From is invalid=null [27]
23:04:18.573-----------> MClient.sendEMail: Could NOT Send Email: Server started: iDempiere (nextcollege-G751JT:192.168.1.236) to you @ company.org: Invalid Data (System) [27]
23:04:19.941           LoggedSessionListener.contextInitialized: iDempiere context initialized for 10.3.0.1 [27]
23:04:20.129-----------> TimeZoneDataBaseVersionChecker.init: Time zone data version mismatch detected:
 - Client (moment.js) tzdb version: 2025b
 - Server (JDK) tzdb version: 2026a
Date and time values may be incorrect if time zone rules differ.
To resolve, update the moment-timezone data on the client and/or the JDK time zone data (TZUpdater or Java update) on the server so both use the same version. [27]
23:05:30.157-----------> EGSCreateRateUSDtoBs.doIt: Fecha Valor: Martes, 09 Junio 2026 [513]
23:05:30.162-----------> EGSCreateRateUSDtoBs.doIt: Tipo de cambio USD: 567,68280000 [513]
23:05:30.167-----------> EGSCreateRateUSDtoBs.handleExchangeRate: Ya existe una tasa de conversión creada para el día de hoy. [513]
23:05:30.169===========> EGSCreateRateUSDtoBs.process: Ya existe una tasa de conversión creada para el día de hoy. [513]
org.adempiere.exceptions.AdempiereException: Ya existe una tasa de conversión creada para el día de hoy.
	at com.egssmart.finantials.proccess.EGSCreateRateUSDtoBs.handleExchangeRate(Unknown Source)
	at com.egssmart.finantials.proccess.EGSCreateRateUSDtoBs.doIt(Unknown Source)
	at org.compiere.process.SvrProcess.process(Unknown Source)
	at org.compiere.process.SvrProcess.startProcess(Unknown Source)
	at org.adempiere.util.ProcessUtil.startJavaProcess(Unknown Source)
	at org.compiere.apps.AbstractProcessCtl.startProcess(Unknown Source)
	at org.compiere.apps.AbstractProcessCtl.run(Unknown Source)
	at org.adempiere.webui.apps.WProcessCtl.process(Unknown Source)
	at org.adempiere.webui.apps.AbstractProcessDialog$ProcessDialogRunnable.doRun(Unknown Source)
	at org.adempiere.util.ContextRunnable.run(Unknown Source)
	at org.adempiere.webui.apps.DesktopRunnable.run(Unknown Source)

23:05:36.347-----------> EGSCreateRateEURtoBs.doIt: Fecha Valor: Martes, 09 Junio 2026 [520]
23:05:36.349-----------> EGSCreateRateEURtoBs.doIt: Tipo de cambio EUR: 655,38411577 [520]
23:05:36.353-----------> EGSCreateRateEURtoBs.handleExchangeRate: Ya existe una tasa de conversión creada para el día de hoy. [520]
23:05:36.353===========> EGSCreateRateEURtoBs.process: Ya existe una tasa de conversión creada para el día de hoy. [520]
org.adempiere.exceptions.AdempiereException: Ya existe una tasa de conversión creada para el día de hoy.
	at com.egssmart.finantials.proccess.EGSCreateRateEURtoBs.handleExchangeRate(Unknown Source)
	at com.egssmart.finantials.proccess.EGSCreateRateEURtoBs.doIt(Unknown Source)
	at org.compiere.process.SvrProcess.process(Unknown Source)
	at org.compiere.process.SvrProcess.startProcess(Unknown Source)
	at org.adempiere.util.ProcessUtil.startJavaProcess(Unknown Source)
	at org.compiere.apps.AbstractProcessCtl.startProcess(Unknown Source)
	at org.compiere.apps.AbstractProcessCtl.run(Unknown Source)
	at org.adempiere.webui.apps.WProcessCtl.process(Unknown Source)
	at org.adempiere.webui.apps.AbstractProcessDialog$ProcessDialogRunnable.doRun(Unknown Source)
	at org.adempiere.util.ContextRunnable.run(Unknown Source)
	at org.adempiere.webui.apps.DesktopRunnable.run(Unknown Source)

23:06:21.120-----------> PackInApplicationActivator.getFilesToProcess: Processing migration [459]

*** 2026-06-07 01:00:13.91 idempiere Log (CLogFile) ***
