*** 2026-06-02 20:24:48.863 idempiere Log (CLogFile) ***
20:24:48.862 Adempiere.startup: iDempiere(r) Release 14_2026-03-09 -Smart Suite ERP, CRM and SCM- (c) 1999-2026 iDempiere(r); Implementation: iDempiere - Supported by iDempiere community [27]
20:24:48.863 Ini.loadProperties: /home/nextcollege/BDeveloper/idempiere-dev-setup-14/idempiere/idempiere.properties #29 [27]
20:24:48.869-----------> Core.getKeyStore: Encryption with legacy key algorithm DES detected - it is recommended to migrate to a stronger algorithm [27]
20:24:49.359-----------> Activator.createHazelCastInstance: Starting hazelcast with configuration from file hazelcast.xml [27]
20:24:49.924-----------> CPSubsystem: [192.168.0.55]:5701 [adempiere.idempiere14/localhost:5432] [5.3.7] CP Subsystem is not enabled. CP data structures will operate in UNSAFE mode! Please note that UNSAFE mode will not provide strong consistency guarantees. [27]
20:24:50.224-----------> Node: [192.168.0.55]:5701 [adempiere.idempiere14/localhost:5432] [5.3.7] No join method is enabled! Starting standalone. [27]
20:24:50.768-----------> DB.isBuildOK: Build Version Error 

The program assumes build version 14.0.0.qualifier, but database has build version ${env.ADEMPIERE_VERSION} 20080428-1232. 
This is likely to cause hard to fix errors. 
Please contact administrator. [27]
20:24:52.623-----------> EMail.setFrom: you @ company.org: javax.mail.internet.AddressException: Local address contains control or whitespace in string ``you @ company.org'' [27]
20:24:52.627-----------> EMail.addTo: you @ company.org: javax.mail.internet.AddressException: Local address contains control or whitespace in string ``you @ company.org'' [27]
20:24:52.627-----------> EMail.isValid: From is invalid=null [27]
20:24:52.627-----------> EMail.isValid: From is invalid=null [27]
20:24:52.631-----------> MClient.sendEMail: Could NOT Send Email: Server started: iDempiere (nextcollege-G751JT:192.168.0.55) to you @ company.org: Invalid Data (System) [27]
20:24:53.959           LoggedSessionListener.contextInitialized: iDempiere context initialized for 10.3.0.1 [27]
20:24:54.151-----------> TimeZoneDataBaseVersionChecker.init: Time zone data version mismatch detected:
 - Client (moment.js) tzdb version: 2025b
 - Server (JDK) tzdb version: 2026a
Date and time values may be incorrect if time zone rules differ.
To resolve, update the moment-timezone data on the client and/or the JDK time zone data (TZUpdater or Java update) on the server so both use the same version. [27]
20:25:39.122-----------> EGSCreateRateUSDtoPEN.doIt: PASO 1: Abriendo canal seguro y capturando contexto... [453]
20:25:39.225-----------> EGSCreateRateUSDtoPEN.doIt: Cookies validadas: [TS61ff7286027=08d0cd49b8ab20006ff30c42392c20cbe681ae620744297da0ce44e9b88a7c34dd49a2a185ac3ed9084cbb6ee71130005c31f32dba2744e563437d937c91ed255262714b4a8a4d74f7ea90bd2a79f67fad44ccc6742e5c1d0251be22bbc11576; TS0105b0c6=019edc9eb818d0d899406ee64a0749a4eb9d3f9279d096afd2fc533765b8911b8389b7cd0fab5214b30ffe4b83b011dacaf3e768c25bf0d770d6a699c0d906327bdde11ef9; IAASISTENCIAGESTIONSESSION=wQmLFg8O7SwwVdXNV80cWrkPBu8FRfGQ4gd_MznR4iHgLskvNlwafQsYKvhixD5QuD0rYuUpEZtyBFDiSiijk_g7RanlUmtF02wy_GgEKFhW-Y6JsQcyLHyAuKl7UjtPyaj06CUbQkE65bkWx3a9nXoppCp_9acuCpmIlIP8wVgCCaz4KVfY9TuZRkiZ75DGZbJfzkD4SDoJLiRpn0mqkMYjvUOcfTeYbxcJ1xglIhm4FsG4_mt73JjC5hmYcFhB!-1926820799!1093042530] [453]
20:25:39.226-----------> EGSCreateRateUSDtoPEN.doIt: Esperando estabilización de canal perimetral... [453]
20:25:42.226-----------> EGSCreateRateUSDtoPEN.doIt: PASO 2: Transmitiendo consulta via Context Header Injection... [453]
20:25:42.227-----------> EGSCreateRateUSDtoPEN.doIt: URL Destino: https://e-consulta.sunat.gob.pe/cl-at-ittipcam/tcS01Alias/listarTipoCambio [453]
20:25:42.227-----------> EGSCreateRateUSDtoPEN.doIt: Contexto de consulta inyectado en Headers: [2026-06] [453]
20:25:42.261-----------> EGSCreateRateUSDtoPEN.doIt: Respuesta HTTP del Servidor: 200 [453]
20:25:42.262-----------> EGSCreateRateUSDtoPEN.doIt: Respuesta cruda del API SUNAT: [] [453]
20:25:42.262-----------> EGSCreateRateUSDtoPEN.doIt: Listado vacío para el periodo seleccionado (6/2026). [453]
20:25:42.262-----------> EGSCreateRateUSDtoPEN.doIt: Ejecutando contingencia: Solicitando mes anterior. [453]
20:25:42.262-----------> EGSCreateRateUSDtoPEN.doIt: Intento 2 de 5. Reintentando secuencia completa... [453]
20:25:46.262-----------> EGSCreateRateUSDtoPEN.doIt: PASO 1: Abriendo canal seguro y capturando contexto... [453]
20:25:46.289-----------> EGSCreateRateUSDtoPEN.doIt: Cookies validadas: [TS61ff7286027=08d0cd49b8ab20006d98cce5bd5713d52082b11b61c4c4a412f08978d8226bb3bdbbac9fdf93a31e08ea90e6021130008b16ecf73e60ca7f93f7405605c03839a3f81e70e9220cf3a6adcc3bb5639e1042864b58d76b7ed8fc4754957d8e476e; TS0105b0c6=019edc9eb8acb21da227e226b17fab4412f740616f39d2b080271f70298f8368b25c1b306362d840cd4323fa209e587c4c72e4beaeb3134ef8367c0113b158e8878fda79a8; IAASISTENCIAGESTIONSESSION=WJeLFiqnlHuYG0ihaRpCgqrAPPEp4wBqax7i55ePtdLVrSwMaTQLnC66hxEHAJCfMnZhDTrGuiOweo9Jaz328LXNZD4jMWzPdocjoavmai_8wjnG-Oyxrt78C6KGdsfxombnd21X7JpBBQLsPXYOG4OhWj0jhLfsV_-xb9ZB0_l2lQpLhM4WTt3EfVAj7dXFbsWNWTmWautwRXJNucvzcbFNgCdaUcwm7zQ180HDD-S_pyiRznEnaEhB_Cn8YIjH!-1926820799!1093042530] [453]
20:25:46.290-----------> EGSCreateRateUSDtoPEN.doIt: Esperando estabilización de canal perimetral... [453]
20:25:49.290-----------> EGSCreateRateUSDtoPEN.doIt: PASO 2: Transmitiendo consulta via Context Header Injection... [453]
20:25:49.290-----------> EGSCreateRateUSDtoPEN.doIt: URL Destino: https://e-consulta.sunat.gob.pe/cl-at-ittipcam/tcS01Alias/listarTipoCambio [453]
20:25:49.291-----------> EGSCreateRateUSDtoPEN.doIt: Contexto de consulta inyectado en Headers: [2026-05] [453]
20:25:49.321-----------> EGSCreateRateUSDtoPEN.doIt: Respuesta HTTP del Servidor: 200 [453]
20:25:49.322-----------> EGSCreateRateUSDtoPEN.doIt: Respuesta cruda del API SUNAT: [] [453]
20:25:49.322-----------> EGSCreateRateUSDtoPEN.doIt: Listado vacío para el periodo seleccionado (5/2026). [453]
20:25:49.322-----------> EGSCreateRateUSDtoPEN.doIt: Ejecutando contingencia: Solicitando mes anterior. [453]
20:25:49.322-----------> EGSCreateRateUSDtoPEN.doIt: Intento 3 de 5. Reintentando secuencia completa... [453]
20:25:53.322-----------> EGSCreateRateUSDtoPEN.doIt: PASO 1: Abriendo canal seguro y capturando contexto... [453]
20:25:53.348-----------> EGSCreateRateUSDtoPEN.doIt: Cookies validadas: [TS61ff7286027=08d0cd49b8ab20008017de85548a114ec5de598b256d67025cdfd092459de217573db3379a375989088cc025d91130008326d7791c18f62ef5944f016fb339020f7202f071d4dcfc45a5782c77594ce39f0a55b8f5c7783472f5803c0b62e003; TS0105b0c6=019edc9eb877709e997b0944438e0f1ace7d6a3980dacfc055902117dd54782aa9bc062dccfe48067c5f3a8481b62ef648985538393183a5cf302976e4cbe1ec4ddf2f2c34; IAASISTENCIAGESTIONSESSION=QdOLFkY518jFEk3vxWJMxpA9HAZcWwu5xkUEMWAVVaGECN5-7l8geLm3pUJK9XGp5jW9r1DabP0F73Hl3dqTsnRLbe-8HrT9h_sq7TTxtDSaikUp0mwuXC_y2S8G8iPfM6VfkQVumm9hCMVX3EAPhKM920sxBrBHgWukH1RXk3HLyfFgj9I9DdPRGXWKRnI7JePPN633Jwl4LUrMpsfAdxlUoWgBrWAzw9CnyoQTVg_nALhtJAVrv-JBc0yU6jVF!-1926820799!1093042530] [453]
20:25:53.349-----------> EGSCreateRateUSDtoPEN.doIt: Esperando estabilización de canal perimetral... [453]
20:25:56.349-----------> EGSCreateRateUSDtoPEN.doIt: PASO 2: Transmitiendo consulta via Context Header Injection... [453]
20:25:56.349-----------> EGSCreateRateUSDtoPEN.doIt: URL Destino: https://e-consulta.sunat.gob.pe/cl-at-ittipcam/tcS01Alias/listarTipoCambio [453]
20:25:56.350-----------> EGSCreateRateUSDtoPEN.doIt: Contexto de consulta inyectado en Headers: [2026-04] [453]
20:25:56.376-----------> EGSCreateRateUSDtoPEN.doIt: Respuesta HTTP del Servidor: 200 [453]
20:25:56.377-----------> EGSCreateRateUSDtoPEN.doIt: Respuesta cruda del API SUNAT: [] [453]
20:25:56.377-----------> EGSCreateRateUSDtoPEN.doIt: Listado vacío para el periodo seleccionado (4/2026). [453]
20:25:56.377-----------> EGSCreateRateUSDtoPEN.doIt: Ejecutando contingencia: Solicitando mes anterior. [453]
20:25:56.377-----------> EGSCreateRateUSDtoPEN.doIt: Intento 4 de 5. Reintentando secuencia completa... [453]
20:26:00.378-----------> EGSCreateRateUSDtoPEN.doIt: PASO 1: Abriendo canal seguro y capturando contexto... [453]
20:26:00.407-----------> EGSCreateRateUSDtoPEN.doIt: Cookies validadas: [TS61ff7286027=08d0cd49b8ab200060acee711deb6d0ce9885f0b1ca7a159c7e1f7fce280715458cc12cedb96ebd0088e9f2baa113000151f4426c3def225c9f2916b957a06d1a0b3daba0e7f13e7ea29d6aa114d9a2a550da2b2d4934e58ade2be3f2669acca; TS0105b0c6=019edc9eb81e42dec15a7baf4d74f39bbf7d719f9324343bdf46c51da2d66ecb7bad2eb57d9c347629e6baa0e8f1cb0adb0132d131e2f0540b7ff126cf6a3d296d8e29a08d; IAASISTENCIAGESTIONSESSION=V3aLFmHKWg6vMamsG1EwgyGatVSA8lNQgf-zsXAQCQjBvSfB0StGP2MzwYCBRp8skWgoW68Y3Mw12JrsRpDg9cTZZrcwQ8ZiM7EPP2o4Z8hMVccCgosBok-fETHo_OFKia_uNfrnwAf4iVg9MqKiQZQEp4c2xy9zNrnBNq8cGlMvvJjYTmJKyosppVWUc-WBKGEK8EYcLDT1pZIH1bqg6lL8rHao3ATN0tZZ2Jif6MNI9bWIj3qi5RepxlXOUqqR!-1926820799!1093042530] [453]
20:26:00.409-----------> EGSCreateRateUSDtoPEN.doIt: Esperando estabilización de canal perimetral... [453]
20:26:03.409-----------> EGSCreateRateUSDtoPEN.doIt: PASO 2: Transmitiendo consulta via Context Header Injection... [453]
20:26:03.410-----------> EGSCreateRateUSDtoPEN.doIt: URL Destino: https://e-consulta.sunat.gob.pe/cl-at-ittipcam/tcS01Alias/listarTipoCambio [453]
20:26:03.410-----------> EGSCreateRateUSDtoPEN.doIt: Contexto de consulta inyectado en Headers: [2026-03] [453]
20:26:03.442-----------> EGSCreateRateUSDtoPEN.doIt: Respuesta HTTP del Servidor: 200 [453]
20:26:03.442-----------> EGSCreateRateUSDtoPEN.doIt: Respuesta cruda del API SUNAT: [] [453]
20:26:03.443-----------> EGSCreateRateUSDtoPEN.doIt: Listado vacío para el periodo seleccionado (3/2026). [453]
20:26:03.443-----------> EGSCreateRateUSDtoPEN.doIt: Ejecutando contingencia: Solicitando mes anterior. [453]
20:26:03.443-----------> EGSCreateRateUSDtoPEN.doIt: Intento 5 de 5. Reintentando secuencia completa... [453]
20:26:07.443-----------> EGSCreateRateUSDtoPEN.doIt: PASO 1: Abriendo canal seguro y capturando contexto... [453]
20:26:07.469-----------> EGSCreateRateUSDtoPEN.doIt: Cookies validadas: [TS61ff7286027=08d0cd49b8ab2000cf66f94ed45fccf06dcb45ee978411c8d7e791fb41461b561a110c41ed757ee808479712cb113000f910c1c80a7cd5834de81db81e64e5e9c1603dc25a8c3f9ffe1f16322a2df2995e80ca37d40e596cca797131a50bf555; TS0105b0c6=019edc9eb80c64c47dce8c164a1e872db86bd3412ee6b4e1756e4d6b4b4a56f23efcf575cbf21564dba6f699712feda010ba5a0840d24b535444890cea4cf0abca7149f088; IAASISTENCIAGESTIONSESSION=gRmLFn1jKv3Tge9ud_dvd7bHArNsdbUSxQjKG4iNrgkfpfC4XVproDAczJhooU1DJVMfR5VONwhAEY0mfmTc6h6DbC5hro73Twp2T49fis5cCvn1V-c_zSaTBbpsC1iq1ysVswjIiQfb9rzYH_-0E08h9us4II3YMXF18sd2ibXvr3PtdzMpmJKvPgnamj0Yn51xedY284Qp4jLTdfCqgO3tFzHxPXSJiOpRbPCEQUkAFAddXkn-wMQHolcxWGO4!-1926820799!1093042530] [453]
20:26:07.472-----------> EGSCreateRateUSDtoPEN.doIt: Esperando estabilización de canal perimetral... [453]
20:26:10.473-----------> EGSCreateRateUSDtoPEN.doIt: PASO 2: Transmitiendo consulta via Context Header Injection... [453]
20:26:10.473-----------> EGSCreateRateUSDtoPEN.doIt: URL Destino: https://e-consulta.sunat.gob.pe/cl-at-ittipcam/tcS01Alias/listarTipoCambio [453]
20:26:10.474-----------> EGSCreateRateUSDtoPEN.doIt: Contexto de consulta inyectado en Headers: [2026-02] [453]
20:26:10.501-----------> EGSCreateRateUSDtoPEN.doIt: Respuesta HTTP del Servidor: 200 [453]
20:26:10.502-----------> EGSCreateRateUSDtoPEN.doIt: Respuesta cruda del API SUNAT: [] [453]
20:26:10.502-----------> EGSCreateRateUSDtoPEN.doIt: Listado vacío para el periodo seleccionado (2/2026). [453]
20:26:10.503-----------> EGSCreateRateUSDtoPEN.doIt: Ejecutando contingencia: Solicitando mes anterior. [453]
20:26:10.506===========> EGSCreateRateUSDtoPEN.process: Fallo final de consistencia de datos. [453]
org.adempiere.exceptions.AdempiereException: Fallo final de consistencia de datos.
	at com.egssmart.finantials.proccess.EGSCreateRateUSDtoPEN.doIt(Unknown Source)
	at org.compiere.process.SvrProcess.process(Unknown Source)
	at org.compiere.process.SvrProcess.startProcess(Unknown Source)
	at org.adempiere.util.ProcessUtil.startJavaProcess(Unknown Source)
	at org.compiere.apps.AbstractProcessCtl.startProcess(Unknown Source)
	at org.compiere.apps.AbstractProcessCtl.run(Unknown Source)
	at org.adempiere.webui.apps.WProcessCtl.process(Unknown Source)
	at org.adempiere.webui.apps.AbstractProcessDialog$ProcessDialogRunnable.doRun(Unknown Source)
	at org.adempiere.util.ContextRunnable.run(Unknown Source)
	at org.adempiere.webui.apps.DesktopRunnable.run(Unknown Source)
	at java.base/java.util.concurrent.Executors$RunnableAdapter.call(Executors.java:539)

20:26:55.150-----------> PackInApplicationActivator.getFilesToProcess: Processing migration [410]
20:48:32.023-----------> EGSCreateRateUSDtoPEN.doIt: PASO 1: Abriendo canal seguro y capturando contexto... [550]
20:48:32.124-----------> EGSCreateRateUSDtoPEN.doIt: Cookies validadas: [TSf3c1dbbd027=08fe7428c8ab2000b8f33be708ce0c6f4e241c3779d7af8bdd7d1524279853efda3727506ed92f9a08cbd5b8001130008dc4a3a8e586bee2c4a5f0eed03d5f5be1b119bb124008bc5f0ada4bc58a96c8b763bb1de3f0dc8a5ac42d969a7eb9f2; IAASISTENCIAGESTIONSESSION=Xt-LKwHvyueiiLZph1TPyIC8hf6JWhXqwmBL4tNo2RzlTxLbfhwfHcVVcJZ03Mf2KHCKJrJ9RhwYe_BUdOJubGilVr8bF_b2ko9HhGA6dQvhowxtUkV5q--N3kGyXNIb-joUbl94LZAt6ScCvw2LBecF3F8hotDAbJUN8iavrNiQZldPirvt4edqJOh861H6w8BEOYR8LZWM2CqnUNSOziIwBX0IKQcaYC3_tt3jj3swiQK_FD5sTxZhffOGD-_3!1298053303!-445114015] [550]
20:48:32.137-----------> EGSCreateRateUSDtoPEN.doIt: Esperando estabilización de canal perimetral... [550]
20:48:35.138-----------> EGSCreateRateUSDtoPEN.doIt: PASO 2: Transmitiendo consulta via Context Header Injection... [550]
20:48:35.139-----------> EGSCreateRateUSDtoPEN.doIt: URL Destino: https://e-consulta.sunat.gob.pe/cl-at-ittipcam/tcS01Alias/listarTipoCambio [550]
20:48:35.139-----------> EGSCreateRateUSDtoPEN.doIt: Contexto de consulta inyectado en Headers: [2026-06] [550]
20:48:35.162-----------> EGSCreateRateUSDtoPEN.doIt: Respuesta HTTP del Servidor: 200 [550]
20:48:35.163-----------> EGSCreateRateUSDtoPEN.doIt: Respuesta cruda del API SUNAT: [] [550]
20:48:35.163-----------> EGSCreateRateUSDtoPEN.doIt: Listado vacío para el periodo seleccionado (6/2026). [550]
20:48:35.163-----------> EGSCreateRateUSDtoPEN.doIt: Ejecutando contingencia: Solicitando mes anterior. [550]
20:48:35.163-----------> EGSCreateRateUSDtoPEN.doIt: Intento 2 de 5. Reintentando secuencia completa... [550]
20:48:39.163-----------> EGSCreateRateUSDtoPEN.doIt: PASO 1: Abriendo canal seguro y capturando contexto... [550]
20:48:39.211-----------> EGSCreateRateUSDtoPEN.doIt: Cookies validadas: [TSf3c1dbbd027=08fe7428c8ab200071948941114f8be70c7ef341ef1a2372dfa306a2998b8e52a9c88ed07ce2a32a081117d3cb113000181c3258665c232e983ab8dbdbf13bc4fc7b07b444e0928db3329f1cda66fd1b77429e8aeffc6bb596b31c97fec05722; IAASISTENCIAGESTIONSESSION=9Z2LKx2I8AAkwEpFRvAiah-UQTai1s7kSp3s-fdWHMHToHppbv4CNPqYdAF1803AQr2whWpvLD3Ot7katfhlWqAwmrWeNhePvxE4RpySmNdcaMEtsGFTrTX5V3IF8QyizJ409C3RXzfqFC2PU7GJ_RsE3j4JUXYfQOiSBT2uoTI-sdr_jMxj4LIWhjda8dA-pB1xg0hyK-Lif_9y1DAZ-yYIABZXoTTcqsR3FK-mOMMw1C8ZzbO_BDEIjmEmoIvo!1298053303!-445114015] [550]
20:48:39.225-----------> EGSCreateRateUSDtoPEN.doIt: Esperando estabilización de canal perimetral... [550]
20:48:42.226-----------> EGSCreateRateUSDtoPEN.doIt: PASO 2: Transmitiendo consulta via Context Header Injection... [550]
20:48:42.226-----------> EGSCreateRateUSDtoPEN.doIt: URL Destino: https://e-consulta.sunat.gob.pe/cl-at-ittipcam/tcS01Alias/listarTipoCambio [550]
20:48:42.226-----------> EGSCreateRateUSDtoPEN.doIt: Contexto de consulta inyectado en Headers: [2026-05] [550]
20:48:42.249-----------> EGSCreateRateUSDtoPEN.doIt: Respuesta HTTP del Servidor: 200 [550]
20:48:42.250-----------> EGSCreateRateUSDtoPEN.doIt: Respuesta cruda del API SUNAT: [] [550]
20:48:42.250-----------> EGSCreateRateUSDtoPEN.doIt: Listado vacío para el periodo seleccionado (5/2026). [550]
20:48:42.250-----------> EGSCreateRateUSDtoPEN.doIt: Ejecutando contingencia: Solicitando mes anterior. [550]
20:48:42.250-----------> EGSCreateRateUSDtoPEN.doIt: Intento 3 de 5. Reintentando secuencia completa... [550]
20:48:46.250-----------> EGSCreateRateUSDtoPEN.doIt: PASO 1: Abriendo canal seguro y capturando contexto... [550]
20:48:46.295-----------> EGSCreateRateUSDtoPEN.doIt: Cookies validadas: [TSf3c1dbbd027=08fe7428c8ab2000bd291240c8b15412e66243e47965949b4a98e66f6827f10d97af2157aa2e79fd08dcda4a4c113000d2c062ccd08798faeb6f1fc87cc9228836a0e7164fa12c0420818369428e4a63dd330df86776abdc938d240b6ad32c6f; IAASISTENCIAGESTIONSESSION=fkiLKzk4CRtL5By7weAuZj-JhZ6r6yIG9Ka0F5Fl7-cjnFM1fwlVipGF4VwaJdTtCzs25-Z44Av-Y8CNGDmTjuEu6VzFwMm1hgtrzotJemfemnZwuErM89YGdf-LY-nR6_rTX4tHDw67g4RlKM7CGhxDz-CvA8gnxZTX1KDEcfH3kmnFc-dB6W6fr1Vx_vpApvQo1-zTdE6uJC_8ems9Rn8HQSces8pQxxDKNR8DMvNhUq35Ytu-W4Wgp0_sVPIo!1298053303!-445114015] [550]
20:48:46.309-----------> EGSCreateRateUSDtoPEN.doIt: Esperando estabilización de canal perimetral... [550]
20:48:49.309-----------> EGSCreateRateUSDtoPEN.doIt: PASO 2: Transmitiendo consulta via Context Header Injection... [550]
20:48:49.309-----------> EGSCreateRateUSDtoPEN.doIt: URL Destino: https://e-consulta.sunat.gob.pe/cl-at-ittipcam/tcS01Alias/listarTipoCambio [550]
20:48:49.310-----------> EGSCreateRateUSDtoPEN.doIt: Contexto de consulta inyectado en Headers: [2026-04] [550]
20:48:49.333-----------> EGSCreateRateUSDtoPEN.doIt: Respuesta HTTP del Servidor: 200 [550]
20:48:49.333-----------> EGSCreateRateUSDtoPEN.doIt: Respuesta cruda del API SUNAT: [] [550]
20:48:49.333-----------> EGSCreateRateUSDtoPEN.doIt: Listado vacío para el periodo seleccionado (4/2026). [550]
20:48:49.333-----------> EGSCreateRateUSDtoPEN.doIt: Ejecutando contingencia: Solicitando mes anterior. [550]
20:48:49.333-----------> EGSCreateRateUSDtoPEN.doIt: Intento 4 de 5. Reintentando secuencia completa... [550]
20:48:53.334-----------> EGSCreateRateUSDtoPEN.doIt: PASO 1: Abriendo canal seguro y capturando contexto... [550]
20:48:53.358-----------> EGSCreateRateUSDtoPEN.doIt: Cookies validadas: [TSf3c1dbbd027=08fe7428c8ab200007d7b7ebad167545574e08fe4e59a0b6e555ca3e937947e753a0c440fddc8dfe0860ba13cd1130001d572edede95bd29ff56e80eeb236ec6f862413bbc0065b2d048e16d45954248a93d264219a2de9b2f49f1563cbd6adc; IAASISTENCIAGESTIONSESSION=twKLK1Thx6TZxD_idpSxAt4It9qC3d8N01mdtlP41xMZ-lb2kxwlKSdIrr7Hw-PyV1lReo8XYbi6Ly3sxBCf1DkRsHtKl32y9ee-2z_wDvxD6MYba4Jk9WEe-yuY9Jo4KvsyivOEZc6-aWzq6pHde9BKsGauTygojBrw816S6ISJKyXR_Q3VwwkvH0rt9qfIFkk6HhaA7cSrj_IQ8zcctQhIF4Fv6zOlCu34Tn02kOsD1hnKWjx8GJgFpkzNimTE!1298053303!-445114015] [550]
20:48:53.358-----------> EGSCreateRateUSDtoPEN.doIt: Esperando estabilización de canal perimetral... [550]
20:48:56.359-----------> EGSCreateRateUSDtoPEN.doIt: PASO 2: Transmitiendo consulta via Context Header Injection... [550]
20:48:56.359-----------> EGSCreateRateUSDtoPEN.doIt: URL Destino: https://e-consulta.sunat.gob.pe/cl-at-ittipcam/tcS01Alias/listarTipoCambio [550]
20:48:56.359-----------> EGSCreateRateUSDtoPEN.doIt: Contexto de consulta inyectado en Headers: [2026-03] [550]
20:48:56.382-----------> EGSCreateRateUSDtoPEN.doIt: Respuesta HTTP del Servidor: 200 [550]
20:48:56.382-----------> EGSCreateRateUSDtoPEN.doIt: Respuesta cruda del API SUNAT: [] [550]
20:48:56.382-----------> EGSCreateRateUSDtoPEN.doIt: Listado vacío para el periodo seleccionado (3/2026). [550]
20:48:56.382-----------> EGSCreateRateUSDtoPEN.doIt: Ejecutando contingencia: Solicitando mes anterior. [550]
20:48:56.383-----------> EGSCreateRateUSDtoPEN.doIt: Intento 5 de 5. Reintentando secuencia completa... [550]
20:49:00.383-----------> EGSCreateRateUSDtoPEN.doIt: PASO 1: Abriendo canal seguro y capturando contexto... [550]
20:49:00.409-----------> EGSCreateRateUSDtoPEN.doIt: Cookies validadas: [TSf3c1dbbd027=08fe7428c8ab2000dd5951aa2541ec1f05d5779bf605866fc010de9e01c6f150adf989100d2deb020844a2674e11300009653df5e756002d1874fb7224ce012810f3953876e62c8e8fbbfdb36c37e92e96b7743bef8b863b90dfb932573fdd08; IAASISTENCIAGESTIONSESSION=ncOLK3BtrnliLiml5t5ejmbaFeGEas6R_83nPw_8tHxgrhAr01Mube55Yd7S2KE4Z052qlRb0nwXTnl8bMCbBcWU99zE7VkKiJLsxdbs1Tn12eRGsUMDPwXwzJKpI-zqQ8h6I_yQ5nF28Qt3DF6IX6Y4O00DJYe486b__rJkCCdSinnU1yEkmgfB10ThtfATb7vM5vdx7LN3G2hfDVazv5QhCs7-YDGJzsDENTnjox4oeYbLex4X1toEVwkPhRY-!1298053303!-445114015] [550]
20:49:00.410-----------> EGSCreateRateUSDtoPEN.doIt: Esperando estabilización de canal perimetral... [550]
20:49:03.410-----------> EGSCreateRateUSDtoPEN.doIt: PASO 2: Transmitiendo consulta via Context Header Injection... [550]
20:49:03.410-----------> EGSCreateRateUSDtoPEN.doIt: URL Destino: https://e-consulta.sunat.gob.pe/cl-at-ittipcam/tcS01Alias/listarTipoCambio [550]
20:49:03.411-----------> EGSCreateRateUSDtoPEN.doIt: Contexto de consulta inyectado en Headers: [2026-02] [550]
20:49:03.435-----------> EGSCreateRateUSDtoPEN.doIt: Respuesta HTTP del Servidor: 200 [550]
20:49:03.435-----------> EGSCreateRateUSDtoPEN.doIt: Respuesta cruda del API SUNAT: [] [550]
20:49:03.435-----------> EGSCreateRateUSDtoPEN.doIt: Listado vacío para el periodo seleccionado (2/2026). [550]
20:49:03.435-----------> EGSCreateRateUSDtoPEN.doIt: Ejecutando contingencia: Solicitando mes anterior. [550]
20:49:03.436===========> EGSCreateRateUSDtoPEN.process: Fallo final de consistencia de datos. [550]
org.adempiere.exceptions.AdempiereException: Fallo final de consistencia de datos.
	at com.egssmart.finantials.proccess.EGSCreateRateUSDtoPEN.doIt(Unknown Source)
	at org.compiere.process.SvrProcess.process(Unknown Source)
	at org.compiere.process.SvrProcess.startProcess(Unknown Source)
	at org.adempiere.util.ProcessUtil.startJavaProcess(Unknown Source)
	at org.compiere.apps.AbstractProcessCtl.startProcess(Unknown Source)
	at org.compiere.apps.AbstractProcessCtl.run(Unknown Source)
	at org.adempiere.webui.apps.WProcessCtl.process(Unknown Source)
	at org.adempiere.webui.apps.AbstractProcessDialog$ProcessDialogRunnable.doRun(Unknown Source)
	at org.adempiere.util.ContextRunnable.run(Unknown Source)
	at org.adempiere.webui.apps.DesktopRunnable.run(Unknown Source)
	at java.base/java.util.concurrent.Executors$RunnableAdapter.call(Executors.java:539)


*** 2026-06-02 20:52:05.18 idempiere Log (CLogFile) ***
