*** 2026-05-26 00:35:39.644 idempiere Log (CLogFile) ***
00:35:39.643 Adempiere.startup: iDempiere(r) Release 14_2026-03-09 -Smart Suite ERP, CRM and SCM- (c) 1999-2026 iDempiere(r); Implementation: iDempiere - Supported by iDempiere community [28]
00:35:39.645 Ini.loadProperties: /home/nextcollege/BDeveloper/idempiere-dev-setup-14/idempiere/idempiere.properties #29 [28]
00:35:39.651-----------> Core.getKeyStore: Encryption with legacy key algorithm DES detected - it is recommended to migrate to a stronger algorithm [28]
00:35:40.784-----------> Activator.createHazelCastInstance: Starting hazelcast with configuration from file hazelcast.xml [28]
00:35:41.624-----------> CPSubsystem: [192.168.1.236]:5701 [adempiere.idempiere14/localhost:5432] [5.3.7] CP Subsystem is not enabled. CP data structures will operate in UNSAFE mode! Please note that UNSAFE mode will not provide strong consistency guarantees. [28]
00:35:41.960-----------> Node: [192.168.1.236]:5701 [adempiere.idempiere14/localhost:5432] [5.3.7] No join method is enabled! Starting standalone. [28]
00:35:42.079-----------> DB.isBuildOK: Build Version Error 

The program assumes build version 14.0.0.qualifier, but database has build version ${env.ADEMPIERE_VERSION} 20080428-1232. 
This is likely to cause hard to fix errors. 
Please contact administrator. [28]
00:35:44.467-----------> EMail.setFrom: you @ company.org: javax.mail.internet.AddressException: Local address contains control or whitespace in string ``you @ company.org'' [28]
00:35:44.475-----------> EMail.addTo: you @ company.org: javax.mail.internet.AddressException: Local address contains control or whitespace in string ``you @ company.org'' [28]
00:35:44.475-----------> EMail.isValid: From is invalid=null [28]
00:35:44.477-----------> EMail.isValid: From is invalid=null [28]
00:35:44.484-----------> MClient.sendEMail: Could NOT Send Email: Server started: iDempiere (nextcollege-G751JT:192.168.1.236) to you @ company.org: Invalid Data (System) [28]
00:35:46.178           LoggedSessionListener.contextInitialized: iDempiere context initialized for 10.3.0.1 [28]
00:35:47.952-----------> Incremental2PackActivator.packIn: Installing com.egssmart.sire /META-INF/2Pack_1.0.0.zip ... [349]
00:35:48.282-----------> Incremental2PackActivator.packIn: com.egssmart.sire /META-INF/2Pack_1.0.0.zip installed [349]
00:35:48.282-----------> Incremental2PackActivator.packIn: Installing com.egssmart.sire /META-INF/2Pack_1.0.1.zip ... [349]
00:35:48.476-----------> Incremental2PackActivator.packIn: com.egssmart.sire /META-INF/2Pack_1.0.1.zip installed [349]
00:35:48.477-----------> Incremental2PackActivator.packIn: Installing com.egssmart.sire /META-INF/2Pack_1.0.2.zip ... [349]
00:35:48.573-----------> Incremental2PackActivator.packIn: com.egssmart.sire /META-INF/2Pack_1.0.2.zip installed [349]
00:35:48.574-----------> Incremental2PackActivator.packIn: Installing com.egssmart.sire /META-INF/2Pack_1.0.3.zip ... [349]
00:35:54.629-----------> Incremental2PackActivator.packIn: com.egssmart.sire /META-INF/2Pack_1.0.3.zip installed [349]
00:36:25.205-----------> MClient.createEMail: From EMail incomplete: MUser[10,Name=System,EMailUserID=null] (System) [569]
00:36:25.263-----------> MClient.createEMail: From EMail incomplete: MUser[10,Name=System,EMailUserID=null] (System) [569]
00:36:27.373-----------> Fact.isAcctBalanced: NO - Diff=0.01 - Fact[MAllocationHdr[101-13208: Approval Amount=2.2 (#1)],AcctSchema[200000-Second Schema GardenWorld Euro],PostType=A] [543]
00:36:27.503-----------> Fact.isAcctBalanced: NO - Diff=-0.01 - Fact[X_C_BankStatement[100,Name=2002-02-22],AcctSchema[200000-Second Schema GardenWorld Euro],PostType=A] [543]
00:36:27.963-----------> Fact.isAcctBalanced: NO - Diff=-0.01 - Fact[MInvoice[103-200002,GrandTotal=161.12 (#3)],AcctSchema[200000-Second Schema GardenWorld Euro],PostType=A] [543]
00:36:30.195-----------> Fact.isAcctBalanced: NO - Diff=-0.01 - Fact[MInvoice[106-10000003,GrandTotal=3657.5 (#6)],AcctSchema[200000-Second Schema GardenWorld Euro],PostType=A] [543]
00:36:32.721-----------> FactLine.setAmtSource: Source DR Precision 201.8750 -> 201.88 [543]
00:36:32.723-----------> FactLine.setAmtSource: Source CR Precision 201.8750 -> 201.88 [543]
00:36:32.879-----------> FactLine.setAmtSource: Source CR Precision 208.3750 -> 208.38 [543]
00:36:32.880-----------> FactLine.setAmtSource: Source DR Precision 208.3750 -> 208.38 [543]
00:36:32.906-----------> FactLine.setAmtSource: Source CR Precision 177.1188 -> 177.12 [543]
00:36:32.907-----------> FactLine.setAmtSource: Source DR Precision 177.1188 -> 177.12 [543]
00:37:47.814-----------> PackInApplicationActivator.getFilesToProcess: Processing migration [477]

*** 2026-05-26 00:45:05.962 idempiere Log (CLogFile) ***
