*** 2026-06-02 13:58:53.498 idempiere Log (CLogFile) ***
13:58:53.497 Adempiere.startup: iDempiere(r) Release 14_2026-03-09 -Smart Suite ERP, CRM and SCM- (c) 1999-2026 iDempiere(r); Implementation: iDempiere - Supported by iDempiere community [27]
13:58:53.499 Ini.loadProperties: /home/nextcollege/BDeveloper/idempiere-dev-setup-14/idempiere/idempiere.properties #29 [27]
13:58:53.505-----------> Core.getKeyStore: Encryption with legacy key algorithm DES detected - it is recommended to migrate to a stronger algorithm [27]
13:58:53.985-----------> Activator.createHazelCastInstance: Starting hazelcast with configuration from file hazelcast.xml [27]
13:58:54.517-----------> CPSubsystem: [192.168.0.55]:5701 [adempiere.idempiere14/localhost:5432] [5.3.7] CP Subsystem is not enabled. CP data structures will operate in UNSAFE mode! Please note that UNSAFE mode will not provide strong consistency guarantees. [27]
13:58:54.888-----------> Node: [192.168.0.55]:5701 [adempiere.idempiere14/localhost:5432] [5.3.7] No join method is enabled! Starting standalone. [27]
13:58:55.377-----------> DB.isBuildOK: Build Version Error 

The program assumes build version 14.0.0.qualifier, but database has build version ${env.ADEMPIERE_VERSION} 20080428-1232. 
This is likely to cause hard to fix errors. 
Please contact administrator. [27]
13:58:57.154-----------> EMail.setFrom: you @ company.org: javax.mail.internet.AddressException: Local address contains control or whitespace in string ``you @ company.org'' [27]
13:58:57.159-----------> EMail.addTo: you @ company.org: javax.mail.internet.AddressException: Local address contains control or whitespace in string ``you @ company.org'' [27]
13:58:57.160-----------> EMail.isValid: From is invalid=null [27]
13:58:57.160-----------> EMail.isValid: From is invalid=null [27]
13:58:57.164-----------> MClient.sendEMail: Could NOT Send Email: Server started: iDempiere (nextcollege-G751JT:192.168.0.55) to you @ company.org: Invalid Data (System) [27]
13:58:58.369           LoggedSessionListener.contextInitialized: iDempiere context initialized for 10.3.0.1 [27]
13:58:58.570-----------> TimeZoneDataBaseVersionChecker.init: Time zone data version mismatch detected:
 - Client (moment.js) tzdb version: 2025b
 - Server (JDK) tzdb version: 2026a
Date and time values may be incorrect if time zone rules differ.
To resolve, update the moment-timezone data on the client and/or the JDK time zone data (TZUpdater or Java update) on the server so both use the same version. [27]
13:59:38.336-----------> EGSCreateRateUSDtoPEN.doIt: PASO 1: Sincronizando cookies perimetrales del Home de SUNAT... [516]
13:59:39.075-----------> EGSCreateRateUSDtoPEN.doIt: Cookies F5 BIG-IP integradas: [IAASISTENCIAGESTIONSESSION, TSf3c1dbbd027] [516]
13:59:39.076-----------> EGSCreateRateUSDtoPEN.doIt: Esperando 2200ms (Simulación de interacción humana)... [516]
13:59:41.276-----------> EGSCreateRateUSDtoPEN.doIt: PASO 2: Transmitiendo Payload estructurado al endpoint asíncrono... [516]
13:59:41.557-----------> EGSCreateRateUSDtoPEN.doIt: Error de comunicación en secuencia: HTTP error fetching URL. Status=400, URL=[https://e-consulta.sunat.gob.pe/cl-at-ittipcam/tcS01Alias/listarTipoCambio] [516]
13:59:41.557-----------> EGSCreateRateUSDtoPEN.doIt: Intento 2 de 5. Reintentando secuencia completa... [516]
13:59:45.558-----------> EGSCreateRateUSDtoPEN.doIt: PASO 1: Sincronizando cookies perimetrales del Home de SUNAT... [516]
13:59:45.930-----------> EGSCreateRateUSDtoPEN.doIt: Cookies F5 BIG-IP integradas: [IAASISTENCIAGESTIONSESSION, TS0105b0c6, TSf3c1dbbd027] [516]
13:59:45.930-----------> EGSCreateRateUSDtoPEN.doIt: Esperando 2200ms (Simulación de interacción humana)... [516]
13:59:48.131-----------> EGSCreateRateUSDtoPEN.doIt: PASO 2: Transmitiendo Payload estructurado al endpoint asíncrono... [516]
13:59:48.414-----------> EGSCreateRateUSDtoPEN.doIt: Error de comunicación en secuencia: HTTP error fetching URL. Status=400, URL=[https://e-consulta.sunat.gob.pe/cl-at-ittipcam/tcS01Alias/listarTipoCambio] [516]
13:59:48.415-----------> EGSCreateRateUSDtoPEN.doIt: Intento 3 de 5. Reintentando secuencia completa... [516]
13:59:52.415-----------> EGSCreateRateUSDtoPEN.doIt: PASO 1: Sincronizando cookies perimetrales del Home de SUNAT... [516]
13:59:52.782-----------> EGSCreateRateUSDtoPEN.doIt: Cookies F5 BIG-IP integradas: [IAASISTENCIAGESTIONSESSION, TSf3c1dbbd027] [516]
13:59:52.783-----------> EGSCreateRateUSDtoPEN.doIt: Esperando 2200ms (Simulación de interacción humana)... [516]
13:59:54.983-----------> EGSCreateRateUSDtoPEN.doIt: PASO 2: Transmitiendo Payload estructurado al endpoint asíncrono... [516]
13:59:55.262-----------> EGSCreateRateUSDtoPEN.doIt: Error de comunicación en secuencia: HTTP error fetching URL. Status=400, URL=[https://e-consulta.sunat.gob.pe/cl-at-ittipcam/tcS01Alias/listarTipoCambio] [516]
13:59:55.263-----------> EGSCreateRateUSDtoPEN.doIt: Intento 4 de 5. Reintentando secuencia completa... [516]
13:59:59.263-----------> EGSCreateRateUSDtoPEN.doIt: PASO 1: Sincronizando cookies perimetrales del Home de SUNAT... [516]
13:59:59.638-----------> EGSCreateRateUSDtoPEN.doIt: Cookies F5 BIG-IP integradas: [IAASISTENCIAGESTIONSESSION, TSf3c1dbbd027] [516]
13:59:59.638-----------> EGSCreateRateUSDtoPEN.doIt: Esperando 2200ms (Simulación de interacción humana)... [516]
14:00:01.838-----------> EGSCreateRateUSDtoPEN.doIt: PASO 2: Transmitiendo Payload estructurado al endpoint asíncrono... [516]
14:00:02.119-----------> EGSCreateRateUSDtoPEN.doIt: Error de comunicación en secuencia: HTTP error fetching URL. Status=400, URL=[https://e-consulta.sunat.gob.pe/cl-at-ittipcam/tcS01Alias/listarTipoCambio] [516]
14:00:02.119-----------> EGSCreateRateUSDtoPEN.doIt: Intento 5 de 5. Reintentando secuencia completa... [516]
14:00:06.119-----------> EGSCreateRateUSDtoPEN.doIt: PASO 1: Sincronizando cookies perimetrales del Home de SUNAT... [516]
14:00:06.488-----------> EGSCreateRateUSDtoPEN.doIt: Cookies F5 BIG-IP integradas: [IAASISTENCIAGESTIONSESSION, TSf3c1dbbd027] [516]
14:00:06.489-----------> EGSCreateRateUSDtoPEN.doIt: Esperando 2200ms (Simulación de interacción humana)... [516]
14:00:08.689-----------> EGSCreateRateUSDtoPEN.doIt: PASO 2: Transmitiendo Payload estructurado al endpoint asíncrono... [516]
14:00:09.087-----------> EGSCreateRateUSDtoPEN.doIt: Error de comunicación en secuencia: HTTP error fetching URL. Status=400, URL=[https://e-consulta.sunat.gob.pe/cl-at-ittipcam/tcS01Alias/listarTipoCambio] [516]
14:00:09.089===========> EGSCreateRateUSDtoPEN.process: No se pudo estabilizar el canal seguro de datos con la SUNAT. [516]
org.jsoup.HttpStatusException: HTTP error fetching URL. Status=400, URL=[https://e-consulta.sunat.gob.pe/cl-at-ittipcam/tcS01Alias/listarTipoCambio]
	at org.jsoup.helper.HttpConnection$Response.execute(HttpConnection.java:913)
	at org.jsoup.helper.HttpConnection$Response.execute(HttpConnection.java:866)
	at org.jsoup.helper.HttpConnection.execute(HttpConnection.java:365)
	at com.egssmart.finantials.proccess.EGSCreateRateUSDtoPEN.doIt(Unknown Source)
	at org.compiere.process.SvrProcess.process(Unknown Source)
	at org.compiere.process.SvrProcess.startProcess(Unknown Source)
	at org.adempiere.util.ProcessUtil.startJavaProcess(Unknown Source)
	at org.compiere.apps.AbstractProcessCtl.startProcess(Unknown Source)
	at org.compiere.apps.AbstractProcessCtl.run(Unknown Source)
	at org.adempiere.webui.apps.WProcessCtl.process(Unknown Source)
	at org.adempiere.webui.apps.AbstractProcessDialog$ProcessDialogRunnable.doRun(Unknown Source)
	at org.adempiere.util.ContextRunnable.run(Unknown Source)
	at org.adempiere.webui.apps.DesktopRunnable.run(Unknown Source)

14:00:59.562-----------> PackInApplicationActivator.getFilesToProcess: Processing migration [473]
14:10:40.151-----------> EGSCreateRateUSDtoPEN.doIt: PASO 1: Sincronizando cookies perimetrales del Home de SUNAT... [506]
14:10:40.248-----------> EGSCreateRateUSDtoPEN.doIt: Cookies F5 BIG-IP integradas: [IAASISTENCIAGESTIONSESSION, TS0105b0c6, TS61ff7286027] [506]
14:10:40.248-----------> EGSCreateRateUSDtoPEN.doIt: Esperando 2200ms (Simulación de interacción humana)... [506]
14:10:42.449-----------> EGSCreateRateUSDtoPEN.doIt: PASO 2: Transmitiendo Payload estructurado al endpoint asíncrono... [506]
14:10:42.550-----------> EGSCreateRateUSDtoPEN.doIt: Error de comunicación en secuencia: HTTP error fetching URL. Status=400, URL=[https://e-consulta.sunat.gob.pe/cl-at-ittipcam/tcS01Alias/listarTipoCambio] [506]
14:10:42.551-----------> EGSCreateRateUSDtoPEN.doIt: Intento 2 de 5. Reintentando secuencia completa... [506]
14:10:46.551-----------> EGSCreateRateUSDtoPEN.doIt: PASO 1: Sincronizando cookies perimetrales del Home de SUNAT... [506]
14:10:46.626-----------> EGSCreateRateUSDtoPEN.doIt: Cookies F5 BIG-IP integradas: [IAASISTENCIAGESTIONSESSION, TS0105b0c6, TS61ff7286027] [506]
14:10:46.627-----------> EGSCreateRateUSDtoPEN.doIt: Esperando 2200ms (Simulación de interacción humana)... [506]
14:10:48.827-----------> EGSCreateRateUSDtoPEN.doIt: PASO 2: Transmitiendo Payload estructurado al endpoint asíncrono... [506]
14:10:48.914-----------> EGSCreateRateUSDtoPEN.doIt: Error de comunicación en secuencia: HTTP error fetching URL. Status=400, URL=[https://e-consulta.sunat.gob.pe/cl-at-ittipcam/tcS01Alias/listarTipoCambio] [506]
14:10:48.914-----------> EGSCreateRateUSDtoPEN.doIt: Intento 3 de 5. Reintentando secuencia completa... [506]

*** 2026-06-02 14:10:51.548 idempiere Log (CLogFile) ***
