*** 2026-05-31 22:34:00.764 idempiere Log (CLogFile) ***
22:34:00.762 Adempiere.startup: iDempiere(r) Release 14_2026-03-09 -Smart Suite ERP, CRM and SCM- (c) 1999-2026 iDempiere(r); Implementation: iDempiere - Supported by iDempiere community [27]
22:34:00.765 Ini.loadProperties: /home/nextcollege/BDeveloper/idempiere-dev-setup-14/idempiere/idempiere.properties #29 [27]
22:34:00.772-----------> Core.getKeyStore: Encryption with legacy key algorithm DES detected - it is recommended to migrate to a stronger algorithm [27]
22:34:01.291-----------> Activator.createHazelCastInstance: Starting hazelcast with configuration from file hazelcast.xml [27]
22:34:01.845-----------> CPSubsystem: [192.168.1.236]:5701 [adempiere.idempiere14/localhost:5432] [5.3.7] CP Subsystem is not enabled. CP data structures will operate in UNSAFE mode! Please note that UNSAFE mode will not provide strong consistency guarantees. [27]
22:34:02.157-----------> Node: [192.168.1.236]:5701 [adempiere.idempiere14/localhost:5432] [5.3.7] No join method is enabled! Starting standalone. [27]
22:34:02.684-----------> DB.isBuildOK: Build Version Error 

The program assumes build version 14.0.0.qualifier, but database has build version ${env.ADEMPIERE_VERSION} 20080428-1232. 
This is likely to cause hard to fix errors. 
Please contact administrator. [27]
22:34:04.598-----------> EMail.setFrom: you @ company.org: javax.mail.internet.AddressException: Local address contains control or whitespace in string ``you @ company.org'' [27]
22:34:04.601-----------> EMail.addTo: you @ company.org: javax.mail.internet.AddressException: Local address contains control or whitespace in string ``you @ company.org'' [27]
22:34:04.602-----------> EMail.isValid: From is invalid=null [27]
22:34:04.602-----------> EMail.isValid: From is invalid=null [27]
22:34:04.608-----------> MClient.sendEMail: Could NOT Send Email: Server started: iDempiere (nextcollege-G751JT:192.168.1.236) to you @ company.org: Invalid Data (System) [27]
22:34:05.905           LoggedSessionListener.contextInitialized: iDempiere context initialized for 10.3.0.1 [27]
22:35:10.809-----------> MRole.getProcessAccess: Role System Administrator has assigned access incompatible process Generates SIRE Purchase Record [357]
22:35:30.040-----------> PackInHandler.dumpUnresolvedElements: AD_Ref_Table [AD_Client_ID=0, AD_Org_ID=0, AD_Reference_ID=019e72e4-10db-7a57-b4da-55964bf88c8c, AD_Table_ID=188, WhereClause=C_ElementValue.C_Element_ID IN (SELECT C_Element_ID FROM C_Element WHERE ElementType = 'A'), OrderByClause=C_ElementValue.Value ASC, IsActive=Y, IsValueDisplayed=N, EntityType=EGS, AD_Window_ID=, AD_Ref_Table_UU=019e72e7-8d23-78af-9091-0cb9cae64a37, AD_InfoWindow_ID=, DisplaySQL=, IsDisplayIdentifier=N, AD_Display=019e72e5-ede5-7d07-916b-07f2c7a71df5, AD_Key=1234] unresolved [AD_Display] [345]
22:35:30.042===========> PackIn.importXML: importXML: [345]
org.adempiere.exceptions.AdempiereException: Unresolved elements
	at org.adempiere.pipo2.PackIn.importXML(Unknown Source)
	at org.adempiere.pipo2.PackIn.importXML(Unknown Source)
	at org.adempiere.pipo2.PackInProcess.doIt(Unknown Source)
	at org.compiere.process.SvrProcess.process(Unknown Source)
	at org.compiere.process.SvrProcess.startProcess(Unknown Source)
	at org.adempiere.util.ProcessUtil.startJavaProcess(Unknown Source)
	at org.compiere.apps.AbstractProcessCtl.startProcess(Unknown Source)
	at org.compiere.apps.AbstractProcessCtl.run(Unknown Source)
	at org.adempiere.webui.apps.WProcessCtl.process(Unknown Source)
	at org.adempiere.webui.apps.AbstractProcessDialog$ProcessDialogRunnable.doRun(Unknown Source)
	at org.adempiere.util.ContextRunnable.run(Unknown Source)
	at org.adempiere.webui.apps.DesktopRunnable.run(Unknown Source)

22:35:30.044===========> PackIn.importXML: importXML: [345]
java.lang.RuntimeException: Unresolved elements
	at org.adempiere.pipo2.PackIn.importXML(Unknown Source)
	at org.adempiere.pipo2.PackIn.importXML(Unknown Source)
	at org.adempiere.pipo2.PackInProcess.doIt(Unknown Source)
	at org.compiere.process.SvrProcess.process(Unknown Source)
	at org.compiere.process.SvrProcess.startProcess(Unknown Source)
	at org.adempiere.util.ProcessUtil.startJavaProcess(Unknown Source)
	at org.compiere.apps.AbstractProcessCtl.startProcess(Unknown Source)
	at org.compiere.apps.AbstractProcessCtl.run(Unknown Source)
	at org.adempiere.webui.apps.WProcessCtl.process(Unknown Source)
	at org.adempiere.webui.apps.AbstractProcessDialog$ProcessDialogRunnable.doRun(Unknown Source)
	at org.adempiere.util.ContextRunnable.run(Unknown Source)
	at org.adempiere.webui.apps.DesktopRunnable.run(Unknown Source)
caused by: org.adempiere.exceptions.AdempiereException: Unresolved elements
	at org.adempiere.pipo2.PackIn.importXML(Unknown Source)
	at org.adempiere.pipo2.PackIn.importXML(Unknown Source)
	at org.adempiere.pipo2.PackInProcess.doIt(Unknown Source)
	at org.compiere.process.SvrProcess.process(Unknown Source)
	at org.compiere.process.SvrProcess.startProcess(Unknown Source)
	at org.adempiere.util.ProcessUtil.startJavaProcess(Unknown Source)
	at org.compiere.apps.AbstractProcessCtl.startProcess(Unknown Source)
	at org.compiere.apps.AbstractProcessCtl.run(Unknown Source)
	at org.adempiere.webui.apps.WProcessCtl.process(Unknown Source)
	at org.adempiere.webui.apps.AbstractProcessDialog$ProcessDialogRunnable.doRun(Unknown Source)
	at org.adempiere.util.ContextRunnable.run(Unknown Source)
	at org.adempiere.webui.apps.DesktopRunnable.run(Unknown Source)

22:35:30.045===========> PackInProcess.doIt: importXML: [345]
java.lang.RuntimeException: Unresolved elements
	at org.adempiere.pipo2.PackIn.importXML(Unknown Source)
	at org.adempiere.pipo2.PackIn.importXML(Unknown Source)
	at org.adempiere.pipo2.PackInProcess.doIt(Unknown Source)
	at org.compiere.process.SvrProcess.process(Unknown Source)
	at org.compiere.process.SvrProcess.startProcess(Unknown Source)
	at org.adempiere.util.ProcessUtil.startJavaProcess(Unknown Source)
	at org.compiere.apps.AbstractProcessCtl.startProcess(Unknown Source)
	at org.compiere.apps.AbstractProcessCtl.run(Unknown Source)
	at org.adempiere.webui.apps.WProcessCtl.process(Unknown Source)
	at org.adempiere.webui.apps.AbstractProcessDialog$ProcessDialogRunnable.doRun(Unknown Source)
	at org.adempiere.util.ContextRunnable.run(Unknown Source)
	at org.adempiere.webui.apps.DesktopRunnable.run(Unknown Source)
caused by: org.adempiere.exceptions.AdempiereException: Unresolved elements
	at org.adempiere.pipo2.PackIn.importXML(Unknown Source)
	at org.adempiere.pipo2.PackIn.importXML(Unknown Source)
	at org.adempiere.pipo2.PackInProcess.doIt(Unknown Source)
	at org.compiere.process.SvrProcess.process(Unknown Source)
	at org.compiere.process.SvrProcess.startProcess(Unknown Source)
	at org.adempiere.util.ProcessUtil.startJavaProcess(Unknown Source)
	at org.compiere.apps.AbstractProcessCtl.startProcess(Unknown Source)
	at org.compiere.apps.AbstractProcessCtl.run(Unknown Source)
	at org.adempiere.webui.apps.WProcessCtl.process(Unknown Source)
	at org.adempiere.webui.apps.AbstractProcessDialog$ProcessDialogRunnable.doRun(Unknown Source)
	at org.adempiere.util.ContextRunnable.run(Unknown Source)
	at org.adempiere.webui.apps.DesktopRunnable.run(Unknown Source)

22:35:30.048===========> PackInProcess.process: Unresolved elements [345]
org.adempiere.exceptions.AdempiereException: Unresolved elements
	at org.adempiere.pipo2.PackIn.importXML(Unknown Source)
	at org.adempiere.pipo2.PackIn.importXML(Unknown Source)
	at org.adempiere.pipo2.PackInProcess.doIt(Unknown Source)
	at org.compiere.process.SvrProcess.process(Unknown Source)
	at org.compiere.process.SvrProcess.startProcess(Unknown Source)
	at org.adempiere.util.ProcessUtil.startJavaProcess(Unknown Source)
	at org.compiere.apps.AbstractProcessCtl.startProcess(Unknown Source)
	at org.compiere.apps.AbstractProcessCtl.run(Unknown Source)
	at org.adempiere.webui.apps.WProcessCtl.process(Unknown Source)
	at org.adempiere.webui.apps.AbstractProcessDialog$ProcessDialogRunnable.doRun(Unknown Source)
	at org.adempiere.util.ContextRunnable.run(Unknown Source)
	at org.adempiere.webui.apps.DesktopRunnable.run(Unknown Source)

22:36:07.226-----------> PackInApplicationActivator.getFilesToProcess: Processing migration [479]
22:39:25.763-----------> PackInHandler.dumpUnresolvedElements: AD_Ref_Table [AD_Client_ID=0, AD_Org_ID=0, AD_Reference_ID=019e72e4-10db-7a57-b4da-55964bf88c8c, AD_Table_ID=188, WhereClause=C_ElementValue.C_Element_ID IN (SELECT C_Element_ID FROM C_Element WHERE ElementType = 'A'), OrderByClause=C_ElementValue.Value ASC, IsActive=Y, IsValueDisplayed=N, EntityType=EGS, AD_Window_ID=, AD_Ref_Table_UU=019e72e7-8d23-78af-9091-0cb9cae64a37, AD_InfoWindow_ID=, DisplaySQL=, IsDisplayIdentifier=N, AD_Display=019e72e5-ede5-7d07-916b-07f2c7a71df5, AD_Key=1234] unresolved [AD_Display] [532]
22:39:25.763===========> PackIn.importXML: importXML: [532]
org.adempiere.exceptions.AdempiereException: Unresolved elements
	at org.adempiere.pipo2.PackIn.importXML(Unknown Source)
	at org.adempiere.pipo2.PackIn.importXML(Unknown Source)
	at org.adempiere.pipo2.PackInProcess.doIt(Unknown Source)
	at org.compiere.process.SvrProcess.process(Unknown Source)
	at org.compiere.process.SvrProcess.startProcess(Unknown Source)
	at org.adempiere.util.ProcessUtil.startJavaProcess(Unknown Source)
	at org.compiere.apps.AbstractProcessCtl.startProcess(Unknown Source)
	at org.compiere.apps.AbstractProcessCtl.run(Unknown Source)
	at org.adempiere.webui.apps.WProcessCtl.process(Unknown Source)
	at org.adempiere.webui.apps.AbstractProcessDialog$ProcessDialogRunnable.doRun(Unknown Source)
	at org.adempiere.util.ContextRunnable.run(Unknown Source)
	at org.adempiere.webui.apps.DesktopRunnable.run(Unknown Source)

22:39:25.764===========> PackIn.importXML: importXML: [532]
java.lang.RuntimeException: Unresolved elements
	at org.adempiere.pipo2.PackIn.importXML(Unknown Source)
	at org.adempiere.pipo2.PackIn.importXML(Unknown Source)
	at org.adempiere.pipo2.PackInProcess.doIt(Unknown Source)
	at org.compiere.process.SvrProcess.process(Unknown Source)
	at org.compiere.process.SvrProcess.startProcess(Unknown Source)
	at org.adempiere.util.ProcessUtil.startJavaProcess(Unknown Source)
	at org.compiere.apps.AbstractProcessCtl.startProcess(Unknown Source)
	at org.compiere.apps.AbstractProcessCtl.run(Unknown Source)
	at org.adempiere.webui.apps.WProcessCtl.process(Unknown Source)
	at org.adempiere.webui.apps.AbstractProcessDialog$ProcessDialogRunnable.doRun(Unknown Source)
	at org.adempiere.util.ContextRunnable.run(Unknown Source)
	at org.adempiere.webui.apps.DesktopRunnable.run(Unknown Source)
caused by: org.adempiere.exceptions.AdempiereException: Unresolved elements
	at org.adempiere.pipo2.PackIn.importXML(Unknown Source)
	at org.adempiere.pipo2.PackIn.importXML(Unknown Source)
	at org.adempiere.pipo2.PackInProcess.doIt(Unknown Source)
	at org.compiere.process.SvrProcess.process(Unknown Source)
	at org.compiere.process.SvrProcess.startProcess(Unknown Source)
	at org.adempiere.util.ProcessUtil.startJavaProcess(Unknown Source)
	at org.compiere.apps.AbstractProcessCtl.startProcess(Unknown Source)
	at org.compiere.apps.AbstractProcessCtl.run(Unknown Source)
	at org.adempiere.webui.apps.WProcessCtl.process(Unknown Source)
	at org.adempiere.webui.apps.AbstractProcessDialog$ProcessDialogRunnable.doRun(Unknown Source)
	at org.adempiere.util.ContextRunnable.run(Unknown Source)
	at org.adempiere.webui.apps.DesktopRunnable.run(Unknown Source)

22:39:25.765===========> PackInProcess.doIt: importXML: [532]
java.lang.RuntimeException: Unresolved elements
	at org.adempiere.pipo2.PackIn.importXML(Unknown Source)
	at org.adempiere.pipo2.PackIn.importXML(Unknown Source)
	at org.adempiere.pipo2.PackInProcess.doIt(Unknown Source)
	at org.compiere.process.SvrProcess.process(Unknown Source)
	at org.compiere.process.SvrProcess.startProcess(Unknown Source)
	at org.adempiere.util.ProcessUtil.startJavaProcess(Unknown Source)
	at org.compiere.apps.AbstractProcessCtl.startProcess(Unknown Source)
	at org.compiere.apps.AbstractProcessCtl.run(Unknown Source)
	at org.adempiere.webui.apps.WProcessCtl.process(Unknown Source)
	at org.adempiere.webui.apps.AbstractProcessDialog$ProcessDialogRunnable.doRun(Unknown Source)
	at org.adempiere.util.ContextRunnable.run(Unknown Source)
	at org.adempiere.webui.apps.DesktopRunnable.run(Unknown Source)
caused by: org.adempiere.exceptions.AdempiereException: Unresolved elements
	at org.adempiere.pipo2.PackIn.importXML(Unknown Source)
	at org.adempiere.pipo2.PackIn.importXML(Unknown Source)
	at org.adempiere.pipo2.PackInProcess.doIt(Unknown Source)
	at org.compiere.process.SvrProcess.process(Unknown Source)
	at org.compiere.process.SvrProcess.startProcess(Unknown Source)
	at org.adempiere.util.ProcessUtil.startJavaProcess(Unknown Source)
	at org.compiere.apps.AbstractProcessCtl.startProcess(Unknown Source)
	at org.compiere.apps.AbstractProcessCtl.run(Unknown Source)
	at org.adempiere.webui.apps.WProcessCtl.process(Unknown Source)
	at org.adempiere.webui.apps.AbstractProcessDialog$ProcessDialogRunnable.doRun(Unknown Source)
	at org.adempiere.util.ContextRunnable.run(Unknown Source)
	at org.adempiere.webui.apps.DesktopRunnable.run(Unknown Source)

22:39:25.769===========> PackInProcess.process: Unresolved elements [532]
org.adempiere.exceptions.AdempiereException: Unresolved elements
	at org.adempiere.pipo2.PackIn.importXML(Unknown Source)
	at org.adempiere.pipo2.PackIn.importXML(Unknown Source)
	at org.adempiere.pipo2.PackInProcess.doIt(Unknown Source)
	at org.compiere.process.SvrProcess.process(Unknown Source)
	at org.compiere.process.SvrProcess.startProcess(Unknown Source)
	at org.adempiere.util.ProcessUtil.startJavaProcess(Unknown Source)
	at org.compiere.apps.AbstractProcessCtl.startProcess(Unknown Source)
	at org.compiere.apps.AbstractProcessCtl.run(Unknown Source)
	at org.adempiere.webui.apps.WProcessCtl.process(Unknown Source)
	at org.adempiere.webui.apps.AbstractProcessDialog$ProcessDialogRunnable.doRun(Unknown Source)
	at org.adempiere.util.ContextRunnable.run(Unknown Source)
	at org.adempiere.webui.apps.DesktopRunnable.run(Unknown Source)

22:41:47.439===========> PackIn.importXML: importXML: [566]
java.lang.NullPointerException: Cannot read field "contents" because "e" is null
	at org.adempiere.pipo2.ReferenceUtils.resolveReference(Unknown Source)
	at org.adempiere.pipo2.ReferenceUtils.resolveReferenceAsInt(Unknown Source)
	at org.adempiere.pipo2.handler.ReferenceTableElementHandler.startElement(Unknown Source)
	at org.adempiere.pipo2.PackInHandler.processElement(Unknown Source)
	at org.adempiere.pipo2.PackInHandler.processElement(Unknown Source)
	at org.adempiere.pipo2.PackInHandler.processElement(Unknown Source)
	at org.adempiere.pipo2.PackInHandler.processElement(Unknown Source)
	at org.adempiere.pipo2.PackInHandler.processElement(Unknown Source)
	at org.adempiere.pipo2.PackInHandler.endElement(Unknown Source)
	at java.xml/com.sun.org.apache.xerces.internal.parsers.AbstractSAXParser.endElement(AbstractSAXParser.java:618)
	at java.xml/com.sun.org.apache.xerces.internal.impl.XMLDocumentFragmentScannerImpl.scanEndElement(XMLDocumentFragmentScannerImpl.java:1728)

22:41:47.441===========> PackIn.importXML: importXML: [566]
java.lang.RuntimeException: Cannot read field "contents" because "e" is null
	at org.adempiere.pipo2.PackIn.importXML(Unknown Source)
	at org.adempiere.pipo2.PackIn.importXML(Unknown Source)
	at org.adempiere.pipo2.PackInProcess.doIt(Unknown Source)
	at org.compiere.process.SvrProcess.process(Unknown Source)
	at org.compiere.process.SvrProcess.startProcess(Unknown Source)
	at org.adempiere.util.ProcessUtil.startJavaProcess(Unknown Source)
	at org.compiere.apps.AbstractProcessCtl.startProcess(Unknown Source)
	at org.compiere.apps.AbstractProcessCtl.run(Unknown Source)
	at org.adempiere.webui.apps.WProcessCtl.process(Unknown Source)
	at org.adempiere.webui.apps.AbstractProcessDialog$ProcessDialogRunnable.doRun(Unknown Source)
	at org.adempiere.util.ContextRunnable.run(Unknown Source)
	at org.adempiere.webui.apps.DesktopRunnable.run(Unknown Source)
caused by: java.lang.NullPointerException: Cannot read field "contents" because "e" is null
	at org.adempiere.pipo2.ReferenceUtils.resolveReference(Unknown Source)
	at org.adempiere.pipo2.ReferenceUtils.resolveReferenceAsInt(Unknown Source)
	at org.adempiere.pipo2.handler.ReferenceTableElementHandler.startElement(Unknown Source)
	at org.adempiere.pipo2.PackInHandler.processElement(Unknown Source)
	at org.adempiere.pipo2.PackInHandler.processElement(Unknown Source)
	at org.adempiere.pipo2.PackInHandler.processElement(Unknown Source)
	at org.adempiere.pipo2.PackInHandler.processElement(Unknown Source)
	at org.adempiere.pipo2.PackInHandler.processElement(Unknown Source)
	at org.adempiere.pipo2.PackInHandler.endElement(Unknown Source)
	at java.xml/com.sun.org.apache.xerces.internal.parsers.AbstractSAXParser.endElement(AbstractSAXParser.java:618)
	at java.xml/com.sun.org.apache.xerces.internal.impl.XMLDocumentFragmentScannerImpl.scanEndElement(XMLDocumentFragmentScannerImpl.java:1728)

22:41:47.441===========> PackInProcess.doIt: importXML: [566]
java.lang.RuntimeException: Cannot read field "contents" because "e" is null
	at org.adempiere.pipo2.PackIn.importXML(Unknown Source)
	at org.adempiere.pipo2.PackIn.importXML(Unknown Source)
	at org.adempiere.pipo2.PackInProcess.doIt(Unknown Source)
	at org.compiere.process.SvrProcess.process(Unknown Source)
	at org.compiere.process.SvrProcess.startProcess(Unknown Source)
	at org.adempiere.util.ProcessUtil.startJavaProcess(Unknown Source)
	at org.compiere.apps.AbstractProcessCtl.startProcess(Unknown Source)
	at org.compiere.apps.AbstractProcessCtl.run(Unknown Source)
	at org.adempiere.webui.apps.WProcessCtl.process(Unknown Source)
	at org.adempiere.webui.apps.AbstractProcessDialog$ProcessDialogRunnable.doRun(Unknown Source)
	at org.adempiere.util.ContextRunnable.run(Unknown Source)
	at org.adempiere.webui.apps.DesktopRunnable.run(Unknown Source)
caused by: java.lang.NullPointerException: Cannot read field "contents" because "e" is null
	at org.adempiere.pipo2.ReferenceUtils.resolveReference(Unknown Source)
	at org.adempiere.pipo2.ReferenceUtils.resolveReferenceAsInt(Unknown Source)
	at org.adempiere.pipo2.handler.ReferenceTableElementHandler.startElement(Unknown Source)
	at org.adempiere.pipo2.PackInHandler.processElement(Unknown Source)
	at org.adempiere.pipo2.PackInHandler.processElement(Unknown Source)
	at org.adempiere.pipo2.PackInHandler.processElement(Unknown Source)
	at org.adempiere.pipo2.PackInHandler.processElement(Unknown Source)
	at org.adempiere.pipo2.PackInHandler.processElement(Unknown Source)
	at org.adempiere.pipo2.PackInHandler.endElement(Unknown Source)
	at java.xml/com.sun.org.apache.xerces.internal.parsers.AbstractSAXParser.endElement(AbstractSAXParser.java:618)
	at java.xml/com.sun.org.apache.xerces.internal.impl.XMLDocumentFragmentScannerImpl.scanEndElement(XMLDocumentFragmentScannerImpl.java:1728)

22:41:47.447===========> PackInProcess.process: Cannot read field "contents" because "e" is null [566]
java.lang.NullPointerException: Cannot read field "contents" because "e" is null
	at org.adempiere.pipo2.ReferenceUtils.resolveReference(Unknown Source)
	at org.adempiere.pipo2.ReferenceUtils.resolveReferenceAsInt(Unknown Source)
	at org.adempiere.pipo2.handler.ReferenceTableElementHandler.startElement(Unknown Source)
	at org.adempiere.pipo2.PackInHandler.processElement(Unknown Source)
	at org.adempiere.pipo2.PackInHandler.processElement(Unknown Source)
	at org.adempiere.pipo2.PackInHandler.processElement(Unknown Source)
	at org.adempiere.pipo2.PackInHandler.processElement(Unknown Source)
	at org.adempiere.pipo2.PackInHandler.processElement(Unknown Source)
	at org.adempiere.pipo2.PackInHandler.endElement(Unknown Source)
	at java.xml/com.sun.org.apache.xerces.internal.parsers.AbstractSAXParser.endElement(AbstractSAXParser.java:618)
	at java.xml/com.sun.org.apache.xerces.internal.impl.XMLDocumentFragmentScannerImpl.scanEndElement(XMLDocumentFragmentScannerImpl.java:1728)

22:43:09.525===========> Trx.commit: POdel_019e8147-3a40-7e28-83d6-1eaf09c18dbd [399]
org.postgresql.util.PSQLException: ERROR: update o delete en «ad_package_imp_proc» viola la llave foránea «adpackageimpproc_adpackageimp» en la tabla «ad_package_imp»
  Detail: La llave (ad_package_imp_proc_id)=(1000008) todavía es referida desde la tabla «ad_package_imp».; State=23503; ErrorCode=0
	at org.postgresql.core.v3.QueryExecutorImpl.receiveErrorResponse(QueryExecutorImpl.java:2736)
	at org.postgresql.core.v3.QueryExecutorImpl.processResults(QueryExecutorImpl.java:2421)
	at org.postgresql.core.v3.QueryExecutorImpl.execute(QueryExecutorImpl.java:372)
	at org.postgresql.core.v3.QueryExecutorImpl.execute(QueryExecutorImpl.java:330)
	at org.postgresql.jdbc.PgConnection.executeTransactionCommand(PgConnection.java:987)
	at org.postgresql.jdbc.PgConnection.commit(PgConnection.java:1009)
	at com.zaxxer.hikari.pool.ProxyConnection.commit(ProxyConnection.java:378)
	at com.zaxxer.hikari.pool.HikariProxyConnection.commit(HikariProxyConnection.java)
	at org.compiere.util.Trx.commit(Unknown Source)
	at org.compiere.model.PO.delete(Unknown Source)
	at org.compiere.model.GridTable.dataDelete(Unknown Source)
	at org.compiere.model.GridTab.dataDelete(Unknown Source)
	at org.adempiere.webui.adwindow.AbstractADWindowContent$36.onCallback(Unknown Source)
	at org.adempiere.webui.adwindow.AbstractADWindowContent$36.onCallback(Unknown Source)
	at org.adempiere.webui.window.Dialog$1.onCallback(Unknown Source)
	at org.adempiere.webui.window.Dialog$1.onCallback(Unknown Source)
	at org.adempiere.webui.component.Messagebox.onPageDetached(Unknown Source)

22:43:09.531-----------> Msg.getMsg: NOT found: Record not deleted - there are dependent records in the table Paquete Importado for the column Proceso Importación Paquete [399]
22:43:09.531===========> GridTable.dataDelete: Delete [399]
org.adempiere.exceptions.AdempiereException: Record not deleted - there are dependent records in the table Paquete Importado for the column Proceso Importación Paquete
	at org.compiere.util.Trx.commit(Unknown Source)
	at org.compiere.model.PO.delete(Unknown Source)
	at org.compiere.model.GridTable.dataDelete(Unknown Source)
	at org.compiere.model.GridTab.dataDelete(Unknown Source)
	at org.adempiere.webui.adwindow.AbstractADWindowContent$36.onCallback(Unknown Source)
	at org.adempiere.webui.adwindow.AbstractADWindowContent$36.onCallback(Unknown Source)
	at org.adempiere.webui.window.Dialog$1.onCallback(Unknown Source)
	at org.adempiere.webui.window.Dialog$1.onCallback(Unknown Source)
	at org.adempiere.webui.component.Messagebox.onPageDetached(Unknown Source)
	at org.zkoss.zk.ui.AbstractComponent.setPage0(AbstractComponent.java:525)
	at org.zkoss.zk.ui.AbstractComponent.setPageBefore(AbstractComponent.java:439)
caused by: org.postgresql.util.PSQLException: ERROR: update o delete en «ad_package_imp_proc» viola la llave foránea «adpackageimpproc_adpackageimp» en la tabla «ad_package_imp»
  Detail: La llave (ad_package_imp_proc_id)=(1000008) todavía es referida desde la tabla «ad_package_imp».; State=23503; ErrorCode=0
	at org.postgresql.core.v3.QueryExecutorImpl.receiveErrorResponse(QueryExecutorImpl.java:2736)
	at org.postgresql.core.v3.QueryExecutorImpl.processResults(QueryExecutorImpl.java:2421)
	at org.postgresql.core.v3.QueryExecutorImpl.execute(QueryExecutorImpl.java:372)
	at org.postgresql.core.v3.QueryExecutorImpl.execute(QueryExecutorImpl.java:330)
	at org.postgresql.jdbc.PgConnection.executeTransactionCommand(PgConnection.java:987)
	at org.postgresql.jdbc.PgConnection.commit(PgConnection.java:1009)
	at com.zaxxer.hikari.pool.ProxyConnection.commit(ProxyConnection.java:378)
	at com.zaxxer.hikari.pool.HikariProxyConnection.commit(HikariProxyConnection.java)
	at org.compiere.util.Trx.commit(Unknown Source)
	at org.compiere.model.PO.delete(Unknown Source)
	at org.compiere.model.GridTable.dataDelete(Unknown Source)
	at org.compiere.model.GridTab.dataDelete(Unknown Source)
	at org.adempiere.webui.adwindow.AbstractADWindowContent$36.onCallback(Unknown Source)
	at org.adempiere.webui.adwindow.AbstractADWindowContent$36.onCallback(Unknown Source)
	at org.adempiere.webui.window.Dialog$1.onCallback(Unknown Source)
	at org.adempiere.webui.window.Dialog$1.onCallback(Unknown Source)
	at org.adempiere.webui.component.Messagebox.onPageDetached(Unknown Source)

22:43:09.533-----------> GridTable.saveWarning: DeleteError -  [399]
22:43:39.052===========> PackIn.importXML: importXML: [591]
java.lang.NullPointerException: Cannot read field "contents" because "e" is null
	at org.adempiere.pipo2.ReferenceUtils.resolveReference(Unknown Source)
	at org.adempiere.pipo2.ReferenceUtils.resolveReferenceAsInt(Unknown Source)
	at org.adempiere.pipo2.handler.ReferenceTableElementHandler.startElement(Unknown Source)
	at org.adempiere.pipo2.PackInHandler.processElement(Unknown Source)
	at org.adempiere.pipo2.PackInHandler.processElement(Unknown Source)
	at org.adempiere.pipo2.PackInHandler.processElement(Unknown Source)
	at org.adempiere.pipo2.PackInHandler.processElement(Unknown Source)
	at org.adempiere.pipo2.PackInHandler.processElement(Unknown Source)
	at org.adempiere.pipo2.PackInHandler.endElement(Unknown Source)
	at java.xml/com.sun.org.apache.xerces.internal.parsers.AbstractSAXParser.endElement(AbstractSAXParser.java:618)
	at java.xml/com.sun.org.apache.xerces.internal.impl.XMLDocumentFragmentScannerImpl.scanEndElement(XMLDocumentFragmentScannerImpl.java:1728)

22:43:39.054===========> PackIn.importXML: importXML: [591]
java.lang.RuntimeException: Cannot read field "contents" because "e" is null
	at org.adempiere.pipo2.PackIn.importXML(Unknown Source)
	at org.adempiere.pipo2.PackIn.importXML(Unknown Source)
	at org.adempiere.pipo2.PackInProcess.doIt(Unknown Source)
	at org.compiere.process.SvrProcess.process(Unknown Source)
	at org.compiere.process.SvrProcess.startProcess(Unknown Source)
	at org.adempiere.util.ProcessUtil.startJavaProcess(Unknown Source)
	at org.compiere.apps.AbstractProcessCtl.startProcess(Unknown Source)
	at org.compiere.apps.AbstractProcessCtl.run(Unknown Source)
	at org.adempiere.webui.apps.WProcessCtl.process(Unknown Source)
	at org.adempiere.webui.apps.AbstractProcessDialog$ProcessDialogRunnable.doRun(Unknown Source)
	at org.adempiere.util.ContextRunnable.run(Unknown Source)
	at org.adempiere.webui.apps.DesktopRunnable.run(Unknown Source)
caused by: java.lang.NullPointerException: Cannot read field "contents" because "e" is null
	at org.adempiere.pipo2.ReferenceUtils.resolveReference(Unknown Source)
	at org.adempiere.pipo2.ReferenceUtils.resolveReferenceAsInt(Unknown Source)
	at org.adempiere.pipo2.handler.ReferenceTableElementHandler.startElement(Unknown Source)
	at org.adempiere.pipo2.PackInHandler.processElement(Unknown Source)
	at org.adempiere.pipo2.PackInHandler.processElement(Unknown Source)
	at org.adempiere.pipo2.PackInHandler.processElement(Unknown Source)
	at org.adempiere.pipo2.PackInHandler.processElement(Unknown Source)
	at org.adempiere.pipo2.PackInHandler.processElement(Unknown Source)
	at org.adempiere.pipo2.PackInHandler.endElement(Unknown Source)
	at java.xml/com.sun.org.apache.xerces.internal.parsers.AbstractSAXParser.endElement(AbstractSAXParser.java:618)
	at java.xml/com.sun.org.apache.xerces.internal.impl.XMLDocumentFragmentScannerImpl.scanEndElement(XMLDocumentFragmentScannerImpl.java:1728)

22:43:39.055===========> PackInProcess.doIt: importXML: [591]
java.lang.RuntimeException: Cannot read field "contents" because "e" is null
	at org.adempiere.pipo2.PackIn.importXML(Unknown Source)
	at org.adempiere.pipo2.PackIn.importXML(Unknown Source)
	at org.adempiere.pipo2.PackInProcess.doIt(Unknown Source)
	at org.compiere.process.SvrProcess.process(Unknown Source)
	at org.compiere.process.SvrProcess.startProcess(Unknown Source)
	at org.adempiere.util.ProcessUtil.startJavaProcess(Unknown Source)
	at org.compiere.apps.AbstractProcessCtl.startProcess(Unknown Source)
	at org.compiere.apps.AbstractProcessCtl.run(Unknown Source)
	at org.adempiere.webui.apps.WProcessCtl.process(Unknown Source)
	at org.adempiere.webui.apps.AbstractProcessDialog$ProcessDialogRunnable.doRun(Unknown Source)
	at org.adempiere.util.ContextRunnable.run(Unknown Source)
	at org.adempiere.webui.apps.DesktopRunnable.run(Unknown Source)
caused by: java.lang.NullPointerException: Cannot read field "contents" because "e" is null
	at org.adempiere.pipo2.ReferenceUtils.resolveReference(Unknown Source)
	at org.adempiere.pipo2.ReferenceUtils.resolveReferenceAsInt(Unknown Source)
	at org.adempiere.pipo2.handler.ReferenceTableElementHandler.startElement(Unknown Source)
	at org.adempiere.pipo2.PackInHandler.processElement(Unknown Source)
	at org.adempiere.pipo2.PackInHandler.processElement(Unknown Source)
	at org.adempiere.pipo2.PackInHandler.processElement(Unknown Source)
	at org.adempiere.pipo2.PackInHandler.processElement(Unknown Source)
	at org.adempiere.pipo2.PackInHandler.processElement(Unknown Source)
	at org.adempiere.pipo2.PackInHandler.endElement(Unknown Source)
	at java.xml/com.sun.org.apache.xerces.internal.parsers.AbstractSAXParser.endElement(AbstractSAXParser.java:618)
	at java.xml/com.sun.org.apache.xerces.internal.impl.XMLDocumentFragmentScannerImpl.scanEndElement(XMLDocumentFragmentScannerImpl.java:1728)

22:43:39.057===========> PackInProcess.process: Cannot read field "contents" because "e" is null [591]
java.lang.NullPointerException: Cannot read field "contents" because "e" is null
	at org.adempiere.pipo2.ReferenceUtils.resolveReference(Unknown Source)
	at org.adempiere.pipo2.ReferenceUtils.resolveReferenceAsInt(Unknown Source)
	at org.adempiere.pipo2.handler.ReferenceTableElementHandler.startElement(Unknown Source)
	at org.adempiere.pipo2.PackInHandler.processElement(Unknown Source)
	at org.adempiere.pipo2.PackInHandler.processElement(Unknown Source)
	at org.adempiere.pipo2.PackInHandler.processElement(Unknown Source)
	at org.adempiere.pipo2.PackInHandler.processElement(Unknown Source)
	at org.adempiere.pipo2.PackInHandler.processElement(Unknown Source)
	at org.adempiere.pipo2.PackInHandler.endElement(Unknown Source)
	at java.xml/com.sun.org.apache.xerces.internal.parsers.AbstractSAXParser.endElement(AbstractSAXParser.java:618)
	at java.xml/com.sun.org.apache.xerces.internal.impl.XMLDocumentFragmentScannerImpl.scanEndElement(XMLDocumentFragmentScannerImpl.java:1728)

22:46:41.536===========> PackIn.importXML: importXML: [512]
java.lang.NullPointerException: Cannot read field "contents" because "e" is null
	at org.adempiere.pipo2.ReferenceUtils.resolveReference(Unknown Source)
	at org.adempiere.pipo2.ReferenceUtils.resolveReferenceAsInt(Unknown Source)
	at org.adempiere.pipo2.handler.ReferenceTableElementHandler.startElement(Unknown Source)
	at org.adempiere.pipo2.PackInHandler.processElement(Unknown Source)
	at org.adempiere.pipo2.PackInHandler.processElement(Unknown Source)
	at org.adempiere.pipo2.PackInHandler.processElement(Unknown Source)
	at org.adempiere.pipo2.PackInHandler.processElement(Unknown Source)
	at org.adempiere.pipo2.PackInHandler.processElement(Unknown Source)
	at org.adempiere.pipo2.PackInHandler.endElement(Unknown Source)
	at java.xml/com.sun.org.apache.xerces.internal.parsers.AbstractSAXParser.endElement(AbstractSAXParser.java:618)
	at java.xml/com.sun.org.apache.xerces.internal.impl.XMLDocumentFragmentScannerImpl.scanEndElement(XMLDocumentFragmentScannerImpl.java:1728)

22:46:41.538===========> PackIn.importXML: importXML: [512]
java.lang.RuntimeException: Cannot read field "contents" because "e" is null
	at org.adempiere.pipo2.PackIn.importXML(Unknown Source)
	at org.adempiere.pipo2.PackIn.importXML(Unknown Source)
	at org.adempiere.pipo2.PackInProcess.doIt(Unknown Source)
	at org.compiere.process.SvrProcess.process(Unknown Source)
	at org.compiere.process.SvrProcess.startProcess(Unknown Source)
	at org.adempiere.util.ProcessUtil.startJavaProcess(Unknown Source)
	at org.compiere.apps.AbstractProcessCtl.startProcess(Unknown Source)
	at org.compiere.apps.AbstractProcessCtl.run(Unknown Source)
	at org.adempiere.webui.apps.WProcessCtl.process(Unknown Source)
	at org.adempiere.webui.apps.AbstractProcessDialog$ProcessDialogRunnable.doRun(Unknown Source)
	at org.adempiere.util.ContextRunnable.run(Unknown Source)
	at org.adempiere.webui.apps.DesktopRunnable.run(Unknown Source)
caused by: java.lang.NullPointerException: Cannot read field "contents" because "e" is null
	at org.adempiere.pipo2.ReferenceUtils.resolveReference(Unknown Source)
	at org.adempiere.pipo2.ReferenceUtils.resolveReferenceAsInt(Unknown Source)
	at org.adempiere.pipo2.handler.ReferenceTableElementHandler.startElement(Unknown Source)
	at org.adempiere.pipo2.PackInHandler.processElement(Unknown Source)
	at org.adempiere.pipo2.PackInHandler.processElement(Unknown Source)
	at org.adempiere.pipo2.PackInHandler.processElement(Unknown Source)
	at org.adempiere.pipo2.PackInHandler.processElement(Unknown Source)
	at org.adempiere.pipo2.PackInHandler.processElement(Unknown Source)
	at org.adempiere.pipo2.PackInHandler.endElement(Unknown Source)
	at java.xml/com.sun.org.apache.xerces.internal.parsers.AbstractSAXParser.endElement(AbstractSAXParser.java:618)
	at java.xml/com.sun.org.apache.xerces.internal.impl.XMLDocumentFragmentScannerImpl.scanEndElement(XMLDocumentFragmentScannerImpl.java:1728)

22:46:41.539===========> PackInProcess.doIt: importXML: [512]
java.lang.RuntimeException: Cannot read field "contents" because "e" is null
	at org.adempiere.pipo2.PackIn.importXML(Unknown Source)
	at org.adempiere.pipo2.PackIn.importXML(Unknown Source)
	at org.adempiere.pipo2.PackInProcess.doIt(Unknown Source)
	at org.compiere.process.SvrProcess.process(Unknown Source)
	at org.compiere.process.SvrProcess.startProcess(Unknown Source)
	at org.adempiere.util.ProcessUtil.startJavaProcess(Unknown Source)
	at org.compiere.apps.AbstractProcessCtl.startProcess(Unknown Source)
	at org.compiere.apps.AbstractProcessCtl.run(Unknown Source)
	at org.adempiere.webui.apps.WProcessCtl.process(Unknown Source)
	at org.adempiere.webui.apps.AbstractProcessDialog$ProcessDialogRunnable.doRun(Unknown Source)
	at org.adempiere.util.ContextRunnable.run(Unknown Source)
	at org.adempiere.webui.apps.DesktopRunnable.run(Unknown Source)
caused by: java.lang.NullPointerException: Cannot read field "contents" because "e" is null
	at org.adempiere.pipo2.ReferenceUtils.resolveReference(Unknown Source)
	at org.adempiere.pipo2.ReferenceUtils.resolveReferenceAsInt(Unknown Source)
	at org.adempiere.pipo2.handler.ReferenceTableElementHandler.startElement(Unknown Source)
	at org.adempiere.pipo2.PackInHandler.processElement(Unknown Source)
	at org.adempiere.pipo2.PackInHandler.processElement(Unknown Source)
	at org.adempiere.pipo2.PackInHandler.processElement(Unknown Source)
	at org.adempiere.pipo2.PackInHandler.processElement(Unknown Source)
	at org.adempiere.pipo2.PackInHandler.processElement(Unknown Source)
	at org.adempiere.pipo2.PackInHandler.endElement(Unknown Source)
	at java.xml/com.sun.org.apache.xerces.internal.parsers.AbstractSAXParser.endElement(AbstractSAXParser.java:618)
	at java.xml/com.sun.org.apache.xerces.internal.impl.XMLDocumentFragmentScannerImpl.scanEndElement(XMLDocumentFragmentScannerImpl.java:1728)

22:46:41.540===========> PackInProcess.process: Cannot read field "contents" because "e" is null [512]
java.lang.NullPointerException: Cannot read field "contents" because "e" is null
	at org.adempiere.pipo2.ReferenceUtils.resolveReference(Unknown Source)
	at org.adempiere.pipo2.ReferenceUtils.resolveReferenceAsInt(Unknown Source)
	at org.adempiere.pipo2.handler.ReferenceTableElementHandler.startElement(Unknown Source)
	at org.adempiere.pipo2.PackInHandler.processElement(Unknown Source)
	at org.adempiere.pipo2.PackInHandler.processElement(Unknown Source)
	at org.adempiere.pipo2.PackInHandler.processElement(Unknown Source)
	at org.adempiere.pipo2.PackInHandler.processElement(Unknown Source)
	at org.adempiere.pipo2.PackInHandler.processElement(Unknown Source)
	at org.adempiere.pipo2.PackInHandler.endElement(Unknown Source)
	at java.xml/com.sun.org.apache.xerces.internal.parsers.AbstractSAXParser.endElement(AbstractSAXParser.java:618)
	at java.xml/com.sun.org.apache.xerces.internal.impl.XMLDocumentFragmentScannerImpl.scanEndElement(XMLDocumentFragmentScannerImpl.java:1728)

22:47:09.797===========> PackIn.importXML: importXML: [539]
java.lang.NullPointerException: Cannot read field "contents" because "e" is null
	at org.adempiere.pipo2.ReferenceUtils.resolveReference(Unknown Source)
	at org.adempiere.pipo2.ReferenceUtils.resolveReferenceAsInt(Unknown Source)
	at org.adempiere.pipo2.handler.ReferenceTableElementHandler.startElement(Unknown Source)
	at org.adempiere.pipo2.PackInHandler.processElement(Unknown Source)
	at org.adempiere.pipo2.PackInHandler.processElement(Unknown Source)
	at org.adempiere.pipo2.PackInHandler.processElement(Unknown Source)
	at org.adempiere.pipo2.PackInHandler.processElement(Unknown Source)
	at org.adempiere.pipo2.PackInHandler.processElement(Unknown Source)
	at org.adempiere.pipo2.PackInHandler.endElement(Unknown Source)
	at java.xml/com.sun.org.apache.xerces.internal.parsers.AbstractSAXParser.endElement(AbstractSAXParser.java:618)
	at java.xml/com.sun.org.apache.xerces.internal.impl.XMLDocumentFragmentScannerImpl.scanEndElement(XMLDocumentFragmentScannerImpl.java:1728)

22:47:09.798===========> PackIn.importXML: importXML: [539]
java.lang.RuntimeException: Cannot read field "contents" because "e" is null
	at org.adempiere.pipo2.PackIn.importXML(Unknown Source)
	at org.adempiere.pipo2.PackIn.importXML(Unknown Source)
	at org.adempiere.pipo2.PackInProcess.doIt(Unknown Source)
	at org.compiere.process.SvrProcess.process(Unknown Source)
	at org.compiere.process.SvrProcess.startProcess(Unknown Source)
	at org.adempiere.util.ProcessUtil.startJavaProcess(Unknown Source)
	at org.compiere.apps.AbstractProcessCtl.startProcess(Unknown Source)
	at org.compiere.apps.AbstractProcessCtl.run(Unknown Source)
	at org.adempiere.webui.apps.WProcessCtl.process(Unknown Source)
	at org.adempiere.webui.apps.AbstractProcessDialog$ProcessDialogRunnable.doRun(Unknown Source)
	at org.adempiere.util.ContextRunnable.run(Unknown Source)
	at org.adempiere.webui.apps.DesktopRunnable.run(Unknown Source)
caused by: java.lang.NullPointerException: Cannot read field "contents" because "e" is null
	at org.adempiere.pipo2.ReferenceUtils.resolveReference(Unknown Source)
	at org.adempiere.pipo2.ReferenceUtils.resolveReferenceAsInt(Unknown Source)
	at org.adempiere.pipo2.handler.ReferenceTableElementHandler.startElement(Unknown Source)
	at org.adempiere.pipo2.PackInHandler.processElement(Unknown Source)
	at org.adempiere.pipo2.PackInHandler.processElement(Unknown Source)
	at org.adempiere.pipo2.PackInHandler.processElement(Unknown Source)
	at org.adempiere.pipo2.PackInHandler.processElement(Unknown Source)
	at org.adempiere.pipo2.PackInHandler.processElement(Unknown Source)
	at org.adempiere.pipo2.PackInHandler.endElement(Unknown Source)
	at java.xml/com.sun.org.apache.xerces.internal.parsers.AbstractSAXParser.endElement(AbstractSAXParser.java:618)
	at java.xml/com.sun.org.apache.xerces.internal.impl.XMLDocumentFragmentScannerImpl.scanEndElement(XMLDocumentFragmentScannerImpl.java:1728)

22:47:09.799===========> PackInProcess.doIt: importXML: [539]
java.lang.RuntimeException: Cannot read field "contents" because "e" is null
	at org.adempiere.pipo2.PackIn.importXML(Unknown Source)
	at org.adempiere.pipo2.PackIn.importXML(Unknown Source)
	at org.adempiere.pipo2.PackInProcess.doIt(Unknown Source)
	at org.compiere.process.SvrProcess.process(Unknown Source)
	at org.compiere.process.SvrProcess.startProcess(Unknown Source)
	at org.adempiere.util.ProcessUtil.startJavaProcess(Unknown Source)
	at org.compiere.apps.AbstractProcessCtl.startProcess(Unknown Source)
	at org.compiere.apps.AbstractProcessCtl.run(Unknown Source)
	at org.adempiere.webui.apps.WProcessCtl.process(Unknown Source)
	at org.adempiere.webui.apps.AbstractProcessDialog$ProcessDialogRunnable.doRun(Unknown Source)
	at org.adempiere.util.ContextRunnable.run(Unknown Source)
	at org.adempiere.webui.apps.DesktopRunnable.run(Unknown Source)
caused by: java.lang.NullPointerException: Cannot read field "contents" because "e" is null
	at org.adempiere.pipo2.ReferenceUtils.resolveReference(Unknown Source)
	at org.adempiere.pipo2.ReferenceUtils.resolveReferenceAsInt(Unknown Source)
	at org.adempiere.pipo2.handler.ReferenceTableElementHandler.startElement(Unknown Source)
	at org.adempiere.pipo2.PackInHandler.processElement(Unknown Source)
	at org.adempiere.pipo2.PackInHandler.processElement(Unknown Source)
	at org.adempiere.pipo2.PackInHandler.processElement(Unknown Source)
	at org.adempiere.pipo2.PackInHandler.processElement(Unknown Source)
	at org.adempiere.pipo2.PackInHandler.processElement(Unknown Source)
	at org.adempiere.pipo2.PackInHandler.endElement(Unknown Source)
	at java.xml/com.sun.org.apache.xerces.internal.parsers.AbstractSAXParser.endElement(AbstractSAXParser.java:618)
	at java.xml/com.sun.org.apache.xerces.internal.impl.XMLDocumentFragmentScannerImpl.scanEndElement(XMLDocumentFragmentScannerImpl.java:1728)

22:47:09.801===========> PackInProcess.process: Cannot read field "contents" because "e" is null [539]
java.lang.NullPointerException: Cannot read field "contents" because "e" is null
	at org.adempiere.pipo2.ReferenceUtils.resolveReference(Unknown Source)
	at org.adempiere.pipo2.ReferenceUtils.resolveReferenceAsInt(Unknown Source)
	at org.adempiere.pipo2.handler.ReferenceTableElementHandler.startElement(Unknown Source)
	at org.adempiere.pipo2.PackInHandler.processElement(Unknown Source)
	at org.adempiere.pipo2.PackInHandler.processElement(Unknown Source)
	at org.adempiere.pipo2.PackInHandler.processElement(Unknown Source)
	at org.adempiere.pipo2.PackInHandler.processElement(Unknown Source)
	at org.adempiere.pipo2.PackInHandler.processElement(Unknown Source)
	at org.adempiere.pipo2.PackInHandler.endElement(Unknown Source)
	at java.xml/com.sun.org.apache.xerces.internal.parsers.AbstractSAXParser.endElement(AbstractSAXParser.java:618)
	at java.xml/com.sun.org.apache.xerces.internal.impl.XMLDocumentFragmentScannerImpl.scanEndElement(XMLDocumentFragmentScannerImpl.java:1728)

22:47:18.571===========> PackIn.importXML: importXML: [32]
java.lang.NullPointerException: Cannot read field "contents" because "e" is null
	at org.adempiere.pipo2.ReferenceUtils.resolveReference(Unknown Source)
	at org.adempiere.pipo2.ReferenceUtils.resolveReferenceAsInt(Unknown Source)
	at org.adempiere.pipo2.handler.ReferenceTableElementHandler.startElement(Unknown Source)
	at org.adempiere.pipo2.PackInHandler.processElement(Unknown Source)
	at org.adempiere.pipo2.PackInHandler.processElement(Unknown Source)
	at org.adempiere.pipo2.PackInHandler.processElement(Unknown Source)
	at org.adempiere.pipo2.PackInHandler.processElement(Unknown Source)
	at org.adempiere.pipo2.PackInHandler.processElement(Unknown Source)
	at org.adempiere.pipo2.PackInHandler.endElement(Unknown Source)
	at java.xml/com.sun.org.apache.xerces.internal.parsers.AbstractSAXParser.endElement(AbstractSAXParser.java:618)
	at java.xml/com.sun.org.apache.xerces.internal.impl.XMLDocumentFragmentScannerImpl.scanEndElement(XMLDocumentFragmentScannerImpl.java:1728)

22:47:18.573===========> PackIn.importXML: importXML: [32]
java.lang.RuntimeException: Cannot read field "contents" because "e" is null
	at org.adempiere.pipo2.PackIn.importXML(Unknown Source)
	at org.adempiere.pipo2.PackIn.importXML(Unknown Source)
	at org.adempiere.pipo2.PackInProcess.doIt(Unknown Source)
	at org.compiere.process.SvrProcess.process(Unknown Source)
	at org.compiere.process.SvrProcess.startProcess(Unknown Source)
	at org.adempiere.util.ProcessUtil.startJavaProcess(Unknown Source)
	at org.compiere.apps.AbstractProcessCtl.startProcess(Unknown Source)
	at org.compiere.apps.AbstractProcessCtl.run(Unknown Source)
	at org.adempiere.webui.apps.WProcessCtl.process(Unknown Source)
	at org.adempiere.webui.apps.AbstractProcessDialog$ProcessDialogRunnable.doRun(Unknown Source)
	at org.adempiere.util.ContextRunnable.run(Unknown Source)
	at org.adempiere.webui.apps.DesktopRunnable.run(Unknown Source)
caused by: java.lang.NullPointerException: Cannot read field "contents" because "e" is null
	at org.adempiere.pipo2.ReferenceUtils.resolveReference(Unknown Source)
	at org.adempiere.pipo2.ReferenceUtils.resolveReferenceAsInt(Unknown Source)
	at org.adempiere.pipo2.handler.ReferenceTableElementHandler.startElement(Unknown Source)
	at org.adempiere.pipo2.PackInHandler.processElement(Unknown Source)
	at org.adempiere.pipo2.PackInHandler.processElement(Unknown Source)
	at org.adempiere.pipo2.PackInHandler.processElement(Unknown Source)
	at org.adempiere.pipo2.PackInHandler.processElement(Unknown Source)
	at org.adempiere.pipo2.PackInHandler.processElement(Unknown Source)
	at org.adempiere.pipo2.PackInHandler.endElement(Unknown Source)
	at java.xml/com.sun.org.apache.xerces.internal.parsers.AbstractSAXParser.endElement(AbstractSAXParser.java:618)
	at java.xml/com.sun.org.apache.xerces.internal.impl.XMLDocumentFragmentScannerImpl.scanEndElement(XMLDocumentFragmentScannerImpl.java:1728)

22:47:18.574===========> PackInProcess.doIt: importXML: [32]
java.lang.RuntimeException: Cannot read field "contents" because "e" is null
	at org.adempiere.pipo2.PackIn.importXML(Unknown Source)
	at org.adempiere.pipo2.PackIn.importXML(Unknown Source)
	at org.adempiere.pipo2.PackInProcess.doIt(Unknown Source)
	at org.compiere.process.SvrProcess.process(Unknown Source)
	at org.compiere.process.SvrProcess.startProcess(Unknown Source)
	at org.adempiere.util.ProcessUtil.startJavaProcess(Unknown Source)
	at org.compiere.apps.AbstractProcessCtl.startProcess(Unknown Source)
	at org.compiere.apps.AbstractProcessCtl.run(Unknown Source)
	at org.adempiere.webui.apps.WProcessCtl.process(Unknown Source)
	at org.adempiere.webui.apps.AbstractProcessDialog$ProcessDialogRunnable.doRun(Unknown Source)
	at org.adempiere.util.ContextRunnable.run(Unknown Source)
	at org.adempiere.webui.apps.DesktopRunnable.run(Unknown Source)
caused by: java.lang.NullPointerException: Cannot read field "contents" because "e" is null
	at org.adempiere.pipo2.ReferenceUtils.resolveReference(Unknown Source)
	at org.adempiere.pipo2.ReferenceUtils.resolveReferenceAsInt(Unknown Source)
	at org.adempiere.pipo2.handler.ReferenceTableElementHandler.startElement(Unknown Source)
	at org.adempiere.pipo2.PackInHandler.processElement(Unknown Source)
	at org.adempiere.pipo2.PackInHandler.processElement(Unknown Source)
	at org.adempiere.pipo2.PackInHandler.processElement(Unknown Source)
	at org.adempiere.pipo2.PackInHandler.processElement(Unknown Source)
	at org.adempiere.pipo2.PackInHandler.processElement(Unknown Source)
	at org.adempiere.pipo2.PackInHandler.endElement(Unknown Source)
	at java.xml/com.sun.org.apache.xerces.internal.parsers.AbstractSAXParser.endElement(AbstractSAXParser.java:618)
	at java.xml/com.sun.org.apache.xerces.internal.impl.XMLDocumentFragmentScannerImpl.scanEndElement(XMLDocumentFragmentScannerImpl.java:1728)

22:47:18.575===========> PackInProcess.process: Cannot read field "contents" because "e" is null [32]
java.lang.NullPointerException: Cannot read field "contents" because "e" is null
	at org.adempiere.pipo2.ReferenceUtils.resolveReference(Unknown Source)
	at org.adempiere.pipo2.ReferenceUtils.resolveReferenceAsInt(Unknown Source)
	at org.adempiere.pipo2.handler.ReferenceTableElementHandler.startElement(Unknown Source)
	at org.adempiere.pipo2.PackInHandler.processElement(Unknown Source)
	at org.adempiere.pipo2.PackInHandler.processElement(Unknown Source)
	at org.adempiere.pipo2.PackInHandler.processElement(Unknown Source)
	at org.adempiere.pipo2.PackInHandler.processElement(Unknown Source)
	at org.adempiere.pipo2.PackInHandler.processElement(Unknown Source)
	at org.adempiere.pipo2.PackInHandler.endElement(Unknown Source)
	at java.xml/com.sun.org.apache.xerces.internal.parsers.AbstractSAXParser.endElement(AbstractSAXParser.java:618)
	at java.xml/com.sun.org.apache.xerces.internal.impl.XMLDocumentFragmentScannerImpl.scanEndElement(XMLDocumentFragmentScannerImpl.java:1728)

22:54:57.261-----------> MRole.getProcessAccess: Role System Administrator has assigned access incompatible process Asset Parent Report [351]
22:54:57.262-----------> MRole.getProcessAccess: Role System Administrator has assigned access incompatible process Asset Group Defaults [351]
22:54:57.262-----------> MRole.getProcessAccess: Role System Administrator has assigned access incompatible process Depreciation Table [351]
22:54:57.263-----------> MRole.getProcessAccess: Role System Administrator has assigned access incompatible process Asset Convention Report [351]
22:54:57.264-----------> MRole.getProcessAccess: Role System Administrator has assigned access incompatible process Asset Depreciation Method [351]
22:54:57.268-----------> MRole.getProcessAccess: Role System Administrator has assigned access incompatible process Generates SIRE Purchase Record [351]
23:10:06.785===========> MLookupFactory.getLookup_TableDir: Key does not end with '_ID' or '_UU': AccountNo [351]
java.lang.Exception: Key does not end with '_ID' or '_UU': AccountNo
	at org.compiere.model.MLookupFactory.getLookup_TableDir(Unknown Source)
	at org.compiere.model.MLookupFactory.getLookupInfo(Unknown Source)
	at org.compiere.model.GridFieldVO.loadLookupInfo(Unknown Source)
	at org.compiere.model.GridFieldVO.initFinish(Unknown Source)
	at org.compiere.model.GridFieldVO.createParameter(Unknown Source)
	at org.adempiere.webui.apps.ProcessParameterPanel.init(Unknown Source)
	at org.adempiere.webui.apps.AbstractProcessDialog.init(Unknown Source)
	at org.adempiere.webui.apps.AbstractProcessDialog.init(Unknown Source)
	at org.adempiere.webui.apps.ProcessDialog.<init>(Unknown Source)
	at org.adempiere.webui.desktop.TabbedDesktop.openProcessDialog(Unknown Source)
	at org.adempiere.webui.desktop.DefaultDesktop.openProcessDialog(Unknown Source)
	at org.adempiere.webui.desktop.AbstractDesktop.onMenuSelected(Unknown Source)
	at org.adempiere.webui.desktop.DefaultDesktop.onMenuSelected(Unknown Source)
	at org.adempiere.webui.panel.AbstractMenuPanel.fireMenuSelectedEvent(Unknown Source)
	at org.adempiere.webui.panel.AbstractMenuPanel.doOnClick(Unknown Source)
	at org.adempiere.webui.panel.AbstractMenuPanel.onEvent(Unknown Source)
	at org.adempiere.webui.panel.MenuTreePanel.onEvent(Unknown Source)

23:10:06.786===========> MLookupFactory.getLookupInfo: No SQL - AccountNo [351]

*** 2026-06-01 00:13:29.64 idempiere Log (CLogFile) ***
