*** 2026-06-02 21:14:14.814 idempiere Log (CLogFile) ***
21:14:14.813 Adempiere.startup: iDempiere(r) Release 14_2026-03-09 -Smart Suite ERP, CRM and SCM- (c) 1999-2026 iDempiere(r); Implementation: iDempiere - Supported by iDempiere community [27]
21:14:14.814 Ini.loadProperties: /home/nextcollege/BDeveloper/idempiere-dev-setup-14/idempiere/idempiere.properties #29 [27]
21:14:14.820-----------> Core.getKeyStore: Encryption with legacy key algorithm DES detected - it is recommended to migrate to a stronger algorithm [27]
21:14:15.366-----------> Activator.createHazelCastInstance: Starting hazelcast with configuration from file hazelcast.xml [27]
21:14:15.894-----------> CPSubsystem: [192.168.0.55]:5701 [adempiere.idempiere14/localhost:5432] [5.3.7] CP Subsystem is not enabled. CP data structures will operate in UNSAFE mode! Please note that UNSAFE mode will not provide strong consistency guarantees. [27]
21:14:16.313-----------> Node: [192.168.0.55]:5701 [adempiere.idempiere14/localhost:5432] [5.3.7] No join method is enabled! Starting standalone. [27]
21:14:16.802-----------> DB.isBuildOK: Build Version Error 

The program assumes build version 14.0.0.qualifier, but database has build version ${env.ADEMPIERE_VERSION} 20080428-1232. 
This is likely to cause hard to fix errors. 
Please contact administrator. [27]
21:14:18.513-----------> EMail.setFrom: you @ company.org: javax.mail.internet.AddressException: Local address contains control or whitespace in string ``you @ company.org'' [27]
21:14:18.521-----------> EMail.addTo: you @ company.org: javax.mail.internet.AddressException: Local address contains control or whitespace in string ``you @ company.org'' [27]
21:14:18.521-----------> EMail.isValid: From is invalid=null [27]
21:14:18.522-----------> EMail.isValid: From is invalid=null [27]
21:14:18.526-----------> MClient.sendEMail: Could NOT Send Email: Server started: iDempiere (nextcollege-G751JT:192.168.0.55) to you @ company.org: Invalid Data (System) [27]
21:14:19.720           LoggedSessionListener.contextInitialized: iDempiere context initialized for 10.3.0.1 [27]
21:14:19.979-----------> TimeZoneDataBaseVersionChecker.init: Time zone data version mismatch detected:
 - Client (moment.js) tzdb version: 2025b
 - Server (JDK) tzdb version: 2026a
Date and time values may be incorrect if time zone rules differ.
To resolve, update the moment-timezone data on the client and/or the JDK time zone data (TZUpdater or Java update) on the server so both use the same version. [27]
21:16:20.981-----------> PackInApplicationActivator.getFilesToProcess: Processing migration [489]
21:21:53.760-----------> EGSCreateRateUSDtoPEN.doIt: PASO 1: Abriendo canal seguro y capturando contexto... [357]
21:21:53.859-----------> EGSCreateRateUSDtoPEN.doIt: Cookies validadas: [TS61ff7286027=08d0cd49b8ab20002dc31757259c1241c6580a5c72d2144d5ee6e80d2f581fa12cff2821ebe1b15f08e5422fa611300017adaaf715a68e991d85772620d86fc59b1e612eee916c745b6d75c2eb2d7151e389e0b299bd0aba4d373868f068def8; TS0105b0c6=019edc9eb84f92ca0ed2c246574455fb37386e1dca40ddf1cd9a51daf89d5bcf401ede6d285f8a80bb666d860d90da0fb3e7406a783d7272c2f10506dea923b7fc073c26cf; IAASISTENCIAGESTIONSESSION=3k2LSY05Mv_z9fjVDYgbnlJMzjl7amTW95CCI4Gj4YXhiVfnc_oc4IzPwYZpozr3cv-ygUQRAcq0Z9ixr4kkS4TnCtymwiw11OJkq4C6wVRMiIy_zcwR3a_pcqXFRwT4Azeao-LYveSAyje5c7jWEIvIYSmou-g14sjRwPfUAf2278DplIRgUUuxmZUzbr43OxmIeQDvP-7uafhHZFqH0EW4FVp24BOap-_SCKOSqjdBH9HCKTyTgLkTxFjso_yO!-1926820799!1093042530] [357]
21:21:53.868-----------> EGSCreateRateUSDtoPEN.doIt: Esperando estabilización de canal perimetral... [357]
21:21:56.869-----------> EGSCreateRateUSDtoPEN.doIt: PASO 2: Transmitiendo consulta via POST con Payload JSON Estricto... [357]
21:21:56.869-----------> EGSCreateRateUSDtoPEN.doIt: Periodo de consulta: 06/2026 [357]
21:21:56.898-----------> EGSCreateRateUSDtoPEN.doIt: Respuesta HTTP del Servidor: 400 [357]
21:21:56.898-----------> EGSCreateRateUSDtoPEN.doIt: Respuesta cruda del API SUNAT: <!DOCTYPE HTML PUBLIC "-//W3C//DTD HTML 4.0 Draft//EN"><HTML><HEAD><TITLE>Error 400--Bad Request</TITLE></HEAD><BODY bgcolor="white"><FONT FACE=Helvetica><BR CLEAR=all><TABLE border=0 cellspacing=5><TR><TD><BR CLEAR=all><FONT FACE="Helvetica" COLOR="black" SIZE="3"><H2>Error 400--Bad Request</H2></FONT></TD></TR></TABLE><TABLE border=0 width=100% cellpadding=10><TR><TD VALIGN=top WIDTH=100% BGCOLOR=white><FONT FACE="Courier New"><FONT FACE="Helvetica" SIZE="3"><H3>From RFC 2068 <i>Hypertext Transfer Protocol -- HTTP/1.1</i>:</H3></FONT><FONT FACE="Helvetica" SIZE="3"><H4>10.4.1 400 Bad Request</H4></FONT><P><FONT FACE="Courier New">The request could not be understood by the server due to malformed syntax. The client SHOULD NOT repeat the request without modifications.</FONT></P></FONT></TD></TR></TABLE></BODY></HTML> [357]
21:21:56.901-----------> EGSCreateRateUSDtoPEN.doIt: Excepción en el intento 1: El cuerpo de la respuesta JSON no contiene elementos reconocidos o el formato mutó. [357]
21:21:56.901-----------> EGSCreateRateUSDtoPEN.doIt: Intento 2 de 5. Reintentando secuencia completa... [357]
21:22:00.901-----------> EGSCreateRateUSDtoPEN.doIt: PASO 1: Abriendo canal seguro y capturando contexto... [357]
21:22:00.928-----------> EGSCreateRateUSDtoPEN.doIt: Cookies validadas: [TS61ff7286027=08d0cd49b8ab2000d89e154175205fcfd7534bde64c567fcfdfade68a411d279dcdfc524c5cc35e4080f33fe67113000098247de1fb81ceeb01f429a34542276e4fbe79f5e59fd66da024324d5739d67f08ec013ddcde1ac48fba456e943b970; TS0105b0c6=019edc9eb821bf9f92f3d4d170b83de78fc1e81aa50a4f1b13ed41b38122af9bb5b34bf86df2f1bdaddd9e13e256bd3673536fefc422500cf0d5dd0ad34a9eca3a282743ba; IAASISTENCIAGESTIONSESSION=mbqLSajWfAC1jfM_DWUFg5E-7COZq-vkIX2aD5-QH5703R25eOSwkUJTwFhbc9KObr2YuQ8FhBQmwoiIMywoY3GIpEOTwdj7UX_LROI_HYz3Cp9jI8dv-_K2kz7SxxOUVU0DbTiNxh7bSoVeE5bIjjpqRcH2GGYY0_xnxGYwswgm-tiXkbozsG1Toh6EN2w_wVlpnWpTX_vW3ULMIucNxSunsNv3sX7dtMRillGATnuV8ZIdJSMH81L1NR-MdhBa!-1926820799!1093042530] [357]
21:22:00.930-----------> EGSCreateRateUSDtoPEN.doIt: Esperando estabilización de canal perimetral... [357]
21:22:03.930-----------> EGSCreateRateUSDtoPEN.doIt: PASO 2: Transmitiendo consulta via POST con Payload JSON Estricto... [357]
21:22:03.930-----------> EGSCreateRateUSDtoPEN.doIt: Periodo de consulta: 06/2026 [357]
21:22:03.955-----------> EGSCreateRateUSDtoPEN.doIt: Respuesta HTTP del Servidor: 400 [357]
21:22:03.955-----------> EGSCreateRateUSDtoPEN.doIt: Respuesta cruda del API SUNAT: <!DOCTYPE HTML PUBLIC "-//W3C//DTD HTML 4.0 Draft//EN"><HTML><HEAD><TITLE>Error 400--Bad Request</TITLE></HEAD><BODY bgcolor="white"><FONT FACE=Helvetica><BR CLEAR=all><TABLE border=0 cellspacing=5><TR><TD><BR CLEAR=all><FONT FACE="Helvetica" COLOR="black" SIZE="3"><H2>Error 400--Bad Request</H2></FONT></TD></TR></TABLE><TABLE border=0 width=100% cellpadding=10><TR><TD VALIGN=top WIDTH=100% BGCOLOR=white><FONT FACE="Courier New"><FONT FACE="Helvetica" SIZE="3"><H3>From RFC 2068 <i>Hypertext Transfer Protocol -- HTTP/1.1</i>:</H3></FONT><FONT FACE="Helvetica" SIZE="3"><H4>10.4.1 400 Bad Request</H4></FONT><P><FONT FACE="Courier New">The request could not be understood by the server due to malformed syntax. The client SHOULD NOT repeat the request without modifications.</FONT></P></FONT></TD></TR></TABLE></BODY></HTML> [357]
21:22:03.956-----------> EGSCreateRateUSDtoPEN.doIt: Excepción en el intento 2: El cuerpo de la respuesta JSON no contiene elementos reconocidos o el formato mutó. [357]
21:22:03.956-----------> EGSCreateRateUSDtoPEN.doIt: Intento 3 de 5. Reintentando secuencia completa... [357]
21:22:07.956-----------> EGSCreateRateUSDtoPEN.doIt: PASO 1: Abriendo canal seguro y capturando contexto... [357]
21:22:07.983-----------> EGSCreateRateUSDtoPEN.doIt: Cookies validadas: [TS61ff7286027=08d0cd49b8ab20007ed381847286a636baa2154425d53eb6ea8124b50f0495cf4a194fa061cb126b08325784d21130001eb84f6e0dc68d5dcc5dc48d5d8426b9fdb17cbcae0ca20a258b398e7abd3886567b187b6ce6ac2e11d346613da540f4; TS0105b0c6=019edc9eb81237d73524a7ffd60c8818aa0daac011147d355dd07a508b934907eb310f87bb16035441f520c1ceac287afa1caa0c8c7d33b0a37429056b21a5efe03051c34e; IAASISTENCIAGESTIONSESSION=8M-LScRlm4BpjoxH9_uXLwk9MiAW3fc-FZDwqplaubXgOGXqa4Z9Y7RwKguV_6q9X1nOU2fbsxSYNZ3jXJLKmB6f3EyeAglBtr5TdQZiEdFsSzMPV7Rj0WBNZZsoeDXue_TIziM04-JetuiQVW08MqM49Qz1gQOsSviVJKYHH6MemM_EiUJPyiIRsBMNVsRX5A-mUZNDqCyMOVs0jZproOOZFIuFr4sr_-xeO0eWUxWMO94pZpjQmkta6nhWef-4!-1926820799!1093042530] [357]
21:22:07.985-----------> EGSCreateRateUSDtoPEN.doIt: Esperando estabilización de canal perimetral... [357]
21:22:10.985-----------> EGSCreateRateUSDtoPEN.doIt: PASO 2: Transmitiendo consulta via POST con Payload JSON Estricto... [357]
21:22:10.985-----------> EGSCreateRateUSDtoPEN.doIt: Periodo de consulta: 06/2026 [357]
21:22:11.010-----------> EGSCreateRateUSDtoPEN.doIt: Respuesta HTTP del Servidor: 400 [357]
21:22:11.010-----------> EGSCreateRateUSDtoPEN.doIt: Respuesta cruda del API SUNAT: <!DOCTYPE HTML PUBLIC "-//W3C//DTD HTML 4.0 Draft//EN"><HTML><HEAD><TITLE>Error 400--Bad Request</TITLE></HEAD><BODY bgcolor="white"><FONT FACE=Helvetica><BR CLEAR=all><TABLE border=0 cellspacing=5><TR><TD><BR CLEAR=all><FONT FACE="Helvetica" COLOR="black" SIZE="3"><H2>Error 400--Bad Request</H2></FONT></TD></TR></TABLE><TABLE border=0 width=100% cellpadding=10><TR><TD VALIGN=top WIDTH=100% BGCOLOR=white><FONT FACE="Courier New"><FONT FACE="Helvetica" SIZE="3"><H3>From RFC 2068 <i>Hypertext Transfer Protocol -- HTTP/1.1</i>:</H3></FONT><FONT FACE="Helvetica" SIZE="3"><H4>10.4.1 400 Bad Request</H4></FONT><P><FONT FACE="Courier New">The request could not be understood by the server due to malformed syntax. The client SHOULD NOT repeat the request without modifications.</FONT></P></FONT></TD></TR></TABLE></BODY></HTML> [357]
21:22:11.011-----------> EGSCreateRateUSDtoPEN.doIt: Excepción en el intento 3: El cuerpo de la respuesta JSON no contiene elementos reconocidos o el formato mutó. [357]
21:22:11.011-----------> EGSCreateRateUSDtoPEN.doIt: Intento 4 de 5. Reintentando secuencia completa... [357]
21:22:15.011-----------> EGSCreateRateUSDtoPEN.doIt: PASO 1: Abriendo canal seguro y capturando contexto... [357]
21:22:15.052-----------> EGSCreateRateUSDtoPEN.doIt: Cookies validadas: [TS61ff7286027=08d0cd49b8ab200017931c9ffa11fa8db7d603181be61c5184ee0d32202e26623d3f5c6e1477bc2d08dda8bc741130005d1b0986cbc02bd6e5c2ef8d0bbc0358b06164608c91f1c7fa47ccd18bb092fa39bc038c71bb9b7425d5ab86ec953a1f; TS0105b0c6=019edc9eb808089e0f0af178248ac60eee54104d5cb497881eff2b5a7f8050b9679c040ea2532bf7d9a86c14a014a23b0d71f724005618080ec6c043b523ac6e73ef81961c; IAASISTENCIAGESTIONSESSION=GLmLSeAD0Xa8kItmR0Josh2WtPTMLwm3zSxggChR8oqMlQDs56oco9QIzovbr7VzDPCacVKf_Q0JTC3oc7Xky6UTTtsybV5kFult_IQLm4-eVXC2DCD5PvjlrKqE059aeUnh3QmgFrxcIUqeZJegnZPIWXvGc-iPVJv2UZPjjQNs8JPRB1MGZ2R4Vp_f5qPT5NstmTXnBYP7uNjPqnwPEtB1dx4dZqPrkBxJID_0lx0cKIwbwqKstqK0rqnCeeOq!-1926820799!1093042530] [357]
21:22:15.054-----------> EGSCreateRateUSDtoPEN.doIt: Esperando estabilización de canal perimetral... [357]
21:22:18.054-----------> EGSCreateRateUSDtoPEN.doIt: PASO 2: Transmitiendo consulta via POST con Payload JSON Estricto... [357]
21:22:18.055-----------> EGSCreateRateUSDtoPEN.doIt: Periodo de consulta: 06/2026 [357]
21:22:18.089-----------> EGSCreateRateUSDtoPEN.doIt: Respuesta HTTP del Servidor: 400 [357]
21:22:18.089-----------> EGSCreateRateUSDtoPEN.doIt: Respuesta cruda del API SUNAT: <!DOCTYPE HTML PUBLIC "-//W3C//DTD HTML 4.0 Draft//EN"><HTML><HEAD><TITLE>Error 400--Bad Request</TITLE></HEAD><BODY bgcolor="white"><FONT FACE=Helvetica><BR CLEAR=all><TABLE border=0 cellspacing=5><TR><TD><BR CLEAR=all><FONT FACE="Helvetica" COLOR="black" SIZE="3"><H2>Error 400--Bad Request</H2></FONT></TD></TR></TABLE><TABLE border=0 width=100% cellpadding=10><TR><TD VALIGN=top WIDTH=100% BGCOLOR=white><FONT FACE="Courier New"><FONT FACE="Helvetica" SIZE="3"><H3>From RFC 2068 <i>Hypertext Transfer Protocol -- HTTP/1.1</i>:</H3></FONT><FONT FACE="Helvetica" SIZE="3"><H4>10.4.1 400 Bad Request</H4></FONT><P><FONT FACE="Courier New">The request could not be understood by the server due to malformed syntax. The client SHOULD NOT repeat the request without modifications.</FONT></P></FONT></TD></TR></TABLE></BODY></HTML> [357]
21:22:18.089-----------> EGSCreateRateUSDtoPEN.doIt: Excepción en el intento 4: El cuerpo de la respuesta JSON no contiene elementos reconocidos o el formato mutó. [357]
21:22:18.089-----------> EGSCreateRateUSDtoPEN.doIt: Intento 5 de 5. Reintentando secuencia completa... [357]
21:22:22.090-----------> EGSCreateRateUSDtoPEN.doIt: PASO 1: Abriendo canal seguro y capturando contexto... [357]
21:22:22.115-----------> EGSCreateRateUSDtoPEN.doIt: Cookies validadas: [TS61ff7286027=08d0cd49b8ab200044404cbe15aec9e17e5417683fc6cdf45f8c97c9c71b2ff53f01ed285e1f997808dde0e4cb1130009376fd1fb472494f2ea52b15e2b51ffe3cc9bae88c1dc01b452e9ba43579fb18c864c7e9937073f91ad5cadf44939458; TS0105b0c6=019edc9eb804af91e762f46349b3f4d07f40e770bb58a591ac8666eaaae605567e2f656f58758854086de5903bb42d5ff9ada05b7f3f886c6f5f271126d5ba933d29c7db90; IAASISTENCIAGESTIONSESSION=-JCLSfubaEYWQ2x5YWj0eeeNNo4nahUNkA3Ic6iAnj-dm1nL__4h-ZYlCH0U37l_G4hYS7iuv7VgruqiCQDYwWwp7ohk_b_nNmbY8l1GFSWtBDY2N9NH4zxary-TeHDiPbNzKdJfuLCWn3tDIDe8vuublesDqOoHj4TKNZGepa9fyLfSsYLfUBwIqbGP5nv2TV6h6U2ivXuWePpeQbmhMUJ_FLzm5OOzDSZJEtB_0KY-k9dqJNccUG5EXPi3gZn8!-1926820799!1093042530] [357]
21:22:22.117-----------> EGSCreateRateUSDtoPEN.doIt: Esperando estabilización de canal perimetral... [357]
21:22:25.117-----------> EGSCreateRateUSDtoPEN.doIt: PASO 2: Transmitiendo consulta via POST con Payload JSON Estricto... [357]
21:22:25.117-----------> EGSCreateRateUSDtoPEN.doIt: Periodo de consulta: 06/2026 [357]
21:22:25.143-----------> EGSCreateRateUSDtoPEN.doIt: Respuesta HTTP del Servidor: 400 [357]
21:22:25.143-----------> EGSCreateRateUSDtoPEN.doIt: Respuesta cruda del API SUNAT: <!DOCTYPE HTML PUBLIC "-//W3C//DTD HTML 4.0 Draft//EN"><HTML><HEAD><TITLE>Error 400--Bad Request</TITLE></HEAD><BODY bgcolor="white"><FONT FACE=Helvetica><BR CLEAR=all><TABLE border=0 cellspacing=5><TR><TD><BR CLEAR=all><FONT FACE="Helvetica" COLOR="black" SIZE="3"><H2>Error 400--Bad Request</H2></FONT></TD></TR></TABLE><TABLE border=0 width=100% cellpadding=10><TR><TD VALIGN=top WIDTH=100% BGCOLOR=white><FONT FACE="Courier New"><FONT FACE="Helvetica" SIZE="3"><H3>From RFC 2068 <i>Hypertext Transfer Protocol -- HTTP/1.1</i>:</H3></FONT><FONT FACE="Helvetica" SIZE="3"><H4>10.4.1 400 Bad Request</H4></FONT><P><FONT FACE="Courier New">The request could not be understood by the server due to malformed syntax. The client SHOULD NOT repeat the request without modifications.</FONT></P></FONT></TD></TR></TABLE></BODY></HTML> [357]
21:22:25.143-----------> EGSCreateRateUSDtoPEN.doIt: Excepción en el intento 5: El cuerpo de la respuesta JSON no contiene elementos reconocidos o el formato mutó. [357]
21:22:25.144===========> EGSCreateRateUSDtoPEN.process: Fallo estructural en el intercambio de datos con el API tras agotar reintentos. [357]
org.adempiere.exceptions.AdempiereException: El cuerpo de la respuesta JSON no contiene elementos reconocidos o el formato mutó.
	at com.egssmart.finantials.proccess.EGSCreateRateUSDtoPEN.doIt(Unknown Source)
	at org.compiere.process.SvrProcess.process(Unknown Source)
	at org.compiere.process.SvrProcess.startProcess(Unknown Source)
	at org.adempiere.util.ProcessUtil.startJavaProcess(Unknown Source)
	at org.compiere.apps.AbstractProcessCtl.startProcess(Unknown Source)
	at org.compiere.apps.AbstractProcessCtl.run(Unknown Source)
	at org.adempiere.webui.apps.WProcessCtl.process(Unknown Source)
	at org.adempiere.webui.apps.AbstractProcessDialog$ProcessDialogRunnable.doRun(Unknown Source)
	at org.adempiere.util.ContextRunnable.run(Unknown Source)
	at org.adempiere.webui.apps.DesktopRunnable.run(Unknown Source)
	at java.base/java.util.concurrent.Executors$RunnableAdapter.call(Executors.java:539)


*** 2026-06-02 21:25:30.023 idempiere Log (CLogFile) ***
