*** 2026-06-02 14:51:04.695 idempiere Log (CLogFile) ***
14:51:04.694 Adempiere.startup: iDempiere(r) Release 14_2026-03-09 -Smart Suite ERP, CRM and SCM- (c) 1999-2026 iDempiere(r); Implementation: iDempiere - Supported by iDempiere community [27]
14:51:04.696 Ini.loadProperties: /home/nextcollege/BDeveloper/idempiere-dev-setup-14/idempiere/idempiere.properties #29 [27]
14:51:04.703-----------> Core.getKeyStore: Encryption with legacy key algorithm DES detected - it is recommended to migrate to a stronger algorithm [27]
14:51:05.247-----------> Activator.createHazelCastInstance: Starting hazelcast with configuration from file hazelcast.xml [27]
14:51:05.786-----------> CPSubsystem: [192.168.0.55]:5701 [adempiere.idempiere14/localhost:5432] [5.3.7] CP Subsystem is not enabled. CP data structures will operate in UNSAFE mode! Please note that UNSAFE mode will not provide strong consistency guarantees. [27]
14:51:06.079-----------> Node: [192.168.0.55]:5701 [adempiere.idempiere14/localhost:5432] [5.3.7] No join method is enabled! Starting standalone. [27]
14:51:06.568-----------> DB.isBuildOK: Build Version Error 

The program assumes build version 14.0.0.qualifier, but database has build version ${env.ADEMPIERE_VERSION} 20080428-1232. 
This is likely to cause hard to fix errors. 
Please contact administrator. [27]
14:51:08.380-----------> EMail.setFrom: you @ company.org: javax.mail.internet.AddressException: Local address contains control or whitespace in string ``you @ company.org'' [27]
14:51:08.385-----------> EMail.addTo: you @ company.org: javax.mail.internet.AddressException: Local address contains control or whitespace in string ``you @ company.org'' [27]
14:51:08.386-----------> EMail.isValid: From is invalid=null [27]
14:51:08.386-----------> EMail.isValid: From is invalid=null [27]
14:51:08.391-----------> MClient.sendEMail: Could NOT Send Email: Server started: iDempiere (nextcollege-G751JT:192.168.0.55) to you @ company.org: Invalid Data (System) [27]
14:51:09.710           LoggedSessionListener.contextInitialized: iDempiere context initialized for 10.3.0.1 [27]
14:51:09.909-----------> TimeZoneDataBaseVersionChecker.init: Time zone data version mismatch detected:
 - Client (moment.js) tzdb version: 2025b
 - Server (JDK) tzdb version: 2026a
Date and time values may be incorrect if time zone rules differ.
To resolve, update the moment-timezone data on the client and/or the JDK time zone data (TZUpdater or Java update) on the server so both use the same version. [27]
14:51:32.912-----------> EGSCreateRateUSDtoPEN.doIt: PASO 1: Capturando cookies de sesión base en el Home... [591]
14:51:33.044-----------> EGSCreateRateUSDtoPEN.doIt: Cookies F5 BIG-IP capturadas: [IAASISTENCIAGESTIONSESSION, TS0105b0c6, TSf3c1dbbd027] [591]
14:51:33.045-----------> EGSCreateRateUSDtoPEN.doIt: Esperando 2500ms para simular comportamiento humano (Render JS)... [591]
14:51:35.545-----------> EGSCreateRateUSDtoPEN.doIt: PASO 2: Lanzando consulta asíncrona JSON con transferencia limpia... [591]
14:51:35.545-----------> EGSCreateRateUSDtoPEN.doIt: Payload: {"anhoConsulta":"2026","mesConsulta":"5","indMes":"1","mode":"month"} [591]
14:51:35.598-----------> EGSCreateRateUSDtoPEN.doIt: Error de red en la secuencia controlada: HTTP error fetching URL. Status=400, URL=[https://e-consulta.sunat.gob.pe/cl-at-ittipcam/tcS01Alias/listarTipoCambio] [591]
14:51:35.599-----------> EGSCreateRateUSDtoPEN.doIt: Intento 2 de 5. Reintentando secuencia completa... [591]
14:51:39.599-----------> EGSCreateRateUSDtoPEN.doIt: PASO 1: Capturando cookies de sesión base en el Home... [591]
14:51:39.667-----------> EGSCreateRateUSDtoPEN.doIt: Cookies F5 BIG-IP capturadas: [IAASISTENCIAGESTIONSESSION, TSf3c1dbbd027] [591]
14:51:39.667-----------> EGSCreateRateUSDtoPEN.doIt: Esperando 2500ms para simular comportamiento humano (Render JS)... [591]
14:51:42.167-----------> EGSCreateRateUSDtoPEN.doIt: PASO 2: Lanzando consulta asíncrona JSON con transferencia limpia... [591]
14:51:42.167-----------> EGSCreateRateUSDtoPEN.doIt: Payload: {"anhoConsulta":"2026","mesConsulta":"5","indMes":"1","mode":"month"} [591]
14:51:42.228-----------> EGSCreateRateUSDtoPEN.doIt: Error de red en la secuencia controlada: HTTP error fetching URL. Status=400, URL=[https://e-consulta.sunat.gob.pe/cl-at-ittipcam/tcS01Alias/listarTipoCambio] [591]
14:51:42.229-----------> EGSCreateRateUSDtoPEN.doIt: Intento 3 de 5. Reintentando secuencia completa... [591]
14:51:46.229-----------> EGSCreateRateUSDtoPEN.doIt: PASO 1: Capturando cookies de sesión base en el Home... [591]
14:51:46.300-----------> EGSCreateRateUSDtoPEN.doIt: Cookies F5 BIG-IP capturadas: [IAASISTENCIAGESTIONSESSION, TSf3c1dbbd027] [591]
14:51:46.300-----------> EGSCreateRateUSDtoPEN.doIt: Esperando 2500ms para simular comportamiento humano (Render JS)... [591]
14:51:48.800-----------> EGSCreateRateUSDtoPEN.doIt: PASO 2: Lanzando consulta asíncrona JSON con transferencia limpia... [591]
14:51:48.801-----------> EGSCreateRateUSDtoPEN.doIt: Payload: {"anhoConsulta":"2026","mesConsulta":"5","indMes":"1","mode":"month"} [591]
14:51:48.863-----------> EGSCreateRateUSDtoPEN.doIt: Error de red en la secuencia controlada: HTTP error fetching URL. Status=400, URL=[https://e-consulta.sunat.gob.pe/cl-at-ittipcam/tcS01Alias/listarTipoCambio] [591]
14:51:48.863-----------> EGSCreateRateUSDtoPEN.doIt: Intento 4 de 5. Reintentando secuencia completa... [591]
14:51:52.863-----------> EGSCreateRateUSDtoPEN.doIt: PASO 1: Capturando cookies de sesión base en el Home... [591]
14:51:52.938-----------> EGSCreateRateUSDtoPEN.doIt: Cookies F5 BIG-IP capturadas: [IAASISTENCIAGESTIONSESSION, TSf3c1dbbd027] [591]
14:51:52.938-----------> EGSCreateRateUSDtoPEN.doIt: Esperando 2500ms para simular comportamiento humano (Render JS)... [591]
14:51:55.438-----------> EGSCreateRateUSDtoPEN.doIt: PASO 2: Lanzando consulta asíncrona JSON con transferencia limpia... [591]
14:51:55.439-----------> EGSCreateRateUSDtoPEN.doIt: Payload: {"anhoConsulta":"2026","mesConsulta":"5","indMes":"1","mode":"month"} [591]
14:51:55.492-----------> EGSCreateRateUSDtoPEN.doIt: Error de red en la secuencia controlada: HTTP error fetching URL. Status=400, URL=[https://e-consulta.sunat.gob.pe/cl-at-ittipcam/tcS01Alias/listarTipoCambio] [591]
14:51:55.492-----------> EGSCreateRateUSDtoPEN.doIt: Intento 5 de 5. Reintentando secuencia completa... [591]
14:51:59.492-----------> EGSCreateRateUSDtoPEN.doIt: PASO 1: Capturando cookies de sesión base en el Home... [591]
14:51:59.559-----------> EGSCreateRateUSDtoPEN.doIt: Cookies F5 BIG-IP capturadas: [IAASISTENCIAGESTIONSESSION, TSf3c1dbbd027] [591]
14:51:59.559-----------> EGSCreateRateUSDtoPEN.doIt: Esperando 2500ms para simular comportamiento humano (Render JS)... [591]
14:52:02.060-----------> EGSCreateRateUSDtoPEN.doIt: PASO 2: Lanzando consulta asíncrona JSON con transferencia limpia... [591]
14:52:02.060-----------> EGSCreateRateUSDtoPEN.doIt: Payload: {"anhoConsulta":"2026","mesConsulta":"5","indMes":"1","mode":"month"} [591]
14:52:02.116-----------> EGSCreateRateUSDtoPEN.doIt: Error de red en la secuencia controlada: HTTP error fetching URL. Status=400, URL=[https://e-consulta.sunat.gob.pe/cl-at-ittipcam/tcS01Alias/listarTipoCambio] [591]
14:52:02.120===========> EGSCreateRateUSDtoPEN.process: Incapaz de estabilizar la comunicación con el servicio de SUNAT después de 5 intentos. [591]
org.jsoup.HttpStatusException: HTTP error fetching URL. Status=400, URL=[https://e-consulta.sunat.gob.pe/cl-at-ittipcam/tcS01Alias/listarTipoCambio]
	at org.jsoup.helper.HttpConnection$Response.execute(HttpConnection.java:913)
	at org.jsoup.helper.HttpConnection$Response.execute(HttpConnection.java:866)
	at org.jsoup.helper.HttpConnection.execute(HttpConnection.java:365)
	at com.egssmart.finantials.proccess.EGSCreateRateUSDtoPEN.doIt(Unknown Source)
	at org.compiere.process.SvrProcess.process(Unknown Source)
	at org.compiere.process.SvrProcess.startProcess(Unknown Source)
	at org.adempiere.util.ProcessUtil.startJavaProcess(Unknown Source)
	at org.compiere.apps.AbstractProcessCtl.startProcess(Unknown Source)
	at org.compiere.apps.AbstractProcessCtl.run(Unknown Source)
	at org.adempiere.webui.apps.WProcessCtl.process(Unknown Source)
	at org.adempiere.webui.apps.AbstractProcessDialog$ProcessDialogRunnable.doRun(Unknown Source)
	at org.adempiere.util.ContextRunnable.run(Unknown Source)
	at org.adempiere.webui.apps.DesktopRunnable.run(Unknown Source)

14:53:10.983-----------> PackInApplicationActivator.getFilesToProcess: Processing migration [549]

*** 2026-06-02 15:34:07.317 idempiere Log (CLogFile) ***
