*** 2026-06-02 02:09:25.562 idempiere Log (CLogFile) ***
02:09:25.562 Adempiere.startup: iDempiere(r) Release 14_2026-03-09 -Smart Suite ERP, CRM and SCM- (c) 1999-2026 iDempiere(r); Implementation: iDempiere - Supported by iDempiere community [27]
02:09:25.563 Ini.loadProperties: /home/nextcollege/BDeveloper/idempiere-dev-setup-14/idempiere/idempiere.properties #29 [27]
02:09:25.569-----------> Core.getKeyStore: Encryption with legacy key algorithm DES detected - it is recommended to migrate to a stronger algorithm [27]
02:09:26.101-----------> Activator.createHazelCastInstance: Starting hazelcast with configuration from file hazelcast.xml [27]
02:09:26.685-----------> CPSubsystem: [192.168.0.55]:5701 [adempiere.idempiere14/localhost:5432] [5.3.7] CP Subsystem is not enabled. CP data structures will operate in UNSAFE mode! Please note that UNSAFE mode will not provide strong consistency guarantees. [27]
02:09:26.978-----------> Node: [192.168.0.55]:5701 [adempiere.idempiere14/localhost:5432] [5.3.7] No join method is enabled! Starting standalone. [27]
02:09:27.579-----------> DB.isBuildOK: Build Version Error 

The program assumes build version 14.0.0.qualifier, but database has build version ${env.ADEMPIERE_VERSION} 20080428-1232. 
This is likely to cause hard to fix errors. 
Please contact administrator. [27]
02:09:29.462-----------> EMail.setFrom: you @ company.org: javax.mail.internet.AddressException: Local address contains control or whitespace in string ``you @ company.org'' [27]
02:09:29.467-----------> EMail.addTo: you @ company.org: javax.mail.internet.AddressException: Local address contains control or whitespace in string ``you @ company.org'' [27]
02:09:29.468-----------> EMail.isValid: From is invalid=null [27]
02:09:29.468-----------> EMail.isValid: From is invalid=null [27]
02:09:29.473-----------> MClient.sendEMail: Could NOT Send Email: Server started: iDempiere (nextcollege-G751JT:192.168.0.55) to you @ company.org: Invalid Data (System) [27]
02:09:30.772           LoggedSessionListener.contextInitialized: iDempiere context initialized for 10.3.0.1 [27]
02:09:49.034-----------> EGSCreateRateUSDtoPEN.doIt: Paso 1: Obteniendo tokens y cookies de la sesión inicial de SUNAT... [577]
02:09:49.698-----------> EGSCreateRateUSDtoPEN.doIt: Paso 2: Consultando API con Payload JSON Seguro y Llaves Cortas del periodo: 5/2026 [577]
02:09:50.022-----------> EGSCreateRateUSDtoPEN.doIt: Fallo de conexión en el API de la SUNAT: HTTP error fetching URL. Status=400, URL=[https://e-consulta.sunat.gob.pe/cl-at-ittipcam/tcS01Alias/listarTipoCambio] [577]
02:09:50.022-----------> EGSCreateRateUSDtoPEN.doIt: Intento 2 de 5. Reintentando... [577]
02:09:54.023-----------> EGSCreateRateUSDtoPEN.doIt: Paso 1: Obteniendo tokens y cookies de la sesión inicial de SUNAT... [577]
02:09:54.396-----------> EGSCreateRateUSDtoPEN.doIt: Paso 2: Consultando API con Payload JSON Seguro y Llaves Cortas del periodo: 5/2026 [577]
02:09:54.690-----------> EGSCreateRateUSDtoPEN.doIt: Fallo de conexión en el API de la SUNAT: HTTP error fetching URL. Status=400, URL=[https://e-consulta.sunat.gob.pe/cl-at-ittipcam/tcS01Alias/listarTipoCambio] [577]
02:09:54.690-----------> EGSCreateRateUSDtoPEN.doIt: Intento 3 de 5. Reintentando... [577]
02:09:58.691-----------> EGSCreateRateUSDtoPEN.doIt: Paso 1: Obteniendo tokens y cookies de la sesión inicial de SUNAT... [577]
02:09:59.068-----------> EGSCreateRateUSDtoPEN.doIt: Paso 2: Consultando API con Payload JSON Seguro y Llaves Cortas del periodo: 5/2026 [577]
02:09:59.349-----------> EGSCreateRateUSDtoPEN.doIt: Fallo de conexión en el API de la SUNAT: HTTP error fetching URL. Status=400, URL=[https://e-consulta.sunat.gob.pe/cl-at-ittipcam/tcS01Alias/listarTipoCambio] [577]
02:09:59.349-----------> EGSCreateRateUSDtoPEN.doIt: Intento 4 de 5. Reintentando... [577]
02:10:03.350-----------> EGSCreateRateUSDtoPEN.doIt: Paso 1: Obteniendo tokens y cookies de la sesión inicial de SUNAT... [577]
02:10:03.735-----------> EGSCreateRateUSDtoPEN.doIt: Paso 2: Consultando API con Payload JSON Seguro y Llaves Cortas del periodo: 5/2026 [577]
02:10:04.015-----------> EGSCreateRateUSDtoPEN.doIt: Fallo de conexión en el API de la SUNAT: HTTP error fetching URL. Status=400, URL=[https://e-consulta.sunat.gob.pe/cl-at-ittipcam/tcS01Alias/listarTipoCambio] [577]
02:10:04.015-----------> EGSCreateRateUSDtoPEN.doIt: Intento 5 de 5. Reintentando... [577]
02:10:08.015-----------> EGSCreateRateUSDtoPEN.doIt: Paso 1: Obteniendo tokens y cookies de la sesión inicial de SUNAT... [577]
02:10:08.509-----------> EGSCreateRateUSDtoPEN.doIt: Paso 2: Consultando API con Payload JSON Seguro y Llaves Cortas del periodo: 5/2026 [577]
02:10:08.803-----------> EGSCreateRateUSDtoPEN.doIt: Fallo de conexión en el API de la SUNAT: HTTP error fetching URL. Status=400, URL=[https://e-consulta.sunat.gob.pe/cl-at-ittipcam/tcS01Alias/listarTipoCambio] [577]
02:10:08.805===========> EGSCreateRateUSDtoPEN.process: No se logró comunicación persistente con la API de SUNAT tras 5 reintentos. [577]
org.jsoup.HttpStatusException: HTTP error fetching URL. Status=400, URL=[https://e-consulta.sunat.gob.pe/cl-at-ittipcam/tcS01Alias/listarTipoCambio]
	at org.jsoup.helper.HttpConnection$Response.execute(HttpConnection.java:913)
	at org.jsoup.helper.HttpConnection$Response.execute(HttpConnection.java:866)
	at org.jsoup.helper.HttpConnection.execute(HttpConnection.java:365)
	at com.egssmart.finantials.proccess.EGSCreateRateUSDtoPEN.doIt(Unknown Source)
	at org.compiere.process.SvrProcess.process(Unknown Source)
	at org.compiere.process.SvrProcess.startProcess(Unknown Source)
	at org.adempiere.util.ProcessUtil.startJavaProcess(Unknown Source)
	at org.compiere.apps.AbstractProcessCtl.startProcess(Unknown Source)
	at org.compiere.apps.AbstractProcessCtl.run(Unknown Source)
	at org.adempiere.webui.apps.WProcessCtl.process(Unknown Source)
	at org.adempiere.webui.apps.AbstractProcessDialog$ProcessDialogRunnable.doRun(Unknown Source)
	at org.adempiere.util.ContextRunnable.run(Unknown Source)
	at org.adempiere.webui.apps.DesktopRunnable.run(Unknown Source)

02:11:31.928-----------> PackInApplicationActivator.getFilesToProcess: Processing migration [535]

*** 2026-06-02 02:11:55.844 idempiere Log (CLogFile) ***
