*** 2026-06-02 14:36:57.986 idempiere Log (CLogFile) ***
14:36:57.985 Adempiere.startup: iDempiere(r) Release 14_2026-03-09 -Smart Suite ERP, CRM and SCM- (c) 1999-2026 iDempiere(r); Implementation: iDempiere - Supported by iDempiere community [27]
14:36:57.987 Ini.loadProperties: /home/nextcollege/BDeveloper/idempiere-dev-setup-14/idempiere/idempiere.properties #29 [27]
14:36:57.997-----------> Core.getKeyStore: Encryption with legacy key algorithm DES detected - it is recommended to migrate to a stronger algorithm [27]
14:36:58.505-----------> Activator.createHazelCastInstance: Starting hazelcast with configuration from file hazelcast.xml [27]
14:36:59.074-----------> CPSubsystem: [192.168.0.55]:5701 [adempiere.idempiere14/localhost:5432] [5.3.7] CP Subsystem is not enabled. CP data structures will operate in UNSAFE mode! Please note that UNSAFE mode will not provide strong consistency guarantees. [27]
14:36:59.433-----------> Node: [192.168.0.55]:5701 [adempiere.idempiere14/localhost:5432] [5.3.7] No join method is enabled! Starting standalone. [27]
14:36:59.954-----------> DB.isBuildOK: Build Version Error 

The program assumes build version 14.0.0.qualifier, but database has build version ${env.ADEMPIERE_VERSION} 20080428-1232. 
This is likely to cause hard to fix errors. 
Please contact administrator. [27]
14:37:01.931-----------> EMail.setFrom: you @ company.org: javax.mail.internet.AddressException: Local address contains control or whitespace in string ``you @ company.org'' [27]
14:37:01.935-----------> EMail.addTo: you @ company.org: javax.mail.internet.AddressException: Local address contains control or whitespace in string ``you @ company.org'' [27]
14:37:01.936-----------> EMail.isValid: From is invalid=null [27]
14:37:01.936-----------> EMail.isValid: From is invalid=null [27]
14:37:01.941-----------> MClient.sendEMail: Could NOT Send Email: Server started: iDempiere (nextcollege-G751JT:192.168.0.55) to you @ company.org: Invalid Data (System) [27]
14:37:03.237           LoggedSessionListener.contextInitialized: iDempiere context initialized for 10.3.0.1 [27]
14:37:03.461-----------> TimeZoneDataBaseVersionChecker.init: Time zone data version mismatch detected:
 - Client (moment.js) tzdb version: 2025b
 - Server (JDK) tzdb version: 2026a
Date and time values may be incorrect if time zone rules differ.
To resolve, update the moment-timezone data on the client and/or the JDK time zone data (TZUpdater or Java update) on the server so both use the same version. [27]
14:39:04.519-----------> PackInApplicationActivator.getFilesToProcess: Processing migration [489]
14:42:57.042-----------> EGSCreateRateUSDtoPEN.doIt: PASO 1: Capturando cookies de sesión base en el Home... [513]
14:42:57.173-----------> EGSCreateRateUSDtoPEN.doIt: Cookies F5 BIG-IP capturadas: [IAASISTENCIAGESTIONSESSION, TS0105b0c6, TS61ff7286027] [513]
14:42:57.174-----------> EGSCreateRateUSDtoPEN.doIt: Esperando 2500ms para simular comportamiento humano (Render JS)... [513]
14:42:59.674-----------> EGSCreateRateUSDtoPEN.doIt: PASO 2: Lanzando consulta asíncrona JSON... [513]
14:42:59.674-----------> EGSCreateRateUSDtoPEN.doIt: Payload: {"anhoConsulta":"2026","mesConsulta":"5","indMes":"1","mode":"month"} [513]
14:42:59.734-----------> EGSCreateRateUSDtoPEN.doIt: Error de red en la secuencia controlada: HTTP error fetching URL. Status=400, URL=[https://e-consulta.sunat.gob.pe/cl-at-ittipcam/tcS01Alias/listarTipoCambio] [513]
14:42:59.734-----------> EGSCreateRateUSDtoPEN.doIt: Intento 2 de 5. Reintentando secuencia completa... [513]
14:43:03.734-----------> EGSCreateRateUSDtoPEN.doIt: PASO 1: Capturando cookies de sesión base en el Home... [513]
14:43:03.815-----------> EGSCreateRateUSDtoPEN.doIt: Cookies F5 BIG-IP capturadas: [IAASISTENCIAGESTIONSESSION, TS0105b0c6, TS61ff7286027] [513]
14:43:03.815-----------> EGSCreateRateUSDtoPEN.doIt: Esperando 2500ms para simular comportamiento humano (Render JS)... [513]
14:43:06.316-----------> EGSCreateRateUSDtoPEN.doIt: PASO 2: Lanzando consulta asíncrona JSON... [513]
14:43:06.316-----------> EGSCreateRateUSDtoPEN.doIt: Payload: {"anhoConsulta":"2026","mesConsulta":"5","indMes":"1","mode":"month"} [513]
14:43:06.374-----------> EGSCreateRateUSDtoPEN.doIt: Error de red en la secuencia controlada: HTTP error fetching URL. Status=400, URL=[https://e-consulta.sunat.gob.pe/cl-at-ittipcam/tcS01Alias/listarTipoCambio] [513]
14:43:06.374-----------> EGSCreateRateUSDtoPEN.doIt: Intento 3 de 5. Reintentando secuencia completa... [513]
14:43:10.375-----------> EGSCreateRateUSDtoPEN.doIt: PASO 1: Capturando cookies de sesión base en el Home... [513]
14:43:10.449-----------> EGSCreateRateUSDtoPEN.doIt: Cookies F5 BIG-IP capturadas: [IAASISTENCIAGESTIONSESSION, TS0105b0c6, TS61ff7286027] [513]
14:43:10.449-----------> EGSCreateRateUSDtoPEN.doIt: Esperando 2500ms para simular comportamiento humano (Render JS)... [513]
14:43:12.950-----------> EGSCreateRateUSDtoPEN.doIt: PASO 2: Lanzando consulta asíncrona JSON... [513]
14:43:12.950-----------> EGSCreateRateUSDtoPEN.doIt: Payload: {"anhoConsulta":"2026","mesConsulta":"5","indMes":"1","mode":"month"} [513]
14:43:13.008-----------> EGSCreateRateUSDtoPEN.doIt: Error de red en la secuencia controlada: HTTP error fetching URL. Status=400, URL=[https://e-consulta.sunat.gob.pe/cl-at-ittipcam/tcS01Alias/listarTipoCambio] [513]
14:43:13.008-----------> EGSCreateRateUSDtoPEN.doIt: Intento 4 de 5. Reintentando secuencia completa... [513]
14:43:17.008-----------> EGSCreateRateUSDtoPEN.doIt: PASO 1: Capturando cookies de sesión base en el Home... [513]
14:43:17.078-----------> EGSCreateRateUSDtoPEN.doIt: Cookies F5 BIG-IP capturadas: [IAASISTENCIAGESTIONSESSION, TS0105b0c6, TS61ff7286027] [513]
14:43:17.078-----------> EGSCreateRateUSDtoPEN.doIt: Esperando 2500ms para simular comportamiento humano (Render JS)... [513]
14:43:19.578-----------> EGSCreateRateUSDtoPEN.doIt: PASO 2: Lanzando consulta asíncrona JSON... [513]
14:43:19.578-----------> EGSCreateRateUSDtoPEN.doIt: Payload: {"anhoConsulta":"2026","mesConsulta":"5","indMes":"1","mode":"month"} [513]
14:43:19.630-----------> EGSCreateRateUSDtoPEN.doIt: Error de red en la secuencia controlada: HTTP error fetching URL. Status=400, URL=[https://e-consulta.sunat.gob.pe/cl-at-ittipcam/tcS01Alias/listarTipoCambio] [513]
14:43:19.630-----------> EGSCreateRateUSDtoPEN.doIt: Intento 5 de 5. Reintentando secuencia completa... [513]
14:43:23.631-----------> EGSCreateRateUSDtoPEN.doIt: PASO 1: Capturando cookies de sesión base en el Home... [513]
14:43:23.699-----------> EGSCreateRateUSDtoPEN.doIt: Cookies F5 BIG-IP capturadas: [IAASISTENCIAGESTIONSESSION, TS0105b0c6, TS61ff7286027] [513]
14:43:23.699-----------> EGSCreateRateUSDtoPEN.doIt: Esperando 2500ms para simular comportamiento humano (Render JS)... [513]
14:43:26.200-----------> EGSCreateRateUSDtoPEN.doIt: PASO 2: Lanzando consulta asíncrona JSON... [513]
14:43:26.200-----------> EGSCreateRateUSDtoPEN.doIt: Payload: {"anhoConsulta":"2026","mesConsulta":"5","indMes":"1","mode":"month"} [513]
14:43:26.308-----------> EGSCreateRateUSDtoPEN.doIt: Error de red en la secuencia controlada: HTTP error fetching URL. Status=400, URL=[https://e-consulta.sunat.gob.pe/cl-at-ittipcam/tcS01Alias/listarTipoCambio] [513]
14:43:26.310===========> EGSCreateRateUSDtoPEN.process: Incapaz de estabilizar la comunicación con el servicio de SUNAT después de 5 intentos. [513]
org.jsoup.HttpStatusException: HTTP error fetching URL. Status=400, URL=[https://e-consulta.sunat.gob.pe/cl-at-ittipcam/tcS01Alias/listarTipoCambio]
	at org.jsoup.helper.HttpConnection$Response.execute(HttpConnection.java:913)
	at org.jsoup.helper.HttpConnection$Response.execute(HttpConnection.java:866)
	at org.jsoup.helper.HttpConnection.execute(HttpConnection.java:365)
	at com.egssmart.finantials.proccess.EGSCreateRateUSDtoPEN.doIt(Unknown Source)
	at org.compiere.process.SvrProcess.process(Unknown Source)
	at org.compiere.process.SvrProcess.startProcess(Unknown Source)
	at org.adempiere.util.ProcessUtil.startJavaProcess(Unknown Source)
	at org.compiere.apps.AbstractProcessCtl.startProcess(Unknown Source)
	at org.compiere.apps.AbstractProcessCtl.run(Unknown Source)
	at org.adempiere.webui.apps.WProcessCtl.process(Unknown Source)
	at org.adempiere.webui.apps.AbstractProcessDialog$ProcessDialogRunnable.doRun(Unknown Source)
	at org.adempiere.util.ContextRunnable.run(Unknown Source)
	at org.adempiere.webui.apps.DesktopRunnable.run(Unknown Source)


*** 2026-06-02 14:48:34.061 idempiere Log (CLogFile) ***
