*** 2026-06-02 21:37:10.625 idempiere Log (CLogFile) ***
21:37:10.623 Adempiere.startup: iDempiere(r) Release 14_2026-03-09 -Smart Suite ERP, CRM and SCM- (c) 1999-2026 iDempiere(r); Implementation: iDempiere - Supported by iDempiere community [27]
21:37:10.626 Ini.loadProperties: /home/nextcollege/BDeveloper/idempiere-dev-setup-14/idempiere/idempiere.properties #29 [27]
21:37:10.633-----------> Core.getKeyStore: Encryption with legacy key algorithm DES detected - it is recommended to migrate to a stronger algorithm [27]
21:37:11.289-----------> Activator.createHazelCastInstance: Starting hazelcast with configuration from file hazelcast.xml [27]
21:37:11.875-----------> CPSubsystem: [192.168.0.55]:5701 [adempiere.idempiere14/localhost:5432] [5.3.7] CP Subsystem is not enabled. CP data structures will operate in UNSAFE mode! Please note that UNSAFE mode will not provide strong consistency guarantees. [27]
21:37:12.197-----------> Node: [192.168.0.55]:5701 [adempiere.idempiere14/localhost:5432] [5.3.7] No join method is enabled! Starting standalone. [27]
21:37:12.772-----------> DB.isBuildOK: Build Version Error 

The program assumes build version 14.0.0.qualifier, but database has build version ${env.ADEMPIERE_VERSION} 20080428-1232. 
This is likely to cause hard to fix errors. 
Please contact administrator. [27]
21:37:14.649-----------> EMail.setFrom: you @ company.org: javax.mail.internet.AddressException: Local address contains control or whitespace in string ``you @ company.org'' [27]
21:37:14.653-----------> EMail.addTo: you @ company.org: javax.mail.internet.AddressException: Local address contains control or whitespace in string ``you @ company.org'' [27]
21:37:14.654-----------> EMail.isValid: From is invalid=null [27]
21:37:14.654-----------> EMail.isValid: From is invalid=null [27]
21:37:14.659-----------> MClient.sendEMail: Could NOT Send Email: Server started: iDempiere (nextcollege-G751JT:192.168.0.55) to you @ company.org: Invalid Data (System) [27]
21:37:15.959           LoggedSessionListener.contextInitialized: iDempiere context initialized for 10.3.0.1 [27]
21:37:16.191-----------> TimeZoneDataBaseVersionChecker.init: Time zone data version mismatch detected:
 - Client (moment.js) tzdb version: 2025b
 - Server (JDK) tzdb version: 2026a
Date and time values may be incorrect if time zone rules differ.
To resolve, update the moment-timezone data on the client and/or the JDK time zone data (TZUpdater or Java update) on the server so both use the same version. [27]
21:39:16.682-----------> EGSCreateRateUSDtoPEN.doIt: PASO 1: Abriendo canal seguro y capturando contexto... [587]
21:39:16.788-----------> EGSCreateRateUSDtoPEN.doIt: Cookies ordenadas jerárquicamente: [IAASISTENCIAGESTIONSESSION=wseLWXcuz2wBcDOI9skx6FU7_Ybm-tHL9KBi6Z9nmxdxVOZwS3Kjbod_M8aEoYB6-c-qafSaOqLyDukY-D-TNlP_sn8DKCMEWAFPlq1egjZYCZ6RbEW_x7oLwr57fcLwroWMw2mboOuLH7iUuM7ajJSo7Wp6bOtPZGPADSYQqaMvviqizetVAGOyIS2Si9GuNjb2V-NJhHy_n8tIdURAst9nmrhEvBokJ8JIkIkGzyKUx0NqxQ60JB7RLJ17RTiy!1298053303!-445114015; TSf3c1dbbd027=08fe7428c8ab20006b8cd167b355cfc3436c72556e6f0dd36638be6acfb753a481e6cd8d7d57818708edea75d4113000f74e16af280166f5b0ce2137a06d2ff0106ce315079862d12b3da6704be639e0aa177d1e874fd3bf494439643ff11cde; TS0105b0c6=014dc399cb2b8e06554d087d25c1e06788d18ff70573f7b63cca83945097a8b2bd6aec247974348df1e74f7f8771fa4a7466c0e7b0d7e63c34e1dcc0b1f96db766e38c52f6] [587]
21:39:16.791-----------> EGSCreateRateUSDtoPEN.doIt: Esperando estabilización de canal perimetral... [587]
21:39:17.315-----------> PackInApplicationActivator.getFilesToProcess: Processing migration [591]
21:39:20.292-----------> EGSCreateRateUSDtoPEN.doIt: PASO 2: Transmitiendo consulta via POST con Query String unificado... [587]
21:39:20.292-----------> EGSCreateRateUSDtoPEN.doIt: Periodo de consulta: 06/2026 [587]
21:39:20.312-----------> EGSCreateRateUSDtoPEN.doIt: Respuesta HTTP del Servidor: 200 [587]
21:39:20.313-----------> EGSCreateRateUSDtoPEN.doIt: Respuesta cruda del API SUNAT: <html><head><title>Request Rejected</title></head><body>The requested URL was rejected. Please consult with your administrator.<br><br>Your support ID is: 16158738458814211349<br><br><a href='javascript:history.back();'>[Go Back]</a></body></html> [587]
21:39:20.313-----------> EGSCreateRateUSDtoPEN.doIt: Respuesta no válida o vacía para el periodo (06/2026). [587]
21:39:20.313-----------> EGSCreateRateUSDtoPEN.doIt: Ejecutando contingencia de retroceso mensual. [587]
21:39:20.313-----------> EGSCreateRateUSDtoPEN.doIt: Intento 2 de 5. Reintentando secuencia completa... [587]
21:39:24.314-----------> EGSCreateRateUSDtoPEN.doIt: PASO 1: Abriendo canal seguro y capturando contexto... [587]
21:39:24.377-----------> EGSCreateRateUSDtoPEN.doIt: Cookies ordenadas jerárquicamente: [IAASISTENCIAGESTIONSESSION=KkqLWZTRtRW3QZGGaWc14IlxBqnme3_EjR_w0KFwKfFJovZ-kcexdjIkzEzGkGJJCeQbRRQlGJZB_I_URrNBDg_C-gLEQgv2ggcFpnvGpv9D5X38mrtBsommn7wAjgq9GS8FuVCac58omSablbS3DAhh0DPNrSwo4dJypkBJl6idwyp4cKkImpowPfwZ7fv5fVH5nfqUlMmUonnjNdM8ko7j4EqIH9DSQieL5yv4CqKZ1E3CIodrFA0mEODX0NCV!1298053303!-445114015; TSf3c1dbbd027=08fe7428c8ab2000af7c6a307caba8faf9622051059bad7125e42aec70bc62a756f92ce339e5277308ffedb134113000347a34f63f0298db8e8b819b2335804ca853e4aac18dfd8be0dda3e1b2b158af0b429f6d434d70cabc146576d3017a42; TS0105b0c6=014dc399cbdbdf5604cfcc5982f6fb936f07fc53630028ca653c3d39d042136c4cec1cc0a4f38d9f0c2acb84c29362624b7e091d372dc227b2e875538565e1dc84a9c2cfdc] [587]
21:39:24.390-----------> EGSCreateRateUSDtoPEN.doIt: Esperando estabilización de canal perimetral... [587]
21:39:27.891-----------> EGSCreateRateUSDtoPEN.doIt: PASO 2: Transmitiendo consulta via POST con Query String unificado... [587]
21:39:27.891-----------> EGSCreateRateUSDtoPEN.doIt: Periodo de consulta: 05/2026 [587]
21:39:27.915-----------> EGSCreateRateUSDtoPEN.doIt: Respuesta HTTP del Servidor: 200 [587]
21:39:27.917-----------> EGSCreateRateUSDtoPEN.doIt: Respuesta cruda del API SUNAT: <html><head><title>Request Rejected</title></head><body>The requested URL was rejected. Please consult with your administrator.<br><br>Your support ID is: 16158738458354114740<br><br><a href='javascript:history.back();'>[Go Back]</a></body></html> [587]
21:39:27.917-----------> EGSCreateRateUSDtoPEN.doIt: Respuesta no válida o vacía para el periodo (05/2026). [587]
21:39:27.917-----------> EGSCreateRateUSDtoPEN.doIt: Ejecutando contingencia de retroceso mensual. [587]
21:39:27.917-----------> EGSCreateRateUSDtoPEN.doIt: Intento 3 de 5. Reintentando secuencia completa... [587]
21:39:31.917-----------> EGSCreateRateUSDtoPEN.doIt: PASO 1: Abriendo canal seguro y capturando contexto... [587]
21:39:31.979-----------> EGSCreateRateUSDtoPEN.doIt: Cookies ordenadas jerárquicamente: [IAASISTENCIAGESTIONSESSION=0XmLWbKDJ37tt_h0g6-USuc6u0nPCDRqlrNRNHXsmrdbfHJh43duRPlJrIDm_yBnxeoAShS7VeD6fw2PdvO0iJ3ViYKInvI8WaczPuOu2Y0RCUUX4wJn8OTowpSjAP0WgIqvwcmLbZRF5wn_9JOfy49pqhtpL_90v70A1DMWCCPc-OOjJLI4weJ2Om1EgAOp2XwAkgVE1jnghPmTJU3Iy0O8bei1dxVo9600YocvxwIZaknEY6kHuaHkCdnuAvFw!1298053303!-445114015; TSf3c1dbbd027=08fe7428c8ab20001ae384a634fc8be7b01c96a27d5f7ea4ba46d904d1316b77374b8f772962520e08d4cd0360113000bcc6e7eca0dac6b0f257893ed4d879b4d223e24e47bcdc3bca258c4bae77f20a5b9a67d1eb1fa28a8a8ae6d822caffa0; TS0105b0c6=014dc399cbd9c219fec49ae8df01faf8a8ff5571565f750d06ed8429985e0ffe43bfc9d4650cff7948e7cfc59244c17607320e740c0d0a627f0c97ea1599187235a369078f] [587]
21:39:31.985-----------> EGSCreateRateUSDtoPEN.doIt: Esperando estabilización de canal perimetral... [587]
21:39:35.486-----------> EGSCreateRateUSDtoPEN.doIt: PASO 2: Transmitiendo consulta via POST con Query String unificado... [587]
21:39:35.486-----------> EGSCreateRateUSDtoPEN.doIt: Periodo de consulta: 04/2026 [587]
21:39:35.510-----------> EGSCreateRateUSDtoPEN.doIt: Respuesta HTTP del Servidor: 200 [587]
21:39:35.511-----------> EGSCreateRateUSDtoPEN.doIt: Respuesta cruda del API SUNAT: <html><head><title>Request Rejected</title></head><body>The requested URL was rejected. Please consult with your administrator.<br><br>Your support ID is: 16158738458814320029<br><br><a href='javascript:history.back();'>[Go Back]</a></body></html> [587]
21:39:35.511-----------> EGSCreateRateUSDtoPEN.doIt: Respuesta no válida o vacía para el periodo (04/2026). [587]
21:39:35.511-----------> EGSCreateRateUSDtoPEN.doIt: Ejecutando contingencia de retroceso mensual. [587]
21:39:35.512-----------> EGSCreateRateUSDtoPEN.doIt: Intento 4 de 5. Reintentando secuencia completa... [587]
21:39:39.512-----------> EGSCreateRateUSDtoPEN.doIt: PASO 1: Abriendo canal seguro y capturando contexto... [587]
21:39:39.577-----------> EGSCreateRateUSDtoPEN.doIt: Cookies ordenadas jerárquicamente: [IAASISTENCIAGESTIONSESSION=iz-LWdArSvx4MHIz8pXhxSVKYXM45IVE_brzOkvCZ3Sb6q1on3p8yG7SjvFrEZcfvMTT7GECL5DwQRDIzzV1fPvIQZhCjQtZaRDeTvp_9WM0CObTA3RxKOB2bUF5SxvaroTFK8ZX9k4eWFsrDECAWvqleAJ4NGBHm9t6IhQb4jcv8GeXbgtGCyak2WefUMB3BIJEy60Il6YN5VVR7Dy0KSGCyeyj9x6IBm53aPPGB6XZvQugkkoOUs9EaMGPRdyL!1298053303!-445114015; TSf3c1dbbd027=08fe7428c8ab200008aea1bc68a0b89c57342f8d8aa7e7586f3946459825dd6798286ff5c21bbdfb08edf6364611300078f757ec72be8e12bdb48992611945b26e4605d95040dccc73c3568dce22e07f118006c922ea48a99a113a52ae106b5d] [587]
21:39:39.582-----------> EGSCreateRateUSDtoPEN.doIt: Esperando estabilización de canal perimetral... [587]
21:39:43.082-----------> EGSCreateRateUSDtoPEN.doIt: PASO 2: Transmitiendo consulta via POST con Query String unificado... [587]
21:39:43.083-----------> EGSCreateRateUSDtoPEN.doIt: Periodo de consulta: 03/2026 [587]
21:39:43.106-----------> EGSCreateRateUSDtoPEN.doIt: Respuesta HTTP del Servidor: 415 [587]
21:39:43.106-----------> EGSCreateRateUSDtoPEN.doIt: Respuesta cruda del API SUNAT: <!DOCTYPE HTML PUBLIC "-//W3C//DTD HTML 4.0 Draft//EN"><HTML><HEAD><TITLE>Error 415--Unsupported Media Type</TITLE></HEAD><BODY bgcolor="white"><FONT FACE=Helvetica><BR CLEAR=all><TABLE border=0 cellspacing=5><TR><TD><BR CLEAR=all><FONT FACE="Helvetica" COLOR="black" SIZE="3"><H2>Error 415--Unsupported Media Type</H2></FONT></TD></TR></TABLE><TABLE border=0 width=100% cellpadding=10><TR><TD VALIGN=top WIDTH=100% BGCOLOR=white><FONT FACE="Courier New"><FONT FACE="Helvetica" SIZE="3"><H3>From RFC 2068 <i>Hypertext Transfer Protocol -- HTTP/1.1</i>:</H3></FONT><FONT FACE="Helvetica" SIZE="3"><H4>10.4.16 415 Unsupported Media Type</H4></FONT><P><FONT FACE="Courier New">The server is refusing to service the request because the entity of the request is in a format not supported by the requested resource for the requested method.</FONT></P></FONT></TD></TR></TABLE></BODY></HTML> [587]
21:39:43.106-----------> EGSCreateRateUSDtoPEN.doIt: Respuesta no válida o vacía para el periodo (03/2026). [587]
21:39:43.106-----------> EGSCreateRateUSDtoPEN.doIt: Ejecutando contingencia de retroceso mensual. [587]
21:39:43.106-----------> EGSCreateRateUSDtoPEN.doIt: Intento 5 de 5. Reintentando secuencia completa... [587]
21:39:47.107-----------> EGSCreateRateUSDtoPEN.doIt: PASO 1: Abriendo canal seguro y capturando contexto... [587]
21:39:47.135-----------> EGSCreateRateUSDtoPEN.doIt: Cookies ordenadas jerárquicamente: [IAASISTENCIAGESTIONSESSION=sMiLWe22fxVCeBCU0LrDITgESjgNBYjgy0o3Yobq6Sqtng7aoEWq1Ftr8R6clBR-qUeIn27SkmuVkJfH_0yPedrEUciP3SGmZHhp7-5hM1jl9jmaNhrixax7CBhqy8Gh7hBWViU8_96nXIt-_O815MJ5_IAPuNOcgSfyJrS6ezVKC0Xtp0njK72mxEACjP4un5Ork6bIUnovl0a8rIYOgtngZnhd-1MB5Hmy4Ki1LdMwq8zRWUx3STE3fgCoDBHD!1298053303!-445114015; TSf3c1dbbd027=08fe7428c8ab2000c1ac37f24dcb820c7ba0363767d0f2456ba1e9bf31929df237944cdef3b10da70827ce453111300020026fee3a131658a2308019a43f87e1a9623f2ae33a4ce22bbc4eff4a26f8c59384e57e0b101d28ba47170d50aaf48c] [587]
21:39:47.138-----------> EGSCreateRateUSDtoPEN.doIt: Esperando estabilización de canal perimetral... [587]
21:39:50.639-----------> EGSCreateRateUSDtoPEN.doIt: PASO 2: Transmitiendo consulta via POST con Query String unificado... [587]
21:39:50.640-----------> EGSCreateRateUSDtoPEN.doIt: Periodo de consulta: 02/2026 [587]
21:39:50.657-----------> EGSCreateRateUSDtoPEN.doIt: Respuesta HTTP del Servidor: 415 [587]
21:39:50.657-----------> EGSCreateRateUSDtoPEN.doIt: Respuesta cruda del API SUNAT: <!DOCTYPE HTML PUBLIC "-//W3C//DTD HTML 4.0 Draft//EN"><HTML><HEAD><TITLE>Error 415--Unsupported Media Type</TITLE></HEAD><BODY bgcolor="white"><FONT FACE=Helvetica><BR CLEAR=all><TABLE border=0 cellspacing=5><TR><TD><BR CLEAR=all><FONT FACE="Helvetica" COLOR="black" SIZE="3"><H2>Error 415--Unsupported Media Type</H2></FONT></TD></TR></TABLE><TABLE border=0 width=100% cellpadding=10><TR><TD VALIGN=top WIDTH=100% BGCOLOR=white><FONT FACE="Courier New"><FONT FACE="Helvetica" SIZE="3"><H3>From RFC 2068 <i>Hypertext Transfer Protocol -- HTTP/1.1</i>:</H3></FONT><FONT FACE="Helvetica" SIZE="3"><H4>10.4.16 415 Unsupported Media Type</H4></FONT><P><FONT FACE="Courier New">The server is refusing to service the request because the entity of the request is in a format not supported by the requested resource for the requested method.</FONT></P></FONT></TD></TR></TABLE></BODY></HTML> [587]
21:39:50.657-----------> EGSCreateRateUSDtoPEN.doIt: Respuesta no válida o vacía para el periodo (02/2026). [587]
21:39:50.658-----------> EGSCreateRateUSDtoPEN.doIt: Ejecutando contingencia de retroceso mensual. [587]
21:39:50.659===========> EGSCreateRateUSDtoPEN.process: Fallo final de consistencia de datos. [587]
org.adempiere.exceptions.AdempiereException: Fallo final de consistencia de datos.
	at com.egssmart.finantials.proccess.EGSCreateRateUSDtoPEN.doIt(Unknown Source)
	at org.compiere.process.SvrProcess.process(Unknown Source)
	at org.compiere.process.SvrProcess.startProcess(Unknown Source)
	at org.adempiere.util.ProcessUtil.startJavaProcess(Unknown Source)
	at org.compiere.apps.AbstractProcessCtl.startProcess(Unknown Source)
	at org.compiere.apps.AbstractProcessCtl.run(Unknown Source)
	at org.adempiere.webui.apps.WProcessCtl.process(Unknown Source)
	at org.adempiere.webui.apps.AbstractProcessDialog$ProcessDialogRunnable.doRun(Unknown Source)
	at org.adempiere.util.ContextRunnable.run(Unknown Source)
	at org.adempiere.webui.apps.DesktopRunnable.run(Unknown Source)
	at java.base/java.util.concurrent.Executors$RunnableAdapter.call(Executors.java:539)


*** 2026-06-02 21:54:45.71 idempiere Log (CLogFile) ***
