*** 2026-05-15 09:02:05.719 idempiere Log (CLogFile) ***
09:02:05.719 Setup.<init>: iDempiere(r) Release 14_2026-03-09 -Smart Suite ERP, CRM and SCM- (c) 1999-2026 iDempiere(r); Implementation: iDempiere - Supported by iDempiere community [1]
09:02:05.808 ConfigurationData.load: /home/nextcollege/BDeveloper/idempiere-dev-setup-14/idempiere/idempiereEnv.properties [1]
09:02:05.835 AnnotationBasedModelFactory.lambda$0: AnnotationBasedModelFactory loaded 741 classes in 1.195s [72]
09:02:10.243 Config.test: OK: JavaHome=/usr/lib/jvm/java-17-openjdk-amd64 [139]
09:02:10.244 Config.test: OK: Version=17.0.18 [139]
09:02:10.245 ConfigurationData.testAdempiere: OK: AdempiereHome = /home/nextcollege/BDeveloper/idempiere-dev-setup-14/idempiere/org.idempiere.p2/target/products/org.adempiere.server.product/linux/gtk/x86_64 [139]
09:02:10.254 KeyStoreMgt.<init>: /home/nextcollege/BDeveloper/idempiere-dev-setup-14/idempiere/org.idempiere.p2/target/products/org.adempiere.server.product/linux/gtk/x86_64/jettyhome/etc/keystore [139]
09:02:10.265 ConfigurationData.testAdempiere: OK: KeyStore = /home/nextcollege/BDeveloper/idempiere-dev-setup-14/idempiere/org.idempiere.p2/target/products/org.adempiere.server.product/linux/gtk/x86_64/jettyhome/etc/keystore [139]
09:02:10.265 Config.test: OK: AppsServer = /0.0.0.0 [139]
09:02:10.281 Config.test: OK: Web Port = 8080 [139]
09:02:10.404 Config.test: OK: SSL Port = 8443 [139]
09:02:10.405 ConfigPostgreSQL.test: OK: Database Server = localhost/127.0.0.1 [139]
09:02:10.407 ConfigPostgreSQL.test: OK: Database Port = 5432 [139]
09:02:10.645 ConfigPostgreSQL.test: OK: System Connection = jdbc:postgresql://localhost:5432/template1 [139]
09:02:10.687 ConfigPostgreSQL.test: OK: Database User = adempiere [139]
09:02:10.689 ConfigurationData.testMail: OK: EMail not configured [139]
09:02:12.713 Config.test: OK: JavaHome=/usr/lib/jvm/java-17-openjdk-amd64 [141]
09:02:12.714 Config.test: OK: Version=17.0.18 [141]
09:02:12.714 ConfigurationData.testAdempiere: OK: AdempiereHome = /home/nextcollege/BDeveloper/idempiere-dev-setup-14/idempiere/org.idempiere.p2/target/products/org.adempiere.server.product/linux/gtk/x86_64 [141]
09:02:12.715 KeyStoreMgt.<init>: /home/nextcollege/BDeveloper/idempiere-dev-setup-14/idempiere/org.idempiere.p2/target/products/org.adempiere.server.product/linux/gtk/x86_64/jettyhome/etc/keystore [141]
09:02:12.716 ConfigurationData.testAdempiere: OK: KeyStore = /home/nextcollege/BDeveloper/idempiere-dev-setup-14/idempiere/org.idempiere.p2/target/products/org.adempiere.server.product/linux/gtk/x86_64/jettyhome/etc/keystore [141]
09:02:12.717 Config.test: OK: AppsServer = /0.0.0.0 [141]
09:02:12.719 Config.test: OK: Web Port = 8080 [141]
09:02:12.721 Config.test: OK: SSL Port = 8443 [141]
09:02:12.721 ConfigPostgreSQL.test: OK: Database Server = localhost/127.0.0.1 [141]
09:02:12.722 ConfigPostgreSQL.test: OK: Database Port = 5432 [141]
09:02:12.754 ConfigPostgreSQL.test: OK: System Connection = jdbc:postgresql://localhost:5432/template1 [141]
09:02:12.792 ConfigPostgreSQL.test: OK: Database User = adempiere [141]
09:02:12.793 ConfigurationData.testMail: OK: EMail not configured [141]
09:02:12.797 Ini.loadProperties: /home/nextcollege/BDeveloper/idempiere-dev-setup-14/idempiere/org.idempiere.p2/target/products/org.adempiere.server.product/linux/gtk/x86_64/idempiere.properties #29 [136]
09:02:12.851 ConfigurationData.save: /home/nextcollege/BDeveloper/idempiere-dev-setup-14/idempiere/org.idempiere.p2/target/products/org.adempiere.server.product/linux/gtk/x86_64/idempiereEnv.properties [136]
09:02:12.858-----------> Core.getKeyStore: Encryption with legacy key algorithm DES detected - it is recommended to migrate to a stronger algorithm [136]

*** 2026-05-15 09:02:16.62 idempiere Log (CLogFile) ***
