*** 2026-06-02 10:18:47.969 idempiere Log (CLogFile) ***
10:18:47.968 Adempiere.startup: iDempiere(r) Release 14_2026-03-09 -Smart Suite ERP, CRM and SCM- (c) 1999-2026 iDempiere(r); Implementation: iDempiere - Supported by iDempiere community [27]
10:18:47.970 Ini.loadProperties: /home/nextcollege/BDeveloper/idempiere-dev-setup-14/idempiere/idempiere.properties #29 [27]
10:18:47.976-----------> Core.getKeyStore: Encryption with legacy key algorithm DES detected - it is recommended to migrate to a stronger algorithm [27]
10:18:48.453-----------> Activator.createHazelCastInstance: Starting hazelcast with configuration from file hazelcast.xml [27]
10:18:48.986-----------> CPSubsystem: [192.168.0.55]:5701 [adempiere.idempiere14/localhost:5432] [5.3.7] CP Subsystem is not enabled. CP data structures will operate in UNSAFE mode! Please note that UNSAFE mode will not provide strong consistency guarantees. [27]
10:18:49.297-----------> Node: [192.168.0.55]:5701 [adempiere.idempiere14/localhost:5432] [5.3.7] No join method is enabled! Starting standalone. [27]
10:18:49.957-----------> DB.isBuildOK: Build Version Error 

The program assumes build version 14.0.0.qualifier, but database has build version ${env.ADEMPIERE_VERSION} 20080428-1232. 
This is likely to cause hard to fix errors. 
Please contact administrator. [27]
10:18:51.866-----------> EMail.setFrom: you @ company.org: javax.mail.internet.AddressException: Local address contains control or whitespace in string ``you @ company.org'' [27]
10:18:51.869-----------> EMail.addTo: you @ company.org: javax.mail.internet.AddressException: Local address contains control or whitespace in string ``you @ company.org'' [27]
10:18:51.870-----------> EMail.isValid: From is invalid=null [27]
10:18:51.870-----------> EMail.isValid: From is invalid=null [27]
10:18:51.875-----------> MClient.sendEMail: Could NOT Send Email: Server started: iDempiere (nextcollege-G751JT:192.168.0.55) to you @ company.org: Invalid Data (System) [27]
10:18:53.185           LoggedSessionListener.contextInitialized: iDempiere context initialized for 10.3.0.1 [27]
10:19:27.266-----------> EGSCreateRateUSDtoPEN.doIt: Paso 1: Obteniendo tokens y cookies de la sesión inicial de SUNAT... [486]
10:19:27.805-----------> EGSCreateRateUSDtoPEN.doIt: Paso 2: Consultando API mediante Formulario con Cabeceras de Camuflaje WAF para el periodo: 05/2026 [486]
10:19:28.085-----------> EGSCreateRateUSDtoPEN.doIt: Respuesta cruda del API SUNAT: <html><head><title>Request Rejected</title></head><body>The requested URL was rejected. Please consult with your administrator.<br><br>Your support ID is: 17209828040567879222<br><br><a href='javascript:history.back();'>[Go Back]</a></body></html> [486]
10:19:28.088===========> EGSCreateRateUSDtoPEN.process: El API de SUNAT no retornó objetos válidos para el mes solicitado. [486]
UserError: El API de SUNAT no retornó objetos válidos para el mes solicitado.
	at com.egssmart.finantials.proccess.EGSCreateRateUSDtoPEN.doIt(Unknown Source)
	at org.compiere.process.SvrProcess.process(Unknown Source)
	at org.compiere.process.SvrProcess.startProcess(Unknown Source)
	at org.adempiere.util.ProcessUtil.startJavaProcess(Unknown Source)
	at org.compiere.apps.AbstractProcessCtl.startProcess(Unknown Source)
	at org.compiere.apps.AbstractProcessCtl.run(Unknown Source)
	at org.adempiere.webui.apps.WProcessCtl.process(Unknown Source)
	at org.adempiere.webui.apps.AbstractProcessDialog$ProcessDialogRunnable.doRun(Unknown Source)
	at org.adempiere.util.ContextRunnable.run(Unknown Source)
	at org.adempiere.webui.apps.DesktopRunnable.run(Unknown Source)
	at java.base/java.util.concurrent.Executors$RunnableAdapter.call(Executors.java:539)

10:20:54.266-----------> PackInApplicationActivator.getFilesToProcess: Processing migration [441]

*** 2026-06-02 10:21:46.999 idempiere Log (CLogFile) ***
