*** 2026-06-01 16:18:21.529 idempiere Log (CLogFile) ***
16:18:21.528 Adempiere.startup: iDempiere(r) Release 14_2026-03-09 -Smart Suite ERP, CRM and SCM- (c) 1999-2026 iDempiere(r); Implementation: iDempiere - Supported by iDempiere community [27]
16:18:21.530 Ini.loadProperties: /home/nextcollege/BDeveloper/idempiere-dev-setup-14/idempiere/idempiere.properties #29 [27]
16:18:21.536-----------> Core.getKeyStore: Encryption with legacy key algorithm DES detected - it is recommended to migrate to a stronger algorithm [27]
16:18:22.084-----------> Activator.createHazelCastInstance: Starting hazelcast with configuration from file hazelcast.xml [27]
16:18:22.987-----------> CPSubsystem: [192.168.1.236]:5701 [adempiere.idempiere14/localhost:5432] [5.3.7] CP Subsystem is not enabled. CP data structures will operate in UNSAFE mode! Please note that UNSAFE mode will not provide strong consistency guarantees. [27]
16:18:23.544-----------> Node: [192.168.1.236]:5701 [adempiere.idempiere14/localhost:5432] [5.3.7] No join method is enabled! Starting standalone. [27]
16:18:24.293-----------> DB.isBuildOK: Build Version Error 

The program assumes build version 14.0.0.qualifier, but database has build version ${env.ADEMPIERE_VERSION} 20080428-1232. 
This is likely to cause hard to fix errors. 
Please contact administrator. [27]
16:18:26.841-----------> EMail.setFrom: you @ company.org: javax.mail.internet.AddressException: Local address contains control or whitespace in string ``you @ company.org'' [27]
16:18:26.850-----------> EMail.addTo: you @ company.org: javax.mail.internet.AddressException: Local address contains control or whitespace in string ``you @ company.org'' [27]
16:18:26.851-----------> EMail.isValid: From is invalid=null [27]
16:18:26.851-----------> EMail.isValid: From is invalid=null [27]
16:18:26.859-----------> MClient.sendEMail: Could NOT Send Email: Server started: iDempiere (nextcollege-G751JT:192.168.1.236) to you @ company.org: Invalid Data (System) [27]
16:18:28.510           LoggedSessionListener.contextInitialized: iDempiere context initialized for 10.3.0.1 [27]
16:18:54.416-----------> EGSCreateRateUSDtoBs.doIt: Fecha Valor: Lunes, 01 Junio 2026 [32]
16:18:54.419-----------> EGSCreateRateUSDtoBs.doIt: Tipo de cambio USD: 554,42580000 [32]
16:18:54.425-----------> EGSCreateRateUSDtoBs.handleExchangeRate: Ya existe una tasa de conversión creada para el día de hoy. [32]
16:18:54.427===========> EGSCreateRateUSDtoBs.process: Ya existe una tasa de conversión creada para el día de hoy. [32]
org.adempiere.exceptions.AdempiereException: Ya existe una tasa de conversión creada para el día de hoy.
	at com.egssmart.finantials.proccess.EGSCreateRateUSDtoBs.handleExchangeRate(Unknown Source)
	at com.egssmart.finantials.proccess.EGSCreateRateUSDtoBs.doIt(Unknown Source)
	at org.compiere.process.SvrProcess.process(Unknown Source)
	at org.compiere.process.SvrProcess.startProcess(Unknown Source)
	at org.adempiere.util.ProcessUtil.startJavaProcess(Unknown Source)
	at org.compiere.apps.AbstractProcessCtl.startProcess(Unknown Source)
	at org.compiere.apps.AbstractProcessCtl.run(Unknown Source)
	at org.adempiere.webui.apps.WProcessCtl.process(Unknown Source)
	at org.adempiere.webui.apps.AbstractProcessDialog$ProcessDialogRunnable.doRun(Unknown Source)
	at org.adempiere.util.ContextRunnable.run(Unknown Source)
	at org.adempiere.webui.apps.DesktopRunnable.run(Unknown Source)

16:18:59.371-----------> EGSCreateRateEURtoBs.doIt: Fecha Valor: Lunes, 01 Junio 2026 [350]
16:18:59.372-----------> EGSCreateRateEURtoBs.doIt: Tipo de cambio EUR: 645,67874242 [350]
16:18:59.376-----------> EGSCreateRateEURtoBs.handleExchangeRate: Ya existe una tasa de conversión creada para el día de hoy. [350]
16:18:59.377===========> EGSCreateRateEURtoBs.process: Ya existe una tasa de conversión creada para el día de hoy. [350]
org.adempiere.exceptions.AdempiereException: Ya existe una tasa de conversión creada para el día de hoy.
	at com.egssmart.finantials.proccess.EGSCreateRateEURtoBs.handleExchangeRate(Unknown Source)
	at com.egssmart.finantials.proccess.EGSCreateRateEURtoBs.doIt(Unknown Source)
	at org.compiere.process.SvrProcess.process(Unknown Source)
	at org.compiere.process.SvrProcess.startProcess(Unknown Source)
	at org.adempiere.util.ProcessUtil.startJavaProcess(Unknown Source)
	at org.compiere.apps.AbstractProcessCtl.startProcess(Unknown Source)
	at org.compiere.apps.AbstractProcessCtl.run(Unknown Source)
	at org.adempiere.webui.apps.WProcessCtl.process(Unknown Source)
	at org.adempiere.webui.apps.AbstractProcessDialog$ProcessDialogRunnable.doRun(Unknown Source)
	at org.adempiere.util.ContextRunnable.run(Unknown Source)
	at org.adempiere.webui.apps.DesktopRunnable.run(Unknown Source)

16:20:29.964-----------> PackInApplicationActivator.getFilesToProcess: Processing migration [489]
18:06:59.925-----------> MRole.getProcessAccess: Role System Administrator has assigned access incompatible process Generates SIRE Purchase Record [354]
18:07:03.178-----------> MRole.getProcessAccess: Role System Administrator has assigned access incompatible process Asset Parent Report [856]
18:07:03.179-----------> MRole.getProcessAccess: Role System Administrator has assigned access incompatible process Asset Group Defaults [856]
18:07:03.179-----------> MRole.getProcessAccess: Role System Administrator has assigned access incompatible process Depreciation Table [856]
18:07:03.180-----------> MRole.getProcessAccess: Role System Administrator has assigned access incompatible process Asset Convention Report [856]
18:07:03.181-----------> MRole.getProcessAccess: Role System Administrator has assigned access incompatible process Asset Depreciation Method [856]
18:07:03.184-----------> MRole.getProcessAccess: Role System Administrator has assigned access incompatible process Generates SIRE Purchase Record [856]

*** 2026-06-01 21:22:08.43 idempiere Log (CLogFile) ***
