*** 2026-05-24 23:53:21.215 idempiere Log (CLogFile) ***
23:53:21.214 Adempiere.startup: iDempiere(r) Release 14_2026-03-09 -Smart Suite ERP, CRM and SCM- (c) 1999-2026 iDempiere(r); Implementation: iDempiere - Supported by iDempiere community [28]
23:53:21.216 Ini.loadProperties: /home/nextcollege/BDeveloper/idempiere-dev-setup-14/idempiere/idempiere.properties #29 [28]
23:53:21.226-----------> Core.getKeyStore: Encryption with legacy key algorithm DES detected - it is recommended to migrate to a stronger algorithm [28]
23:53:22.453-----------> Activator.createHazelCastInstance: Starting hazelcast with configuration from file hazelcast.xml [28]
23:53:23.341-----------> CPSubsystem: [192.168.1.236]:5701 [adempiere.idempiere14/localhost:5432] [5.3.7] CP Subsystem is not enabled. CP data structures will operate in UNSAFE mode! Please note that UNSAFE mode will not provide strong consistency guarantees. [28]
23:53:23.707-----------> Node: [192.168.1.236]:5701 [adempiere.idempiere14/localhost:5432] [5.3.7] No join method is enabled! Starting standalone. [28]
23:53:23.875-----------> DB.isBuildOK: Build Version Error 

The program assumes build version 14.0.0.qualifier, but database has build version ${env.ADEMPIERE_VERSION} 20080428-1232. 
This is likely to cause hard to fix errors. 
Please contact administrator. [28]
23:53:26.032-----------> EMail.setFrom: you @ company.org: javax.mail.internet.AddressException: Local address contains control or whitespace in string ``you @ company.org'' [28]
23:53:26.038-----------> EMail.addTo: you @ company.org: javax.mail.internet.AddressException: Local address contains control or whitespace in string ``you @ company.org'' [28]
23:53:26.039-----------> EMail.isValid: From is invalid=null [28]
23:53:26.039-----------> EMail.isValid: From is invalid=null [28]
23:53:26.045-----------> MClient.sendEMail: Could NOT Send Email: Server started: iDempiere (nextcollege-G751JT:192.168.1.236) to you @ company.org: Invalid Data (System) [28]
23:53:27.501           LoggedSessionListener.contextInitialized: iDempiere context initialized for 10.3.0.1 [28]
23:53:29.119-----------> Incremental2PackActivator.packIn: Installing com.egssmart.sire /META-INF/2Pack_1.0.1.zip ... [353]
23:53:29.583-----------> Incremental2PackActivator.packIn: com.egssmart.sire /META-INF/2Pack_1.0.1.zip installed [353]
23:53:29.583-----------> Incremental2PackActivator.packIn: Installing com.egssmart.sire /META-INF/2Pack_1.0.2.zip ... [353]
23:53:29.754-----------> Incremental2PackActivator.packIn: com.egssmart.sire /META-INF/2Pack_1.0.2.zip installed [353]
23:53:29.754-----------> Incremental2PackActivator.packIn: Installing com.egssmart.sire /META-INF/2Pack_1.0.3.zip ... [353]
23:53:38.123-----------> Incremental2PackActivator.packIn: com.egssmart.sire /META-INF/2Pack_1.0.3.zip installed [353]
23:53:38.123-----------> Incremental2PackActivator.packIn: Installing com.egssmart.sire /META-INF/2Pack_1.0.5.zip ... [353]
23:53:38.507-----------> Incremental2PackActivator.packIn: com.egssmart.sire /META-INF/2Pack_1.0.5.zip installed [353]
23:53:38.507-----------> Incremental2PackActivator.packIn: Installing com.egssmart.sire /META-INF/2Pack_1.0.6.zip ... [353]
23:53:38.577-----------> Incremental2PackActivator.packIn: com.egssmart.sire /META-INF/2Pack_1.0.6.zip installed [353]
23:53:38.577-----------> Incremental2PackActivator.packIn: Installing com.egssmart.sire /META-INF/2Pack_1.0.7.zip ... [353]
23:53:39.262-----------> Incremental2PackActivator.packIn: com.egssmart.sire /META-INF/2Pack_1.0.7.zip installed [353]
23:53:39.262-----------> Incremental2PackActivator.packIn: Installing com.egssmart.sire /META-INF/2Pack_2.0.1.zip ... [353]
23:53:41.660-----------> Incremental2PackActivator.packIn: com.egssmart.sire /META-INF/2Pack_2.0.1.zip installed [353]
23:54:13.053===========> MTree.loadNodes: Nodes w/o parent - adding to root - [Propuesta Registro de Compras] [666]
23:54:45.912===========> MTree.loadNodes: Nodes w/o parent - adding to root - [Propuesta Registro de Compras] [362]
23:54:48.489-----------> MRole.getProcessAccess: Role System Administrator has assigned access incompatible process Asset Parent Report [364]
23:54:48.490-----------> MRole.getProcessAccess: Role System Administrator has assigned access incompatible process Asset Group Defaults [364]
23:54:48.491-----------> MRole.getProcessAccess: Role System Administrator has assigned access incompatible process Depreciation Table [364]
23:54:48.492-----------> MRole.getProcessAccess: Role System Administrator has assigned access incompatible process Asset Convention Report [364]
23:54:48.493-----------> MRole.getProcessAccess: Role System Administrator has assigned access incompatible process Asset Depreciation Method [364]
23:54:48.504===========> MTree.loadNodes: Nodes w/o parent - adding to root - [Propuesta Registro de Compras] [364]
23:54:50.615===========> MTree.loadNodes: Nodes w/o parent - adding to root - [Propuesta Registro de Compras] [402]
23:55:28.941-----------> PackInApplicationActivator.getFilesToProcess: Processing migration [482]

*** 2026-05-25 00:00:29.924 idempiere Log (CLogFile) ***
