*** 2026-06-02 19:21:57.566 idempiere Log (CLogFile) ***
19:21:57.564 Adempiere.startup: iDempiere(r) Release 14_2026-03-09 -Smart Suite ERP, CRM and SCM- (c) 1999-2026 iDempiere(r); Implementation: iDempiere - Supported by iDempiere community [27]
19:21:57.567 Ini.loadProperties: /home/nextcollege/BDeveloper/idempiere-dev-setup-14/idempiere/idempiere.properties #29 [27]
19:21:57.580-----------> Core.getKeyStore: Encryption with legacy key algorithm DES detected - it is recommended to migrate to a stronger algorithm [27]
19:21:58.170-----------> Activator.createHazelCastInstance: Starting hazelcast with configuration from file hazelcast.xml [27]
19:21:58.797-----------> CPSubsystem: [192.168.0.55]:5701 [adempiere.idempiere14/localhost:5432] [5.3.7] CP Subsystem is not enabled. CP data structures will operate in UNSAFE mode! Please note that UNSAFE mode will not provide strong consistency guarantees. [27]
19:21:59.182-----------> Node: [192.168.0.55]:5701 [adempiere.idempiere14/localhost:5432] [5.3.7] No join method is enabled! Starting standalone. [27]
19:21:59.720-----------> DB.isBuildOK: Build Version Error 

The program assumes build version 14.0.0.qualifier, but database has build version ${env.ADEMPIERE_VERSION} 20080428-1232. 
This is likely to cause hard to fix errors. 
Please contact administrator. [27]
19:22:02.109-----------> EMail.setFrom: you @ company.org: javax.mail.internet.AddressException: Local address contains control or whitespace in string ``you @ company.org'' [27]
19:22:02.113-----------> EMail.addTo: you @ company.org: javax.mail.internet.AddressException: Local address contains control or whitespace in string ``you @ company.org'' [27]
19:22:02.114-----------> EMail.isValid: From is invalid=null [27]
19:22:02.114-----------> EMail.isValid: From is invalid=null [27]
19:22:02.118-----------> MClient.sendEMail: Could NOT Send Email: Server started: iDempiere (nextcollege-G751JT:192.168.0.55) to you @ company.org: Invalid Data (System) [27]
19:22:03.713           LoggedSessionListener.contextInitialized: iDempiere context initialized for 10.3.0.1 [27]
19:22:03.947-----------> TimeZoneDataBaseVersionChecker.init: Time zone data version mismatch detected:
 - Client (moment.js) tzdb version: 2025b
 - Server (JDK) tzdb version: 2026a
Date and time values may be incorrect if time zone rules differ.
To resolve, update the moment-timezone data on the client and/or the JDK time zone data (TZUpdater or Java update) on the server so both use the same version. [27]
19:22:44.998-----------> EGSCreateRateUSDtoPEN.doIt: PASO 1: Abriendo canal seguro y capturando contexto... [526]
19:22:45.395-----------> EGSCreateRateUSDtoPEN.doIt: Cookies validadas: [TS61ff7286027=08d0cd49b8ab200038c02262c65920e547dcab90a7823d6caca5ef0fc24473681677736ebfe502c7085821adf611300025d60b9214ed25b990595829d93581797666d9686d5b07787d3e06f986d38bef03da7608374dabea040fc38ba6dc373c; TS0105b0c6=019edc9eb8725bd2f2bc3454cdd5ee30bcc245711c2b01cc217f717c3fd48835c2aab4e1e2ee6e3ecaaaf76663c029d63e084e059f5a67a1669810902aafd79ae576a0e3be; IAASISTENCIAGESTIONSESSION=gOCK3Hl9WnXdmwkp1VKBTA63sArBUOMpwa7qRVkR2SnYjy3a8HKoZIf7yaaSBfNm2nPlVBwc_HY8D7QgkZ--qA6PThKp-I9WkrqKV8EASdgdzCB21r78MWBTUrsJe_bUOWUw9OWk2_AETxaquLcSldWgC3OQLWJLTB7RZVPxpDavdEtZ4QY_QZfhPw4wzA3qceLEbnQe1MI3oBA-zuf_dQWStgMApciHH6BdO2tOx1SjwFP4t6v8uX8vSMhAzjmP!-1926820799!1093042530] [526]
19:22:45.395-----------> EGSCreateRateUSDtoPEN.doIt: Esperando renderizado de interfaz (estabilización de canal)... [526]
19:22:48.396-----------> EGSCreateRateUSDtoPEN.doIt: PASO 2: Transmitiendo Payload crudo sobre el mismo canal... [526]
19:22:48.396-----------> EGSCreateRateUSDtoPEN.doIt: Payload String: anhoConsulta=2026&mesConsulta=6&indMes=1&mode=month [526]
19:22:48.484-----------> EGSCreateRateUSDtoPEN.doIt: Respuesta HTTP del Servidor: 200 [526]
19:22:48.485-----------> EGSCreateRateUSDtoPEN.doIt: Respuesta cruda del API SUNAT: <html><head><title>Request Rejected</title></head><body>The requested URL was rejected. Please consult with your administrator.<br><br>Your support ID is: 1939715761562207023<br><br><a href='javascript:history.back();'>[Go Back]</a></body></html> [526]
19:22:48.485-----------> EGSCreateRateUSDtoPEN.doIt: Error de parsing detectado. Reintentando ajuste... [526]
19:22:48.485-----------> EGSCreateRateUSDtoPEN.doIt: Intento 2 de 5. Reintentando secuencia completa... [526]
19:22:52.486-----------> EGSCreateRateUSDtoPEN.doIt: PASO 1: Abriendo canal seguro y capturando contexto... [526]
19:22:52.772-----------> EGSCreateRateUSDtoPEN.doIt: Cookies validadas: [TS61ff7286027=08d0cd49b8ab2000219eda0013ae1e8718b29ebca6b525e600490a0ee2edd9e8c2ba16af32aa1e0d08f94b1fd0113000c5e4e70215c0d12b50b83e2d4aaaaac314fce0657a2513b578dcc0b1e51f597a0862a9beaadfb4fe83cc40dbdc93e2db; TS0105b0c6=019edc9eb897c8ccf5a89cc93e07a7dde1e5fecbaff4da1241ab6757e8caa76a0022299e5ba179c888874f9981253e9ce0c3de0ee754d9a941580bd0f8f5d2061ab0416325; IAASISTENCIAGESTIONSESSION=XXiK3JZN2p77577lmS8eH2F8VhlbZMy74STqgev5zEn2EvdQfvumSmyfFUERBk-q7qcWmu2i9WEPaV9sWikpxaJ0QtZXZahjkG6gKrGcwOPhiJ7uv0Ch06TndWHvpDQ_tjh0RNFvsfhrTSCOR5gWN_CespbY-2wDsNd213bmjJb10rCc2hbkoItL3RjUlninomUeD8XtZgpiMLmgJo7GZ4TIwLztSEy-u-Dcnoz1Q2L-lSr39dithMxP7Q6Ql7a4!-1926820799!1093042530] [526]
19:22:52.853-----------> EGSCreateRateUSDtoPEN.doIt: Esperando renderizado de interfaz (estabilización de canal)... [526]
19:22:55.854-----------> EGSCreateRateUSDtoPEN.doIt: PASO 2: Transmitiendo Payload crudo sobre el mismo canal... [526]
19:22:55.854-----------> EGSCreateRateUSDtoPEN.doIt: Payload String: anhoConsulta=2026&mesConsulta=6&indMes=1&mode=month [526]
19:22:55.949-----------> EGSCreateRateUSDtoPEN.doIt: Respuesta HTTP del Servidor: 200 [526]
19:22:55.950-----------> EGSCreateRateUSDtoPEN.doIt: Respuesta cruda del API SUNAT: <html><head><title>Request Rejected</title></head><body>The requested URL was rejected. Please consult with your administrator.<br><br>Your support ID is: 6322681407887920780<br><br><a href='javascript:history.back();'>[Go Back]</a></body></html> [526]
19:22:55.950-----------> EGSCreateRateUSDtoPEN.doIt: Error de parsing detectado. Reintentando ajuste... [526]
19:22:55.950-----------> EGSCreateRateUSDtoPEN.doIt: Intento 3 de 5. Reintentando secuencia completa... [526]
19:22:59.950-----------> EGSCreateRateUSDtoPEN.doIt: PASO 1: Abriendo canal seguro y capturando contexto... [526]
19:23:00.232-----------> EGSCreateRateUSDtoPEN.doIt: Cookies validadas: [TS61ff7286027=08d0cd49b8ab20007bfb6627f9ed23f3d65596ef5e361121589e292519cceedc3c4a536573eddec2089e5812e711300035600c26e4da9dcbd0f3c45c7204aa0b6d3a120fddea8cf3b122963fb230216c45b7644b37bcb3aa4f4d2ed2bb663c53; TS0105b0c6=019edc9eb8d7565d6ae219dc84093f1f42058478b336439db4d02a32e85e929ecfc707d22a670197d040e5078f978d66d3e0c190a301f9abf0efbbedc0ac4e93391f97c227; IAASISTENCIAGESTIONSESSION=fqmK3LN04HbW1U8PveF568UxRIoEXOuoxAFzG_2h_U7kDPk32n190-Tbqbhu_ZRESc3YJ_WwuavynV_LLY-x6lPXhuK3xpYtP2unZpe_kiRvDf31sDuoNzLx4X7W9a8mfT-pFx5GcUBQCbARlg6TOvaYReTgpGkZ0nqCroC9zez8NXrn7-h6beE_GLIBM5Ok5Ft1Oin9z7wvyzB-OIsk7CJ68oOrQ2FigzaBNrEw-53OOpysoR_RnEWpyhENTL0d!-1926820799!1093042530] [526]
19:23:00.315-----------> EGSCreateRateUSDtoPEN.doIt: Esperando renderizado de interfaz (estabilización de canal)... [526]
19:23:03.316-----------> EGSCreateRateUSDtoPEN.doIt: PASO 2: Transmitiendo Payload crudo sobre el mismo canal... [526]
19:23:03.316-----------> EGSCreateRateUSDtoPEN.doIt: Payload String: anhoConsulta=2026&mesConsulta=6&indMes=1&mode=month [526]
19:23:03.407-----------> EGSCreateRateUSDtoPEN.doIt: Respuesta HTTP del Servidor: 200 [526]
19:23:03.408-----------> EGSCreateRateUSDtoPEN.doIt: Respuesta cruda del API SUNAT: <html><head><title>Request Rejected</title></head><body>The requested URL was rejected. Please consult with your administrator.<br><br>Your support ID is: 11781552377131716183<br><br><a href='javascript:history.back();'>[Go Back]</a></body></html> [526]
19:23:03.408-----------> EGSCreateRateUSDtoPEN.doIt: Error de parsing detectado. Reintentando ajuste... [526]
19:23:03.408-----------> EGSCreateRateUSDtoPEN.doIt: Intento 4 de 5. Reintentando secuencia completa... [526]
19:23:07.408-----------> EGSCreateRateUSDtoPEN.doIt: PASO 1: Abriendo canal seguro y capturando contexto... [526]
19:23:07.698-----------> EGSCreateRateUSDtoPEN.doIt: Cookies validadas: [TS61ff7286027=08d0cd49b8ab2000610ac82ce7117204c9693de9b6eb6300bb940f07a405f55191d8562c57a063fd086768fa2b113000502f7c9d8ef90641855a318ece0bcd85989e2410a93e46db1b2e44875d6bb8220fe93648355e639041ade1028ecb1a2f; TS0105b0c6=019edc9eb80f90e837cdafd5a73648302e1b26144b958370b50c6d6c8198870d2eee4d18793c4cad3f5f92287cce0e1ee0c9292611e7b4a8b52dd10f543f219f650fcaca3c; IAASISTENCIAGESTIONSESSION=yQ2K3NCcdeTmJb1-znntS4_gU4aT2lmlu3gcYPh4jNAc2U0irhUjWc-262UkDH5Lqu1-fZxtF0AhQgEtE8EXJCOxBA2GvIIRa7kOJTj1Qgd2RG04oBIuAonAyqoG1ZVUYCxEhq7ZgzRkO1h5EK74wxGKsM0-gX70ongxxmfl8BGfODHTuAKlnEYBpeJWiEemXkQEf_nix6mRIpjpTMCf803QrK445L_f6igaK2A46m2chQ6M0xW8cGaxW108kV5A!-1926820799!1093042530] [526]
19:23:07.781-----------> EGSCreateRateUSDtoPEN.doIt: Esperando renderizado de interfaz (estabilización de canal)... [526]
19:23:10.781-----------> EGSCreateRateUSDtoPEN.doIt: PASO 2: Transmitiendo Payload crudo sobre el mismo canal... [526]
19:23:10.782-----------> EGSCreateRateUSDtoPEN.doIt: Payload String: anhoConsulta=2026&mesConsulta=6&indMes=1&mode=month [526]
19:23:10.872-----------> EGSCreateRateUSDtoPEN.doIt: Respuesta HTTP del Servidor: 200 [526]
19:23:10.873-----------> EGSCreateRateUSDtoPEN.doIt: Respuesta cruda del API SUNAT: <html><head><title>Request Rejected</title></head><body>The requested URL was rejected. Please consult with your administrator.<br><br>Your support ID is: 1939715755553396580<br><br><a href='javascript:history.back();'>[Go Back]</a></body></html> [526]
19:23:10.873-----------> EGSCreateRateUSDtoPEN.doIt: Error de parsing detectado. Reintentando ajuste... [526]
19:23:10.873-----------> EGSCreateRateUSDtoPEN.doIt: Intento 5 de 5. Reintentando secuencia completa... [526]
19:23:14.873-----------> EGSCreateRateUSDtoPEN.doIt: PASO 1: Abriendo canal seguro y capturando contexto... [526]
19:23:15.161-----------> EGSCreateRateUSDtoPEN.doIt: Cookies validadas: [TS61ff7286027=08d0cd49b8ab200062f0f7c5a32fb47338e7a76070375d1361c8cc4056acc06bfa8f0cadf4d3dc6a08c6b4a5581130007aa636c215a0ec2b9a6ecc0d58127a159b920d358576fee11427ea934817614af1f82d5cf528025af58692d67bda8a1d; TS0105b0c6=019edc9eb8d14482c732594434093a731627b214557fc20a577272c7aeec33dcb38e965191ec9b4a776a78e2fb7d11f231a2a01ce1c5e2000e95efb5377aab8556320342bd; IAASISTENCIAGESTIONSESSION=UEuK3O3FpdzIpo4u_NKvx9ydz9bZL0bnVKUUbWXMF1Cm49uCVaK4do8gcIJ0NLz6Wvi1STjHHQYcAchy586HffB1TAj6iTUvvXymizGsEATCzJwoA6Ee2OMbWsd6lFbKMWaJHdSqEbveeu5Ax7m78frqGL-6iGoFoT_AswDuXPUmyzHWyqrbpzyrinBx8vMXzd2qgOpLAVqJbsPNBFsjtXyAMM3FB3tqg8R4v2mg4XUj6SAN_fOqqhCUtpk1H-6v!-1926820799!1093042530] [526]
19:23:15.248-----------> EGSCreateRateUSDtoPEN.doIt: Esperando renderizado de interfaz (estabilización de canal)... [526]
19:23:18.248-----------> EGSCreateRateUSDtoPEN.doIt: PASO 2: Transmitiendo Payload crudo sobre el mismo canal... [526]
19:23:18.248-----------> EGSCreateRateUSDtoPEN.doIt: Payload String: anhoConsulta=2026&mesConsulta=6&indMes=1&mode=month [526]
19:23:18.343-----------> EGSCreateRateUSDtoPEN.doIt: Respuesta HTTP del Servidor: 200 [526]
19:23:18.343-----------> EGSCreateRateUSDtoPEN.doIt: Respuesta cruda del API SUNAT: <html><head><title>Request Rejected</title></head><body>The requested URL was rejected. Please consult with your administrator.<br><br>Your support ID is: 11781552370961872064<br><br><a href='javascript:history.back();'>[Go Back]</a></body></html> [526]
19:23:18.343-----------> EGSCreateRateUSDtoPEN.doIt: Error de parsing detectado. Reintentando ajuste... [526]
19:23:18.345===========> EGSCreateRateUSDtoPEN.process: Fallo final de consistencia de datos. [526]
UserError: Fallo final de consistencia de datos.
	at com.egssmart.finantials.proccess.EGSCreateRateUSDtoPEN.doIt(Unknown Source)
	at org.compiere.process.SvrProcess.process(Unknown Source)
	at org.compiere.process.SvrProcess.startProcess(Unknown Source)
	at org.adempiere.util.ProcessUtil.startJavaProcess(Unknown Source)
	at org.compiere.apps.AbstractProcessCtl.startProcess(Unknown Source)
	at org.compiere.apps.AbstractProcessCtl.run(Unknown Source)
	at org.adempiere.webui.apps.WProcessCtl.process(Unknown Source)
	at org.adempiere.webui.apps.AbstractProcessDialog$ProcessDialogRunnable.doRun(Unknown Source)
	at org.adempiere.util.ContextRunnable.run(Unknown Source)
	at org.adempiere.webui.apps.DesktopRunnable.run(Unknown Source)
	at java.base/java.util.concurrent.Executors$RunnableAdapter.call(Executors.java:539)

19:24:04.943-----------> PackInApplicationActivator.getFilesToProcess: Processing migration [483]

*** 2026-06-02 19:32:24.336 idempiere Log (CLogFile) ***
