*** 2026-05-26 13:48:11.101 idempiere Log (CLogFile) ***
13:48:11.100 Adempiere.startup: iDempiere(r) Release 14_2026-03-09 -Smart Suite ERP, CRM and SCM- (c) 1999-2026 iDempiere(r); Implementation: iDempiere - Supported by iDempiere community [28]
13:48:11.101 Ini.loadProperties: /home/nextcollege/BDeveloper/idempiere-dev-setup-14/idempiere/idempiere.properties #29 [28]
13:48:11.110-----------> Core.getKeyStore: Encryption with legacy key algorithm DES detected - it is recommended to migrate to a stronger algorithm [28]
13:48:11.994-----------> Activator.createHazelCastInstance: Starting hazelcast with configuration from file hazelcast.xml [28]
13:48:12.676-----------> CPSubsystem: [192.168.1.236]:5701 [adempiere.idempiere14/localhost:5432] [5.3.7] CP Subsystem is not enabled. CP data structures will operate in UNSAFE mode! Please note that UNSAFE mode will not provide strong consistency guarantees. [28]
13:48:13.011-----------> Node: [192.168.1.236]:5701 [adempiere.idempiere14/localhost:5432] [5.3.7] No join method is enabled! Starting standalone. [28]
13:48:13.126-----------> DB.isBuildOK: Build Version Error 

The program assumes build version 14.0.0.qualifier, but database has build version ${env.ADEMPIERE_VERSION} 20080428-1232. 
This is likely to cause hard to fix errors. 
Please contact administrator. [28]
13:48:15.259-----------> EMail.setFrom: you @ company.org: javax.mail.internet.AddressException: Local address contains control or whitespace in string ``you @ company.org'' [28]
13:48:15.264-----------> EMail.addTo: you @ company.org: javax.mail.internet.AddressException: Local address contains control or whitespace in string ``you @ company.org'' [28]
13:48:15.264-----------> EMail.isValid: From is invalid=null [28]
13:48:15.265-----------> EMail.isValid: From is invalid=null [28]
13:48:15.270-----------> MClient.sendEMail: Could NOT Send Email: Server started: iDempiere (nextcollege-G751JT:192.168.1.236) to you @ company.org: Invalid Data (System) [28]
13:48:17.137           LoggedSessionListener.contextInitialized: iDempiere context initialized for 10.3.0.1 [28]
13:49:29.234===========> OrquestadorPropuestaSIREProcess.process: Cannot invoke "org.compiere.model.MTable.getPO(int, String)" because "table" is null [521]
java.lang.NullPointerException: Cannot invoke "org.compiere.model.MTable.getPO(int, String)" because "table" is null
	at com.egssmart.sire.util.DescargarPropuestaCompras.descargarYProcesar(Unknown Source)
	at com.egssmart.sire.process.OrquestadorPropuestaSIREProcess.doIt(Unknown Source)
	at org.compiere.process.SvrProcess.process(Unknown Source)
	at org.compiere.process.SvrProcess.startProcess(Unknown Source)
	at org.adempiere.util.ProcessUtil.startJavaProcess(Unknown Source)
	at org.compiere.apps.AbstractProcessCtl.startProcess(Unknown Source)
	at org.compiere.apps.AbstractProcessCtl.run(Unknown Source)
	at org.adempiere.webui.apps.WProcessCtl.process(Unknown Source)
	at org.adempiere.webui.apps.AbstractProcessDialog$ProcessDialogRunnable.doRun(Unknown Source)
	at org.adempiere.util.ContextRunnable.run(Unknown Source)
	at org.adempiere.webui.apps.DesktopRunnable.run(Unknown Source)

13:50:18.557-----------> PackInApplicationActivator.getFilesToProcess: Processing migration [481]
14:04:44.534===========> OrquestadorPropuestaSIREProcess.process: Cannot invoke "org.compiere.model.MTable.getPO(int, String)" because "table" is null [638]
java.lang.NullPointerException: Cannot invoke "org.compiere.model.MTable.getPO(int, String)" because "table" is null
	at com.egssmart.sire.util.DescargarPropuestaCompras.descargarYProcesar(Unknown Source)
	at com.egssmart.sire.process.OrquestadorPropuestaSIREProcess.doIt(Unknown Source)
	at org.compiere.process.SvrProcess.process(Unknown Source)
	at org.compiere.process.SvrProcess.startProcess(Unknown Source)
	at org.adempiere.util.ProcessUtil.startJavaProcess(Unknown Source)
	at org.compiere.apps.AbstractProcessCtl.startProcess(Unknown Source)
	at org.compiere.apps.AbstractProcessCtl.run(Unknown Source)
	at org.adempiere.webui.apps.WProcessCtl.process(Unknown Source)
	at org.adempiere.webui.apps.AbstractProcessDialog$ProcessDialogRunnable.doRun(Unknown Source)
	at org.adempiere.util.ContextRunnable.run(Unknown Source)
	at org.adempiere.webui.apps.DesktopRunnable.run(Unknown Source)


*** 2026-05-26 14:05:00.245 idempiere Log (CLogFile) ***
