*** 2026-06-02 21:58:55.054 idempiere Log (CLogFile) ***
21:58:55.053 Adempiere.startup: iDempiere(r) Release 14_2026-03-09 -Smart Suite ERP, CRM and SCM- (c) 1999-2026 iDempiere(r); Implementation: iDempiere - Supported by iDempiere community [27]
21:58:55.055 Ini.loadProperties: /home/nextcollege/BDeveloper/idempiere-dev-setup-14/idempiere/idempiere.properties #29 [27]
21:58:55.061-----------> Core.getKeyStore: Encryption with legacy key algorithm DES detected - it is recommended to migrate to a stronger algorithm [27]
21:58:55.683-----------> Activator.createHazelCastInstance: Starting hazelcast with configuration from file hazelcast.xml [27]
21:58:56.214-----------> CPSubsystem: [192.168.0.55]:5701 [adempiere.idempiere14/localhost:5432] [5.3.7] CP Subsystem is not enabled. CP data structures will operate in UNSAFE mode! Please note that UNSAFE mode will not provide strong consistency guarantees. [27]
21:58:56.585-----------> Node: [192.168.0.55]:5701 [adempiere.idempiere14/localhost:5432] [5.3.7] No join method is enabled! Starting standalone. [27]
21:58:57.282-----------> DB.isBuildOK: Build Version Error 

The program assumes build version 14.0.0.qualifier, but database has build version ${env.ADEMPIERE_VERSION} 20080428-1232. 
This is likely to cause hard to fix errors. 
Please contact administrator. [27]
21:58:59.145-----------> EMail.setFrom: you @ company.org: javax.mail.internet.AddressException: Local address contains control or whitespace in string ``you @ company.org'' [27]
21:58:59.150-----------> EMail.addTo: you @ company.org: javax.mail.internet.AddressException: Local address contains control or whitespace in string ``you @ company.org'' [27]
21:58:59.150-----------> EMail.isValid: From is invalid=null [27]
21:58:59.151-----------> EMail.isValid: From is invalid=null [27]
21:58:59.154-----------> MClient.sendEMail: Could NOT Send Email: Server started: iDempiere (nextcollege-G751JT:192.168.0.55) to you @ company.org: Invalid Data (System) [27]
21:59:00.593           LoggedSessionListener.contextInitialized: iDempiere context initialized for 10.3.0.1 [27]
21:59:00.778-----------> TimeZoneDataBaseVersionChecker.init: Time zone data version mismatch detected:
 - Client (moment.js) tzdb version: 2025b
 - Server (JDK) tzdb version: 2026a
Date and time values may be incorrect if time zone rules differ.
To resolve, update the moment-timezone data on the client and/or the JDK time zone data (TZUpdater or Java update) on the server so both use the same version. [27]
21:59:59.064-----------> EGSCreateRateUSDtoPEN.doIt: PASO 1: Abriendo canal seguro y capturando contexto... [519]
21:59:59.558-----------> EGSCreateRateUSDtoPEN.doIt: Cookies ordenadas jerárquicamente: [IAASISTENCIAGESTIONSESSION=lweLbG1rE3fMZ7dxhuXOLkpkAstBEOcP6DdQgsY2aP5QO88l3rlbJY5WMhqORnq59kiBlQC8MGAWTgHoZKp0mJpBdUlUZ1btgxEcIQJjsgAS0J2uC-oWvJW_A3u4Epu0GJHFcEkyZOgde6NG_yuvt0VFzCYp_l_vt73ElSDyFpzxTjO_g_1BN7iDdHsYoCMoWMk32Zbzd8oCFI2Wfkl2g9cZqcvhFnjD3cxVzIeAEAJmdQRI6qck6Gs4UVIon873!1298053303!-445114015; TSf3c1dbbd027=08fe7428c8ab2000b113729db4d330518faf6a28999f14840bfc0d20b9a690ad8004b27e5cc713200886161c871130005ec877055c5183500eda526509d30fdf6a2ba0128e82a8e52c58d3fa9dac81b0cc66c2fd2d97834f2c813f07b924c844] [519]
21:59:59.560-----------> EGSCreateRateUSDtoPEN.doIt: Esperando estabilización de canal perimetral... [519]
22:00:03.061-----------> EGSCreateRateUSDtoPEN.doIt: PASO 2: Transmitiendo consulta via POST con Payload Form-UrlEncoded... [519]
22:00:03.062-----------> EGSCreateRateUSDtoPEN.doIt: Periodo de consulta: 06/2026 [519]
22:00:03.161-----------> EGSCreateRateUSDtoPEN.doIt: Respuesta HTTP del Servidor: 415 [519]
22:00:03.161-----------> EGSCreateRateUSDtoPEN.doIt: Respuesta cruda del API SUNAT: <!DOCTYPE HTML PUBLIC "-//W3C//DTD HTML 4.0 Draft//EN"><HTML><HEAD><TITLE>Error 415--Unsupported Media Type</TITLE></HEAD><BODY bgcolor="white"><FONT FACE=Helvetica><BR CLEAR=all><TABLE border=0 cellspacing=5><TR><TD><BR CLEAR=all><FONT FACE="Helvetica" COLOR="black" SIZE="3"><H2>Error 415--Unsupported Media Type</H2></FONT></TD></TR></TABLE><TABLE border=0 width=100% cellpadding=10><TR><TD VALIGN=top WIDTH=100% BGCOLOR=white><FONT FACE="Courier New"><FONT FACE="Helvetica" SIZE="3"><H3>From RFC 2068 <i>Hypertext Transfer Protocol -- HTTP/1.1</i>:</H3></FONT><FONT FACE="Helvetica" SIZE="3"><H4>10.4.16 415 Unsupported Media Type</H4></FONT><P><FONT FACE="Courier New">The server is refusing to service the request because the entity of the request is in a format not supported by the requested resource for the requested method.</FONT></P></FONT></TD></TR></TABLE></BODY></HTML> [519]
22:00:03.161-----------> EGSCreateRateUSDtoPEN.doIt: Respuesta no válida o vacía para el periodo (06/2026). [519]
22:00:03.161-----------> EGSCreateRateUSDtoPEN.doIt: Ejecutando contingencia de retroceso mensual. [519]
22:00:03.161-----------> EGSCreateRateUSDtoPEN.doIt: Intento 2 de 5. Reintentando secuencia completa... [519]
22:00:07.162-----------> EGSCreateRateUSDtoPEN.doIt: PASO 1: Abriendo canal seguro y capturando contexto... [519]
22:00:07.345-----------> EGSCreateRateUSDtoPEN.doIt: Cookies ordenadas jerárquicamente: [IAASISTENCIAGESTIONSESSION=pzSLbIvfY7NmTC-G_diU8TRtBUFMWrcXpHraLEUgZQOXEK8FWu4T2EqeXstsVYdY2Wl6mHjxUTu5lz1eVAwDrk-nUOhobDLsWRLezuLG9eO5KTBDHMQhPPZ110XZFWYNHhPtSzULSGbQOyUakcEVNXCwEuBWAvShiW7I5066OOYzwUyvV3it2w6vjXyYTIlXL5nDGoTTz7d8GTyiHVSg_ON-7W91uh4Gc21l7p1qC4OeiYi-yEmc7q2gtzuHlSqQ!1298053303!-445114015; TSf3c1dbbd027=08fe7428c8ab20009d0c7b5aedda64a998a41ac7332faaea6df441b6532789494128840ef96f9698083299e85c113000d8e675bc16423096101d6efa1acacef495beaa21f7c19b121334c59df7d7b2a450b1594c060f23b2801a5b70f64987c3] [519]
22:00:07.347-----------> EGSCreateRateUSDtoPEN.doIt: Esperando estabilización de canal perimetral... [519]
22:00:10.847-----------> EGSCreateRateUSDtoPEN.doIt: PASO 2: Transmitiendo consulta via POST con Payload Form-UrlEncoded... [519]
22:00:10.848-----------> EGSCreateRateUSDtoPEN.doIt: Periodo de consulta: 05/2026 [519]
22:00:10.946-----------> EGSCreateRateUSDtoPEN.doIt: Respuesta HTTP del Servidor: 415 [519]
22:00:10.946-----------> EGSCreateRateUSDtoPEN.doIt: Respuesta cruda del API SUNAT: <!DOCTYPE HTML PUBLIC "-//W3C//DTD HTML 4.0 Draft//EN"><HTML><HEAD><TITLE>Error 415--Unsupported Media Type</TITLE></HEAD><BODY bgcolor="white"><FONT FACE=Helvetica><BR CLEAR=all><TABLE border=0 cellspacing=5><TR><TD><BR CLEAR=all><FONT FACE="Helvetica" COLOR="black" SIZE="3"><H2>Error 415--Unsupported Media Type</H2></FONT></TD></TR></TABLE><TABLE border=0 width=100% cellpadding=10><TR><TD VALIGN=top WIDTH=100% BGCOLOR=white><FONT FACE="Courier New"><FONT FACE="Helvetica" SIZE="3"><H3>From RFC 2068 <i>Hypertext Transfer Protocol -- HTTP/1.1</i>:</H3></FONT><FONT FACE="Helvetica" SIZE="3"><H4>10.4.16 415 Unsupported Media Type</H4></FONT><P><FONT FACE="Courier New">The server is refusing to service the request because the entity of the request is in a format not supported by the requested resource for the requested method.</FONT></P></FONT></TD></TR></TABLE></BODY></HTML> [519]
22:00:10.946-----------> EGSCreateRateUSDtoPEN.doIt: Respuesta no válida o vacía para el periodo (05/2026). [519]
22:00:10.946-----------> EGSCreateRateUSDtoPEN.doIt: Ejecutando contingencia de retroceso mensual. [519]
22:00:10.947-----------> EGSCreateRateUSDtoPEN.doIt: Intento 3 de 5. Reintentando secuencia completa... [519]
22:00:14.947-----------> EGSCreateRateUSDtoPEN.doIt: PASO 1: Abriendo canal seguro y capturando contexto... [519]
22:00:15.131-----------> EGSCreateRateUSDtoPEN.doIt: Cookies ordenadas jerárquicamente: [IAASISTENCIAGESTIONSESSION=4fqLbKpJFAjQ7kzi0qvvpkPw6PdXxVKiXolQDFG0KsLMd2edVeF0DdVmXwAyEVpX-FEaM9mz_7VN4M96e4n3ocM8NLHXXFkvKBCsO_ywFs4OD4Q4sRTHIbtYs6dbzikLfztaxRvn7iWr_wql5htyU0ZF_cVaSjAaAKew5hl8eQ3HhoP8p6jyrzKxZnNlh6lhmaouLrFndhm7W6TD9xA9clk8zIsP57OmM3nKsT3I8x3LZV1hAkuJTs_r4qzyFRjC!1298053303!-445114015; TSf3c1dbbd027=08fe7428c8ab2000bee3ddbb6e3367c8dfb4748b775a5b61245fba61143e136683cb4c27f898c0fa0885fcfaf8113000bb335ab7d21e45e45fd113bf720823fd7dc44ec669eb25cd306f14f9962c5d5911e07cb3266c601f58ab5d6026ca2ac7] [519]
22:00:15.134-----------> EGSCreateRateUSDtoPEN.doIt: Esperando estabilización de canal perimetral... [519]
22:00:18.635-----------> EGSCreateRateUSDtoPEN.doIt: PASO 2: Transmitiendo consulta via POST con Payload Form-UrlEncoded... [519]
22:00:18.635-----------> EGSCreateRateUSDtoPEN.doIt: Periodo de consulta: 04/2026 [519]
22:00:18.733-----------> EGSCreateRateUSDtoPEN.doIt: Respuesta HTTP del Servidor: 415 [519]
22:00:18.733-----------> EGSCreateRateUSDtoPEN.doIt: Respuesta cruda del API SUNAT: <!DOCTYPE HTML PUBLIC "-//W3C//DTD HTML 4.0 Draft//EN"><HTML><HEAD><TITLE>Error 415--Unsupported Media Type</TITLE></HEAD><BODY bgcolor="white"><FONT FACE=Helvetica><BR CLEAR=all><TABLE border=0 cellspacing=5><TR><TD><BR CLEAR=all><FONT FACE="Helvetica" COLOR="black" SIZE="3"><H2>Error 415--Unsupported Media Type</H2></FONT></TD></TR></TABLE><TABLE border=0 width=100% cellpadding=10><TR><TD VALIGN=top WIDTH=100% BGCOLOR=white><FONT FACE="Courier New"><FONT FACE="Helvetica" SIZE="3"><H3>From RFC 2068 <i>Hypertext Transfer Protocol -- HTTP/1.1</i>:</H3></FONT><FONT FACE="Helvetica" SIZE="3"><H4>10.4.16 415 Unsupported Media Type</H4></FONT><P><FONT FACE="Courier New">The server is refusing to service the request because the entity of the request is in a format not supported by the requested resource for the requested method.</FONT></P></FONT></TD></TR></TABLE></BODY></HTML> [519]
22:00:18.733-----------> EGSCreateRateUSDtoPEN.doIt: Respuesta no válida o vacía para el periodo (04/2026). [519]
22:00:18.733-----------> EGSCreateRateUSDtoPEN.doIt: Ejecutando contingencia de retroceso mensual. [519]
22:00:18.734-----------> EGSCreateRateUSDtoPEN.doIt: Intento 4 de 5. Reintentando secuencia completa... [519]
22:00:22.734-----------> EGSCreateRateUSDtoPEN.doIt: PASO 1: Abriendo canal seguro y capturando contexto... [519]
22:00:22.916-----------> EGSCreateRateUSDtoPEN.doIt: Cookies ordenadas jerárquicamente: [IAASISTENCIAGESTIONSESSION=YNWLbMix034Y_XHyx-f2OLxfIWbBEKfuYDNcZk1G2C9Vv8iF1mGEScxWkvz2Ee1OWf4VwFNbq8GvYyNNRWs6yCTWR2sgCk0x6tqWIQ8agi90ST4GfL5CHdo-3UxEViiVzl-2sjAwKkPEIFuRDGxFo8QaruzsUyFXjIVp5R04xjsU7E2mhWgXCqn3JcessI4P0W3EG4-7qgnoFlCjt5ORj_oXQVDde-30jvGOLtLR9ZV8ygsVXe0Zdcedub9IH9GX!1298053303!-445114015; TSf3c1dbbd027=08fe7428c8ab20000eae5d2dd4b0d3d0cfe898eaca02755dacab99d61482348ad16e5cdf33dc22eb0801e4d8e9113000f0634c30d4d49fda63ded987d81e1cb8410c7cf719484ad11807f860d73dc5296c32040f5e7e9227c84316a39e1265c6] [519]
22:00:22.919-----------> EGSCreateRateUSDtoPEN.doIt: Esperando estabilización de canal perimetral... [519]
22:00:26.419-----------> EGSCreateRateUSDtoPEN.doIt: PASO 2: Transmitiendo consulta via POST con Payload Form-UrlEncoded... [519]
22:00:26.420-----------> EGSCreateRateUSDtoPEN.doIt: Periodo de consulta: 03/2026 [519]
22:00:26.516-----------> EGSCreateRateUSDtoPEN.doIt: Respuesta HTTP del Servidor: 415 [519]
22:00:26.517-----------> EGSCreateRateUSDtoPEN.doIt: Respuesta cruda del API SUNAT: <!DOCTYPE HTML PUBLIC "-//W3C//DTD HTML 4.0 Draft//EN"><HTML><HEAD><TITLE>Error 415--Unsupported Media Type</TITLE></HEAD><BODY bgcolor="white"><FONT FACE=Helvetica><BR CLEAR=all><TABLE border=0 cellspacing=5><TR><TD><BR CLEAR=all><FONT FACE="Helvetica" COLOR="black" SIZE="3"><H2>Error 415--Unsupported Media Type</H2></FONT></TD></TR></TABLE><TABLE border=0 width=100% cellpadding=10><TR><TD VALIGN=top WIDTH=100% BGCOLOR=white><FONT FACE="Courier New"><FONT FACE="Helvetica" SIZE="3"><H3>From RFC 2068 <i>Hypertext Transfer Protocol -- HTTP/1.1</i>:</H3></FONT><FONT FACE="Helvetica" SIZE="3"><H4>10.4.16 415 Unsupported Media Type</H4></FONT><P><FONT FACE="Courier New">The server is refusing to service the request because the entity of the request is in a format not supported by the requested resource for the requested method.</FONT></P></FONT></TD></TR></TABLE></BODY></HTML> [519]
22:00:26.517-----------> EGSCreateRateUSDtoPEN.doIt: Respuesta no válida o vacía para el periodo (03/2026). [519]
22:00:26.517-----------> EGSCreateRateUSDtoPEN.doIt: Ejecutando contingencia de retroceso mensual. [519]
22:00:26.518-----------> EGSCreateRateUSDtoPEN.doIt: Intento 5 de 5. Reintentando secuencia completa... [519]
22:00:30.518-----------> EGSCreateRateUSDtoPEN.doIt: PASO 1: Abriendo canal seguro y capturando contexto... [519]
22:00:30.702-----------> EGSCreateRateUSDtoPEN.doIt: Cookies ordenadas jerárquicamente: [IAASISTENCIAGESTIONSESSION=iQyLbOcZMfYoB4cOTouFOlqzzMNwpSqJTND4Dg02Mcz176Hqt-NjlahVwr-zVCMW0HGxy0UPoQjyyd6G6sDiD-hD07o2_TuMWf492ktZIalB_7WBhtnF-GMITGVJ6NAaiZU0kfp9FeyHcZc-_I1sSBPfwo1A3KABBzettEUlpLserNHyNovuste_tNRSEZoYg1fMG80X2RaT5sqmrAnTCz2HORDrrHVIwMpfJ1r9gDyRkNiiWN_gmcHzngG1JED3!1298053303!-445114015; TSf3c1dbbd027=08fe7428c8ab20005063d4315e1e03d306f62dea5e2fd46a6c77a003698e260aca37ca19bfd40d7408856390451130005b3f21ef897b477b03801c07e4897852cbd0c225673945f6696fb7994a0e6b25e88e01a5e71b1ea90655b40698b09399] [519]
22:00:30.703-----------> EGSCreateRateUSDtoPEN.doIt: Esperando estabilización de canal perimetral... [519]
22:00:34.204-----------> EGSCreateRateUSDtoPEN.doIt: PASO 2: Transmitiendo consulta via POST con Payload Form-UrlEncoded... [519]
22:00:34.204-----------> EGSCreateRateUSDtoPEN.doIt: Periodo de consulta: 02/2026 [519]
22:00:34.302-----------> EGSCreateRateUSDtoPEN.doIt: Respuesta HTTP del Servidor: 415 [519]
22:00:34.302-----------> EGSCreateRateUSDtoPEN.doIt: Respuesta cruda del API SUNAT: <!DOCTYPE HTML PUBLIC "-//W3C//DTD HTML 4.0 Draft//EN"><HTML><HEAD><TITLE>Error 415--Unsupported Media Type</TITLE></HEAD><BODY bgcolor="white"><FONT FACE=Helvetica><BR CLEAR=all><TABLE border=0 cellspacing=5><TR><TD><BR CLEAR=all><FONT FACE="Helvetica" COLOR="black" SIZE="3"><H2>Error 415--Unsupported Media Type</H2></FONT></TD></TR></TABLE><TABLE border=0 width=100% cellpadding=10><TR><TD VALIGN=top WIDTH=100% BGCOLOR=white><FONT FACE="Courier New"><FONT FACE="Helvetica" SIZE="3"><H3>From RFC 2068 <i>Hypertext Transfer Protocol -- HTTP/1.1</i>:</H3></FONT><FONT FACE="Helvetica" SIZE="3"><H4>10.4.16 415 Unsupported Media Type</H4></FONT><P><FONT FACE="Courier New">The server is refusing to service the request because the entity of the request is in a format not supported by the requested resource for the requested method.</FONT></P></FONT></TD></TR></TABLE></BODY></HTML> [519]
22:00:34.302-----------> EGSCreateRateUSDtoPEN.doIt: Respuesta no válida o vacía para el periodo (02/2026). [519]
22:00:34.302-----------> EGSCreateRateUSDtoPEN.doIt: Ejecutando contingencia de retroceso mensual. [519]
22:00:34.305===========> EGSCreateRateUSDtoPEN.process: Fallo final de consistencia de datos. [519]
org.adempiere.exceptions.AdempiereException: Fallo final de consistencia de datos.
	at com.egssmart.finantials.proccess.EGSCreateRateUSDtoPEN.doIt(Unknown Source)
	at org.compiere.process.SvrProcess.process(Unknown Source)
	at org.compiere.process.SvrProcess.startProcess(Unknown Source)
	at org.adempiere.util.ProcessUtil.startJavaProcess(Unknown Source)
	at org.compiere.apps.AbstractProcessCtl.startProcess(Unknown Source)
	at org.compiere.apps.AbstractProcessCtl.run(Unknown Source)
	at org.adempiere.webui.apps.WProcessCtl.process(Unknown Source)
	at org.adempiere.webui.apps.AbstractProcessDialog$ProcessDialogRunnable.doRun(Unknown Source)
	at org.adempiere.util.ContextRunnable.run(Unknown Source)
	at org.adempiere.webui.apps.DesktopRunnable.run(Unknown Source)
	at java.base/java.util.concurrent.Executors$RunnableAdapter.call(Executors.java:539)

22:01:01.836-----------> PackInApplicationActivator.getFilesToProcess: Processing migration [477]

*** 2026-06-02 22:03:54.413 idempiere Log (CLogFile) ***
