*** 2026-05-27 01:14:48.797 idempiere Log (CLogFile) ***
01:14:48.796 Adempiere.startup: iDempiere(r) Release 14_2026-03-09 -Smart Suite ERP, CRM and SCM- (c) 1999-2026 iDempiere(r); Implementation: iDempiere - Supported by iDempiere community [28]
01:14:48.797 Ini.loadProperties: /home/nextcollege/BDeveloper/idempiere-dev-setup-14/idempiere/idempiere.properties #29 [28]
01:14:48.805-----------> Core.getKeyStore: Encryption with legacy key algorithm DES detected - it is recommended to migrate to a stronger algorithm [28]
01:14:49.997-----------> Activator.createHazelCastInstance: Starting hazelcast with configuration from file hazelcast.xml [28]
01:14:50.685-----------> CPSubsystem: [192.168.1.236]:5701 [adempiere.idempiere14/localhost:5432] [5.3.7] CP Subsystem is not enabled. CP data structures will operate in UNSAFE mode! Please note that UNSAFE mode will not provide strong consistency guarantees. [28]
01:14:51.099-----------> Node: [192.168.1.236]:5701 [adempiere.idempiere14/localhost:5432] [5.3.7] No join method is enabled! Starting standalone. [28]
01:14:51.231-----------> DB.isBuildOK: Build Version Error 

The program assumes build version 14.0.0.qualifier, but database has build version ${env.ADEMPIERE_VERSION} 20080428-1232. 
This is likely to cause hard to fix errors. 
Please contact administrator. [28]
01:14:53.515-----------> EMail.setFrom: you @ company.org: javax.mail.internet.AddressException: Local address contains control or whitespace in string ``you @ company.org'' [28]
01:14:53.518-----------> EMail.addTo: you @ company.org: javax.mail.internet.AddressException: Local address contains control or whitespace in string ``you @ company.org'' [28]
01:14:53.519-----------> EMail.isValid: From is invalid=null [28]
01:14:53.519-----------> EMail.isValid: From is invalid=null [28]
01:14:53.523-----------> MClient.sendEMail: Could NOT Send Email: Server started: iDempiere (nextcollege-G751JT:192.168.1.236) to you @ company.org: Invalid Data (System) [28]
01:14:55.137           LoggedSessionListener.contextInitialized: iDempiere context initialized for 10.3.0.1 [28]
01:15:41.053-----------> DefaultModelFactory.getClass: No class for table with it entity: lpe_purchase_proposal [559]
01:16:56.280-----------> PackInApplicationActivator.getFilesToProcess: Processing migration [509]

*** 2026-05-27 01:32:45.14 idempiere Log (CLogFile) ***
