*** 2026-06-02 20:54:48.095 idempiere Log (CLogFile) ***
20:54:48.094 Adempiere.startup: iDempiere(r) Release 14_2026-03-09 -Smart Suite ERP, CRM and SCM- (c) 1999-2026 iDempiere(r); Implementation: iDempiere - Supported by iDempiere community [27]
20:54:48.095 Ini.loadProperties: /home/nextcollege/BDeveloper/idempiere-dev-setup-14/idempiere/idempiere.properties #29 [27]
20:54:48.101-----------> Core.getKeyStore: Encryption with legacy key algorithm DES detected - it is recommended to migrate to a stronger algorithm [27]
20:54:48.640-----------> Activator.createHazelCastInstance: Starting hazelcast with configuration from file hazelcast.xml [27]
20:54:49.246-----------> CPSubsystem: [192.168.0.55]:5701 [adempiere.idempiere14/localhost:5432] [5.3.7] CP Subsystem is not enabled. CP data structures will operate in UNSAFE mode! Please note that UNSAFE mode will not provide strong consistency guarantees. [27]
20:54:49.541-----------> Node: [192.168.0.55]:5701 [adempiere.idempiere14/localhost:5432] [5.3.7] No join method is enabled! Starting standalone. [27]
20:54:50.090-----------> DB.isBuildOK: Build Version Error 

The program assumes build version 14.0.0.qualifier, but database has build version ${env.ADEMPIERE_VERSION} 20080428-1232. 
This is likely to cause hard to fix errors. 
Please contact administrator. [27]
20:54:51.893-----------> EMail.setFrom: you @ company.org: javax.mail.internet.AddressException: Local address contains control or whitespace in string ``you @ company.org'' [27]
20:54:51.898-----------> EMail.addTo: you @ company.org: javax.mail.internet.AddressException: Local address contains control or whitespace in string ``you @ company.org'' [27]
20:54:51.898-----------> EMail.isValid: From is invalid=null [27]
20:54:51.899-----------> EMail.isValid: From is invalid=null [27]
20:54:51.903-----------> MClient.sendEMail: Could NOT Send Email: Server started: iDempiere (nextcollege-G751JT:192.168.0.55) to you @ company.org: Invalid Data (System) [27]
20:54:53.326           LoggedSessionListener.contextInitialized: iDempiere context initialized for 10.3.0.1 [27]
20:54:53.545-----------> TimeZoneDataBaseVersionChecker.init: Time zone data version mismatch detected:
 - Client (moment.js) tzdb version: 2025b
 - Server (JDK) tzdb version: 2026a
Date and time values may be incorrect if time zone rules differ.
To resolve, update the moment-timezone data on the client and/or the JDK time zone data (TZUpdater or Java update) on the server so both use the same version. [27]
20:56:35.910-----------> EGSCreateRateUSDtoPEN.doIt: PASO 1: Abriendo canal seguro y capturando contexto... [505]
20:56:36.023-----------> EGSCreateRateUSDtoPEN.doIt: Cookies validadas: [TS61ff7286027=08d0cd49b8ab20008937571aa56339728cb48e222b2a1e7a3b4217d2273383d610b67ce1d7ad8705082d923574113000eb5c7fd18d8f18c86aea27847d9434d97b57b71c6c1b590e56191a906a67f5275e20d13f9285d117e9a0f0d6ff03c0ce; TS0105b0c6=019edc9eb8306626e88311f0f7c93b88d6c601591f299f911c1697f45d3132e3e3cac274d2ddb65ccab56a2725100bf576cd40d1b5357838cda716aa522be6631d886177e9; IAASISTENCIAGESTIONSESSION=LWKLMmQib_jOur-abp7b7mJNHLdBIpJgdx1sf9hGDVXyJxHlDILQNNUubW_Z1pD-mk8ks2W-jESVsJ8XAQ7J-pskVDI-gnm05OjaYDgzEKJFp5RD49ZSJjSZeETCcYgf8tR9JoMoN911e3A4Nl_zZIo0_9EN1Fuy4c03ZDRxqkUNyYC9hbbBoSdmnqljD-ENEbDUUaPO_7mNXvuKNph6DMEVRbVV9Ti-O2T7Cw-O6GtK0LxGlBKGbtuvY5h7m0Uj!-1926820799!1093042530] [505]
20:56:36.033-----------> EGSCreateRateUSDtoPEN.doIt: Esperando estabilización de canal perimetral... [505]
20:56:39.034-----------> EGSCreateRateUSDtoPEN.doIt: PASO 2: Transmitiendo consulta híbrida con formateo estricto... [505]
20:56:39.035-----------> EGSCreateRateUSDtoPEN.doIt: URL Destino: https://e-consulta.sunat.gob.pe/cl-at-ittipcam/tcS01Alias/listarTipoCambio?anhoConsulta=2026&mesConsulta=06&indMes=1&mode=month [505]
20:56:39.062-----------> EGSCreateRateUSDtoPEN.doIt: Respuesta HTTP del Servidor: 200 [505]
20:56:39.063-----------> EGSCreateRateUSDtoPEN.doIt: Respuesta cruda del API SUNAT: [] [505]
20:56:39.063-----------> EGSCreateRateUSDtoPEN.doIt: Listado vacío para el periodo seleccionado (06/2026). [505]
20:56:39.063-----------> EGSCreateRateUSDtoPEN.doIt: Ejecutando contingencia: Solicitando mes anterior. [505]
20:56:39.064-----------> EGSCreateRateUSDtoPEN.doIt: Intento 2 de 5. Reintentando secuencia completa... [505]
20:56:43.064-----------> EGSCreateRateUSDtoPEN.doIt: PASO 1: Abriendo canal seguro y capturando contexto... [505]
20:56:43.102-----------> EGSCreateRateUSDtoPEN.doIt: Cookies validadas: [TS61ff7286027=08d0cd49b8ab200082f2cc93a460342f2f5b5531324fcd92c6898de5eaea6519d973cc4bf35100a508d3246954113000f79ee9caad4639c144115e5bd295b5042eaa0c13edaff9222917bb2b3fcc0ea7272d934e60882e2e1f4ba304a66a441e; TS0105b0c6=019edc9eb84ce493ddee2ee3b2dd3ca72209bef0813710e6ad009120008b3900115a05bfadaeb4e690bef437ad3e6c9a6d5ca957ac0520aa208eed7b179f7ba26c48949471; IAASISTENCIAGESTIONSESSION=kGCLMn_Flr2jB7HJZNuR4E5M7uJa1kA_fKHS_xDKj5L73b5kA6BFBEbtBd_lpWszFJ4tEvhTBkaPXmJJxfnYCjvWdOqpP8AB8qde01P3pUDp-XysZDa68_PekNbB--9dGPC6Z37inbthtrVbVBAPSjuYRYrk-9Gu7vbb-e8ijt7_INZ5uwnMv8fhgHbTibbhw-8oJqJig-9G2ODAb2a3z1hhGboE0kdtlf0UAZw6HIfNuozY4Ws-xwfFG-pOTsOB!-1926820799!1093042530] [505]
20:56:43.108-----------> EGSCreateRateUSDtoPEN.doIt: Esperando estabilización de canal perimetral... [505]
20:56:46.108-----------> EGSCreateRateUSDtoPEN.doIt: PASO 2: Transmitiendo consulta híbrida con formateo estricto... [505]
20:56:46.108-----------> EGSCreateRateUSDtoPEN.doIt: URL Destino: https://e-consulta.sunat.gob.pe/cl-at-ittipcam/tcS01Alias/listarTipoCambio?anhoConsulta=2026&mesConsulta=05&indMes=1&mode=month [505]
20:56:46.136-----------> EGSCreateRateUSDtoPEN.doIt: Respuesta HTTP del Servidor: 200 [505]
20:56:46.137-----------> EGSCreateRateUSDtoPEN.doIt: Respuesta cruda del API SUNAT: [] [505]
20:56:46.137-----------> EGSCreateRateUSDtoPEN.doIt: Listado vacío para el periodo seleccionado (05/2026). [505]
20:56:46.137-----------> EGSCreateRateUSDtoPEN.doIt: Ejecutando contingencia: Solicitando mes anterior. [505]
20:56:46.137-----------> EGSCreateRateUSDtoPEN.doIt: Intento 3 de 5. Reintentando secuencia completa... [505]
20:56:50.138-----------> EGSCreateRateUSDtoPEN.doIt: PASO 1: Abriendo canal seguro y capturando contexto... [505]
20:56:50.174-----------> EGSCreateRateUSDtoPEN.doIt: Cookies validadas: [TS61ff7286027=08d0cd49b8ab20007cbf1bba90e417080719f13529654672b99347f08b0e5c44c2cc858ba602645d088733211e113000637c67e4e3b97257ac1eeb12bfb999878ea6e7f71ca812b7fc690c8cb28365336084b6bdd1eba4d86b7147a76aacdaf3; TS0105b0c6=019edc9eb8e633b559264cc3111cf5727ee3dce286ee0fbfa444b316e07c12135ac93c7463a8ccd43276ec8ee38924500fd114d29ea438e9ba7fa1bdb6eb1afe0f6fdb2086; IAASISTENCIAGESTIONSESSION=8M-LMptonY9AoK7U_d1F4RSJ0YFGn4qIbO_5GYo2NEQxfGBiPFEeFwy7XSZTk5Fm8HRwDEzWxdDy3vJ8XZ7HB55PbT-Hbu5GbfSWlD03smuhi_rvFnkRkJdJGdpviuNi_BCkeL3h4hmbndqrS94CPqSwtp0PrVbQmgJzdRCHUtOYNn4IzvMFML_b4Ao6oSo54cP3YDNaFKa4WD0EFDkAEtN0I1E4JkzVh4M6pYRl0OiYc8QPE-Ag4H5pJXd7fTP8!-1926820799!1093042530] [505]
20:56:50.181-----------> EGSCreateRateUSDtoPEN.doIt: Esperando estabilización de canal perimetral... [505]
20:56:53.181-----------> EGSCreateRateUSDtoPEN.doIt: PASO 2: Transmitiendo consulta híbrida con formateo estricto... [505]
20:56:53.181-----------> EGSCreateRateUSDtoPEN.doIt: URL Destino: https://e-consulta.sunat.gob.pe/cl-at-ittipcam/tcS01Alias/listarTipoCambio?anhoConsulta=2026&mesConsulta=04&indMes=1&mode=month [505]
20:56:53.208-----------> EGSCreateRateUSDtoPEN.doIt: Respuesta HTTP del Servidor: 200 [505]
20:56:53.209-----------> EGSCreateRateUSDtoPEN.doIt: Respuesta cruda del API SUNAT: [] [505]
20:56:53.209-----------> EGSCreateRateUSDtoPEN.doIt: Listado vacío para el periodo seleccionado (04/2026). [505]
20:56:53.209-----------> EGSCreateRateUSDtoPEN.doIt: Ejecutando contingencia: Solicitando mes anterior. [505]
20:56:53.209-----------> EGSCreateRateUSDtoPEN.doIt: Intento 4 de 5. Reintentando secuencia completa... [505]
20:56:54.590-----------> PackInApplicationActivator.getFilesToProcess: Processing migration [475]
20:56:57.209-----------> EGSCreateRateUSDtoPEN.doIt: PASO 1: Abriendo canal seguro y capturando contexto... [505]
20:56:57.249-----------> EGSCreateRateUSDtoPEN.doIt: Cookies validadas: [TS61ff7286027=08d0cd49b8ab200046d15b3817b1cc15612aafc4458d46aa1fdc17a94bf5d834f11512e85fe8c50108bde3ff981130000fc9ac4d85e9d8d7bc81a6f35acca752ad35dadd3022fe08e049170dc7cf63c215b3ffc5e2913ec180041457485a35ef; TS0105b0c6=019edc9eb8048bd2cb306cebe4783159f30f8b4523603bde40aeffb0417363966f640338cd53267f8941c5a816472ee6e09970cbbfa32590f44a5e6e9ffee0658a56648589; IAASISTENCIAGESTIONSESSION=8ySLMrcGBKdY_nAQsW3ETCWXvd8YkILvR37nqYlI5xrc7GJt4T59GScRHNOcZHz4Ob-4g1Kg2EQk5Bs80_rwon6GglyzN12J1w15h8g8S_Lbx28UqWT7M2oKaI9VX6ZWI8hnzF8ksJwfLdW_e78CMD8fyXQI7rpBSsTeWkbBT3OkGe8mylslbsDkIhYyWUH3qY2NsO9D_NGLH0ecc7IeCzvv-Sdfzb3iwzFOzJyIflxT3XGP0Iqi-zt7ySlxNOAH!-1926820799!1093042530] [505]
20:56:57.252-----------> EGSCreateRateUSDtoPEN.doIt: Esperando estabilización de canal perimetral... [505]
20:57:00.252-----------> EGSCreateRateUSDtoPEN.doIt: PASO 2: Transmitiendo consulta híbrida con formateo estricto... [505]
20:57:00.252-----------> EGSCreateRateUSDtoPEN.doIt: URL Destino: https://e-consulta.sunat.gob.pe/cl-at-ittipcam/tcS01Alias/listarTipoCambio?anhoConsulta=2026&mesConsulta=03&indMes=1&mode=month [505]
20:57:00.280-----------> EGSCreateRateUSDtoPEN.doIt: Respuesta HTTP del Servidor: 200 [505]
20:57:00.280-----------> EGSCreateRateUSDtoPEN.doIt: Respuesta cruda del API SUNAT: [] [505]
20:57:00.280-----------> EGSCreateRateUSDtoPEN.doIt: Listado vacío para el periodo seleccionado (03/2026). [505]
20:57:00.281-----------> EGSCreateRateUSDtoPEN.doIt: Ejecutando contingencia: Solicitando mes anterior. [505]
20:57:00.281-----------> EGSCreateRateUSDtoPEN.doIt: Intento 5 de 5. Reintentando secuencia completa... [505]
20:57:04.281-----------> EGSCreateRateUSDtoPEN.doIt: PASO 1: Abriendo canal seguro y capturando contexto... [505]
20:57:04.316-----------> EGSCreateRateUSDtoPEN.doIt: Cookies validadas: [TS61ff7286027=08d0cd49b8ab200009ed2a0f0c572220096c91bc64c94ae433f01f6ba518017467820303737530ff0807c7b55a113000a4126909e4b5939b7c5f6d55c3337fa5c8e030f82d02b3280f492f745309e19719526f644af696c915629a4b885993a2; TS0105b0c6=019edc9eb83a91db7e7e5c053c08ea7798ab5f5f93343d606679c8e23b871c19df7a0a3f302a238e177dfd71c41d43e75d1bd9f8efff3bfe4bfd2e13507f64e187de9b8846; IAASISTENCIAGESTIONSESSION=jjeLMtKms66VwnhYqEd6ioHUYGq6p4pG9HsGrOfMsKlRgQPZqoiDU52K7_kYFIqGrPdfdNWp9joVnAxd6n9Jk2ocOJtD9EGercfZ6aJSjVvKjbqA9wEj8VNjjqC1sCbib4AJzvLF5jYQYfXIDnVbFfXy5qK0fb9NfNTpiRE_48csn1iHEWgg_jOqgmXy7uYfUTFj0SGHePDf2i0_5-QSpXroFzeMgkU19Q4-dLfeAbFXVHwOjPG43P-FNS11gjX0!-1926820799!1093042530] [505]
20:57:04.322-----------> EGSCreateRateUSDtoPEN.doIt: Esperando estabilización de canal perimetral... [505]
20:57:07.323-----------> EGSCreateRateUSDtoPEN.doIt: PASO 2: Transmitiendo consulta híbrida con formateo estricto... [505]
20:57:07.323-----------> EGSCreateRateUSDtoPEN.doIt: URL Destino: https://e-consulta.sunat.gob.pe/cl-at-ittipcam/tcS01Alias/listarTipoCambio?anhoConsulta=2026&mesConsulta=02&indMes=1&mode=month [505]
20:57:07.352-----------> EGSCreateRateUSDtoPEN.doIt: Respuesta HTTP del Servidor: 200 [505]
20:57:07.352-----------> EGSCreateRateUSDtoPEN.doIt: Respuesta cruda del API SUNAT: [] [505]
20:57:07.353-----------> EGSCreateRateUSDtoPEN.doIt: Listado vacío para el periodo seleccionado (02/2026). [505]
20:57:07.353-----------> EGSCreateRateUSDtoPEN.doIt: Ejecutando contingencia: Solicitando mes anterior. [505]
20:57:07.355===========> EGSCreateRateUSDtoPEN.process: Fallo final de consistencia de datos. [505]
org.adempiere.exceptions.AdempiereException: Fallo final de consistencia de datos.
	at com.egssmart.finantials.proccess.EGSCreateRateUSDtoPEN.doIt(Unknown Source)
	at org.compiere.process.SvrProcess.process(Unknown Source)
	at org.compiere.process.SvrProcess.startProcess(Unknown Source)
	at org.adempiere.util.ProcessUtil.startJavaProcess(Unknown Source)
	at org.compiere.apps.AbstractProcessCtl.startProcess(Unknown Source)
	at org.compiere.apps.AbstractProcessCtl.run(Unknown Source)
	at org.adempiere.webui.apps.WProcessCtl.process(Unknown Source)
	at org.adempiere.webui.apps.AbstractProcessDialog$ProcessDialogRunnable.doRun(Unknown Source)
	at org.adempiere.util.ContextRunnable.run(Unknown Source)
	at org.adempiere.webui.apps.DesktopRunnable.run(Unknown Source)
	at java.base/java.util.concurrent.Executors$RunnableAdapter.call(Executors.java:539)


*** 2026-06-02 20:59:27.688 idempiere Log (CLogFile) ***
