*** 2026-05-15 08:57:22.772 idempiere Log (CLogFile) ***
08:57:22.771 Setup.<init>: iDempiere(r) Release 14_2026-03-09 -Smart Suite ERP, CRM and SCM- (c) 1999-2026 iDempiere(r); Implementation: iDempiere - Supported by iDempiere community [1]
08:57:22.873 ConfigurationData.load: /home/nextcollege/BDeveloper/idempiere-dev-setup-14/idempiere/idempiereEnv.properties [1]
08:57:22.992 AnnotationBasedModelFactory.lambda$0: AnnotationBasedModelFactory loaded 741 classes in 1.304s [85]
08:58:14.710 Config.test: OK: JavaHome=/usr/lib/jvm/java-17-openjdk-amd64 [172]
08:58:14.711 Config.test: OK: Version=17.0.18 [172]
08:58:14.711 ConfigurationData.testAdempiere: OK: AdempiereHome = /home/nextcollege/BDeveloper/idempiere-dev-setup-14/idempiere/org.idempiere.p2/target/products/org.adempiere.server.product/linux/gtk/x86_64 [172]
08:58:14.718 KeyStoreMgt.<init>: /home/nextcollege/BDeveloper/idempiere-dev-setup-14/idempiere/org.idempiere.p2/target/products/org.adempiere.server.product/linux/gtk/x86_64/jettyhome/etc/keystore [172]
08:58:14.725 KeyStoreMgt.createCertificate:  [172]
08:58:16.814 ConfigurationData.testAdempiere: OK: KeyStore = /home/nextcollege/BDeveloper/idempiere-dev-setup-14/idempiere/org.idempiere.p2/target/products/org.adempiere.server.product/linux/gtk/x86_64/jettyhome/etc/keystore [172]
08:58:16.815 Config.test: OK: AppsServer = /0.0.0.0 [172]
08:58:16.868 Config.test: OK: Web Port = 8080 [172]
08:58:17.011 Config.test: OK: SSL Port = 8443 [172]
08:58:17.013 ConfigPostgreSQL.test: OK: Database Server = localhost/127.0.0.1 [172]
08:58:17.014 ConfigPostgreSQL.test: OK: Database Port = 5432 [172]
08:58:17.229 ConfigPostgreSQL.test: OK: System Connection = jdbc:postgresql://localhost:5432/template1 [172]
08:58:17.261 ConfigPostgreSQL.test: OK: Database User = adempiere [172]
08:58:17.262 ConfigurationData.testMail: OK: EMail not configured [172]
08:58:19.786 Config.test: OK: JavaHome=/usr/lib/jvm/java-17-openjdk-amd64 [175]
08:58:19.786 Config.test: OK: Version=17.0.18 [175]
08:58:19.787 ConfigurationData.testAdempiere: OK: AdempiereHome = /home/nextcollege/BDeveloper/idempiere-dev-setup-14/idempiere/org.idempiere.p2/target/products/org.adempiere.server.product/linux/gtk/x86_64 [175]
08:58:19.788 KeyStoreMgt.<init>: /home/nextcollege/BDeveloper/idempiere-dev-setup-14/idempiere/org.idempiere.p2/target/products/org.adempiere.server.product/linux/gtk/x86_64/jettyhome/etc/keystore [175]
08:58:19.791 ConfigurationData.testAdempiere: OK: KeyStore = /home/nextcollege/BDeveloper/idempiere-dev-setup-14/idempiere/org.idempiere.p2/target/products/org.adempiere.server.product/linux/gtk/x86_64/jettyhome/etc/keystore [175]
08:58:19.793 Config.test: OK: AppsServer = /0.0.0.0 [175]
08:58:19.795 Config.test: OK: Web Port = 8080 [175]
08:58:19.796 Config.test: OK: SSL Port = 8443 [175]
08:58:19.797 ConfigPostgreSQL.test: OK: Database Server = localhost/127.0.0.1 [175]
08:58:19.798 ConfigPostgreSQL.test: OK: Database Port = 5432 [175]
08:58:19.832 ConfigPostgreSQL.test: OK: System Connection = jdbc:postgresql://localhost:5432/template1 [175]
08:58:19.859 ConfigPostgreSQL.test: OK: Database User = adempiere [175]
08:58:19.860 ConfigurationData.testMail: OK: EMail not configured [175]
08:58:19.863-----------> Ini.loadProperties: /home/nextcollege/BDeveloper/idempiere-dev-setup-14/idempiere/org.idempiere.p2/target/products/org.adempiere.server.product/linux/gtk/x86_64/idempiere.properties not found [169]
08:58:19.865 Ini.loadProperties: /home/nextcollege/BDeveloper/idempiere-dev-setup-14/idempiere/org.idempiere.p2/target/products/org.adempiere.server.product/linux/gtk/x86_64/idempiere.properties #26 [169]
08:58:19.901 ConfigurationData.save: /home/nextcollege/BDeveloper/idempiere-dev-setup-14/idempiere/org.idempiere.p2/target/products/org.adempiere.server.product/linux/gtk/x86_64/idempiereEnv.properties [169]

*** 2026-05-15 08:58:21.642 idempiere Log (CLogFile) ***
