*** 2026-06-02 11:01:50.459 idempiere Log (CLogFile) ***
11:01:50.457 Adempiere.startup: iDempiere(r) Release 14_2026-03-09 -Smart Suite ERP, CRM and SCM- (c) 1999-2026 iDempiere(r); Implementation: iDempiere - Supported by iDempiere community [27]
11:01:50.460 Ini.loadProperties: /home/nextcollege/BDeveloper/idempiere-dev-setup-14/idempiere/idempiere.properties #29 [27]
11:01:50.468-----------> Core.getKeyStore: Encryption with legacy key algorithm DES detected - it is recommended to migrate to a stronger algorithm [27]
11:01:51.094-----------> Activator.createHazelCastInstance: Starting hazelcast with configuration from file hazelcast.xml [27]
11:01:51.731-----------> CPSubsystem: [192.168.0.55]:5701 [adempiere.idempiere14/localhost:5432] [5.3.7] CP Subsystem is not enabled. CP data structures will operate in UNSAFE mode! Please note that UNSAFE mode will not provide strong consistency guarantees. [27]
11:01:52.042-----------> Node: [192.168.0.55]:5701 [adempiere.idempiere14/localhost:5432] [5.3.7] No join method is enabled! Starting standalone. [27]
11:01:52.578-----------> DB.isBuildOK: Build Version Error 

The program assumes build version 14.0.0.qualifier, but database has build version ${env.ADEMPIERE_VERSION} 20080428-1232. 
This is likely to cause hard to fix errors. 
Please contact administrator. [27]
11:01:54.787-----------> EMail.setFrom: you @ company.org: javax.mail.internet.AddressException: Local address contains control or whitespace in string ``you @ company.org'' [27]
11:01:54.792-----------> EMail.addTo: you @ company.org: javax.mail.internet.AddressException: Local address contains control or whitespace in string ``you @ company.org'' [27]
11:01:54.793-----------> EMail.isValid: From is invalid=null [27]
11:01:54.793-----------> EMail.isValid: From is invalid=null [27]
11:01:54.801-----------> MClient.sendEMail: Could NOT Send Email: Server started: iDempiere (nextcollege-G751JT:192.168.0.55) to you @ company.org: Invalid Data (System) [27]
11:01:56.354           LoggedSessionListener.contextInitialized: iDempiere context initialized for 10.3.0.1 [27]
11:02:58.819-----------> EGSCreateRateUSDtoPEN.doIt: Consultando origen de datos SUNAT vía POST parametrizado: 5/2026 [531]
11:02:59.267-----------> EGSCreateRateUSDtoPEN.doIt: Respuesta cruda recibida de SUNAT: {} [531]
11:02:59.269===========> EGSCreateRateUSDtoPEN.process: El servicio de SUNAT no devolvió registros de cambio legibles para el periodo. [531]
UserError: El servicio de SUNAT no devolvió registros de cambio legibles para el periodo.
	at com.egssmart.finantials.proccess.EGSCreateRateUSDtoPEN.doIt(Unknown Source)
	at org.compiere.process.SvrProcess.process(Unknown Source)
	at org.compiere.process.SvrProcess.startProcess(Unknown Source)
	at org.adempiere.util.ProcessUtil.startJavaProcess(Unknown Source)
	at org.compiere.apps.AbstractProcessCtl.startProcess(Unknown Source)
	at org.compiere.apps.AbstractProcessCtl.run(Unknown Source)
	at org.adempiere.webui.apps.WProcessCtl.process(Unknown Source)
	at org.adempiere.webui.apps.AbstractProcessDialog$ProcessDialogRunnable.doRun(Unknown Source)
	at org.adempiere.util.ContextRunnable.run(Unknown Source)
	at org.adempiere.webui.apps.DesktopRunnable.run(Unknown Source)
	at java.base/java.util.concurrent.Executors$RunnableAdapter.call(Executors.java:539)

11:03:57.793-----------> PackInApplicationActivator.getFilesToProcess: Processing migration [489]

*** 2026-06-02 11:07:17.273 idempiere Log (CLogFile) ***
