*** 2026-05-27 02:56:50.005 idempiere Log (CLogFile) ***
02:56:50.004 Adempiere.startup: iDempiere(r) Release 14_2026-03-09 -Smart Suite ERP, CRM and SCM- (c) 1999-2026 iDempiere(r); Implementation: iDempiere - Supported by iDempiere community [28]
02:56:50.005 Ini.loadProperties: /home/nextcollege/BDeveloper/idempiere-dev-setup-14/idempiere/idempiere.properties #29 [28]
02:56:50.019-----------> Core.getKeyStore: Encryption with legacy key algorithm DES detected - it is recommended to migrate to a stronger algorithm [28]
02:56:51.134-----------> Activator.createHazelCastInstance: Starting hazelcast with configuration from file hazelcast.xml [28]
02:56:51.957-----------> CPSubsystem: [192.168.1.236]:5701 [adempiere.idempiere14/localhost:5432] [5.3.7] CP Subsystem is not enabled. CP data structures will operate in UNSAFE mode! Please note that UNSAFE mode will not provide strong consistency guarantees. [28]
02:56:52.311-----------> Node: [192.168.1.236]:5701 [adempiere.idempiere14/localhost:5432] [5.3.7] No join method is enabled! Starting standalone. [28]
02:56:52.436-----------> DB.isBuildOK: Build Version Error 

The program assumes build version 14.0.0.qualifier, but database has build version ${env.ADEMPIERE_VERSION} 20080428-1232. 
This is likely to cause hard to fix errors. 
Please contact administrator. [28]
02:56:54.551-----------> EMail.setFrom: you @ company.org: javax.mail.internet.AddressException: Local address contains control or whitespace in string ``you @ company.org'' [28]
02:56:54.555-----------> EMail.addTo: you @ company.org: javax.mail.internet.AddressException: Local address contains control or whitespace in string ``you @ company.org'' [28]
02:56:54.555-----------> EMail.isValid: From is invalid=null [28]
02:56:54.555-----------> EMail.isValid: From is invalid=null [28]
02:56:54.560-----------> MClient.sendEMail: Could NOT Send Email: Server started: iDempiere (nextcollege-G751JT:192.168.1.236) to you @ company.org: Invalid Data (System) [28]
02:56:56.323           LoggedSessionListener.contextInitialized: iDempiere context initialized for 10.3.0.1 [28]
02:58:57.724-----------> PackInApplicationActivator.getFilesToProcess: Processing migration [410]
02:59:37.801-----------> MRole.getProcessAccess: Role System Administrator has assigned access incompatible process Generates SIRE Purchase Record [289]
03:00:02.636-----------> MRole.getProcessAccess: Role System Administrator has assigned access incompatible process Asset Parent Report [331]
03:00:02.637-----------> MRole.getProcessAccess: Role System Administrator has assigned access incompatible process Asset Group Defaults [331]
03:00:02.638-----------> MRole.getProcessAccess: Role System Administrator has assigned access incompatible process Depreciation Table [331]
03:00:02.638-----------> MRole.getProcessAccess: Role System Administrator has assigned access incompatible process Asset Convention Report [331]
03:00:02.639-----------> MRole.getProcessAccess: Role System Administrator has assigned access incompatible process Asset Depreciation Method [331]
03:00:02.641-----------> MRole.getProcessAccess: Role System Administrator has assigned access incompatible process Generates SIRE Purchase Record [331]
03:04:52.685-----------> MRole.getProcessAccess: Role System Administrator has assigned access incompatible process Generates SIRE Purchase Record [286]
03:05:55.383-----------> MRole.getProcessAccess: Role System Administrator has assigned access incompatible process Asset Parent Report [330]
03:05:55.383-----------> MRole.getProcessAccess: Role System Administrator has assigned access incompatible process Asset Group Defaults [330]
03:05:55.384-----------> MRole.getProcessAccess: Role System Administrator has assigned access incompatible process Depreciation Table [330]
03:05:55.384-----------> MRole.getProcessAccess: Role System Administrator has assigned access incompatible process Asset Convention Report [330]
03:05:55.384-----------> MRole.getProcessAccess: Role System Administrator has assigned access incompatible process Asset Depreciation Method [330]
03:05:55.386-----------> MRole.getProcessAccess: Role System Administrator has assigned access incompatible process Generates SIRE Purchase Record [330]
03:08:29.066-----------> MRole.getProcessAccess: Role System Administrator has assigned access incompatible process Generates SIRE Purchase Record [331]
03:08:32.993-----------> MRole.getProcessAccess: Role System Administrator has assigned access incompatible process Asset Parent Report [329]
03:08:32.993-----------> MRole.getProcessAccess: Role System Administrator has assigned access incompatible process Asset Group Defaults [329]
03:08:32.993-----------> MRole.getProcessAccess: Role System Administrator has assigned access incompatible process Depreciation Table [329]
03:08:32.993-----------> MRole.getProcessAccess: Role System Administrator has assigned access incompatible process Asset Convention Report [329]
03:08:32.993-----------> MRole.getProcessAccess: Role System Administrator has assigned access incompatible process Asset Depreciation Method [329]
03:08:32.995-----------> MRole.getProcessAccess: Role System Administrator has assigned access incompatible process Generates SIRE Purchase Record [329]
03:10:22.439-----------> DefaultModelFactory.getClass: No class for table with it entity: lpe_purchase_proposal [563]
03:10:55.507===========> CrearFacturasPropuestaProcess.doIt: Fallo crítico en la lectura de T_Selection o procesamiento de Facturas [409]
org.postgresql.util.PSQLException: ERROR: no existe la columna sel.ad_session_id
  Position: 239; State=42703; ErrorCode=0
	at org.postgresql.core.v3.QueryExecutorImpl.receiveErrorResponse(QueryExecutorImpl.java:2736)
	at org.postgresql.core.v3.QueryExecutorImpl.processResults(QueryExecutorImpl.java:2421)
	at org.postgresql.core.v3.QueryExecutorImpl.execute(QueryExecutorImpl.java:372)
	at org.postgresql.jdbc.PgStatement.executeInternal(PgStatement.java:525)
	at org.postgresql.jdbc.PgStatement.execute(PgStatement.java:435)
	at org.postgresql.jdbc.PgPreparedStatement.executeWithFlags(PgPreparedStatement.java:196)
	at org.postgresql.jdbc.PgPreparedStatement.executeQuery(PgPreparedStatement.java:139)
	at com.zaxxer.hikari.pool.ProxyPreparedStatement.executeQuery(ProxyPreparedStatement.java:52)
	at com.zaxxer.hikari.pool.HikariProxyPreparedStatement.executeQuery(HikariProxyPreparedStatement.java)
	at jdk.internal.reflect.GeneratedMethodAccessor28.invoke(Unknown Source)
	at java.base/jdk.internal.reflect.DelegatingMethodAccessorImpl.invoke(DelegatingMethodAccessorImpl.java:43)
	at java.base/java.lang.reflect.Method.invoke(Method.java:569)
	at org.compiere.db.StatementProxy.invoke(Unknown Source)
	at jdk.proxy2/jdk.proxy2.$Proxy15.executeQuery(Unknown Source)
	at com.egssmart.sire.process.CrearFacturasPropuestaProcess.doIt(Unknown Source)
	at org.compiere.process.SvrProcess.process(Unknown Source)
	at org.compiere.process.SvrProcess.startProcess(Unknown Source)
	at org.adempiere.util.ProcessUtil.startJavaProcess(Unknown Source)
	at org.compiere.apps.AbstractProcessCtl.startProcess(Unknown Source)
	at org.compiere.apps.AbstractProcessCtl.run(Unknown Source)
	at org.adempiere.webui.apps.WProcessCtl.process(Unknown Source)
	at org.adempiere.webui.apps.AbstractProcessDialog$ProcessDialogRunnable.doRun(Unknown Source)
	at org.adempiere.util.ContextRunnable.run(Unknown Source)
	at org.adempiere.webui.apps.DesktopRunnable.run(Unknown Source)

03:10:55.508===========> CrearFacturasPropuestaProcess.process: Error procesando selección de facturas: ERROR: no existe la columna sel.ad_session_id
  Position: 239 [409]
java.lang.Exception: Error procesando selección de facturas: ERROR: no existe la columna sel.ad_session_id
  Position: 239
	at com.egssmart.sire.process.CrearFacturasPropuestaProcess.doIt(Unknown Source)
	at org.compiere.process.SvrProcess.process(Unknown Source)
	at org.compiere.process.SvrProcess.startProcess(Unknown Source)
	at org.adempiere.util.ProcessUtil.startJavaProcess(Unknown Source)
	at org.compiere.apps.AbstractProcessCtl.startProcess(Unknown Source)
	at org.compiere.apps.AbstractProcessCtl.run(Unknown Source)
	at org.adempiere.webui.apps.WProcessCtl.process(Unknown Source)
	at org.adempiere.webui.apps.AbstractProcessDialog$ProcessDialogRunnable.doRun(Unknown Source)
	at org.adempiere.util.ContextRunnable.run(Unknown Source)
	at org.adempiere.webui.apps.DesktopRunnable.run(Unknown Source)
	at java.base/java.util.concurrent.Executors$RunnableAdapter.call(Executors.java:539)


*** 2026-05-27 03:12:09.09 idempiere Log (CLogFile) ***
