*** 2026-05-15 09:02:24.609 idempiere Log (CLogFile) ***
09:02:24.608 Adempiere.startup: iDempiere(r) Release 14_2026-03-09 -Smart Suite ERP, CRM and SCM- (c) 1999-2026 iDempiere(r); Implementation: iDempiere - Supported by iDempiere community [28]
09:02:24.609 Ini.loadProperties: /home/nextcollege/BDeveloper/idempiere-dev-setup-14/idempiere/idempiere.properties #29 [28]
09:02:24.617-----------> Core.getKeyStore: Encryption with legacy key algorithm DES detected - it is recommended to migrate to a stronger algorithm [28]
09:02:25.649-----------> Activator.createHazelCastInstance: Starting hazelcast with configuration from file hazelcast.xml [28]
09:02:26.223-----------> CPSubsystem: [192.168.1.236]:5701 [adempiere.idempiere14/localhost:5432] [5.3.7] CP Subsystem is not enabled. CP data structures will operate in UNSAFE mode! Please note that UNSAFE mode will not provide strong consistency guarantees. [28]
09:02:26.605-----------> Node: [192.168.1.236]:5701 [adempiere.idempiere14/localhost:5432] [5.3.7] No join method is enabled! Starting standalone. [28]
09:02:26.801-----------> DB.isBuildOK: Build Version Error 

The program assumes build version 14.0.0.qualifier, but database has build version 14.0.0.202605080813. 
This is likely to cause hard to fix errors. 
Please contact administrator. [28]
09:02:28.953-----------> EMail.setFrom: you @ company.org: javax.mail.internet.AddressException: Local address contains control or whitespace in string ``you @ company.org'' [28]
09:02:28.958-----------> EMail.addTo: you @ company.org: javax.mail.internet.AddressException: Local address contains control or whitespace in string ``you @ company.org'' [28]
09:02:28.959-----------> EMail.isValid: From is invalid=null [28]
09:02:28.959-----------> EMail.isValid: From is invalid=null [28]
09:02:28.963-----------> MClient.sendEMail: Could NOT Send Email: Server started: iDempiere (nextcollege-G751JT:192.168.1.236) to you @ company.org: Invalid Data (System) [28]
09:02:30.562           LoggedSessionListener.contextInitialized: iDempiere context initialized for 10.3.0.1 [28]
09:04:31.980-----------> PackInApplicationActivator.getFilesToProcess: Processing migration [456]
18:31:34.188-----------> MClient.createEMail: From EMail incomplete: MUser[10,Name=System,EMailUserID=null] (System) [560]
18:31:34.211-----------> MClient.createEMail: From EMail incomplete: MUser[10,Name=System,EMailUserID=null] (System) [560]

*** 2026-05-18 01:12:40.02 idempiere Log (CLogFile) ***
