*** 2026-05-26 14:05:10.743 idempiere Log (CLogFile) ***
14:05:10.741 Adempiere.startup: iDempiere(r) Release 14_2026-03-09 -Smart Suite ERP, CRM and SCM- (c) 1999-2026 iDempiere(r); Implementation: iDempiere - Supported by iDempiere community [28]
14:05:10.743 Ini.loadProperties: /home/nextcollege/BDeveloper/idempiere-dev-setup-14/idempiere/idempiere.properties #29 [28]
14:05:10.752-----------> Core.getKeyStore: Encryption with legacy key algorithm DES detected - it is recommended to migrate to a stronger algorithm [28]
14:05:11.837-----------> Activator.createHazelCastInstance: Starting hazelcast with configuration from file hazelcast.xml [28]
14:05:12.508-----------> CPSubsystem: [192.168.1.236]:5701 [adempiere.idempiere14/localhost:5432] [5.3.7] CP Subsystem is not enabled. CP data structures will operate in UNSAFE mode! Please note that UNSAFE mode will not provide strong consistency guarantees. [28]
14:05:12.804-----------> Node: [192.168.1.236]:5701 [adempiere.idempiere14/localhost:5432] [5.3.7] No join method is enabled! Starting standalone. [28]
14:05:12.939-----------> DB.isBuildOK: Build Version Error 

The program assumes build version 14.0.0.qualifier, but database has build version ${env.ADEMPIERE_VERSION} 20080428-1232. 
This is likely to cause hard to fix errors. 
Please contact administrator. [28]
14:05:14.789-----------> EMail.setFrom: you @ company.org: javax.mail.internet.AddressException: Local address contains control or whitespace in string ``you @ company.org'' [28]
14:05:14.793-----------> EMail.addTo: you @ company.org: javax.mail.internet.AddressException: Local address contains control or whitespace in string ``you @ company.org'' [28]
14:05:14.794-----------> EMail.isValid: From is invalid=null [28]
14:05:14.794-----------> EMail.isValid: From is invalid=null [28]
14:05:14.799-----------> MClient.sendEMail: Could NOT Send Email: Server started: iDempiere (nextcollege-G751JT:192.168.1.236) to you @ company.org: Invalid Data (System) [28]
14:05:16.471           LoggedSessionListener.contextInitialized: iDempiere context initialized for 10.3.0.1 [28]
14:05:40.240===========> OrquestadorPropuestaSIREProcess.process: Cannot invoke "org.compiere.model.MTable.getPO(int, String)" because "table" is null [364]
java.lang.NullPointerException: Cannot invoke "org.compiere.model.MTable.getPO(int, String)" because "table" is null
	at com.egssmart.sire.util.DescargarPropuestaCompras.descargarYProcesar(Unknown Source)
	at com.egssmart.sire.process.OrquestadorPropuestaSIREProcess.doIt(Unknown Source)
	at org.compiere.process.SvrProcess.process(Unknown Source)
	at org.compiere.process.SvrProcess.startProcess(Unknown Source)
	at org.adempiere.util.ProcessUtil.startJavaProcess(Unknown Source)
	at org.compiere.apps.AbstractProcessCtl.startProcess(Unknown Source)
	at org.compiere.apps.AbstractProcessCtl.run(Unknown Source)
	at org.adempiere.webui.apps.WProcessCtl.process(Unknown Source)
	at org.adempiere.webui.apps.AbstractProcessDialog$ProcessDialogRunnable.doRun(Unknown Source)
	at org.adempiere.util.ContextRunnable.run(Unknown Source)
	at org.adempiere.webui.apps.DesktopRunnable.run(Unknown Source)

14:07:18.095-----------> PackInApplicationActivator.getFilesToProcess: Processing migration [500]

*** 2026-05-26 14:08:12.841 idempiere Log (CLogFile) ***
