*** 2026-07-06 00:33:30.648 idempiere Log (CLogFile) ***
00:33:30.647 Adempiere.startup: iDempiere(r) Release 14_2026-03-09 -Smart Suite ERP, CRM and SCM- (c) 1999-2026 iDempiere(r); Implementation: iDempiere - Supported by iDempiere community [27]
00:33:30.649 Ini.loadProperties: /home/nextcollege/BDeveloper/idempiere-dev-setup-14/idempiere/idempiere.properties #29 [27]
00:33:30.658-----------> Core.getKeyStore: Encryption with legacy key algorithm DES detected - it is recommended to migrate to a stronger algorithm [27]
00:33:31.413-----------> Activator.createHazelCastInstance: Starting hazelcast with configuration from file hazelcast.xml [27]
00:33:32.127-----------> CPSubsystem: [192.168.1.236]:5701 [adempiere.idempiere14/localhost:5432] [5.3.7] CP Subsystem is not enabled. CP data structures will operate in UNSAFE mode! Please note that UNSAFE mode will not provide strong consistency guarantees. [27]
00:33:32.479-----------> Node: [192.168.1.236]:5701 [adempiere.idempiere14/localhost:5432] [5.3.7] No join method is enabled! Starting standalone. [27]
00:33:33.277-----------> DB.isBuildOK: Build Version Error 

The program assumes build version 14.0.0.qualifier, but database has build version ${env.ADEMPIERE_VERSION} 20080428-1232. 
This is likely to cause hard to fix errors. 
Please contact administrator. [27]
00:33:35.743-----------> EMail.setFrom: you @ company.org: javax.mail.internet.AddressException: Local address contains control or whitespace in string ``you @ company.org'' [27]
00:33:35.752-----------> EMail.addTo: you @ company.org: javax.mail.internet.AddressException: Local address contains control or whitespace in string ``you @ company.org'' [27]
00:33:35.752-----------> EMail.isValid: From is invalid=null [27]
00:33:35.753-----------> EMail.isValid: From is invalid=null [27]
00:33:35.757-----------> MClient.sendEMail: Could NOT Send Email: Server started: iDempiere (nextcollege-G751JT:192.168.1.236) to you @ company.org: Invalid Data (System) [27]
00:33:37.449           LoggedSessionListener.contextInitialized: iDempiere context initialized for 10.3.0.1 [27]
00:33:37.686-----------> TimeZoneDataBaseVersionChecker.init: Time zone data version mismatch detected:
 - Client (moment.js) tzdb version: 2025b
 - Server (JDK) tzdb version: 2026a
Date and time values may be incorrect if time zone rules differ.
To resolve, update the moment-timezone data on the client and/or the JDK time zone data (TZUpdater or Java update) on the server so both use the same version. [27]
00:34:16.743-----------> MClient.createEMail: From EMail incomplete: MUser[10,Name=System,EMailUserID=null] (System) [541]
00:34:16.830-----------> MClient.createEMail: From EMail incomplete: MUser[10,Name=System,EMailUserID=null] (System) [541]
00:35:38.994-----------> PackInApplicationActivator.getFilesToProcess: Processing migration [514]

*** 2026-07-06 00:37:12.924 idempiere Log (CLogFile) ***
