*** 2026-06-02 10:14:46.484 idempiere Log (CLogFile) ***
10:14:46.483 Adempiere.startup: iDempiere(r) Release 14_2026-03-09 -Smart Suite ERP, CRM and SCM- (c) 1999-2026 iDempiere(r); Implementation: iDempiere - Supported by iDempiere community [27]
10:14:46.485 Ini.loadProperties: /home/nextcollege/BDeveloper/idempiere-dev-setup-14/idempiere/idempiere.properties #29 [27]
10:14:46.492-----------> Core.getKeyStore: Encryption with legacy key algorithm DES detected - it is recommended to migrate to a stronger algorithm [27]
10:14:46.511 AnnotationBasedModelFactory.lambda$0: AnnotationBasedModelFactory loaded 741 classes in 1.987s [45]
10:14:47.070-----------> Activator.createHazelCastInstance: Starting hazelcast with configuration from file hazelcast.xml [27]
10:14:47.777-----------> CPSubsystem: [192.168.0.55]:5701 [adempiere.idempiere14/localhost:5432] [5.3.7] CP Subsystem is not enabled. CP data structures will operate in UNSAFE mode! Please note that UNSAFE mode will not provide strong consistency guarantees. [27]
10:14:48.052-----------> Node: [192.168.0.55]:5701 [adempiere.idempiere14/localhost:5432] [5.3.7] No join method is enabled! Starting standalone. [27]
10:14:48.609-----------> DB.isBuildOK: Build Version Error 

The program assumes build version 14.0.0.qualifier, but database has build version ${env.ADEMPIERE_VERSION} 20080428-1232. 
This is likely to cause hard to fix errors. 
Please contact administrator. [27]
10:14:50.493-----------> EMail.setFrom: you @ company.org: javax.mail.internet.AddressException: Local address contains control or whitespace in string ``you @ company.org'' [27]
10:14:50.498-----------> EMail.addTo: you @ company.org: javax.mail.internet.AddressException: Local address contains control or whitespace in string ``you @ company.org'' [27]
10:14:50.498-----------> EMail.isValid: From is invalid=null [27]
10:14:50.499-----------> EMail.isValid: From is invalid=null [27]
10:14:50.504-----------> MClient.sendEMail: Could NOT Send Email: Server started: iDempiere (nextcollege-G751JT:192.168.0.55) to you @ company.org: Invalid Data (System) [27]
10:14:51.727           LoggedSessionListener.contextInitialized: iDempiere context initialized for 10.3.0.1 [27]
10:15:34.693-----------> EGSCreateRateUSDtoPEN.doIt: Paso 1: Obteniendo tokens y cookies de la sesión inicial de SUNAT... [571]
10:15:34.836-----------> EGSCreateRateUSDtoPEN.doIt: Paso 2: Consultando API mediante JSON nativo plano de texto de periodo: 5/2026 [571]
10:15:34.905-----------> EGSCreateRateUSDtoPEN.doIt: Fallo de conexión en el API de la SUNAT: HTTP error fetching URL. Status=400, URL=[https://e-consulta.sunat.gob.pe/cl-at-ittipcam/tcS01Alias/listarTipoCambio] [571]
10:15:34.905-----------> EGSCreateRateUSDtoPEN.doIt: Intento 2 de 5. Reintentando... [571]
10:15:38.906-----------> EGSCreateRateUSDtoPEN.doIt: Paso 1: Obteniendo tokens y cookies de la sesión inicial de SUNAT... [571]
10:15:39.012-----------> EGSCreateRateUSDtoPEN.doIt: Paso 2: Consultando API mediante JSON nativo plano de texto de periodo: 5/2026 [571]
10:15:39.157-----------> EGSCreateRateUSDtoPEN.doIt: Fallo de conexión en el API de la SUNAT: HTTP error fetching URL. Status=400, URL=[https://e-consulta.sunat.gob.pe/cl-at-ittipcam/tcS01Alias/listarTipoCambio] [571]
10:15:39.157-----------> EGSCreateRateUSDtoPEN.doIt: Intento 3 de 5. Reintentando... [571]
10:15:43.157-----------> EGSCreateRateUSDtoPEN.doIt: Paso 1: Obteniendo tokens y cookies de la sesión inicial de SUNAT... [571]
10:15:43.226-----------> EGSCreateRateUSDtoPEN.doIt: Paso 2: Consultando API mediante JSON nativo plano de texto de periodo: 5/2026 [571]
10:15:43.282-----------> EGSCreateRateUSDtoPEN.doIt: Fallo de conexión en el API de la SUNAT: HTTP error fetching URL. Status=400, URL=[https://e-consulta.sunat.gob.pe/cl-at-ittipcam/tcS01Alias/listarTipoCambio] [571]
10:15:43.283-----------> EGSCreateRateUSDtoPEN.doIt: Intento 4 de 5. Reintentando... [571]
10:15:47.283-----------> EGSCreateRateUSDtoPEN.doIt: Paso 1: Obteniendo tokens y cookies de la sesión inicial de SUNAT... [571]
10:15:47.967-----------> EGSCreateRateUSDtoPEN.doIt: Paso 2: Consultando API mediante JSON nativo plano de texto de periodo: 5/2026 [571]
10:15:48.185-----------> EGSCreateRateUSDtoPEN.doIt: Fallo de conexión en el API de la SUNAT: HTTP error fetching URL. Status=400, URL=[https://e-consulta.sunat.gob.pe/cl-at-ittipcam/tcS01Alias/listarTipoCambio] [571]
10:15:48.185-----------> EGSCreateRateUSDtoPEN.doIt: Intento 5 de 5. Reintentando... [571]
10:15:52.185-----------> EGSCreateRateUSDtoPEN.doIt: Paso 1: Obteniendo tokens y cookies de la sesión inicial de SUNAT... [571]
10:15:52.255-----------> EGSCreateRateUSDtoPEN.doIt: Paso 2: Consultando API mediante JSON nativo plano de texto de periodo: 5/2026 [571]
10:15:52.314-----------> EGSCreateRateUSDtoPEN.doIt: Fallo de conexión en el API de la SUNAT: HTTP error fetching URL. Status=400, URL=[https://e-consulta.sunat.gob.pe/cl-at-ittipcam/tcS01Alias/listarTipoCambio] [571]
10:15:52.315===========> EGSCreateRateUSDtoPEN.process: No se logró comunicación persistente con la API de SUNAT tras 5 reintentos. [571]
org.jsoup.HttpStatusException: HTTP error fetching URL. Status=400, URL=[https://e-consulta.sunat.gob.pe/cl-at-ittipcam/tcS01Alias/listarTipoCambio]
	at org.jsoup.helper.HttpConnection$Response.execute(HttpConnection.java:913)
	at org.jsoup.helper.HttpConnection$Response.execute(HttpConnection.java:866)
	at org.jsoup.helper.HttpConnection.execute(HttpConnection.java:365)
	at com.egssmart.finantials.proccess.EGSCreateRateUSDtoPEN.doIt(Unknown Source)
	at org.compiere.process.SvrProcess.process(Unknown Source)
	at org.compiere.process.SvrProcess.startProcess(Unknown Source)
	at org.adempiere.util.ProcessUtil.startJavaProcess(Unknown Source)
	at org.compiere.apps.AbstractProcessCtl.startProcess(Unknown Source)
	at org.compiere.apps.AbstractProcessCtl.run(Unknown Source)
	at org.adempiere.webui.apps.WProcessCtl.process(Unknown Source)
	at org.adempiere.webui.apps.AbstractProcessDialog$ProcessDialogRunnable.doRun(Unknown Source)
	at org.adempiere.util.ContextRunnable.run(Unknown Source)
	at org.adempiere.webui.apps.DesktopRunnable.run(Unknown Source)

10:16:52.916-----------> PackInApplicationActivator.getFilesToProcess: Processing migration [527]

*** 2026-06-02 10:18:39.883 idempiere Log (CLogFile) ***
