*** 2026-05-22 18:02:57.894 idempiere Log (CLogFile) ***
18:02:57.885 Adempiere.startup: iDempiere(r) Release 14_2026-03-09 -Smart Suite ERP, CRM and SCM- (c) 1999-2026 iDempiere(r); Implementation: iDempiere - Supported by iDempiere community [28]
18:02:57.895 Ini.loadProperties: /home/nextcollege/BDeveloper/idempiere-dev-setup-14/idempiere/idempiere.properties #29 [28]
18:02:57.902-----------> Core.getKeyStore: Encryption with legacy key algorithm DES detected - it is recommended to migrate to a stronger algorithm [28]
18:02:58.908-----------> Activator.createHazelCastInstance: Starting hazelcast with configuration from file hazelcast.xml [28]
18:02:59.473-----------> CPSubsystem: [192.168.1.236]:5701 [adempiere.idempiere14/localhost:5432] [5.3.7] CP Subsystem is not enabled. CP data structures will operate in UNSAFE mode! Please note that UNSAFE mode will not provide strong consistency guarantees. [28]
18:02:59.834-----------> Node: [192.168.1.236]:5701 [adempiere.idempiere14/localhost:5432] [5.3.7] No join method is enabled! Starting standalone. [28]
18:02:59.947-----------> DB.isBuildOK: Build Version Error 

The program assumes build version 14.0.0.qualifier, but database has build version 14.0.0.202605080813. 
This is likely to cause hard to fix errors. 
Please contact administrator. [28]
18:03:01.753-----------> EMail.setFrom: you @ company.org: javax.mail.internet.AddressException: Local address contains control or whitespace in string ``you @ company.org'' [28]
18:03:01.758-----------> EMail.addTo: you @ company.org: javax.mail.internet.AddressException: Local address contains control or whitespace in string ``you @ company.org'' [28]
18:03:01.759-----------> EMail.isValid: From is invalid=null [28]
18:03:01.759-----------> EMail.isValid: From is invalid=null [28]
18:03:01.765-----------> MClient.sendEMail: Could NOT Send Email: Server started: iDempiere (nextcollege-G751JT:192.168.1.236) to you @ company.org: Invalid Data (System) [28]
18:03:03.273           LoggedSessionListener.contextInitialized: iDempiere context initialized for 10.3.0.1 [28]
18:05:04.409-----------> PackInApplicationActivator.getFilesToProcess: Processing migration [463]
18:32:04.493-----------> MClient.createEMail: From EMail incomplete: MUser[10,Name=System,EMailUserID=null] (System) [571]
18:32:04.512-----------> MClient.createEMail: From EMail incomplete: MUser[10,Name=System,EMailUserID=null] (System) [571]

*** 2026-05-23 01:26:15.941 idempiere Log (CLogFile) ***
