*** 2026-05-29 16:20:32.158 idempiere Log (CLogFile) ***
16:20:32.155 AnnotationBasedModelFactory.lambda$0: AnnotationBasedModelFactory loaded 741 classes in 2.926s [41]
16:20:32.157 Adempiere.startup: iDempiere(r) Release 14_2026-03-09 -Smart Suite ERP, CRM and SCM- (c) 1999-2026 iDempiere(r); Implementation: iDempiere - Supported by iDempiere community [27]
16:20:32.163 Ini.loadProperties: /home/nextcollege/BDeveloper/idempiere-dev-setup-14/idempiere/idempiere.properties #29 [27]
16:20:32.180-----------> Core.getKeyStore: Encryption with legacy key algorithm DES detected - it is recommended to migrate to a stronger algorithm [27]
16:20:32.992-----------> Activator.createHazelCastInstance: Starting hazelcast with configuration from file hazelcast.xml [27]
16:20:33.876-----------> CPSubsystem: [192.168.0.55]:5701 [adempiere.idempiere14/localhost:5432] [5.3.7] CP Subsystem is not enabled. CP data structures will operate in UNSAFE mode! Please note that UNSAFE mode will not provide strong consistency guarantees. [27]
16:20:34.300-----------> Node: [192.168.0.55]:5701 [adempiere.idempiere14/localhost:5432] [5.3.7] No join method is enabled! Starting standalone. [27]
16:20:35.018-----------> DB.isBuildOK: Build Version Error 

The program assumes build version 14.0.0.qualifier, but database has build version ${env.ADEMPIERE_VERSION} 20080428-1232. 
This is likely to cause hard to fix errors. 
Please contact administrator. [27]
16:20:37.542-----------> EMail.setFrom: you @ company.org: javax.mail.internet.AddressException: Local address contains control or whitespace in string ``you @ company.org'' [27]
16:20:37.550-----------> EMail.addTo: you @ company.org: javax.mail.internet.AddressException: Local address contains control or whitespace in string ``you @ company.org'' [27]
16:20:37.551-----------> EMail.isValid: From is invalid=null [27]
16:20:37.551-----------> EMail.isValid: From is invalid=null [27]
16:20:37.558-----------> MClient.sendEMail: Could NOT Send Email: Server started: iDempiere (nextcollege-G751JT:192.168.0.55) to you @ company.org: Invalid Data (System) [27]
16:20:39.392           LoggedSessionListener.contextInitialized: iDempiere context initialized for 10.3.0.1 [27]
16:21:07.264-----------> HttpChannel.handleException: /osgi/login [387]
javax.servlet.ServletException: Unexpected Exception
	at org.eclipse.jetty.ee8.nested.ContextHandler.doScope(ContextHandler.java:838)
	at org.eclipse.jetty.ee8.nested.ScopedHandler.handle(ScopedHandler.java:117)
	at org.eclipse.jetty.ee8.nested.ContextHandler.handle(ContextHandler.java:1443)
	at org.eclipse.jetty.ee8.nested.HttpChannel$RequestDispatchable.dispatch(HttpChannel.java:1290)
	at org.eclipse.jetty.ee8.nested.HttpChannel.dispatch(HttpChannel.java:617)
	at org.eclipse.jetty.ee8.nested.HttpChannel.handle(HttpChannel.java:460)
	at org.eclipse.jetty.ee8.nested.ContextHandler$CoreContextHandler$CoreToNestedHandler.handle(ContextHandler.java:2512)
	at org.eclipse.jetty.server.handler.ContextHandler.handle(ContextHandler.java:1071)
	at org.eclipse.jetty.server.handler.ContextHandlerCollection.handle(ContextHandlerCollection.java:181)
	at org.eclipse.jetty.server.Server.handle(Server.java:182)
	at org.eclipse.jetty.server.internal.HttpChannelState$HandlerInvoker.run(HttpChannelState.java:677)
	at org.eclipse.jetty.server.internal.HttpConnection.onFillable(HttpConnection.java:416)
	at org.eclipse.jetty.io.AbstractConnection$ReadCallback.succeeded(AbstractConnection.java:322)
	at org.eclipse.jetty.io.FillInterest.fillable(FillInterest.java:99)
	at org.eclipse.jetty.io.ssl.SslConnection$SslEndPoint.onFillable(SslConnection.java:612)
	at org.eclipse.jetty.io.ssl.SslConnection.onFillable(SslConnection.java:413)
	at org.eclipse.jetty.io.ssl.SslConnection$2.succeeded(SslConnection.java:155)
	at org.eclipse.jetty.io.FillInterest.fillable(FillInterest.java:99)
	at org.eclipse.jetty.io.SelectableChannelEndPoint$1.run(SelectableChannelEndPoint.java:53)
	at org.eclipse.jetty.util.thread.strategy.AdaptiveExecutionStrategy.runTask(AdaptiveExecutionStrategy.java:480)
	at org.eclipse.jetty.util.thread.strategy.AdaptiveExecutionStrategy.consumeTask(AdaptiveExecutionStrategy.java:443)
caused by: java.lang.NoClassDefFoundError: org/idempiere/cache/POCopyCache
	at org.compiere.model.MRole.<clinit>(MRole.java:279)
	at org.compiere.model.MUser.getRoles(MUser.java:838)
	at org.compiere.model.MUser.isAdministrator(MUser.java:869)
	at org.idempiere.felix.webconsole.servlet.LoginServlet.doPost(LoginServlet.java:153)
	at javax.servlet.http.HttpServlet.service(HttpServlet.java:523)
	at javax.servlet.http.HttpServlet.service(HttpServlet.java:590)
	at org.eclipse.jetty.ee8.servlet.ServletHolder$NotAsync.service(ServletHolder.java:1162)
	at org.eclipse.jetty.ee8.servlet.ServletHolder.handle(ServletHolder.java:651)
	at org.eclipse.jetty.ee8.servlet.ServletHandler$ChainEnd.doFilter(ServletHandler.java:1374)
	at org.adempiere.eclipse.equinox.http.servlet.ProxyServlet.process(ProxyServlet.java:91)
	at org.adempiere.eclipse.equinox.http.servlet.ProxyServlet.doFilter(ProxyServlet.java:294)
	at org.adempiere.eclipse.equinox.http.servlet.BridgeServlet.process(BridgeServlet.java:111)
	at org.adempiere.eclipse.equinox.http.servlet.BridgeFilter.doFilter(BridgeFilter.java:111)
	at org.eclipse.jetty.ee8.servlet.FilterHolder.doFilter(FilterHolder.java:177)
	at org.eclipse.jetty.ee8.servlet.ServletHandler$Chain.doFilter(ServletHandler.java:1348)
	at org.eclipse.jetty.ee8.websocket.servlet.WebSocketUpgradeFilter.doFilter(WebSocketUpgradeFilter.java:175)
	at org.eclipse.jetty.ee8.servlet.FilterHolder.doFilter(FilterHolder.java:171)
	at org.eclipse.jetty.ee8.servlet.ServletHandler$Chain.doFilter(ServletHandler.java:1348)
	at org.eclipse.jetty.ee8.servlet.ServletHandler.doHandle(ServletHandler.java:454)
	at org.eclipse.jetty.ee8.nested.ScopedHandler.handle(ScopedHandler.java:119)
	at org.eclipse.jetty.ee8.security.SecurityHandler.handle(SecurityHandler.java:497)
caused by: java.lang.ClassNotFoundException: org.idempiere.cache.POCopyCache cannot be found by org.adempiere.base_14.0.0.qualifier
	at org.eclipse.osgi.internal.loader.BundleLoader.generateException(BundleLoader.java:541)
	at org.eclipse.osgi.internal.loader.BundleLoader.findClass0(BundleLoader.java:536)
	at org.eclipse.osgi.internal.loader.BundleLoader.findClass(BundleLoader.java:416)
	at org.eclipse.osgi.internal.loader.ModuleClassLoader.loadClass(ModuleClassLoader.java:168)
	at java.base/java.lang.ClassLoader.loadClass(ClassLoader.java:525)
	at org.compiere.model.MRole.<clinit>(MRole.java:279)
	at org.compiere.model.MUser.getRoles(MUser.java:838)
	at org.compiere.model.MUser.isAdministrator(MUser.java:869)
	at org.idempiere.felix.webconsole.servlet.LoginServlet.doPost(LoginServlet.java:153)
	at javax.servlet.http.HttpServlet.service(HttpServlet.java:523)
	at javax.servlet.http.HttpServlet.service(HttpServlet.java:590)
	at org.eclipse.jetty.ee8.servlet.ServletHolder$NotAsync.service(ServletHolder.java:1162)
	at org.eclipse.jetty.ee8.servlet.ServletHolder.handle(ServletHolder.java:651)
	at org.eclipse.jetty.ee8.servlet.ServletHandler$ChainEnd.doFilter(ServletHandler.java:1374)
	at org.adempiere.eclipse.equinox.http.servlet.ProxyServlet.process(ProxyServlet.java:91)
	at org.adempiere.eclipse.equinox.http.servlet.ProxyServlet.doFilter(ProxyServlet.java:294)
	at org.adempiere.eclipse.equinox.http.servlet.BridgeServlet.process(BridgeServlet.java:111)
	at org.adempiere.eclipse.equinox.http.servlet.BridgeFilter.doFilter(BridgeFilter.java:111)
	at org.eclipse.jetty.ee8.servlet.FilterHolder.doFilter(FilterHolder.java:177)
	at org.eclipse.jetty.ee8.servlet.ServletHandler$Chain.doFilter(ServletHandler.java:1348)
	at org.eclipse.jetty.ee8.websocket.servlet.WebSocketUpgradeFilter.doFilter(WebSocketUpgradeFilter.java:175)

16:21:12.399-----------> LoginServlet.doPost: CSRF token validation failed from IP: 192.168.0.162 [340]
16:21:22.207-----------> HttpChannel.handleException: /osgi/login [388]
javax.servlet.ServletException: Unexpected Exception
	at org.eclipse.jetty.ee8.nested.ContextHandler.doScope(ContextHandler.java:838)
	at org.eclipse.jetty.ee8.nested.ScopedHandler.handle(ScopedHandler.java:117)
	at org.eclipse.jetty.ee8.nested.ContextHandler.handle(ContextHandler.java:1443)
	at org.eclipse.jetty.ee8.nested.HttpChannel$RequestDispatchable.dispatch(HttpChannel.java:1290)
	at org.eclipse.jetty.ee8.nested.HttpChannel.dispatch(HttpChannel.java:617)
	at org.eclipse.jetty.ee8.nested.HttpChannel.handle(HttpChannel.java:460)
	at org.eclipse.jetty.ee8.nested.ContextHandler$CoreContextHandler$CoreToNestedHandler.handle(ContextHandler.java:2512)
	at org.eclipse.jetty.server.handler.ContextHandler.handle(ContextHandler.java:1071)
	at org.eclipse.jetty.server.handler.ContextHandlerCollection.handle(ContextHandlerCollection.java:181)
	at org.eclipse.jetty.server.Server.handle(Server.java:182)
	at org.eclipse.jetty.server.internal.HttpChannelState$HandlerInvoker.run(HttpChannelState.java:677)
	at org.eclipse.jetty.server.internal.HttpConnection.onFillable(HttpConnection.java:416)
	at org.eclipse.jetty.io.AbstractConnection$ReadCallback.succeeded(AbstractConnection.java:322)
	at org.eclipse.jetty.io.FillInterest.fillable(FillInterest.java:99)
	at org.eclipse.jetty.io.ssl.SslConnection$SslEndPoint.onFillable(SslConnection.java:612)
	at org.eclipse.jetty.io.ssl.SslConnection.onFillable(SslConnection.java:413)
	at org.eclipse.jetty.io.ssl.SslConnection$2.succeeded(SslConnection.java:155)
	at org.eclipse.jetty.io.FillInterest.fillable(FillInterest.java:99)
	at org.eclipse.jetty.io.SelectableChannelEndPoint$1.run(SelectableChannelEndPoint.java:53)
	at org.eclipse.jetty.util.thread.strategy.AdaptiveExecutionStrategy.runTask(AdaptiveExecutionStrategy.java:480)
	at org.eclipse.jetty.util.thread.strategy.AdaptiveExecutionStrategy.consumeTask(AdaptiveExecutionStrategy.java:443)
caused by: java.lang.NoClassDefFoundError: Could not initialize class org.compiere.model.MRole
	at org.compiere.model.MUser.getRoles(MUser.java:838)
	at org.compiere.model.MUser.isAdministrator(MUser.java:869)
	at org.idempiere.felix.webconsole.servlet.LoginServlet.doPost(LoginServlet.java:153)
	at javax.servlet.http.HttpServlet.service(HttpServlet.java:523)
	at javax.servlet.http.HttpServlet.service(HttpServlet.java:590)
	at org.eclipse.jetty.ee8.servlet.ServletHolder$NotAsync.service(ServletHolder.java:1162)
	at org.eclipse.jetty.ee8.servlet.ServletHolder.handle(ServletHolder.java:651)
	at org.eclipse.jetty.ee8.servlet.ServletHandler$ChainEnd.doFilter(ServletHandler.java:1374)
	at org.adempiere.eclipse.equinox.http.servlet.ProxyServlet.process(ProxyServlet.java:91)
	at org.adempiere.eclipse.equinox.http.servlet.ProxyServlet.doFilter(ProxyServlet.java:294)
	at org.adempiere.eclipse.equinox.http.servlet.BridgeServlet.process(BridgeServlet.java:111)
	at org.adempiere.eclipse.equinox.http.servlet.BridgeFilter.doFilter(BridgeFilter.java:111)
	at org.eclipse.jetty.ee8.servlet.FilterHolder.doFilter(FilterHolder.java:177)
	at org.eclipse.jetty.ee8.servlet.ServletHandler$Chain.doFilter(ServletHandler.java:1348)
	at org.eclipse.jetty.ee8.websocket.servlet.WebSocketUpgradeFilter.doFilter(WebSocketUpgradeFilter.java:175)
	at org.eclipse.jetty.ee8.servlet.FilterHolder.doFilter(FilterHolder.java:171)
	at org.eclipse.jetty.ee8.servlet.ServletHandler$Chain.doFilter(ServletHandler.java:1348)
	at org.eclipse.jetty.ee8.servlet.ServletHandler.doHandle(ServletHandler.java:454)
	at org.eclipse.jetty.ee8.nested.ScopedHandler.handle(ScopedHandler.java:119)
	at org.eclipse.jetty.ee8.security.SecurityHandler.handle(SecurityHandler.java:497)
	at org.eclipse.jetty.ee8.nested.HandlerWrapper.handle(HandlerWrapper.java:108)
caused by: java.lang.ExceptionInInitializerError: Exception java.lang.NoClassDefFoundError: org/idempiere/cache/POCopyCache [in thread "qtp1912107819-387"]
	at org.compiere.model.MRole.<clinit>(MRole.java:279)
	at org.compiere.model.MUser.getRoles(MUser.java:838)
	at org.compiere.model.MUser.isAdministrator(MUser.java:869)
	at org.idempiere.felix.webconsole.servlet.LoginServlet.doPost(LoginServlet.java:153)
	at javax.servlet.http.HttpServlet.service(HttpServlet.java:523)
	at javax.servlet.http.HttpServlet.service(HttpServlet.java:590)
	at org.eclipse.jetty.ee8.servlet.ServletHolder$NotAsync.service(ServletHolder.java:1162)
	at org.eclipse.jetty.ee8.servlet.ServletHolder.handle(ServletHolder.java:651)
	at org.eclipse.jetty.ee8.servlet.ServletHandler$ChainEnd.doFilter(ServletHandler.java:1374)
	at org.adempiere.eclipse.equinox.http.servlet.ProxyServlet.process(ProxyServlet.java:91)
	at org.adempiere.eclipse.equinox.http.servlet.ProxyServlet.doFilter(ProxyServlet.java:294)
	at org.adempiere.eclipse.equinox.http.servlet.BridgeServlet.process(BridgeServlet.java:111)
	at org.adempiere.eclipse.equinox.http.servlet.BridgeFilter.doFilter(BridgeFilter.java:111)
	at org.eclipse.jetty.ee8.servlet.FilterHolder.doFilter(FilterHolder.java:177)
	at org.eclipse.jetty.ee8.servlet.ServletHandler$Chain.doFilter(ServletHandler.java:1348)
	at org.eclipse.jetty.ee8.websocket.servlet.WebSocketUpgradeFilter.doFilter(WebSocketUpgradeFilter.java:175)
	at org.eclipse.jetty.ee8.servlet.FilterHolder.doFilter(FilterHolder.java:171)
	at org.eclipse.jetty.ee8.servlet.ServletHandler$Chain.doFilter(ServletHandler.java:1348)
	at org.eclipse.jetty.ee8.servlet.ServletHandler.doHandle(ServletHandler.java:454)
	at org.eclipse.jetty.ee8.nested.ScopedHandler.handle(ScopedHandler.java:119)
	at org.eclipse.jetty.ee8.security.SecurityHandler.handle(SecurityHandler.java:497)


*** 2026-05-29 16:22:30.633 idempiere Log (CLogFile) ***
