*** 2026-06-06 23:01:20.215 idempiere Log (CLogFile) ***
23:01:20.214 Adempiere.startup: iDempiere(r) Release 14_2026-03-09 -Smart Suite ERP, CRM and SCM- (c) 1999-2026 iDempiere(r); Implementation: iDempiere - Supported by iDempiere community [27]
23:01:20.217 Ini.loadProperties: /home/nextcollege/BDeveloper/idempiere-dev-setup-14/idempiere/idempiere.properties #29 [27]
23:01:20.227-----------> Core.getKeyStore: Encryption with legacy key algorithm DES detected - it is recommended to migrate to a stronger algorithm [27]
23:01:21.103-----------> Activator.createHazelCastInstance: Starting hazelcast with configuration from file hazelcast.xml [27]
23:01:21.892-----------> CPSubsystem: [192.168.1.236]:5701 [adempiere.idempiere14/localhost:5432] [5.3.7] CP Subsystem is not enabled. CP data structures will operate in UNSAFE mode! Please note that UNSAFE mode will not provide strong consistency guarantees. [27]
23:01:22.275-----------> Node: [192.168.1.236]:5701 [adempiere.idempiere14/localhost:5432] [5.3.7] No join method is enabled! Starting standalone. [27]
23:01:23.384-----------> DB.isBuildOK: Build Version Error 

The program assumes build version 14.0.0.qualifier, but database has build version ${env.ADEMPIERE_VERSION} 20080428-1232. 
This is likely to cause hard to fix errors. 
Please contact administrator. [27]
23:01:25.595-----------> EMail.setFrom: you @ company.org: javax.mail.internet.AddressException: Local address contains control or whitespace in string ``you @ company.org'' [27]
23:01:25.601-----------> EMail.addTo: you @ company.org: javax.mail.internet.AddressException: Local address contains control or whitespace in string ``you @ company.org'' [27]
23:01:25.602-----------> EMail.isValid: From is invalid=null [27]
23:01:25.602-----------> EMail.isValid: From is invalid=null [27]
23:01:25.606-----------> MClient.sendEMail: Could NOT Send Email: Server started: iDempiere (nextcollege-G751JT:192.168.1.236) to you @ company.org: Invalid Data (System) [27]
23:01:27.135           LoggedSessionListener.contextInitialized: iDempiere context initialized for 10.3.0.1 [27]
23:01:27.336-----------> TimeZoneDataBaseVersionChecker.init: Time zone data version mismatch detected:
 - Client (moment.js) tzdb version: 2025b
 - Server (JDK) tzdb version: 2026a
Date and time values may be incorrect if time zone rules differ.
To resolve, update the moment-timezone data on the client and/or the JDK time zone data (TZUpdater or Java update) on the server so both use the same version. [27]
23:02:49.400-----------> EGSCreateRateUSDtoBs.doIt: Fecha Valor: Martes, 09 Junio 2026 [462]
23:02:49.406-----------> EGSCreateRateUSDtoBs.doIt: Tipo de cambio USD: 567,68280000 [462]
23:02:49.411-----------> EGSCreateRateUSDtoBs.handleExchangeRate: Error: La fecha proporcionada es futura. Se usará la tasa de ayer para crear la tasa de conversión [462]
23:02:49.411-----------> EGSCreateRateUSDtoBs.handleExchangeRate: La tasa de conversión para el día de hoy será igual a la de ayer: Fri Jun 05 23:02:49 PET 2026 [462]
23:02:49.441-----------> EGSCreateRateUSDtoBs.createConversionRate: Tasa de conversión creada exitosamente. [462]
23:02:58.852-----------> EGSCreateRateEURtoBs.doIt: Fecha Valor: Martes, 09 Junio 2026 [435]
23:02:58.853-----------> EGSCreateRateEURtoBs.doIt: Tipo de cambio EUR: 655,38411577 [435]
23:02:58.859-----------> EGSCreateRateEURtoBs.handleExchangeRate: Error: La fecha proporcionada es futura. Se usará la tasa de ayer para crear la tasa de conversión [435]
23:02:58.859-----------> EGSCreateRateEURtoBs.handleExchangeRate: La tasa de conversión para el día de hoy será igual a la de ayer: Fri Jun 05 23:02:58 PET 2026 [435]
23:02:58.877-----------> EGSCreateRateEURtoBs.createConversionRate: Tasa de conversión creada exitosamente. [435]
23:03:03.582-----------> EGSCreateRateEURtoBs.doIt: Fecha Valor: Martes, 09 Junio 2026 [410]
23:03:03.583-----------> EGSCreateRateEURtoBs.doIt: Tipo de cambio EUR: 655,38411577 [410]
23:03:03.585-----------> EGSCreateRateEURtoBs.handleExchangeRate: Ya existe una tasa de conversión creada para el día de hoy. [410]
23:03:03.587===========> EGSCreateRateEURtoBs.process: Ya existe una tasa de conversión creada para el día de hoy. [410]
org.adempiere.exceptions.AdempiereException: Ya existe una tasa de conversión creada para el día de hoy.
	at com.egssmart.finantials.proccess.EGSCreateRateEURtoBs.handleExchangeRate(Unknown Source)
	at com.egssmart.finantials.proccess.EGSCreateRateEURtoBs.doIt(Unknown Source)
	at org.compiere.process.SvrProcess.process(Unknown Source)
	at org.compiere.process.SvrProcess.startProcess(Unknown Source)
	at org.adempiere.util.ProcessUtil.startJavaProcess(Unknown Source)
	at org.compiere.apps.AbstractProcessCtl.startProcess(Unknown Source)
	at org.compiere.apps.AbstractProcessCtl.run(Unknown Source)
	at org.adempiere.webui.apps.WProcessCtl.process(Unknown Source)
	at org.adempiere.webui.apps.AbstractProcessDialog$ProcessDialogRunnable.doRun(Unknown Source)
	at org.adempiere.util.ContextRunnable.run(Unknown Source)
	at org.adempiere.webui.apps.DesktopRunnable.run(Unknown Source)

23:03:28.464-----------> PackInApplicationActivator.getFilesToProcess: Processing migration [411]

*** 2026-06-06 23:04:04.876 idempiere Log (CLogFile) ***
