*** 2026-05-25 23:49:41.031 idempiere Log (CLogFile) ***
23:49:41.031 Adempiere.startup: iDempiere(r) Release 14_2026-03-09 -Smart Suite ERP, CRM and SCM- (c) 1999-2026 iDempiere(r); Implementation: iDempiere - Supported by iDempiere community [28]
23:49:41.032 Ini.loadProperties: /home/nextcollege/BDeveloper/idempiere-dev-setup-14/idempiere/idempiere.properties #29 [28]
23:49:41.039-----------> Core.getKeyStore: Encryption with legacy key algorithm DES detected - it is recommended to migrate to a stronger algorithm [28]
23:49:42.145-----------> Activator.createHazelCastInstance: Starting hazelcast with configuration from file hazelcast.xml [28]
23:49:42.927-----------> CPSubsystem: [192.168.1.236]:5701 [adempiere.idempiere14/localhost:5432] [5.3.7] CP Subsystem is not enabled. CP data structures will operate in UNSAFE mode! Please note that UNSAFE mode will not provide strong consistency guarantees. [28]
23:49:43.304-----------> Node: [192.168.1.236]:5701 [adempiere.idempiere14/localhost:5432] [5.3.7] No join method is enabled! Starting standalone. [28]
23:49:43.461-----------> DB.isBuildOK: Build Version Error 

The program assumes build version 14.0.0.qualifier, but database has build version ${env.ADEMPIERE_VERSION} 20080428-1232. 
This is likely to cause hard to fix errors. 
Please contact administrator. [28]
23:49:45.452-----------> EMail.setFrom: you @ company.org: javax.mail.internet.AddressException: Local address contains control or whitespace in string ``you @ company.org'' [28]
23:49:45.456-----------> EMail.addTo: you @ company.org: javax.mail.internet.AddressException: Local address contains control or whitespace in string ``you @ company.org'' [28]
23:49:45.456-----------> EMail.isValid: From is invalid=null [28]
23:49:45.457-----------> EMail.isValid: From is invalid=null [28]
23:49:45.462-----------> MClient.sendEMail: Could NOT Send Email: Server started: iDempiere (nextcollege-G751JT:192.168.1.236) to you @ company.org: Invalid Data (System) [28]
23:49:46.921           LoggedSessionListener.contextInitialized: iDempiere context initialized for 10.3.0.1 [28]
23:49:48.438-----------> Incremental2PackActivator.packIn: Installing com.egssmart.sire /META-INF/2Pack_1.0.0.zip ... [339]
23:49:48.807-----------> Incremental2PackActivator.packIn: com.egssmart.sire /META-INF/2Pack_1.0.0.zip installed [339]
23:49:48.808-----------> Incremental2PackActivator.packIn: Installing com.egssmart.sire /META-INF/2Pack_1.0.1.zip ... [339]
23:49:48.955-----------> Incremental2PackActivator.packIn: com.egssmart.sire /META-INF/2Pack_1.0.1.zip installed [339]
23:49:48.956-----------> Incremental2PackActivator.packIn: Installing com.egssmart.sire /META-INF/2Pack_1.0.2.zip ... [339]
23:49:49.076-----------> Incremental2PackActivator.packIn: com.egssmart.sire /META-INF/2Pack_1.0.2.zip installed [339]
23:49:49.076-----------> Incremental2PackActivator.packIn: Installing com.egssmart.sire /META-INF/2Pack_1.0.3.zip ... [339]
23:49:55.508-----------> Incremental2PackActivator.packIn: com.egssmart.sire /META-INF/2Pack_1.0.3.zip installed [339]
23:50:26.105-----------> MClient.createEMail: From EMail incomplete: MUser[10,Name=System,EMailUserID=null] (System) [563]
23:50:26.139-----------> MClient.createEMail: From EMail incomplete: MUser[10,Name=System,EMailUserID=null] (System) [563]
23:50:28.371-----------> Fact.isAcctBalanced: NO - Diff=0.01 - Fact[MAllocationHdr[101-13208: Approval Amount=2.2 (#1)],AcctSchema[200000-Second Schema GardenWorld Euro],PostType=A] [497]
23:50:28.493-----------> Fact.isAcctBalanced: NO - Diff=-0.01 - Fact[X_C_BankStatement[100,Name=2002-02-22],AcctSchema[200000-Second Schema GardenWorld Euro],PostType=A] [497]
23:50:29.125-----------> Fact.isAcctBalanced: NO - Diff=-0.01 - Fact[MInvoice[103-200002,GrandTotal=161.12 (#3)],AcctSchema[200000-Second Schema GardenWorld Euro],PostType=A] [497]
23:50:31.437-----------> Fact.isAcctBalanced: NO - Diff=-0.01 - Fact[MInvoice[106-10000003,GrandTotal=3657.5 (#6)],AcctSchema[200000-Second Schema GardenWorld Euro],PostType=A] [497]
23:50:33.771-----------> FactLine.setAmtSource: Source DR Precision 201.8750 -> 201.88 [497]
23:50:33.774-----------> FactLine.setAmtSource: Source CR Precision 201.8750 -> 201.88 [497]
23:50:33.928-----------> FactLine.setAmtSource: Source CR Precision 208.3750 -> 208.38 [497]
23:50:33.929-----------> FactLine.setAmtSource: Source DR Precision 208.3750 -> 208.38 [497]
23:50:33.954-----------> FactLine.setAmtSource: Source CR Precision 177.1188 -> 177.12 [497]
23:50:33.954-----------> FactLine.setAmtSource: Source DR Precision 177.1188 -> 177.12 [497]
23:51:48.281-----------> PackInApplicationActivator.getFilesToProcess: Processing migration [468]

*** 2026-05-26 00:29:58.812 idempiere Log (CLogFile) ***
