*** 2026-06-02 20:02:54.693 idempiere Log (CLogFile) ***
20:02:54.692 Adempiere.startup: iDempiere(r) Release 14_2026-03-09 -Smart Suite ERP, CRM and SCM- (c) 1999-2026 iDempiere(r); Implementation: iDempiere - Supported by iDempiere community [27]
20:02:54.693 Ini.loadProperties: /home/nextcollege/BDeveloper/idempiere-dev-setup-14/idempiere/idempiere.properties #29 [27]
20:02:54.698-----------> Core.getKeyStore: Encryption with legacy key algorithm DES detected - it is recommended to migrate to a stronger algorithm [27]
20:02:55.259-----------> Activator.createHazelCastInstance: Starting hazelcast with configuration from file hazelcast.xml [27]
20:02:55.813-----------> CPSubsystem: [192.168.0.55]:5701 [adempiere.idempiere14/localhost:5432] [5.3.7] CP Subsystem is not enabled. CP data structures will operate in UNSAFE mode! Please note that UNSAFE mode will not provide strong consistency guarantees. [27]
20:02:56.165-----------> Node: [192.168.0.55]:5701 [adempiere.idempiere14/localhost:5432] [5.3.7] No join method is enabled! Starting standalone. [27]
20:02:56.674-----------> DB.isBuildOK: Build Version Error 

The program assumes build version 14.0.0.qualifier, but database has build version ${env.ADEMPIERE_VERSION} 20080428-1232. 
This is likely to cause hard to fix errors. 
Please contact administrator. [27]
20:02:58.517-----------> EMail.setFrom: you @ company.org: javax.mail.internet.AddressException: Local address contains control or whitespace in string ``you @ company.org'' [27]
20:02:58.522-----------> EMail.addTo: you @ company.org: javax.mail.internet.AddressException: Local address contains control or whitespace in string ``you @ company.org'' [27]
20:02:58.523-----------> EMail.isValid: From is invalid=null [27]
20:02:58.523-----------> EMail.isValid: From is invalid=null [27]
20:02:58.527-----------> MClient.sendEMail: Could NOT Send Email: Server started: iDempiere (nextcollege-G751JT:192.168.0.55) to you @ company.org: Invalid Data (System) [27]
20:02:59.803           LoggedSessionListener.contextInitialized: iDempiere context initialized for 10.3.0.1 [27]
20:02:59.993-----------> TimeZoneDataBaseVersionChecker.init: Time zone data version mismatch detected:
 - Client (moment.js) tzdb version: 2025b
 - Server (JDK) tzdb version: 2026a
Date and time values may be incorrect if time zone rules differ.
To resolve, update the moment-timezone data on the client and/or the JDK time zone data (TZUpdater or Java update) on the server so both use the same version. [27]
20:03:28.064-----------> EGSCreateRateUSDtoPEN.doIt: PASO 1: Abriendo canal seguro y capturando contexto... [503]
20:03:28.157-----------> EGSCreateRateUSDtoPEN.doIt: Cookies validadas: [TSf3c1dbbd027=08fe7428c8ab20003e5d2ffaaefaff6ef55c5211d5e156f79762e674422111684791b38fe925c92008256f380b113000c17b6a8e16e35229ffdac3234cfcf092695e79cbb91b1995e9a72c82b85ec940d394b2234f65f9bd53a0019c66d3167b; TS0105b0c6=014dc399cb7d94ca854e3c84b90374f55a950962245a7351ece5cbceb9458955b0380ed7e7c6d1b633260e843112ab3c7bf4803f6873893b881c9eb64c64e2054257715b8d; IAASISTENCIAGESTIONSESSION=f66LAb-QZxhNTPrqrKY_iucWCOdVG9hzxgU2vx8uBX-rx29IrCQOr3Q7qP7o8YbwToYmodEYNEsZhV1ZLwV66NA2dOk9ioUfe6wk8G_Yei9MAce091uVWF5jhYtFNk2Te6wT5wmfBY8IXpaRjN5iYF22ZZT5gTUoCzkKH26XD2uVbw8GWXbyzqc7ZX0d4qs9piwSvUCgSZam1DKpybsO8-_lM1sOCFcS0uKt9ZLAkA6aWAEt4UEM2UUUEsLybg7M!1298053303!-445114015] [503]
20:03:28.165-----------> EGSCreateRateUSDtoPEN.doIt: Esperando estabilización de canal perimetral... [503]
20:03:31.165-----------> EGSCreateRateUSDtoPEN.doIt: PASO 2: Transmitiendo consulta híbrida (POST con QueryString + Safe JSON Body)... [503]
20:03:31.166-----------> EGSCreateRateUSDtoPEN.doIt: URL Destino: https://e-consulta.sunat.gob.pe/cl-at-ittipcam/tcS01Alias/listarTipoCambio?anhoConsulta=2026&mesConsulta=6&indMes=1&mode=month [503]
20:03:31.190-----------> EGSCreateRateUSDtoPEN.doIt: Respuesta HTTP del Servidor: 200 [503]
20:03:31.191-----------> EGSCreateRateUSDtoPEN.doIt: Respuesta cruda del API SUNAT: [] [503]
20:03:31.191-----------> EGSCreateRateUSDtoPEN.doIt: Listado vacío para el periodo seleccionado (6/2026). [503]
20:03:31.191-----------> EGSCreateRateUSDtoPEN.doIt: Ejecutando contingencia: Solicitando mes anterior. [503]
20:03:31.192-----------> EGSCreateRateUSDtoPEN.doIt: Intento 2 de 5. Reintentando secuencia completa... [503]
20:03:35.192-----------> EGSCreateRateUSDtoPEN.doIt: PASO 1: Abriendo canal seguro y capturando contexto... [503]
20:03:35.217-----------> EGSCreateRateUSDtoPEN.doIt: Cookies validadas: [TSf3c1dbbd027=08fe7428c8ab2000cebbf10192ea3757f7fc55b76100fbe93e621784e6f1f5724ba66088ee4a03fb081aa26a331130007893af7a3b9796ea5fb180d8173cf34ff7b6e7c461901c1636804e4748a32cc2af34af34ff9c1a49f045249d53cbe45f; TS0105b0c6=014dc399cb6fad1463b8a07bcc1c72ea0885378b19a331848f3e1670da2a5b1bb9c78a752ced880ce09cf700ec2a2647aff28dfe5687effdfe5b87727ad8e8c43aaadb7134; IAASISTENCIAGESTIONSESSION=eS-LAdslmUfSQXmRyJ2D2drjm6AIK-1SzsCmGVUoNq0tmcAouAGYbeEYBE6wNKRhczqw7d9cSKAilhQFVuHAampdtlde5FhrkMhXhYb6DH57A_6s51m13PbwsSKyVYodaIqqJOCC8Ejm4qWl1OkkyTcjSIDFObcSLYaABLkCBtETWy-XSKWnBm1t3xvOBsqwIA6DAGdvuKQmXcl5D1ShK1-DK5NalVp5q7Ykdfnpor_9RNb-69kXm3W4FZIRKL2I!1298053303!-445114015] [503]
20:03:35.220-----------> EGSCreateRateUSDtoPEN.doIt: Esperando estabilización de canal perimetral... [503]
20:03:38.220-----------> EGSCreateRateUSDtoPEN.doIt: PASO 2: Transmitiendo consulta híbrida (POST con QueryString + Safe JSON Body)... [503]
20:03:38.220-----------> EGSCreateRateUSDtoPEN.doIt: URL Destino: https://e-consulta.sunat.gob.pe/cl-at-ittipcam/tcS01Alias/listarTipoCambio?anhoConsulta=2026&mesConsulta=5&indMes=1&mode=month [503]
20:03:38.245-----------> EGSCreateRateUSDtoPEN.doIt: Respuesta HTTP del Servidor: 200 [503]
20:03:38.245-----------> EGSCreateRateUSDtoPEN.doIt: Respuesta cruda del API SUNAT: [] [503]
20:03:38.245-----------> EGSCreateRateUSDtoPEN.doIt: Listado vacío para el periodo seleccionado (5/2026). [503]
20:03:38.245-----------> EGSCreateRateUSDtoPEN.doIt: Ejecutando contingencia: Solicitando mes anterior. [503]
20:03:38.246-----------> EGSCreateRateUSDtoPEN.doIt: Intento 3 de 5. Reintentando secuencia completa... [503]
20:03:42.246-----------> EGSCreateRateUSDtoPEN.doIt: PASO 1: Abriendo canal seguro y capturando contexto... [503]
20:03:42.268-----------> EGSCreateRateUSDtoPEN.doIt: Cookies validadas: [TSf3c1dbbd027=08fe7428c8ab200018f315dcdb29466a44e68160668ab3a09277ce5283e9e4e663f525936638cc1108e1ec405e1130008df7508443769c734671d76d524bcb98e2befb0a9c713ca627e39c0ba1230c445168d8efa3d52ea45d33d5face1de7ba; TS0105b0c6=014dc399cb93e7a65e79d49c0b1a163a21869c0320b3a9b293b2b896d2c1b8d1b4a5b0ce359f6e5484abf9ff52dc011644d229ac7cfd1d2b0aeba3e2473476a9d124232ede; IAASISTENCIAGESTIONSESSION=jzCLAfay9d6ovZ4KJHoReQR9uP0fCCeHEW4FVQPcKRIY9X1o3EpVMEKiOWkgttVYU7dpPFsXdKqOh9PZwY05e40UMmb5ph4KP95wWpeHDCXLF6NKXUrOihL7HC6HjyPmgHXrtOrH_OiaPWkWbGEE3dDhU1E1UMMirzrm1m1Y2rr0h406aY0HxOUQVlObpZ9MmYFyPU3vwitY_J4C3rSf1T3-9n54Kx0pYYyRAjfFyKRbczU5fpe5fTx5aMuXfSF-!1298053303!-445114015] [503]
20:03:42.270-----------> EGSCreateRateUSDtoPEN.doIt: Esperando estabilización de canal perimetral... [503]
20:03:45.271-----------> EGSCreateRateUSDtoPEN.doIt: PASO 2: Transmitiendo consulta híbrida (POST con QueryString + Safe JSON Body)... [503]
20:03:45.271-----------> EGSCreateRateUSDtoPEN.doIt: URL Destino: https://e-consulta.sunat.gob.pe/cl-at-ittipcam/tcS01Alias/listarTipoCambio?anhoConsulta=2026&mesConsulta=4&indMes=1&mode=month [503]
20:03:45.296-----------> EGSCreateRateUSDtoPEN.doIt: Respuesta HTTP del Servidor: 200 [503]
20:03:45.296-----------> EGSCreateRateUSDtoPEN.doIt: Respuesta cruda del API SUNAT: [] [503]
20:03:45.296-----------> EGSCreateRateUSDtoPEN.doIt: Listado vacío para el periodo seleccionado (4/2026). [503]
20:03:45.296-----------> EGSCreateRateUSDtoPEN.doIt: Ejecutando contingencia: Solicitando mes anterior. [503]
20:03:45.297-----------> EGSCreateRateUSDtoPEN.doIt: Intento 4 de 5. Reintentando secuencia completa... [503]
20:03:49.297-----------> EGSCreateRateUSDtoPEN.doIt: PASO 1: Abriendo canal seguro y capturando contexto... [503]
20:03:49.323-----------> EGSCreateRateUSDtoPEN.doIt: Cookies validadas: [TSf3c1dbbd027=08fe7428c8ab2000eeca19c2d72b4ee7ada518bcae95ec97d32bb653bd5eeda6081a0d6abf30f1da08d436425e1130006f33fd6430921a3ab56dc3e9520426f5c273abdafdfe89affd99fcdfd928b6b40758ca6abdc335e583960ac5168a4022; TS0105b0c6=014dc399cb36a0c73c54ca78ce6a0c7c57ba2afce699324e200589268c99c79b21eb7352a8c10a6e6ca733d56cb475b4eeb88680e789c830796f1efabb5142531ee8f97662; IAASISTENCIAGESTIONSESSION=NxmLAhI_wSZfqxA2jo8WHz4JjBYxVB1avK973mr_pnofnKTA8kQLvHuVMWv-7Z1f7B_tx9GRdFYzIZRoihcwrYPRTdEoy9Wgn4QMH6-UMQx60FNVZrwfhs32Zg2684iPbE0EfaeoVlV6KpxPke_kezj1KG1oHlErWJjkKXe6j2CMf8rE3C_SakZt7PnXQ08VBpPlnKhv96NLq3dAk2_yVtgaPo6VafH3r-yUmGqC98p6Kwh-6m9c1weGUPxcKsPO!1298053303!-445114015] [503]
20:03:49.325-----------> EGSCreateRateUSDtoPEN.doIt: Esperando estabilización de canal perimetral... [503]
20:03:52.326-----------> EGSCreateRateUSDtoPEN.doIt: PASO 2: Transmitiendo consulta híbrida (POST con QueryString + Safe JSON Body)... [503]
20:03:52.326-----------> EGSCreateRateUSDtoPEN.doIt: URL Destino: https://e-consulta.sunat.gob.pe/cl-at-ittipcam/tcS01Alias/listarTipoCambio?anhoConsulta=2026&mesConsulta=3&indMes=1&mode=month [503]
20:03:52.350-----------> EGSCreateRateUSDtoPEN.doIt: Respuesta HTTP del Servidor: 200 [503]
20:03:52.350-----------> EGSCreateRateUSDtoPEN.doIt: Respuesta cruda del API SUNAT: [] [503]
20:03:52.350-----------> EGSCreateRateUSDtoPEN.doIt: Listado vacío para el periodo seleccionado (3/2026). [503]
20:03:52.350-----------> EGSCreateRateUSDtoPEN.doIt: Ejecutando contingencia: Solicitando mes anterior. [503]
20:03:52.350-----------> EGSCreateRateUSDtoPEN.doIt: Intento 5 de 5. Reintentando secuencia completa... [503]
20:03:56.351-----------> EGSCreateRateUSDtoPEN.doIt: PASO 1: Abriendo canal seguro y capturando contexto... [503]
20:03:56.377-----------> EGSCreateRateUSDtoPEN.doIt: Cookies validadas: [TSf3c1dbbd027=08fe7428c8ab2000c9cdac7f7e3a6f6d0249ab23e767a73090dd4777b1b00f745c13b122dddaf927087a0cfa5e113000146821bb9dbd03e36851ebfce5ab2e044f60ca78b4e9e02bfbb580017ed031f58e9cd4d8d5447e5ee23d66ce4c6a9a86; TS0105b0c6=014dc399cbb14c979a1fa65417e874e4a31d2d10e6fa9f86da4bb998b172fc12388f1b229458d1b9645069b9252a38a21ad296956021a7e4d39e37fba4bccc2ad3d65b0841; IAASISTENCIAGESTIONSESSION=s9-LAi3LpFfBx3J6ZLWdVPRw_3Eh2Utwk-r_cGh2RR1wZexeJ0TCGvxF9FbNykxbZoAks7pWBAcpV3l3zza1OKDU1Ch9O_rWDxmpW8Ctoy2n1fT9Kk8NWE7T3F2ch29O7BgYY8N6DTR_LBf5BQXqjGCPYmErvwOfHp7W9iDqTGuPJJwRWBUoCX5XD4TdySPUuzNy29j-oP68pccB15tHyj7f4TkojApSrbT_8UKlsOJ6mSyvVuqycf-zGNTqs68A!1298053303!-445114015] [503]
20:03:56.377-----------> EGSCreateRateUSDtoPEN.doIt: Esperando estabilización de canal perimetral... [503]
20:03:59.378-----------> EGSCreateRateUSDtoPEN.doIt: PASO 2: Transmitiendo consulta híbrida (POST con QueryString + Safe JSON Body)... [503]
20:03:59.378-----------> EGSCreateRateUSDtoPEN.doIt: URL Destino: https://e-consulta.sunat.gob.pe/cl-at-ittipcam/tcS01Alias/listarTipoCambio?anhoConsulta=2026&mesConsulta=2&indMes=1&mode=month [503]
20:03:59.404-----------> EGSCreateRateUSDtoPEN.doIt: Respuesta HTTP del Servidor: 200 [503]
20:03:59.405-----------> EGSCreateRateUSDtoPEN.doIt: Respuesta cruda del API SUNAT: [] [503]
20:03:59.405-----------> EGSCreateRateUSDtoPEN.doIt: Listado vacío para el periodo seleccionado (2/2026). [503]
20:03:59.405-----------> EGSCreateRateUSDtoPEN.doIt: Ejecutando contingencia: Solicitando mes anterior. [503]
20:03:59.407===========> EGSCreateRateUSDtoPEN.process: Fallo final de consistencia de datos. [503]
org.adempiere.exceptions.AdempiereException: Fallo final de consistencia de datos.
	at com.egssmart.finantials.proccess.EGSCreateRateUSDtoPEN.doIt(Unknown Source)
	at org.compiere.process.SvrProcess.process(Unknown Source)
	at org.compiere.process.SvrProcess.startProcess(Unknown Source)
	at org.adempiere.util.ProcessUtil.startJavaProcess(Unknown Source)
	at org.compiere.apps.AbstractProcessCtl.startProcess(Unknown Source)
	at org.compiere.apps.AbstractProcessCtl.run(Unknown Source)
	at org.adempiere.webui.apps.WProcessCtl.process(Unknown Source)
	at org.adempiere.webui.apps.AbstractProcessDialog$ProcessDialogRunnable.doRun(Unknown Source)
	at org.adempiere.util.ContextRunnable.run(Unknown Source)
	at org.adempiere.webui.apps.DesktopRunnable.run(Unknown Source)
	at java.base/java.util.concurrent.Executors$RunnableAdapter.call(Executors.java:539)

20:05:01.107-----------> PackInApplicationActivator.getFilesToProcess: Processing migration [461]

*** 2026-06-02 20:06:54.303 idempiere Log (CLogFile) ***
