*** 2026-05-24 19:09:50.183 idempiere Log (CLogFile) ***
19:09:50.180 Adempiere.startup: iDempiere(r) Release 14_2026-03-09 -Smart Suite ERP, CRM and SCM- (c) 1999-2026 iDempiere(r); Implementation: iDempiere - Supported by iDempiere community [28]
19:09:50.184 Ini.loadProperties: /home/nextcollege/BDeveloper/idempiere-dev-setup-14/idempiere/idempiere.properties #29 [28]
19:09:50.190-----------> Core.getKeyStore: Encryption with legacy key algorithm DES detected - it is recommended to migrate to a stronger algorithm [28]
19:09:51.229-----------> Activator.createHazelCastInstance: Starting hazelcast with configuration from file hazelcast.xml [28]
19:09:52.055-----------> CPSubsystem: [192.168.1.236]:5701 [adempiere.idempiere14/localhost:5432] [5.3.7] CP Subsystem is not enabled. CP data structures will operate in UNSAFE mode! Please note that UNSAFE mode will not provide strong consistency guarantees. [28]
19:09:52.390-----------> Node: [192.168.1.236]:5701 [adempiere.idempiere14/localhost:5432] [5.3.7] No join method is enabled! Starting standalone. [28]
19:09:52.500-----------> DB.isBuildOK: Build Version Error 

The program assumes build version 14.0.0.qualifier, but database has build version ${env.ADEMPIERE_VERSION} 20080428-1232. 
This is likely to cause hard to fix errors. 
Please contact administrator. [28]
19:09:54.772-----------> EMail.setFrom: you @ company.org: javax.mail.internet.AddressException: Local address contains control or whitespace in string ``you @ company.org'' [28]
19:09:54.776-----------> EMail.addTo: you @ company.org: javax.mail.internet.AddressException: Local address contains control or whitespace in string ``you @ company.org'' [28]
19:09:54.777-----------> EMail.isValid: From is invalid=null [28]
19:09:54.777-----------> EMail.isValid: From is invalid=null [28]
19:09:54.783-----------> MClient.sendEMail: Could NOT Send Email: Server started: iDempiere (nextcollege-G751JT:192.168.1.236) to you @ company.org: Invalid Data (System) [28]
19:09:56.376           LoggedSessionListener.contextInitialized: iDempiere context initialized for 10.3.0.1 [28]
19:09:57.891-----------> Incremental2PackActivator.packIn: Installing com.egssmart.sire /META-INF/2Pack_1.0.5.zip ... [376]
19:09:58.790-----------> Incremental2PackActivator.packIn: com.egssmart.sire /META-INF/2Pack_1.0.5.zip installed [376]
19:09:58.791-----------> Incremental2PackActivator.packIn: Installing com.egssmart.sire /META-INF/2Pack_1.0.6.zip ... [376]
19:09:58.954-----------> Incremental2PackActivator.packIn: com.egssmart.sire /META-INF/2Pack_1.0.6.zip installed [376]
19:09:58.954-----------> Incremental2PackActivator.packIn: Installing com.egssmart.sire /META-INF/2Pack_2.0.1.zip ... [376]
19:10:02.515-----------> Incremental2PackActivator.packIn: com.egssmart.sire /META-INF/2Pack_2.0.1.zip installed [376]
19:10:51.642===========> MTree.loadNodes: Nodes w/o parent - adding to root - [Propuesta Registro de Compras] [427]
19:11:57.753-----------> PackInApplicationActivator.getFilesToProcess: Processing migration [506]

*** 2026-05-24 19:12:10.682 idempiere Log (CLogFile) ***
