*** 2026-05-24 16:08:50.578 idempiere Log (CLogFile) ***
16:08:50.577 Adempiere.startup: iDempiere(r) Release 14_2026-03-09 -Smart Suite ERP, CRM and SCM- (c) 1999-2026 iDempiere(r); Implementation: iDempiere - Supported by iDempiere community [28]
16:08:50.579 Ini.loadProperties: /home/nextcollege/BDeveloper/idempiere-dev-setup-14/idempiere/idempiere.properties #29 [28]
16:08:50.584-----------> Core.getKeyStore: Encryption with legacy key algorithm DES detected - it is recommended to migrate to a stronger algorithm [28]
16:08:51.839-----------> Activator.createHazelCastInstance: Starting hazelcast with configuration from file hazelcast.xml [28]
16:08:52.816-----------> CPSubsystem: [192.168.1.236]:5701 [adempiere.idempiere14/localhost:5432] [5.3.7] CP Subsystem is not enabled. CP data structures will operate in UNSAFE mode! Please note that UNSAFE mode will not provide strong consistency guarantees. [28]
16:08:53.285-----------> Node: [192.168.1.236]:5701 [adempiere.idempiere14/localhost:5432] [5.3.7] No join method is enabled! Starting standalone. [28]
16:08:53.452-----------> DB.isBuildOK: Build Version Error 

The program assumes build version 14.0.0.qualifier, but database has build version ${env.ADEMPIERE_VERSION} 20080428-1232. 
This is likely to cause hard to fix errors. 
Please contact administrator. [28]
16:08:55.521-----------> EMail.setFrom: you @ company.org: javax.mail.internet.AddressException: Local address contains control or whitespace in string ``you @ company.org'' [28]
16:08:55.527-----------> EMail.addTo: you @ company.org: javax.mail.internet.AddressException: Local address contains control or whitespace in string ``you @ company.org'' [28]
16:08:55.528-----------> EMail.isValid: From is invalid=null [28]
16:08:55.528-----------> EMail.isValid: From is invalid=null [28]
16:08:55.532-----------> MClient.sendEMail: Could NOT Send Email: Server started: iDempiere (nextcollege-G751JT:192.168.1.236) to you @ company.org: Invalid Data (System) [28]
16:08:57.198           LoggedSessionListener.contextInitialized: iDempiere context initialized for 10.3.0.1 [28]
16:08:58.882-----------> Incremental2PackActivator.packIn: Installing com.egssmart.sire /META-INF/2Pack_1.0.5.zip ... [372]
16:08:59.877-----------> Incremental2PackActivator.packIn: com.egssmart.sire /META-INF/2Pack_1.0.5.zip installed [372]
16:09:21.789===========> MTree.loadNodes: Nodes w/o parent - adding to root - [Propuesta Registro de Compras] [378]
16:10:58.717-----------> PackInApplicationActivator.getFilesToProcess: Processing migration [503]

*** 2026-05-24 16:11:00.663 idempiere Log (CLogFile) ***
