*** 2026-05-24 23:45:43.582 idempiere Log (CLogFile) ***
23:45:43.581 Adempiere.startup: iDempiere(r) Release 14_2026-03-09 -Smart Suite ERP, CRM and SCM- (c) 1999-2026 iDempiere(r); Implementation: iDempiere - Supported by iDempiere community [28]
23:45:43.582 Ini.loadProperties: /home/nextcollege/BDeveloper/idempiere-dev-setup-14/idempiere/idempiere.properties #29 [28]
23:45:43.588-----------> Core.getKeyStore: Encryption with legacy key algorithm DES detected - it is recommended to migrate to a stronger algorithm [28]
23:45:44.811-----------> Activator.createHazelCastInstance: Starting hazelcast with configuration from file hazelcast.xml [28]
23:45:45.731-----------> CPSubsystem: [192.168.1.236]:5701 [adempiere.idempiere14/localhost:5432] [5.3.7] CP Subsystem is not enabled. CP data structures will operate in UNSAFE mode! Please note that UNSAFE mode will not provide strong consistency guarantees. [28]
23:45:46.146-----------> Node: [192.168.1.236]:5701 [adempiere.idempiere14/localhost:5432] [5.3.7] No join method is enabled! Starting standalone. [28]
23:45:46.301-----------> DB.isBuildOK: Build Version Error 

The program assumes build version 14.0.0.qualifier, but database has build version ${env.ADEMPIERE_VERSION} 20080428-1232. 
This is likely to cause hard to fix errors. 
Please contact administrator. [28]
23:45:48.454-----------> EMail.setFrom: you @ company.org: javax.mail.internet.AddressException: Local address contains control or whitespace in string ``you @ company.org'' [28]
23:45:48.459-----------> EMail.addTo: you @ company.org: javax.mail.internet.AddressException: Local address contains control or whitespace in string ``you @ company.org'' [28]
23:45:48.460-----------> EMail.isValid: From is invalid=null [28]
23:45:48.460-----------> EMail.isValid: From is invalid=null [28]
23:45:48.467-----------> MClient.sendEMail: Could NOT Send Email: Server started: iDempiere (nextcollege-G751JT:192.168.1.236) to you @ company.org: Invalid Data (System) [28]
23:45:49.751           LoggedSessionListener.contextInitialized: iDempiere context initialized for 10.3.0.1 [28]
23:46:39.063-----------> MRole.getProcessAccess: Role System Administrator has assigned access incompatible process Asset Parent Report [408]
23:46:39.064-----------> MRole.getProcessAccess: Role System Administrator has assigned access incompatible process Asset Group Defaults [408]
23:46:39.065-----------> MRole.getProcessAccess: Role System Administrator has assigned access incompatible process Depreciation Table [408]
23:46:39.066-----------> MRole.getProcessAccess: Role System Administrator has assigned access incompatible process Asset Convention Report [408]
23:46:39.067-----------> MRole.getProcessAccess: Role System Administrator has assigned access incompatible process Asset Depreciation Method [408]
23:47:51.295-----------> PackInApplicationActivator.getFilesToProcess: Processing migration [485]

*** 2026-05-24 23:52:34.581 idempiere Log (CLogFile) ***
