*** 2026-05-24 20:48:51.124 idempiere Log (CLogFile) ***
20:48:51.123 Adempiere.startup: iDempiere(r) Release 14_2026-03-09 -Smart Suite ERP, CRM and SCM- (c) 1999-2026 iDempiere(r); Implementation: iDempiere - Supported by iDempiere community [28]
20:48:51.125 Ini.loadProperties: /home/nextcollege/BDeveloper/idempiere-dev-setup-14/idempiere/idempiere.properties #29 [28]
20:48:51.131-----------> Core.getKeyStore: Encryption with legacy key algorithm DES detected - it is recommended to migrate to a stronger algorithm [28]
20:48:52.016-----------> Activator.createHazelCastInstance: Starting hazelcast with configuration from file hazelcast.xml [28]
20:48:52.625-----------> CPSubsystem: [192.168.1.236]:5701 [adempiere.idempiere14/localhost:5432] [5.3.7] CP Subsystem is not enabled. CP data structures will operate in UNSAFE mode! Please note that UNSAFE mode will not provide strong consistency guarantees. [28]
20:48:52.956-----------> Node: [192.168.1.236]:5701 [adempiere.idempiere14/localhost:5432] [5.3.7] No join method is enabled! Starting standalone. [28]
20:48:53.076-----------> DB.isBuildOK: Build Version Error 

The program assumes build version 14.0.0.qualifier, but database has build version ${env.ADEMPIERE_VERSION} 20080428-1232. 
This is likely to cause hard to fix errors. 
Please contact administrator. [28]
20:48:55.250-----------> EMail.setFrom: you @ company.org: javax.mail.internet.AddressException: Local address contains control or whitespace in string ``you @ company.org'' [28]
20:48:55.255-----------> EMail.addTo: you @ company.org: javax.mail.internet.AddressException: Local address contains control or whitespace in string ``you @ company.org'' [28]
20:48:55.255-----------> EMail.isValid: From is invalid=null [28]
20:48:55.256-----------> EMail.isValid: From is invalid=null [28]
20:48:55.263-----------> MClient.sendEMail: Could NOT Send Email: Server started: iDempiere (nextcollege-G751JT:192.168.1.236) to you @ company.org: Invalid Data (System) [28]
20:48:57.327           LoggedSessionListener.contextInitialized: iDempiere context initialized for 10.3.0.1 [28]
20:48:58.935-----------> Incremental2PackActivator.packIn: Installing com.egssmart.sire /META-INF/2Pack_1.0.1.zip ... [476]
20:48:59.442-----------> Incremental2PackActivator.packIn: com.egssmart.sire /META-INF/2Pack_1.0.1.zip installed [476]
20:48:59.443-----------> Incremental2PackActivator.packIn: Installing com.egssmart.sire /META-INF/2Pack_1.0.2.zip ... [476]
20:48:59.631-----------> Incremental2PackActivator.packIn: com.egssmart.sire /META-INF/2Pack_1.0.2.zip installed [476]
20:48:59.631-----------> Incremental2PackActivator.packIn: Installing com.egssmart.sire /META-INF/2Pack_1.0.3.zip ... [476]
20:49:08.590-----------> Incremental2PackActivator.packIn: com.egssmart.sire /META-INF/2Pack_1.0.3.zip installed [476]
20:49:08.590-----------> Incremental2PackActivator.packIn: Installing com.egssmart.sire /META-INF/2Pack_1.0.5.zip ... [476]
20:49:08.916-----------> Incremental2PackActivator.packIn: com.egssmart.sire /META-INF/2Pack_1.0.5.zip installed [476]
20:49:08.917-----------> Incremental2PackActivator.packIn: Installing com.egssmart.sire /META-INF/2Pack_1.0.6.zip ... [476]
20:49:08.998-----------> Incremental2PackActivator.packIn: com.egssmart.sire /META-INF/2Pack_1.0.6.zip installed [476]
20:49:08.999-----------> Incremental2PackActivator.packIn: Installing com.egssmart.sire /META-INF/2Pack_1.0.7.zip ... [476]
20:49:09.550-----------> Incremental2PackActivator.packIn: com.egssmart.sire /META-INF/2Pack_1.0.7.zip installed [476]
20:49:09.551-----------> Incremental2PackActivator.packIn: Installing com.egssmart.sire /META-INF/2Pack_2.0.1.zip ... [476]
20:49:11.627-----------> Incremental2PackActivator.packIn: com.egssmart.sire /META-INF/2Pack_2.0.1.zip installed [476]
20:49:54.517===========> MTree.loadNodes: Nodes w/o parent - adding to root - [Propuesta Registro de Compras] [665]
20:50:58.775-----------> PackInApplicationActivator.getFilesToProcess: Processing migration [480]
20:52:03.361===========> MTree.loadNodes: Nodes w/o parent - adding to root - [Propuesta Registro de Compras] [664]
20:52:08.916-----------> MRole.getProcessAccess: Role System Administrator has assigned access incompatible process Asset Parent Report [361]
20:52:08.917-----------> MRole.getProcessAccess: Role System Administrator has assigned access incompatible process Asset Group Defaults [361]
20:52:08.919-----------> MRole.getProcessAccess: Role System Administrator has assigned access incompatible process Depreciation Table [361]
20:52:08.922-----------> MRole.getProcessAccess: Role System Administrator has assigned access incompatible process Asset Convention Report [361]
20:52:08.924-----------> MRole.getProcessAccess: Role System Administrator has assigned access incompatible process Asset Depreciation Method [361]
20:52:08.933===========> MTree.loadNodes: Nodes w/o parent - adding to root - [Propuesta Registro de Compras] [361]
20:52:11.119===========> MTree.loadNodes: Nodes w/o parent - adding to root - [Propuesta Registro de Compras] [664]
20:54:38.090-----------> MRole.getProcessAccess: Role System Administrator has assigned access incompatible process Asset Parent Report [401]
20:54:38.091-----------> MRole.getProcessAccess: Role System Administrator has assigned access incompatible process Asset Group Defaults [401]
20:54:38.091-----------> MRole.getProcessAccess: Role System Administrator has assigned access incompatible process Depreciation Table [401]
20:54:38.091-----------> MRole.getProcessAccess: Role System Administrator has assigned access incompatible process Asset Convention Report [401]
20:54:38.091-----------> MRole.getProcessAccess: Role System Administrator has assigned access incompatible process Asset Depreciation Method [401]

*** 2026-05-24 21:03:36.41 idempiere Log (CLogFile) ***
