*** 2026-06-02 16:14:15.389 idempiere Log (CLogFile) ***
16:14:15.388 Adempiere.startup: iDempiere(r) Release 14_2026-03-09 -Smart Suite ERP, CRM and SCM- (c) 1999-2026 iDempiere(r); Implementation: iDempiere - Supported by iDempiere community [27]
16:14:15.390 Ini.loadProperties: /home/nextcollege/BDeveloper/idempiere-dev-setup-14/idempiere/idempiere.properties #29 [27]
16:14:15.397-----------> Core.getKeyStore: Encryption with legacy key algorithm DES detected - it is recommended to migrate to a stronger algorithm [27]
16:14:15.954-----------> Activator.createHazelCastInstance: Starting hazelcast with configuration from file hazelcast.xml [27]
16:14:16.699-----------> CPSubsystem: [192.168.0.55]:5701 [adempiere.idempiere14/localhost:5432] [5.3.7] CP Subsystem is not enabled. CP data structures will operate in UNSAFE mode! Please note that UNSAFE mode will not provide strong consistency guarantees. [27]
16:14:17.059-----------> Node: [192.168.0.55]:5701 [adempiere.idempiere14/localhost:5432] [5.3.7] No join method is enabled! Starting standalone. [27]
16:14:17.716-----------> DB.isBuildOK: Build Version Error 

The program assumes build version 14.0.0.qualifier, but database has build version ${env.ADEMPIERE_VERSION} 20080428-1232. 
This is likely to cause hard to fix errors. 
Please contact administrator. [27]
16:14:19.533-----------> EMail.setFrom: you @ company.org: javax.mail.internet.AddressException: Local address contains control or whitespace in string ``you @ company.org'' [27]
16:14:19.537-----------> EMail.addTo: you @ company.org: javax.mail.internet.AddressException: Local address contains control or whitespace in string ``you @ company.org'' [27]
16:14:19.537-----------> EMail.isValid: From is invalid=null [27]
16:14:19.537-----------> EMail.isValid: From is invalid=null [27]
16:14:19.541-----------> MClient.sendEMail: Could NOT Send Email: Server started: iDempiere (nextcollege-G751JT:192.168.0.55) to you @ company.org: Invalid Data (System) [27]
16:14:20.852           LoggedSessionListener.contextInitialized: iDempiere context initialized for 10.3.0.1 [27]
16:14:21.027-----------> TimeZoneDataBaseVersionChecker.init: Time zone data version mismatch detected:
 - Client (moment.js) tzdb version: 2025b
 - Server (JDK) tzdb version: 2026a
Date and time values may be incorrect if time zone rules differ.
To resolve, update the moment-timezone data on the client and/or the JDK time zone data (TZUpdater or Java update) on the server so both use the same version. [27]
16:16:22.072-----------> PackInApplicationActivator.getFilesToProcess: Processing migration [488]
16:17:40.472-----------> EGSCreateRateUSDtoPEN.doIt: PASO 1: Sincronizando cookies perimetrales vía Jsoup... [536]
16:17:40.608-----------> EGSCreateRateUSDtoPEN.doIt: Cookies F5 BIG-IP capturadas: [IAASISTENCIAGESTIONSESSION, TS0105b0c6, TS61ff7286027] [536]
16:17:40.608-----------> EGSCreateRateUSDtoPEN.doIt: Esperando 3000ms para estabilizar el canal de comunicación... [536]
16:17:43.609-----------> EGSCreateRateUSDtoPEN.doIt: PASO 2: Transmitiendo parámetros nativos compatibles con WebLogic... [536]
16:17:43.609-----------> EGSCreateRateUSDtoPEN.doIt: Payload a enviar: anhoConsulta=2026&mesConsulta=5&indMes=1&mode=month [536]
16:17:43.669-----------> EGSCreateRateUSDtoPEN.doIt: Código de respuesta HTTP del Servidor: 200 [536]
16:17:43.670-----------> EGSCreateRateUSDtoPEN.doIt: Respuesta cruda del API SUNAT: <html><head><title>Request Rejected</title></head><body>The requested URL was rejected. Please consult with your administrator.<br><br>Your support ID is: 11781552376956467429<br><br><a href='javascript:history.back();'>[Go Back]</a></body></html> [536]
16:17:43.671-----------> EGSCreateRateUSDtoPEN.doIt: Firma rechazada o conflicto en formato. Reintentando bucle... [536]
16:17:43.671-----------> EGSCreateRateUSDtoPEN.doIt: Intento 2 de 5. Reintentando secuencia completa... [536]
16:17:47.671-----------> EGSCreateRateUSDtoPEN.doIt: PASO 1: Sincronizando cookies perimetrales vía Jsoup... [536]
16:17:47.749-----------> EGSCreateRateUSDtoPEN.doIt: Cookies F5 BIG-IP capturadas: [IAASISTENCIAGESTIONSESSION, TS0105b0c6, TS61ff7286027] [536]
16:17:47.750-----------> EGSCreateRateUSDtoPEN.doIt: Esperando 3000ms para estabilizar el canal de comunicación... [536]
16:17:50.750-----------> EGSCreateRateUSDtoPEN.doIt: PASO 2: Transmitiendo parámetros nativos compatibles con WebLogic... [536]
16:17:50.750-----------> EGSCreateRateUSDtoPEN.doIt: Payload a enviar: anhoConsulta=2026&mesConsulta=5&indMes=1&mode=month [536]
16:17:50.809-----------> EGSCreateRateUSDtoPEN.doIt: Código de respuesta HTTP del Servidor: 200 [536]
16:17:50.810-----------> EGSCreateRateUSDtoPEN.doIt: Respuesta cruda del API SUNAT: <html><head><title>Request Rejected</title></head><body>The requested URL was rejected. Please consult with your administrator.<br><br>Your support ID is: 11781552370948430664<br><br><a href='javascript:history.back();'>[Go Back]</a></body></html> [536]
16:17:50.810-----------> EGSCreateRateUSDtoPEN.doIt: Firma rechazada o conflicto en formato. Reintentando bucle... [536]
16:17:50.810-----------> EGSCreateRateUSDtoPEN.doIt: Intento 3 de 5. Reintentando secuencia completa... [536]
16:17:54.811-----------> EGSCreateRateUSDtoPEN.doIt: PASO 1: Sincronizando cookies perimetrales vía Jsoup... [536]
16:17:54.885-----------> EGSCreateRateUSDtoPEN.doIt: Cookies F5 BIG-IP capturadas: [IAASISTENCIAGESTIONSESSION, TS0105b0c6, TS61ff7286027] [536]
16:17:54.885-----------> EGSCreateRateUSDtoPEN.doIt: Esperando 3000ms para estabilizar el canal de comunicación... [536]
16:17:57.886-----------> EGSCreateRateUSDtoPEN.doIt: PASO 2: Transmitiendo parámetros nativos compatibles con WebLogic... [536]
16:17:57.886-----------> EGSCreateRateUSDtoPEN.doIt: Payload a enviar: anhoConsulta=2026&mesConsulta=5&indMes=1&mode=month [536]
16:17:57.936-----------> EGSCreateRateUSDtoPEN.doIt: Código de respuesta HTTP del Servidor: 200 [536]
16:17:57.937-----------> EGSCreateRateUSDtoPEN.doIt: Respuesta cruda del API SUNAT: <html><head><title>Request Rejected</title></head><body>The requested URL was rejected. Please consult with your administrator.<br><br>Your support ID is: 1939715761543182863<br><br><a href='javascript:history.back();'>[Go Back]</a></body></html> [536]
16:17:57.937-----------> EGSCreateRateUSDtoPEN.doIt: Firma rechazada o conflicto en formato. Reintentando bucle... [536]
16:17:57.937-----------> EGSCreateRateUSDtoPEN.doIt: Intento 4 de 5. Reintentando secuencia completa... [536]
16:18:01.937-----------> EGSCreateRateUSDtoPEN.doIt: PASO 1: Sincronizando cookies perimetrales vía Jsoup... [536]
16:18:02.027-----------> EGSCreateRateUSDtoPEN.doIt: Cookies F5 BIG-IP capturadas: [IAASISTENCIAGESTIONSESSION, TS0105b0c6, TS61ff7286027] [536]
16:18:02.027-----------> EGSCreateRateUSDtoPEN.doIt: Esperando 3000ms para estabilizar el canal de comunicación... [536]
16:18:05.028-----------> EGSCreateRateUSDtoPEN.doIt: PASO 2: Transmitiendo parámetros nativos compatibles con WebLogic... [536]
16:18:05.028-----------> EGSCreateRateUSDtoPEN.doIt: Payload a enviar: anhoConsulta=2026&mesConsulta=5&indMes=1&mode=month [536]
16:18:05.095-----------> EGSCreateRateUSDtoPEN.doIt: Código de respuesta HTTP del Servidor: 200 [536]
16:18:05.096-----------> EGSCreateRateUSDtoPEN.doIt: Respuesta cruda del API SUNAT: <html><head><title>Request Rejected</title></head><body>The requested URL was rejected. Please consult with your administrator.<br><br>Your support ID is: 11781552370952470546<br><br><a href='javascript:history.back();'>[Go Back]</a></body></html> [536]
16:18:05.096-----------> EGSCreateRateUSDtoPEN.doIt: Firma rechazada o conflicto en formato. Reintentando bucle... [536]
16:18:05.096-----------> EGSCreateRateUSDtoPEN.doIt: Intento 5 de 5. Reintentando secuencia completa... [536]
16:18:09.097-----------> EGSCreateRateUSDtoPEN.doIt: PASO 1: Sincronizando cookies perimetrales vía Jsoup... [536]
16:18:09.189-----------> EGSCreateRateUSDtoPEN.doIt: Cookies F5 BIG-IP capturadas: [IAASISTENCIAGESTIONSESSION, TS0105b0c6, TS61ff7286027] [536]
16:18:09.189-----------> EGSCreateRateUSDtoPEN.doIt: Esperando 3000ms para estabilizar el canal de comunicación... [536]
16:18:12.189-----------> EGSCreateRateUSDtoPEN.doIt: PASO 2: Transmitiendo parámetros nativos compatibles con WebLogic... [536]
16:18:12.190-----------> EGSCreateRateUSDtoPEN.doIt: Payload a enviar: anhoConsulta=2026&mesConsulta=5&indMes=1&mode=month [536]
16:18:12.260-----------> EGSCreateRateUSDtoPEN.doIt: Código de respuesta HTTP del Servidor: 200 [536]
16:18:12.261-----------> EGSCreateRateUSDtoPEN.doIt: Respuesta cruda del API SUNAT: <html><head><title>Request Rejected</title></head><body>The requested URL was rejected. Please consult with your administrator.<br><br>Your support ID is: 1939715761543208103<br><br><a href='javascript:history.back();'>[Go Back]</a></body></html> [536]
16:18:12.262-----------> EGSCreateRateUSDtoPEN.doIt: Firma rechazada o conflicto en formato. Reintentando bucle... [536]
16:18:12.265===========> EGSCreateRateUSDtoPEN.process: Fallo en la verificación final de consistencia. [536]
UserError: Fallo en la verificación final de consistencia.
	at com.egssmart.finantials.proccess.EGSCreateRateUSDtoPEN.doIt(Unknown Source)
	at org.compiere.process.SvrProcess.process(Unknown Source)
	at org.compiere.process.SvrProcess.startProcess(Unknown Source)
	at org.adempiere.util.ProcessUtil.startJavaProcess(Unknown Source)
	at org.compiere.apps.AbstractProcessCtl.startProcess(Unknown Source)
	at org.compiere.apps.AbstractProcessCtl.run(Unknown Source)
	at org.adempiere.webui.apps.WProcessCtl.process(Unknown Source)
	at org.adempiere.webui.apps.AbstractProcessDialog$ProcessDialogRunnable.doRun(Unknown Source)
	at org.adempiere.util.ContextRunnable.run(Unknown Source)
	at org.adempiere.webui.apps.DesktopRunnable.run(Unknown Source)
	at java.base/java.util.concurrent.Executors$RunnableAdapter.call(Executors.java:539)


*** 2026-06-02 16:21:29.029 idempiere Log (CLogFile) ***
