*** 2026-05-26 21:56:20.453 idempiere Log (CLogFile) ***
21:56:20.452 Adempiere.startup: iDempiere(r) Release 14_2026-03-09 -Smart Suite ERP, CRM and SCM- (c) 1999-2026 iDempiere(r); Implementation: iDempiere - Supported by iDempiere community [28]
21:56:20.454 Ini.loadProperties: /home/nextcollege/BDeveloper/idempiere-dev-setup-14/idempiere/idempiere.properties #29 [28]
21:56:20.462-----------> Core.getKeyStore: Encryption with legacy key algorithm DES detected - it is recommended to migrate to a stronger algorithm [28]
21:56:21.460-----------> Activator.createHazelCastInstance: Starting hazelcast with configuration from file hazelcast.xml [28]
21:56:22.095-----------> CPSubsystem: [192.168.1.236]:5701 [adempiere.idempiere14/localhost:5432] [5.3.7] CP Subsystem is not enabled. CP data structures will operate in UNSAFE mode! Please note that UNSAFE mode will not provide strong consistency guarantees. [28]
21:56:22.479-----------> Node: [192.168.1.236]:5701 [adempiere.idempiere14/localhost:5432] [5.3.7] No join method is enabled! Starting standalone. [28]
21:56:22.605-----------> DB.isBuildOK: Build Version Error 

The program assumes build version 14.0.0.qualifier, but database has build version ${env.ADEMPIERE_VERSION} 20080428-1232. 
This is likely to cause hard to fix errors. 
Please contact administrator. [28]
21:56:24.590-----------> EMail.setFrom: you @ company.org: javax.mail.internet.AddressException: Local address contains control or whitespace in string ``you @ company.org'' [28]
21:56:24.597-----------> EMail.addTo: you @ company.org: javax.mail.internet.AddressException: Local address contains control or whitespace in string ``you @ company.org'' [28]
21:56:24.598-----------> EMail.isValid: From is invalid=null [28]
21:56:24.598-----------> EMail.isValid: From is invalid=null [28]
21:56:24.604-----------> MClient.sendEMail: Could NOT Send Email: Server started: iDempiere (nextcollege-G751JT:192.168.1.236) to you @ company.org: Invalid Data (System) [28]
21:56:26.331           LoggedSessionListener.contextInitialized: iDempiere context initialized for 10.3.0.1 [28]
21:57:49.565-----------> DefaultProcessFactory.newProcessInstance: com.egssmart.sire.process.CrearProveedoresPropuestaProcess; [512]
java.lang.ClassNotFoundException: com.egssmart.sire.process.CrearProveedoresPropuestaProcess; cannot be found by org.adempiere.base_14.0.0.qualifier
	at org.eclipse.osgi.internal.loader.BundleLoader.generateException(BundleLoader.java:541)
	at org.eclipse.osgi.internal.loader.BundleLoader.findClass0(BundleLoader.java:536)
	at org.eclipse.osgi.internal.loader.BundleLoader.findClass(BundleLoader.java:416)
	at org.eclipse.osgi.internal.loader.ModuleClassLoader.loadClass(ModuleClassLoader.java:168)
	at java.base/java.lang.ClassLoader.loadClass(ClassLoader.java:525)
	at org.adempiere.base.DefaultProcessFactory.newProcessInstance(Unknown Source)
	at org.adempiere.base.Core.getProcess(Unknown Source)
	at org.adempiere.util.ProcessUtil.startJavaProcess(Unknown Source)
	at org.compiere.apps.AbstractProcessCtl.startProcess(Unknown Source)
	at org.compiere.apps.AbstractProcessCtl.run(Unknown Source)
	at org.adempiere.webui.apps.WProcessCtl.process(Unknown Source)
	at org.adempiere.webui.apps.AbstractProcessDialog$ProcessDialogRunnable.doRun(Unknown Source)
	at org.adempiere.util.ContextRunnable.run(Unknown Source)
	at org.adempiere.webui.apps.DesktopRunnable.run(Unknown Source)

21:58:27.669-----------> PackInApplicationActivator.getFilesToProcess: Processing migration [472]
22:00:35.118-----------> MRole.getProcessAccess: Role System Administrator has assigned access incompatible process Generates SIRE Purchase Record [347]
22:00:38.096-----------> MRole.getProcessAccess: Role System Administrator has assigned access incompatible process Asset Parent Report [394]
22:00:38.097-----------> MRole.getProcessAccess: Role System Administrator has assigned access incompatible process Asset Group Defaults [394]
22:00:38.099-----------> MRole.getProcessAccess: Role System Administrator has assigned access incompatible process Depreciation Table [394]
22:00:38.101-----------> MRole.getProcessAccess: Role System Administrator has assigned access incompatible process Asset Convention Report [394]
22:00:38.103-----------> MRole.getProcessAccess: Role System Administrator has assigned access incompatible process Asset Depreciation Method [394]
22:00:38.107-----------> MRole.getProcessAccess: Role System Administrator has assigned access incompatible process Generates SIRE Purchase Record [394]
22:13:18.833-----------> DefaultModelFactory.getClass: No class for table with it entity: lpe_purchase_proposal [393]
22:14:31.353-----------> DefaultModelFactory.getClass: No class for table with it entity: lpe_sales_proposal [647]
22:14:31.360-----------> GenericPO.set_Value: moneda - Value too long - truncated to length=3 [647]
22:14:31.379-----------> GenericPO.set_Value: moneda - Value too long - truncated to length=3 [647]
22:14:31.390-----------> GenericPO.set_Value: moneda - Value too long - truncated to length=3 [647]
22:14:31.400-----------> GenericPO.set_Value: moneda - Value too long - truncated to length=3 [647]
22:14:31.409-----------> GenericPO.set_Value: moneda - Value too long - truncated to length=3 [647]
22:14:31.419-----------> GenericPO.set_Value: moneda - Value too long - truncated to length=3 [647]
22:14:31.426-----------> GenericPO.set_Value: moneda - Value too long - truncated to length=3 [647]
22:14:31.434-----------> GenericPO.set_Value: moneda - Value too long - truncated to length=3 [647]
22:14:31.440-----------> GenericPO.set_Value: moneda - Value too long - truncated to length=3 [647]
22:14:31.446-----------> GenericPO.set_Value: moneda - Value too long - truncated to length=3 [647]
22:14:31.450-----------> GenericPO.set_Value: moneda - Value too long - truncated to length=3 [647]
22:14:51.727===========> GridTable.dataDelete: Delete [393]
org.adempiere.exceptions.DBException: org.postgresql.util.PSQLException: ERROR: la sintaxis de entrada no es válida para tipo uuid: «»
  Where: portal sin nombre, parámetro 2 = ''
	at org.compiere.util.DB.getSQLValueEx(Unknown Source)
	at org.compiere.model.PO_Record.exists(Unknown Source)
	at org.compiere.model.PO.delete(Unknown Source)
	at org.compiere.model.GridTable.dataDelete(Unknown Source)
	at org.compiere.model.GridTab.dataDelete(Unknown Source)
	at org.adempiere.webui.adwindow.AbstractADWindowContent$38.onCallback(Unknown Source)
	at org.adempiere.webui.adwindow.AbstractADWindowContent$38.onCallback(Unknown Source)
	at org.adempiere.webui.window.Dialog$1.onCallback(Unknown Source)
	at org.adempiere.webui.window.Dialog$1.onCallback(Unknown Source)
	at org.adempiere.webui.component.Messagebox.onPageDetached(Unknown Source)
	at org.zkoss.zk.ui.AbstractComponent.setPage0(AbstractComponent.java:525)
caused by: org.postgresql.util.PSQLException: ERROR: la sintaxis de entrada no es válida para tipo uuid: «»
  Where: portal sin nombre, parámetro 2 = ''; State=22P02; ErrorCode=0
	at org.postgresql.core.v3.QueryExecutorImpl.receiveErrorResponse(QueryExecutorImpl.java:2736)
	at org.postgresql.core.v3.QueryExecutorImpl.processResults(QueryExecutorImpl.java:2421)
	at org.postgresql.core.v3.QueryExecutorImpl.execute(QueryExecutorImpl.java:372)
	at org.postgresql.jdbc.PgStatement.executeInternal(PgStatement.java:525)
	at org.postgresql.jdbc.PgStatement.execute(PgStatement.java:435)
	at org.postgresql.jdbc.PgPreparedStatement.executeWithFlags(PgPreparedStatement.java:196)
	at org.postgresql.jdbc.PgPreparedStatement.executeQuery(PgPreparedStatement.java:139)
	at com.zaxxer.hikari.pool.ProxyPreparedStatement.executeQuery(ProxyPreparedStatement.java:52)
	at com.zaxxer.hikari.pool.HikariProxyPreparedStatement.executeQuery(HikariProxyPreparedStatement.java)
	at jdk.internal.reflect.GeneratedMethodAccessor28.invoke(Unknown Source)
	at java.base/jdk.internal.reflect.DelegatingMethodAccessorImpl.invoke(DelegatingMethodAccessorImpl.java:43)
	at java.base/java.lang.reflect.Method.invoke(Method.java:569)
	at org.compiere.db.StatementProxy.invoke(Unknown Source)
	at jdk.proxy2/jdk.proxy2.$Proxy15.executeQuery(Unknown Source)
	at org.compiere.util.DB.getSQLValueEx(Unknown Source)
	at org.compiere.model.PO_Record.exists(Unknown Source)
	at org.compiere.model.PO.delete(Unknown Source)
	at org.compiere.model.GridTable.dataDelete(Unknown Source)
	at org.compiere.model.GridTab.dataDelete(Unknown Source)
	at org.adempiere.webui.adwindow.AbstractADWindowContent$38.onCallback(Unknown Source)
	at org.adempiere.webui.adwindow.AbstractADWindowContent$38.onCallback(Unknown Source)
	at org.adempiere.webui.window.Dialog$1.onCallback(Unknown Source)
	at org.adempiere.webui.window.Dialog$1.onCallback(Unknown Source)
	at org.adempiere.webui.component.Messagebox.onPageDetached(Unknown Source)

22:14:51.731-----------> GridTable.saveWarning: DeleteError -  [393]
22:14:51.779===========> GridTable.dataDelete: Delete [393]
org.adempiere.exceptions.DBException: org.postgresql.util.PSQLException: ERROR: la sintaxis de entrada no es válida para tipo uuid: «»
  Where: portal sin nombre, parámetro 2 = ''
	at org.compiere.util.DB.getSQLValueEx(Unknown Source)
	at org.compiere.model.PO_Record.exists(Unknown Source)
	at org.compiere.model.PO.delete(Unknown Source)
	at org.compiere.model.GridTable.dataDelete(Unknown Source)
	at org.compiere.model.GridTab.dataDelete(Unknown Source)
	at org.adempiere.webui.adwindow.AbstractADWindowContent$38.onCallback(Unknown Source)
	at org.adempiere.webui.adwindow.AbstractADWindowContent$38.onCallback(Unknown Source)
	at org.adempiere.webui.window.Dialog$1.onCallback(Unknown Source)
	at org.adempiere.webui.window.Dialog$1.onCallback(Unknown Source)
	at org.adempiere.webui.component.Messagebox.onPageDetached(Unknown Source)
	at org.zkoss.zk.ui.AbstractComponent.setPage0(AbstractComponent.java:525)
caused by: org.postgresql.util.PSQLException: ERROR: la sintaxis de entrada no es válida para tipo uuid: «»
  Where: portal sin nombre, parámetro 2 = ''; State=22P02; ErrorCode=0
	at org.postgresql.core.v3.QueryExecutorImpl.receiveErrorResponse(QueryExecutorImpl.java:2736)
	at org.postgresql.core.v3.QueryExecutorImpl.processResults(QueryExecutorImpl.java:2421)
	at org.postgresql.core.v3.QueryExecutorImpl.execute(QueryExecutorImpl.java:372)
	at org.postgresql.jdbc.PgStatement.executeInternal(PgStatement.java:525)
	at org.postgresql.jdbc.PgStatement.execute(PgStatement.java:435)
	at org.postgresql.jdbc.PgPreparedStatement.executeWithFlags(PgPreparedStatement.java:196)
	at org.postgresql.jdbc.PgPreparedStatement.executeQuery(PgPreparedStatement.java:139)
	at com.zaxxer.hikari.pool.ProxyPreparedStatement.executeQuery(ProxyPreparedStatement.java:52)
	at com.zaxxer.hikari.pool.HikariProxyPreparedStatement.executeQuery(HikariProxyPreparedStatement.java)
	at jdk.internal.reflect.GeneratedMethodAccessor28.invoke(Unknown Source)
	at java.base/jdk.internal.reflect.DelegatingMethodAccessorImpl.invoke(DelegatingMethodAccessorImpl.java:43)
	at java.base/java.lang.reflect.Method.invoke(Method.java:569)
	at org.compiere.db.StatementProxy.invoke(Unknown Source)
	at jdk.proxy2/jdk.proxy2.$Proxy15.executeQuery(Unknown Source)
	at org.compiere.util.DB.getSQLValueEx(Unknown Source)
	at org.compiere.model.PO_Record.exists(Unknown Source)
	at org.compiere.model.PO.delete(Unknown Source)
	at org.compiere.model.GridTable.dataDelete(Unknown Source)
	at org.compiere.model.GridTab.dataDelete(Unknown Source)
	at org.adempiere.webui.adwindow.AbstractADWindowContent$38.onCallback(Unknown Source)
	at org.adempiere.webui.adwindow.AbstractADWindowContent$38.onCallback(Unknown Source)
	at org.adempiere.webui.window.Dialog$1.onCallback(Unknown Source)
	at org.adempiere.webui.window.Dialog$1.onCallback(Unknown Source)
	at org.adempiere.webui.component.Messagebox.onPageDetached(Unknown Source)

22:14:51.781-----------> GridTable.saveWarning: DeleteError -  [393]
22:14:51.804===========> GridTable.dataDelete: Delete [393]
org.adempiere.exceptions.DBException: org.postgresql.util.PSQLException: ERROR: la sintaxis de entrada no es válida para tipo uuid: «»
  Where: portal sin nombre, parámetro 2 = ''
	at org.compiere.util.DB.getSQLValueEx(Unknown Source)
	at org.compiere.model.PO_Record.exists(Unknown Source)
	at org.compiere.model.PO.delete(Unknown Source)
	at org.compiere.model.GridTable.dataDelete(Unknown Source)
	at org.compiere.model.GridTab.dataDelete(Unknown Source)
	at org.adempiere.webui.adwindow.AbstractADWindowContent$38.onCallback(Unknown Source)
	at org.adempiere.webui.adwindow.AbstractADWindowContent$38.onCallback(Unknown Source)
	at org.adempiere.webui.window.Dialog$1.onCallback(Unknown Source)
	at org.adempiere.webui.window.Dialog$1.onCallback(Unknown Source)
	at org.adempiere.webui.component.Messagebox.onPageDetached(Unknown Source)
	at org.zkoss.zk.ui.AbstractComponent.setPage0(AbstractComponent.java:525)
caused by: org.postgresql.util.PSQLException: ERROR: la sintaxis de entrada no es válida para tipo uuid: «»
  Where: portal sin nombre, parámetro 2 = ''; State=22P02; ErrorCode=0
	at org.postgresql.core.v3.QueryExecutorImpl.receiveErrorResponse(QueryExecutorImpl.java:2736)
	at org.postgresql.core.v3.QueryExecutorImpl.processResults(QueryExecutorImpl.java:2421)
	at org.postgresql.core.v3.QueryExecutorImpl.execute(QueryExecutorImpl.java:372)
	at org.postgresql.jdbc.PgStatement.executeInternal(PgStatement.java:525)
	at org.postgresql.jdbc.PgStatement.execute(PgStatement.java:435)
	at org.postgresql.jdbc.PgPreparedStatement.executeWithFlags(PgPreparedStatement.java:196)
	at org.postgresql.jdbc.PgPreparedStatement.executeQuery(PgPreparedStatement.java:139)
	at com.zaxxer.hikari.pool.ProxyPreparedStatement.executeQuery(ProxyPreparedStatement.java:52)
	at com.zaxxer.hikari.pool.HikariProxyPreparedStatement.executeQuery(HikariProxyPreparedStatement.java)
	at jdk.internal.reflect.GeneratedMethodAccessor28.invoke(Unknown Source)
	at java.base/jdk.internal.reflect.DelegatingMethodAccessorImpl.invoke(DelegatingMethodAccessorImpl.java:43)
	at java.base/java.lang.reflect.Method.invoke(Method.java:569)
	at org.compiere.db.StatementProxy.invoke(Unknown Source)
	at jdk.proxy2/jdk.proxy2.$Proxy15.executeQuery(Unknown Source)
	at org.compiere.util.DB.getSQLValueEx(Unknown Source)
	at org.compiere.model.PO_Record.exists(Unknown Source)
	at org.compiere.model.PO.delete(Unknown Source)
	at org.compiere.model.GridTable.dataDelete(Unknown Source)
	at org.compiere.model.GridTab.dataDelete(Unknown Source)
	at org.adempiere.webui.adwindow.AbstractADWindowContent$38.onCallback(Unknown Source)
	at org.adempiere.webui.adwindow.AbstractADWindowContent$38.onCallback(Unknown Source)
	at org.adempiere.webui.window.Dialog$1.onCallback(Unknown Source)
	at org.adempiere.webui.window.Dialog$1.onCallback(Unknown Source)
	at org.adempiere.webui.component.Messagebox.onPageDetached(Unknown Source)

22:14:51.806-----------> GridTable.saveWarning: DeleteError -  [393]
22:14:51.831===========> GridTable.dataDelete: Delete [393]
org.adempiere.exceptions.DBException: org.postgresql.util.PSQLException: ERROR: la sintaxis de entrada no es válida para tipo uuid: «»
  Where: portal sin nombre, parámetro 2 = ''
	at org.compiere.util.DB.getSQLValueEx(Unknown Source)
	at org.compiere.model.PO_Record.exists(Unknown Source)
	at org.compiere.model.PO.delete(Unknown Source)
	at org.compiere.model.GridTable.dataDelete(Unknown Source)
	at org.compiere.model.GridTab.dataDelete(Unknown Source)
	at org.adempiere.webui.adwindow.AbstractADWindowContent$38.onCallback(Unknown Source)
	at org.adempiere.webui.adwindow.AbstractADWindowContent$38.onCallback(Unknown Source)
	at org.adempiere.webui.window.Dialog$1.onCallback(Unknown Source)
	at org.adempiere.webui.window.Dialog$1.onCallback(Unknown Source)
	at org.adempiere.webui.component.Messagebox.onPageDetached(Unknown Source)
	at org.zkoss.zk.ui.AbstractComponent.setPage0(AbstractComponent.java:525)
caused by: org.postgresql.util.PSQLException: ERROR: la sintaxis de entrada no es válida para tipo uuid: «»
  Where: portal sin nombre, parámetro 2 = ''; State=22P02; ErrorCode=0
	at org.postgresql.core.v3.QueryExecutorImpl.receiveErrorResponse(QueryExecutorImpl.java:2736)
	at org.postgresql.core.v3.QueryExecutorImpl.processResults(QueryExecutorImpl.java:2421)
	at org.postgresql.core.v3.QueryExecutorImpl.execute(QueryExecutorImpl.java:372)
	at org.postgresql.jdbc.PgStatement.executeInternal(PgStatement.java:525)
	at org.postgresql.jdbc.PgStatement.execute(PgStatement.java:435)
	at org.postgresql.jdbc.PgPreparedStatement.executeWithFlags(PgPreparedStatement.java:196)
	at org.postgresql.jdbc.PgPreparedStatement.executeQuery(PgPreparedStatement.java:139)
	at com.zaxxer.hikari.pool.ProxyPreparedStatement.executeQuery(ProxyPreparedStatement.java:52)
	at com.zaxxer.hikari.pool.HikariProxyPreparedStatement.executeQuery(HikariProxyPreparedStatement.java)
	at jdk.internal.reflect.GeneratedMethodAccessor28.invoke(Unknown Source)
	at java.base/jdk.internal.reflect.DelegatingMethodAccessorImpl.invoke(DelegatingMethodAccessorImpl.java:43)
	at java.base/java.lang.reflect.Method.invoke(Method.java:569)
	at org.compiere.db.StatementProxy.invoke(Unknown Source)
	at jdk.proxy2/jdk.proxy2.$Proxy15.executeQuery(Unknown Source)
	at org.compiere.util.DB.getSQLValueEx(Unknown Source)
	at org.compiere.model.PO_Record.exists(Unknown Source)
	at org.compiere.model.PO.delete(Unknown Source)
	at org.compiere.model.GridTable.dataDelete(Unknown Source)
	at org.compiere.model.GridTab.dataDelete(Unknown Source)
	at org.adempiere.webui.adwindow.AbstractADWindowContent$38.onCallback(Unknown Source)
	at org.adempiere.webui.adwindow.AbstractADWindowContent$38.onCallback(Unknown Source)
	at org.adempiere.webui.window.Dialog$1.onCallback(Unknown Source)
	at org.adempiere.webui.window.Dialog$1.onCallback(Unknown Source)
	at org.adempiere.webui.component.Messagebox.onPageDetached(Unknown Source)

22:14:51.833-----------> GridTable.saveWarning: DeleteError -  [393]
22:14:51.854===========> GridTable.dataDelete: Delete [393]
org.adempiere.exceptions.DBException: org.postgresql.util.PSQLException: ERROR: la sintaxis de entrada no es válida para tipo uuid: «»
  Where: portal sin nombre, parámetro 2 = ''
	at org.compiere.util.DB.getSQLValueEx(Unknown Source)
	at org.compiere.model.PO_Record.exists(Unknown Source)
	at org.compiere.model.PO.delete(Unknown Source)
	at org.compiere.model.GridTable.dataDelete(Unknown Source)
	at org.compiere.model.GridTab.dataDelete(Unknown Source)
	at org.adempiere.webui.adwindow.AbstractADWindowContent$38.onCallback(Unknown Source)
	at org.adempiere.webui.adwindow.AbstractADWindowContent$38.onCallback(Unknown Source)
	at org.adempiere.webui.window.Dialog$1.onCallback(Unknown Source)
	at org.adempiere.webui.window.Dialog$1.onCallback(Unknown Source)
	at org.adempiere.webui.component.Messagebox.onPageDetached(Unknown Source)
	at org.zkoss.zk.ui.AbstractComponent.setPage0(AbstractComponent.java:525)
caused by: org.postgresql.util.PSQLException: ERROR: la sintaxis de entrada no es válida para tipo uuid: «»
  Where: portal sin nombre, parámetro 2 = ''; State=22P02; ErrorCode=0
	at org.postgresql.core.v3.QueryExecutorImpl.receiveErrorResponse(QueryExecutorImpl.java:2736)
	at org.postgresql.core.v3.QueryExecutorImpl.processResults(QueryExecutorImpl.java:2421)
	at org.postgresql.core.v3.QueryExecutorImpl.execute(QueryExecutorImpl.java:372)
	at org.postgresql.jdbc.PgStatement.executeInternal(PgStatement.java:525)
	at org.postgresql.jdbc.PgStatement.execute(PgStatement.java:435)
	at org.postgresql.jdbc.PgPreparedStatement.executeWithFlags(PgPreparedStatement.java:196)
	at org.postgresql.jdbc.PgPreparedStatement.executeQuery(PgPreparedStatement.java:139)
	at com.zaxxer.hikari.pool.ProxyPreparedStatement.executeQuery(ProxyPreparedStatement.java:52)
	at com.zaxxer.hikari.pool.HikariProxyPreparedStatement.executeQuery(HikariProxyPreparedStatement.java)
	at jdk.internal.reflect.GeneratedMethodAccessor28.invoke(Unknown Source)
	at java.base/jdk.internal.reflect.DelegatingMethodAccessorImpl.invoke(DelegatingMethodAccessorImpl.java:43)
	at java.base/java.lang.reflect.Method.invoke(Method.java:569)
	at org.compiere.db.StatementProxy.invoke(Unknown Source)
	at jdk.proxy2/jdk.proxy2.$Proxy15.executeQuery(Unknown Source)
	at org.compiere.util.DB.getSQLValueEx(Unknown Source)
	at org.compiere.model.PO_Record.exists(Unknown Source)
	at org.compiere.model.PO.delete(Unknown Source)
	at org.compiere.model.GridTable.dataDelete(Unknown Source)
	at org.compiere.model.GridTab.dataDelete(Unknown Source)
	at org.adempiere.webui.adwindow.AbstractADWindowContent$38.onCallback(Unknown Source)
	at org.adempiere.webui.adwindow.AbstractADWindowContent$38.onCallback(Unknown Source)
	at org.adempiere.webui.window.Dialog$1.onCallback(Unknown Source)
	at org.adempiere.webui.window.Dialog$1.onCallback(Unknown Source)
	at org.adempiere.webui.component.Messagebox.onPageDetached(Unknown Source)

22:14:51.856-----------> GridTable.saveWarning: DeleteError -  [393]
22:14:51.885===========> GridTable.dataDelete: Delete [393]
org.adempiere.exceptions.DBException: org.postgresql.util.PSQLException: ERROR: la sintaxis de entrada no es válida para tipo uuid: «»
  Where: portal sin nombre, parámetro 2 = ''
	at org.compiere.util.DB.getSQLValueEx(Unknown Source)
	at org.compiere.model.PO_Record.exists(Unknown Source)
	at org.compiere.model.PO.delete(Unknown Source)
	at org.compiere.model.GridTable.dataDelete(Unknown Source)
	at org.compiere.model.GridTab.dataDelete(Unknown Source)
	at org.adempiere.webui.adwindow.AbstractADWindowContent$38.onCallback(Unknown Source)
	at org.adempiere.webui.adwindow.AbstractADWindowContent$38.onCallback(Unknown Source)
	at org.adempiere.webui.window.Dialog$1.onCallback(Unknown Source)
	at org.adempiere.webui.window.Dialog$1.onCallback(Unknown Source)
	at org.adempiere.webui.component.Messagebox.onPageDetached(Unknown Source)
	at org.zkoss.zk.ui.AbstractComponent.setPage0(AbstractComponent.java:525)
caused by: org.postgresql.util.PSQLException: ERROR: la sintaxis de entrada no es válida para tipo uuid: «»
  Where: portal sin nombre, parámetro 2 = ''; State=22P02; ErrorCode=0
	at org.postgresql.core.v3.QueryExecutorImpl.receiveErrorResponse(QueryExecutorImpl.java:2736)
	at org.postgresql.core.v3.QueryExecutorImpl.processResults(QueryExecutorImpl.java:2421)
	at org.postgresql.core.v3.QueryExecutorImpl.execute(QueryExecutorImpl.java:372)
	at org.postgresql.jdbc.PgStatement.executeInternal(PgStatement.java:525)
	at org.postgresql.jdbc.PgStatement.execute(PgStatement.java:435)
	at org.postgresql.jdbc.PgPreparedStatement.executeWithFlags(PgPreparedStatement.java:196)
	at org.postgresql.jdbc.PgPreparedStatement.executeQuery(PgPreparedStatement.java:139)
	at com.zaxxer.hikari.pool.ProxyPreparedStatement.executeQuery(ProxyPreparedStatement.java:52)
	at com.zaxxer.hikari.pool.HikariProxyPreparedStatement.executeQuery(HikariProxyPreparedStatement.java)
	at jdk.internal.reflect.GeneratedMethodAccessor28.invoke(Unknown Source)
	at java.base/jdk.internal.reflect.DelegatingMethodAccessorImpl.invoke(DelegatingMethodAccessorImpl.java:43)
	at java.base/java.lang.reflect.Method.invoke(Method.java:569)
	at org.compiere.db.StatementProxy.invoke(Unknown Source)
	at jdk.proxy2/jdk.proxy2.$Proxy15.executeQuery(Unknown Source)
	at org.compiere.util.DB.getSQLValueEx(Unknown Source)
	at org.compiere.model.PO_Record.exists(Unknown Source)
	at org.compiere.model.PO.delete(Unknown Source)
	at org.compiere.model.GridTable.dataDelete(Unknown Source)
	at org.compiere.model.GridTab.dataDelete(Unknown Source)
	at org.adempiere.webui.adwindow.AbstractADWindowContent$38.onCallback(Unknown Source)
	at org.adempiere.webui.adwindow.AbstractADWindowContent$38.onCallback(Unknown Source)
	at org.adempiere.webui.window.Dialog$1.onCallback(Unknown Source)
	at org.adempiere.webui.window.Dialog$1.onCallback(Unknown Source)
	at org.adempiere.webui.component.Messagebox.onPageDetached(Unknown Source)

22:14:51.886-----------> GridTable.saveWarning: DeleteError -  [393]
22:14:51.909===========> GridTable.dataDelete: Delete [393]
org.adempiere.exceptions.DBException: org.postgresql.util.PSQLException: ERROR: la sintaxis de entrada no es válida para tipo uuid: «»
  Where: portal sin nombre, parámetro 2 = ''
	at org.compiere.util.DB.getSQLValueEx(Unknown Source)
	at org.compiere.model.PO_Record.exists(Unknown Source)
	at org.compiere.model.PO.delete(Unknown Source)
	at org.compiere.model.GridTable.dataDelete(Unknown Source)
	at org.compiere.model.GridTab.dataDelete(Unknown Source)
	at org.adempiere.webui.adwindow.AbstractADWindowContent$38.onCallback(Unknown Source)
	at org.adempiere.webui.adwindow.AbstractADWindowContent$38.onCallback(Unknown Source)
	at org.adempiere.webui.window.Dialog$1.onCallback(Unknown Source)
	at org.adempiere.webui.window.Dialog$1.onCallback(Unknown Source)
	at org.adempiere.webui.component.Messagebox.onPageDetached(Unknown Source)
	at org.zkoss.zk.ui.AbstractComponent.setPage0(AbstractComponent.java:525)
caused by: org.postgresql.util.PSQLException: ERROR: la sintaxis de entrada no es válida para tipo uuid: «»
  Where: portal sin nombre, parámetro 2 = ''; State=22P02; ErrorCode=0
	at org.postgresql.core.v3.QueryExecutorImpl.receiveErrorResponse(QueryExecutorImpl.java:2736)
	at org.postgresql.core.v3.QueryExecutorImpl.processResults(QueryExecutorImpl.java:2421)
	at org.postgresql.core.v3.QueryExecutorImpl.execute(QueryExecutorImpl.java:372)
	at org.postgresql.jdbc.PgStatement.executeInternal(PgStatement.java:525)
	at org.postgresql.jdbc.PgStatement.execute(PgStatement.java:435)
	at org.postgresql.jdbc.PgPreparedStatement.executeWithFlags(PgPreparedStatement.java:196)
	at org.postgresql.jdbc.PgPreparedStatement.executeQuery(PgPreparedStatement.java:139)
	at com.zaxxer.hikari.pool.ProxyPreparedStatement.executeQuery(ProxyPreparedStatement.java:52)
	at com.zaxxer.hikari.pool.HikariProxyPreparedStatement.executeQuery(HikariProxyPreparedStatement.java)
	at jdk.internal.reflect.GeneratedMethodAccessor28.invoke(Unknown Source)
	at java.base/jdk.internal.reflect.DelegatingMethodAccessorImpl.invoke(DelegatingMethodAccessorImpl.java:43)
	at java.base/java.lang.reflect.Method.invoke(Method.java:569)
	at org.compiere.db.StatementProxy.invoke(Unknown Source)
	at jdk.proxy2/jdk.proxy2.$Proxy15.executeQuery(Unknown Source)
	at org.compiere.util.DB.getSQLValueEx(Unknown Source)
	at org.compiere.model.PO_Record.exists(Unknown Source)
	at org.compiere.model.PO.delete(Unknown Source)
	at org.compiere.model.GridTable.dataDelete(Unknown Source)
	at org.compiere.model.GridTab.dataDelete(Unknown Source)
	at org.adempiere.webui.adwindow.AbstractADWindowContent$38.onCallback(Unknown Source)
	at org.adempiere.webui.adwindow.AbstractADWindowContent$38.onCallback(Unknown Source)
	at org.adempiere.webui.window.Dialog$1.onCallback(Unknown Source)
	at org.adempiere.webui.window.Dialog$1.onCallback(Unknown Source)
	at org.adempiere.webui.component.Messagebox.onPageDetached(Unknown Source)

22:14:51.912-----------> GridTable.saveWarning: DeleteError -  [393]
22:14:51.942===========> GridTable.dataDelete: Delete [393]
org.adempiere.exceptions.DBException: org.postgresql.util.PSQLException: ERROR: la sintaxis de entrada no es válida para tipo uuid: «»
  Where: portal sin nombre, parámetro 2 = ''
	at org.compiere.util.DB.getSQLValueEx(Unknown Source)
	at org.compiere.model.PO_Record.exists(Unknown Source)
	at org.compiere.model.PO.delete(Unknown Source)
	at org.compiere.model.GridTable.dataDelete(Unknown Source)
	at org.compiere.model.GridTab.dataDelete(Unknown Source)
	at org.adempiere.webui.adwindow.AbstractADWindowContent$38.onCallback(Unknown Source)
	at org.adempiere.webui.adwindow.AbstractADWindowContent$38.onCallback(Unknown Source)
	at org.adempiere.webui.window.Dialog$1.onCallback(Unknown Source)
	at org.adempiere.webui.window.Dialog$1.onCallback(Unknown Source)
	at org.adempiere.webui.component.Messagebox.onPageDetached(Unknown Source)
	at org.zkoss.zk.ui.AbstractComponent.setPage0(AbstractComponent.java:525)
caused by: org.postgresql.util.PSQLException: ERROR: la sintaxis de entrada no es válida para tipo uuid: «»
  Where: portal sin nombre, parámetro 2 = ''; State=22P02; ErrorCode=0
	at org.postgresql.core.v3.QueryExecutorImpl.receiveErrorResponse(QueryExecutorImpl.java:2736)
	at org.postgresql.core.v3.QueryExecutorImpl.processResults(QueryExecutorImpl.java:2421)
	at org.postgresql.core.v3.QueryExecutorImpl.execute(QueryExecutorImpl.java:372)
	at org.postgresql.jdbc.PgStatement.executeInternal(PgStatement.java:525)
	at org.postgresql.jdbc.PgStatement.execute(PgStatement.java:435)
	at org.postgresql.jdbc.PgPreparedStatement.executeWithFlags(PgPreparedStatement.java:196)
	at org.postgresql.jdbc.PgPreparedStatement.executeQuery(PgPreparedStatement.java:139)
	at com.zaxxer.hikari.pool.ProxyPreparedStatement.executeQuery(ProxyPreparedStatement.java:52)
	at com.zaxxer.hikari.pool.HikariProxyPreparedStatement.executeQuery(HikariProxyPreparedStatement.java)
	at jdk.internal.reflect.GeneratedMethodAccessor28.invoke(Unknown Source)
	at java.base/jdk.internal.reflect.DelegatingMethodAccessorImpl.invoke(DelegatingMethodAccessorImpl.java:43)
	at java.base/java.lang.reflect.Method.invoke(Method.java:569)
	at org.compiere.db.StatementProxy.invoke(Unknown Source)
	at jdk.proxy2/jdk.proxy2.$Proxy15.executeQuery(Unknown Source)
	at org.compiere.util.DB.getSQLValueEx(Unknown Source)
	at org.compiere.model.PO_Record.exists(Unknown Source)
	at org.compiere.model.PO.delete(Unknown Source)
	at org.compiere.model.GridTable.dataDelete(Unknown Source)
	at org.compiere.model.GridTab.dataDelete(Unknown Source)
	at org.adempiere.webui.adwindow.AbstractADWindowContent$38.onCallback(Unknown Source)
	at org.adempiere.webui.adwindow.AbstractADWindowContent$38.onCallback(Unknown Source)
	at org.adempiere.webui.window.Dialog$1.onCallback(Unknown Source)
	at org.adempiere.webui.window.Dialog$1.onCallback(Unknown Source)
	at org.adempiere.webui.component.Messagebox.onPageDetached(Unknown Source)

22:14:51.959-----------> GridTable.saveWarning: DeleteError -  [393]
22:14:51.979===========> GridTable.dataDelete: Delete [393]
org.adempiere.exceptions.DBException: org.postgresql.util.PSQLException: ERROR: la sintaxis de entrada no es válida para tipo uuid: «»
  Where: portal sin nombre, parámetro 2 = ''
	at org.compiere.util.DB.getSQLValueEx(Unknown Source)
	at org.compiere.model.PO_Record.exists(Unknown Source)
	at org.compiere.model.PO.delete(Unknown Source)
	at org.compiere.model.GridTable.dataDelete(Unknown Source)
	at org.compiere.model.GridTab.dataDelete(Unknown Source)
	at org.adempiere.webui.adwindow.AbstractADWindowContent$38.onCallback(Unknown Source)
	at org.adempiere.webui.adwindow.AbstractADWindowContent$38.onCallback(Unknown Source)
	at org.adempiere.webui.window.Dialog$1.onCallback(Unknown Source)
	at org.adempiere.webui.window.Dialog$1.onCallback(Unknown Source)
	at org.adempiere.webui.component.Messagebox.onPageDetached(Unknown Source)
	at org.zkoss.zk.ui.AbstractComponent.setPage0(AbstractComponent.java:525)
caused by: org.postgresql.util.PSQLException: ERROR: la sintaxis de entrada no es válida para tipo uuid: «»
  Where: portal sin nombre, parámetro 2 = ''; State=22P02; ErrorCode=0
	at org.postgresql.core.v3.QueryExecutorImpl.receiveErrorResponse(QueryExecutorImpl.java:2736)
	at org.postgresql.core.v3.QueryExecutorImpl.processResults(QueryExecutorImpl.java:2421)
	at org.postgresql.core.v3.QueryExecutorImpl.execute(QueryExecutorImpl.java:372)
	at org.postgresql.jdbc.PgStatement.executeInternal(PgStatement.java:525)
	at org.postgresql.jdbc.PgStatement.execute(PgStatement.java:435)
	at org.postgresql.jdbc.PgPreparedStatement.executeWithFlags(PgPreparedStatement.java:196)
	at org.postgresql.jdbc.PgPreparedStatement.executeQuery(PgPreparedStatement.java:139)
	at com.zaxxer.hikari.pool.ProxyPreparedStatement.executeQuery(ProxyPreparedStatement.java:52)
	at com.zaxxer.hikari.pool.HikariProxyPreparedStatement.executeQuery(HikariProxyPreparedStatement.java)
	at jdk.internal.reflect.GeneratedMethodAccessor28.invoke(Unknown Source)
	at java.base/jdk.internal.reflect.DelegatingMethodAccessorImpl.invoke(DelegatingMethodAccessorImpl.java:43)
	at java.base/java.lang.reflect.Method.invoke(Method.java:569)
	at org.compiere.db.StatementProxy.invoke(Unknown Source)
	at jdk.proxy2/jdk.proxy2.$Proxy15.executeQuery(Unknown Source)
	at org.compiere.util.DB.getSQLValueEx(Unknown Source)
	at org.compiere.model.PO_Record.exists(Unknown Source)
	at org.compiere.model.PO.delete(Unknown Source)
	at org.compiere.model.GridTable.dataDelete(Unknown Source)
	at org.compiere.model.GridTab.dataDelete(Unknown Source)
	at org.adempiere.webui.adwindow.AbstractADWindowContent$38.onCallback(Unknown Source)
	at org.adempiere.webui.adwindow.AbstractADWindowContent$38.onCallback(Unknown Source)
	at org.adempiere.webui.window.Dialog$1.onCallback(Unknown Source)
	at org.adempiere.webui.window.Dialog$1.onCallback(Unknown Source)
	at org.adempiere.webui.component.Messagebox.onPageDetached(Unknown Source)

22:14:51.981-----------> GridTable.saveWarning: DeleteError -  [393]
22:14:52.002===========> GridTable.dataDelete: Delete [393]
org.adempiere.exceptions.DBException: org.postgresql.util.PSQLException: ERROR: la sintaxis de entrada no es válida para tipo uuid: «»
  Where: portal sin nombre, parámetro 2 = ''
	at org.compiere.util.DB.getSQLValueEx(Unknown Source)
	at org.compiere.model.PO_Record.exists(Unknown Source)
	at org.compiere.model.PO.delete(Unknown Source)
	at org.compiere.model.GridTable.dataDelete(Unknown Source)
	at org.compiere.model.GridTab.dataDelete(Unknown Source)
	at org.adempiere.webui.adwindow.AbstractADWindowContent$38.onCallback(Unknown Source)
	at org.adempiere.webui.adwindow.AbstractADWindowContent$38.onCallback(Unknown Source)
	at org.adempiere.webui.window.Dialog$1.onCallback(Unknown Source)
	at org.adempiere.webui.window.Dialog$1.onCallback(Unknown Source)
	at org.adempiere.webui.component.Messagebox.onPageDetached(Unknown Source)
	at org.zkoss.zk.ui.AbstractComponent.setPage0(AbstractComponent.java:525)
caused by: org.postgresql.util.PSQLException: ERROR: la sintaxis de entrada no es válida para tipo uuid: «»
  Where: portal sin nombre, parámetro 2 = ''; State=22P02; ErrorCode=0
	at org.postgresql.core.v3.QueryExecutorImpl.receiveErrorResponse(QueryExecutorImpl.java:2736)
	at org.postgresql.core.v3.QueryExecutorImpl.processResults(QueryExecutorImpl.java:2421)
	at org.postgresql.core.v3.QueryExecutorImpl.execute(QueryExecutorImpl.java:372)
	at org.postgresql.jdbc.PgStatement.executeInternal(PgStatement.java:525)
	at org.postgresql.jdbc.PgStatement.execute(PgStatement.java:435)
	at org.postgresql.jdbc.PgPreparedStatement.executeWithFlags(PgPreparedStatement.java:196)
	at org.postgresql.jdbc.PgPreparedStatement.executeQuery(PgPreparedStatement.java:139)
	at com.zaxxer.hikari.pool.ProxyPreparedStatement.executeQuery(ProxyPreparedStatement.java:52)
	at com.zaxxer.hikari.pool.HikariProxyPreparedStatement.executeQuery(HikariProxyPreparedStatement.java)
	at jdk.internal.reflect.GeneratedMethodAccessor28.invoke(Unknown Source)
	at java.base/jdk.internal.reflect.DelegatingMethodAccessorImpl.invoke(DelegatingMethodAccessorImpl.java:43)
	at java.base/java.lang.reflect.Method.invoke(Method.java:569)
	at org.compiere.db.StatementProxy.invoke(Unknown Source)
	at jdk.proxy2/jdk.proxy2.$Proxy15.executeQuery(Unknown Source)
	at org.compiere.util.DB.getSQLValueEx(Unknown Source)
	at org.compiere.model.PO_Record.exists(Unknown Source)
	at org.compiere.model.PO.delete(Unknown Source)
	at org.compiere.model.GridTable.dataDelete(Unknown Source)
	at org.compiere.model.GridTab.dataDelete(Unknown Source)
	at org.adempiere.webui.adwindow.AbstractADWindowContent$38.onCallback(Unknown Source)
	at org.adempiere.webui.adwindow.AbstractADWindowContent$38.onCallback(Unknown Source)
	at org.adempiere.webui.window.Dialog$1.onCallback(Unknown Source)
	at org.adempiere.webui.window.Dialog$1.onCallback(Unknown Source)
	at org.adempiere.webui.component.Messagebox.onPageDetached(Unknown Source)

22:14:52.004-----------> GridTable.saveWarning: DeleteError -  [393]
22:14:52.028===========> GridTable.dataDelete: Delete [393]
org.adempiere.exceptions.DBException: org.postgresql.util.PSQLException: ERROR: la sintaxis de entrada no es válida para tipo uuid: «»
  Where: portal sin nombre, parámetro 2 = ''
	at org.compiere.util.DB.getSQLValueEx(Unknown Source)
	at org.compiere.model.PO_Record.exists(Unknown Source)
	at org.compiere.model.PO.delete(Unknown Source)
	at org.compiere.model.GridTable.dataDelete(Unknown Source)
	at org.compiere.model.GridTab.dataDelete(Unknown Source)
	at org.adempiere.webui.adwindow.AbstractADWindowContent$38.onCallback(Unknown Source)
	at org.adempiere.webui.adwindow.AbstractADWindowContent$38.onCallback(Unknown Source)
	at org.adempiere.webui.window.Dialog$1.onCallback(Unknown Source)
	at org.adempiere.webui.window.Dialog$1.onCallback(Unknown Source)
	at org.adempiere.webui.component.Messagebox.onPageDetached(Unknown Source)
	at org.zkoss.zk.ui.AbstractComponent.setPage0(AbstractComponent.java:525)
caused by: org.postgresql.util.PSQLException: ERROR: la sintaxis de entrada no es válida para tipo uuid: «»
  Where: portal sin nombre, parámetro 2 = ''; State=22P02; ErrorCode=0
	at org.postgresql.core.v3.QueryExecutorImpl.receiveErrorResponse(QueryExecutorImpl.java:2736)
	at org.postgresql.core.v3.QueryExecutorImpl.processResults(QueryExecutorImpl.java:2421)
	at org.postgresql.core.v3.QueryExecutorImpl.execute(QueryExecutorImpl.java:372)
	at org.postgresql.jdbc.PgStatement.executeInternal(PgStatement.java:525)
	at org.postgresql.jdbc.PgStatement.execute(PgStatement.java:435)
	at org.postgresql.jdbc.PgPreparedStatement.executeWithFlags(PgPreparedStatement.java:196)
	at org.postgresql.jdbc.PgPreparedStatement.executeQuery(PgPreparedStatement.java:139)
	at com.zaxxer.hikari.pool.ProxyPreparedStatement.executeQuery(ProxyPreparedStatement.java:52)
	at com.zaxxer.hikari.pool.HikariProxyPreparedStatement.executeQuery(HikariProxyPreparedStatement.java)
	at jdk.internal.reflect.GeneratedMethodAccessor28.invoke(Unknown Source)
	at java.base/jdk.internal.reflect.DelegatingMethodAccessorImpl.invoke(DelegatingMethodAccessorImpl.java:43)
	at java.base/java.lang.reflect.Method.invoke(Method.java:569)
	at org.compiere.db.StatementProxy.invoke(Unknown Source)
	at jdk.proxy2/jdk.proxy2.$Proxy15.executeQuery(Unknown Source)
	at org.compiere.util.DB.getSQLValueEx(Unknown Source)
	at org.compiere.model.PO_Record.exists(Unknown Source)
	at org.compiere.model.PO.delete(Unknown Source)
	at org.compiere.model.GridTable.dataDelete(Unknown Source)
	at org.compiere.model.GridTab.dataDelete(Unknown Source)
	at org.adempiere.webui.adwindow.AbstractADWindowContent$38.onCallback(Unknown Source)
	at org.adempiere.webui.adwindow.AbstractADWindowContent$38.onCallback(Unknown Source)
	at org.adempiere.webui.window.Dialog$1.onCallback(Unknown Source)
	at org.adempiere.webui.window.Dialog$1.onCallback(Unknown Source)
	at org.adempiere.webui.component.Messagebox.onPageDetached(Unknown Source)

22:14:52.030-----------> GridTable.saveWarning: DeleteError -  [393]
22:20:20.265-----------> MRole.getProcessAccess: Role System Administrator has assigned access incompatible process Generates SIRE Purchase Record [547]
22:20:45.481-----------> MRole.getProcessAccess: Role System Administrator has assigned access incompatible process Asset Parent Report [666]
22:20:45.482-----------> MRole.getProcessAccess: Role System Administrator has assigned access incompatible process Asset Group Defaults [666]
22:20:45.482-----------> MRole.getProcessAccess: Role System Administrator has assigned access incompatible process Depreciation Table [666]
22:20:45.483-----------> MRole.getProcessAccess: Role System Administrator has assigned access incompatible process Asset Convention Report [666]
22:20:45.483-----------> MRole.getProcessAccess: Role System Administrator has assigned access incompatible process Asset Depreciation Method [666]
22:20:45.485-----------> MRole.getProcessAccess: Role System Administrator has assigned access incompatible process Generates SIRE Purchase Record [666]
22:49:45.658-----------> Node: [192.168.1.236]:5701 [adempiere.idempiere14/localhost:5432] [5.3.7] Terminating forcefully... [302]

*** 2026-05-26 22:49:45.659 idempiere Log (CLogFile) ***
