*** 2026-05-23 20:03:44.331 idempiere Log (CLogFile) ***
20:03:44.330 Adempiere.startup: iDempiere(r) Release 14_2026-03-09 -Smart Suite ERP, CRM and SCM- (c) 1999-2026 iDempiere(r); Implementation: iDempiere - Supported by iDempiere community [28]
20:03:44.332 Ini.loadProperties: /home/nextcollege/BDeveloper/idempiere-dev-setup-14/idempiere/idempiere.properties #29 [28]
20:03:44.341-----------> Core.getKeyStore: Encryption with legacy key algorithm DES detected - it is recommended to migrate to a stronger algorithm [28]
20:03:45.332-----------> Activator.createHazelCastInstance: Starting hazelcast with configuration from file hazelcast.xml [28]
20:03:46.140-----------> CPSubsystem: [192.168.1.236]:5701 [adempiere.idempiere14/localhost:5432] [5.3.7] CP Subsystem is not enabled. CP data structures will operate in UNSAFE mode! Please note that UNSAFE mode will not provide strong consistency guarantees. [28]
20:03:46.475-----------> Node: [192.168.1.236]:5701 [adempiere.idempiere14/localhost:5432] [5.3.7] No join method is enabled! Starting standalone. [28]
20:03:46.615-----------> DB.isBuildOK: Build Version Error 

The program assumes build version 14.0.0.qualifier, but database has build version ${env.ADEMPIERE_VERSION} 20080428-1232. 
This is likely to cause hard to fix errors. 
Please contact administrator. [28]
20:03:48.509-----------> EMail.setFrom: you @ company.org: javax.mail.internet.AddressException: Local address contains control or whitespace in string ``you @ company.org'' [28]
20:03:48.514-----------> EMail.addTo: you @ company.org: javax.mail.internet.AddressException: Local address contains control or whitespace in string ``you @ company.org'' [28]
20:03:48.514-----------> EMail.isValid: From is invalid=null [28]
20:03:48.515-----------> EMail.isValid: From is invalid=null [28]
20:03:48.520-----------> MClient.sendEMail: Could NOT Send Email: Server started: iDempiere (nextcollege-G751JT:192.168.1.236) to you @ company.org: Invalid Data (System) [28]
20:03:50.061           LoggedSessionListener.contextInitialized: iDempiere context initialized for 10.3.0.1 [28]
20:03:51.596-----------> Incremental2PackActivator.packIn: Installing com.egssmart.sire /META-INF/2Pack_1.0.0.zip ... [371]
20:03:52.214-----------> Incremental2PackActivator.packIn: com.egssmart.sire /META-INF/2Pack_1.0.0.zip installed [371]
20:04:29.155-----------> MClient.createEMail: From EMail incomplete: MUser[10,Name=System,EMailUserID=null] (System) [496]
20:04:29.202-----------> MClient.createEMail: From EMail incomplete: MUser[10,Name=System,EMailUserID=null] (System) [496]
20:04:31.154-----------> Fact.isAcctBalanced: NO - Diff=0.01 - Fact[MAllocationHdr[101-13208: Approval Amount=2.2 (#1)],AcctSchema[200000-Second Schema GardenWorld Euro],PostType=A] [424]
20:04:31.280-----------> Fact.isAcctBalanced: NO - Diff=-0.01 - Fact[X_C_BankStatement[100,Name=2002-02-22],AcctSchema[200000-Second Schema GardenWorld Euro],PostType=A] [424]
20:04:31.737-----------> Fact.isAcctBalanced: NO - Diff=-0.01 - Fact[MInvoice[103-200002,GrandTotal=161.12 (#3)],AcctSchema[200000-Second Schema GardenWorld Euro],PostType=A] [424]
20:04:33.776-----------> Fact.isAcctBalanced: NO - Diff=-0.01 - Fact[MInvoice[106-10000003,GrandTotal=3657.5 (#6)],AcctSchema[200000-Second Schema GardenWorld Euro],PostType=A] [424]
20:04:36.352-----------> FactLine.setAmtSource: Source DR Precision 201.8750 -> 201.88 [424]
20:04:36.355-----------> FactLine.setAmtSource: Source CR Precision 201.8750 -> 201.88 [424]
20:04:36.504-----------> FactLine.setAmtSource: Source CR Precision 208.3750 -> 208.38 [424]
20:04:36.504-----------> FactLine.setAmtSource: Source DR Precision 208.3750 -> 208.38 [424]
20:04:36.531-----------> FactLine.setAmtSource: Source CR Precision 177.1188 -> 177.12 [424]
20:04:36.532-----------> FactLine.setAmtSource: Source DR Precision 177.1188 -> 177.12 [424]
20:05:51.477-----------> PackInApplicationActivator.getFilesToProcess: Processing migration [499]

*** 2026-05-23 20:08:45.794 idempiere Log (CLogFile) ***
