*** 2026-06-02 20:07:02.195 idempiere Log (CLogFile) ***
20:07:02.194 Adempiere.startup: iDempiere(r) Release 14_2026-03-09 -Smart Suite ERP, CRM and SCM- (c) 1999-2026 iDempiere(r); Implementation: iDempiere - Supported by iDempiere community [27]
20:07:02.196 Ini.loadProperties: /home/nextcollege/BDeveloper/idempiere-dev-setup-14/idempiere/idempiere.properties #29 [27]
20:07:02.203-----------> Core.getKeyStore: Encryption with legacy key algorithm DES detected - it is recommended to migrate to a stronger algorithm [27]
20:07:02.689-----------> Activator.createHazelCastInstance: Starting hazelcast with configuration from file hazelcast.xml [27]
20:07:03.250-----------> CPSubsystem: [192.168.0.55]:5701 [adempiere.idempiere14/localhost:5432] [5.3.7] CP Subsystem is not enabled. CP data structures will operate in UNSAFE mode! Please note that UNSAFE mode will not provide strong consistency guarantees. [27]
20:07:03.623-----------> Node: [192.168.0.55]:5701 [adempiere.idempiere14/localhost:5432] [5.3.7] No join method is enabled! Starting standalone. [27]
20:07:04.184-----------> DB.isBuildOK: Build Version Error 

The program assumes build version 14.0.0.qualifier, but database has build version ${env.ADEMPIERE_VERSION} 20080428-1232. 
This is likely to cause hard to fix errors. 
Please contact administrator. [27]
20:07:05.960-----------> EMail.setFrom: you @ company.org: javax.mail.internet.AddressException: Local address contains control or whitespace in string ``you @ company.org'' [27]
20:07:05.973-----------> EMail.addTo: you @ company.org: javax.mail.internet.AddressException: Local address contains control or whitespace in string ``you @ company.org'' [27]
20:07:05.974-----------> EMail.isValid: From is invalid=null [27]
20:07:05.974-----------> EMail.isValid: From is invalid=null [27]
20:07:05.985-----------> MClient.sendEMail: Could NOT Send Email: Server started: iDempiere (nextcollege-G751JT:192.168.0.55) to you @ company.org: Invalid Data (System) [27]
20:07:07.322           LoggedSessionListener.contextInitialized: iDempiere context initialized for 10.3.0.1 [27]
20:07:07.537-----------> TimeZoneDataBaseVersionChecker.init: Time zone data version mismatch detected:
 - Client (moment.js) tzdb version: 2025b
 - Server (JDK) tzdb version: 2026a
Date and time values may be incorrect if time zone rules differ.
To resolve, update the moment-timezone data on the client and/or the JDK time zone data (TZUpdater or Java update) on the server so both use the same version. [27]
20:09:08.650-----------> PackInApplicationActivator.getFilesToProcess: Processing migration [497]
20:09:24.200-----------> EGSCreateRateUSDtoPEN.doIt: PASO 1: Abriendo canal seguro y capturando contexto... [547]
20:09:24.295-----------> EGSCreateRateUSDtoPEN.doIt: Cookies validadas: [TSf3c1dbbd027=08fe7428c8ab20001d83a4424af5ef1e021656a62eaa24ef3f74259efaa8e5759b160eef6841e2ce080d70e26b113000ee08714790bb4faf7465bb7776dc236de15ceb8a25f99f184cae8a19d20a363bf1873fa2d2fcf92ead1ffa57de2eba1b; IAASISTENCIAGESTIONSESSION=nMWLBy68gcnwIxQgrsxfCk6Un7-c5VKMpRkX-OnxymWPu-9f28uvI0lxaHgMZqlCKf2mD5e2et8pxmSbT5QXZ-uCZMQV-YoOw2rjbP1rsWkN98sIvFSqKJzQlkX2djdsUKpOOXcF7ri7qUAOR3XgVLBqJokbyjo3zG3cQZeL_8MbuF7-9nFiwOLBrsc20ERihFPZ1Hf0k9suZn1uV1O5bZSSa6hNngXD4-5p0sLH0ahV7HAK7A6Awq1INI6utcyp!1298053303!-445114015] [547]
20:09:24.306-----------> EGSCreateRateUSDtoPEN.doIt: Esperando estabilización de canal perimetral... [547]
20:09:27.307-----------> EGSCreateRateUSDtoPEN.doIt: PASO 2: Transmitiendo consulta con Payload de compatibilidad plana... [547]
20:09:27.307-----------> EGSCreateRateUSDtoPEN.doIt: URL Destino: https://e-consulta.sunat.gob.pe/cl-at-ittipcam/tcS01Alias/listarTipoCambio [547]
20:09:27.309-----------> EGSCreateRateUSDtoPEN.doIt: Payload inyectado en cuerpo: anhoConsulta=2026&mesConsulta=6&indMes=1&mode=month [547]
20:09:27.345-----------> EGSCreateRateUSDtoPEN.doIt: Respuesta HTTP del Servidor: 400 [547]
20:09:27.346-----------> EGSCreateRateUSDtoPEN.doIt: Respuesta cruda del API SUNAT: <!DOCTYPE HTML PUBLIC "-//W3C//DTD HTML 4.0 Draft//EN"><HTML><HEAD><TITLE>Error 400--Bad Request</TITLE></HEAD><BODY bgcolor="white"><FONT FACE=Helvetica><BR CLEAR=all><TABLE border=0 cellspacing=5><TR><TD><BR CLEAR=all><FONT FACE="Helvetica" COLOR="black" SIZE="3"><H2>Error 400--Bad Request</H2></FONT></TD></TR></TABLE><TABLE border=0 width=100% cellpadding=10><TR><TD VALIGN=top WIDTH=100% BGCOLOR=white><FONT FACE="Courier New"><FONT FACE="Helvetica" SIZE="3"><H3>From RFC 2068 <i>Hypertext Transfer Protocol -- HTTP/1.1</i>:</H3></FONT><FONT FACE="Helvetica" SIZE="3"><H4>10.4.1 400 Bad Request</H4></FONT><P><FONT FACE="Courier New">The request could not be understood by the server due to malformed syntax. The client SHOULD NOT repeat the request without modifications.</FONT></P></FONT></TD></TR></TABLE></BODY></HTML> [547]
20:09:27.346-----------> EGSCreateRateUSDtoPEN.doIt: Filtro perimetral activado o Payload rechazado. Reintentando... [547]
20:09:27.346-----------> EGSCreateRateUSDtoPEN.doIt: Intento 2 de 5. Reintentando secuencia completa... [547]
20:09:31.346-----------> EGSCreateRateUSDtoPEN.doIt: PASO 1: Abriendo canal seguro y capturando contexto... [547]
20:09:31.395-----------> EGSCreateRateUSDtoPEN.doIt: Cookies validadas: [TSf3c1dbbd027=08fe7428c8ab2000f2cf42264ca35dd5979500f0a8c1671a18d7414329c7dbaa7ed3dd8842f2fb49087b3c72231130002389363ce69a75d2b074dd474eb9478c4ed148c8456e105e9374a72b658881c1db96811241c3fb6b72aca9ccfb23c884; IAASISTENCIAGESTIONSESSION=uH6LB0ptZyPhRuc6BZm6ouOVfChFZPdcCkzemkU-uXzcoC9Hpry-DeuQciWBASdW7mWqjRUjqw7Pu_Kd08fjKeDLtOaO_vGGIqGjvG0pQCqEAqelODwnT8a9eFQ4Lr1bCqHCpLpO425B0lyXcPXH6LZQ5wblBzTRP5A_bTSztoM2ndg0jtWYs7Oc4mImAmtg0lq4hnaj5mnM4Dx81vPmuIYrGZQugEQzcT3IQLYDP7l1lgwcujb5XzsrDIAztC1o!1298053303!-445114015] [547]
20:09:31.437-----------> EGSCreateRateUSDtoPEN.doIt: Esperando estabilización de canal perimetral... [547]
20:09:34.438-----------> EGSCreateRateUSDtoPEN.doIt: PASO 2: Transmitiendo consulta con Payload de compatibilidad plana... [547]
20:09:34.438-----------> EGSCreateRateUSDtoPEN.doIt: URL Destino: https://e-consulta.sunat.gob.pe/cl-at-ittipcam/tcS01Alias/listarTipoCambio [547]
20:09:34.438-----------> EGSCreateRateUSDtoPEN.doIt: Payload inyectado en cuerpo: anhoConsulta=2026&mesConsulta=6&indMes=1&mode=month [547]
20:09:34.461-----------> EGSCreateRateUSDtoPEN.doIt: Respuesta HTTP del Servidor: 400 [547]
20:09:34.461-----------> EGSCreateRateUSDtoPEN.doIt: Respuesta cruda del API SUNAT: <!DOCTYPE HTML PUBLIC "-//W3C//DTD HTML 4.0 Draft//EN"><HTML><HEAD><TITLE>Error 400--Bad Request</TITLE></HEAD><BODY bgcolor="white"><FONT FACE=Helvetica><BR CLEAR=all><TABLE border=0 cellspacing=5><TR><TD><BR CLEAR=all><FONT FACE="Helvetica" COLOR="black" SIZE="3"><H2>Error 400--Bad Request</H2></FONT></TD></TR></TABLE><TABLE border=0 width=100% cellpadding=10><TR><TD VALIGN=top WIDTH=100% BGCOLOR=white><FONT FACE="Courier New"><FONT FACE="Helvetica" SIZE="3"><H3>From RFC 2068 <i>Hypertext Transfer Protocol -- HTTP/1.1</i>:</H3></FONT><FONT FACE="Helvetica" SIZE="3"><H4>10.4.1 400 Bad Request</H4></FONT><P><FONT FACE="Courier New">The request could not be understood by the server due to malformed syntax. The client SHOULD NOT repeat the request without modifications.</FONT></P></FONT></TD></TR></TABLE></BODY></HTML> [547]
20:09:34.461-----------> EGSCreateRateUSDtoPEN.doIt: Filtro perimetral activado o Payload rechazado. Reintentando... [547]
20:09:34.461-----------> EGSCreateRateUSDtoPEN.doIt: Intento 3 de 5. Reintentando secuencia completa... [547]
20:09:38.462-----------> EGSCreateRateUSDtoPEN.doIt: PASO 1: Abriendo canal seguro y capturando contexto... [547]
20:09:38.484-----------> EGSCreateRateUSDtoPEN.doIt: Cookies validadas: [TSf3c1dbbd027=08fe7428c8ab2000667fb4dcebec7c784ce050bee97b8e02e23145f04eeb029ed9f8c45d728f88120814105e3e113000e27664c930df9ff2ea2cedb6c0ffaa8940ebbbf1b83c01a55003db54c28db0f1826bafe88140c2e6410b6a4d62c5455b; IAASISTENCIAGESTIONSESSION=foeLB2YrHq2fsosDs9P8ZgkC7pjMTNpsemAfi1ypQkW_ciEouyqgUxeGfln4t1A3toPaEfbSt49_7YxzyqesXT9Iwk87ghvAEZ3tvPuFEmAk-g5EONIiMZM7UMj6Bx8S8SQccklGTVhuub--T-sogmiFYJ-EfdmnBb5dYxZu7uxUqJPrpvrOqDPF1PvHKQ6JIxu-joaWMvzTxufH-0gOkZ057WqEpNZq0Rjl_6R8okZdXpjGPKbqPdcfteQ5-M5q!1298053303!-445114015] [547]
20:09:38.486-----------> EGSCreateRateUSDtoPEN.doIt: Esperando estabilización de canal perimetral... [547]
20:09:41.487-----------> EGSCreateRateUSDtoPEN.doIt: PASO 2: Transmitiendo consulta con Payload de compatibilidad plana... [547]
20:09:41.487-----------> EGSCreateRateUSDtoPEN.doIt: URL Destino: https://e-consulta.sunat.gob.pe/cl-at-ittipcam/tcS01Alias/listarTipoCambio [547]
20:09:41.487-----------> EGSCreateRateUSDtoPEN.doIt: Payload inyectado en cuerpo: anhoConsulta=2026&mesConsulta=6&indMes=1&mode=month [547]
20:09:41.507-----------> EGSCreateRateUSDtoPEN.doIt: Respuesta HTTP del Servidor: 400 [547]
20:09:41.507-----------> EGSCreateRateUSDtoPEN.doIt: Respuesta cruda del API SUNAT: <!DOCTYPE HTML PUBLIC "-//W3C//DTD HTML 4.0 Draft//EN"><HTML><HEAD><TITLE>Error 400--Bad Request</TITLE></HEAD><BODY bgcolor="white"><FONT FACE=Helvetica><BR CLEAR=all><TABLE border=0 cellspacing=5><TR><TD><BR CLEAR=all><FONT FACE="Helvetica" COLOR="black" SIZE="3"><H2>Error 400--Bad Request</H2></FONT></TD></TR></TABLE><TABLE border=0 width=100% cellpadding=10><TR><TD VALIGN=top WIDTH=100% BGCOLOR=white><FONT FACE="Courier New"><FONT FACE="Helvetica" SIZE="3"><H3>From RFC 2068 <i>Hypertext Transfer Protocol -- HTTP/1.1</i>:</H3></FONT><FONT FACE="Helvetica" SIZE="3"><H4>10.4.1 400 Bad Request</H4></FONT><P><FONT FACE="Courier New">The request could not be understood by the server due to malformed syntax. The client SHOULD NOT repeat the request without modifications.</FONT></P></FONT></TD></TR></TABLE></BODY></HTML> [547]
20:09:41.508-----------> EGSCreateRateUSDtoPEN.doIt: Filtro perimetral activado o Payload rechazado. Reintentando... [547]
20:09:41.508-----------> EGSCreateRateUSDtoPEN.doIt: Intento 4 de 5. Reintentando secuencia completa... [547]
20:09:45.508-----------> EGSCreateRateUSDtoPEN.doIt: PASO 1: Abriendo canal seguro y capturando contexto... [547]
20:09:45.530-----------> EGSCreateRateUSDtoPEN.doIt: Cookies validadas: [TSf3c1dbbd027=08fe7428c8ab200014d5e225db6b7ff39111558c96f3369394743e323a257c40704cff07bf6ecb800807668405113000be9cf96599d43c671e34ba33307a826a68cf97196d2a9fc41737334013227d750b74e9c0354008aff5746667d0213c64; IAASISTENCIAGESTIONSESSION=1HGLB4GxzWdM2W0U5xa9aFWbydH5YXYcyBTYB8VK5esceFvSeGsl544wzlxilP9QpG-Zj8bdkM0nlfZWRT0c0hY2uS7lvw4_h1k0tCbbfTmASTcbWROa0nNRk3yu3Jn9R6h-QTtFENsAMtuaqyBczDfUtYTS9V-ZLWy56ctmbYabylHQS91aXuVBKJyylR5KMXQBdfS474ObZadk4vXWXPZwkct6ZTw_cMVxB19wzyjVAqZynx7_reHuw9_LDMhK!1298053303!-445114015] [547]
20:09:45.532-----------> EGSCreateRateUSDtoPEN.doIt: Esperando estabilización de canal perimetral... [547]
20:09:48.532-----------> EGSCreateRateUSDtoPEN.doIt: PASO 2: Transmitiendo consulta con Payload de compatibilidad plana... [547]
20:09:48.533-----------> EGSCreateRateUSDtoPEN.doIt: URL Destino: https://e-consulta.sunat.gob.pe/cl-at-ittipcam/tcS01Alias/listarTipoCambio [547]
20:09:48.533-----------> EGSCreateRateUSDtoPEN.doIt: Payload inyectado en cuerpo: anhoConsulta=2026&mesConsulta=6&indMes=1&mode=month [547]
20:09:48.554-----------> EGSCreateRateUSDtoPEN.doIt: Respuesta HTTP del Servidor: 400 [547]
20:09:48.554-----------> EGSCreateRateUSDtoPEN.doIt: Respuesta cruda del API SUNAT: <!DOCTYPE HTML PUBLIC "-//W3C//DTD HTML 4.0 Draft//EN"><HTML><HEAD><TITLE>Error 400--Bad Request</TITLE></HEAD><BODY bgcolor="white"><FONT FACE=Helvetica><BR CLEAR=all><TABLE border=0 cellspacing=5><TR><TD><BR CLEAR=all><FONT FACE="Helvetica" COLOR="black" SIZE="3"><H2>Error 400--Bad Request</H2></FONT></TD></TR></TABLE><TABLE border=0 width=100% cellpadding=10><TR><TD VALIGN=top WIDTH=100% BGCOLOR=white><FONT FACE="Courier New"><FONT FACE="Helvetica" SIZE="3"><H3>From RFC 2068 <i>Hypertext Transfer Protocol -- HTTP/1.1</i>:</H3></FONT><FONT FACE="Helvetica" SIZE="3"><H4>10.4.1 400 Bad Request</H4></FONT><P><FONT FACE="Courier New">The request could not be understood by the server due to malformed syntax. The client SHOULD NOT repeat the request without modifications.</FONT></P></FONT></TD></TR></TABLE></BODY></HTML> [547]
20:09:48.555-----------> EGSCreateRateUSDtoPEN.doIt: Filtro perimetral activado o Payload rechazado. Reintentando... [547]
20:09:48.555-----------> EGSCreateRateUSDtoPEN.doIt: Intento 5 de 5. Reintentando secuencia completa... [547]
20:09:52.555-----------> EGSCreateRateUSDtoPEN.doIt: PASO 1: Abriendo canal seguro y capturando contexto... [547]
20:09:52.577-----------> EGSCreateRateUSDtoPEN.doIt: Cookies validadas: [TSf3c1dbbd027=08fe7428c8ab2000ab5aa4d02fd38496a8be498c093a5f3b4fd7df8659bcbebabafcc6a72438fb9c08ba20a023113000ea125ec36f575a95e8d5ed146eb53a9c569602249978c33f38cbfc7b271bce094c5102aeb1e5f07f274727e553651958; IAASISTENCIAGESTIONSESSION=E6WLB504q_Md-gKXsbY0q3u3HBFOGYIegAJKL8rI9ZjvviDbt4kV5K4VzgOTUoXOrlcT99lTCiTnW4Gsec9gqZYljr6ydVT7LvcVqUCyq4eFW_yA49nUOTjSFd5PDV6RzFYESMs8ZgvDmrstxvRoqiiMr6IWe6ZtSePy3tcbw2R5Gwo3CS5Uc8m-y-SnCH19NxuGGFb4ILJnEB8P3hyXVxcPsF_BcONLi_8Pk414QZB9f3bhxLdYDAOjy_kWh5dn!1298053303!-445114015] [547]
20:09:52.579-----------> EGSCreateRateUSDtoPEN.doIt: Esperando estabilización de canal perimetral... [547]
20:09:55.580-----------> EGSCreateRateUSDtoPEN.doIt: PASO 2: Transmitiendo consulta con Payload de compatibilidad plana... [547]
20:09:55.580-----------> EGSCreateRateUSDtoPEN.doIt: URL Destino: https://e-consulta.sunat.gob.pe/cl-at-ittipcam/tcS01Alias/listarTipoCambio [547]
20:09:55.581-----------> EGSCreateRateUSDtoPEN.doIt: Payload inyectado en cuerpo: anhoConsulta=2026&mesConsulta=6&indMes=1&mode=month [547]
20:09:55.699-----------> EGSCreateRateUSDtoPEN.doIt: Respuesta HTTP del Servidor: 400 [547]
20:09:55.699-----------> EGSCreateRateUSDtoPEN.doIt: Respuesta cruda del API SUNAT: <!DOCTYPE HTML PUBLIC "-//W3C//DTD HTML 4.0 Draft//EN"><HTML><HEAD><TITLE>Error 400--Bad Request</TITLE></HEAD><BODY bgcolor="white"><FONT FACE=Helvetica><BR CLEAR=all><TABLE border=0 cellspacing=5><TR><TD><BR CLEAR=all><FONT FACE="Helvetica" COLOR="black" SIZE="3"><H2>Error 400--Bad Request</H2></FONT></TD></TR></TABLE><TABLE border=0 width=100% cellpadding=10><TR><TD VALIGN=top WIDTH=100% BGCOLOR=white><FONT FACE="Courier New"><FONT FACE="Helvetica" SIZE="3"><H3>From RFC 2068 <i>Hypertext Transfer Protocol -- HTTP/1.1</i>:</H3></FONT><FONT FACE="Helvetica" SIZE="3"><H4>10.4.1 400 Bad Request</H4></FONT><P><FONT FACE="Courier New">The request could not be understood by the server due to malformed syntax. The client SHOULD NOT repeat the request without modifications.</FONT></P></FONT></TD></TR></TABLE></BODY></HTML> [547]
20:09:55.700-----------> EGSCreateRateUSDtoPEN.doIt: Filtro perimetral activado o Payload rechazado. Reintentando... [547]
20:09:55.701===========> EGSCreateRateUSDtoPEN.process: Fallo final de consistencia de datos. [547]
org.adempiere.exceptions.AdempiereException: Fallo final de consistencia de datos.
	at com.egssmart.finantials.proccess.EGSCreateRateUSDtoPEN.doIt(Unknown Source)
	at org.compiere.process.SvrProcess.process(Unknown Source)
	at org.compiere.process.SvrProcess.startProcess(Unknown Source)
	at org.adempiere.util.ProcessUtil.startJavaProcess(Unknown Source)
	at org.compiere.apps.AbstractProcessCtl.startProcess(Unknown Source)
	at org.compiere.apps.AbstractProcessCtl.run(Unknown Source)
	at org.adempiere.webui.apps.WProcessCtl.process(Unknown Source)
	at org.adempiere.webui.apps.AbstractProcessDialog$ProcessDialogRunnable.doRun(Unknown Source)
	at org.adempiere.util.ContextRunnable.run(Unknown Source)
	at org.adempiere.webui.apps.DesktopRunnable.run(Unknown Source)
	at java.base/java.util.concurrent.Executors$RunnableAdapter.call(Executors.java:539)


*** 2026-06-02 20:20:57.811 idempiere Log (CLogFile) ***
