*** 2026-06-02 16:28:24.465 idempiere Log (CLogFile) ***
16:28:24.463 Adempiere.startup: iDempiere(r) Release 14_2026-03-09 -Smart Suite ERP, CRM and SCM- (c) 1999-2026 iDempiere(r); Implementation: iDempiere - Supported by iDempiere community [27]
16:28:24.466 Ini.loadProperties: /home/nextcollege/BDeveloper/idempiere-dev-setup-14/idempiere/idempiere.properties #29 [27]
16:28:24.476-----------> Core.getKeyStore: Encryption with legacy key algorithm DES detected - it is recommended to migrate to a stronger algorithm [27]
16:28:25.050-----------> Activator.createHazelCastInstance: Starting hazelcast with configuration from file hazelcast.xml [27]
16:28:25.582-----------> CPSubsystem: [192.168.0.55]:5701 [adempiere.idempiere14/localhost:5432] [5.3.7] CP Subsystem is not enabled. CP data structures will operate in UNSAFE mode! Please note that UNSAFE mode will not provide strong consistency guarantees. [27]
16:28:25.870-----------> Node: [192.168.0.55]:5701 [adempiere.idempiere14/localhost:5432] [5.3.7] No join method is enabled! Starting standalone. [27]
16:28:26.508-----------> DB.isBuildOK: Build Version Error 

The program assumes build version 14.0.0.qualifier, but database has build version ${env.ADEMPIERE_VERSION} 20080428-1232. 
This is likely to cause hard to fix errors. 
Please contact administrator. [27]
16:28:28.303-----------> EMail.setFrom: you @ company.org: javax.mail.internet.AddressException: Local address contains control or whitespace in string ``you @ company.org'' [27]
16:28:28.308-----------> EMail.addTo: you @ company.org: javax.mail.internet.AddressException: Local address contains control or whitespace in string ``you @ company.org'' [27]
16:28:28.308-----------> EMail.isValid: From is invalid=null [27]
16:28:28.309-----------> EMail.isValid: From is invalid=null [27]
16:28:28.313-----------> MClient.sendEMail: Could NOT Send Email: Server started: iDempiere (nextcollege-G751JT:192.168.0.55) to you @ company.org: Invalid Data (System) [27]
16:28:29.750           LoggedSessionListener.contextInitialized: iDempiere context initialized for 10.3.0.1 [27]
16:28:29.930-----------> TimeZoneDataBaseVersionChecker.init: Time zone data version mismatch detected:
 - Client (moment.js) tzdb version: 2025b
 - Server (JDK) tzdb version: 2026a
Date and time values may be incorrect if time zone rules differ.
To resolve, update the moment-timezone data on the client and/or the JDK time zone data (TZUpdater or Java update) on the server so both use the same version. [27]
16:29:37.330-----------> EGSCreateRateUSDtoPEN.doIt: PASO 1: Sincronizando contexto de sesión nativo... [581]
16:29:37.426-----------> EGSCreateRateUSDtoPEN.doIt: Cookies capturadas de forma nativa: [TSf3c1dbbd027=08fe7428c8ab200078601d975a0b91c80904b1740f9898b99c150dcbb3a54d4156966d527f759106086d81854d1130008fa4d952b0ec6a3b9fd815c72cfb947a24c328e025a1fafb40f7992cd656ef007cdf36b7e1ef7ae2894cb17d488172f0; IAASISTENCIAGESTIONSESSION=PrKKPfeI4nvoV-jArccZB3K1T4-v3PnQbGZToX2ESNCGkiqlSQSmx4gpBYWkuQHgVoKhK0r4ia7ig3z9Tyzh2H8e7tRSEuy7KpT_22R0CnGvV-g1IQHe1oWO7gW4zoy_6r0uJtm9ZEvD7BWzf5ycCw4O-TyLEqdWR0I3T1XWLs4vj2rjZL0r07og8rZ6W0FE3xhWep24bCjrmWVaenF5ItCqbHomti_WtU22qWhA8IhQKOMu6qguFgTqhIV5p4qP!1298053303!-445114015] [581]
16:29:37.427-----------> EGSCreateRateUSDtoPEN.doIt: Esperando 4000ms para estabilizar el socket TLS... [581]
16:29:41.427-----------> EGSCreateRateUSDtoPEN.doIt: PASO 2: Transmitiendo JSON bajo el radar del F5... [581]
16:29:41.428-----------> EGSCreateRateUSDtoPEN.doIt: Payload: {"anhoConsulta":2026,"mesConsulta":5,"indMes":"1","mode":"month"} [581]
16:29:41.482-----------> EGSCreateRateUSDtoPEN.doIt: Código HTTP del Servidor: 400 [581]
16:29:41.482-----------> EGSCreateRateUSDtoPEN.doIt: Respuesta cruda: <!DOCTYPE HTML PUBLIC "-//W3C//DTD HTML 4.0 Draft//EN"><HTML><HEAD><TITLE>Error 400--Bad Request</TITLE></HEAD><BODY bgcolor="white"><FONT FACE=Helvetica><BR CLEAR=all><TABLE border=0 cellspacing=5><TR><TD><BR CLEAR=all><FONT FACE="Helvetica" COLOR="black" SIZE="3"><H2>Error 400--Bad Request</H2></FONT></TD></TR></TABLE><TABLE border=0 width=100% cellpadding=10><TR><TD VALIGN=top WIDTH=100% BGCOLOR=white><FONT FACE="Courier New"><FONT FACE="Helvetica" SIZE="3"><H3>From RFC 2068 <i>Hypertext Transfer Protocol -- HTTP/1.1</i>:</H3></FONT><FONT FACE="Helvetica" SIZE="3"><H4>10.4.1 400 Bad Request</H4></FONT><P><FONT FACE="Courier New">The request could not be understood by the server due to malformed syntax. The client SHOULD NOT repeat the request without modifications.</FONT></P></FONT></TD></TR></TABLE></BODY></HTML> [581]
16:29:41.483-----------> EGSCreateRateUSDtoPEN.doIt: Filtro perimetral activo. Reintentando secuencia limpia... [581]
16:29:41.483-----------> EGSCreateRateUSDtoPEN.doIt: Intento 2 de 5. Reintentando secuencia completa... [581]
16:29:46.483-----------> EGSCreateRateUSDtoPEN.doIt: PASO 1: Sincronizando contexto de sesión nativo... [581]
16:29:46.561-----------> EGSCreateRateUSDtoPEN.doIt: Cookies capturadas de forma nativa: [TSf3c1dbbd027=08fe7428c8ab2000807c30144668f9c589da88b5012534bb605e0b9b08f0ceddf5ef748525bf130308a7621d551130002ea1f2a78bdb2e814210050e133d47b0647e22ab46a3e0033b17c29eeeed27228ec03a340058744b749bef13eaa697cf; TS0105b0c6=014dc399cb3495059d9ec810babfacd6f01dc1406564a62963217ec35e66cf749e128a652ec18c98c2bb1a547864154ae81d122b56fc8e50c370679f2ea45cbde398399d6c; IAASISTENCIAGESTIONSESSION=ig-KPhswx54cqNamrBvGXJl2DFNbphlyagBRy7S0Qgm8t61kjpLplHQGmRIgqE34hL3F290bUrz6T-mG5H00eKr_c_qQPs3XsORR-98KIjGCuWyktbIAMf5ZiHhXe9dEseSKm3pQVUJkfIp0QsMTu_Y6npejAVgNEbjjEvdEdOK3ej0IrOcvZTXX6Um4wA-W1jdkRLmDD68C75UraeRY6bXoxUgc52exsh_leUiajz3QUNF641_kXCg2rPcb3NGA!1298053303!-445114015] [581]
16:29:46.562-----------> EGSCreateRateUSDtoPEN.doIt: Esperando 4000ms para estabilizar el socket TLS... [581]
16:29:50.562-----------> EGSCreateRateUSDtoPEN.doIt: PASO 2: Transmitiendo JSON bajo el radar del F5... [581]
16:29:50.563-----------> EGSCreateRateUSDtoPEN.doIt: Payload: {"anhoConsulta":2026,"mesConsulta":5,"indMes":"1","mode":"month"} [581]
16:29:50.618-----------> EGSCreateRateUSDtoPEN.doIt: Código HTTP del Servidor: 400 [581]
16:29:50.618-----------> EGSCreateRateUSDtoPEN.doIt: Respuesta cruda: <!DOCTYPE HTML PUBLIC "-//W3C//DTD HTML 4.0 Draft//EN"><HTML><HEAD><TITLE>Error 400--Bad Request</TITLE></HEAD><BODY bgcolor="white"><FONT FACE=Helvetica><BR CLEAR=all><TABLE border=0 cellspacing=5><TR><TD><BR CLEAR=all><FONT FACE="Helvetica" COLOR="black" SIZE="3"><H2>Error 400--Bad Request</H2></FONT></TD></TR></TABLE><TABLE border=0 width=100% cellpadding=10><TR><TD VALIGN=top WIDTH=100% BGCOLOR=white><FONT FACE="Courier New"><FONT FACE="Helvetica" SIZE="3"><H3>From RFC 2068 <i>Hypertext Transfer Protocol -- HTTP/1.1</i>:</H3></FONT><FONT FACE="Helvetica" SIZE="3"><H4>10.4.1 400 Bad Request</H4></FONT><P><FONT FACE="Courier New">The request could not be understood by the server due to malformed syntax. The client SHOULD NOT repeat the request without modifications.</FONT></P></FONT></TD></TR></TABLE></BODY></HTML> [581]
16:29:50.618-----------> EGSCreateRateUSDtoPEN.doIt: Filtro perimetral activo. Reintentando secuencia limpia... [581]
16:29:50.619-----------> EGSCreateRateUSDtoPEN.doIt: Intento 3 de 5. Reintentando secuencia completa... [581]
16:29:55.619-----------> EGSCreateRateUSDtoPEN.doIt: PASO 1: Sincronizando contexto de sesión nativo... [581]
16:29:55.688-----------> EGSCreateRateUSDtoPEN.doIt: Cookies capturadas de forma nativa: [TSf3c1dbbd027=08fe7428c8ab20003181cadf711d8956ec254d0c801f5375aafe4beafe5441144bfdb4a85c3ffb820881a17482113000959151c9bcf92ccdce27bd6b4af0b9a33a1a9232ec7e094d26095731a15a459d4e1d5d4812061b6b9b5d0c34034d8489; IAASISTENCIAGESTIONSESSION=5-iKPj7VxTh71BifszihjBoCf-UsrwAdYEUw4DFXcRIyCyvDJYASbrCv7IuZy2PPqg78AYHncXhBSS1k5b7vD6p2HA4A4ZArLrW7P1m-_t5pN5DQpCWljpOtQTc5FrAuQMPEsm0iSKr6lT9WcN1dLtAdO_3tXlxuVVscA33l7bkEGdxKhpBAy7ZsjyuUHeoL4o3DUPgIJWnxFoDqT9IkkrN9a0wQhp5-wPtKjU3PS6xcFHdNZXwqVYh4_FvzU4ta!1298053303!-445114015] [581]
16:29:55.689-----------> EGSCreateRateUSDtoPEN.doIt: Esperando 4000ms para estabilizar el socket TLS... [581]
16:29:59.689-----------> EGSCreateRateUSDtoPEN.doIt: PASO 2: Transmitiendo JSON bajo el radar del F5... [581]
16:29:59.689-----------> EGSCreateRateUSDtoPEN.doIt: Payload: {"anhoConsulta":2026,"mesConsulta":5,"indMes":"1","mode":"month"} [581]
16:29:59.747-----------> EGSCreateRateUSDtoPEN.doIt: Código HTTP del Servidor: 400 [581]
16:29:59.748-----------> EGSCreateRateUSDtoPEN.doIt: Respuesta cruda: <!DOCTYPE HTML PUBLIC "-//W3C//DTD HTML 4.0 Draft//EN"><HTML><HEAD><TITLE>Error 400--Bad Request</TITLE></HEAD><BODY bgcolor="white"><FONT FACE=Helvetica><BR CLEAR=all><TABLE border=0 cellspacing=5><TR><TD><BR CLEAR=all><FONT FACE="Helvetica" COLOR="black" SIZE="3"><H2>Error 400--Bad Request</H2></FONT></TD></TR></TABLE><TABLE border=0 width=100% cellpadding=10><TR><TD VALIGN=top WIDTH=100% BGCOLOR=white><FONT FACE="Courier New"><FONT FACE="Helvetica" SIZE="3"><H3>From RFC 2068 <i>Hypertext Transfer Protocol -- HTTP/1.1</i>:</H3></FONT><FONT FACE="Helvetica" SIZE="3"><H4>10.4.1 400 Bad Request</H4></FONT><P><FONT FACE="Courier New">The request could not be understood by the server due to malformed syntax. The client SHOULD NOT repeat the request without modifications.</FONT></P></FONT></TD></TR></TABLE></BODY></HTML> [581]
16:29:59.748-----------> EGSCreateRateUSDtoPEN.doIt: Filtro perimetral activo. Reintentando secuencia limpia... [581]
16:29:59.748-----------> EGSCreateRateUSDtoPEN.doIt: Intento 4 de 5. Reintentando secuencia completa... [581]
16:30:04.748-----------> EGSCreateRateUSDtoPEN.doIt: PASO 1: Sincronizando contexto de sesión nativo... [581]
16:30:04.818-----------> EGSCreateRateUSDtoPEN.doIt: Cookies capturadas de forma nativa: [TSf3c1dbbd027=08fe7428c8ab20009972883f8882381f4e7476c47fd7242da58508ad0b319702b2d097edd705727f088ea08a97113000e5ba4de1bcd4706aeb9f63659a9807f41cafcd7256888875a1d914482a4108f91a103711741896247800c61cfa69f18d; IAASISTENCIAGESTIONSESSION=k12KPmJ_tRjDXDwJjZBsmJW9-NfRDWjgldgTRpv9HY2VKufir4rFjtRcK70zGtGZih8KhbGkMNNbRKmMWTgKsEK-Ip2Rv9QCTn6D3sOFNKLQztsHKOtA_UnvXv0dm8pqxADfpumw2_xOBre_eGi2cJp3f27xVwnI9-WBJlwZk2OYwbyD9KsYuwV856A71W1vlOgMbVHiuFQwUBmiTfCZNnwX3wNlVJ4ptLO_HkjCHThpGKBf5GGx_A67H_pMse1M!1298053303!-445114015] [581]
16:30:04.819-----------> EGSCreateRateUSDtoPEN.doIt: Esperando 4000ms para estabilizar el socket TLS... [581]
16:30:08.819-----------> EGSCreateRateUSDtoPEN.doIt: PASO 2: Transmitiendo JSON bajo el radar del F5... [581]
16:30:08.819-----------> EGSCreateRateUSDtoPEN.doIt: Payload: {"anhoConsulta":2026,"mesConsulta":5,"indMes":"1","mode":"month"} [581]
16:30:08.884-----------> EGSCreateRateUSDtoPEN.doIt: Código HTTP del Servidor: 400 [581]
16:30:08.884-----------> EGSCreateRateUSDtoPEN.doIt: Respuesta cruda: <!DOCTYPE HTML PUBLIC "-//W3C//DTD HTML 4.0 Draft//EN"><HTML><HEAD><TITLE>Error 400--Bad Request</TITLE></HEAD><BODY bgcolor="white"><FONT FACE=Helvetica><BR CLEAR=all><TABLE border=0 cellspacing=5><TR><TD><BR CLEAR=all><FONT FACE="Helvetica" COLOR="black" SIZE="3"><H2>Error 400--Bad Request</H2></FONT></TD></TR></TABLE><TABLE border=0 width=100% cellpadding=10><TR><TD VALIGN=top WIDTH=100% BGCOLOR=white><FONT FACE="Courier New"><FONT FACE="Helvetica" SIZE="3"><H3>From RFC 2068 <i>Hypertext Transfer Protocol -- HTTP/1.1</i>:</H3></FONT><FONT FACE="Helvetica" SIZE="3"><H4>10.4.1 400 Bad Request</H4></FONT><P><FONT FACE="Courier New">The request could not be understood by the server due to malformed syntax. The client SHOULD NOT repeat the request without modifications.</FONT></P></FONT></TD></TR></TABLE></BODY></HTML> [581]
16:30:08.885-----------> EGSCreateRateUSDtoPEN.doIt: Filtro perimetral activo. Reintentando secuencia limpia... [581]
16:30:08.885-----------> EGSCreateRateUSDtoPEN.doIt: Intento 5 de 5. Reintentando secuencia completa... [581]
16:30:13.885-----------> EGSCreateRateUSDtoPEN.doIt: PASO 1: Sincronizando contexto de sesión nativo... [581]
16:30:13.957-----------> EGSCreateRateUSDtoPEN.doIt: Cookies capturadas de forma nativa: [TSf3c1dbbd027=08fe7428c8ab20008340ce7ffba6b937f23092b6410328c705712a8a8437f883a1238880e2c8646d0864b72a8311300038a8e1826809ea68c454aca6c1eb00b9723a25123fb22b6f34def6442d08fb4118eeae371419cff838f8368244ff0f33; TS0105b0c6=014dc399cbb7d3f31f6e46c7135a68eab20e7a070df0e241e80a99d84cad2494289356e1a7c6f363237c03e7fade34b3d6bb424db407592986f520a8f8a95d0f58c47da041; IAASISTENCIAGESTIONSESSION=ij6KPoYy6ETHM_OchG6qd_elheZhymjLmCg9wSAqcOkJdEYRC2gLAeyhu5Xh59a4_da1CylBx9iROaJAZI1A9QsypzTRasbEN8Jmt-qxQE044m1ZlU1zieclN8-kQwsyrZVniYYlefNn7DrhW9wXqItptfTVwGdK1cY3hvsv4NzJ7Vsa2ZqtHZN2UIh1kWPD61Zz0Py2LV32KY5TtdOWcM6R3ngZEZMZWVl-NrmLTqkn2_suiksjU10hYGTN6y_U!1298053303!-445114015] [581]
16:30:13.957-----------> EGSCreateRateUSDtoPEN.doIt: Esperando 4000ms para estabilizar el socket TLS... [581]
16:30:17.958-----------> EGSCreateRateUSDtoPEN.doIt: PASO 2: Transmitiendo JSON bajo el radar del F5... [581]
16:30:17.958-----------> EGSCreateRateUSDtoPEN.doIt: Payload: {"anhoConsulta":2026,"mesConsulta":5,"indMes":"1","mode":"month"} [581]
16:30:18.017-----------> EGSCreateRateUSDtoPEN.doIt: Código HTTP del Servidor: 400 [581]
16:30:18.017-----------> EGSCreateRateUSDtoPEN.doIt: Respuesta cruda: <!DOCTYPE HTML PUBLIC "-//W3C//DTD HTML 4.0 Draft//EN"><HTML><HEAD><TITLE>Error 400--Bad Request</TITLE></HEAD><BODY bgcolor="white"><FONT FACE=Helvetica><BR CLEAR=all><TABLE border=0 cellspacing=5><TR><TD><BR CLEAR=all><FONT FACE="Helvetica" COLOR="black" SIZE="3"><H2>Error 400--Bad Request</H2></FONT></TD></TR></TABLE><TABLE border=0 width=100% cellpadding=10><TR><TD VALIGN=top WIDTH=100% BGCOLOR=white><FONT FACE="Courier New"><FONT FACE="Helvetica" SIZE="3"><H3>From RFC 2068 <i>Hypertext Transfer Protocol -- HTTP/1.1</i>:</H3></FONT><FONT FACE="Helvetica" SIZE="3"><H4>10.4.1 400 Bad Request</H4></FONT><P><FONT FACE="Courier New">The request could not be understood by the server due to malformed syntax. The client SHOULD NOT repeat the request without modifications.</FONT></P></FONT></TD></TR></TABLE></BODY></HTML> [581]
16:30:18.017-----------> EGSCreateRateUSDtoPEN.doIt: Filtro perimetral activo. Reintentando secuencia limpia... [581]
16:30:18.019===========> EGSCreateRateUSDtoPEN.process: Fallo final de consistencia de datos. [581]
UserError: Fallo final de consistencia de datos.
	at com.egssmart.finantials.proccess.EGSCreateRateUSDtoPEN.doIt(Unknown Source)
	at org.compiere.process.SvrProcess.process(Unknown Source)
	at org.compiere.process.SvrProcess.startProcess(Unknown Source)
	at org.adempiere.util.ProcessUtil.startJavaProcess(Unknown Source)
	at org.compiere.apps.AbstractProcessCtl.startProcess(Unknown Source)
	at org.compiere.apps.AbstractProcessCtl.run(Unknown Source)
	at org.adempiere.webui.apps.WProcessCtl.process(Unknown Source)
	at org.adempiere.webui.apps.AbstractProcessDialog$ProcessDialogRunnable.doRun(Unknown Source)
	at org.adempiere.util.ContextRunnable.run(Unknown Source)
	at org.adempiere.webui.apps.DesktopRunnable.run(Unknown Source)
	at java.base/java.util.concurrent.Executors$RunnableAdapter.call(Executors.java:539)

16:30:31.015-----------> PackInApplicationActivator.getFilesToProcess: Processing migration [537]

*** 2026-06-02 16:35:25.549 idempiere Log (CLogFile) ***
