*** 2026-06-01 14:33:54.453 idempiere Log (CLogFile) ***
14:33:54.448 AnnotationBasedModelFactory.lambda$0: AnnotationBasedModelFactory loaded 741 classes in 2.16s [36]
14:33:54.453 Adempiere.startup: iDempiere(r) Release 14_2026-03-09 -Smart Suite ERP, CRM and SCM- (c) 1999-2026 iDempiere(r); Implementation: iDempiere - Supported by iDempiere community [27]
14:33:54.454 Ini.loadProperties: /home/nextcollege/BDeveloper/idempiere-dev-setup-14/idempiere/idempiere.properties #29 [27]
14:33:54.462-----------> Core.getKeyStore: Encryption with legacy key algorithm DES detected - it is recommended to migrate to a stronger algorithm [27]
14:33:55.011-----------> Activator.createHazelCastInstance: Starting hazelcast with configuration from file hazelcast.xml [27]
14:33:55.557-----------> CPSubsystem: [192.168.1.236]:5701 [adempiere.idempiere14/localhost:5432] [5.3.7] CP Subsystem is not enabled. CP data structures will operate in UNSAFE mode! Please note that UNSAFE mode will not provide strong consistency guarantees. [27]
14:33:55.832-----------> Node: [192.168.1.236]:5701 [adempiere.idempiere14/localhost:5432] [5.3.7] No join method is enabled! Starting standalone. [27]
14:33:56.400-----------> DB.isBuildOK: Build Version Error 

The program assumes build version 14.0.0.qualifier, but database has build version ${env.ADEMPIERE_VERSION} 20080428-1232. 
This is likely to cause hard to fix errors. 
Please contact administrator. [27]
14:33:58.194-----------> EMail.setFrom: you @ company.org: javax.mail.internet.AddressException: Local address contains control or whitespace in string ``you @ company.org'' [27]
14:33:58.199-----------> EMail.addTo: you @ company.org: javax.mail.internet.AddressException: Local address contains control or whitespace in string ``you @ company.org'' [27]
14:33:58.199-----------> EMail.isValid: From is invalid=null [27]
14:33:58.200-----------> EMail.isValid: From is invalid=null [27]
14:33:58.204-----------> MClient.sendEMail: Could NOT Send Email: Server started: iDempiere (nextcollege-G751JT:192.168.1.236) to you @ company.org: Invalid Data (System) [27]
14:33:59.508           LoggedSessionListener.contextInitialized: iDempiere context initialized for 10.3.0.1 [27]
14:34:46.307-----------> MStatusLine.parseLine: SELECT 
    Currency_usd,
    USD_TodayRate,
    USD_YesterdayRate,
    USD_PercentageChange,
    Currency_eur,
    EUR_TodayRate,
    EUR_YesterdayRate,
    EUR_PercentageChange
FROM EGS_RV_currencyexchange_to_bs;
 [337]
org.postgresql.util.PSQLException: ERROR: no existe la relación «egs_rv_currencyexchange_to_bs»
  Position: 185; State=42P01; ErrorCode=0
	at org.postgresql.core.v3.QueryExecutorImpl.receiveErrorResponse(QueryExecutorImpl.java:2736)
	at org.postgresql.core.v3.QueryExecutorImpl.processResults(QueryExecutorImpl.java:2421)
	at org.postgresql.core.v3.QueryExecutorImpl.execute(QueryExecutorImpl.java:372)
	at org.postgresql.jdbc.PgStatement.executeInternal(PgStatement.java:525)
	at org.postgresql.jdbc.PgStatement.execute(PgStatement.java:435)
	at org.postgresql.jdbc.PgPreparedStatement.executeWithFlags(PgPreparedStatement.java:196)
	at org.postgresql.jdbc.PgPreparedStatement.executeQuery(PgPreparedStatement.java:139)
	at com.zaxxer.hikari.pool.ProxyPreparedStatement.executeQuery(ProxyPreparedStatement.java:52)
	at com.zaxxer.hikari.pool.HikariProxyPreparedStatement.executeQuery(HikariProxyPreparedStatement.java)
	at jdk.internal.reflect.GeneratedMethodAccessor28.invoke(Unknown Source)
	at java.base/jdk.internal.reflect.DelegatingMethodAccessorImpl.invoke(DelegatingMethodAccessorImpl.java:43)
	at java.base/java.lang.reflect.Method.invoke(Method.java:569)
	at org.compiere.db.StatementProxy.invoke(Unknown Source)
	at jdk.proxy2/jdk.proxy2.$Proxy18.executeQuery(Unknown Source)
	at org.compiere.model.MStatusLine.parseLine(Unknown Source)
	at org.adempiere.webui.desktop.DashboardController.asyncRenderComponents(Unknown Source)
	at org.adempiere.webui.desktop.DashboardController.asyncRenderGadgetPanel(Unknown Source)
	at org.adempiere.webui.desktop.DashboardController$3.doRun(Unknown Source)
	at org.adempiere.util.ContextRunnable.run(Unknown Source)
	at org.adempiere.webui.apps.DesktopRunnable.run(Unknown Source)
	at java.base/java.util.concurrent.Executors$RunnableAdapter.call(Executors.java:539)

14:35:49.226-----------> MStatusLine.parseLine: SELECT 
    Currency_usd,
    USD_TodayRate,
    USD_YesterdayRate,
    USD_PercentageChange,
    Currency_eur,
    EUR_TodayRate,
    EUR_YesterdayRate,
    EUR_PercentageChange
FROM EGS_RV_currencyexchange_to_bs;
 [337]
org.postgresql.util.PSQLException: ERROR: no existe la relación «egs_rv_currencyexchange_to_bs»
  Position: 185; State=42P01; ErrorCode=0
	at org.postgresql.core.v3.QueryExecutorImpl.receiveErrorResponse(QueryExecutorImpl.java:2736)
	at org.postgresql.core.v3.QueryExecutorImpl.processResults(QueryExecutorImpl.java:2421)
	at org.postgresql.core.v3.QueryExecutorImpl.execute(QueryExecutorImpl.java:372)
	at org.postgresql.jdbc.PgStatement.executeInternal(PgStatement.java:525)
	at org.postgresql.jdbc.PgStatement.execute(PgStatement.java:435)
	at org.postgresql.jdbc.PgPreparedStatement.executeWithFlags(PgPreparedStatement.java:196)
	at org.postgresql.jdbc.PgPreparedStatement.executeQuery(PgPreparedStatement.java:139)
	at com.zaxxer.hikari.pool.ProxyPreparedStatement.executeQuery(ProxyPreparedStatement.java:52)
	at com.zaxxer.hikari.pool.HikariProxyPreparedStatement.executeQuery(HikariProxyPreparedStatement.java)
	at jdk.internal.reflect.GeneratedMethodAccessor28.invoke(Unknown Source)
	at java.base/jdk.internal.reflect.DelegatingMethodAccessorImpl.invoke(DelegatingMethodAccessorImpl.java:43)
	at java.base/java.lang.reflect.Method.invoke(Method.java:569)
	at org.compiere.db.StatementProxy.invoke(Unknown Source)
	at jdk.proxy2/jdk.proxy2.$Proxy18.executeQuery(Unknown Source)
	at org.compiere.model.MStatusLine.parseLine(Unknown Source)
	at org.adempiere.webui.desktop.DashboardController.asyncRenderComponents(Unknown Source)
	at org.adempiere.webui.desktop.DashboardController.asyncRenderGadgetPanel(Unknown Source)
	at org.adempiere.webui.desktop.DashboardController$3.doRun(Unknown Source)
	at org.adempiere.util.ContextRunnable.run(Unknown Source)
	at org.adempiere.webui.apps.DesktopRunnable.run(Unknown Source)
	at java.base/java.util.concurrent.Executors$RunnableAdapter.call(Executors.java:539)

14:36:00.641-----------> PackInApplicationActivator.getFilesToProcess: Processing migration [468]
14:36:09.232-----------> MRole.getProcessAccess: Role System Administrator has assigned access incompatible process Generates SIRE Purchase Record [387]
14:36:09.332-----------> MStatusLine.parseLine: SELECT 
    Currency_usd,
    USD_TodayRate,
    USD_YesterdayRate,
    USD_PercentageChange,
    Currency_eur,
    EUR_TodayRate,
    EUR_YesterdayRate,
    EUR_PercentageChange
FROM EGS_RV_currencyexchange_to_bs;
 [523]
org.postgresql.util.PSQLException: ERROR: no existe la relación «egs_rv_currencyexchange_to_bs»
  Position: 185; State=42P01; ErrorCode=0
	at org.postgresql.core.v3.QueryExecutorImpl.receiveErrorResponse(QueryExecutorImpl.java:2736)
	at org.postgresql.core.v3.QueryExecutorImpl.processResults(QueryExecutorImpl.java:2421)
	at org.postgresql.core.v3.QueryExecutorImpl.execute(QueryExecutorImpl.java:372)
	at org.postgresql.jdbc.PgStatement.executeInternal(PgStatement.java:525)
	at org.postgresql.jdbc.PgStatement.execute(PgStatement.java:435)
	at org.postgresql.jdbc.PgPreparedStatement.executeWithFlags(PgPreparedStatement.java:196)
	at org.postgresql.jdbc.PgPreparedStatement.executeQuery(PgPreparedStatement.java:139)
	at com.zaxxer.hikari.pool.ProxyPreparedStatement.executeQuery(ProxyPreparedStatement.java:52)
	at com.zaxxer.hikari.pool.HikariProxyPreparedStatement.executeQuery(HikariProxyPreparedStatement.java)
	at jdk.internal.reflect.GeneratedMethodAccessor28.invoke(Unknown Source)
	at java.base/jdk.internal.reflect.DelegatingMethodAccessorImpl.invoke(DelegatingMethodAccessorImpl.java:43)
	at java.base/java.lang.reflect.Method.invoke(Method.java:569)
	at org.compiere.db.StatementProxy.invoke(Unknown Source)
	at jdk.proxy2/jdk.proxy2.$Proxy18.executeQuery(Unknown Source)
	at org.compiere.model.MStatusLine.parseLine(Unknown Source)
	at org.adempiere.webui.desktop.DashboardController.asyncRenderComponents(Unknown Source)
	at org.adempiere.webui.desktop.DashboardController.asyncRenderGadgetPanel(Unknown Source)
	at org.adempiere.webui.desktop.DashboardController$3.doRun(Unknown Source)
	at org.adempiere.util.ContextRunnable.run(Unknown Source)
	at org.adempiere.webui.apps.DesktopRunnable.run(Unknown Source)
	at java.base/java.util.concurrent.Executors$RunnableAdapter.call(Executors.java:539)

14:44:21.389===========> DatabaseViewValidate.process: No hay componentes de vista especificados [605]
org.adempiere.exceptions.AdempiereException: No hay componentes de vista especificados
	at org.compiere.process.DatabaseViewValidate.validateDatabaseView(Unknown Source)
	at org.compiere.process.DatabaseViewValidate.doIt(Unknown Source)
	at org.compiere.process.SvrProcess.process(Unknown Source)
	at org.compiere.process.SvrProcess.startProcess(Unknown Source)
	at org.adempiere.util.ProcessUtil.startJavaProcess(Unknown Source)
	at org.compiere.apps.AbstractProcessCtl.startProcess(Unknown Source)
	at org.compiere.apps.AbstractProcessCtl.run(Unknown Source)
	at org.adempiere.webui.apps.WProcessCtl.process(Unknown Source)
	at org.adempiere.webui.apps.AbstractProcessDialog$ProcessDialogRunnable.doRun(Unknown Source)
	at org.adempiere.util.ContextRunnable.run(Unknown Source)
	at org.adempiere.webui.apps.DesktopRunnable.run(Unknown Source)

14:44:44.005===========> DatabaseViewValidate.process: No hay componentes de vista especificados [621]
org.adempiere.exceptions.AdempiereException: No hay componentes de vista especificados
	at org.compiere.process.DatabaseViewValidate.validateDatabaseView(Unknown Source)
	at org.compiere.process.DatabaseViewValidate.doIt(Unknown Source)
	at org.compiere.process.SvrProcess.process(Unknown Source)
	at org.compiere.process.SvrProcess.startProcess(Unknown Source)
	at org.adempiere.util.ProcessUtil.startJavaProcess(Unknown Source)
	at org.compiere.apps.AbstractProcessCtl.startProcess(Unknown Source)
	at org.compiere.apps.AbstractProcessCtl.run(Unknown Source)
	at org.adempiere.webui.apps.WProcessCtl.process(Unknown Source)
	at org.adempiere.webui.apps.AbstractProcessDialog$ProcessDialogRunnable.doRun(Unknown Source)
	at org.adempiere.util.ContextRunnable.run(Unknown Source)
	at org.adempiere.webui.apps.DesktopRunnable.run(Unknown Source)

15:42:48.676-----------> MRole.getProcessAccess: Role System Administrator has assigned access incompatible process Asset Parent Report [390]
15:42:48.676-----------> MRole.getProcessAccess: Role System Administrator has assigned access incompatible process Asset Group Defaults [390]
15:42:48.677-----------> MRole.getProcessAccess: Role System Administrator has assigned access incompatible process Depreciation Table [390]
15:42:48.677-----------> MRole.getProcessAccess: Role System Administrator has assigned access incompatible process Asset Convention Report [390]
15:42:48.678-----------> MRole.getProcessAccess: Role System Administrator has assigned access incompatible process Asset Depreciation Method [390]
15:42:48.679-----------> MRole.getProcessAccess: Role System Administrator has assigned access incompatible process Generates SIRE Purchase Record [390]
15:43:00.673-----------> MRole.getProcessAccess: Role System Administrator has assigned access incompatible process Generates SIRE Purchase Record [389]
15:43:40.295-----------> MRole.getProcessAccess: Role System Administrator has assigned access incompatible process Asset Parent Report [345]
15:43:40.296-----------> MRole.getProcessAccess: Role System Administrator has assigned access incompatible process Asset Group Defaults [345]
15:43:40.296-----------> MRole.getProcessAccess: Role System Administrator has assigned access incompatible process Depreciation Table [345]
15:43:40.296-----------> MRole.getProcessAccess: Role System Administrator has assigned access incompatible process Asset Convention Report [345]
15:43:40.296-----------> MRole.getProcessAccess: Role System Administrator has assigned access incompatible process Asset Depreciation Method [345]
15:43:40.297-----------> MRole.getProcessAccess: Role System Administrator has assigned access incompatible process Generates SIRE Purchase Record [345]
15:44:33.285-----------> Msg.getMsg: NOT found: El registro actual fue cambiado por otro usuario, por favor refresque [862]

*** 2026-06-01 16:10:24.479 idempiere Log (CLogFile) ***
