*** 2026-06-02 16:21:37.365 idempiere Log (CLogFile) ***
16:21:37.364 Adempiere.startup: iDempiere(r) Release 14_2026-03-09 -Smart Suite ERP, CRM and SCM- (c) 1999-2026 iDempiere(r); Implementation: iDempiere - Supported by iDempiere community [27]
16:21:37.366 Ini.loadProperties: /home/nextcollege/BDeveloper/idempiere-dev-setup-14/idempiere/idempiere.properties #29 [27]
16:21:37.383-----------> Core.getKeyStore: Encryption with legacy key algorithm DES detected - it is recommended to migrate to a stronger algorithm [27]
16:21:37.990-----------> Activator.createHazelCastInstance: Starting hazelcast with configuration from file hazelcast.xml [27]
16:21:38.733-----------> CPSubsystem: [192.168.0.55]:5701 [adempiere.idempiere14/localhost:5432] [5.3.7] CP Subsystem is not enabled. CP data structures will operate in UNSAFE mode! Please note that UNSAFE mode will not provide strong consistency guarantees. [27]
16:21:39.127-----------> Node: [192.168.0.55]:5701 [adempiere.idempiere14/localhost:5432] [5.3.7] No join method is enabled! Starting standalone. [27]
16:21:39.755-----------> DB.isBuildOK: Build Version Error 

The program assumes build version 14.0.0.qualifier, but database has build version ${env.ADEMPIERE_VERSION} 20080428-1232. 
This is likely to cause hard to fix errors. 
Please contact administrator. [27]
16:21:41.867-----------> EMail.setFrom: you @ company.org: javax.mail.internet.AddressException: Local address contains control or whitespace in string ``you @ company.org'' [27]
16:21:41.874-----------> EMail.addTo: you @ company.org: javax.mail.internet.AddressException: Local address contains control or whitespace in string ``you @ company.org'' [27]
16:21:41.875-----------> EMail.isValid: From is invalid=null [27]
16:21:41.875-----------> EMail.isValid: From is invalid=null [27]
16:21:41.879-----------> MClient.sendEMail: Could NOT Send Email: Server started: iDempiere (nextcollege-G751JT:192.168.0.55) to you @ company.org: Invalid Data (System) [27]
16:21:43.326           LoggedSessionListener.contextInitialized: iDempiere context initialized for 10.3.0.1 [27]
16:21:43.543-----------> TimeZoneDataBaseVersionChecker.init: Time zone data version mismatch detected:
 - Client (moment.js) tzdb version: 2025b
 - Server (JDK) tzdb version: 2026a
Date and time values may be incorrect if time zone rules differ.
To resolve, update the moment-timezone data on the client and/or the JDK time zone data (TZUpdater or Java update) on the server so both use the same version. [27]
16:23:44.596-----------> PackInApplicationActivator.getFilesToProcess: Processing migration [522]
16:24:28.769-----------> EGSCreateRateUSDtoPEN.doIt: PASO 1: Estableciendo contexto de sesión perimetral... [569]
16:24:28.891-----------> EGSCreateRateUSDtoPEN.doIt: Cookies F5 BIG-IP sincronizadas: [IAASISTENCIAGESTIONSESSION, TS0105b0c6, TSf3c1dbbd027] [569]
16:24:28.892-----------> EGSCreateRateUSDtoPEN.doIt: Esperando 4000ms para simular tiempo de renderizado de interfaz... [569]
16:24:32.892-----------> EGSCreateRateUSDtoPEN.doIt: PASO 2: Transmitiendo consulta de formulario unificada... [569]
16:24:32.949-----------> EGSCreateRateUSDtoPEN.doIt: Respuesta cruda del servidor: <html><head><title>Request Rejected</title></head><body>The requested URL was rejected. Please consult with your administrator.<br><br>Your support ID is: 16158738458176788302<br><br><a href='javascript:history.back();'>[Go Back]</a></body></html> [569]
16:24:32.949-----------> EGSCreateRateUSDtoPEN.doIt: Rechazo detectado en el cuerpo de la respuesta. Incrementando penalización de tiempo... [569]
16:24:34.950-----------> EGSCreateRateUSDtoPEN.doIt: Intento 2 de 5. Reintentando secuencia completa... [569]
16:24:39.951-----------> EGSCreateRateUSDtoPEN.doIt: PASO 1: Estableciendo contexto de sesión perimetral... [569]
16:24:40.020-----------> EGSCreateRateUSDtoPEN.doIt: Cookies F5 BIG-IP sincronizadas: [IAASISTENCIAGESTIONSESSION, TS0105b0c6, TSf3c1dbbd027] [569]
16:24:40.020-----------> EGSCreateRateUSDtoPEN.doIt: Esperando 4000ms para simular tiempo de renderizado de interfaz... [569]
16:24:44.021-----------> EGSCreateRateUSDtoPEN.doIt: PASO 2: Transmitiendo consulta de formulario unificada... [569]
16:24:44.076-----------> EGSCreateRateUSDtoPEN.doIt: Error de E/S en intento 2: HTTP error fetching URL. Status=415, URL=[https://e-consulta.sunat.gob.pe/cl-at-ittipcam/tcS01Alias/listarTipoCambio] [569]
16:24:44.076-----------> EGSCreateRateUSDtoPEN.doIt: Intento 3 de 5. Reintentando secuencia completa... [569]
16:24:49.076-----------> EGSCreateRateUSDtoPEN.doIt: PASO 1: Estableciendo contexto de sesión perimetral... [569]
16:24:49.171-----------> EGSCreateRateUSDtoPEN.doIt: Cookies F5 BIG-IP sincronizadas: [IAASISTENCIAGESTIONSESSION, TS0105b0c6, TSf3c1dbbd027] [569]
16:24:49.171-----------> EGSCreateRateUSDtoPEN.doIt: Esperando 4000ms para simular tiempo de renderizado de interfaz... [569]
16:24:53.172-----------> EGSCreateRateUSDtoPEN.doIt: PASO 2: Transmitiendo consulta de formulario unificada... [569]
16:24:53.227-----------> EGSCreateRateUSDtoPEN.doIt: Error de E/S en intento 3: HTTP error fetching URL. Status=415, URL=[https://e-consulta.sunat.gob.pe/cl-at-ittipcam/tcS01Alias/listarTipoCambio] [569]
16:24:53.227-----------> EGSCreateRateUSDtoPEN.doIt: Intento 4 de 5. Reintentando secuencia completa... [569]
16:24:58.228-----------> EGSCreateRateUSDtoPEN.doIt: PASO 1: Estableciendo contexto de sesión perimetral... [569]
16:24:58.299-----------> EGSCreateRateUSDtoPEN.doIt: Cookies F5 BIG-IP sincronizadas: [IAASISTENCIAGESTIONSESSION, TSf3c1dbbd027] [569]
16:24:58.299-----------> EGSCreateRateUSDtoPEN.doIt: Esperando 4000ms para simular tiempo de renderizado de interfaz... [569]
16:25:02.299-----------> EGSCreateRateUSDtoPEN.doIt: PASO 2: Transmitiendo consulta de formulario unificada... [569]
16:25:02.385-----------> EGSCreateRateUSDtoPEN.doIt: Respuesta cruda del servidor: <html><head><title>Request Rejected</title></head><body>The requested URL was rejected. Please consult with your administrator.<br><br>Your support ID is: 11781552370953085826<br><br><a href='javascript:history.back();'>[Go Back]</a></body></html> [569]
16:25:02.385-----------> EGSCreateRateUSDtoPEN.doIt: Rechazo detectado en el cuerpo de la respuesta. Incrementando penalización de tiempo... [569]
16:25:04.386-----------> EGSCreateRateUSDtoPEN.doIt: Intento 5 de 5. Reintentando secuencia completa... [569]
16:25:09.386-----------> EGSCreateRateUSDtoPEN.doIt: PASO 1: Estableciendo contexto de sesión perimetral... [569]
16:25:09.462-----------> EGSCreateRateUSDtoPEN.doIt: Cookies F5 BIG-IP sincronizadas: [IAASISTENCIAGESTIONSESSION, TS0105b0c6, TS61ff7286027] [569]
16:25:09.463-----------> EGSCreateRateUSDtoPEN.doIt: Esperando 4000ms para simular tiempo de renderizado de interfaz... [569]
16:25:13.463-----------> EGSCreateRateUSDtoPEN.doIt: PASO 2: Transmitiendo consulta de formulario unificada... [569]
16:25:13.519-----------> EGSCreateRateUSDtoPEN.doIt: Respuesta cruda del servidor: <html><head><title>Request Rejected</title></head><body>The requested URL was rejected. Please consult with your administrator.<br><br>Your support ID is: 1939715761169567189<br><br><a href='javascript:history.back();'>[Go Back]</a></body></html> [569]
16:25:13.520-----------> EGSCreateRateUSDtoPEN.doIt: Rechazo detectado en el cuerpo de la respuesta. Incrementando penalización de tiempo... [569]
16:25:15.522===========> EGSCreateRateUSDtoPEN.process: Error de consistencia en la asignación final del tipo de cambio. [569]
UserError: Error de consistencia en la asignación final del tipo de cambio.
	at com.egssmart.finantials.proccess.EGSCreateRateUSDtoPEN.doIt(Unknown Source)
	at org.compiere.process.SvrProcess.process(Unknown Source)
	at org.compiere.process.SvrProcess.startProcess(Unknown Source)
	at org.adempiere.util.ProcessUtil.startJavaProcess(Unknown Source)
	at org.compiere.apps.AbstractProcessCtl.startProcess(Unknown Source)
	at org.compiere.apps.AbstractProcessCtl.run(Unknown Source)
	at org.adempiere.webui.apps.WProcessCtl.process(Unknown Source)
	at org.adempiere.webui.apps.AbstractProcessDialog$ProcessDialogRunnable.doRun(Unknown Source)
	at org.adempiere.util.ContextRunnable.run(Unknown Source)
	at org.adempiere.webui.apps.DesktopRunnable.run(Unknown Source)
	at java.base/java.util.concurrent.Executors$RunnableAdapter.call(Executors.java:539)


*** 2026-06-02 16:28:15.785 idempiere Log (CLogFile) ***
