*** 2026-06-02 00:22:43.225 idempiere Log (CLogFile) ***
00:22:43.222 Adempiere.startup: iDempiere(r) Release 14_2026-03-09 -Smart Suite ERP, CRM and SCM- (c) 1999-2026 iDempiere(r); Implementation: iDempiere - Supported by iDempiere community [27]
00:22:43.226 Ini.loadProperties: /home/nextcollege/BDeveloper/idempiere-dev-setup-14/idempiere/idempiere.properties #29 [27]
00:22:43.233-----------> Core.getKeyStore: Encryption with legacy key algorithm DES detected - it is recommended to migrate to a stronger algorithm [27]
00:22:43.830-----------> Activator.createHazelCastInstance: Starting hazelcast with configuration from file hazelcast.xml [27]
00:22:44.508-----------> CPSubsystem: [192.168.0.55]:5701 [adempiere.idempiere14/localhost:5432] [5.3.7] CP Subsystem is not enabled. CP data structures will operate in UNSAFE mode! Please note that UNSAFE mode will not provide strong consistency guarantees. [27]
00:22:44.912-----------> Node: [192.168.0.55]:5701 [adempiere.idempiere14/localhost:5432] [5.3.7] No join method is enabled! Starting standalone. [27]
00:22:45.670-----------> DB.isBuildOK: Build Version Error 

The program assumes build version 14.0.0.qualifier, but database has build version ${env.ADEMPIERE_VERSION} 20080428-1232. 
This is likely to cause hard to fix errors. 
Please contact administrator. [27]
00:22:48.037-----------> EMail.setFrom: you @ company.org: javax.mail.internet.AddressException: Local address contains control or whitespace in string ``you @ company.org'' [27]
00:22:48.042-----------> EMail.addTo: you @ company.org: javax.mail.internet.AddressException: Local address contains control or whitespace in string ``you @ company.org'' [27]
00:22:48.043-----------> EMail.isValid: From is invalid=null [27]
00:22:48.043-----------> EMail.isValid: From is invalid=null [27]
00:22:48.047-----------> MClient.sendEMail: Could NOT Send Email: Server started: iDempiere (nextcollege-G751JT:192.168.0.55) to you @ company.org: Invalid Data (System) [27]
00:22:49.533           LoggedSessionListener.contextInitialized: iDempiere context initialized for 10.3.0.1 [27]
00:24:51.009-----------> PackInApplicationActivator.getFilesToProcess: Processing migration [405]
00:36:55.605-----------> MClient.createEMail: From EMail incomplete: MUser[10,Name=System,EMailUserID=null] (System) [404]
00:36:55.632-----------> MClient.createEMail: From EMail incomplete: MUser[10,Name=System,EMailUserID=null] (System) [404]
00:37:36.012-----------> MRole.getProcessAccess: Role System Administrator has assigned access incompatible process Generates SIRE Purchase Record [274]
00:37:36.013-----------> MRole.getProcessAccess: Role System Administrator has assigned access incompatible process EGSCreateRateUSDtoPEN [274]
00:42:51.970===========> GridWindowVO.createTabs: No Tabs - AD_Window_ID=50007 - SELECT * FROM AD_Tab_vt WHERE AD_Window_ID=? AND AD_Language='es_CO' AND IsAdvancedTab='N'  ORDER BY SeqNo [641]
00:42:51.979===========> UiEngineImpl.handleError: at [/index.zul] [641]
org.adempiere.webui.exception.ApplicationException: No se puede ver esta información con su rol actual(No Window Model Info)
	at org.adempiere.webui.panel.AbstractMenuPanel.fireMenuSelectedEvent(Unknown Source)
	at org.adempiere.webui.panel.AbstractMenuPanel.doOnClick(Unknown Source)
	at org.adempiere.webui.panel.AbstractMenuPanel.onEvent(Unknown Source)
	at org.adempiere.webui.panel.MenuTreePanel.onEvent(Unknown Source)
	at org.zkoss.zk.ui.AbstractComponent.onEvent(AbstractComponent.java:3171)
	at org.zkoss.zk.ui.AbstractComponent.service(AbstractComponent.java:3141)
	at org.zkoss.zk.ui.AbstractComponent.service(AbstractComponent.java:3083)
	at org.zkoss.zk.ui.impl.EventProcessor.process(EventProcessor.java:138)
	at org.zkoss.zk.ui.impl.UiEngineImpl.processEvent(UiEngineImpl.java:1902)
	at org.zkoss.zk.ui.impl.UiEngineImpl.process(UiEngineImpl.java:1674)
	at org.zkoss.zk.ui.impl.UiEngineImpl.execUpdate(UiEngineImpl.java:1332)
	at org.zkoss.zk.au.http.DHtmlUpdateServlet.process(DHtmlUpdateServlet.java:535)
	at org.zkoss.zk.au.http.DHtmlUpdateServlet.doGet(DHtmlUpdateServlet.java:408)
	at org.zkoss.zk.au.http.DHtmlUpdateServlet.doPost(DHtmlUpdateServlet.java:416)
	at javax.servlet.http.HttpServlet.service(HttpServlet.java:523)
	at javax.servlet.http.HttpServlet.service(HttpServlet.java:590)
	at org.eclipse.jetty.ee8.servlet.ServletHolder$NotAsync.service(ServletHolder.java:1157)
	at org.eclipse.jetty.ee8.servlet.ServletHolder.handle(ServletHolder.java:651)
	at org.eclipse.jetty.ee8.servlet.ServletHandler$ChainEnd.doFilter(ServletHandler.java:1374)
	at org.adempiere.webui.sso.filter.SSOWebUIFilter.doFilter(Unknown Source)
	at org.eclipse.jetty.ee8.servlet.FilterHolder.doFilter(FilterHolder.java:171)
caused by: org.adempiere.webui.exception.ApplicationException: No se puede ver esta información con su rol actual(No Window Model Info)
	at org.adempiere.webui.adwindow.ADWindow.<init>(Unknown Source)
	at org.adempiere.webui.desktop.TabbedDesktop.openWindow(Unknown Source)
	at org.adempiere.webui.desktop.TabbedDesktop.openWindow(Unknown Source)
	at org.adempiere.webui.desktop.AbstractDesktop.onMenuSelected(Unknown Source)
	at org.adempiere.webui.desktop.DefaultDesktop.onMenuSelected(Unknown Source)
	at org.adempiere.webui.panel.AbstractMenuPanel.fireMenuSelectedEvent(Unknown Source)
	at org.adempiere.webui.panel.AbstractMenuPanel.doOnClick(Unknown Source)
	at org.adempiere.webui.panel.AbstractMenuPanel.onEvent(Unknown Source)
	at org.adempiere.webui.panel.MenuTreePanel.onEvent(Unknown Source)
	at org.zkoss.zk.ui.AbstractComponent.onEvent(AbstractComponent.java:3171)
	at org.zkoss.zk.ui.AbstractComponent.service(AbstractComponent.java:3141)
caused by: org.adempiere.webui.exception.ApplicationException: No se puede ver esta información con su rol actual(No Window Model Info)
	at org.adempiere.webui.adwindow.AbstractADWindowContent.initComponents(Unknown Source)
	at org.adempiere.webui.adwindow.AbstractADWindowContent.<init>(Unknown Source)
	at org.adempiere.webui.adwindow.ADWindowContent.<init>(Unknown Source)
	at org.adempiere.webui.adwindow.ADWindow.init(Unknown Source)
	at org.adempiere.webui.adwindow.ADWindow.<init>(Unknown Source)
	at org.adempiere.webui.desktop.TabbedDesktop.openWindow(Unknown Source)
	at org.adempiere.webui.desktop.TabbedDesktop.openWindow(Unknown Source)
	at org.adempiere.webui.desktop.AbstractDesktop.onMenuSelected(Unknown Source)
	at org.adempiere.webui.desktop.DefaultDesktop.onMenuSelected(Unknown Source)
	at org.adempiere.webui.panel.AbstractMenuPanel.fireMenuSelectedEvent(Unknown Source)
	at org.adempiere.webui.panel.AbstractMenuPanel.doOnClick(Unknown Source)
	at org.adempiere.webui.panel.AbstractMenuPanel.onEvent(Unknown Source)
	at org.adempiere.webui.panel.MenuTreePanel.onEvent(Unknown Source)

00:43:37.619-----------> MRole.getProcessAccess: Role System Administrator has assigned access incompatible process Generates SIRE Purchase Record [407]
00:43:37.619-----------> MRole.getProcessAccess: Role System Administrator has assigned access incompatible process EGSCreateRateUSDtoPEN [407]
00:46:09.754-----------> MRole.getProcessAccess: Role System Administrator has assigned access incompatible process Generates SIRE Purchase Record [277]
00:46:09.755-----------> MRole.getProcessAccess: Role System Administrator has assigned access incompatible process EGSCreateRateUSDtoPEN [277]
00:46:55.875===========> DB.executeUpdate: UPDATE AD_Message SET Value=?, EntityType=?,Updated=?,UpdatedBy=? WHERE AD_Message_ID=1000000 [POSaveAD_Message_019e86de-e7fa-751f-a563-e056297d552c] [505]
org.postgresql.util.PSQLException: ERROR: llave duplicada viola restricción de unicidad «ad_message_value»
  Detail: Ya existe la llave (value)=(CurrencyRate Yesterday vs Today (to PEN)).; State=23505; ErrorCode=0
	at org.postgresql.core.v3.QueryExecutorImpl.receiveErrorResponse(QueryExecutorImpl.java:2736)
	at org.postgresql.core.v3.QueryExecutorImpl.processResults(QueryExecutorImpl.java:2421)
	at org.postgresql.core.v3.QueryExecutorImpl.execute(QueryExecutorImpl.java:372)
	at org.postgresql.jdbc.PgStatement.executeInternal(PgStatement.java:525)
	at org.postgresql.jdbc.PgStatement.execute(PgStatement.java:435)
	at org.postgresql.jdbc.PgPreparedStatement.executeWithFlags(PgPreparedStatement.java:196)
	at org.postgresql.jdbc.PgPreparedStatement.executeUpdate(PgPreparedStatement.java:157)
	at com.zaxxer.hikari.pool.ProxyPreparedStatement.executeUpdate(ProxyPreparedStatement.java:61)
	at com.zaxxer.hikari.pool.HikariProxyPreparedStatement.executeUpdate(HikariProxyPreparedStatement.java)
	at jdk.internal.reflect.GeneratedMethodAccessor85.invoke(Unknown Source)
	at java.base/jdk.internal.reflect.DelegatingMethodAccessorImpl.invoke(DelegatingMethodAccessorImpl.java:43)
	at java.base/java.lang.reflect.Method.invoke(Method.java:569)
	at org.compiere.db.StatementProxy.invoke(Unknown Source)
	at jdk.proxy2/jdk.proxy2.$Proxy18.executeUpdate(Unknown Source)
	at org.compiere.util.DB.executeUpdate(Unknown Source)
	at org.compiere.util.DB.executeUpdate(Unknown Source)
	at org.compiere.model.PO.doUpdate(Unknown Source)
	at org.compiere.model.PO.saveUpdate(Unknown Source)
	at org.compiere.model.PO.save(Unknown Source)
	at org.compiere.model.GridTable.dataSavePO(Unknown Source)
	at org.compiere.model.GridTable.dataSave(Unknown Source)
	at org.compiere.model.GridTab.dataSave(Unknown Source)
	at org.adempiere.webui.adwindow.ADTabpanel.dataSave(Unknown Source)
	at org.adempiere.webui.adwindow.CompositeADTabbox.dataSave(Unknown Source)
	at org.adempiere.webui.adwindow.AbstractADWindowContent.onSave0(Unknown Source)
	at org.adempiere.webui.adwindow.AbstractADWindowContent.onSaveCallback(Unknown Source)
	at org.adempiere.webui.adwindow.AbstractADWindowContent$30.onCallback(Unknown Source)
	at org.adempiere.webui.adwindow.AbstractADWindowContent$30.onCallback(Unknown Source)
	at org.adempiere.webui.adwindow.validator.WindowValidatorManager$ChainCallback.start(Unknown Source)
	at org.adempiere.webui.adwindow.validator.WindowValidatorManager.fireWindowValidatorEvent(Unknown Source)
	at org.adempiere.webui.adwindow.AbstractADWindowContent.onSave(Unknown Source)
	at org.adempiere.webui.adwindow.AbstractADWindowContent.onSave(Unknown Source)

00:46:55.880===========> DB.saveError: SaveErrorNotUnique - ERROR: llave duplicada viola restricción de unicidad «ad_message_value»
  Detail: Ya existe la llave (value)=(CurrencyRate Yesterday vs Today (to PEN)). [505]
00:46:55.880-----------> MMessage.doUpdate: [POSaveAD_Message_019e86de-e7fa-751f-a563-e056297d552c]Not updated - AD_Message [505]
00:46:55.888===========> MMessage.saveError: SaveErrorNotUnique - ERROR: llave duplicada viola restricción de unicidad «ad_message_value»
  Detail: Ya existe la llave (value)=(CurrencyRate Yesterday vs Today (to PEN)). [505]
00:46:55.889-----------> GridTable.saveWarning: SaveErrorNotUnique - ERROR: llave duplicada viola restricción de unicidad «ad_message_value»
  Detail: Ya existe la llave (value)=(CurrencyRate Yesterday vs Today (to PEN)). [505]
00:48:03.140===========> DB.executeUpdate: UPDATE AD_Message SET Value=?,Updated=?,UpdatedBy=? WHERE AD_Message_ID=1000000 [POSaveAD_Message_019e86df-eebd-72c4-b7a6-ad7389738972] [641]
org.postgresql.util.PSQLException: ERROR: llave duplicada viola restricción de unicidad «ad_message_value»
  Detail: Ya existe la llave (value)=(CurrencyRate Yesterday vs Today (to PEN)).; State=23505; ErrorCode=0
	at org.postgresql.core.v3.QueryExecutorImpl.receiveErrorResponse(QueryExecutorImpl.java:2736)
	at org.postgresql.core.v3.QueryExecutorImpl.processResults(QueryExecutorImpl.java:2421)
	at org.postgresql.core.v3.QueryExecutorImpl.execute(QueryExecutorImpl.java:372)
	at org.postgresql.jdbc.PgStatement.executeInternal(PgStatement.java:525)
	at org.postgresql.jdbc.PgStatement.execute(PgStatement.java:435)
	at org.postgresql.jdbc.PgPreparedStatement.executeWithFlags(PgPreparedStatement.java:196)
	at org.postgresql.jdbc.PgPreparedStatement.executeUpdate(PgPreparedStatement.java:157)
	at com.zaxxer.hikari.pool.ProxyPreparedStatement.executeUpdate(ProxyPreparedStatement.java:61)
	at com.zaxxer.hikari.pool.HikariProxyPreparedStatement.executeUpdate(HikariProxyPreparedStatement.java)
	at jdk.internal.reflect.GeneratedMethodAccessor85.invoke(Unknown Source)
	at java.base/jdk.internal.reflect.DelegatingMethodAccessorImpl.invoke(DelegatingMethodAccessorImpl.java:43)
	at java.base/java.lang.reflect.Method.invoke(Method.java:569)
	at org.compiere.db.StatementProxy.invoke(Unknown Source)
	at jdk.proxy2/jdk.proxy2.$Proxy18.executeUpdate(Unknown Source)
	at org.compiere.util.DB.executeUpdate(Unknown Source)
	at org.compiere.util.DB.executeUpdate(Unknown Source)
	at org.compiere.model.PO.doUpdate(Unknown Source)
	at org.compiere.model.PO.saveUpdate(Unknown Source)
	at org.compiere.model.PO.save(Unknown Source)
	at org.compiere.model.GridTable.dataSavePO(Unknown Source)
	at org.compiere.model.GridTable.dataSave(Unknown Source)
	at org.compiere.model.GridTab.dataSave(Unknown Source)
	at org.adempiere.webui.adwindow.ADTabpanel.dataSave(Unknown Source)
	at org.adempiere.webui.adwindow.CompositeADTabbox.dataSave(Unknown Source)
	at org.adempiere.webui.adwindow.AbstractADWindowContent.onSave0(Unknown Source)
	at org.adempiere.webui.adwindow.AbstractADWindowContent.onSaveCallback(Unknown Source)
	at org.adempiere.webui.adwindow.AbstractADWindowContent$30.onCallback(Unknown Source)
	at org.adempiere.webui.adwindow.AbstractADWindowContent$30.onCallback(Unknown Source)
	at org.adempiere.webui.adwindow.validator.WindowValidatorManager$ChainCallback.start(Unknown Source)
	at org.adempiere.webui.adwindow.validator.WindowValidatorManager.fireWindowValidatorEvent(Unknown Source)
	at org.adempiere.webui.adwindow.AbstractADWindowContent.onSave(Unknown Source)
	at org.adempiere.webui.adwindow.AbstractADWindowContent.onSave(Unknown Source)

00:48:03.142===========> DB.saveError: SaveErrorNotUnique - ERROR: llave duplicada viola restricción de unicidad «ad_message_value»
  Detail: Ya existe la llave (value)=(CurrencyRate Yesterday vs Today (to PEN)). [641]
00:48:03.142-----------> MMessage.doUpdate: [POSaveAD_Message_019e86df-eebd-72c4-b7a6-ad7389738972]Not updated - AD_Message [641]
00:48:03.144===========> MMessage.saveError: SaveErrorNotUnique - ERROR: llave duplicada viola restricción de unicidad «ad_message_value»
  Detail: Ya existe la llave (value)=(CurrencyRate Yesterday vs Today (to PEN)). [641]
00:48:03.144-----------> GridTable.saveWarning: SaveErrorNotUnique - ERROR: llave duplicada viola restricción de unicidad «ad_message_value»
  Detail: Ya existe la llave (value)=(CurrencyRate Yesterday vs Today (to PEN)). [641]
00:48:55.014-----------> MRole.getProcessAccess: Role System Administrator has assigned access incompatible process Generates SIRE Purchase Record [503]
00:48:55.015-----------> MRole.getProcessAccess: Role System Administrator has assigned access incompatible process EGSCreateRateUSDtoPEN [503]
00:51:53.230===========> EGSCreateRateUSDtoPEN.process: No se pudo localizar la celda del día de hoy en el calendario de la SUNAT. [520]
UserError: No se pudo localizar la celda del día de hoy en el calendario de la SUNAT.
	at com.egssmart.finantials.proccess.EGSCreateRateUSDtoPEN.doIt(Unknown Source)
	at org.compiere.process.SvrProcess.process(Unknown Source)
	at org.compiere.process.SvrProcess.startProcess(Unknown Source)
	at org.adempiere.util.ProcessUtil.startJavaProcess(Unknown Source)
	at org.compiere.apps.AbstractProcessCtl.startProcess(Unknown Source)
	at org.compiere.apps.AbstractProcessCtl.run(Unknown Source)
	at org.adempiere.webui.apps.WProcessCtl.process(Unknown Source)
	at org.adempiere.webui.apps.AbstractProcessDialog$ProcessDialogRunnable.doRun(Unknown Source)
	at org.adempiere.util.ContextRunnable.run(Unknown Source)
	at org.adempiere.webui.apps.DesktopRunnable.run(Unknown Source)
	at java.base/java.util.concurrent.Executors$RunnableAdapter.call(Executors.java:539)


*** 2026-06-02 01:20:48.873 idempiere Log (CLogFile) ***
