*** 2026-06-02 21:09:08.154 idempiere Log (CLogFile) ***
21:09:08.154 Adempiere.startup: iDempiere(r) Release 14_2026-03-09 -Smart Suite ERP, CRM and SCM- (c) 1999-2026 iDempiere(r); Implementation: iDempiere - Supported by iDempiere community [27]
21:09:08.155 Ini.loadProperties: /home/nextcollege/BDeveloper/idempiere-dev-setup-14/idempiere/idempiere.properties #29 [27]
21:09:08.161-----------> Core.getKeyStore: Encryption with legacy key algorithm DES detected - it is recommended to migrate to a stronger algorithm [27]
21:09:08.687-----------> Activator.createHazelCastInstance: Starting hazelcast with configuration from file hazelcast.xml [27]
21:09:09.230-----------> CPSubsystem: [192.168.0.55]:5701 [adempiere.idempiere14/localhost:5432] [5.3.7] CP Subsystem is not enabled. CP data structures will operate in UNSAFE mode! Please note that UNSAFE mode will not provide strong consistency guarantees. [27]
21:09:09.589-----------> Node: [192.168.0.55]:5701 [adempiere.idempiere14/localhost:5432] [5.3.7] No join method is enabled! Starting standalone. [27]
21:09:10.255-----------> DB.isBuildOK: Build Version Error 

The program assumes build version 14.0.0.qualifier, but database has build version ${env.ADEMPIERE_VERSION} 20080428-1232. 
This is likely to cause hard to fix errors. 
Please contact administrator. [27]
21:09:12.578-----------> EMail.setFrom: you @ company.org: javax.mail.internet.AddressException: Local address contains control or whitespace in string ``you @ company.org'' [27]
21:09:12.582-----------> EMail.addTo: you @ company.org: javax.mail.internet.AddressException: Local address contains control or whitespace in string ``you @ company.org'' [27]
21:09:12.582-----------> EMail.isValid: From is invalid=null [27]
21:09:12.583-----------> EMail.isValid: From is invalid=null [27]
21:09:12.587-----------> MClient.sendEMail: Could NOT Send Email: Server started: iDempiere (nextcollege-G751JT:192.168.0.55) to you @ company.org: Invalid Data (System) [27]
21:09:13.863           LoggedSessionListener.contextInitialized: iDempiere context initialized for 10.3.0.1 [27]
21:09:14.084-----------> TimeZoneDataBaseVersionChecker.init: Time zone data version mismatch detected:
 - Client (moment.js) tzdb version: 2025b
 - Server (JDK) tzdb version: 2026a
Date and time values may be incorrect if time zone rules differ.
To resolve, update the moment-timezone data on the client and/or the JDK time zone data (TZUpdater or Java update) on the server so both use the same version. [27]
21:10:01.268-----------> EGSCreateRateUSDtoPEN.doIt: PASO 1: Abriendo canal seguro y capturando contexto... [527]
21:10:01.366-----------> EGSCreateRateUSDtoPEN.doIt: Cookies validadas: [TSf3c1dbbd027=08fe7428c8ab200042afe9a2a6c76f5c2a6119dedd6fb0c9b1ecce14995dea4cfa96b50d1f19e69c08f8956e2111300040d522ee07187d5afc889fe4eed874b3c1c9e80086893d4dee6977d1a7ad183cfcb71803d8d1ff4b15e9aaa758d12849; TS0105b0c6=014dc399cb9918c3b6e6a1b45ea539aadb1f78eba565e345c654cc5370baf0d23ec11c61d7b09c5e92054ecc1f6a24ea7a281894e5c1f9383d13977d98ee90e974dee94292; IAASISTENCIAGESTIONSESSION=D_eLPq4K8ZwARQB4yNR1MjqlLjYYSZCOdUWVa5q5DKUMeKZdSjLdF_FKREeDtuC0kYbBTJQD3rYMiLQm9hEiBlbaOuqp0k1DTsOhqRf_dZVEtMz6MzJtXcEt-we2u4Yp3flqi11EQM9xdWumwkYTUd6hyAWZOpQNti8yYnsTU6sArSz3LnVleCY5HDhQKbJhGqET_UfK1spW8y8lf0mL09Jpw_VyRwT_z4ViWLvsjf-rSHwW_FFcCaGI1LkoxrD1!1298053303!-445114015] [527]
21:10:01.378-----------> EGSCreateRateUSDtoPEN.doIt: Esperando estabilización de canal perimetral... [527]
21:10:04.379-----------> EGSCreateRateUSDtoPEN.doIt: PASO 2: Transmitiendo consulta via GET Protegido con Cookies... [527]
21:10:04.379-----------> EGSCreateRateUSDtoPEN.doIt: URL Destino: https://e-consulta.sunat.gob.pe/cl-at-ittipcam/tcS01Alias/listarTipoCambio?anhoConsulta=2026&mesConsulta=06&indMes=1&mode=month [527]
21:10:04.397-----------> EGSCreateRateUSDtoPEN.doIt: Respuesta HTTP del Servidor: 200 [527]
21:10:04.397-----------> EGSCreateRateUSDtoPEN.doIt: Respuesta cruda del API SUNAT: <html><head><title>Request Rejected</title></head><body>The requested URL was rejected. Please consult with your administrator.<br><br>Your support ID is: 16158738458342270062<br><br><a href='javascript:history.back();'>[Go Back]</a></body></html> [527]
21:10:04.400-----------> EGSCreateRateUSDtoPEN.doIt: Excepción en el intento 1: El cuerpo de la respuesta JSON no contiene elementos reconocidos. [527]
21:10:04.400-----------> EGSCreateRateUSDtoPEN.doIt: Intento 2 de 5. Reintentando secuencia completa... [527]
21:10:08.401-----------> EGSCreateRateUSDtoPEN.doIt: PASO 1: Abriendo canal seguro y capturando contexto... [527]
21:10:08.470-----------> EGSCreateRateUSDtoPEN.doIt: Cookies validadas: [TSf3c1dbbd027=08fe7428c8ab20007a6d95b567948b5a4291c4dec7d47c472c21812ac4b783821c0bb1b79b6ccedc0878e60542113000938a4659b754a7b1470ddc747473174d75cb4addc3669875b45c1d8e30e7272cd6e56b1683832ed2e6b845772ff9c351; TS0105b0c6=014dc399cbbee6b69221a930e7c39e973bf254d3d249a02b9bf9f8848a2e415422b8d029e25fc9918adb091037863fa8fe7fcf2bdbe3686786a3aaf8f63ac9e87d898fca93; IAASISTENCIAGESTIONSESSION=J7qLPsnEQ49HhyCMhLSeQsNwI-v5lr0eByweyJEgbnvvTFsBPGRX7wGxqaQzjUSI4Sv_DWYSk4Cn670P1_5Weysrz9cTdjroFLGdBvCfZdCu5JIUdbEsw223aljzop1pvAQ7t3GyOmZM4tAMWmbVI7sw3DvKsCjhIMoVMpyfalLTw1bH8em45GMh4Igu1KVrT0hAWiKGiTW78QrMHprHLz9-5q62a7zqJ8lp1deXZ3kUM-YjzcC4dFkXHFBXCmmp!1298053303!-445114015] [527]
21:10:08.476-----------> EGSCreateRateUSDtoPEN.doIt: Esperando estabilización de canal perimetral... [527]
21:10:11.477-----------> EGSCreateRateUSDtoPEN.doIt: PASO 2: Transmitiendo consulta via GET Protegido con Cookies... [527]
21:10:11.477-----------> EGSCreateRateUSDtoPEN.doIt: URL Destino: https://e-consulta.sunat.gob.pe/cl-at-ittipcam/tcS01Alias/listarTipoCambio?anhoConsulta=2026&mesConsulta=06&indMes=1&mode=month [527]
21:10:11.500-----------> EGSCreateRateUSDtoPEN.doIt: Respuesta HTTP del Servidor: 200 [527]
21:10:11.500-----------> EGSCreateRateUSDtoPEN.doIt: Respuesta cruda del API SUNAT: <html><head><title>Request Rejected</title></head><body>The requested URL was rejected. Please consult with your administrator.<br><br>Your support ID is: 16158738458318633428<br><br><a href='javascript:history.back();'>[Go Back]</a></body></html> [527]
21:10:11.501-----------> EGSCreateRateUSDtoPEN.doIt: Excepción en el intento 2: El cuerpo de la respuesta JSON no contiene elementos reconocidos. [527]
21:10:11.501-----------> EGSCreateRateUSDtoPEN.doIt: Intento 3 de 5. Reintentando secuencia completa... [527]
21:10:15.501-----------> EGSCreateRateUSDtoPEN.doIt: PASO 1: Abriendo canal seguro y capturando contexto... [527]
21:10:15.566-----------> EGSCreateRateUSDtoPEN.doIt: Cookies validadas: [TSf3c1dbbd027=08fe7428c8ab200010a004bedc82cac2b1ecaa93f4c8604be715dab67b989b822042a8ae55809746086bf7181f1130006cf2be0267a0d5792e8e915ed82ed2084493f6139b82193e285695e4a2d8243d88c40f0b82d0ada989dfdb4077469bde; IAASISTENCIAGESTIONSESSION=S4OLPuV8D3S4pPvukXiebyDClndjQTpAM1YnTxxW7EQjSy0GiiWxOVgMlKlJRZ3Kq-7VIUZTxfOANiyWzqftB2YijJv3cEMtUnFBdCzJi0yHRCC4LNrRFSlZ6SYy5q9YPr4wzM_8fOZQJzXk3Nbfsw2l0GnoPOyB-Vw_93ZLLKcvShrdlesY8_eYz7mRQ_xuNX3mn__xvUfE2JUe5oTOcGXCrk55VrWg9tL3SxyLXRusjWQKyxvwBxdX4DuMytEw!1298053303!-445114015] [527]
21:10:15.571-----------> EGSCreateRateUSDtoPEN.doIt: Esperando estabilización de canal perimetral... [527]
21:10:18.571-----------> EGSCreateRateUSDtoPEN.doIt: PASO 2: Transmitiendo consulta via GET Protegido con Cookies... [527]
21:10:18.571-----------> EGSCreateRateUSDtoPEN.doIt: URL Destino: https://e-consulta.sunat.gob.pe/cl-at-ittipcam/tcS01Alias/listarTipoCambio?anhoConsulta=2026&mesConsulta=06&indMes=1&mode=month [527]
21:10:18.587-----------> EGSCreateRateUSDtoPEN.doIt: Respuesta HTTP del Servidor: 405 [527]
21:10:18.587-----------> EGSCreateRateUSDtoPEN.doIt: Respuesta cruda del API SUNAT: Request method &#39;GET&#39; not supported [527]
21:10:18.587-----------> EGSCreateRateUSDtoPEN.doIt: Excepción en el intento 3: El cuerpo de la respuesta JSON no contiene elementos reconocidos. [527]
21:10:18.588-----------> EGSCreateRateUSDtoPEN.doIt: Intento 4 de 5. Reintentando secuencia completa... [527]
21:10:22.588-----------> EGSCreateRateUSDtoPEN.doIt: PASO 1: Abriendo canal seguro y capturando contexto... [527]
21:10:22.610-----------> EGSCreateRateUSDtoPEN.doIt: Cookies validadas: [TSf3c1dbbd027=08fe7428c8ab20001b2ad39f402150b2730cd792ff589b8af025c58c09865c4220c092b5791799c80898423d3b11300082b86c74325ee565afb132457f394a4697ef29cce5287bf2b3c1a5eaa3e63fc477366a9efdaaf40300463ef0452f3277; IAASISTENCIAGESTIONSESSION=MViLPwEJb-JgB5C7ZLq_bPk2DdH5WgAJZpi3fedj7vj31lM2QJ-YduHXs6iqhhqIP_8Oewg8dQtMvJ64QWBpT-lHJtPkHC9gHSSrnFY_Wc1Wcf6bwG3lNicFFy8QByyCOA0VWW39ox8DdkdjiKtOWPdnvL_CBnOi_BrgBStbhpOTHVhrR4q4VtlfP50CXVfPKaEv-3EGexJ0VLha7Pze1BFm207pq5un6Am2W3bVFPv75tSJHMSpvXCoKiwpe07n!1298053303!-445114015] [527]
21:10:22.611-----------> EGSCreateRateUSDtoPEN.doIt: Esperando estabilización de canal perimetral... [527]
21:10:25.612-----------> EGSCreateRateUSDtoPEN.doIt: PASO 2: Transmitiendo consulta via GET Protegido con Cookies... [527]
21:10:25.612-----------> EGSCreateRateUSDtoPEN.doIt: URL Destino: https://e-consulta.sunat.gob.pe/cl-at-ittipcam/tcS01Alias/listarTipoCambio?anhoConsulta=2026&mesConsulta=06&indMes=1&mode=month [527]
21:10:25.626-----------> EGSCreateRateUSDtoPEN.doIt: Respuesta HTTP del Servidor: 405 [527]
21:10:25.627-----------> EGSCreateRateUSDtoPEN.doIt: Respuesta cruda del API SUNAT: Request method &#39;GET&#39; not supported [527]
21:10:25.627-----------> EGSCreateRateUSDtoPEN.doIt: Excepción en el intento 4: El cuerpo de la respuesta JSON no contiene elementos reconocidos. [527]
21:10:25.627-----------> EGSCreateRateUSDtoPEN.doIt: Intento 5 de 5. Reintentando secuencia completa... [527]
21:10:29.628-----------> EGSCreateRateUSDtoPEN.doIt: PASO 1: Abriendo canal seguro y capturando contexto... [527]
21:10:29.651-----------> EGSCreateRateUSDtoPEN.doIt: Cookies validadas: [TSf3c1dbbd027=08fe7428c8ab2000530223b36769293311829a78c69a0b60957aaa9da1661afd382693deeef03c4008d5218846113000edf73d2e933d114b344b415baaa4f148442c8d3516bbc1cd4e4e94640b6a28369db47f1b996e7daac8580044c0a8c894; IAASISTENCIAGESTIONSESSION=VKeLPxyKOB4Kx6vcyy3FrUlZ42VdQk1tAMuuOurxI_2PMJgcACWEMrOpycXBEhN5A2yOC57mmAvQQuHqkcdW1WhC5mufou517OQcRqEs5VM3c49fvwaI7JEoiuzTyyYZ-bMWWPvo_kQ0ICfRWIk1DQD8ePwv3AVsHxTmlutnprLmyWDZdzhV48u07oD7lzzi0lHrSXIuTq4N_Rrwc-F7VCCVBHX5ibVeySdigyB8v27aSZ9g04oYX6i1p-nuK7lp!1298053303!-445114015] [527]
21:10:29.652-----------> EGSCreateRateUSDtoPEN.doIt: Esperando estabilización de canal perimetral... [527]
21:10:32.652-----------> EGSCreateRateUSDtoPEN.doIt: PASO 2: Transmitiendo consulta via GET Protegido con Cookies... [527]
21:10:32.653-----------> EGSCreateRateUSDtoPEN.doIt: URL Destino: https://e-consulta.sunat.gob.pe/cl-at-ittipcam/tcS01Alias/listarTipoCambio?anhoConsulta=2026&mesConsulta=06&indMes=1&mode=month [527]
21:10:32.670-----------> EGSCreateRateUSDtoPEN.doIt: Respuesta HTTP del Servidor: 405 [527]
21:10:32.670-----------> EGSCreateRateUSDtoPEN.doIt: Respuesta cruda del API SUNAT: Request method &#39;GET&#39; not supported [527]
21:10:32.670-----------> EGSCreateRateUSDtoPEN.doIt: Excepción en el intento 5: El cuerpo de la respuesta JSON no contiene elementos reconocidos. [527]
21:10:32.670===========> EGSCreateRateUSDtoPEN.process: Fallo estructural en el intercambio de datos con el API tras agotar reintentos. [527]
org.adempiere.exceptions.AdempiereException: El cuerpo de la respuesta JSON no contiene elementos reconocidos.
	at com.egssmart.finantials.proccess.EGSCreateRateUSDtoPEN.doIt(Unknown Source)
	at org.compiere.process.SvrProcess.process(Unknown Source)
	at org.compiere.process.SvrProcess.startProcess(Unknown Source)
	at org.adempiere.util.ProcessUtil.startJavaProcess(Unknown Source)
	at org.compiere.apps.AbstractProcessCtl.startProcess(Unknown Source)
	at org.compiere.apps.AbstractProcessCtl.run(Unknown Source)
	at org.adempiere.webui.apps.WProcessCtl.process(Unknown Source)
	at org.adempiere.webui.apps.AbstractProcessDialog$ProcessDialogRunnable.doRun(Unknown Source)
	at org.adempiere.util.ContextRunnable.run(Unknown Source)
	at org.adempiere.webui.apps.DesktopRunnable.run(Unknown Source)
	at java.base/java.util.concurrent.Executors$RunnableAdapter.call(Executors.java:539)

21:11:15.070-----------> PackInApplicationActivator.getFilesToProcess: Processing migration [482]

*** 2026-06-02 21:14:07.463 idempiere Log (CLogFile) ***
