*** 2026-06-02 21:25:38.543 idempiere Log (CLogFile) ***
21:25:38.540 Adempiere.startup: iDempiere(r) Release 14_2026-03-09 -Smart Suite ERP, CRM and SCM- (c) 1999-2026 iDempiere(r); Implementation: iDempiere - Supported by iDempiere community [27]
21:25:38.544 Ini.loadProperties: /home/nextcollege/BDeveloper/idempiere-dev-setup-14/idempiere/idempiere.properties #29 [27]
21:25:38.552-----------> Core.getKeyStore: Encryption with legacy key algorithm DES detected - it is recommended to migrate to a stronger algorithm [27]
21:25:39.118-----------> Activator.createHazelCastInstance: Starting hazelcast with configuration from file hazelcast.xml [27]
21:25:39.658-----------> CPSubsystem: [192.168.0.55]:5701 [adempiere.idempiere14/localhost:5432] [5.3.7] CP Subsystem is not enabled. CP data structures will operate in UNSAFE mode! Please note that UNSAFE mode will not provide strong consistency guarantees. [27]
21:25:40.038-----------> Node: [192.168.0.55]:5701 [adempiere.idempiere14/localhost:5432] [5.3.7] No join method is enabled! Starting standalone. [27]
21:25:40.528-----------> DB.isBuildOK: Build Version Error 

The program assumes build version 14.0.0.qualifier, but database has build version ${env.ADEMPIERE_VERSION} 20080428-1232. 
This is likely to cause hard to fix errors. 
Please contact administrator. [27]
21:25:42.324-----------> EMail.setFrom: you @ company.org: javax.mail.internet.AddressException: Local address contains control or whitespace in string ``you @ company.org'' [27]
21:25:42.328-----------> EMail.addTo: you @ company.org: javax.mail.internet.AddressException: Local address contains control or whitespace in string ``you @ company.org'' [27]
21:25:42.328-----------> EMail.isValid: From is invalid=null [27]
21:25:42.329-----------> EMail.isValid: From is invalid=null [27]
21:25:42.332-----------> MClient.sendEMail: Could NOT Send Email: Server started: iDempiere (nextcollege-G751JT:192.168.0.55) to you @ company.org: Invalid Data (System) [27]
21:25:43.690           LoggedSessionListener.contextInitialized: iDempiere context initialized for 10.3.0.1 [27]
21:25:43.880-----------> TimeZoneDataBaseVersionChecker.init: Time zone data version mismatch detected:
 - Client (moment.js) tzdb version: 2025b
 - Server (JDK) tzdb version: 2026a
Date and time values may be incorrect if time zone rules differ.
To resolve, update the moment-timezone data on the client and/or the JDK time zone data (TZUpdater or Java update) on the server so both use the same version. [27]
21:27:08.339-----------> EGSCreateRateUSDtoPEN.doIt: PASO 1: Abriendo canal seguro y capturando contexto... [380]
21:27:08.827-----------> EGSCreateRateUSDtoPEN.doIt: Cookies validadas: [TS61ff7286027=08d0cd49b8ab20000887d7214dc58a56c5827ee9cbf79599ab15ec66ada7b141cc0b9b45260d242e0801cff7ef1130009e81fbe31049c529f36450823739a871c5c60bcbbae280f65a4ba3178f668173dc2a1d7ad157e92133a91f9632e5d10b; TS0105b0c6=019edc9eb86ac57bfed2c7b0d2efb3a91eea166f4145105279b2f75b5c17a81e3b5dc34e707d10d9d9ac7a6ec38b289737d6ee515582d4f4d8cd1608e9479fd0b25a8b3b42; IAASISTENCIAGESTIONSESSION=f3qLTls8FvDs5-20DmvjPojsdoHSkgG_4kHe6-7RMYzu2As2Qk9D5qLlNjrZ-ix9FP0euUDavPY4GE3KnYYLjeOOwzGg0QrUYjPxZ5wtzy-N1vFwLRRJdshS7pu8coOMSSfOFjBJ3ngTPNmZWtHtQk_9D0AGebfcph_5wl1FIAL2Up5d2kLiuZ1SYYTQ5duCrFSOzhXtHW_ji8B0xMTXIeyH5Uje6NXNqYH5J47tYYiwhf_IMgp3oMjI0kaTU1H1!-1926820799!1093042530] [380]
21:27:08.829-----------> EGSCreateRateUSDtoPEN.doIt: Esperando estabilización de canal perimetral... [380]
21:27:11.829-----------> EGSCreateRateUSDtoPEN.doIt: PASO 2: Transmitiendo consulta via POST Form-UrlEncoded... [380]
21:27:11.830-----------> EGSCreateRateUSDtoPEN.doIt: Periodo de consulta: 06/2026 [380]
21:27:11.930-----------> EGSCreateRateUSDtoPEN.doIt: Respuesta HTTP del Servidor: 200 [380]
21:27:11.931-----------> EGSCreateRateUSDtoPEN.doIt: Respuesta cruda del API SUNAT: <html><head><title>Request Rejected</title></head><body>The requested URL was rejected. Please consult with your administrator.<br><br>Your support ID is: 11781552370967938904<br><br><a href='javascript:history.back();'>[Go Back]</a></body></html> [380]
21:27:11.932-----------> EGSCreateRateUSDtoPEN.doIt: Listado sin registros o rechazado para el periodo (06/2026). [380]
21:27:11.932-----------> EGSCreateRateUSDtoPEN.doIt: Ejecutando contingencia: Solicitando mes anterior. [380]
21:27:11.932-----------> EGSCreateRateUSDtoPEN.doIt: Intento 2 de 5. Reintentando secuencia completa... [380]
21:27:15.933-----------> EGSCreateRateUSDtoPEN.doIt: PASO 1: Abriendo canal seguro y capturando contexto... [380]
21:27:16.217-----------> EGSCreateRateUSDtoPEN.doIt: Cookies validadas: [TS61ff7286027=08d0cd49b8ab2000796f7b076fa163ab566a94693f72ade1a973af54a1d381e1053fa091da57b01a085de8df091130004d97f006cd93b6a7ee77f8ed8df02bfbccc0e3d8c2731edaab2eda3b83730572997a64309c9a27a61430d7302a02ddaf; TS0105b0c6=019edc9eb8ca4d4532c0d4cfbeff3b96a7c6675ec3778a01480b4ad630701c9aeca74880f510872d8eb0b4fc3a12a51b02a61410014d13d186549b534d948151da3a4bfd7a; IAASISTENCIAGESTIONSESSION=WjiLTnhy8IvaJWSSgs9B1kt3ftHip15wd0bngMKdKKRTddxz7wt_9Ry2mYpTAmHwYCbw6Bol0Bf0NZNn0OaFQPVAKotiDQqkArbn825dzHZ6qfJ7q6zgwheP0oAJT39bOSnxXABUWXmQLOHggLbYdKM9mqJL04ozMD_nCeOZ4NYgrv1LWAulzcpqmi8B-cjhSDXbNiIJNjH032WDCIXxgMlvyQGGyw4bHXsog9TbUId-bRWuJ6GdtZv4pbDqQpr7!-1926820799!1093042530] [380]
21:27:16.302-----------> EGSCreateRateUSDtoPEN.doIt: Esperando estabilización de canal perimetral... [380]
21:27:19.302-----------> EGSCreateRateUSDtoPEN.doIt: PASO 2: Transmitiendo consulta via POST Form-UrlEncoded... [380]
21:27:19.302-----------> EGSCreateRateUSDtoPEN.doIt: Periodo de consulta: 05/2026 [380]
21:27:19.486-----------> EGSCreateRateUSDtoPEN.doIt: Respuesta HTTP del Servidor: 200 [380]
21:27:19.487-----------> EGSCreateRateUSDtoPEN.doIt: Respuesta cruda del API SUNAT: <html><head><title>Request Rejected</title></head><body>The requested URL was rejected. Please consult with your administrator.<br><br>Your support ID is: 11781552376986523909<br><br><a href='javascript:history.back();'>[Go Back]</a></body></html> [380]
21:27:19.487-----------> EGSCreateRateUSDtoPEN.doIt: Listado sin registros o rechazado para el periodo (05/2026). [380]
21:27:19.487-----------> EGSCreateRateUSDtoPEN.doIt: Ejecutando contingencia: Solicitando mes anterior. [380]
21:27:19.487-----------> EGSCreateRateUSDtoPEN.doIt: Intento 3 de 5. Reintentando secuencia completa... [380]
21:27:23.488-----------> EGSCreateRateUSDtoPEN.doIt: PASO 1: Abriendo canal seguro y capturando contexto... [380]
21:27:23.774-----------> EGSCreateRateUSDtoPEN.doIt: Cookies validadas: [TS61ff7286027=08d0cd49b8ab2000b42579dff99cc6efbbe290d11860619eaf8893078b95b2068498ce60352d7d95086ea5f0be11300026ff399c7926dea31d6b91dd3d5d334a69152f379f7b238857ffce6fefa10213d7ad4394a1db4a4ea02240a7432a2bb8; TS0105b0c6=019edc9eb82545dd6ebd5d29430df63d70c5a3a6f195f8136002717bd4979ee9c7a6f4a3fcd1738c89bdaeb7ddf14fc03b75ca5709bcc3d8601283724a545126ab7ad0d3bd; IAASISTENCIAGESTIONSESSION=O8KLTpX2OjTAmVb8FBz9HhKkyiP99k_zLaUr8RTt43SAKvM2yzdyd_yg-LPKVtTqZPw7gw637Pz2l02Guq2joqn9Eek7kNuQQUWuykpHyxwEKnT8oebyQ7dtVsR4uk4n8ZW9Tb3A9yuwYT-MyrNu5GuA0llA2fCJ2v694WifJ-EKjgavnfoOCLyFUdjQsWqeWKApNErfQ1Xjoho0oCmfKxmYNjcQ5AT3W5YYn0ndWkPn4q0W2xmRfbqU2VbuTTG_!-1926820799!1093042530] [380]
21:27:23.858-----------> EGSCreateRateUSDtoPEN.doIt: Esperando estabilización de canal perimetral... [380]
21:27:26.859-----------> EGSCreateRateUSDtoPEN.doIt: PASO 2: Transmitiendo consulta via POST Form-UrlEncoded... [380]
21:27:26.859-----------> EGSCreateRateUSDtoPEN.doIt: Periodo de consulta: 04/2026 [380]
21:27:26.966-----------> EGSCreateRateUSDtoPEN.doIt: Respuesta HTTP del Servidor: 200 [380]
21:27:26.966-----------> EGSCreateRateUSDtoPEN.doIt: Respuesta cruda del API SUNAT: <html><head><title>Request Rejected</title></head><body>The requested URL was rejected. Please consult with your administrator.<br><br>Your support ID is: 1939715755277539664<br><br><a href='javascript:history.back();'>[Go Back]</a></body></html> [380]
21:27:26.966-----------> EGSCreateRateUSDtoPEN.doIt: Listado sin registros o rechazado para el periodo (04/2026). [380]
21:27:26.967-----------> EGSCreateRateUSDtoPEN.doIt: Ejecutando contingencia: Solicitando mes anterior. [380]
21:27:26.967-----------> EGSCreateRateUSDtoPEN.doIt: Intento 4 de 5. Reintentando secuencia completa... [380]
21:27:30.967-----------> EGSCreateRateUSDtoPEN.doIt: PASO 1: Abriendo canal seguro y capturando contexto... [380]
21:27:31.257-----------> EGSCreateRateUSDtoPEN.doIt: Cookies validadas: [TS61ff7286027=08d0cd49b8ab2000559cae0bb4de1717b7dd735f0786000e1b5d4c6e69cfdf53ce8dc7fe59a5fa3e085cb900221130009a9a9166178307f024918851e5f5470c21979a6f82366c90c0b531e010664ac875be6554fbfa395285dd8545582af88b; TS0105b0c6=019edc9eb8e04bcb413ad9ddfa9e7d3760697b88adfb4f3e966c9f4b9c903a3633de356973fdc6f6e8594192f4cf840cdbdfc2aa1f258f43e5a897e90a1dc265f34bd2c6e8; IAASISTENCIAGESTIONSESSION=eiCLTrMy7WZXOvDZ_Ltqm3QKlYqMutDGd79FSGzkabYz3RiGxuBDKXB-bpqqC36Fhj3-2oFtxI7zbYgqN3lgXBz1-Y9HQa-yyPA7r8p6ggtKWxhcuu4rVxICI9jMnZxc0zUHQFhzHOy07NmMeq3lzWBlhS9dsfXGqlkOrVsRHlImtLDmjDcxeZv_dKJpRS62t4lsSigIkFYp0GtvM4o_2ys50NS792WH8DD7BlOynvtA0r5RiTwj2EFvQVbRRGF0!-1926820799!1093042530] [380]
21:27:31.350-----------> EGSCreateRateUSDtoPEN.doIt: Esperando estabilización de canal perimetral... [380]
21:27:34.350-----------> EGSCreateRateUSDtoPEN.doIt: PASO 2: Transmitiendo consulta via POST Form-UrlEncoded... [380]
21:27:34.351-----------> EGSCreateRateUSDtoPEN.doIt: Periodo de consulta: 03/2026 [380]
21:27:34.450-----------> EGSCreateRateUSDtoPEN.doIt: Respuesta HTTP del Servidor: 200 [380]
21:27:34.451-----------> EGSCreateRateUSDtoPEN.doIt: Respuesta cruda del API SUNAT: <html><head><title>Request Rejected</title></head><body>The requested URL was rejected. Please consult with your administrator.<br><br>Your support ID is: 1939715755303280188<br><br><a href='javascript:history.back();'>[Go Back]</a></body></html> [380]
21:27:34.451-----------> EGSCreateRateUSDtoPEN.doIt: Listado sin registros o rechazado para el periodo (03/2026). [380]
21:27:34.451-----------> EGSCreateRateUSDtoPEN.doIt: Ejecutando contingencia: Solicitando mes anterior. [380]
21:27:34.451-----------> EGSCreateRateUSDtoPEN.doIt: Intento 5 de 5. Reintentando secuencia completa... [380]
21:27:38.452-----------> EGSCreateRateUSDtoPEN.doIt: PASO 1: Abriendo canal seguro y capturando contexto... [380]
21:27:38.526-----------> EGSCreateRateUSDtoPEN.doIt: Cookies validadas: [TS61ff7286027=08d0cd49b8ab20006a8c287e48f5aedb0f5b20c6ce167463496bfbe31240e9de0d69b3c5150de3dd08b7bb8dcd1130004799f72c2e1d9b3e62889fe6abec6257e6e2c34d131db63a625f0bbc16c8202185939efc3e137de111794ff708efab0d; TS0105b0c6=019edc9eb80c967d36cd17927ef9c4b5f280183c9c19d7a4cb340d9854d34bd935a445db18df304d857b33b9bc75a5d6128eb6d2f0431fc9c63d92c9d0b165179aac7a58d5; IAASISTENCIAGESTIONSESSION=slSLTs-U-_BeGqxtkpW3DvHSgPk3aPvuWkqLlhyyFys-xWzdvGj_06w07R52FT6401zGiTcIYRlgproDDObiiHdYK8kXGQsr0Z8xnVy6MqF_dTCRIJzStC24re2SzGhlfhdMYxkfOM9xbyFcjYaTOz2-dq3D1hpvPWNTNE0SUPCZWjWe9HuXr04FaI1s36xabogPcbCMP0vu5IPReDn5IYPdybFWJPpMMUokmD_iEXjH_lJUSzrs4Wc9s6muZ85M!-1926820799!1093042530] [380]
21:27:38.527-----------> EGSCreateRateUSDtoPEN.doIt: Esperando estabilización de canal perimetral... [380]
21:27:41.527-----------> EGSCreateRateUSDtoPEN.doIt: PASO 2: Transmitiendo consulta via POST Form-UrlEncoded... [380]
21:27:41.527-----------> EGSCreateRateUSDtoPEN.doIt: Periodo de consulta: 02/2026 [380]
21:27:41.553-----------> EGSCreateRateUSDtoPEN.doIt: Respuesta HTTP del Servidor: 200 [380]
21:27:41.553-----------> EGSCreateRateUSDtoPEN.doIt: Respuesta cruda del API SUNAT: <html><head><title>Request Rejected</title></head><body>The requested URL was rejected. Please consult with your administrator.<br><br>Your support ID is: 11781552377143241543<br><br><a href='javascript:history.back();'>[Go Back]</a></body></html> [380]
21:27:41.553-----------> EGSCreateRateUSDtoPEN.doIt: Listado sin registros o rechazado para el periodo (02/2026). [380]
21:27:41.554-----------> EGSCreateRateUSDtoPEN.doIt: Ejecutando contingencia: Solicitando mes anterior. [380]
21:27:41.555===========> EGSCreateRateUSDtoPEN.process: Fallo final de consistencia de datos. [380]
org.adempiere.exceptions.AdempiereException: Fallo final de consistencia de datos.
	at com.egssmart.finantials.proccess.EGSCreateRateUSDtoPEN.doIt(Unknown Source)
	at org.compiere.process.SvrProcess.process(Unknown Source)
	at org.compiere.process.SvrProcess.startProcess(Unknown Source)
	at org.adempiere.util.ProcessUtil.startJavaProcess(Unknown Source)
	at org.compiere.apps.AbstractProcessCtl.startProcess(Unknown Source)
	at org.compiere.apps.AbstractProcessCtl.run(Unknown Source)
	at org.adempiere.webui.apps.WProcessCtl.process(Unknown Source)
	at org.adempiere.webui.apps.AbstractProcessDialog$ProcessDialogRunnable.doRun(Unknown Source)
	at org.adempiere.util.ContextRunnable.run(Unknown Source)
	at org.adempiere.webui.apps.DesktopRunnable.run(Unknown Source)
	at java.base/java.util.concurrent.Executors$RunnableAdapter.call(Executors.java:539)

21:27:44.968-----------> PackInApplicationActivator.getFilesToProcess: Processing migration [511]

*** 2026-06-02 21:34:10.781 idempiere Log (CLogFile) ***
