*** 2026-06-02 15:34:15.692 idempiere Log (CLogFile) ***
15:34:15.691 Adempiere.startup: iDempiere(r) Release 14_2026-03-09 -Smart Suite ERP, CRM and SCM- (c) 1999-2026 iDempiere(r); Implementation: iDempiere - Supported by iDempiere community [27]
15:34:15.692 Ini.loadProperties: /home/nextcollege/BDeveloper/idempiere-dev-setup-14/idempiere/idempiere.properties #29 [27]
15:34:15.699-----------> Core.getKeyStore: Encryption with legacy key algorithm DES detected - it is recommended to migrate to a stronger algorithm [27]
15:34:16.350-----------> Activator.createHazelCastInstance: Starting hazelcast with configuration from file hazelcast.xml [27]
15:34:17.061-----------> CPSubsystem: [192.168.0.55]:5701 [adempiere.idempiere14/localhost:5432] [5.3.7] CP Subsystem is not enabled. CP data structures will operate in UNSAFE mode! Please note that UNSAFE mode will not provide strong consistency guarantees. [27]
15:34:17.557-----------> Node: [192.168.0.55]:5701 [adempiere.idempiere14/localhost:5432] [5.3.7] No join method is enabled! Starting standalone. [27]
15:34:18.124-----------> DB.isBuildOK: Build Version Error 

The program assumes build version 14.0.0.qualifier, but database has build version ${env.ADEMPIERE_VERSION} 20080428-1232. 
This is likely to cause hard to fix errors. 
Please contact administrator. [27]
15:34:20.058-----------> EMail.setFrom: you @ company.org: javax.mail.internet.AddressException: Local address contains control or whitespace in string ``you @ company.org'' [27]
15:34:20.062-----------> EMail.addTo: you @ company.org: javax.mail.internet.AddressException: Local address contains control or whitespace in string ``you @ company.org'' [27]
15:34:20.063-----------> EMail.isValid: From is invalid=null [27]
15:34:20.063-----------> EMail.isValid: From is invalid=null [27]
15:34:20.068-----------> MClient.sendEMail: Could NOT Send Email: Server started: iDempiere (nextcollege-G751JT:192.168.0.55) to you @ company.org: Invalid Data (System) [27]
15:34:21.562           LoggedSessionListener.contextInitialized: iDempiere context initialized for 10.3.0.1 [27]
15:34:21.792-----------> TimeZoneDataBaseVersionChecker.init: Time zone data version mismatch detected:
 - Client (moment.js) tzdb version: 2025b
 - Server (JDK) tzdb version: 2026a
Date and time values may be incorrect if time zone rules differ.
To resolve, update the moment-timezone data on the client and/or the JDK time zone data (TZUpdater or Java update) on the server so both use the same version. [27]
15:36:22.980-----------> PackInApplicationActivator.getFilesToProcess: Processing migration [497]
15:37:40.464-----------> EGSCreateRateUSDtoPEN.doIt: PASO 1: Capturando cookies de sesión base en el Home... [554]
15:37:40.593-----------> EGSCreateRateUSDtoPEN.doIt: Cookies F5 BIG-IP capturadas: [IAASISTENCIAGESTIONSESSION, TS0105b0c6, TS61ff7286027] [554]
15:37:40.593-----------> EGSCreateRateUSDtoPEN.doIt: Esperando 2500ms para simular comportamiento humano (Render JS)... [554]
15:37:43.094-----------> EGSCreateRateUSDtoPEN.doIt: PASO 2: Lanzando consulta asíncrona JSON con transferencia nativa de bytes... [554]
15:37:43.094-----------> EGSCreateRateUSDtoPEN.doIt: Payload en envío: {"anhoConsulta":"2026","mesConsulta":"5","indMes":"1","mode":"month"} [554]
15:37:43.165-----------> EGSCreateRateUSDtoPEN.doIt: Error detectado en el intento 1: HTTP error fetching URL. Status=400, URL=[https://e-consulta.sunat.gob.pe/cl-at-ittipcam/tcS01Alias/listarTipoCambio] [554]
15:37:43.165-----------> EGSCreateRateUSDtoPEN.doIt: Intento 2 de 5. Reintentando secuencia completa... [554]
15:37:47.166-----------> EGSCreateRateUSDtoPEN.doIt: PASO 1: Capturando cookies de sesión base en el Home... [554]
15:37:47.262-----------> EGSCreateRateUSDtoPEN.doIt: Cookies F5 BIG-IP capturadas: [IAASISTENCIAGESTIONSESSION, TS0105b0c6, TS61ff7286027] [554]
15:37:47.262-----------> EGSCreateRateUSDtoPEN.doIt: Esperando 2500ms para simular comportamiento humano (Render JS)... [554]
15:37:49.762-----------> EGSCreateRateUSDtoPEN.doIt: PASO 2: Lanzando consulta asíncrona JSON con transferencia nativa de bytes... [554]
15:37:49.763-----------> EGSCreateRateUSDtoPEN.doIt: Payload en envío: {"anhoConsulta":2026,"mesConsulta":5,"indMes":"1","mode":"month"} [554]
15:37:49.830-----------> EGSCreateRateUSDtoPEN.doIt: Error detectado en el intento 2: HTTP error fetching URL. Status=400, URL=[https://e-consulta.sunat.gob.pe/cl-at-ittipcam/tcS01Alias/listarTipoCambio] [554]
15:37:49.830-----------> EGSCreateRateUSDtoPEN.doIt: Intento 3 de 5. Reintentando secuencia completa... [554]
15:37:53.830-----------> EGSCreateRateUSDtoPEN.doIt: PASO 1: Capturando cookies de sesión base en el Home... [554]
15:37:53.911-----------> EGSCreateRateUSDtoPEN.doIt: Cookies F5 BIG-IP capturadas: [IAASISTENCIAGESTIONSESSION, TS0105b0c6, TS61ff7286027] [554]
15:37:53.911-----------> EGSCreateRateUSDtoPEN.doIt: Esperando 2500ms para simular comportamiento humano (Render JS)... [554]
15:37:56.411-----------> EGSCreateRateUSDtoPEN.doIt: PASO 2: Lanzando consulta asíncrona JSON con transferencia nativa de bytes... [554]
15:37:56.412-----------> EGSCreateRateUSDtoPEN.doIt: Payload en envío: {"anhoConsulta":"2026","mesConsulta":"5","indMes":"1","mode":"month"} [554]
15:37:56.473-----------> EGSCreateRateUSDtoPEN.doIt: Error detectado en el intento 3: HTTP error fetching URL. Status=400, URL=[https://e-consulta.sunat.gob.pe/cl-at-ittipcam/tcS01Alias/listarTipoCambio] [554]
15:37:56.474-----------> EGSCreateRateUSDtoPEN.doIt: Intento 4 de 5. Reintentando secuencia completa... [554]
15:38:00.474-----------> EGSCreateRateUSDtoPEN.doIt: PASO 1: Capturando cookies de sesión base en el Home... [554]
15:38:00.541-----------> EGSCreateRateUSDtoPEN.doIt: Cookies F5 BIG-IP capturadas: [IAASISTENCIAGESTIONSESSION, TS0105b0c6, TS61ff7286027] [554]
15:38:00.542-----------> EGSCreateRateUSDtoPEN.doIt: Esperando 2500ms para simular comportamiento humano (Render JS)... [554]
15:38:03.042-----------> EGSCreateRateUSDtoPEN.doIt: PASO 2: Lanzando consulta asíncrona JSON con transferencia nativa de bytes... [554]
15:38:03.042-----------> EGSCreateRateUSDtoPEN.doIt: Payload en envío: {"anhoConsulta":2026,"mesConsulta":5,"indMes":"1","mode":"month"} [554]
15:38:03.096-----------> EGSCreateRateUSDtoPEN.doIt: Error detectado en el intento 4: HTTP error fetching URL. Status=400, URL=[https://e-consulta.sunat.gob.pe/cl-at-ittipcam/tcS01Alias/listarTipoCambio] [554]
15:38:03.096-----------> EGSCreateRateUSDtoPEN.doIt: Intento 5 de 5. Reintentando secuencia completa... [554]
15:38:07.096-----------> EGSCreateRateUSDtoPEN.doIt: PASO 1: Capturando cookies de sesión base en el Home... [554]
15:38:07.168-----------> EGSCreateRateUSDtoPEN.doIt: Cookies F5 BIG-IP capturadas: [IAASISTENCIAGESTIONSESSION, TS0105b0c6, TS61ff7286027] [554]
15:38:07.168-----------> EGSCreateRateUSDtoPEN.doIt: Esperando 2500ms para simular comportamiento humano (Render JS)... [554]
15:38:09.668-----------> EGSCreateRateUSDtoPEN.doIt: PASO 2: Lanzando consulta asíncrona JSON con transferencia nativa de bytes... [554]
15:38:09.669-----------> EGSCreateRateUSDtoPEN.doIt: Payload en envío: {"anhoConsulta":"2026","mesConsulta":"5","indMes":"1","mode":"month"} [554]
15:38:09.723-----------> EGSCreateRateUSDtoPEN.doIt: Error detectado en el intento 5: HTTP error fetching URL. Status=400, URL=[https://e-consulta.sunat.gob.pe/cl-at-ittipcam/tcS01Alias/listarTipoCambio] [554]
15:38:09.724===========> EGSCreateRateUSDtoPEN.process: Incapaz de estabilizar la comunicación con el servicio de SUNAT. [554]
org.jsoup.HttpStatusException: HTTP error fetching URL. Status=400, URL=[https://e-consulta.sunat.gob.pe/cl-at-ittipcam/tcS01Alias/listarTipoCambio]
	at org.jsoup.helper.HttpConnection$Response.execute(HttpConnection.java:913)
	at org.jsoup.helper.HttpConnection$Response.execute(HttpConnection.java:866)
	at org.jsoup.helper.HttpConnection.execute(HttpConnection.java:365)
	at com.egssmart.finantials.proccess.EGSCreateRateUSDtoPEN.doIt(Unknown Source)
	at org.compiere.process.SvrProcess.process(Unknown Source)
	at org.compiere.process.SvrProcess.startProcess(Unknown Source)
	at org.adempiere.util.ProcessUtil.startJavaProcess(Unknown Source)
	at org.compiere.apps.AbstractProcessCtl.startProcess(Unknown Source)
	at org.compiere.apps.AbstractProcessCtl.run(Unknown Source)
	at org.adempiere.webui.apps.WProcessCtl.process(Unknown Source)
	at org.adempiere.webui.apps.AbstractProcessDialog$ProcessDialogRunnable.doRun(Unknown Source)
	at org.adempiere.util.ContextRunnable.run(Unknown Source)
	at org.adempiere.webui.apps.DesktopRunnable.run(Unknown Source)


*** 2026-06-02 15:42:21.635 idempiere Log (CLogFile) ***
