*** 2026-06-02 19:11:02.986 idempiere Log (CLogFile) ***
19:11:02.985 Adempiere.startup: iDempiere(r) Release 14_2026-03-09 -Smart Suite ERP, CRM and SCM- (c) 1999-2026 iDempiere(r); Implementation: iDempiere - Supported by iDempiere community [27]
19:11:02.986 Ini.loadProperties: /home/nextcollege/BDeveloper/idempiere-dev-setup-14/idempiere/idempiere.properties #29 [27]
19:11:02.993-----------> Core.getKeyStore: Encryption with legacy key algorithm DES detected - it is recommended to migrate to a stronger algorithm [27]
19:11:03.609-----------> Activator.createHazelCastInstance: Starting hazelcast with configuration from file hazelcast.xml [27]
19:11:04.216-----------> CPSubsystem: [192.168.0.55]:5701 [adempiere.idempiere14/localhost:5432] [5.3.7] CP Subsystem is not enabled. CP data structures will operate in UNSAFE mode! Please note that UNSAFE mode will not provide strong consistency guarantees. [27]
19:11:04.573-----------> Node: [192.168.0.55]:5701 [adempiere.idempiere14/localhost:5432] [5.3.7] No join method is enabled! Starting standalone. [27]
19:11:05.265-----------> DB.isBuildOK: Build Version Error 

The program assumes build version 14.0.0.qualifier, but database has build version ${env.ADEMPIERE_VERSION} 20080428-1232. 
This is likely to cause hard to fix errors. 
Please contact administrator. [27]
19:11:07.465-----------> EMail.setFrom: you @ company.org: javax.mail.internet.AddressException: Local address contains control or whitespace in string ``you @ company.org'' [27]
19:11:07.472-----------> EMail.addTo: you @ company.org: javax.mail.internet.AddressException: Local address contains control or whitespace in string ``you @ company.org'' [27]
19:11:07.473-----------> EMail.isValid: From is invalid=null [27]
19:11:07.473-----------> EMail.isValid: From is invalid=null [27]
19:11:07.482-----------> MClient.sendEMail: Could NOT Send Email: Server started: iDempiere (nextcollege-G751JT:192.168.0.55) to you @ company.org: Invalid Data (System) [27]
19:11:09.102           LoggedSessionListener.contextInitialized: iDempiere context initialized for 10.3.0.1 [27]
19:11:09.299-----------> TimeZoneDataBaseVersionChecker.init: Time zone data version mismatch detected:
 - Client (moment.js) tzdb version: 2025b
 - Server (JDK) tzdb version: 2026a
Date and time values may be incorrect if time zone rules differ.
To resolve, update the moment-timezone data on the client and/or the JDK time zone data (TZUpdater or Java update) on the server so both use the same version. [27]
19:12:16.132-----------> EGSCreateRateUSDtoPEN.doIt: PASO 1: Abriendo canal seguro y capturando contexto... [488]
19:12:16.539-----------> EGSCreateRateUSDtoPEN.doIt: Cookies validadas: [TS61ff7286027=08d0cd49b8ab20000cd90310a7c45f8af7479fdbc021bd5495fbb7d5825abc4c2e0edb77ae2622a9082b378cfe1130007ac1508e600da0e8fd9ab3560fb476d7080e4bdc5ac2b505e474de48ca478e8ce7070e8ff310224066023cefc86b5c48; TS0105b0c6=019edc9eb89ba1d4605b59fa7c89f4f03ef26d0953c13bca8cc9a72d52fd681a18fb46e6f2d1bdced655d60d02341cd0c8902ca888a453e7b52255ca9188c669623f825d3d; IAASISTENCIAGESTIONSESSION=EXuK0uECQOyVlVh345cblbG-g9mlZsp6OPnAhaN6q3DFvE3yuLtQsK4oIA_yHF4wLzIopaOnhE2x8KOgVrTWBmA934S0--UkY3v8EOzmbIv-vcd1NxDC16shWAHzwgYTLvrz2TCYNR9SLKwJSFN3OP4y8bEcZu9H1hRfP18SHHhJTOIYpfhbv_s1BOn4ioeeXDK1XKJNBz08Axj7AAOc8gX1fW92zhbP9nfWXWgH23SkA1EPaXAzQNg7HgG8lcqb!-1926820799!1093042530] [488]
19:12:16.628-----------> EGSCreateRateUSDtoPEN.doIt: Esperando renderizado de interfaz (estabilización de canal)... [488]
19:12:19.629-----------> EGSCreateRateUSDtoPEN.doIt: PASO 2: Transmitiendo Payload asíncrono sobre el mismo canal... [488]
19:12:19.629-----------> EGSCreateRateUSDtoPEN.doIt: Payload: {"anhoConsulta":"2026","mesConsulta":"6","indMes":"1","mode":"month"} [488]
19:12:19.730-----------> EGSCreateRateUSDtoPEN.doIt: Respuesta HTTP del Servidor: 400 [488]
19:12:19.730-----------> EGSCreateRateUSDtoPEN.doIt: Respuesta cruda del API SUNAT: <!DOCTYPE HTML PUBLIC "-//W3C//DTD HTML 4.0 Draft//EN"><HTML><HEAD><TITLE>Error 400--Bad Request</TITLE></HEAD><BODY bgcolor="white"><FONT FACE=Helvetica><BR CLEAR=all><TABLE border=0 cellspacing=5><TR><TD><BR CLEAR=all><FONT FACE="Helvetica" COLOR="black" SIZE="3"><H2>Error 400--Bad Request</H2></FONT></TD></TR></TABLE><TABLE border=0 width=100% cellpadding=10><TR><TD VALIGN=top WIDTH=100% BGCOLOR=white><FONT FACE="Courier New"><FONT FACE="Helvetica" SIZE="3"><H3>From RFC 2068 <i>Hypertext Transfer Protocol -- HTTP/1.1</i>:</H3></FONT><FONT FACE="Helvetica" SIZE="3"><H4>10.4.1 400 Bad Request</H4></FONT><P><FONT FACE="Courier New">The request could not be understood by the server due to malformed syntax. The client SHOULD NOT repeat the request without modifications.</FONT></P></FONT></TD></TR></TABLE></BODY></HTML> [488]
19:12:19.731-----------> EGSCreateRateUSDtoPEN.doIt: Filtro perimetral activado. Reintentando... [488]
19:12:19.731-----------> EGSCreateRateUSDtoPEN.doIt: Intento 2 de 5. Reintentando secuencia completa... [488]
19:12:23.731-----------> EGSCreateRateUSDtoPEN.doIt: PASO 1: Abriendo canal seguro y capturando contexto... [488]
19:12:23.837-----------> EGSCreateRateUSDtoPEN.doIt: Cookies validadas: [TS61ff7286027=08d0cd49b8ab200001a6a452c9749709be638f8acedfa9014d9c75fbc15d69d3afb4e64541d3030a0809d28f291130009cd47bc35baa36904ad72d97284c1a32a733ab5c2b3f75049fa82086f74aab98cd4b6f16c6421fe1469188e7ca35d685; TS0105b0c6=019edc9eb85b6b9704d97c9162726558d19e48a78652bcbd2102b2b0df0f114ae7c483ba4b97428d3b325995b303f31829be6b77ae959048413eea756dc006ac9c2a5e8840; IAASISTENCIAGESTIONSESSION=62eK0v2IkTtODqrb8Be686kAT0GVfID5bUU1XSarzkcConRaGiJArveYeOBujyb_m7DELyHqx1awI3BcFuM-Z24KjdN0oJgdkFpYO1MzKs65JZMH9Rdb0q_OqFGig6_7b1-3tw7qZVQ0h6R3w_HcuKkGkUbwRr-3MsQIcz3rYsgjQaAtFNZ2x2TWefrtm9-DssOTf5qU2TkeckHPUsUUbUKcvdn0gXDX3GAQhQIRtjGNVO0DewlKq25gCg6qg3zh!-1926820799!1093042530] [488]
19:12:23.839-----------> EGSCreateRateUSDtoPEN.doIt: Esperando renderizado de interfaz (estabilización de canal)... [488]
19:12:26.839-----------> EGSCreateRateUSDtoPEN.doIt: PASO 2: Transmitiendo Payload asíncrono sobre el mismo canal... [488]
19:12:26.840-----------> EGSCreateRateUSDtoPEN.doIt: Payload: {"anhoConsulta":"2026","mesConsulta":"6","indMes":"1","mode":"month"} [488]
19:12:26.940-----------> EGSCreateRateUSDtoPEN.doIt: Respuesta HTTP del Servidor: 400 [488]
19:12:26.940-----------> EGSCreateRateUSDtoPEN.doIt: Respuesta cruda del API SUNAT: <!DOCTYPE HTML PUBLIC "-//W3C//DTD HTML 4.0 Draft//EN"><HTML><HEAD><TITLE>Error 400--Bad Request</TITLE></HEAD><BODY bgcolor="white"><FONT FACE=Helvetica><BR CLEAR=all><TABLE border=0 cellspacing=5><TR><TD><BR CLEAR=all><FONT FACE="Helvetica" COLOR="black" SIZE="3"><H2>Error 400--Bad Request</H2></FONT></TD></TR></TABLE><TABLE border=0 width=100% cellpadding=10><TR><TD VALIGN=top WIDTH=100% BGCOLOR=white><FONT FACE="Courier New"><FONT FACE="Helvetica" SIZE="3"><H3>From RFC 2068 <i>Hypertext Transfer Protocol -- HTTP/1.1</i>:</H3></FONT><FONT FACE="Helvetica" SIZE="3"><H4>10.4.1 400 Bad Request</H4></FONT><P><FONT FACE="Courier New">The request could not be understood by the server due to malformed syntax. The client SHOULD NOT repeat the request without modifications.</FONT></P></FONT></TD></TR></TABLE></BODY></HTML> [488]
19:12:26.940-----------> EGSCreateRateUSDtoPEN.doIt: Filtro perimetral activado. Reintentando... [488]
19:12:26.940-----------> EGSCreateRateUSDtoPEN.doIt: Intento 3 de 5. Reintentando secuencia completa... [488]
19:12:30.940-----------> EGSCreateRateUSDtoPEN.doIt: PASO 1: Abriendo canal seguro y capturando contexto... [488]
19:12:31.043-----------> EGSCreateRateUSDtoPEN.doIt: Cookies validadas: [TS61ff7286027=08d0cd49b8ab2000faeee70d43ffc0c685d20bc144ab2855faacb18819edb68c8056a340eb70740b0864f90dcc1130004f4f8f0246e10baaef01b3af35eebc0c907f63d40b26b06f87d906850c8fb7125a08d4a8d061da63e4a1baab5e00b65f; TS0105b0c6=019edc9eb8127e368f4cb82eab040cb563c1da80610ca2e8288d0f0b473ea22f3627de6d69ed4ee50976fc93d80c8c4446d2b7cb48ea19faa09333a49f7f29bd9ba69acdd2; IAASISTENCIAGESTIONSESSION=qvmK0xmtztVFBMARskSE_wFRTsIcb_YQKgBTUqU7eiZnsJ1FFq5wPU7Qktb0_TjRDnQPLXBwv0RjHbcB94RVQlacFiohHDS_LkwizqwJE2tIeIVAtZSxzJCzzxGGPnSwitprPzBewKLsXb18aMp9hoF4ppNfGsjixEgguXoYdYah9HXUUp3ZcKWCBgMcnxXVPn-mhjyuEKzisX6kQwke2UV-6xrDu99R8Z7_R6npoezL2DdpetrghKSnb465f6OR!-1926820799!1093042530] [488]
19:12:31.045-----------> EGSCreateRateUSDtoPEN.doIt: Esperando renderizado de interfaz (estabilización de canal)... [488]
19:12:34.045-----------> EGSCreateRateUSDtoPEN.doIt: PASO 2: Transmitiendo Payload asíncrono sobre el mismo canal... [488]
19:12:34.046-----------> EGSCreateRateUSDtoPEN.doIt: Payload: {"anhoConsulta":"2026","mesConsulta":"6","indMes":"1","mode":"month"} [488]
19:12:34.151-----------> EGSCreateRateUSDtoPEN.doIt: Respuesta HTTP del Servidor: 400 [488]
19:12:34.152-----------> EGSCreateRateUSDtoPEN.doIt: Respuesta cruda del API SUNAT: <!DOCTYPE HTML PUBLIC "-//W3C//DTD HTML 4.0 Draft//EN"><HTML><HEAD><TITLE>Error 400--Bad Request</TITLE></HEAD><BODY bgcolor="white"><FONT FACE=Helvetica><BR CLEAR=all><TABLE border=0 cellspacing=5><TR><TD><BR CLEAR=all><FONT FACE="Helvetica" COLOR="black" SIZE="3"><H2>Error 400--Bad Request</H2></FONT></TD></TR></TABLE><TABLE border=0 width=100% cellpadding=10><TR><TD VALIGN=top WIDTH=100% BGCOLOR=white><FONT FACE="Courier New"><FONT FACE="Helvetica" SIZE="3"><H3>From RFC 2068 <i>Hypertext Transfer Protocol -- HTTP/1.1</i>:</H3></FONT><FONT FACE="Helvetica" SIZE="3"><H4>10.4.1 400 Bad Request</H4></FONT><P><FONT FACE="Courier New">The request could not be understood by the server due to malformed syntax. The client SHOULD NOT repeat the request without modifications.</FONT></P></FONT></TD></TR></TABLE></BODY></HTML> [488]
19:12:34.152-----------> EGSCreateRateUSDtoPEN.doIt: Filtro perimetral activado. Reintentando... [488]
19:12:34.152-----------> EGSCreateRateUSDtoPEN.doIt: Intento 4 de 5. Reintentando secuencia completa... [488]
19:12:38.152-----------> EGSCreateRateUSDtoPEN.doIt: PASO 1: Abriendo canal seguro y capturando contexto... [488]
19:12:38.256-----------> EGSCreateRateUSDtoPEN.doIt: Cookies validadas: [TS61ff7286027=08d0cd49b8ab2000239da22a4aae4fe655f4969d7ecb57ff66bd73f08cd81a53fbac660a3fd535770825f28a5c1130004d3ced39d2f56cd8773ce3573c951f81c658128052575fa9262ad25d3f7f173b2188ae54fe391ea43d4132cb70f19d1e; TS0105b0c6=019edc9eb8367662e58863e105d8e1ba9979bbff320816b0997b4133a861ec7754213b038054af3507c294d0c30137c2fc518de353a27614bc8c07b32c112db37f2f8ca54f; IAASISTENCIAGESTIONSESSION=FbSK0zXYMCCLetrfD_fEpzk5-yGkqxK5FRE-Gd2ar4RwusWb3YhW-OYEygPTiYe3fGFO2qgPk6_vYI7QLhcmo-HrFEKbxQnuVuujXwbKO-xGdbWoi-k-gQcxT_YhfmTKxnwQluTJ5mnUR79plPxwJU1PsLFajeDONmRfpfMBCpYr_pT5ZQ5v4vPjXEK7VkpQh1EV3YiZhG3GDoTako9ZPdCyoc7wKSJ2URaxP2KrJ3sts9jWGI6i41bHQofLl1Sc!-1926820799!1093042530] [488]
19:12:38.258-----------> EGSCreateRateUSDtoPEN.doIt: Esperando renderizado de interfaz (estabilización de canal)... [488]
19:12:41.259-----------> EGSCreateRateUSDtoPEN.doIt: PASO 2: Transmitiendo Payload asíncrono sobre el mismo canal... [488]
19:12:41.259-----------> EGSCreateRateUSDtoPEN.doIt: Payload: {"anhoConsulta":"2026","mesConsulta":"6","indMes":"1","mode":"month"} [488]
19:12:41.359-----------> EGSCreateRateUSDtoPEN.doIt: Respuesta HTTP del Servidor: 400 [488]
19:12:41.360-----------> EGSCreateRateUSDtoPEN.doIt: Respuesta cruda del API SUNAT: <!DOCTYPE HTML PUBLIC "-//W3C//DTD HTML 4.0 Draft//EN"><HTML><HEAD><TITLE>Error 400--Bad Request</TITLE></HEAD><BODY bgcolor="white"><FONT FACE=Helvetica><BR CLEAR=all><TABLE border=0 cellspacing=5><TR><TD><BR CLEAR=all><FONT FACE="Helvetica" COLOR="black" SIZE="3"><H2>Error 400--Bad Request</H2></FONT></TD></TR></TABLE><TABLE border=0 width=100% cellpadding=10><TR><TD VALIGN=top WIDTH=100% BGCOLOR=white><FONT FACE="Courier New"><FONT FACE="Helvetica" SIZE="3"><H3>From RFC 2068 <i>Hypertext Transfer Protocol -- HTTP/1.1</i>:</H3></FONT><FONT FACE="Helvetica" SIZE="3"><H4>10.4.1 400 Bad Request</H4></FONT><P><FONT FACE="Courier New">The request could not be understood by the server due to malformed syntax. The client SHOULD NOT repeat the request without modifications.</FONT></P></FONT></TD></TR></TABLE></BODY></HTML> [488]
19:12:41.360-----------> EGSCreateRateUSDtoPEN.doIt: Filtro perimetral activado. Reintentando... [488]
19:12:41.360-----------> EGSCreateRateUSDtoPEN.doIt: Intento 5 de 5. Reintentando secuencia completa... [488]
19:12:45.360-----------> EGSCreateRateUSDtoPEN.doIt: PASO 1: Abriendo canal seguro y capturando contexto... [488]
19:12:45.461-----------> EGSCreateRateUSDtoPEN.doIt: Cookies validadas: [TS61ff7286027=08d0cd49b8ab2000f6d64d25dcae434c957ad2c3bb24deb6fa4d377c3132130e9be5b8a31e9ead6a089ad5362a113000eddd34fcdf6dd3a4268767217acf6668c37ebe34210908bb2dba9c28ed11d773af01f5083e447527501b6a59d9f0f5b4; TS0105b0c6=019edc9eb8bcbcb8ac562aa5131e3c38089eabb1826a7fcf32526e9bc5a722283d214d20bc4a18bc91febf02df85cff4458ef4e0bdaf88855c65a4a27289b6f2035619eab0; IAASISTENCIAGESTIONSESSION=mJGK01IABSRWCdul6QEy07TSdyzOuPe2VcU4zQQiznKk7JMQbKqRQJqaLS4-8sasLqZh-eEom6lc-HCONaLNpZC4qOAQk2XKIkk2P_RcFGMn35uR2tNmnx8TB_Nsp-BeJaG2yR32BXIZSqRItzySuMgXAJu7hoxVNiXjxMgydAhmA7u85V9CvZIihhs73QvnFjvbpAMxAjTWUqsxPNbasu2J6T_BYBF37BEzj-Bis9JJyjWt9ztxOrrjxHW5-uX1!-1926820799!1093042530] [488]
19:12:45.461-----------> EGSCreateRateUSDtoPEN.doIt: Esperando renderizado de interfaz (estabilización de canal)... [488]
19:12:48.461-----------> EGSCreateRateUSDtoPEN.doIt: PASO 2: Transmitiendo Payload asíncrono sobre el mismo canal... [488]
19:12:48.462-----------> EGSCreateRateUSDtoPEN.doIt: Payload: {"anhoConsulta":"2026","mesConsulta":"6","indMes":"1","mode":"month"} [488]
19:12:48.636-----------> EGSCreateRateUSDtoPEN.doIt: Respuesta HTTP del Servidor: 400 [488]
19:12:48.636-----------> EGSCreateRateUSDtoPEN.doIt: Respuesta cruda del API SUNAT: <!DOCTYPE HTML PUBLIC "-//W3C//DTD HTML 4.0 Draft//EN"><HTML><HEAD><TITLE>Error 400--Bad Request</TITLE></HEAD><BODY bgcolor="white"><FONT FACE=Helvetica><BR CLEAR=all><TABLE border=0 cellspacing=5><TR><TD><BR CLEAR=all><FONT FACE="Helvetica" COLOR="black" SIZE="3"><H2>Error 400--Bad Request</H2></FONT></TD></TR></TABLE><TABLE border=0 width=100% cellpadding=10><TR><TD VALIGN=top WIDTH=100% BGCOLOR=white><FONT FACE="Courier New"><FONT FACE="Helvetica" SIZE="3"><H3>From RFC 2068 <i>Hypertext Transfer Protocol -- HTTP/1.1</i>:</H3></FONT><FONT FACE="Helvetica" SIZE="3"><H4>10.4.1 400 Bad Request</H4></FONT><P><FONT FACE="Courier New">The request could not be understood by the server due to malformed syntax. The client SHOULD NOT repeat the request without modifications.</FONT></P></FONT></TD></TR></TABLE></BODY></HTML> [488]
19:12:48.636-----------> EGSCreateRateUSDtoPEN.doIt: Filtro perimetral activado. Reintentando... [488]
19:12:48.636===========> EGSCreateRateUSDtoPEN.process: Fallo final de consistencia de datos. [488]
UserError: Fallo final de consistencia de datos.
	at com.egssmart.finantials.proccess.EGSCreateRateUSDtoPEN.doIt(Unknown Source)
	at org.compiere.process.SvrProcess.process(Unknown Source)
	at org.compiere.process.SvrProcess.startProcess(Unknown Source)
	at org.adempiere.util.ProcessUtil.startJavaProcess(Unknown Source)
	at org.compiere.apps.AbstractProcessCtl.startProcess(Unknown Source)
	at org.compiere.apps.AbstractProcessCtl.run(Unknown Source)
	at org.adempiere.webui.apps.WProcessCtl.process(Unknown Source)
	at org.adempiere.webui.apps.AbstractProcessDialog$ProcessDialogRunnable.doRun(Unknown Source)
	at org.adempiere.util.ContextRunnable.run(Unknown Source)
	at org.adempiere.webui.apps.DesktopRunnable.run(Unknown Source)
	at java.base/java.util.concurrent.Executors$RunnableAdapter.call(Executors.java:539)

19:13:10.309-----------> PackInApplicationActivator.getFilesToProcess: Processing migration [493]

*** 2026-06-02 19:14:44.39 idempiere Log (CLogFile) ***
