*** 2026-06-01 00:13:29.64 idempiere Log (CLogFile) ***
00:13:29.639-----------> MRole.getProcessAccess: Role System Administrator has assigned access incompatible process Generates SIRE Purchase Record [1051]
00:27:47.487-----------> EMail.setFrom: you @ company.org: javax.mail.internet.AddressException: Local address contains control or whitespace in string ``you @ company.org'' [485]
00:27:47.489-----------> EMail.addTo: superuser @ idempiere.com: javax.mail.internet.AddressException: Local address contains control or whitespace in string ``superuser @ idempiere.com'' [485]
00:27:47.490-----------> EMail.isValid: From is invalid=null [485]
00:27:47.490-----------> EMail.isValid: From is invalid=null [485]
00:27:47.495===========> MClient.sendEMail: GardenWorld - from null to MUser[100,Name=SuperUser,EMailUserID=null]: Cannot invoke "javax.mail.internet.InternetAddress.toString()" because the return value of "org.compiere.util.EMail.getFrom()" is null [485]
00:37:22.199-----------> MRole.getProcessAccess: Role System Administrator has assigned access incompatible process Generates SIRE Purchase Record [1075]
00:37:37.979-----------> PackInHandler.dumpUnresolvedElements: AD_StatusLine [AD_Client_ID=0, AD_Org_ID=0, AD_StatusLine_UU=019e7287-ee62-71e9-9e77-59055a04ea1e, EntityType=EGS_LPE, IsActive=Y, Name=CurrencyRate Yesterday vs Today, AD_Message_ID=019e7283-7e9e-7186-8551-b6a678f2d6e7, SQLStatement=SELECT 
    Currency_usd,
    USD_TodayRate,
    USD_YesterdayRate,
    USD_PercentageChange,
    Currency_eur,
    EUR_TodayRate,
    EUR_YesterdayRate,
    EUR_PercentageChange
FROM FTU_RV_currencyexchange;
, AD_Style_ID=] unresolved [AD_Message_ID] [590]
00:37:37.980===========> PackIn.importXML: importXML: [590]
org.adempiere.exceptions.AdempiereException: Unresolved elements
	at org.adempiere.pipo2.PackIn.importXML(Unknown Source)
	at org.adempiere.pipo2.PackIn.importXML(Unknown Source)
	at org.adempiere.pipo2.PackInProcess.doIt(Unknown Source)
	at org.compiere.process.SvrProcess.process(Unknown Source)
	at org.compiere.process.SvrProcess.startProcess(Unknown Source)
	at org.adempiere.util.ProcessUtil.startJavaProcess(Unknown Source)
	at org.compiere.apps.AbstractProcessCtl.startProcess(Unknown Source)
	at org.compiere.apps.AbstractProcessCtl.run(Unknown Source)
	at org.adempiere.webui.apps.WProcessCtl.process(Unknown Source)
	at org.adempiere.webui.apps.AbstractProcessDialog$ProcessDialogRunnable.doRun(Unknown Source)
	at org.adempiere.util.ContextRunnable.run(Unknown Source)
	at org.adempiere.webui.apps.DesktopRunnable.run(Unknown Source)

00:37:37.983===========> PackIn.importXML: importXML: [590]
java.lang.RuntimeException: Unresolved elements
	at org.adempiere.pipo2.PackIn.importXML(Unknown Source)
	at org.adempiere.pipo2.PackIn.importXML(Unknown Source)
	at org.adempiere.pipo2.PackInProcess.doIt(Unknown Source)
	at org.compiere.process.SvrProcess.process(Unknown Source)
	at org.compiere.process.SvrProcess.startProcess(Unknown Source)
	at org.adempiere.util.ProcessUtil.startJavaProcess(Unknown Source)
	at org.compiere.apps.AbstractProcessCtl.startProcess(Unknown Source)
	at org.compiere.apps.AbstractProcessCtl.run(Unknown Source)
	at org.adempiere.webui.apps.WProcessCtl.process(Unknown Source)
	at org.adempiere.webui.apps.AbstractProcessDialog$ProcessDialogRunnable.doRun(Unknown Source)
	at org.adempiere.util.ContextRunnable.run(Unknown Source)
	at org.adempiere.webui.apps.DesktopRunnable.run(Unknown Source)
caused by: org.adempiere.exceptions.AdempiereException: Unresolved elements
	at org.adempiere.pipo2.PackIn.importXML(Unknown Source)
	at org.adempiere.pipo2.PackIn.importXML(Unknown Source)
	at org.adempiere.pipo2.PackInProcess.doIt(Unknown Source)
	at org.compiere.process.SvrProcess.process(Unknown Source)
	at org.compiere.process.SvrProcess.startProcess(Unknown Source)
	at org.adempiere.util.ProcessUtil.startJavaProcess(Unknown Source)
	at org.compiere.apps.AbstractProcessCtl.startProcess(Unknown Source)
	at org.compiere.apps.AbstractProcessCtl.run(Unknown Source)
	at org.adempiere.webui.apps.WProcessCtl.process(Unknown Source)
	at org.adempiere.webui.apps.AbstractProcessDialog$ProcessDialogRunnable.doRun(Unknown Source)
	at org.adempiere.util.ContextRunnable.run(Unknown Source)
	at org.adempiere.webui.apps.DesktopRunnable.run(Unknown Source)

00:37:37.984===========> PackInProcess.doIt: importXML: [590]
java.lang.RuntimeException: Unresolved elements
	at org.adempiere.pipo2.PackIn.importXML(Unknown Source)
	at org.adempiere.pipo2.PackIn.importXML(Unknown Source)
	at org.adempiere.pipo2.PackInProcess.doIt(Unknown Source)
	at org.compiere.process.SvrProcess.process(Unknown Source)
	at org.compiere.process.SvrProcess.startProcess(Unknown Source)
	at org.adempiere.util.ProcessUtil.startJavaProcess(Unknown Source)
	at org.compiere.apps.AbstractProcessCtl.startProcess(Unknown Source)
	at org.compiere.apps.AbstractProcessCtl.run(Unknown Source)
	at org.adempiere.webui.apps.WProcessCtl.process(Unknown Source)
	at org.adempiere.webui.apps.AbstractProcessDialog$ProcessDialogRunnable.doRun(Unknown Source)
	at org.adempiere.util.ContextRunnable.run(Unknown Source)
	at org.adempiere.webui.apps.DesktopRunnable.run(Unknown Source)
caused by: org.adempiere.exceptions.AdempiereException: Unresolved elements
	at org.adempiere.pipo2.PackIn.importXML(Unknown Source)
	at org.adempiere.pipo2.PackIn.importXML(Unknown Source)
	at org.adempiere.pipo2.PackInProcess.doIt(Unknown Source)
	at org.compiere.process.SvrProcess.process(Unknown Source)
	at org.compiere.process.SvrProcess.startProcess(Unknown Source)
	at org.adempiere.util.ProcessUtil.startJavaProcess(Unknown Source)
	at org.compiere.apps.AbstractProcessCtl.startProcess(Unknown Source)
	at org.compiere.apps.AbstractProcessCtl.run(Unknown Source)
	at org.adempiere.webui.apps.WProcessCtl.process(Unknown Source)
	at org.adempiere.webui.apps.AbstractProcessDialog$ProcessDialogRunnable.doRun(Unknown Source)
	at org.adempiere.util.ContextRunnable.run(Unknown Source)
	at org.adempiere.webui.apps.DesktopRunnable.run(Unknown Source)

00:37:37.988===========> PackInProcess.process: Unresolved elements [590]
org.adempiere.exceptions.AdempiereException: Unresolved elements
	at org.adempiere.pipo2.PackIn.importXML(Unknown Source)
	at org.adempiere.pipo2.PackIn.importXML(Unknown Source)
	at org.adempiere.pipo2.PackInProcess.doIt(Unknown Source)
	at org.compiere.process.SvrProcess.process(Unknown Source)
	at org.compiere.process.SvrProcess.startProcess(Unknown Source)
	at org.adempiere.util.ProcessUtil.startJavaProcess(Unknown Source)
	at org.compiere.apps.AbstractProcessCtl.startProcess(Unknown Source)
	at org.compiere.apps.AbstractProcessCtl.run(Unknown Source)
	at org.adempiere.webui.apps.WProcessCtl.process(Unknown Source)
	at org.adempiere.webui.apps.AbstractProcessDialog$ProcessDialogRunnable.doRun(Unknown Source)
	at org.adempiere.util.ContextRunnable.run(Unknown Source)
	at org.adempiere.webui.apps.DesktopRunnable.run(Unknown Source)

00:38:00.635-----------> PackInHandler.dumpUnresolvedElements: AD_StatusLine [AD_Client_ID=0, AD_Org_ID=0, AD_StatusLine_UU=019e7287-ee62-71e9-9e77-59055a04ea1e, EntityType=EGS_LPE, IsActive=Y, Name=CurrencyRate Yesterday vs Today, AD_Message_ID=019e7283-7e9e-7186-8551-b6a678f2d6e7, SQLStatement=SELECT 
    Currency_usd,
    USD_TodayRate,
    USD_YesterdayRate,
    USD_PercentageChange,
    Currency_eur,
    EUR_TodayRate,
    EUR_YesterdayRate,
    EUR_PercentageChange
FROM FTU_RV_currencyexchange;
, AD_Style_ID=] unresolved [AD_Message_ID] [649]
00:38:00.635===========> PackIn.importXML: importXML: [649]
org.adempiere.exceptions.AdempiereException: Unresolved elements
	at org.adempiere.pipo2.PackIn.importXML(Unknown Source)
	at org.adempiere.pipo2.PackIn.importXML(Unknown Source)
	at org.adempiere.pipo2.PackInProcess.doIt(Unknown Source)
	at org.compiere.process.SvrProcess.process(Unknown Source)
	at org.compiere.process.SvrProcess.startProcess(Unknown Source)
	at org.adempiere.util.ProcessUtil.startJavaProcess(Unknown Source)
	at org.compiere.apps.AbstractProcessCtl.startProcess(Unknown Source)
	at org.compiere.apps.AbstractProcessCtl.run(Unknown Source)
	at org.adempiere.webui.apps.WProcessCtl.process(Unknown Source)
	at org.adempiere.webui.apps.AbstractProcessDialog$ProcessDialogRunnable.doRun(Unknown Source)
	at org.adempiere.util.ContextRunnable.run(Unknown Source)
	at org.adempiere.webui.apps.DesktopRunnable.run(Unknown Source)

00:38:00.636===========> PackIn.importXML: importXML: [649]
java.lang.RuntimeException: Unresolved elements
	at org.adempiere.pipo2.PackIn.importXML(Unknown Source)
	at org.adempiere.pipo2.PackIn.importXML(Unknown Source)
	at org.adempiere.pipo2.PackInProcess.doIt(Unknown Source)
	at org.compiere.process.SvrProcess.process(Unknown Source)
	at org.compiere.process.SvrProcess.startProcess(Unknown Source)
	at org.adempiere.util.ProcessUtil.startJavaProcess(Unknown Source)
	at org.compiere.apps.AbstractProcessCtl.startProcess(Unknown Source)
	at org.compiere.apps.AbstractProcessCtl.run(Unknown Source)
	at org.adempiere.webui.apps.WProcessCtl.process(Unknown Source)
	at org.adempiere.webui.apps.AbstractProcessDialog$ProcessDialogRunnable.doRun(Unknown Source)
	at org.adempiere.util.ContextRunnable.run(Unknown Source)
	at org.adempiere.webui.apps.DesktopRunnable.run(Unknown Source)
caused by: org.adempiere.exceptions.AdempiereException: Unresolved elements
	at org.adempiere.pipo2.PackIn.importXML(Unknown Source)
	at org.adempiere.pipo2.PackIn.importXML(Unknown Source)
	at org.adempiere.pipo2.PackInProcess.doIt(Unknown Source)
	at org.compiere.process.SvrProcess.process(Unknown Source)
	at org.compiere.process.SvrProcess.startProcess(Unknown Source)
	at org.adempiere.util.ProcessUtil.startJavaProcess(Unknown Source)
	at org.compiere.apps.AbstractProcessCtl.startProcess(Unknown Source)
	at org.compiere.apps.AbstractProcessCtl.run(Unknown Source)
	at org.adempiere.webui.apps.WProcessCtl.process(Unknown Source)
	at org.adempiere.webui.apps.AbstractProcessDialog$ProcessDialogRunnable.doRun(Unknown Source)
	at org.adempiere.util.ContextRunnable.run(Unknown Source)
	at org.adempiere.webui.apps.DesktopRunnable.run(Unknown Source)

00:38:00.637===========> PackInProcess.doIt: importXML: [649]
java.lang.RuntimeException: Unresolved elements
	at org.adempiere.pipo2.PackIn.importXML(Unknown Source)
	at org.adempiere.pipo2.PackIn.importXML(Unknown Source)
	at org.adempiere.pipo2.PackInProcess.doIt(Unknown Source)
	at org.compiere.process.SvrProcess.process(Unknown Source)
	at org.compiere.process.SvrProcess.startProcess(Unknown Source)
	at org.adempiere.util.ProcessUtil.startJavaProcess(Unknown Source)
	at org.compiere.apps.AbstractProcessCtl.startProcess(Unknown Source)
	at org.compiere.apps.AbstractProcessCtl.run(Unknown Source)
	at org.adempiere.webui.apps.WProcessCtl.process(Unknown Source)
	at org.adempiere.webui.apps.AbstractProcessDialog$ProcessDialogRunnable.doRun(Unknown Source)
	at org.adempiere.util.ContextRunnable.run(Unknown Source)
	at org.adempiere.webui.apps.DesktopRunnable.run(Unknown Source)
caused by: org.adempiere.exceptions.AdempiereException: Unresolved elements
	at org.adempiere.pipo2.PackIn.importXML(Unknown Source)
	at org.adempiere.pipo2.PackIn.importXML(Unknown Source)
	at org.adempiere.pipo2.PackInProcess.doIt(Unknown Source)
	at org.compiere.process.SvrProcess.process(Unknown Source)
	at org.compiere.process.SvrProcess.startProcess(Unknown Source)
	at org.adempiere.util.ProcessUtil.startJavaProcess(Unknown Source)
	at org.compiere.apps.AbstractProcessCtl.startProcess(Unknown Source)
	at org.compiere.apps.AbstractProcessCtl.run(Unknown Source)
	at org.adempiere.webui.apps.WProcessCtl.process(Unknown Source)
	at org.adempiere.webui.apps.AbstractProcessDialog$ProcessDialogRunnable.doRun(Unknown Source)
	at org.adempiere.util.ContextRunnable.run(Unknown Source)
	at org.adempiere.webui.apps.DesktopRunnable.run(Unknown Source)

00:38:00.638===========> PackInProcess.process: Unresolved elements [649]
org.adempiere.exceptions.AdempiereException: Unresolved elements
	at org.adempiere.pipo2.PackIn.importXML(Unknown Source)
	at org.adempiere.pipo2.PackIn.importXML(Unknown Source)
	at org.adempiere.pipo2.PackInProcess.doIt(Unknown Source)
	at org.compiere.process.SvrProcess.process(Unknown Source)
	at org.compiere.process.SvrProcess.startProcess(Unknown Source)
	at org.adempiere.util.ProcessUtil.startJavaProcess(Unknown Source)
	at org.compiere.apps.AbstractProcessCtl.startProcess(Unknown Source)
	at org.compiere.apps.AbstractProcessCtl.run(Unknown Source)
	at org.adempiere.webui.apps.WProcessCtl.process(Unknown Source)
	at org.adempiere.webui.apps.AbstractProcessDialog$ProcessDialogRunnable.doRun(Unknown Source)
	at org.adempiere.util.ContextRunnable.run(Unknown Source)
	at org.adempiere.webui.apps.DesktopRunnable.run(Unknown Source)

00:44:19.775-----------> MRole.getProcessAccess: Role System Administrator has assigned access incompatible process Generates SIRE Purchase Record [1155]
00:45:24.489-----------> Msg.getMsg: NOT found: CurrencyRate Yesterday vs Today [561]
00:45:24.491-----------> MStatusLine.parseLine: SELECT 
    Currency_usd,
    USD_TodayRate,
    USD_YesterdayRate,
    USD_PercentageChange,
    Currency_eur,
    EUR_TodayRate,
    EUR_YesterdayRate,
    EUR_PercentageChange
FROM FTU_RV_currencyexchange;
 [561]
org.postgresql.util.PSQLException: ERROR: no existe la relación «ftu_rv_currencyexchange»
  Position: 185; State=42P01; ErrorCode=0
	at org.postgresql.core.v3.QueryExecutorImpl.receiveErrorResponse(QueryExecutorImpl.java:2736)
	at org.postgresql.core.v3.QueryExecutorImpl.processResults(QueryExecutorImpl.java:2421)
	at org.postgresql.core.v3.QueryExecutorImpl.execute(QueryExecutorImpl.java:372)
	at org.postgresql.jdbc.PgStatement.executeInternal(PgStatement.java:525)
	at org.postgresql.jdbc.PgStatement.execute(PgStatement.java:435)
	at org.postgresql.jdbc.PgPreparedStatement.executeWithFlags(PgPreparedStatement.java:196)
	at org.postgresql.jdbc.PgPreparedStatement.executeQuery(PgPreparedStatement.java:139)
	at com.zaxxer.hikari.pool.ProxyPreparedStatement.executeQuery(ProxyPreparedStatement.java:52)
	at com.zaxxer.hikari.pool.HikariProxyPreparedStatement.executeQuery(HikariProxyPreparedStatement.java)
	at jdk.internal.reflect.GeneratedMethodAccessor28.invoke(Unknown Source)
	at java.base/jdk.internal.reflect.DelegatingMethodAccessorImpl.invoke(DelegatingMethodAccessorImpl.java:43)
	at java.base/java.lang.reflect.Method.invoke(Method.java:569)
	at org.compiere.db.StatementProxy.invoke(Unknown Source)
	at jdk.proxy2/jdk.proxy2.$Proxy18.executeQuery(Unknown Source)
	at org.compiere.model.MStatusLine.parseLine(Unknown Source)
	at org.adempiere.webui.desktop.DashboardController.asyncRenderComponents(Unknown Source)
	at org.adempiere.webui.desktop.DashboardController.asyncRenderGadgetPanel(Unknown Source)
	at org.adempiere.webui.desktop.DashboardController$3.doRun(Unknown Source)
	at org.adempiere.util.ContextRunnable.run(Unknown Source)
	at org.adempiere.webui.apps.DesktopRunnable.run(Unknown Source)
	at java.base/java.util.concurrent.Executors$RunnableAdapter.call(Executors.java:539)

00:45:42.828-----------> DefaultProcessFactory.newProcessInstance: net.frontuari.custom.process.FTUCreateRate [643]
java.lang.ClassNotFoundException: net.frontuari.custom.process.FTUCreateRate cannot be found by org.adempiere.base_14.0.0.qualifier
	at org.eclipse.osgi.internal.loader.BundleLoader.generateException(BundleLoader.java:541)
	at org.eclipse.osgi.internal.loader.BundleLoader.findClass0(BundleLoader.java:536)
	at org.eclipse.osgi.internal.loader.BundleLoader.findClass(BundleLoader.java:416)
	at org.eclipse.osgi.internal.loader.ModuleClassLoader.loadClass(ModuleClassLoader.java:168)
	at java.base/java.lang.ClassLoader.loadClass(ClassLoader.java:525)
	at org.adempiere.base.DefaultProcessFactory.newProcessInstance(Unknown Source)
	at org.adempiere.base.Core.getProcess(Unknown Source)
	at org.adempiere.util.ProcessUtil.startJavaProcess(Unknown Source)
	at org.compiere.apps.AbstractProcessCtl.startProcess(Unknown Source)
	at org.compiere.apps.AbstractProcessCtl.run(Unknown Source)
	at org.adempiere.webui.apps.WProcessCtl.process(Unknown Source)
	at org.adempiere.webui.apps.AbstractProcessDialog$ProcessDialogRunnable.doRun(Unknown Source)
	at org.adempiere.util.ContextRunnable.run(Unknown Source)
	at org.adempiere.webui.apps.DesktopRunnable.run(Unknown Source)

00:46:57.193-----------> _osgi.log: Cannot install or update bundle from /tmp/install11656573786493953304.tmp [1216]
org.osgi.framework.BundleException: Could not resolve module: com.covencaucho.custom [408]
  Unresolved requirement: Require-Bundle: net.frontuari.mfg

	at org.eclipse.osgi.container.Module.start(Module.java:463)
	at org.eclipse.osgi.internal.framework.EquinoxBundle.start(EquinoxBundle.java:445)
	at org.eclipse.osgi.internal.framework.EquinoxBundle.start(EquinoxBundle.java:464)
	at org.apache.felix.webconsole.internal.core.InstallHelper.doRun(InstallHelper.java:70)
	at org.apache.felix.webconsole.internal.core.BaseUpdateInstallHelper.doRun(BaseUpdateInstallHelper.java:104)
	at org.apache.felix.webconsole.internal.core.BaseUpdateInstallHelper.run(BaseUpdateInstallHelper.java:177)
	at java.base/java.lang.Thread.run(Thread.java:840)

00:47:50.974-----------> RequiredPluginValidator.frameworkEvent: DS Listener - OSGi Framework Error: Invalid class loader from a refreshed bundle is being used: net.frontuari.custom_10.0.0.202511131859 [23]
00:47:50.972===========> AnnotationBasedFactory.lambda$0: org/compiere/model/MAllocationHdr [1228]
00:47:50.975-----------> RequiredPluginValidator.frameworkEvent: DS Listener - OSGi Framework Error: Invalid class loader from a refreshed bundle is being used: net.frontuari.custom_10.0.0.202511131859 [23]
00:47:50.976-----------> RequiredPluginValidator.frameworkEvent: DS Listener - OSGi Framework Error: Invalid class loader from a refreshed bundle is being used: net.frontuari.custom_10.0.0.202511131859 [23]
00:47:50.976-----------> RequiredPluginValidator.frameworkEvent: DS Listener - OSGi Framework Error: Invalid class loader from a refreshed bundle is being used: net.frontuari.custom_10.0.0.202511131859 [23]
00:47:50.977-----------> RequiredPluginValidator.frameworkEvent: DS Listener - OSGi Framework Error: Invalid class loader from a refreshed bundle is being used: net.frontuari.custom_10.0.0.202511131859 [23]
00:47:50.977-----------> RequiredPluginValidator.frameworkEvent: DS Listener - OSGi Framework Error: Invalid class loader from a refreshed bundle is being used: net.frontuari.custom_10.0.0.202511131859 [23]
00:47:50.979-----------> RequiredPluginValidator.frameworkEvent: DS Listener - OSGi Framework Error: Invalid class loader from a refreshed bundle is being used: net.frontuari.custom_10.0.0.202511131859 [23]
00:47:50.980-----------> RequiredPluginValidator.frameworkEvent: DS Listener - OSGi Framework Error: Invalid class loader from a refreshed bundle is being used: net.frontuari.custom_10.0.0.202511131859 [23]
00:47:50.981-----------> RequiredPluginValidator.frameworkEvent: DS Listener - OSGi Framework Error: Invalid class loader from a refreshed bundle is being used: net.frontuari.custom_10.0.0.202511131859 [23]
00:47:50.982-----------> RequiredPluginValidator.frameworkEvent: DS Listener - OSGi Framework Error: Invalid class loader from a refreshed bundle is being used: net.frontuari.custom_10.0.0.202511131859 [23]
00:47:50.983-----------> RequiredPluginValidator.frameworkEvent: DS Listener - OSGi Framework Error: Invalid class loader from a refreshed bundle is being used: net.frontuari.custom_10.0.0.202511131859 [23]
00:47:50.983-----------> RequiredPluginValidator.frameworkEvent: DS Listener - OSGi Framework Error: Invalid class loader from a refreshed bundle is being used: net.frontuari.custom_10.0.0.202511131859 [23]
00:47:50.984-----------> RequiredPluginValidator.frameworkEvent: DS Listener - OSGi Framework Error: Invalid class loader from a refreshed bundle is being used: net.frontuari.custom_10.0.0.202511131859 [23]
00:47:50.985-----------> RequiredPluginValidator.frameworkEvent: DS Listener - OSGi Framework Error: Invalid class loader from a refreshed bundle is being used: net.frontuari.custom_10.0.0.202511131859 [23]
00:47:50.986-----------> RequiredPluginValidator.frameworkEvent: DS Listener - OSGi Framework Error: Invalid class loader from a refreshed bundle is being used: net.frontuari.custom_10.0.0.202511131859 [23]
00:47:50.987-----------> RequiredPluginValidator.frameworkEvent: DS Listener - OSGi Framework Error: Invalid class loader from a refreshed bundle is being used: net.frontuari.custom_10.0.0.202511131859 [23]
00:47:50.989-----------> RequiredPluginValidator.frameworkEvent: DS Listener - OSGi Framework Error: Invalid class loader from a refreshed bundle is being used: net.frontuari.custom_10.0.0.202511131859 [23]
00:47:50.990-----------> RequiredPluginValidator.frameworkEvent: DS Listener - OSGi Framework Error: Invalid class loader from a refreshed bundle is being used: net.frontuari.custom_10.0.0.202511131859 [23]
00:47:50.991-----------> RequiredPluginValidator.frameworkEvent: DS Listener - OSGi Framework Error: Invalid class loader from a refreshed bundle is being used: net.frontuari.custom_10.0.0.202511131859 [23]
00:47:50.993-----------> RequiredPluginValidator.frameworkEvent: DS Listener - OSGi Framework Error: Invalid class loader from a refreshed bundle is being used: net.frontuari.custom_10.0.0.202511131859 [23]
00:47:50.994-----------> RequiredPluginValidator.frameworkEvent: DS Listener - OSGi Framework Error: Invalid class loader from a refreshed bundle is being used: net.frontuari.custom_10.0.0.202511131859 [23]
00:47:50.994-----------> RequiredPluginValidator.frameworkEvent: DS Listener - OSGi Framework Error: Invalid class loader from a refreshed bundle is being used: net.frontuari.custom_10.0.0.202511131859 [23]
00:47:50.996-----------> RequiredPluginValidator.frameworkEvent: DS Listener - OSGi Framework Error: Invalid class loader from a refreshed bundle is being used: net.frontuari.custom_10.0.0.202511131859 [23]
00:47:50.998-----------> RequiredPluginValidator.frameworkEvent: DS Listener - OSGi Framework Error: Invalid class loader from a refreshed bundle is being used: net.frontuari.custom_10.0.0.202511131859 [23]
00:47:50.999-----------> RequiredPluginValidator.frameworkEvent: DS Listener - OSGi Framework Error: Invalid class loader from a refreshed bundle is being used: net.frontuari.custom_10.0.0.202511131859 [23]
00:47:51.000-----------> RequiredPluginValidator.frameworkEvent: DS Listener - OSGi Framework Error: Invalid class loader from a refreshed bundle is being used: net.frontuari.custom_10.0.0.202511131859 [23]
00:47:51.001-----------> RequiredPluginValidator.frameworkEvent: DS Listener - OSGi Framework Error: Invalid class loader from a refreshed bundle is being used: net.frontuari.custom_10.0.0.202511131859 [23]
00:47:51.002-----------> RequiredPluginValidator.frameworkEvent: DS Listener - OSGi Framework Error: Invalid class loader from a refreshed bundle is being used: net.frontuari.custom_10.0.0.202511131859 [23]
00:47:51.004-----------> RequiredPluginValidator.frameworkEvent: DS Listener - OSGi Framework Error: Invalid class loader from a refreshed bundle is being used: net.frontuari.custom_10.0.0.202511131859 [23]
00:47:51.005-----------> RequiredPluginValidator.frameworkEvent: DS Listener - OSGi Framework Error: Invalid class loader from a refreshed bundle is being used: net.frontuari.custom_10.0.0.202511131859 [23]
00:47:51.005-----------> RequiredPluginValidator.frameworkEvent: DS Listener - OSGi Framework Error: Invalid class loader from a refreshed bundle is being used: net.frontuari.custom_10.0.0.202511131859 [23]
00:47:51.006-----------> RequiredPluginValidator.frameworkEvent: DS Listener - OSGi Framework Error: Invalid class loader from a refreshed bundle is being used: net.frontuari.custom_10.0.0.202511131859 [23]
00:47:51.006-----------> RequiredPluginValidator.frameworkEvent: DS Listener - OSGi Framework Error: Invalid class loader from a refreshed bundle is being used: net.frontuari.custom_10.0.0.202511131859 [23]
00:47:51.007-----------> RequiredPluginValidator.frameworkEvent: DS Listener - OSGi Framework Error: Invalid class loader from a refreshed bundle is being used: net.frontuari.custom_10.0.0.202511131859 [23]
00:47:51.008-----------> RequiredPluginValidator.frameworkEvent: DS Listener - OSGi Framework Error: Invalid class loader from a refreshed bundle is being used: net.frontuari.custom_10.0.0.202511131859 [23]
00:47:51.009-----------> RequiredPluginValidator.frameworkEvent: DS Listener - OSGi Framework Error: Invalid class loader from a refreshed bundle is being used: net.frontuari.custom_10.0.0.202511131859 [23]
00:47:51.010-----------> RequiredPluginValidator.frameworkEvent: DS Listener - OSGi Framework Error: Invalid class loader from a refreshed bundle is being used: net.frontuari.custom_10.0.0.202511131859 [23]
00:47:51.011-----------> RequiredPluginValidator.frameworkEvent: DS Listener - OSGi Framework Error: Invalid class loader from a refreshed bundle is being used: net.frontuari.custom_10.0.0.202511131859 [23]
00:47:51.036-----------> Incremental2PackActivator.packIn: Installing net.frontuari.custom /META-INF/2Pack_1.0.0_CustomFrontuari.zip ... [640]
00:47:52.827-----------> MColumn.saveWarning: Warning - Do not forget to create the corresponding translation table FTU_ProductGroup_Trl with column Description [640]
00:47:52.956-----------> MColumn.saveWarning: Warning - Do not forget to create the corresponding translation table FTU_ProductGroup_Trl with column Name [640]
00:47:54.381===========> DB.executeUpdate: INSERT INTO AD_Window (AD_Window_ID,Name,AD_Client_ID,AD_Org_ID,IsActive,Created,CreatedBy,Updated,UpdatedBy,WindowType,Processing,EntityType,IsSOTrx,IsDefault,WinHeight,WinWidth,IsBetaFunctionality,AD_Window_UU) VALUES (?,?,?,?,?,?,?,?,?,?,?,?,?,?,?,?,?,?) [PipoDS_019e81b9-637f-7033-a2bf-3a17bbcfd4f3] [640]
org.postgresql.util.PSQLException: ERROR: llave duplicada viola restricción de unicidad «ad_window_name»
  Detail: Ya existe la llave (ad_client_id, name)=(0, Report Currency).; State=23505; ErrorCode=0
	at org.postgresql.core.v3.QueryExecutorImpl.receiveErrorResponse(QueryExecutorImpl.java:2736)
	at org.postgresql.core.v3.QueryExecutorImpl.processResults(QueryExecutorImpl.java:2421)
	at org.postgresql.core.v3.QueryExecutorImpl.execute(QueryExecutorImpl.java:372)
	at org.postgresql.jdbc.PgStatement.executeInternal(PgStatement.java:525)
	at org.postgresql.jdbc.PgStatement.execute(PgStatement.java:435)
	at org.postgresql.jdbc.PgPreparedStatement.executeWithFlags(PgPreparedStatement.java:196)
	at org.postgresql.jdbc.PgPreparedStatement.executeUpdate(PgPreparedStatement.java:157)
	at com.zaxxer.hikari.pool.ProxyPreparedStatement.executeUpdate(ProxyPreparedStatement.java:61)
	at com.zaxxer.hikari.pool.HikariProxyPreparedStatement.executeUpdate(HikariProxyPreparedStatement.java)
	at jdk.internal.reflect.GeneratedMethodAccessor143.invoke(Unknown Source)
	at java.base/jdk.internal.reflect.DelegatingMethodAccessorImpl.invoke(DelegatingMethodAccessorImpl.java:43)
	at java.base/java.lang.reflect.Method.invoke(Method.java:569)
	at org.compiere.db.StatementProxy.invoke(Unknown Source)
	at jdk.proxy2/jdk.proxy2.$Proxy18.executeUpdate(Unknown Source)
	at org.compiere.util.DB.executeUpdate(Unknown Source)
	at org.compiere.util.DB.executeUpdate(Unknown Source)
	at org.compiere.model.PO.doInsert(Unknown Source)
	at org.compiere.model.PO.saveNew(Unknown Source)
	at org.compiere.model.PO.save(Unknown Source)
	at org.compiere.model.PO.save(Unknown Source)
	at org.adempiere.pipo2.handler.WindowElementHandler.startElement(Unknown Source)
	at org.adempiere.pipo2.PackInHandler.processElement(Unknown Source)
	at org.adempiere.pipo2.PackInHandler.processElement(Unknown Source)
	at org.adempiere.pipo2.PackInHandler.endElement(Unknown Source)

00:47:54.382===========> DB.saveError: SaveErrorNotUnique - ERROR: llave duplicada viola restricción de unicidad «ad_window_name»
  Detail: Ya existe la llave (ad_client_id, name)=(0, Report Currency). [640]
00:47:54.383-----------> MWindow.doInsert: [PipoDS_019e81b9-637f-7033-a2bf-3a17bbcfd4f3]Not inserted - AD_Window [640]
00:47:54.392===========> MWindow.saveError: SaveErrorNotUnique - ERROR: llave duplicada viola restricción de unicidad «ad_window_name»
  Detail: Ya existe la llave (ad_client_id, name)=(0, Report Currency). [640]
00:47:54.394===========> MWindow.loadPO: NO Data found for AD_Window_ID=1000028 [640]
java.lang.Exception
	at org.compiere.model.PO.loadPO(Unknown Source)
	at org.compiere.model.PO.load(Unknown Source)
	at org.compiere.model.PO.load(Unknown Source)
	at org.compiere.model.PO.<init>(Unknown Source)
	at org.compiere.model.PO.<init>(Unknown Source)
	at org.compiere.model.X_AD_Window.<init>(Unknown Source)
	at org.compiere.model.MWindow.<init>(Unknown Source)
	at jdk.internal.reflect.GeneratedConstructorAccessor101.newInstance(Unknown Source)
	at java.base/jdk.internal.reflect.DelegatingConstructorAccessorImpl.newInstance(DelegatingConstructorAccessorImpl.java:45)
	at java.base/java.lang.reflect.Constructor.newInstanceWithCaller(Constructor.java:500)
	at java.base/java.lang.reflect.Constructor.newInstance(Constructor.java:481)
	at org.adempiere.base.AbstractModelFactory.getPO(Unknown Source)
	at org.adempiere.base.AnnotationBasedModelFactory.getPO(Unknown Source)
	at org.compiere.model.MTable.getPO(Unknown Source)
	at org.adempiere.pipo2.AbstractElementHandler.logImportDetail(Unknown Source)
	at org.adempiere.pipo2.AbstractElementHandler.logImportDetail(Unknown Source)
	at org.adempiere.pipo2.handler.WindowElementHandler.startElement(Unknown Source)
	at org.adempiere.pipo2.PackInHandler.processElement(Unknown Source)
	at org.adempiere.pipo2.PackInHandler.processElement(Unknown Source)
	at org.adempiere.pipo2.PackInHandler.endElement(Unknown Source)

00:47:54.397===========> PackIn.importXML: importXML: [640]
org.adempiere.pipo2.exception.POSaveFailedException: Failed to save Window Report Currency
	at org.adempiere.pipo2.handler.WindowElementHandler.startElement(Unknown Source)
	at org.adempiere.pipo2.PackInHandler.processElement(Unknown Source)
	at org.adempiere.pipo2.PackInHandler.processElement(Unknown Source)
	at org.adempiere.pipo2.PackInHandler.endElement(Unknown Source)
	at java.xml/com.sun.org.apache.xerces.internal.parsers.AbstractSAXParser.endElement(AbstractSAXParser.java:618)
	at java.xml/com.sun.org.apache.xerces.internal.impl.XMLDocumentFragmentScannerImpl.scanEndElement(XMLDocumentFragmentScannerImpl.java:1728)
	at java.xml/com.sun.org.apache.xerces.internal.impl.XMLDocumentFragmentScannerImpl$FragmentContentDriver.next(XMLDocumentFragmentScannerImpl.java:2899)
	at java.xml/com.sun.org.apache.xerces.internal.impl.XMLDocumentScannerImpl.next(XMLDocumentScannerImpl.java:605)
	at java.xml/com.sun.org.apache.xerces.internal.impl.XMLDocumentFragmentScannerImpl.scanDocument(XMLDocumentFragmentScannerImpl.java:542)
	at java.xml/com.sun.org.apache.xerces.internal.parsers.XML11Configuration.parse(XML11Configuration.java:889)
	at java.xml/com.sun.org.apache.xerces.internal.parsers.XML11Configuration.parse(XML11Configuration.java:825)
	at java.xml/com.sun.org.apache.xerces.internal.parsers.XMLParser.parse(XMLParser.java:141)
	at java.xml/com.sun.org.apache.xerces.internal.parsers.AbstractSAXParser.parse(AbstractSAXParser.java:1224)
	at java.xml/com.sun.org.apache.xerces.internal.jaxp.SAXParserImpl$JAXPSAXParser.parse(SAXParserImpl.java:637)
	at java.xml/com.sun.org.apache.xerces.internal.jaxp.SAXParserImpl.parse(SAXParserImpl.java:326)
	at java.xml/javax.xml.parsers.SAXParser.parse(SAXParser.java:197)
	at org.adempiere.pipo2.PackIn.importXML(Unknown Source)
	at org.adempiere.pipo2.PackIn.importXML(Unknown Source)
	at org.adempiere.pipo.srv.PipoDictionaryService.merge(Unknown Source)
	at org.adempiere.plugin.utils.AbstractActivator.merge(Unknown Source)
	at org.adempiere.plugin.utils.Incremental2PackActivator.packIn(Unknown Source)
	at org.adempiere.plugin.utils.Incremental2PackActivator.packIn(Unknown Source)
	at org.adempiere.plugin.utils.Incremental2PackActivator.installPackage(Unknown Source)
	at org.adempiere.plugin.utils.Incremental2PackActivator$2.run(Unknown Source)

00:47:54.398===========> PackIn.importXML: importXML: [640]
java.lang.RuntimeException: Failed to save Window Report Currency
	at org.adempiere.pipo2.PackIn.importXML(Unknown Source)
	at org.adempiere.pipo2.PackIn.importXML(Unknown Source)
	at org.adempiere.pipo.srv.PipoDictionaryService.merge(Unknown Source)
	at org.adempiere.plugin.utils.AbstractActivator.merge(Unknown Source)
	at org.adempiere.plugin.utils.Incremental2PackActivator.packIn(Unknown Source)
	at org.adempiere.plugin.utils.Incremental2PackActivator.packIn(Unknown Source)
	at org.adempiere.plugin.utils.Incremental2PackActivator.installPackage(Unknown Source)
	at org.adempiere.plugin.utils.Incremental2PackActivator$2.run(Unknown Source)
	at java.base/java.util.concurrent.Executors$RunnableAdapter.call(Executors.java:539)
	at java.base/java.util.concurrent.FutureTask.run(FutureTask.java:264)
	at java.base/java.util.concurrent.ScheduledThreadPoolExecutor$ScheduledFutureTask.run(ScheduledThreadPoolExecutor.java:304)
	at java.base/java.util.concurrent.ThreadPoolExecutor.runWorker(ThreadPoolExecutor.java:1136)
	at java.base/java.util.concurrent.ThreadPoolExecutor$Worker.run(ThreadPoolExecutor.java:635)
	at java.base/java.lang.Thread.run(Thread.java:840)
caused by: org.adempiere.pipo2.exception.POSaveFailedException: Failed to save Window Report Currency
	at org.adempiere.pipo2.handler.WindowElementHandler.startElement(Unknown Source)
	at org.adempiere.pipo2.PackInHandler.processElement(Unknown Source)
	at org.adempiere.pipo2.PackInHandler.processElement(Unknown Source)
	at org.adempiere.pipo2.PackInHandler.endElement(Unknown Source)
	at java.xml/com.sun.org.apache.xerces.internal.parsers.AbstractSAXParser.endElement(AbstractSAXParser.java:618)
	at java.xml/com.sun.org.apache.xerces.internal.impl.XMLDocumentFragmentScannerImpl.scanEndElement(XMLDocumentFragmentScannerImpl.java:1728)
	at java.xml/com.sun.org.apache.xerces.internal.impl.XMLDocumentFragmentScannerImpl$FragmentContentDriver.next(XMLDocumentFragmentScannerImpl.java:2899)
	at java.xml/com.sun.org.apache.xerces.internal.impl.XMLDocumentScannerImpl.next(XMLDocumentScannerImpl.java:605)
	at java.xml/com.sun.org.apache.xerces.internal.impl.XMLDocumentFragmentScannerImpl.scanDocument(XMLDocumentFragmentScannerImpl.java:542)
	at java.xml/com.sun.org.apache.xerces.internal.parsers.XML11Configuration.parse(XML11Configuration.java:889)
	at java.xml/com.sun.org.apache.xerces.internal.parsers.XML11Configuration.parse(XML11Configuration.java:825)
	at java.xml/com.sun.org.apache.xerces.internal.parsers.XMLParser.parse(XMLParser.java:141)
	at java.xml/com.sun.org.apache.xerces.internal.parsers.AbstractSAXParser.parse(AbstractSAXParser.java:1224)
	at java.xml/com.sun.org.apache.xerces.internal.jaxp.SAXParserImpl$JAXPSAXParser.parse(SAXParserImpl.java:637)
	at java.xml/com.sun.org.apache.xerces.internal.jaxp.SAXParserImpl.parse(SAXParserImpl.java:326)
	at java.xml/javax.xml.parsers.SAXParser.parse(SAXParser.java:197)
	at org.adempiere.pipo2.PackIn.importXML(Unknown Source)
	at org.adempiere.pipo2.PackIn.importXML(Unknown Source)
	at org.adempiere.pipo.srv.PipoDictionaryService.merge(Unknown Source)
	at org.adempiere.plugin.utils.AbstractActivator.merge(Unknown Source)
	at org.adempiere.plugin.utils.Incremental2PackActivator.packIn(Unknown Source)
	at org.adempiere.plugin.utils.Incremental2PackActivator.packIn(Unknown Source)
	at org.adempiere.plugin.utils.Incremental2PackActivator.installPackage(Unknown Source)
	at org.adempiere.plugin.utils.Incremental2PackActivator$2.run(Unknown Source)

00:47:54.402===========> PipoDictionaryService.merge: importXML: [640]
java.lang.RuntimeException: Failed to save Window Report Currency
	at org.adempiere.pipo2.PackIn.importXML(Unknown Source)
	at org.adempiere.pipo2.PackIn.importXML(Unknown Source)
	at org.adempiere.pipo.srv.PipoDictionaryService.merge(Unknown Source)
	at org.adempiere.plugin.utils.AbstractActivator.merge(Unknown Source)
	at org.adempiere.plugin.utils.Incremental2PackActivator.packIn(Unknown Source)
	at org.adempiere.plugin.utils.Incremental2PackActivator.packIn(Unknown Source)
	at org.adempiere.plugin.utils.Incremental2PackActivator.installPackage(Unknown Source)
	at org.adempiere.plugin.utils.Incremental2PackActivator$2.run(Unknown Source)
	at java.base/java.util.concurrent.Executors$RunnableAdapter.call(Executors.java:539)
	at java.base/java.util.concurrent.FutureTask.run(FutureTask.java:264)
	at java.base/java.util.concurrent.ScheduledThreadPoolExecutor$ScheduledFutureTask.run(ScheduledThreadPoolExecutor.java:304)
	at java.base/java.util.concurrent.ThreadPoolExecutor.runWorker(ThreadPoolExecutor.java:1136)
	at java.base/java.util.concurrent.ThreadPoolExecutor$Worker.run(ThreadPoolExecutor.java:635)
	at java.base/java.lang.Thread.run(Thread.java:840)
caused by: org.adempiere.pipo2.exception.POSaveFailedException: Failed to save Window Report Currency
	at org.adempiere.pipo2.handler.WindowElementHandler.startElement(Unknown Source)
	at org.adempiere.pipo2.PackInHandler.processElement(Unknown Source)
	at org.adempiere.pipo2.PackInHandler.processElement(Unknown Source)
	at org.adempiere.pipo2.PackInHandler.endElement(Unknown Source)
	at java.xml/com.sun.org.apache.xerces.internal.parsers.AbstractSAXParser.endElement(AbstractSAXParser.java:618)
	at java.xml/com.sun.org.apache.xerces.internal.impl.XMLDocumentFragmentScannerImpl.scanEndElement(XMLDocumentFragmentScannerImpl.java:1728)
	at java.xml/com.sun.org.apache.xerces.internal.impl.XMLDocumentFragmentScannerImpl$FragmentContentDriver.next(XMLDocumentFragmentScannerImpl.java:2899)
	at java.xml/com.sun.org.apache.xerces.internal.impl.XMLDocumentScannerImpl.next(XMLDocumentScannerImpl.java:605)
	at java.xml/com.sun.org.apache.xerces.internal.impl.XMLDocumentFragmentScannerImpl.scanDocument(XMLDocumentFragmentScannerImpl.java:542)
	at java.xml/com.sun.org.apache.xerces.internal.parsers.XML11Configuration.parse(XML11Configuration.java:889)
	at java.xml/com.sun.org.apache.xerces.internal.parsers.XML11Configuration.parse(XML11Configuration.java:825)
	at java.xml/com.sun.org.apache.xerces.internal.parsers.XMLParser.parse(XMLParser.java:141)
	at java.xml/com.sun.org.apache.xerces.internal.parsers.AbstractSAXParser.parse(AbstractSAXParser.java:1224)
	at java.xml/com.sun.org.apache.xerces.internal.jaxp.SAXParserImpl$JAXPSAXParser.parse(SAXParserImpl.java:637)
	at java.xml/com.sun.org.apache.xerces.internal.jaxp.SAXParserImpl.parse(SAXParserImpl.java:326)
	at java.xml/javax.xml.parsers.SAXParser.parse(SAXParser.java:197)
	at org.adempiere.pipo2.PackIn.importXML(Unknown Source)
	at org.adempiere.pipo2.PackIn.importXML(Unknown Source)
	at org.adempiere.pipo.srv.PipoDictionaryService.merge(Unknown Source)
	at org.adempiere.plugin.utils.AbstractActivator.merge(Unknown Source)
	at org.adempiere.plugin.utils.Incremental2PackActivator.packIn(Unknown Source)
	at org.adempiere.plugin.utils.Incremental2PackActivator.packIn(Unknown Source)
	at org.adempiere.plugin.utils.Incremental2PackActivator.installPackage(Unknown Source)
	at org.adempiere.plugin.utils.Incremental2PackActivator$2.run(Unknown Source)

00:47:54.422-----------> Incremental2PackActivator.packIn: Pack in failed. [640]
java.lang.RuntimeException: Failed to save Window Report Currency
	at org.adempiere.pipo2.PackIn.importXML(Unknown Source)
	at org.adempiere.pipo2.PackIn.importXML(Unknown Source)
	at org.adempiere.pipo.srv.PipoDictionaryService.merge(Unknown Source)
	at org.adempiere.plugin.utils.AbstractActivator.merge(Unknown Source)
	at org.adempiere.plugin.utils.Incremental2PackActivator.packIn(Unknown Source)
	at org.adempiere.plugin.utils.Incremental2PackActivator.packIn(Unknown Source)
	at org.adempiere.plugin.utils.Incremental2PackActivator.installPackage(Unknown Source)
	at org.adempiere.plugin.utils.Incremental2PackActivator$2.run(Unknown Source)
	at java.base/java.util.concurrent.Executors$RunnableAdapter.call(Executors.java:539)
	at java.base/java.util.concurrent.FutureTask.run(FutureTask.java:264)
	at java.base/java.util.concurrent.ScheduledThreadPoolExecutor$ScheduledFutureTask.run(ScheduledThreadPoolExecutor.java:304)
	at java.base/java.util.concurrent.ThreadPoolExecutor.runWorker(ThreadPoolExecutor.java:1136)
	at java.base/java.util.concurrent.ThreadPoolExecutor$Worker.run(ThreadPoolExecutor.java:635)
	at java.base/java.lang.Thread.run(Thread.java:840)
caused by: org.adempiere.pipo2.exception.POSaveFailedException: Failed to save Window Report Currency
	at org.adempiere.pipo2.handler.WindowElementHandler.startElement(Unknown Source)
	at org.adempiere.pipo2.PackInHandler.processElement(Unknown Source)
	at org.adempiere.pipo2.PackInHandler.processElement(Unknown Source)
	at org.adempiere.pipo2.PackInHandler.endElement(Unknown Source)
	at java.xml/com.sun.org.apache.xerces.internal.parsers.AbstractSAXParser.endElement(AbstractSAXParser.java:618)
	at java.xml/com.sun.org.apache.xerces.internal.impl.XMLDocumentFragmentScannerImpl.scanEndElement(XMLDocumentFragmentScannerImpl.java:1728)
	at java.xml/com.sun.org.apache.xerces.internal.impl.XMLDocumentFragmentScannerImpl$FragmentContentDriver.next(XMLDocumentFragmentScannerImpl.java:2899)
	at java.xml/com.sun.org.apache.xerces.internal.impl.XMLDocumentScannerImpl.next(XMLDocumentScannerImpl.java:605)
	at java.xml/com.sun.org.apache.xerces.internal.impl.XMLDocumentFragmentScannerImpl.scanDocument(XMLDocumentFragmentScannerImpl.java:542)
	at java.xml/com.sun.org.apache.xerces.internal.parsers.XML11Configuration.parse(XML11Configuration.java:889)
	at java.xml/com.sun.org.apache.xerces.internal.parsers.XML11Configuration.parse(XML11Configuration.java:825)
	at java.xml/com.sun.org.apache.xerces.internal.parsers.XMLParser.parse(XMLParser.java:141)
	at java.xml/com.sun.org.apache.xerces.internal.parsers.AbstractSAXParser.parse(AbstractSAXParser.java:1224)
	at java.xml/com.sun.org.apache.xerces.internal.jaxp.SAXParserImpl$JAXPSAXParser.parse(SAXParserImpl.java:637)
	at java.xml/com.sun.org.apache.xerces.internal.jaxp.SAXParserImpl.parse(SAXParserImpl.java:326)
	at java.xml/javax.xml.parsers.SAXParser.parse(SAXParser.java:197)
	at org.adempiere.pipo2.PackIn.importXML(Unknown Source)
	at org.adempiere.pipo2.PackIn.importXML(Unknown Source)
	at org.adempiere.pipo.srv.PipoDictionaryService.merge(Unknown Source)
	at org.adempiere.plugin.utils.AbstractActivator.merge(Unknown Source)
	at org.adempiere.plugin.utils.Incremental2PackActivator.packIn(Unknown Source)
	at org.adempiere.plugin.utils.Incremental2PackActivator.packIn(Unknown Source)
	at org.adempiere.plugin.utils.Incremental2PackActivator.installPackage(Unknown Source)
	at org.adempiere.plugin.utils.Incremental2PackActivator$2.run(Unknown Source)

00:48:12.782-----------> FTUCreateRate.doIt: Fecha Valor: Lunes, 01 Junio 2026 [476]
00:48:12.786-----------> FTUCreateRate.doIt: Tipo de cambio USD: 554,42580000 [476]
00:48:12.806-----------> FTUCreateRate.createConversionRate: Tasa de conversión creada exitosamente. [476]
00:48:34.109-----------> FTUCreateRateEUR.doIt: Fecha Valor: Lunes, 01 Junio 2026 [664]
00:48:34.111-----------> FTUCreateRateEUR.doIt: Tipo de cambio EUR: 645,67874242 [664]
00:48:34.128-----------> FTUCreateRateEUR.createConversionRate: Tasa de conversión creada exitosamente. [664]
00:48:46.848-----------> MStatusLine.parseLine: SELECT 
    Currency_usd,
    USD_TodayRate,
    USD_YesterdayRate,
    USD_PercentageChange,
    Currency_eur,
    EUR_TodayRate,
    EUR_YesterdayRate,
    EUR_PercentageChange
FROM FTU_RV_currencyexchange;
 [475]
org.postgresql.util.PSQLException: ERROR: no existe la relación «ftu_rv_currencyexchange»
  Position: 185; State=42P01; ErrorCode=0
	at org.postgresql.core.v3.QueryExecutorImpl.receiveErrorResponse(QueryExecutorImpl.java:2736)
	at org.postgresql.core.v3.QueryExecutorImpl.processResults(QueryExecutorImpl.java:2421)
	at org.postgresql.core.v3.QueryExecutorImpl.execute(QueryExecutorImpl.java:372)
	at org.postgresql.jdbc.PgStatement.executeInternal(PgStatement.java:525)
	at org.postgresql.jdbc.PgStatement.execute(PgStatement.java:435)
	at org.postgresql.jdbc.PgPreparedStatement.executeWithFlags(PgPreparedStatement.java:196)
	at org.postgresql.jdbc.PgPreparedStatement.executeQuery(PgPreparedStatement.java:139)
	at com.zaxxer.hikari.pool.ProxyPreparedStatement.executeQuery(ProxyPreparedStatement.java:52)
	at com.zaxxer.hikari.pool.HikariProxyPreparedStatement.executeQuery(HikariProxyPreparedStatement.java)
	at jdk.internal.reflect.GeneratedMethodAccessor28.invoke(Unknown Source)
	at java.base/jdk.internal.reflect.DelegatingMethodAccessorImpl.invoke(DelegatingMethodAccessorImpl.java:43)
	at java.base/java.lang.reflect.Method.invoke(Method.java:569)
	at org.compiere.db.StatementProxy.invoke(Unknown Source)
	at jdk.proxy2/jdk.proxy2.$Proxy18.executeQuery(Unknown Source)
	at org.compiere.model.MStatusLine.parseLine(Unknown Source)
	at org.adempiere.webui.desktop.DashboardController.asyncRenderComponents(Unknown Source)
	at org.adempiere.webui.desktop.DashboardController.asyncRenderGadgetPanel(Unknown Source)
	at org.adempiere.webui.desktop.DashboardController$3.doRun(Unknown Source)
	at org.adempiere.util.ContextRunnable.run(Unknown Source)
	at org.adempiere.webui.apps.DesktopRunnable.run(Unknown Source)
	at java.base/java.util.concurrent.Executors$RunnableAdapter.call(Executors.java:539)


*** 2026-06-01 01:26:46.562 idempiere Log (CLogFile) ***
