*** 2026-06-02 16:38:16.991 idempiere Log (CLogFile) ***
16:38:16.990 Adempiere.startup: iDempiere(r) Release 14_2026-03-09 -Smart Suite ERP, CRM and SCM- (c) 1999-2026 iDempiere(r); Implementation: iDempiere - Supported by iDempiere community [27]
16:38:16.991 Ini.loadProperties: /home/nextcollege/BDeveloper/idempiere-dev-setup-14/idempiere/idempiere.properties #29 [27]
16:38:16.997-----------> Core.getKeyStore: Encryption with legacy key algorithm DES detected - it is recommended to migrate to a stronger algorithm [27]
16:38:17.722-----------> Activator.createHazelCastInstance: Starting hazelcast with configuration from file hazelcast.xml [27]
16:38:18.256-----------> CPSubsystem: [192.168.0.55]:5701 [adempiere.idempiere14/localhost:5432] [5.3.7] CP Subsystem is not enabled. CP data structures will operate in UNSAFE mode! Please note that UNSAFE mode will not provide strong consistency guarantees. [27]
16:38:18.549-----------> Node: [192.168.0.55]:5701 [adempiere.idempiere14/localhost:5432] [5.3.7] No join method is enabled! Starting standalone. [27]
16:38:19.103-----------> DB.isBuildOK: Build Version Error 

The program assumes build version 14.0.0.qualifier, but database has build version ${env.ADEMPIERE_VERSION} 20080428-1232. 
This is likely to cause hard to fix errors. 
Please contact administrator. [27]
16:38:20.839-----------> EMail.setFrom: you @ company.org: javax.mail.internet.AddressException: Local address contains control or whitespace in string ``you @ company.org'' [27]
16:38:20.843-----------> EMail.addTo: you @ company.org: javax.mail.internet.AddressException: Local address contains control or whitespace in string ``you @ company.org'' [27]
16:38:20.844-----------> EMail.isValid: From is invalid=null [27]
16:38:20.844-----------> EMail.isValid: From is invalid=null [27]
16:38:20.849-----------> MClient.sendEMail: Could NOT Send Email: Server started: iDempiere (nextcollege-G751JT:192.168.0.55) to you @ company.org: Invalid Data (System) [27]
16:38:22.189           LoggedSessionListener.contextInitialized: iDempiere context initialized for 10.3.0.1 [27]
16:38:22.378-----------> TimeZoneDataBaseVersionChecker.init: Time zone data version mismatch detected:
 - Client (moment.js) tzdb version: 2025b
 - Server (JDK) tzdb version: 2026a
Date and time values may be incorrect if time zone rules differ.
To resolve, update the moment-timezone data on the client and/or the JDK time zone data (TZUpdater or Java update) on the server so both use the same version. [27]
16:39:11.094-----------> EGSCreateRateUSDtoPEN.doIt: PASO 1: Sincronizando contexto de sesión nativo... [587]
16:39:11.505-----------> EGSCreateRateUSDtoPEN.doIt: Cookies capturadas de forma nativa: [TS61ff7286027=08d0cd49b8ab20009f7a92a1e297c52358ea4c2233d6eca8148dc202646f81cd6f223dadde7e38340821233d251130000a8a4a6881c91c33aa7355b63a0594ffa8e0b7b1b061aa5dda816952583fd9f0c9e6fe3069249eb0fa30377ea094d5cb; TS0105b0c6=019edc9eb82bde9f172e6c1140db5910e2789f7c9ae7a5928eadb761c5be3dc971cf220f3f5e7c16a99190ecb77496dcad4093b3e5bf03a46dd7b4fb14bb33071b01a63589; IAASISTENCIAGESTIONSESSION=J8eKRroCgQZaYyH9tT4F7mwBZa9oN7J__9VTsk7lVCS01TT94QGNB8-itRdSZVO8Wf57nOskt5wRjGu5Hs_R3ucBxQEKBLdERH375Ye4bWb_lZRgmCNI6a2MFeuS1mngQcLmhQa-CkfD7ZmpR6w4UtDpkstcqE7DlTsRijTtrLa1kcc8iyUSedwp6k0Cn6BMXWD0t6m4ovgPBgT1UPYajWtu8Gkv4l7a6TfpKHowD-SfsGi4Z0jheNBXQv_mFcnd!-1926820799!1093042530] [587]
16:39:11.506-----------> EGSCreateRateUSDtoPEN.doIt: Esperando 4000ms para estabilizar el socket TLS... [587]
16:39:15.507-----------> EGSCreateRateUSDtoPEN.doIt: PASO 2: Transmitiendo parámetros de formulario nativos... [587]
16:39:15.508-----------> EGSCreateRateUSDtoPEN.doIt: Payload a enviar: anhoConsulta=2026&mesConsulta=6&indMes=1&mode=month [587]
16:39:15.796-----------> EGSCreateRateUSDtoPEN.doIt: Código HTTP del Servidor: 200 [587]
16:39:15.797-----------> EGSCreateRateUSDtoPEN.doIt: Respuesta cruda del API SUNAT: <html><head><title>Request Rejected</title></head><body>The requested URL was rejected. Please consult with your administrator.<br><br>Your support ID is: 1939715761189807865<br><br><a href='javascript:history.back();'>[Go Back]</a></body></html> [587]
16:39:15.798-----------> EGSCreateRateUSDtoPEN.doIt: Firma rechazada o conflicto en formato. Reintentando bucle... [587]
16:39:15.798-----------> EGSCreateRateUSDtoPEN.doIt: Intento 2 de 5. Reintentando secuencia completa... [587]
16:39:20.798-----------> EGSCreateRateUSDtoPEN.doIt: PASO 1: Sincronizando contexto de sesión nativo... [587]
16:39:21.532-----------> EGSCreateRateUSDtoPEN.doIt: Cookies capturadas de forma nativa: [TS61ff7286027=08d0cd49b8ab20004f05203fe87449be998089f654c1c98a491d2909cfd57db3d111ca53ccd61bef08b9f290a9113000f46f0388ec594e54518800dbfb173c276857091c42ba5b5af9f4059ba5464806caf4ed48fa0533e94738fffbe9a50a1f; TS0105b0c6=019edc9eb8e5c55ca1703072a59b3ea59a2dcc551470bb86eb80ffb4ce1eda9eb57d9ffd801f415b8011f736b74c399f7a028bf5514f5462b0a01e8961321fb0f391e77c83; IAASISTENCIAGESTIONSESSION=2nOKRuBoqW-oH54RgVFaZvYckXjQvEDbJd8I_ZBhQxA7HYPIxQbBdsKJ1JC9_YHhq_bfbpH0hTMGIxrcIB1yyvHuli0FM7UFER3fk1IdfHEbKL45WMziuQBC15e6_9pikNh2B4SS80rLQLk1E6tJyMNNmKRCS9Rzuve741lvEFOLdrKU6F8nPSxmS86EG3tcHGFEM7urhugPp2wp7QnaTC0kV3MtuOTXGiQUxM4WglzpgC2XANeCzKNvQOw4n9Kc!-1926820799!1093042530] [587]
16:39:21.532-----------> EGSCreateRateUSDtoPEN.doIt: Esperando 4000ms para estabilizar el socket TLS... [587]
16:39:25.533-----------> EGSCreateRateUSDtoPEN.doIt: PASO 2: Transmitiendo parámetros de formulario nativos... [587]
16:39:25.533-----------> EGSCreateRateUSDtoPEN.doIt: Payload a enviar: anhoConsulta=2026&mesConsulta=6&indMes=1&mode=month [587]
16:39:25.815-----------> EGSCreateRateUSDtoPEN.doIt: Código HTTP del Servidor: 200 [587]
16:39:25.816-----------> EGSCreateRateUSDtoPEN.doIt: Respuesta cruda del API SUNAT: <html><head><title>Request Rejected</title></head><body>The requested URL was rejected. Please consult with your administrator.<br><br>Your support ID is: 17209828040306044466<br><br><a href='javascript:history.back();'>[Go Back]</a></body></html> [587]
16:39:25.816-----------> EGSCreateRateUSDtoPEN.doIt: Firma rechazada o conflicto en formato. Reintentando bucle... [587]
16:39:25.817-----------> EGSCreateRateUSDtoPEN.doIt: Intento 3 de 5. Reintentando secuencia completa... [587]
16:39:30.817-----------> EGSCreateRateUSDtoPEN.doIt: PASO 1: Sincronizando contexto de sesión nativo... [587]
16:39:31.190-----------> EGSCreateRateUSDtoPEN.doIt: Cookies capturadas de forma nativa: [TS61ff7286027=08d0cd49b8ab20001dec2eef3fa152120a5424d74f1005b627be553a67163b4bc39c7ddc7a81c9ef08c12ce4d5113000208c3e00ba37aedf5c2adaabbe8211ca6cff7ce54d0285b88121deec49b6c3968e7e2c2487851e16c3e096baf3d316cd; TS0105b0c6=019edc9eb87ed371882d0bed42a164daaca9f1b10f610d3f089560a046f2442d6c3cb88387044ca1db543c2740e373e03555f3a2a2d5c8c8689835d63aee891f936dc086e3; IAASISTENCIAGESTIONSESSION=HxmKRwaWlc3QwGfeO5hWXPO7-bmREeTl112Cmi9RMxXtver1JrwsqzEoE3otNZX1gTMpKQmMjfu0baQiicKsgzvFLwmB7TxD1LC9P_ZI9bLGfkHjhO23tUT3m62vszm2fCux4cI3n5ZcLwSK62sELziOlgVxlnYuIkclQXTePzRkHnSTkdubx9q2JksAI4r4Mxl5oMh_Qln27HGG2VfrUbI1nfHQbCh9GPx0hb9kSk0y0g-nKGz6-Owp9Q8En7Ks!-1926820799!1093042530] [587]
16:39:31.191-----------> EGSCreateRateUSDtoPEN.doIt: Esperando 4000ms para estabilizar el socket TLS... [587]
16:39:35.191-----------> EGSCreateRateUSDtoPEN.doIt: PASO 2: Transmitiendo parámetros de formulario nativos... [587]
16:39:35.191-----------> EGSCreateRateUSDtoPEN.doIt: Payload a enviar: anhoConsulta=2026&mesConsulta=6&indMes=1&mode=month [587]
16:39:35.475-----------> EGSCreateRateUSDtoPEN.doIt: Código HTTP del Servidor: 200 [587]
16:39:35.476-----------> EGSCreateRateUSDtoPEN.doIt: Respuesta cruda del API SUNAT: <html><head><title>Request Rejected</title></head><body>The requested URL was rejected. Please consult with your administrator.<br><br>Your support ID is: 11781552376904484465<br><br><a href='javascript:history.back();'>[Go Back]</a></body></html> [587]
16:39:35.476-----------> EGSCreateRateUSDtoPEN.doIt: Firma rechazada o conflicto en formato. Reintentando bucle... [587]
16:39:35.476-----------> EGSCreateRateUSDtoPEN.doIt: Intento 4 de 5. Reintentando secuencia completa... [587]
16:39:40.476-----------> EGSCreateRateUSDtoPEN.doIt: PASO 1: Sincronizando contexto de sesión nativo... [587]
16:39:40.865-----------> EGSCreateRateUSDtoPEN.doIt: Cookies capturadas de forma nativa: [TS61ff7286027=08d0cd49b8ab200039682e37ce535679985a4a5ad90c12ba9d86219861a003516a4c5d8a0cf52a4b08775e0e51113000a00238048df51a783d24582a1de22593147aef7fa40effea24182b13f00ace5eab2f6ac75083683302879bef81545a5a; TS0105b0c6=019edc9eb8caca4b2c4db161fcaf95c0913c8f83768f41ddbbff0fbea319c790a9145d2d567a2eaa1912d440efc5bb028d8bfe5ad0d69322019f25e8fcde9721515ea947ef; IAASISTENCIAGESTIONSESSION=6z2KRyxfNE-drFYHk3TpReH98yy0v2V-9o6RVcQ2aa4DGhAkKmzaloS0yAqzp1J4lGeKYN20zMzQc5vX8SNpFcUW8Arxe7KA8g7cHs-H1VHTTW7r1aVfJ49j236NQll50UqztEFq3CyERpdWRUT7dHvnsBNCH2CiIc3MrMjH37wnB4k9t8-Q2z1R3bdVPm7bz0hHsso3PArta2tDjydyn99rrj9l4GCnjVSIC4FEMV_jJuzuT7Le6PCnN07_2gZV!-1926820799!1093042530] [587]
16:39:40.866-----------> EGSCreateRateUSDtoPEN.doIt: Esperando 4000ms para estabilizar el socket TLS... [587]
16:39:44.866-----------> EGSCreateRateUSDtoPEN.doIt: PASO 2: Transmitiendo parámetros de formulario nativos... [587]
16:39:44.866-----------> EGSCreateRateUSDtoPEN.doIt: Payload a enviar: anhoConsulta=2026&mesConsulta=6&indMes=1&mode=month [587]
16:39:44.971-----------> EGSCreateRateUSDtoPEN.doIt: Código HTTP del Servidor: 200 [587]
16:39:44.972-----------> EGSCreateRateUSDtoPEN.doIt: Respuesta cruda del API SUNAT: <html><head><title>Request Rejected</title></head><body>The requested URL was rejected. Please consult with your administrator.<br><br>Your support ID is: 16158738458647955543<br><br><a href='javascript:history.back();'>[Go Back]</a></body></html> [587]
16:39:44.972-----------> EGSCreateRateUSDtoPEN.doIt: Firma rechazada o conflicto en formato. Reintentando bucle... [587]
16:39:44.972-----------> EGSCreateRateUSDtoPEN.doIt: Intento 5 de 5. Reintentando secuencia completa... [587]
16:39:49.972-----------> EGSCreateRateUSDtoPEN.doIt: PASO 1: Sincronizando contexto de sesión nativo... [587]
16:39:50.039-----------> EGSCreateRateUSDtoPEN.doIt: Cookies capturadas de forma nativa: [TSf3c1dbbd027=08fe7428c8ab2000401a0876c50171267addb876bf351dfbfbbcb70afde5fa82c1b7ec8d12c5279408b937fa8311300007a054763a50db0bb527a7ee67ca2338df72ff031c635fb8560ba42a1a0a52bfb6ce777dd11ef9e1a1a434dbaa8c5715; TS0105b0c6=014dc399cb2ef72ad5ac216ce47e87bc34c79ba3c1162852fa6cf8ace9dd6b9cbce58c1b54726dd775e383f67af0fc8481e5f96cd0ae022e0484c4f3c7cdd97db43ef95085; IAASISTENCIAGESTIONSESSION=wouKR1CBy1T1HCqreTEIho5MroEgBwp-TSLN0wHk5flLyZlcAO0dli7GjztEmbfpW6U9Q0tJ1uHpohlArf2NUnzEtUn_Qye9Q1uh0Pw_xejOHYOxHXt1_yFbLV-XfmS8R4Pg6PFlmIG4WRRUHVFAGvaNNVwqO_-csl6snxNBNaYJAiCRJv4AxRo8fAz9e6L5tzfTFR07CRxsXA0QKICiKeqcTFdUnn92Y-AuoWbDPtzPhcWqJ5vgEm7h_i9GjSE0!1298053303!-445114015] [587]
16:39:50.040-----------> EGSCreateRateUSDtoPEN.doIt: Esperando 4000ms para estabilizar el socket TLS... [587]
16:39:54.040-----------> EGSCreateRateUSDtoPEN.doIt: PASO 2: Transmitiendo parámetros de formulario nativos... [587]
16:39:54.040-----------> EGSCreateRateUSDtoPEN.doIt: Payload a enviar: anhoConsulta=2026&mesConsulta=6&indMes=1&mode=month [587]
16:39:54.093-----------> EGSCreateRateUSDtoPEN.doIt: Código HTTP del Servidor: 415 [587]
16:39:54.093-----------> EGSCreateRateUSDtoPEN.doIt: Respuesta cruda del API SUNAT: <!DOCTYPE HTML PUBLIC "-//W3C//DTD HTML 4.0 Draft//EN"><HTML><HEAD><TITLE>Error 415--Unsupported Media Type</TITLE></HEAD><BODY bgcolor="white"><FONT FACE=Helvetica><BR CLEAR=all><TABLE border=0 cellspacing=5><TR><TD><BR CLEAR=all><FONT FACE="Helvetica" COLOR="black" SIZE="3"><H2>Error 415--Unsupported Media Type</H2></FONT></TD></TR></TABLE><TABLE border=0 width=100% cellpadding=10><TR><TD VALIGN=top WIDTH=100% BGCOLOR=white><FONT FACE="Courier New"><FONT FACE="Helvetica" SIZE="3"><H3>From RFC 2068 <i>Hypertext Transfer Protocol -- HTTP/1.1</i>:</H3></FONT><FONT FACE="Helvetica" SIZE="3"><H4>10.4.16 415 Unsupported Media Type</H4></FONT><P><FONT FACE="Courier New">The server is refusing to service the request because the entity of the request is in a format not supported by the requested resource for the requested method.</FONT></P></FONT></TD></TR></TABLE></BODY></HTML> [587]
16:39:54.093-----------> EGSCreateRateUSDtoPEN.doIt: Firma rechazada o conflicto en formato. Reintentando bucle... [587]
16:39:54.095===========> EGSCreateRateUSDtoPEN.process: Fallo en la verificación final de consistencia. [587]
UserError: Fallo en la verificación final de consistencia.
	at com.egssmart.finantials.proccess.EGSCreateRateUSDtoPEN.doIt(Unknown Source)
	at org.compiere.process.SvrProcess.process(Unknown Source)
	at org.compiere.process.SvrProcess.startProcess(Unknown Source)
	at org.adempiere.util.ProcessUtil.startJavaProcess(Unknown Source)
	at org.compiere.apps.AbstractProcessCtl.startProcess(Unknown Source)
	at org.compiere.apps.AbstractProcessCtl.run(Unknown Source)
	at org.adempiere.webui.apps.WProcessCtl.process(Unknown Source)
	at org.adempiere.webui.apps.AbstractProcessDialog$ProcessDialogRunnable.doRun(Unknown Source)
	at org.adempiere.util.ContextRunnable.run(Unknown Source)
	at org.adempiere.webui.apps.DesktopRunnable.run(Unknown Source)
	at java.base/java.util.concurrent.Executors$RunnableAdapter.call(Executors.java:539)

16:40:23.347-----------> PackInApplicationActivator.getFilesToProcess: Processing migration [542]

*** 2026-06-02 16:42:00.207 idempiere Log (CLogFile) ***
