*** 2026-06-02 14:14:10.747 idempiere Log (CLogFile) ***
14:14:10.746 Adempiere.startup: iDempiere(r) Release 14_2026-03-09 -Smart Suite ERP, CRM and SCM- (c) 1999-2026 iDempiere(r); Implementation: iDempiere - Supported by iDempiere community [27]
14:14:10.748 Ini.loadProperties: /home/nextcollege/BDeveloper/idempiere-dev-setup-14/idempiere/idempiere.properties #29 [27]
14:14:10.753-----------> Core.getKeyStore: Encryption with legacy key algorithm DES detected - it is recommended to migrate to a stronger algorithm [27]
14:14:10.767 AnnotationBasedModelFactory.lambda$0: AnnotationBasedModelFactory loaded 741 classes in 2.078s [40]
14:14:11.417-----------> Activator.createHazelCastInstance: Starting hazelcast with configuration from file hazelcast.xml [27]
14:14:11.967-----------> CPSubsystem: [192.168.0.55]:5701 [adempiere.idempiere14/localhost:5432] [5.3.7] CP Subsystem is not enabled. CP data structures will operate in UNSAFE mode! Please note that UNSAFE mode will not provide strong consistency guarantees. [27]
14:14:12.282-----------> Node: [192.168.0.55]:5701 [adempiere.idempiere14/localhost:5432] [5.3.7] No join method is enabled! Starting standalone. [27]
14:14:12.872-----------> DB.isBuildOK: Build Version Error 

The program assumes build version 14.0.0.qualifier, but database has build version ${env.ADEMPIERE_VERSION} 20080428-1232. 
This is likely to cause hard to fix errors. 
Please contact administrator. [27]
14:14:14.944-----------> EMail.setFrom: you @ company.org: javax.mail.internet.AddressException: Local address contains control or whitespace in string ``you @ company.org'' [27]
14:14:14.950-----------> EMail.addTo: you @ company.org: javax.mail.internet.AddressException: Local address contains control or whitespace in string ``you @ company.org'' [27]
14:14:14.951-----------> EMail.isValid: From is invalid=null [27]
14:14:14.951-----------> EMail.isValid: From is invalid=null [27]
14:14:14.956-----------> MClient.sendEMail: Could NOT Send Email: Server started: iDempiere (nextcollege-G751JT:192.168.0.55) to you @ company.org: Invalid Data (System) [27]
14:14:16.390           LoggedSessionListener.contextInitialized: iDempiere context initialized for 10.3.0.1 [27]
14:14:16.585-----------> TimeZoneDataBaseVersionChecker.init: Time zone data version mismatch detected:
 - Client (moment.js) tzdb version: 2025b
 - Server (JDK) tzdb version: 2026a
Date and time values may be incorrect if time zone rules differ.
To resolve, update the moment-timezone data on the client and/or the JDK time zone data (TZUpdater or Java update) on the server so both use the same version. [27]
14:14:34.023-----------> EGSCreateRateUSDtoPEN.doIt: PASO 1: Sincronizando cookies perimetrales del Home de SUNAT... [522]
14:14:34.162-----------> EGSCreateRateUSDtoPEN.doIt: Cookies F5 BIG-IP integradas: [IAASISTENCIAGESTIONSESSION, TS0105b0c6, TSf3c1dbbd027] [522]
14:14:34.162-----------> EGSCreateRateUSDtoPEN.doIt: Esperando 2200ms (Simulación de interacción humana)... [522]
14:14:36.362-----------> EGSCreateRateUSDtoPEN.doIt: PASO 2: Transmitiendo Payload Numérico-Estructurado al endpoint asíncrono... [522]
14:14:36.363-----------> EGSCreateRateUSDtoPEN.doIt: Payload enviado: {"anhoConsulta":2026,"mesConsulta":5,"indMes":"1","mode":"month"} [522]
14:14:36.418-----------> EGSCreateRateUSDtoPEN.doIt: Error de comunicación en secuencia: HTTP error fetching URL. Status=400, URL=[https://e-consulta.sunat.gob.pe/cl-at-ittipcam/tcS01Alias/listarTipoCambio] [522]
14:14:36.418-----------> EGSCreateRateUSDtoPEN.doIt: Intento 2 de 5. Reintentando secuencia completa... [522]
14:14:40.419-----------> EGSCreateRateUSDtoPEN.doIt: PASO 1: Sincronizando cookies perimetrales del Home de SUNAT... [522]
14:14:40.488-----------> EGSCreateRateUSDtoPEN.doIt: Cookies F5 BIG-IP integradas: [IAASISTENCIAGESTIONSESSION, TSf3c1dbbd027] [522]
14:14:40.488-----------> EGSCreateRateUSDtoPEN.doIt: Esperando 2200ms (Simulación de interacción humana)... [522]
14:14:42.688-----------> EGSCreateRateUSDtoPEN.doIt: PASO 2: Transmitiendo Payload Numérico-Estructurado al endpoint asíncrono... [522]
14:14:42.688-----------> EGSCreateRateUSDtoPEN.doIt: Payload enviado: {"anhoConsulta":2026,"mesConsulta":5,"indMes":"1","mode":"month"} [522]
14:14:42.743-----------> EGSCreateRateUSDtoPEN.doIt: Error de comunicación en secuencia: HTTP error fetching URL. Status=400, URL=[https://e-consulta.sunat.gob.pe/cl-at-ittipcam/tcS01Alias/listarTipoCambio] [522]
14:14:42.744-----------> EGSCreateRateUSDtoPEN.doIt: Intento 3 de 5. Reintentando secuencia completa... [522]
14:14:46.745-----------> EGSCreateRateUSDtoPEN.doIt: PASO 1: Sincronizando cookies perimetrales del Home de SUNAT... [522]
14:14:46.815-----------> EGSCreateRateUSDtoPEN.doIt: Cookies F5 BIG-IP integradas: [IAASISTENCIAGESTIONSESSION, TSf3c1dbbd027] [522]
14:14:46.815-----------> EGSCreateRateUSDtoPEN.doIt: Esperando 2200ms (Simulación de interacción humana)... [522]
14:14:49.016-----------> EGSCreateRateUSDtoPEN.doIt: PASO 2: Transmitiendo Payload Numérico-Estructurado al endpoint asíncrono... [522]
14:14:49.016-----------> EGSCreateRateUSDtoPEN.doIt: Payload enviado: {"anhoConsulta":2026,"mesConsulta":5,"indMes":"1","mode":"month"} [522]
14:14:49.067-----------> EGSCreateRateUSDtoPEN.doIt: Error de comunicación en secuencia: HTTP error fetching URL. Status=400, URL=[https://e-consulta.sunat.gob.pe/cl-at-ittipcam/tcS01Alias/listarTipoCambio] [522]
14:14:49.067-----------> EGSCreateRateUSDtoPEN.doIt: Intento 4 de 5. Reintentando secuencia completa... [522]
14:14:53.067-----------> EGSCreateRateUSDtoPEN.doIt: PASO 1: Sincronizando cookies perimetrales del Home de SUNAT... [522]
14:14:53.146-----------> EGSCreateRateUSDtoPEN.doIt: Cookies F5 BIG-IP integradas: [IAASISTENCIAGESTIONSESSION, TS0105b0c6, TSf3c1dbbd027] [522]
14:14:53.146-----------> EGSCreateRateUSDtoPEN.doIt: Esperando 2200ms (Simulación de interacción humana)... [522]
14:14:55.346-----------> EGSCreateRateUSDtoPEN.doIt: PASO 2: Transmitiendo Payload Numérico-Estructurado al endpoint asíncrono... [522]
14:14:55.346-----------> EGSCreateRateUSDtoPEN.doIt: Payload enviado: {"anhoConsulta":2026,"mesConsulta":5,"indMes":"1","mode":"month"} [522]
14:14:55.400-----------> EGSCreateRateUSDtoPEN.doIt: Error de comunicación en secuencia: HTTP error fetching URL. Status=400, URL=[https://e-consulta.sunat.gob.pe/cl-at-ittipcam/tcS01Alias/listarTipoCambio] [522]
14:14:55.400-----------> EGSCreateRateUSDtoPEN.doIt: Intento 5 de 5. Reintentando secuencia completa... [522]
14:14:59.400-----------> EGSCreateRateUSDtoPEN.doIt: PASO 1: Sincronizando cookies perimetrales del Home de SUNAT... [522]
14:14:59.472-----------> EGSCreateRateUSDtoPEN.doIt: Cookies F5 BIG-IP integradas: [IAASISTENCIAGESTIONSESSION, TSf3c1dbbd027] [522]
14:14:59.472-----------> EGSCreateRateUSDtoPEN.doIt: Esperando 2200ms (Simulación de interacción humana)... [522]
14:15:01.673-----------> EGSCreateRateUSDtoPEN.doIt: PASO 2: Transmitiendo Payload Numérico-Estructurado al endpoint asíncrono... [522]
14:15:01.673-----------> EGSCreateRateUSDtoPEN.doIt: Payload enviado: {"anhoConsulta":2026,"mesConsulta":5,"indMes":"1","mode":"month"} [522]
14:15:01.728-----------> EGSCreateRateUSDtoPEN.doIt: Error de comunicación en secuencia: HTTP error fetching URL. Status=400, URL=[https://e-consulta.sunat.gob.pe/cl-at-ittipcam/tcS01Alias/listarTipoCambio] [522]
14:15:01.731===========> EGSCreateRateUSDtoPEN.process: No se pudo estabilizar el canal seguro de datos con la SUNAT. [522]
org.jsoup.HttpStatusException: HTTP error fetching URL. Status=400, URL=[https://e-consulta.sunat.gob.pe/cl-at-ittipcam/tcS01Alias/listarTipoCambio]
	at org.jsoup.helper.HttpConnection$Response.execute(HttpConnection.java:913)
	at org.jsoup.helper.HttpConnection$Response.execute(HttpConnection.java:866)
	at org.jsoup.helper.HttpConnection.execute(HttpConnection.java:365)
	at com.egssmart.finantials.proccess.EGSCreateRateUSDtoPEN.doIt(Unknown Source)
	at org.compiere.process.SvrProcess.process(Unknown Source)
	at org.compiere.process.SvrProcess.startProcess(Unknown Source)
	at org.adempiere.util.ProcessUtil.startJavaProcess(Unknown Source)
	at org.compiere.apps.AbstractProcessCtl.startProcess(Unknown Source)
	at org.compiere.apps.AbstractProcessCtl.run(Unknown Source)
	at org.adempiere.webui.apps.WProcessCtl.process(Unknown Source)
	at org.adempiere.webui.apps.AbstractProcessDialog$ProcessDialogRunnable.doRun(Unknown Source)
	at org.adempiere.util.ContextRunnable.run(Unknown Source)
	at org.adempiere.webui.apps.DesktopRunnable.run(Unknown Source)

14:16:17.583-----------> PackInApplicationActivator.getFilesToProcess: Processing migration [479]

*** 2026-06-02 14:21:50.503 idempiere Log (CLogFile) ***
