*** 2026-06-02 21:34:19.412 idempiere Log (CLogFile) ***
21:34:19.410 Adempiere.startup: iDempiere(r) Release 14_2026-03-09 -Smart Suite ERP, CRM and SCM- (c) 1999-2026 iDempiere(r); Implementation: iDempiere - Supported by iDempiere community [27]
21:34:19.412 Ini.loadProperties: /home/nextcollege/BDeveloper/idempiere-dev-setup-14/idempiere/idempiere.properties #29 [27]
21:34:19.420-----------> Core.getKeyStore: Encryption with legacy key algorithm DES detected - it is recommended to migrate to a stronger algorithm [27]
21:34:20.028-----------> Activator.createHazelCastInstance: Starting hazelcast with configuration from file hazelcast.xml [27]
21:34:20.695-----------> CPSubsystem: [192.168.0.55]:5701 [adempiere.idempiere14/localhost:5432] [5.3.7] CP Subsystem is not enabled. CP data structures will operate in UNSAFE mode! Please note that UNSAFE mode will not provide strong consistency guarantees. [27]
21:34:21.150-----------> Node: [192.168.0.55]:5701 [adempiere.idempiere14/localhost:5432] [5.3.7] No join method is enabled! Starting standalone. [27]
21:34:21.869-----------> DB.isBuildOK: Build Version Error 

The program assumes build version 14.0.0.qualifier, but database has build version ${env.ADEMPIERE_VERSION} 20080428-1232. 
This is likely to cause hard to fix errors. 
Please contact administrator. [27]
21:34:24.099-----------> EMail.setFrom: you @ company.org: javax.mail.internet.AddressException: Local address contains control or whitespace in string ``you @ company.org'' [27]
21:34:24.105-----------> EMail.addTo: you @ company.org: javax.mail.internet.AddressException: Local address contains control or whitespace in string ``you @ company.org'' [27]
21:34:24.105-----------> EMail.isValid: From is invalid=null [27]
21:34:24.106-----------> EMail.isValid: From is invalid=null [27]
21:34:24.111-----------> MClient.sendEMail: Could NOT Send Email: Server started: iDempiere (nextcollege-G751JT:192.168.0.55) to you @ company.org: Invalid Data (System) [27]
21:34:25.898           LoggedSessionListener.contextInitialized: iDempiere context initialized for 10.3.0.1 [27]
21:34:26.116-----------> TimeZoneDataBaseVersionChecker.init: Time zone data version mismatch detected:
 - Client (moment.js) tzdb version: 2025b
 - Server (JDK) tzdb version: 2026a
Date and time values may be incorrect if time zone rules differ.
To resolve, update the moment-timezone data on the client and/or the JDK time zone data (TZUpdater or Java update) on the server so both use the same version. [27]
21:35:03.651-----------> EGSCreateRateUSDtoPEN.doIt: PASO 1: Abriendo canal seguro y capturando contexto... [510]
21:35:03.755-----------> EGSCreateRateUSDtoPEN.doIt: Cookies ordenadas jerárquicamente: [IAASISTENCIAGESTIONSESSION=z0KLVZrCVVEYMJ8AYrqKPVSy3Zvt4GdYFbDYAp0X31c6S3NTMmBHfMSEBduazgxjcRitkcRDlc6Ci5tf1vYIC8G0tLY_qMIlzsVibjIOdPyCAQjlLJKB17kkDVXGQDoQsQymTvZoEw23gLAjtE6YJ9JkbNOhvdVq8WAWtqM95BmH9MdAqQfPsv3sCAtQVbSg0xTaQKeJZVW4IzLCVoAhZPLPx6wkSUV81KPZmdoY52DD_aC7DS7VzV9V1XKU1tS4!1298053303!-445114015; TSf3c1dbbd027=08fe7428c8ab2000a134405e983a2be1e7a42e0125aa463c39e2608360144bb48c29462870a91172086fc09ecb113000a201b77cdc37c32922babfca46987e142284086c8a2ccf7bf9e1f3e61932b2d9594f92004447002e8d99f158fe164001] [510]
21:35:03.765-----------> EGSCreateRateUSDtoPEN.doIt: Esperando estabilización de canal perimetral... [510]
21:35:07.265-----------> EGSCreateRateUSDtoPEN.doIt: PASO 2: Transmitiendo consulta via POST emulado de Navegador... [510]
21:35:07.266-----------> EGSCreateRateUSDtoPEN.doIt: Periodo de consulta: 06/2026 [510]
21:35:07.289-----------> EGSCreateRateUSDtoPEN.doIt: Respuesta HTTP del Servidor: 415 [510]
21:35:07.289-----------> EGSCreateRateUSDtoPEN.doIt: Respuesta cruda del API SUNAT: <!DOCTYPE HTML PUBLIC "-//W3C//DTD HTML 4.0 Draft//EN"><HTML><HEAD><TITLE>Error 415--Unsupported Media Type</TITLE></HEAD><BODY bgcolor="white"><FONT FACE=Helvetica><BR CLEAR=all><TABLE border=0 cellspacing=5><TR><TD><BR CLEAR=all><FONT FACE="Helvetica" COLOR="black" SIZE="3"><H2>Error 415--Unsupported Media Type</H2></FONT></TD></TR></TABLE><TABLE border=0 width=100% cellpadding=10><TR><TD VALIGN=top WIDTH=100% BGCOLOR=white><FONT FACE="Courier New"><FONT FACE="Helvetica" SIZE="3"><H3>From RFC 2068 <i>Hypertext Transfer Protocol -- HTTP/1.1</i>:</H3></FONT><FONT FACE="Helvetica" SIZE="3"><H4>10.4.16 415 Unsupported Media Type</H4></FONT><P><FONT FACE="Courier New">The server is refusing to service the request because the entity of the request is in a format not supported by the requested resource for the requested method.</FONT></P></FONT></TD></TR></TABLE></BODY></HTML> [510]
21:35:07.291-----------> EGSCreateRateUSDtoPEN.doIt: Excepción en el intento 1: El cuerpo de la respuesta JSON no contiene elementos reconocidos. [510]
21:35:07.292-----------> EGSCreateRateUSDtoPEN.doIt: Intento 2 de 5. Reintentando secuencia completa... [510]
21:35:11.292-----------> EGSCreateRateUSDtoPEN.doIt: PASO 1: Abriendo canal seguro y capturando contexto... [510]
21:35:11.318-----------> EGSCreateRateUSDtoPEN.doIt: Cookies ordenadas jerárquicamente: [IAASISTENCIAGESTIONSESSION=yCiLVbhMmZdH-hzJUmn_DC_Wr66yqZDJHfjBScjeeYBfDu-3s5GCZq6w7SjNrwnlnuL9AOfZebeJetHW00guzM2aZ-ThkDSuMWjz_A2yLcNJCHpBZwgo9uom27MXUadMLvrVybk2OtlpVJClZhBQFBY9mlBIe0Y8BHTcQ3BX4Ei-gMqAjYgpf_2Kd7xRcIUSZl7j1ygL3q-BHwUTyNz8nIejGhQEIPyUCxc5A3oIgz1WB78-caep80cpzIoF3anZ!1298053303!-445114015; TSf3c1dbbd027=08fe7428c8ab2000b0d703c378ef752a5fa2478ced607ea9924ebf87e017627f45eef5c2c54ded73083ffc5fd2113000ce42b54c56a14defd969dc028d46d76e64f3bd2183fbb6ec8c5ebe41402075729f6a04c5c0c1cf3ed78c8e7951689efc] [510]
21:35:11.320-----------> EGSCreateRateUSDtoPEN.doIt: Esperando estabilización de canal perimetral... [510]
21:35:14.821-----------> EGSCreateRateUSDtoPEN.doIt: PASO 2: Transmitiendo consulta via POST emulado de Navegador... [510]
21:35:14.821-----------> EGSCreateRateUSDtoPEN.doIt: Periodo de consulta: 06/2026 [510]
21:35:14.844-----------> EGSCreateRateUSDtoPEN.doIt: Respuesta HTTP del Servidor: 415 [510]
21:35:14.844-----------> EGSCreateRateUSDtoPEN.doIt: Respuesta cruda del API SUNAT: <!DOCTYPE HTML PUBLIC "-//W3C//DTD HTML 4.0 Draft//EN"><HTML><HEAD><TITLE>Error 415--Unsupported Media Type</TITLE></HEAD><BODY bgcolor="white"><FONT FACE=Helvetica><BR CLEAR=all><TABLE border=0 cellspacing=5><TR><TD><BR CLEAR=all><FONT FACE="Helvetica" COLOR="black" SIZE="3"><H2>Error 415--Unsupported Media Type</H2></FONT></TD></TR></TABLE><TABLE border=0 width=100% cellpadding=10><TR><TD VALIGN=top WIDTH=100% BGCOLOR=white><FONT FACE="Courier New"><FONT FACE="Helvetica" SIZE="3"><H3>From RFC 2068 <i>Hypertext Transfer Protocol -- HTTP/1.1</i>:</H3></FONT><FONT FACE="Helvetica" SIZE="3"><H4>10.4.16 415 Unsupported Media Type</H4></FONT><P><FONT FACE="Courier New">The server is refusing to service the request because the entity of the request is in a format not supported by the requested resource for the requested method.</FONT></P></FONT></TD></TR></TABLE></BODY></HTML> [510]
21:35:14.845-----------> EGSCreateRateUSDtoPEN.doIt: Excepción en el intento 2: El cuerpo de la respuesta JSON no contiene elementos reconocidos. [510]
21:35:14.845-----------> EGSCreateRateUSDtoPEN.doIt: Intento 3 de 5. Reintentando secuencia completa... [510]
21:35:18.845-----------> EGSCreateRateUSDtoPEN.doIt: PASO 1: Abriendo canal seguro y capturando contexto... [510]
21:35:18.869-----------> EGSCreateRateUSDtoPEN.doIt: Cookies ordenadas jerárquicamente: [IAASISTENCIAGESTIONSESSION=1l-LVdXN_LLLljeV-jsc7jrzOvA3zMDAqJy_oNRNFIUx_xK8gU6KSCXei_0YFxx6tOOUdmglbSsZE6rtdYlS-DFvS3yjiRQhxv_hJ0Kg88oI_EHSLh4qqSdfJ6gPWojpwGKqFsArgVd-xJltlPFP0b1tSryjg2OjvWh8FlkGSDeskew-FMwVv7t6R_aZe3dn3be11Ij2wvfruo1QXNEMgLTWThOaiKjg6CcaRMPda_iYdkFMbMGwaTPfmCQm6-nP!1298053303!-445114015; TSf3c1dbbd027=08fe7428c8ab200068657f21152dcc9e8ebf3c2a83cd1d5465a8e5673dc695acef9586243313123808af5e6745113000baa325d214ca9063714e4ec0928ba5701fec968211b86b59ab5b017d0e3777b2424d734e5cbf0c4050c5a5539899d1f5] [510]
21:35:18.870-----------> EGSCreateRateUSDtoPEN.doIt: Esperando estabilización de canal perimetral... [510]
21:35:22.370-----------> EGSCreateRateUSDtoPEN.doIt: PASO 2: Transmitiendo consulta via POST emulado de Navegador... [510]
21:35:22.371-----------> EGSCreateRateUSDtoPEN.doIt: Periodo de consulta: 06/2026 [510]
21:35:22.394-----------> EGSCreateRateUSDtoPEN.doIt: Respuesta HTTP del Servidor: 415 [510]
21:35:22.395-----------> EGSCreateRateUSDtoPEN.doIt: Respuesta cruda del API SUNAT: <!DOCTYPE HTML PUBLIC "-//W3C//DTD HTML 4.0 Draft//EN"><HTML><HEAD><TITLE>Error 415--Unsupported Media Type</TITLE></HEAD><BODY bgcolor="white"><FONT FACE=Helvetica><BR CLEAR=all><TABLE border=0 cellspacing=5><TR><TD><BR CLEAR=all><FONT FACE="Helvetica" COLOR="black" SIZE="3"><H2>Error 415--Unsupported Media Type</H2></FONT></TD></TR></TABLE><TABLE border=0 width=100% cellpadding=10><TR><TD VALIGN=top WIDTH=100% BGCOLOR=white><FONT FACE="Courier New"><FONT FACE="Helvetica" SIZE="3"><H3>From RFC 2068 <i>Hypertext Transfer Protocol -- HTTP/1.1</i>:</H3></FONT><FONT FACE="Helvetica" SIZE="3"><H4>10.4.16 415 Unsupported Media Type</H4></FONT><P><FONT FACE="Courier New">The server is refusing to service the request because the entity of the request is in a format not supported by the requested resource for the requested method.</FONT></P></FONT></TD></TR></TABLE></BODY></HTML> [510]
21:35:22.395-----------> EGSCreateRateUSDtoPEN.doIt: Excepción en el intento 3: El cuerpo de la respuesta JSON no contiene elementos reconocidos. [510]
21:35:22.395-----------> EGSCreateRateUSDtoPEN.doIt: Intento 4 de 5. Reintentando secuencia completa... [510]
21:35:26.395-----------> EGSCreateRateUSDtoPEN.doIt: PASO 1: Abriendo canal seguro y capturando contexto... [510]
21:35:26.419-----------> EGSCreateRateUSDtoPEN.doIt: Cookies ordenadas jerárquicamente: [IAASISTENCIAGESTIONSESSION=x52LVfNMqIzd9dLWl-J092RKi2GYYJWuXPD3h_k4gB72Fo1W2s0cEuUUYsR2z9Nss7vL1qVP6oRhFzZjsI6FMTvX_9nFpOstaUwuEylA84Ogi1JmUJGCl8ewEp3WChoweNnrEYL-G3N7CvPkezPuqzBaWnrM3ql4JdrOENDEUwRgfVijt8C756wxPXDjhZt9JQI1CSgpP7NmhdwiTnVuJnJsIf7LtZG9t0Y2jnOKNzLq8oz253nno2CfODXJMAGe!1298053303!-445114015; TSf3c1dbbd027=08fe7428c8ab200011b53743ebcfc71ad8f03a49d14ba008e6a8d9ab08c6d913a7f4102f335c87d3083646f37111300010c438df9af47dd32e1995dfd096141ac3e6d1eccf742db6ac4761c503e360f4537f9dbd279d181ec19a0ddeec7f601f] [510]
21:35:26.419-----------> EGSCreateRateUSDtoPEN.doIt: Esperando estabilización de canal perimetral... [510]
21:35:29.920-----------> EGSCreateRateUSDtoPEN.doIt: PASO 2: Transmitiendo consulta via POST emulado de Navegador... [510]
21:35:29.921-----------> EGSCreateRateUSDtoPEN.doIt: Periodo de consulta: 06/2026 [510]
21:35:29.943-----------> EGSCreateRateUSDtoPEN.doIt: Respuesta HTTP del Servidor: 415 [510]
21:35:29.944-----------> EGSCreateRateUSDtoPEN.doIt: Respuesta cruda del API SUNAT: <!DOCTYPE HTML PUBLIC "-//W3C//DTD HTML 4.0 Draft//EN"><HTML><HEAD><TITLE>Error 415--Unsupported Media Type</TITLE></HEAD><BODY bgcolor="white"><FONT FACE=Helvetica><BR CLEAR=all><TABLE border=0 cellspacing=5><TR><TD><BR CLEAR=all><FONT FACE="Helvetica" COLOR="black" SIZE="3"><H2>Error 415--Unsupported Media Type</H2></FONT></TD></TR></TABLE><TABLE border=0 width=100% cellpadding=10><TR><TD VALIGN=top WIDTH=100% BGCOLOR=white><FONT FACE="Courier New"><FONT FACE="Helvetica" SIZE="3"><H3>From RFC 2068 <i>Hypertext Transfer Protocol -- HTTP/1.1</i>:</H3></FONT><FONT FACE="Helvetica" SIZE="3"><H4>10.4.16 415 Unsupported Media Type</H4></FONT><P><FONT FACE="Courier New">The server is refusing to service the request because the entity of the request is in a format not supported by the requested resource for the requested method.</FONT></P></FONT></TD></TR></TABLE></BODY></HTML> [510]
21:35:29.944-----------> EGSCreateRateUSDtoPEN.doIt: Excepción en el intento 4: El cuerpo de la respuesta JSON no contiene elementos reconocidos. [510]
21:35:29.944-----------> EGSCreateRateUSDtoPEN.doIt: Intento 5 de 5. Reintentando secuencia completa... [510]
21:35:33.945-----------> EGSCreateRateUSDtoPEN.doIt: PASO 1: Abriendo canal seguro y capturando contexto... [510]
21:35:33.970-----------> EGSCreateRateUSDtoPEN.doIt: Cookies ordenadas jerárquicamente: [IAASISTENCIAGESTIONSESSION=16KLVhDJDEI-ywnoPc053wz3ZrV87ldSdzCfKv54qt_KZaHNBAXIqtjDOstMRbU5miexbCEwOoeRh3_DgwQH58HY-G780LbQZYktiAwHCA9A8FPE-TyyxcVOnsklAfA3Hhji8FjMqM-Zw3r3SYI46Op0dvTIlfKovkspikOQs6Gup0glG7Rs8TQ1Rmleywc8qZnl54xieDysAVcGo6hGqSrYWBElgKJ8vx-6UhwPvrPlG3FWA1wxkLHm1-i534Wf!1298053303!-445114015; TSf3c1dbbd027=08fe7428c8ab200031739ed76670eba14b35ffeff2ef1c5be2ad2dbfc0b155fe89c6eeaf93d93ee5085ac3745c11300017f6b3d9c5968ec0531e917a78eaad451779f7e2a7aafa2e967310835c2c29cbab14d8fd83a758e764bb89ef0e6c1041] [510]
21:35:33.971-----------> EGSCreateRateUSDtoPEN.doIt: Esperando estabilización de canal perimetral... [510]
21:35:37.471-----------> EGSCreateRateUSDtoPEN.doIt: PASO 2: Transmitiendo consulta via POST emulado de Navegador... [510]
21:35:37.472-----------> EGSCreateRateUSDtoPEN.doIt: Periodo de consulta: 06/2026 [510]
21:35:37.494-----------> EGSCreateRateUSDtoPEN.doIt: Respuesta HTTP del Servidor: 415 [510]
21:35:37.494-----------> EGSCreateRateUSDtoPEN.doIt: Respuesta cruda del API SUNAT: <!DOCTYPE HTML PUBLIC "-//W3C//DTD HTML 4.0 Draft//EN"><HTML><HEAD><TITLE>Error 415--Unsupported Media Type</TITLE></HEAD><BODY bgcolor="white"><FONT FACE=Helvetica><BR CLEAR=all><TABLE border=0 cellspacing=5><TR><TD><BR CLEAR=all><FONT FACE="Helvetica" COLOR="black" SIZE="3"><H2>Error 415--Unsupported Media Type</H2></FONT></TD></TR></TABLE><TABLE border=0 width=100% cellpadding=10><TR><TD VALIGN=top WIDTH=100% BGCOLOR=white><FONT FACE="Courier New"><FONT FACE="Helvetica" SIZE="3"><H3>From RFC 2068 <i>Hypertext Transfer Protocol -- HTTP/1.1</i>:</H3></FONT><FONT FACE="Helvetica" SIZE="3"><H4>10.4.16 415 Unsupported Media Type</H4></FONT><P><FONT FACE="Courier New">The server is refusing to service the request because the entity of the request is in a format not supported by the requested resource for the requested method.</FONT></P></FONT></TD></TR></TABLE></BODY></HTML> [510]
21:35:37.495-----------> EGSCreateRateUSDtoPEN.doIt: Excepción en el intento 5: El cuerpo de la respuesta JSON no contiene elementos reconocidos. [510]
21:35:37.495===========> EGSCreateRateUSDtoPEN.process: Fallo estructural en el intercambio de datos con el API tras agotar reintentos. [510]
org.adempiere.exceptions.AdempiereException: El cuerpo de la respuesta JSON no contiene elementos reconocidos.
	at com.egssmart.finantials.proccess.EGSCreateRateUSDtoPEN.doIt(Unknown Source)
	at org.compiere.process.SvrProcess.process(Unknown Source)
	at org.compiere.process.SvrProcess.startProcess(Unknown Source)
	at org.adempiere.util.ProcessUtil.startJavaProcess(Unknown Source)
	at org.compiere.apps.AbstractProcessCtl.startProcess(Unknown Source)
	at org.compiere.apps.AbstractProcessCtl.run(Unknown Source)
	at org.adempiere.webui.apps.WProcessCtl.process(Unknown Source)
	at org.adempiere.webui.apps.AbstractProcessDialog$ProcessDialogRunnable.doRun(Unknown Source)
	at org.adempiere.util.ContextRunnable.run(Unknown Source)
	at org.adempiere.webui.apps.DesktopRunnable.run(Unknown Source)
	at java.base/java.util.concurrent.Executors$RunnableAdapter.call(Executors.java:539)

21:36:27.245-----------> PackInApplicationActivator.getFilesToProcess: Processing migration [468]

*** 2026-06-02 21:37:02.249 idempiere Log (CLogFile) ***
