*** 2026-06-02 01:53:11.374 idempiere Log (CLogFile) ***
01:53:11.373 Adempiere.startup: iDempiere(r) Release 14_2026-03-09 -Smart Suite ERP, CRM and SCM- (c) 1999-2026 iDempiere(r); Implementation: iDempiere - Supported by iDempiere community [27]
01:53:11.374 Ini.loadProperties: /home/nextcollege/BDeveloper/idempiere-dev-setup-14/idempiere/idempiere.properties #29 [27]
01:53:11.384-----------> Core.getKeyStore: Encryption with legacy key algorithm DES detected - it is recommended to migrate to a stronger algorithm [27]
01:53:11.950-----------> Activator.createHazelCastInstance: Starting hazelcast with configuration from file hazelcast.xml [27]
01:53:12.515-----------> CPSubsystem: [192.168.0.55]:5701 [adempiere.idempiere14/localhost:5432] [5.3.7] CP Subsystem is not enabled. CP data structures will operate in UNSAFE mode! Please note that UNSAFE mode will not provide strong consistency guarantees. [27]
01:53:12.881-----------> Node: [192.168.0.55]:5701 [adempiere.idempiere14/localhost:5432] [5.3.7] No join method is enabled! Starting standalone. [27]
01:53:13.372-----------> DB.isBuildOK: Build Version Error 

The program assumes build version 14.0.0.qualifier, but database has build version ${env.ADEMPIERE_VERSION} 20080428-1232. 
This is likely to cause hard to fix errors. 
Please contact administrator. [27]
01:53:15.389-----------> EMail.setFrom: you @ company.org: javax.mail.internet.AddressException: Local address contains control or whitespace in string ``you @ company.org'' [27]
01:53:15.395-----------> EMail.addTo: you @ company.org: javax.mail.internet.AddressException: Local address contains control or whitespace in string ``you @ company.org'' [27]
01:53:15.395-----------> EMail.isValid: From is invalid=null [27]
01:53:15.396-----------> EMail.isValid: From is invalid=null [27]
01:53:15.401-----------> MClient.sendEMail: Could NOT Send Email: Server started: iDempiere (nextcollege-G751JT:192.168.0.55) to you @ company.org: Invalid Data (System) [27]
01:53:16.660           LoggedSessionListener.contextInitialized: iDempiere context initialized for 10.3.0.1 [27]
01:54:34.165-----------> EGSCreateRateUSDtoPEN.doIt: Paso 1: Obteniendo tokens y cookies de la sesión inicial de SUNAT... [474]
01:54:34.324-----------> EGSCreateRateUSDtoPEN.doIt: Paso 2: Consultando API con Payload JSON Oficial para el periodo: 5/2026 [474]
01:54:34.407-----------> EGSCreateRateUSDtoPEN.doIt: Fallo de conexión en el API de la SUNAT: HTTP error fetching URL. Status=400, URL=[https://e-consulta.sunat.gob.pe/cl-at-ittipcam/tcS01Alias/listarTipoCambio] [474]
01:54:34.407-----------> EGSCreateRateUSDtoPEN.doIt: Intento 2 de 5. Reintentando... [474]
01:54:38.408-----------> EGSCreateRateUSDtoPEN.doIt: Paso 1: Obteniendo tokens y cookies de la sesión inicial de SUNAT... [474]
01:54:38.496-----------> EGSCreateRateUSDtoPEN.doIt: Paso 2: Consultando API con Payload JSON Oficial para el periodo: 5/2026 [474]
01:54:38.562-----------> EGSCreateRateUSDtoPEN.doIt: Fallo de conexión en el API de la SUNAT: HTTP error fetching URL. Status=400, URL=[https://e-consulta.sunat.gob.pe/cl-at-ittipcam/tcS01Alias/listarTipoCambio] [474]
01:54:38.562-----------> EGSCreateRateUSDtoPEN.doIt: Intento 3 de 5. Reintentando... [474]
01:54:42.562-----------> EGSCreateRateUSDtoPEN.doIt: Paso 1: Obteniendo tokens y cookies de la sesión inicial de SUNAT... [474]
01:54:42.634-----------> EGSCreateRateUSDtoPEN.doIt: Paso 2: Consultando API con Payload JSON Oficial para el periodo: 5/2026 [474]
01:54:42.696-----------> EGSCreateRateUSDtoPEN.doIt: Fallo de conexión en el API de la SUNAT: HTTP error fetching URL. Status=400, URL=[https://e-consulta.sunat.gob.pe/cl-at-ittipcam/tcS01Alias/listarTipoCambio] [474]
01:54:42.696-----------> EGSCreateRateUSDtoPEN.doIt: Intento 4 de 5. Reintentando... [474]
01:54:46.697-----------> EGSCreateRateUSDtoPEN.doIt: Paso 1: Obteniendo tokens y cookies de la sesión inicial de SUNAT... [474]
01:54:46.803-----------> EGSCreateRateUSDtoPEN.doIt: Paso 2: Consultando API con Payload JSON Oficial para el periodo: 5/2026 [474]
01:54:46.892-----------> EGSCreateRateUSDtoPEN.doIt: Fallo de conexión en el API de la SUNAT: HTTP error fetching URL. Status=400, URL=[https://e-consulta.sunat.gob.pe/cl-at-ittipcam/tcS01Alias/listarTipoCambio] [474]
01:54:46.892-----------> EGSCreateRateUSDtoPEN.doIt: Intento 5 de 5. Reintentando... [474]
01:54:50.892-----------> EGSCreateRateUSDtoPEN.doIt: Paso 1: Obteniendo tokens y cookies de la sesión inicial de SUNAT... [474]
01:54:50.976-----------> EGSCreateRateUSDtoPEN.doIt: Paso 2: Consultando API con Payload JSON Oficial para el periodo: 5/2026 [474]
01:54:51.066-----------> EGSCreateRateUSDtoPEN.doIt: Fallo de conexión en el API de la SUNAT: HTTP error fetching URL. Status=400, URL=[https://e-consulta.sunat.gob.pe/cl-at-ittipcam/tcS01Alias/listarTipoCambio] [474]
01:54:51.068===========> EGSCreateRateUSDtoPEN.process: No se logró comunicación persistente con la API de SUNAT tras 5 reintentos. [474]
org.jsoup.HttpStatusException: HTTP error fetching URL. Status=400, URL=[https://e-consulta.sunat.gob.pe/cl-at-ittipcam/tcS01Alias/listarTipoCambio]
	at org.jsoup.helper.HttpConnection$Response.execute(HttpConnection.java:913)
	at org.jsoup.helper.HttpConnection$Response.execute(HttpConnection.java:866)
	at org.jsoup.helper.HttpConnection.execute(HttpConnection.java:365)
	at com.egssmart.finantials.proccess.EGSCreateRateUSDtoPEN.doIt(Unknown Source)
	at org.compiere.process.SvrProcess.process(Unknown Source)
	at org.compiere.process.SvrProcess.startProcess(Unknown Source)
	at org.adempiere.util.ProcessUtil.startJavaProcess(Unknown Source)
	at org.compiere.apps.AbstractProcessCtl.startProcess(Unknown Source)
	at org.compiere.apps.AbstractProcessCtl.run(Unknown Source)
	at org.adempiere.webui.apps.WProcessCtl.process(Unknown Source)
	at org.adempiere.webui.apps.AbstractProcessDialog$ProcessDialogRunnable.doRun(Unknown Source)
	at org.adempiere.util.ContextRunnable.run(Unknown Source)
	at org.adempiere.webui.apps.DesktopRunnable.run(Unknown Source)

01:55:17.870-----------> PackInApplicationActivator.getFilesToProcess: Processing migration [429]

*** 2026-06-02 01:57:24.749 idempiere Log (CLogFile) ***
