*** 2026-05-28 20:07:32.162 idempiere Log (CLogFile) ***
20:07:32.161 Adempiere.startup: iDempiere(r) Release 14_2026-03-09 -Smart Suite ERP, CRM and SCM- (c) 1999-2026 iDempiere(r); Implementation: iDempiere - Supported by iDempiere community [28]
20:07:32.171 Ini.loadProperties: /home/nextcollege/BDeveloper/idempiere-dev-setup-14/idempiere/idempiere.properties #29 [28]
20:07:32.179-----------> Core.getKeyStore: Encryption with legacy key algorithm DES detected - it is recommended to migrate to a stronger algorithm [28]
20:07:33.511-----------> Activator.createHazelCastInstance: Starting hazelcast with configuration from file hazelcast.xml [28]
20:07:34.123-----------> CPSubsystem: [192.168.0.55]:5701 [adempiere.idempiere14/localhost:5432] [5.3.7] CP Subsystem is not enabled. CP data structures will operate in UNSAFE mode! Please note that UNSAFE mode will not provide strong consistency guarantees. [28]
20:07:34.502-----------> Node: [192.168.0.55]:5701 [adempiere.idempiere14/localhost:5432] [5.3.7] No join method is enabled! Starting standalone. [28]
20:07:34.717-----------> DB.isBuildOK: Build Version Error 

The program assumes build version 14.0.0.qualifier, but database has build version ${env.ADEMPIERE_VERSION} 20080428-1232. 
This is likely to cause hard to fix errors. 
Please contact administrator. [28]
20:07:37.347-----------> EMail.setFrom: you @ company.org: javax.mail.internet.AddressException: Local address contains control or whitespace in string ``you @ company.org'' [28]
20:07:37.352-----------> EMail.addTo: you @ company.org: javax.mail.internet.AddressException: Local address contains control or whitespace in string ``you @ company.org'' [28]
20:07:37.352-----------> EMail.isValid: From is invalid=null [28]
20:07:37.354-----------> EMail.isValid: From is invalid=null [28]
20:07:37.358-----------> MClient.sendEMail: Could NOT Send Email: Server started: iDempiere (nextcollege-G751JT:192.168.0.55) to you @ company.org: Invalid Data (System) [28]
20:07:38.864           LoggedSessionListener.contextInitialized: iDempiere context initialized for 10.3.0.1 [28]
20:09:14.755-----------> DefaultModelFactory.getClass: No class for table with it entity: lpe_purchase_proposal [381]
20:09:40.456-----------> PackInApplicationActivator.getFilesToProcess: Processing migration [507]

*** 2026-05-29 00:05:32.33 idempiere Log (CLogFile) ***
