*** 2026-05-24 17:42:26.342 idempiere Log (CLogFile) ***
17:42:26.341 Adempiere.startup: iDempiere(r) Release 14_2026-03-09 -Smart Suite ERP, CRM and SCM- (c) 1999-2026 iDempiere(r); Implementation: iDempiere - Supported by iDempiere community [28]
17:42:26.343 Ini.loadProperties: /home/nextcollege/BDeveloper/idempiere-dev-setup-14/idempiere/idempiere.properties #29 [28]
17:42:26.353-----------> Core.getKeyStore: Encryption with legacy key algorithm DES detected - it is recommended to migrate to a stronger algorithm [28]
17:42:27.394-----------> Activator.createHazelCastInstance: Starting hazelcast with configuration from file hazelcast.xml [28]
17:42:28.167-----------> CPSubsystem: [192.168.1.236]:5701 [adempiere.idempiere14/localhost:5432] [5.3.7] CP Subsystem is not enabled. CP data structures will operate in UNSAFE mode! Please note that UNSAFE mode will not provide strong consistency guarantees. [28]
17:42:28.498-----------> Node: [192.168.1.236]:5701 [adempiere.idempiere14/localhost:5432] [5.3.7] No join method is enabled! Starting standalone. [28]
17:42:28.639-----------> DB.isBuildOK: Build Version Error 

The program assumes build version 14.0.0.qualifier, but database has build version ${env.ADEMPIERE_VERSION} 20080428-1232. 
This is likely to cause hard to fix errors. 
Please contact administrator. [28]
17:42:30.849-----------> EMail.setFrom: you @ company.org: javax.mail.internet.AddressException: Local address contains control or whitespace in string ``you @ company.org'' [28]
17:42:30.857-----------> EMail.addTo: you @ company.org: javax.mail.internet.AddressException: Local address contains control or whitespace in string ``you @ company.org'' [28]
17:42:30.857-----------> EMail.isValid: From is invalid=null [28]
17:42:30.858-----------> EMail.isValid: From is invalid=null [28]
17:42:30.865-----------> MClient.sendEMail: Could NOT Send Email: Server started: iDempiere (nextcollege-G751JT:192.168.1.236) to you @ company.org: Invalid Data (System) [28]
17:42:32.534           LoggedSessionListener.contextInitialized: iDempiere context initialized for 10.3.0.1 [28]
17:44:33.973-----------> PackInApplicationActivator.getFilesToProcess: Processing migration [501]
17:45:35.096===========> MTree.loadNodes: Nodes w/o parent - adding to root - [Propuesta Registro de Compras] [422]
17:45:39.399-----------> MRole.getProcessAccess: Role System Administrator has assigned access incompatible process Asset Parent Report [373]
17:45:39.400-----------> MRole.getProcessAccess: Role System Administrator has assigned access incompatible process Asset Group Defaults [373]
17:45:39.401-----------> MRole.getProcessAccess: Role System Administrator has assigned access incompatible process Depreciation Table [373]
17:45:39.402-----------> MRole.getProcessAccess: Role System Administrator has assigned access incompatible process Asset Convention Report [373]
17:45:39.403-----------> MRole.getProcessAccess: Role System Administrator has assigned access incompatible process Asset Depreciation Method [373]
17:45:39.411===========> MTree.loadNodes: Nodes w/o parent - adding to root - [Propuesta Registro de Compras] [373]
17:45:41.652===========> MTree.loadNodes: Nodes w/o parent - adding to root - [Propuesta Registro de Compras] [424]
17:46:30.877-----------> GridTable.saveWarning: FillMandatory - Operador Consulta
 [388]
17:47:46.420===========> MTree.loadNodes: Nodes w/o parent - adding to root - [Propuesta Registro de Compras] [420]
18:55:12.878===========> MTree.loadNodes: Nodes w/o parent - adding to root - [Propuesta Registro de Compras] [422]
18:56:26.958-----------> MRole.saveWarning: AccessTableNoView - Required=3(Datos de Grupo Empresarial y Organización) != UserLevel=S   [389]
18:56:26.959===========> GridWindowVO.createTabs: No Tabs - AD_Window_ID=1000000 - SELECT * FROM AD_Tab_vt WHERE AD_Window_ID=? AND AD_Language='es_CO' ORDER BY SeqNo [389]
19:00:06.241-----------> MRole.getProcessAccess: Role System Administrator has assigned access incompatible process Asset Parent Report [926]
19:00:06.242-----------> MRole.getProcessAccess: Role System Administrator has assigned access incompatible process Asset Group Defaults [926]
19:00:06.242-----------> MRole.getProcessAccess: Role System Administrator has assigned access incompatible process Depreciation Table [926]
19:00:06.243-----------> MRole.getProcessAccess: Role System Administrator has assigned access incompatible process Asset Convention Report [926]
19:00:06.243-----------> MRole.getProcessAccess: Role System Administrator has assigned access incompatible process Asset Depreciation Method [926]
19:00:06.250===========> MTree.loadNodes: Nodes w/o parent - adding to root - [Propuesta Registro de Compras] [926]
19:00:08.299===========> MTree.loadNodes: Nodes w/o parent - adding to root - [Propuesta Registro de Compras] [422]
19:00:23.738===========> MTree.loadNodes: Nodes w/o parent - adding to root - [Propuesta Registro de Compras] [926]
19:00:23.802===========> MTree.loadNodes: Nodes w/o parent - adding to root - [Propuesta Registro de Compras] [926]
19:00:52.104===========> MTree.loadNodes: Nodes w/o parent - adding to root - [Propuesta Registro de Compras] [926]
19:00:52.188===========> MTree.loadNodes: Nodes w/o parent - adding to root - [Propuesta Registro de Compras] [926]

*** 2026-05-24 19:05:45.953 idempiere Log (CLogFile) ***
