*** 2026-06-02 19:40:31.357 idempiere Log (CLogFile) ***
19:40:31.356 Adempiere.startup: iDempiere(r) Release 14_2026-03-09 -Smart Suite ERP, CRM and SCM- (c) 1999-2026 iDempiere(r); Implementation: iDempiere - Supported by iDempiere community [27]
19:40:31.358 Ini.loadProperties: /home/nextcollege/BDeveloper/idempiere-dev-setup-14/idempiere/idempiere.properties #29 [27]
19:40:31.363-----------> Core.getKeyStore: Encryption with legacy key algorithm DES detected - it is recommended to migrate to a stronger algorithm [27]
19:40:31.855-----------> Activator.createHazelCastInstance: Starting hazelcast with configuration from file hazelcast.xml [27]
19:40:32.422-----------> CPSubsystem: [192.168.0.55]:5701 [adempiere.idempiere14/localhost:5432] [5.3.7] CP Subsystem is not enabled. CP data structures will operate in UNSAFE mode! Please note that UNSAFE mode will not provide strong consistency guarantees. [27]
19:40:32.765-----------> Node: [192.168.0.55]:5701 [adempiere.idempiere14/localhost:5432] [5.3.7] No join method is enabled! Starting standalone. [27]
19:40:33.331-----------> DB.isBuildOK: Build Version Error 

The program assumes build version 14.0.0.qualifier, but database has build version ${env.ADEMPIERE_VERSION} 20080428-1232. 
This is likely to cause hard to fix errors. 
Please contact administrator. [27]
19:40:35.310-----------> EMail.setFrom: you @ company.org: javax.mail.internet.AddressException: Local address contains control or whitespace in string ``you @ company.org'' [27]
19:40:35.314-----------> EMail.addTo: you @ company.org: javax.mail.internet.AddressException: Local address contains control or whitespace in string ``you @ company.org'' [27]
19:40:35.315-----------> EMail.isValid: From is invalid=null [27]
19:40:35.315-----------> EMail.isValid: From is invalid=null [27]
19:40:35.321-----------> MClient.sendEMail: Could NOT Send Email: Server started: iDempiere (nextcollege-G751JT:192.168.0.55) to you @ company.org: Invalid Data (System) [27]
19:40:36.662           LoggedSessionListener.contextInitialized: iDempiere context initialized for 10.3.0.1 [27]
19:40:36.884-----------> TimeZoneDataBaseVersionChecker.init: Time zone data version mismatch detected:
 - Client (moment.js) tzdb version: 2025b
 - Server (JDK) tzdb version: 2026a
Date and time values may be incorrect if time zone rules differ.
To resolve, update the moment-timezone data on the client and/or the JDK time zone data (TZUpdater or Java update) on the server so both use the same version. [27]
19:40:56.149-----------> EGSCreateRateUSDtoPEN.doIt: PASO 1: Abriendo canal seguro y capturando contexto... [493]
19:40:56.261-----------> EGSCreateRateUSDtoPEN.doIt: Cookies validadas: [TSf3c1dbbd027=08fe7428c8ab2000db2505723dfcbcf769a34eb24c7bbff8b221cc7ff287ba4d262f7b15a066f9ab08714aae2111300011fdd05c4e9a2b4e7d3959ac3d0c7cde5a96c5fe4aaef22aee5e8009ae41abe6aca4f0d29a22c7ae2991746d55df986f; IAASISTENCIAGESTIONSESSION=GTqK7R6y6qjaFVMK_GDE2k96EEIBL6_EpzW8ANUHuq3OBki05q5DcHGphHdJTjNcEV0UGCEGl_dn3c6VjPvdIwf5ja7nardOejXG8uNqzLz90tfGJOoACPNCrh3mLc1UYszEzCb95_4t7Eja7d1kBQDtwbh25JHZsJzkeGOMn-6ZnUHUQ5apJSLh8pYIp6F80Vyv0brX7ILuCdTm_CnAsWhxi4NRdMPKMOpCuLj-y1yYhPiKeSdWRHkdXvExkcc9!1298053303!-445114015] [493]
19:40:56.267-----------> EGSCreateRateUSDtoPEN.doIt: Esperando estabilización de canal perimetral... [493]
19:40:59.267-----------> EGSCreateRateUSDtoPEN.doIt: PASO 2: Transmitiendo Payload asíncrono sobre el mismo canal... [493]
19:40:59.268-----------> EGSCreateRateUSDtoPEN.doIt: Payload Estricto: {"anhoConsulta":2026,"mesConsulta":6,"indMes":"1","mode":"month"} [493]
19:40:59.290-----------> EGSCreateRateUSDtoPEN.doIt: Respuesta HTTP del Servidor: 400 [493]
19:40:59.291-----------> EGSCreateRateUSDtoPEN.doIt: Respuesta cruda del API SUNAT: <!DOCTYPE HTML PUBLIC "-//W3C//DTD HTML 4.0 Draft//EN"><HTML><HEAD><TITLE>Error 400--Bad Request</TITLE></HEAD><BODY bgcolor="white"><FONT FACE=Helvetica><BR CLEAR=all><TABLE border=0 cellspacing=5><TR><TD><BR CLEAR=all><FONT FACE="Helvetica" COLOR="black" SIZE="3"><H2>Error 400--Bad Request</H2></FONT></TD></TR></TABLE><TABLE border=0 width=100% cellpadding=10><TR><TD VALIGN=top WIDTH=100% BGCOLOR=white><FONT FACE="Courier New"><FONT FACE="Helvetica" SIZE="3"><H3>From RFC 2068 <i>Hypertext Transfer Protocol -- HTTP/1.1</i>:</H3></FONT><FONT FACE="Helvetica" SIZE="3"><H4>10.4.1 400 Bad Request</H4></FONT><P><FONT FACE="Courier New">The request could not be understood by the server due to malformed syntax. The client SHOULD NOT repeat the request without modifications.</FONT></P></FONT></TD></TR></TABLE></BODY></HTML> [493]
19:40:59.291-----------> EGSCreateRateUSDtoPEN.doIt: Filtro perimetral activado o Payload rechazado. Reintentando... [493]
19:40:59.291-----------> EGSCreateRateUSDtoPEN.doIt: Intento 2 de 5. Reintentando secuencia completa... [493]
19:41:03.291-----------> EGSCreateRateUSDtoPEN.doIt: PASO 1: Abriendo canal seguro y capturando contexto... [493]
19:41:03.317-----------> EGSCreateRateUSDtoPEN.doIt: Cookies validadas: [TSf3c1dbbd027=08fe7428c8ab2000cba0f794d17ffa0d7069f6a4c25a244847d99da17560b2c74c41151e94abb11e08932c06ce113000d5866f49a5ef42aa6bba952060fe15f15d1c1dba21f21e6bba750bdac73dc35d5fab0e081554a393cae20f6de0a086e5; IAASISTENCIAGESTIONSESSION=MjeK7TpF4hH7-s9-PWMraXFBsHd5IOZ0DJfIG2f_WDj6EmElyS7854Ant1DyBgoGg__xi30NLZ3qaSyRDimiePwsaxooioq4YKt7JajoPwTejboV6kN2JS0JndnYPfykX3hz2unudonAALlSy7Zin2gBIEPkCq53s93pfToyIJamC2tUSTPi3flHYfYsQTIuN8x2WbAo6rwCTtLuS1J9G6uZMkrTOeKu8P-7rgLpGQxnoNHuH70OwBRpLC3rBygN!1298053303!-445114015] [493]
19:41:03.320-----------> EGSCreateRateUSDtoPEN.doIt: Esperando estabilización de canal perimetral... [493]
19:41:06.320-----------> EGSCreateRateUSDtoPEN.doIt: PASO 2: Transmitiendo Payload asíncrono sobre el mismo canal... [493]
19:41:06.321-----------> EGSCreateRateUSDtoPEN.doIt: Payload Estricto: {"anhoConsulta":2026,"mesConsulta":6,"indMes":"1","mode":"month"} [493]
19:41:06.343-----------> EGSCreateRateUSDtoPEN.doIt: Respuesta HTTP del Servidor: 400 [493]
19:41:06.344-----------> EGSCreateRateUSDtoPEN.doIt: Respuesta cruda del API SUNAT: <!DOCTYPE HTML PUBLIC "-//W3C//DTD HTML 4.0 Draft//EN"><HTML><HEAD><TITLE>Error 400--Bad Request</TITLE></HEAD><BODY bgcolor="white"><FONT FACE=Helvetica><BR CLEAR=all><TABLE border=0 cellspacing=5><TR><TD><BR CLEAR=all><FONT FACE="Helvetica" COLOR="black" SIZE="3"><H2>Error 400--Bad Request</H2></FONT></TD></TR></TABLE><TABLE border=0 width=100% cellpadding=10><TR><TD VALIGN=top WIDTH=100% BGCOLOR=white><FONT FACE="Courier New"><FONT FACE="Helvetica" SIZE="3"><H3>From RFC 2068 <i>Hypertext Transfer Protocol -- HTTP/1.1</i>:</H3></FONT><FONT FACE="Helvetica" SIZE="3"><H4>10.4.1 400 Bad Request</H4></FONT><P><FONT FACE="Courier New">The request could not be understood by the server due to malformed syntax. The client SHOULD NOT repeat the request without modifications.</FONT></P></FONT></TD></TR></TABLE></BODY></HTML> [493]
19:41:06.344-----------> EGSCreateRateUSDtoPEN.doIt: Filtro perimetral activado o Payload rechazado. Reintentando... [493]
19:41:06.344-----------> EGSCreateRateUSDtoPEN.doIt: Intento 3 de 5. Reintentando secuencia completa... [493]
19:41:10.344-----------> EGSCreateRateUSDtoPEN.doIt: PASO 1: Abriendo canal seguro y capturando contexto... [493]
19:41:10.369-----------> EGSCreateRateUSDtoPEN.doIt: Cookies validadas: [TSf3c1dbbd027=08fe7428c8ab200042e8ec882e5c40fb9b0ecb044db465fb40411c1359e7d747673f1bb06d6eeaee086472ac051130000233a19fafc37884fc4da81fa26b39824d49ddf3adc91a1cded17ceb4e7f95050a62a9b930bdb502b43f9e770d3db2c8; IAASISTENCIAGESTIONSESSION=lgeK7VXSMeXDVULRlq1dsVfC-svjWxJ1sNrmuaG_9I11FXmzdjdWSG7n7XKBkQ9Ow96Om-2t_YKLAt-wAIZFUj7--grxeW6SaPqHoQrm8FwkyUyCaxG0Tf65Y814b6nNSxBCuR8MLi842cEbLvMaNSZrDQnxVlPBTg9JdNOqKVYbM68dJvvmxtQJf0Oo8ePT0sP7yzOK8XMXqAAkYsJkj1M72-yJeqRXZWONhnBZ9DjmKAA7rvG6av-upeRhK2ct!1298053303!-445114015] [493]
19:41:10.372-----------> EGSCreateRateUSDtoPEN.doIt: Esperando estabilización de canal perimetral... [493]
19:41:13.372-----------> EGSCreateRateUSDtoPEN.doIt: PASO 2: Transmitiendo Payload asíncrono sobre el mismo canal... [493]
19:41:13.373-----------> EGSCreateRateUSDtoPEN.doIt: Payload Estricto: {"anhoConsulta":2026,"mesConsulta":6,"indMes":"1","mode":"month"} [493]
19:41:13.397-----------> EGSCreateRateUSDtoPEN.doIt: Respuesta HTTP del Servidor: 400 [493]
19:41:13.398-----------> EGSCreateRateUSDtoPEN.doIt: Respuesta cruda del API SUNAT: <!DOCTYPE HTML PUBLIC "-//W3C//DTD HTML 4.0 Draft//EN"><HTML><HEAD><TITLE>Error 400--Bad Request</TITLE></HEAD><BODY bgcolor="white"><FONT FACE=Helvetica><BR CLEAR=all><TABLE border=0 cellspacing=5><TR><TD><BR CLEAR=all><FONT FACE="Helvetica" COLOR="black" SIZE="3"><H2>Error 400--Bad Request</H2></FONT></TD></TR></TABLE><TABLE border=0 width=100% cellpadding=10><TR><TD VALIGN=top WIDTH=100% BGCOLOR=white><FONT FACE="Courier New"><FONT FACE="Helvetica" SIZE="3"><H3>From RFC 2068 <i>Hypertext Transfer Protocol -- HTTP/1.1</i>:</H3></FONT><FONT FACE="Helvetica" SIZE="3"><H4>10.4.1 400 Bad Request</H4></FONT><P><FONT FACE="Courier New">The request could not be understood by the server due to malformed syntax. The client SHOULD NOT repeat the request without modifications.</FONT></P></FONT></TD></TR></TABLE></BODY></HTML> [493]
19:41:13.398-----------> EGSCreateRateUSDtoPEN.doIt: Filtro perimetral activado o Payload rechazado. Reintentando... [493]
19:41:13.398-----------> EGSCreateRateUSDtoPEN.doIt: Intento 4 de 5. Reintentando secuencia completa... [493]
19:41:17.398-----------> EGSCreateRateUSDtoPEN.doIt: PASO 1: Abriendo canal seguro y capturando contexto... [493]
19:41:17.426-----------> EGSCreateRateUSDtoPEN.doIt: Cookies validadas: [TSf3c1dbbd027=08fe7428c8ab20005c868a4fd97506d6499b8641dce1df51246e18ae69e9ad57a567ba83cb0524a208037ffc62113000e5293735f8aac3b14be0e9e0e602ea30d98a228b039e0fce3ab70b7ed0aa38a80a302ab67bcad4015274941d2bb8d6bd; IAASISTENCIAGESTIONSESSION=CVKK7XFfBWL6mUWIOOaICJDArN-d3s3cpwvBXxNBfr_99owXT28NrihjMAYA094hXDQe_sGDyB1Wt5VSyXN1sVKhvwapTy3AtkM8GSs5n1Nan5mibGJXVGpvMzsaOFUHsqdVijy_ksKT-S3fMj4ijUd1_j8Ein_UmeAyI6tbarCDRUqa-xeVDDkVrAm8wUNvsFZxlmH_znaTnzxLVLsauCzhDxsaQdQptToeDkftQrLuZW8s8XfnMnsjDvKiL2EQ!1298053303!-445114015] [493]
19:41:17.428-----------> EGSCreateRateUSDtoPEN.doIt: Esperando estabilización de canal perimetral... [493]
19:41:20.429-----------> EGSCreateRateUSDtoPEN.doIt: PASO 2: Transmitiendo Payload asíncrono sobre el mismo canal... [493]
19:41:20.429-----------> EGSCreateRateUSDtoPEN.doIt: Payload Estricto: {"anhoConsulta":2026,"mesConsulta":6,"indMes":"1","mode":"month"} [493]
19:41:20.451-----------> EGSCreateRateUSDtoPEN.doIt: Respuesta HTTP del Servidor: 400 [493]
19:41:20.451-----------> EGSCreateRateUSDtoPEN.doIt: Respuesta cruda del API SUNAT: <!DOCTYPE HTML PUBLIC "-//W3C//DTD HTML 4.0 Draft//EN"><HTML><HEAD><TITLE>Error 400--Bad Request</TITLE></HEAD><BODY bgcolor="white"><FONT FACE=Helvetica><BR CLEAR=all><TABLE border=0 cellspacing=5><TR><TD><BR CLEAR=all><FONT FACE="Helvetica" COLOR="black" SIZE="3"><H2>Error 400--Bad Request</H2></FONT></TD></TR></TABLE><TABLE border=0 width=100% cellpadding=10><TR><TD VALIGN=top WIDTH=100% BGCOLOR=white><FONT FACE="Courier New"><FONT FACE="Helvetica" SIZE="3"><H3>From RFC 2068 <i>Hypertext Transfer Protocol -- HTTP/1.1</i>:</H3></FONT><FONT FACE="Helvetica" SIZE="3"><H4>10.4.1 400 Bad Request</H4></FONT><P><FONT FACE="Courier New">The request could not be understood by the server due to malformed syntax. The client SHOULD NOT repeat the request without modifications.</FONT></P></FONT></TD></TR></TABLE></BODY></HTML> [493]
19:41:20.452-----------> EGSCreateRateUSDtoPEN.doIt: Filtro perimetral activado o Payload rechazado. Reintentando... [493]
19:41:20.452-----------> EGSCreateRateUSDtoPEN.doIt: Intento 5 de 5. Reintentando secuencia completa... [493]
19:41:24.452-----------> EGSCreateRateUSDtoPEN.doIt: PASO 1: Abriendo canal seguro y capturando contexto... [493]
19:41:24.476-----------> EGSCreateRateUSDtoPEN.doIt: Cookies validadas: [TSf3c1dbbd027=08fe7428c8ab200049af62aa5b365f8c8bb4467cbad3f0d38fb693fa7ab26ed0be0457e4813ec0a0085423502211300054d486555762a14b7c8ad17a32be484a59d0ae9d236b73d1b702adf956160588a0f09a6561360b25de82ca843369b523; IAASISTENCIAGESTIONSESSION=rYyK7Yzt9IY4lbky016_jx2OUqCwupnS4zgo4kF07Yqkus3Fz2uVn4PMGJww9HrSXJg6NBwxrg_qN68fNw8-9EoasCwF2abWnP8W62BMvGdUeF8Sn03eVQ19nTSgmkPqgZgIApNa5nWbOJ5D0Vruo1QFrgEvo6XF5TTiZNqda1Pu8QtuqWW7IAgSFYvIFAxfrMyh2A1TVhZsUUA5YocRoI1ptWQYOotb89keqOCwBC12qVwPulyvbFHKAu6yHAGG!1298053303!-445114015] [493]
19:41:24.478-----------> EGSCreateRateUSDtoPEN.doIt: Esperando estabilización de canal perimetral... [493]
19:41:27.479-----------> EGSCreateRateUSDtoPEN.doIt: PASO 2: Transmitiendo Payload asíncrono sobre el mismo canal... [493]
19:41:27.479-----------> EGSCreateRateUSDtoPEN.doIt: Payload Estricto: {"anhoConsulta":2026,"mesConsulta":6,"indMes":"1","mode":"month"} [493]
19:41:27.502-----------> EGSCreateRateUSDtoPEN.doIt: Respuesta HTTP del Servidor: 400 [493]
19:41:27.502-----------> EGSCreateRateUSDtoPEN.doIt: Respuesta cruda del API SUNAT: <!DOCTYPE HTML PUBLIC "-//W3C//DTD HTML 4.0 Draft//EN"><HTML><HEAD><TITLE>Error 400--Bad Request</TITLE></HEAD><BODY bgcolor="white"><FONT FACE=Helvetica><BR CLEAR=all><TABLE border=0 cellspacing=5><TR><TD><BR CLEAR=all><FONT FACE="Helvetica" COLOR="black" SIZE="3"><H2>Error 400--Bad Request</H2></FONT></TD></TR></TABLE><TABLE border=0 width=100% cellpadding=10><TR><TD VALIGN=top WIDTH=100% BGCOLOR=white><FONT FACE="Courier New"><FONT FACE="Helvetica" SIZE="3"><H3>From RFC 2068 <i>Hypertext Transfer Protocol -- HTTP/1.1</i>:</H3></FONT><FONT FACE="Helvetica" SIZE="3"><H4>10.4.1 400 Bad Request</H4></FONT><P><FONT FACE="Courier New">The request could not be understood by the server due to malformed syntax. The client SHOULD NOT repeat the request without modifications.</FONT></P></FONT></TD></TR></TABLE></BODY></HTML> [493]
19:41:27.503-----------> EGSCreateRateUSDtoPEN.doIt: Filtro perimetral activado o Payload rechazado. Reintentando... [493]
19:41:27.503===========> EGSCreateRateUSDtoPEN.process: Fallo final de consistencia de datos. [493]
UserError: Fallo final de consistencia de datos.
	at com.egssmart.finantials.proccess.EGSCreateRateUSDtoPEN.doIt(Unknown Source)
	at org.compiere.process.SvrProcess.process(Unknown Source)
	at org.compiere.process.SvrProcess.startProcess(Unknown Source)
	at org.adempiere.util.ProcessUtil.startJavaProcess(Unknown Source)
	at org.compiere.apps.AbstractProcessCtl.startProcess(Unknown Source)
	at org.compiere.apps.AbstractProcessCtl.run(Unknown Source)
	at org.adempiere.webui.apps.WProcessCtl.process(Unknown Source)
	at org.adempiere.webui.apps.AbstractProcessDialog$ProcessDialogRunnable.doRun(Unknown Source)
	at org.adempiere.util.ContextRunnable.run(Unknown Source)
	at org.adempiere.webui.apps.DesktopRunnable.run(Unknown Source)
	at java.base/java.util.concurrent.Executors$RunnableAdapter.call(Executors.java:539)

19:42:38.072-----------> PackInApplicationActivator.getFilesToProcess: Processing migration [451]

*** 2026-06-02 19:50:20.237 idempiere Log (CLogFile) ***
