*** 2026-06-02 14:21:58.305 idempiere Log (CLogFile) ***
14:21:58.304 Adempiere.startup: iDempiere(r) Release 14_2026-03-09 -Smart Suite ERP, CRM and SCM- (c) 1999-2026 iDempiere(r); Implementation: iDempiere - Supported by iDempiere community [27]
14:21:58.306 Ini.loadProperties: /home/nextcollege/BDeveloper/idempiere-dev-setup-14/idempiere/idempiere.properties #29 [27]
14:21:58.313-----------> Core.getKeyStore: Encryption with legacy key algorithm DES detected - it is recommended to migrate to a stronger algorithm [27]
14:21:58.315 AnnotationBasedModelFactory.lambda$0: AnnotationBasedModelFactory loaded 741 classes in 1.956s [50]
14:21:58.850-----------> Activator.createHazelCastInstance: Starting hazelcast with configuration from file hazelcast.xml [27]
14:21:59.432-----------> CPSubsystem: [192.168.0.55]:5701 [adempiere.idempiere14/localhost:5432] [5.3.7] CP Subsystem is not enabled. CP data structures will operate in UNSAFE mode! Please note that UNSAFE mode will not provide strong consistency guarantees. [27]
14:21:59.832-----------> Node: [192.168.0.55]:5701 [adempiere.idempiere14/localhost:5432] [5.3.7] No join method is enabled! Starting standalone. [27]
14:22:00.460-----------> DB.isBuildOK: Build Version Error 

The program assumes build version 14.0.0.qualifier, but database has build version ${env.ADEMPIERE_VERSION} 20080428-1232. 
This is likely to cause hard to fix errors. 
Please contact administrator. [27]
14:22:02.346-----------> EMail.setFrom: you @ company.org: javax.mail.internet.AddressException: Local address contains control or whitespace in string ``you @ company.org'' [27]
14:22:02.352-----------> EMail.addTo: you @ company.org: javax.mail.internet.AddressException: Local address contains control or whitespace in string ``you @ company.org'' [27]
14:22:02.353-----------> EMail.isValid: From is invalid=null [27]
14:22:02.353-----------> EMail.isValid: From is invalid=null [27]
14:22:02.357-----------> MClient.sendEMail: Could NOT Send Email: Server started: iDempiere (nextcollege-G751JT:192.168.0.55) to you @ company.org: Invalid Data (System) [27]
14:22:03.703           LoggedSessionListener.contextInitialized: iDempiere context initialized for 10.3.0.1 [27]
14:22:03.900-----------> TimeZoneDataBaseVersionChecker.init: Time zone data version mismatch detected:
 - Client (moment.js) tzdb version: 2025b
 - Server (JDK) tzdb version: 2026a
Date and time values may be incorrect if time zone rules differ.
To resolve, update the moment-timezone data on the client and/or the JDK time zone data (TZUpdater or Java update) on the server so both use the same version. [27]
14:24:04.957-----------> PackInApplicationActivator.getFilesToProcess: Processing migration [448]
14:26:23.439-----------> EGSCreateRateUSDtoPEN.doIt: PASO 1: Sincronizando sesión y cookies perimetrales F5... [32]
14:26:23.983-----------> EGSCreateRateUSDtoPEN.doIt: Cookies F5 BIG-IP integradas: [IAASISTENCIAGESTIONSESSION, TS0105b0c6, TSf3c1dbbd027] [32]
14:26:23.983-----------> EGSCreateRateUSDtoPEN.doIt: Esperando 2200ms para simular delay humano en navegador... [32]
14:26:26.184-----------> EGSCreateRateUSDtoPEN.doIt: PASO 2: Transmitiendo REST-Payload al endpoint asíncrono... [32]
14:26:26.184-----------> EGSCreateRateUSDtoPEN.doIt: Payload en transmisión: {"anhoConsulta":"2026","mesConsulta":"5","indMes":"1","mode":"month"} [32]
14:26:26.464-----------> EGSCreateRateUSDtoPEN.doIt: Error de red en secuencia: HTTP error fetching URL. Status=400, URL=[https://e-consulta.sunat.gob.pe/cl-at-ittipcam/tcS01Alias/listarTipoCambio] [32]
14:26:26.464-----------> EGSCreateRateUSDtoPEN.doIt: Intento 2 de 5. Reintentando secuencia completa... [32]
14:26:30.464-----------> EGSCreateRateUSDtoPEN.doIt: PASO 1: Sincronizando sesión y cookies perimetrales F5... [32]
14:26:30.864-----------> EGSCreateRateUSDtoPEN.doIt: Cookies F5 BIG-IP integradas: [IAASISTENCIAGESTIONSESSION, TS0105b0c6, TSf3c1dbbd027] [32]
14:26:30.864-----------> EGSCreateRateUSDtoPEN.doIt: Esperando 2200ms para simular delay humano en navegador... [32]
14:26:33.064-----------> EGSCreateRateUSDtoPEN.doIt: PASO 2: Transmitiendo REST-Payload al endpoint asíncrono... [32]
14:26:33.065-----------> EGSCreateRateUSDtoPEN.doIt: Payload en transmisión: {"anhoConsulta":"2026","mesConsulta":"5","indMes":"1","mode":"month"} [32]
14:26:33.342-----------> EGSCreateRateUSDtoPEN.doIt: Error de red en secuencia: HTTP error fetching URL. Status=400, URL=[https://e-consulta.sunat.gob.pe/cl-at-ittipcam/tcS01Alias/listarTipoCambio] [32]
14:26:33.342-----------> EGSCreateRateUSDtoPEN.doIt: Intento 3 de 5. Reintentando secuencia completa... [32]
14:26:37.343-----------> EGSCreateRateUSDtoPEN.doIt: PASO 1: Sincronizando sesión y cookies perimetrales F5... [32]
14:26:37.723-----------> EGSCreateRateUSDtoPEN.doIt: Cookies F5 BIG-IP integradas: [IAASISTENCIAGESTIONSESSION, TSf3c1dbbd027] [32]
14:26:37.723-----------> EGSCreateRateUSDtoPEN.doIt: Esperando 2200ms para simular delay humano en navegador... [32]
14:26:39.924-----------> EGSCreateRateUSDtoPEN.doIt: PASO 2: Transmitiendo REST-Payload al endpoint asíncrono... [32]
14:26:39.924-----------> EGSCreateRateUSDtoPEN.doIt: Payload en transmisión: {"anhoConsulta":"2026","mesConsulta":"5","indMes":"1","mode":"month"} [32]
14:26:40.245-----------> EGSCreateRateUSDtoPEN.doIt: Error de red en secuencia: HTTP error fetching URL. Status=400, URL=[https://e-consulta.sunat.gob.pe/cl-at-ittipcam/tcS01Alias/listarTipoCambio] [32]
14:26:40.246-----------> EGSCreateRateUSDtoPEN.doIt: Intento 4 de 5. Reintentando secuencia completa... [32]
14:26:44.246-----------> EGSCreateRateUSDtoPEN.doIt: PASO 1: Sincronizando sesión y cookies perimetrales F5... [32]
14:26:44.618-----------> EGSCreateRateUSDtoPEN.doIt: Cookies F5 BIG-IP integradas: [IAASISTENCIAGESTIONSESSION, TSf3c1dbbd027] [32]
14:26:44.618-----------> EGSCreateRateUSDtoPEN.doIt: Esperando 2200ms para simular delay humano en navegador... [32]
14:26:46.818-----------> EGSCreateRateUSDtoPEN.doIt: PASO 2: Transmitiendo REST-Payload al endpoint asíncrono... [32]
14:26:46.819-----------> EGSCreateRateUSDtoPEN.doIt: Payload en transmisión: {"anhoConsulta":"2026","mesConsulta":"5","indMes":"1","mode":"month"} [32]
14:26:47.103-----------> EGSCreateRateUSDtoPEN.doIt: Error de red en secuencia: HTTP error fetching URL. Status=400, URL=[https://e-consulta.sunat.gob.pe/cl-at-ittipcam/tcS01Alias/listarTipoCambio] [32]
14:26:47.104-----------> EGSCreateRateUSDtoPEN.doIt: Intento 5 de 5. Reintentando secuencia completa... [32]
14:26:51.104-----------> EGSCreateRateUSDtoPEN.doIt: PASO 1: Sincronizando sesión y cookies perimetrales F5... [32]
14:26:51.475-----------> EGSCreateRateUSDtoPEN.doIt: Cookies F5 BIG-IP integradas: [IAASISTENCIAGESTIONSESSION, TSf3c1dbbd027] [32]
14:26:51.475-----------> EGSCreateRateUSDtoPEN.doIt: Esperando 2200ms para simular delay humano en navegador... [32]
14:26:53.676-----------> EGSCreateRateUSDtoPEN.doIt: PASO 2: Transmitiendo REST-Payload al endpoint asíncrono... [32]
14:26:53.676-----------> EGSCreateRateUSDtoPEN.doIt: Payload en transmisión: {"anhoConsulta":"2026","mesConsulta":"5","indMes":"1","mode":"month"} [32]
14:26:53.770-----------> EGSCreateRateUSDtoPEN.doIt: Error de red en secuencia: HTTP error fetching URL. Status=400, URL=[https://e-consulta.sunat.gob.pe/cl-at-ittipcam/tcS01Alias/listarTipoCambio] [32]
14:26:53.772===========> EGSCreateRateUSDtoPEN.process: Incapaz de estabilizar la conexión de datos con el servidor de SUNAT. [32]
org.jsoup.HttpStatusException: HTTP error fetching URL. Status=400, URL=[https://e-consulta.sunat.gob.pe/cl-at-ittipcam/tcS01Alias/listarTipoCambio]
	at org.jsoup.helper.HttpConnection$Response.execute(HttpConnection.java:913)
	at org.jsoup.helper.HttpConnection$Response.execute(HttpConnection.java:866)
	at org.jsoup.helper.HttpConnection.execute(HttpConnection.java:365)
	at com.egssmart.finantials.proccess.EGSCreateRateUSDtoPEN.doIt(Unknown Source)
	at org.compiere.process.SvrProcess.process(Unknown Source)
	at org.compiere.process.SvrProcess.startProcess(Unknown Source)
	at org.adempiere.util.ProcessUtil.startJavaProcess(Unknown Source)
	at org.compiere.apps.AbstractProcessCtl.startProcess(Unknown Source)
	at org.compiere.apps.AbstractProcessCtl.run(Unknown Source)
	at org.adempiere.webui.apps.WProcessCtl.process(Unknown Source)
	at org.adempiere.webui.apps.AbstractProcessDialog$ProcessDialogRunnable.doRun(Unknown Source)
	at org.adempiere.util.ContextRunnable.run(Unknown Source)
	at org.adempiere.webui.apps.DesktopRunnable.run(Unknown Source)


*** 2026-06-02 14:30:05.331 idempiere Log (CLogFile) ***
