*** 2026-05-25 10:41:06.625 idempiere Log (CLogFile) ***
10:41:06.624 Adempiere.startup: iDempiere(r) Release 14_2026-03-09 -Smart Suite ERP, CRM and SCM- (c) 1999-2026 iDempiere(r); Implementation: iDempiere - Supported by iDempiere community [28]
10:41:06.626 Ini.loadProperties: /home/nextcollege/BDeveloper/idempiere-dev-setup-14/idempiere/idempiere.properties #29 [28]
10:41:06.634-----------> Core.getKeyStore: Encryption with legacy key algorithm DES detected - it is recommended to migrate to a stronger algorithm [28]
10:41:06.646 AnnotationBasedModelFactory.lambda$0: AnnotationBasedModelFactory loaded 741 classes in 1.915s [154]
10:41:07.773-----------> Activator.createHazelCastInstance: Starting hazelcast with configuration from file hazelcast.xml [28]
10:41:08.432-----------> CPSubsystem: [192.168.1.236]:5702 [adempiere.idempiere14/localhost:5432] [5.3.7] CP Subsystem is not enabled. CP data structures will operate in UNSAFE mode! Please note that UNSAFE mode will not provide strong consistency guarantees. [28]
10:41:08.783-----------> Node: [192.168.1.236]:5702 [adempiere.idempiere14/localhost:5432] [5.3.7] No join method is enabled! Starting standalone. [28]
10:41:08.784-----------> Node: [192.168.1.236]:5702 [adempiere.idempiere14/localhost:5432] [5.3.7] Config seed port is 5701 and cluster size is 1. Some of the ports seem occupied! [28]
10:41:08.894-----------> DB.isBuildOK: Build Version Error 

The program assumes build version 14.0.0.qualifier, but database has build version ${env.ADEMPIERE_VERSION} 20080428-1232. 
This is likely to cause hard to fix errors. 
Please contact administrator. [28]
10:41:09.574-----------> EE8Activator.addingService: Failed to start server oejs.Server@28324768{FAILED}[12.0.25,sto=5000] [28]
10:41:09.924-----------> Incremental2PackActivator.packIn: Installing com.egssmart.sire /META-INF/2Pack_1.0.7.zip ... [297]
10:41:10.185===========> DB.executeUpdate: INSERT INTO AD_Table (AD_Table_ID,Name,TableName,AccessLevel,AD_Client_ID,AD_Org_ID,IsActive,Created,CreatedBy,Updated,UpdatedBy,IsSecurityEnabled,IsDeleteable,IsHighVolume,IsView,EntityType,IsChangeLog,ReplicationType,IsCentrallyMaintained,AD_Table_UU,Processing,IsShowInDrillOptions,IsPartition) VALUES (?,?,?,?,?,?,?,?,?,?,?,?,?,?,?,?,?,?,?,?,?,?,?) [PipoDS_019e5fcc-11a9-752b-a001-db63a6405a9c] [297]
org.postgresql.util.PSQLException: ERROR: llave duplicada viola restricción de unicidad «ad_table_name»
  Detail: Ya existe la llave (upper(tablename::text))=(PURCHASE_REGISTRY_PROPOSAL).; State=23505; ErrorCode=0
	at org.postgresql.core.v3.QueryExecutorImpl.receiveErrorResponse(QueryExecutorImpl.java:2736)
	at org.postgresql.core.v3.QueryExecutorImpl.processResults(QueryExecutorImpl.java:2421)
	at org.postgresql.core.v3.QueryExecutorImpl.execute(QueryExecutorImpl.java:372)
	at org.postgresql.jdbc.PgStatement.executeInternal(PgStatement.java:525)
	at org.postgresql.jdbc.PgStatement.execute(PgStatement.java:435)
	at org.postgresql.jdbc.PgPreparedStatement.executeWithFlags(PgPreparedStatement.java:196)
	at org.postgresql.jdbc.PgPreparedStatement.executeUpdate(PgPreparedStatement.java:157)
	at com.zaxxer.hikari.pool.ProxyPreparedStatement.executeUpdate(ProxyPreparedStatement.java:61)
	at com.zaxxer.hikari.pool.HikariProxyPreparedStatement.executeUpdate(HikariProxyPreparedStatement.java)
	at java.base/jdk.internal.reflect.NativeMethodAccessorImpl.invoke0(Native Method)
	at java.base/jdk.internal.reflect.NativeMethodAccessorImpl.invoke(NativeMethodAccessorImpl.java:77)
	at java.base/jdk.internal.reflect.DelegatingMethodAccessorImpl.invoke(DelegatingMethodAccessorImpl.java:43)
	at java.base/java.lang.reflect.Method.invoke(Method.java:569)
	at org.compiere.db.StatementProxy.invoke(Unknown Source)
	at jdk.proxy2/jdk.proxy2.$Proxy15.executeUpdate(Unknown Source)
	at org.compiere.util.DB.executeUpdate(Unknown Source)
	at org.compiere.util.DB.executeUpdate(Unknown Source)
	at org.compiere.model.PO.doInsert(Unknown Source)
	at org.compiere.model.PO.saveNew(Unknown Source)
	at org.compiere.model.PO.save(Unknown Source)
	at org.compiere.model.PO.save(Unknown Source)
	at org.adempiere.pipo2.handler.TableElementHandler.startElement(Unknown Source)
	at org.adempiere.pipo2.PackInHandler.processElement(Unknown Source)
	at org.adempiere.pipo2.PackInHandler.endElement(Unknown Source)

10:41:10.189===========> DB.saveError: SaveErrorNotUnique - ERROR: llave duplicada viola restricción de unicidad «ad_table_name»
  Detail: Ya existe la llave (upper(tablename::text))=(PURCHASE_REGISTRY_PROPOSAL). [297]
10:41:10.189-----------> MTable.doInsert: [PipoDS_019e5fcc-11a9-752b-a001-db63a6405a9c]Not inserted - AD_Table [297]
10:41:10.200===========> MTable.saveError: SaveErrorNotUnique - ERROR: llave duplicada viola restricción de unicidad «ad_table_name»
  Detail: Ya existe la llave (upper(tablename::text))=(PURCHASE_REGISTRY_PROPOSAL). [297]
10:41:10.235===========> MTable.loadPO: NO Data found for AD_Table_ID=200440 [297]
java.lang.Exception
	at org.compiere.model.PO.loadPO(Unknown Source)
	at org.compiere.model.PO.load(Unknown Source)
	at org.compiere.model.PO.load(Unknown Source)
	at org.compiere.model.PO.<init>(Unknown Source)
	at org.compiere.model.PO.<init>(Unknown Source)
	at org.compiere.model.X_AD_Table.<init>(Unknown Source)
	at org.compiere.model.MTable.<init>(Unknown Source)
	at java.base/jdk.internal.reflect.NativeConstructorAccessorImpl.newInstance0(Native Method)
	at java.base/jdk.internal.reflect.NativeConstructorAccessorImpl.newInstance(NativeConstructorAccessorImpl.java:77)
	at java.base/jdk.internal.reflect.DelegatingConstructorAccessorImpl.newInstance(DelegatingConstructorAccessorImpl.java:45)
	at java.base/java.lang.reflect.Constructor.newInstanceWithCaller(Constructor.java:500)
	at java.base/java.lang.reflect.Constructor.newInstance(Constructor.java:481)
	at org.adempiere.base.AbstractModelFactory.getPO(Unknown Source)
	at org.adempiere.base.AnnotationBasedModelFactory.getPO(Unknown Source)
	at org.compiere.model.MTable.getPO(Unknown Source)
	at org.adempiere.pipo2.AbstractElementHandler.logImportDetail(Unknown Source)
	at org.adempiere.pipo2.AbstractElementHandler.logImportDetail(Unknown Source)
	at org.adempiere.pipo2.handler.TableElementHandler.startElement(Unknown Source)
	at org.adempiere.pipo2.PackInHandler.processElement(Unknown Source)
	at org.adempiere.pipo2.PackInHandler.endElement(Unknown Source)

10:41:10.255===========> PackIn.importXML: importXML: [297]
java.lang.IllegalArgumentException: No Transaction Name
	at org.compiere.util.Trx.get(Unknown Source)
	at org.adempiere.pipo2.PackInHandler.updPackageImp(Unknown Source)
	at org.adempiere.pipo2.PackInHandler.endElement(Unknown Source)
	at java.xml/com.sun.org.apache.xerces.internal.parsers.AbstractSAXParser.endElement(AbstractSAXParser.java:618)
	at java.xml/com.sun.org.apache.xerces.internal.impl.XMLDocumentFragmentScannerImpl.scanEndElement(XMLDocumentFragmentScannerImpl.java:1728)
	at java.xml/com.sun.org.apache.xerces.internal.impl.XMLDocumentFragmentScannerImpl$FragmentContentDriver.next(XMLDocumentFragmentScannerImpl.java:2899)
	at java.xml/com.sun.org.apache.xerces.internal.impl.XMLDocumentScannerImpl.next(XMLDocumentScannerImpl.java:605)
	at java.xml/com.sun.org.apache.xerces.internal.impl.XMLDocumentFragmentScannerImpl.scanDocument(XMLDocumentFragmentScannerImpl.java:542)
	at java.xml/com.sun.org.apache.xerces.internal.parsers.XML11Configuration.parse(XML11Configuration.java:889)
	at java.xml/com.sun.org.apache.xerces.internal.parsers.XML11Configuration.parse(XML11Configuration.java:825)
	at java.xml/com.sun.org.apache.xerces.internal.parsers.XMLParser.parse(XMLParser.java:141)
	at java.xml/com.sun.org.apache.xerces.internal.parsers.AbstractSAXParser.parse(AbstractSAXParser.java:1224)
	at java.xml/com.sun.org.apache.xerces.internal.jaxp.SAXParserImpl$JAXPSAXParser.parse(SAXParserImpl.java:637)
	at java.xml/com.sun.org.apache.xerces.internal.jaxp.SAXParserImpl.parse(SAXParserImpl.java:326)
	at java.xml/javax.xml.parsers.SAXParser.parse(SAXParser.java:197)
	at org.adempiere.pipo2.PackIn.importXML(Unknown Source)
	at org.adempiere.pipo2.PackIn.importXML(Unknown Source)
	at org.adempiere.pipo.srv.PipoDictionaryService.merge(Unknown Source)
	at org.adempiere.plugin.utils.AbstractActivator.merge(Unknown Source)
	at org.adempiere.plugin.utils.Incremental2PackActivator.packIn(Unknown Source)
	at org.adempiere.plugin.utils.Incremental2PackActivator.packIn(Unknown Source)
	at org.adempiere.plugin.utils.Incremental2PackActivator.installPackage(Unknown Source)
	at org.adempiere.plugin.utils.Incremental2PackActivator$2.run(Unknown Source)

10:41:10.257===========> PackIn.importXML: importXML: [297]
java.lang.RuntimeException: No Transaction Name
	at org.adempiere.pipo2.PackIn.importXML(Unknown Source)
	at org.adempiere.pipo2.PackIn.importXML(Unknown Source)
	at org.adempiere.pipo.srv.PipoDictionaryService.merge(Unknown Source)
	at org.adempiere.plugin.utils.AbstractActivator.merge(Unknown Source)
	at org.adempiere.plugin.utils.Incremental2PackActivator.packIn(Unknown Source)
	at org.adempiere.plugin.utils.Incremental2PackActivator.packIn(Unknown Source)
	at org.adempiere.plugin.utils.Incremental2PackActivator.installPackage(Unknown Source)
	at org.adempiere.plugin.utils.Incremental2PackActivator$2.run(Unknown Source)
	at java.base/java.util.concurrent.Executors$RunnableAdapter.call(Executors.java:539)
	at java.base/java.util.concurrent.FutureTask.run(FutureTask.java:264)
	at java.base/java.util.concurrent.ScheduledThreadPoolExecutor$ScheduledFutureTask.run(ScheduledThreadPoolExecutor.java:304)
	at java.base/java.util.concurrent.ThreadPoolExecutor.runWorker(ThreadPoolExecutor.java:1136)
	at java.base/java.util.concurrent.ThreadPoolExecutor$Worker.run(ThreadPoolExecutor.java:635)
	at java.base/java.lang.Thread.run(Thread.java:840)
caused by: java.lang.IllegalArgumentException: No Transaction Name
	at org.compiere.util.Trx.get(Unknown Source)
	at org.adempiere.pipo2.PackInHandler.updPackageImp(Unknown Source)
	at org.adempiere.pipo2.PackInHandler.endElement(Unknown Source)
	at java.xml/com.sun.org.apache.xerces.internal.parsers.AbstractSAXParser.endElement(AbstractSAXParser.java:618)
	at java.xml/com.sun.org.apache.xerces.internal.impl.XMLDocumentFragmentScannerImpl.scanEndElement(XMLDocumentFragmentScannerImpl.java:1728)
	at java.xml/com.sun.org.apache.xerces.internal.impl.XMLDocumentFragmentScannerImpl$FragmentContentDriver.next(XMLDocumentFragmentScannerImpl.java:2899)
	at java.xml/com.sun.org.apache.xerces.internal.impl.XMLDocumentScannerImpl.next(XMLDocumentScannerImpl.java:605)
	at java.xml/com.sun.org.apache.xerces.internal.impl.XMLDocumentFragmentScannerImpl.scanDocument(XMLDocumentFragmentScannerImpl.java:542)
	at java.xml/com.sun.org.apache.xerces.internal.parsers.XML11Configuration.parse(XML11Configuration.java:889)
	at java.xml/com.sun.org.apache.xerces.internal.parsers.XML11Configuration.parse(XML11Configuration.java:825)
	at java.xml/com.sun.org.apache.xerces.internal.parsers.XMLParser.parse(XMLParser.java:141)
	at java.xml/com.sun.org.apache.xerces.internal.parsers.AbstractSAXParser.parse(AbstractSAXParser.java:1224)
	at java.xml/com.sun.org.apache.xerces.internal.jaxp.SAXParserImpl$JAXPSAXParser.parse(SAXParserImpl.java:637)
	at java.xml/com.sun.org.apache.xerces.internal.jaxp.SAXParserImpl.parse(SAXParserImpl.java:326)
	at java.xml/javax.xml.parsers.SAXParser.parse(SAXParser.java:197)
	at org.adempiere.pipo2.PackIn.importXML(Unknown Source)
	at org.adempiere.pipo2.PackIn.importXML(Unknown Source)
	at org.adempiere.pipo.srv.PipoDictionaryService.merge(Unknown Source)
	at org.adempiere.plugin.utils.AbstractActivator.merge(Unknown Source)
	at org.adempiere.plugin.utils.Incremental2PackActivator.packIn(Unknown Source)
	at org.adempiere.plugin.utils.Incremental2PackActivator.packIn(Unknown Source)
	at org.adempiere.plugin.utils.Incremental2PackActivator.installPackage(Unknown Source)
	at org.adempiere.plugin.utils.Incremental2PackActivator$2.run(Unknown Source)

10:41:10.284===========> PipoDictionaryService.merge: importXML: [297]
java.lang.RuntimeException: No Transaction Name
	at org.adempiere.pipo2.PackIn.importXML(Unknown Source)
	at org.adempiere.pipo2.PackIn.importXML(Unknown Source)
	at org.adempiere.pipo.srv.PipoDictionaryService.merge(Unknown Source)
	at org.adempiere.plugin.utils.AbstractActivator.merge(Unknown Source)
	at org.adempiere.plugin.utils.Incremental2PackActivator.packIn(Unknown Source)
	at org.adempiere.plugin.utils.Incremental2PackActivator.packIn(Unknown Source)
	at org.adempiere.plugin.utils.Incremental2PackActivator.installPackage(Unknown Source)
	at org.adempiere.plugin.utils.Incremental2PackActivator$2.run(Unknown Source)
	at java.base/java.util.concurrent.Executors$RunnableAdapter.call(Executors.java:539)
	at java.base/java.util.concurrent.FutureTask.run(FutureTask.java:264)
	at java.base/java.util.concurrent.ScheduledThreadPoolExecutor$ScheduledFutureTask.run(ScheduledThreadPoolExecutor.java:304)
	at java.base/java.util.concurrent.ThreadPoolExecutor.runWorker(ThreadPoolExecutor.java:1136)
	at java.base/java.util.concurrent.ThreadPoolExecutor$Worker.run(ThreadPoolExecutor.java:635)
	at java.base/java.lang.Thread.run(Thread.java:840)
caused by: java.lang.IllegalArgumentException: No Transaction Name
	at org.compiere.util.Trx.get(Unknown Source)
	at org.adempiere.pipo2.PackInHandler.updPackageImp(Unknown Source)
	at org.adempiere.pipo2.PackInHandler.endElement(Unknown Source)
	at java.xml/com.sun.org.apache.xerces.internal.parsers.AbstractSAXParser.endElement(AbstractSAXParser.java:618)
	at java.xml/com.sun.org.apache.xerces.internal.impl.XMLDocumentFragmentScannerImpl.scanEndElement(XMLDocumentFragmentScannerImpl.java:1728)
	at java.xml/com.sun.org.apache.xerces.internal.impl.XMLDocumentFragmentScannerImpl$FragmentContentDriver.next(XMLDocumentFragmentScannerImpl.java:2899)
	at java.xml/com.sun.org.apache.xerces.internal.impl.XMLDocumentScannerImpl.next(XMLDocumentScannerImpl.java:605)
	at java.xml/com.sun.org.apache.xerces.internal.impl.XMLDocumentFragmentScannerImpl.scanDocument(XMLDocumentFragmentScannerImpl.java:542)
	at java.xml/com.sun.org.apache.xerces.internal.parsers.XML11Configuration.parse(XML11Configuration.java:889)
	at java.xml/com.sun.org.apache.xerces.internal.parsers.XML11Configuration.parse(XML11Configuration.java:825)
	at java.xml/com.sun.org.apache.xerces.internal.parsers.XMLParser.parse(XMLParser.java:141)
	at java.xml/com.sun.org.apache.xerces.internal.parsers.AbstractSAXParser.parse(AbstractSAXParser.java:1224)
	at java.xml/com.sun.org.apache.xerces.internal.jaxp.SAXParserImpl$JAXPSAXParser.parse(SAXParserImpl.java:637)
	at java.xml/com.sun.org.apache.xerces.internal.jaxp.SAXParserImpl.parse(SAXParserImpl.java:326)
	at java.xml/javax.xml.parsers.SAXParser.parse(SAXParser.java:197)
	at org.adempiere.pipo2.PackIn.importXML(Unknown Source)
	at org.adempiere.pipo2.PackIn.importXML(Unknown Source)
	at org.adempiere.pipo.srv.PipoDictionaryService.merge(Unknown Source)
	at org.adempiere.plugin.utils.AbstractActivator.merge(Unknown Source)
	at org.adempiere.plugin.utils.Incremental2PackActivator.packIn(Unknown Source)
	at org.adempiere.plugin.utils.Incremental2PackActivator.packIn(Unknown Source)
	at org.adempiere.plugin.utils.Incremental2PackActivator.installPackage(Unknown Source)
	at org.adempiere.plugin.utils.Incremental2PackActivator$2.run(Unknown Source)

10:41:10.444-----------> Incremental2PackActivator.packIn: Pack in failed. [297]
java.lang.RuntimeException: No Transaction Name
	at org.adempiere.pipo2.PackIn.importXML(Unknown Source)
	at org.adempiere.pipo2.PackIn.importXML(Unknown Source)
	at org.adempiere.pipo.srv.PipoDictionaryService.merge(Unknown Source)
	at org.adempiere.plugin.utils.AbstractActivator.merge(Unknown Source)
	at org.adempiere.plugin.utils.Incremental2PackActivator.packIn(Unknown Source)
	at org.adempiere.plugin.utils.Incremental2PackActivator.packIn(Unknown Source)
	at org.adempiere.plugin.utils.Incremental2PackActivator.installPackage(Unknown Source)
	at org.adempiere.plugin.utils.Incremental2PackActivator$2.run(Unknown Source)
	at java.base/java.util.concurrent.Executors$RunnableAdapter.call(Executors.java:539)
	at java.base/java.util.concurrent.FutureTask.run(FutureTask.java:264)
	at java.base/java.util.concurrent.ScheduledThreadPoolExecutor$ScheduledFutureTask.run(ScheduledThreadPoolExecutor.java:304)
	at java.base/java.util.concurrent.ThreadPoolExecutor.runWorker(ThreadPoolExecutor.java:1136)
	at java.base/java.util.concurrent.ThreadPoolExecutor$Worker.run(ThreadPoolExecutor.java:635)
	at java.base/java.lang.Thread.run(Thread.java:840)
caused by: java.lang.IllegalArgumentException: No Transaction Name
	at org.compiere.util.Trx.get(Unknown Source)
	at org.adempiere.pipo2.PackInHandler.updPackageImp(Unknown Source)
	at org.adempiere.pipo2.PackInHandler.endElement(Unknown Source)
	at java.xml/com.sun.org.apache.xerces.internal.parsers.AbstractSAXParser.endElement(AbstractSAXParser.java:618)
	at java.xml/com.sun.org.apache.xerces.internal.impl.XMLDocumentFragmentScannerImpl.scanEndElement(XMLDocumentFragmentScannerImpl.java:1728)
	at java.xml/com.sun.org.apache.xerces.internal.impl.XMLDocumentFragmentScannerImpl$FragmentContentDriver.next(XMLDocumentFragmentScannerImpl.java:2899)
	at java.xml/com.sun.org.apache.xerces.internal.impl.XMLDocumentScannerImpl.next(XMLDocumentScannerImpl.java:605)
	at java.xml/com.sun.org.apache.xerces.internal.impl.XMLDocumentFragmentScannerImpl.scanDocument(XMLDocumentFragmentScannerImpl.java:542)
	at java.xml/com.sun.org.apache.xerces.internal.parsers.XML11Configuration.parse(XML11Configuration.java:889)
	at java.xml/com.sun.org.apache.xerces.internal.parsers.XML11Configuration.parse(XML11Configuration.java:825)
	at java.xml/com.sun.org.apache.xerces.internal.parsers.XMLParser.parse(XMLParser.java:141)
	at java.xml/com.sun.org.apache.xerces.internal.parsers.AbstractSAXParser.parse(AbstractSAXParser.java:1224)
	at java.xml/com.sun.org.apache.xerces.internal.jaxp.SAXParserImpl$JAXPSAXParser.parse(SAXParserImpl.java:637)
	at java.xml/com.sun.org.apache.xerces.internal.jaxp.SAXParserImpl.parse(SAXParserImpl.java:326)
	at java.xml/javax.xml.parsers.SAXParser.parse(SAXParser.java:197)
	at org.adempiere.pipo2.PackIn.importXML(Unknown Source)
	at org.adempiere.pipo2.PackIn.importXML(Unknown Source)
	at org.adempiere.pipo.srv.PipoDictionaryService.merge(Unknown Source)
	at org.adempiere.plugin.utils.AbstractActivator.merge(Unknown Source)
	at org.adempiere.plugin.utils.Incremental2PackActivator.packIn(Unknown Source)
	at org.adempiere.plugin.utils.Incremental2PackActivator.packIn(Unknown Source)
	at org.adempiere.plugin.utils.Incremental2PackActivator.installPackage(Unknown Source)
	at org.adempiere.plugin.utils.Incremental2PackActivator$2.run(Unknown Source)

10:43:09.801-----------> PackInApplicationActivator.getFilesToProcess: Processing migration [405]
14:21:30.548-----------> PoolBase.isConnectionDead: HikariPool-1 - Failed to validate connection org.postgresql.jdbc.PgConnection@7095ceba (This connection has been closed.). Possibly consider using a shorter maxLifetime value. [254]
14:21:36.178-----------> PoolBase.isConnectionDead: HikariPool-1 - Failed to validate connection org.postgresql.jdbc.PgConnection@72c612d9 (This connection has been closed.). Possibly consider using a shorter maxLifetime value. [254]
14:21:42.337-----------> PoolBase.isConnectionDead: HikariPool-1 - Failed to validate connection org.postgresql.jdbc.PgConnection@5b7d8e61 (This connection has been closed.). Possibly consider using a shorter maxLifetime value. [254]
14:21:55.043-----------> PoolBase.isConnectionDead: HikariPool-1 - Failed to validate connection org.postgresql.jdbc.PgConnection@7ef0d97f (This connection has been closed.). Possibly consider using a shorter maxLifetime value. [254]
14:22:03.064-----------> PoolBase.isConnectionDead: HikariPool-1 - Failed to validate connection org.postgresql.jdbc.PgConnection@57970a26 (This connection has been closed.). Possibly consider using a shorter maxLifetime value. [254]
14:22:21.708-----------> PoolBase.isConnectionDead: HikariPool-1 - Failed to validate connection org.postgresql.jdbc.PgConnection@1bf8491 (This connection has been closed.). Possibly consider using a shorter maxLifetime value. [254]
14:22:24.723-----------> PoolBase.isConnectionDead: HikariPool-1 - Failed to validate connection org.postgresql.jdbc.PgConnection@7ada0c7e (This connection has been closed.). Possibly consider using a shorter maxLifetime value. [254]
14:22:53.874-----------> PoolBase.isConnectionDead: HikariPool-1 - Failed to validate connection org.postgresql.jdbc.PgConnection@67b4f144 (This connection has been closed.). Possibly consider using a shorter maxLifetime value. [254]
14:23:02.943-----------> PoolBase.isConnectionDead: HikariPool-1 - Failed to validate connection org.postgresql.jdbc.PgConnection@103d9eab (This connection has been closed.). Possibly consider using a shorter maxLifetime value. [254]
14:23:04.588-----------> PoolBase.isConnectionDead: HikariPool-1 - Failed to validate connection org.postgresql.jdbc.PgConnection@7ad021fe (This connection has been closed.). Possibly consider using a shorter maxLifetime value. [254]
15:50:37.345-----------> PoolBase.isConnectionDead: HikariPool-1 - Failed to validate connection org.postgresql.jdbc.PgConnection@5b5b234e (This connection has been closed.). Possibly consider using a shorter maxLifetime value. [254]
15:51:00.743-----------> PoolBase.isConnectionDead: HikariPool-1 - Failed to validate connection org.postgresql.jdbc.PgConnection@43d7bf04 (This connection has been closed.). Possibly consider using a shorter maxLifetime value. [254]
15:51:33.659-----------> PoolBase.isConnectionDead: HikariPool-1 - Failed to validate connection org.postgresql.jdbc.PgConnection@6ccfcc10 (This connection has been closed.). Possibly consider using a shorter maxLifetime value. [254]
15:51:34.460-----------> PoolBase.isConnectionDead: HikariPool-1 - Failed to validate connection org.postgresql.jdbc.PgConnection@10dd6ede (This connection has been closed.). Possibly consider using a shorter maxLifetime value. [254]
15:51:38.474-----------> PoolBase.isConnectionDead: HikariPool-1 - Failed to validate connection org.postgresql.jdbc.PgConnection@56ff4ffe (This connection has been closed.). Possibly consider using a shorter maxLifetime value. [254]
15:51:43.432-----------> PoolBase.isConnectionDead: HikariPool-1 - Failed to validate connection org.postgresql.jdbc.PgConnection@44c2a67d (This connection has been closed.). Possibly consider using a shorter maxLifetime value. [254]
15:51:53.708-----------> PoolBase.isConnectionDead: HikariPool-1 - Failed to validate connection org.postgresql.jdbc.PgConnection@4cda4d12 (This connection has been closed.). Possibly consider using a shorter maxLifetime value. [254]
15:52:02.434-----------> PoolBase.isConnectionDead: HikariPool-1 - Failed to validate connection org.postgresql.jdbc.PgConnection@1b264869 (This connection has been closed.). Possibly consider using a shorter maxLifetime value. [254]
15:52:04.515-----------> PoolBase.isConnectionDead: HikariPool-1 - Failed to validate connection org.postgresql.jdbc.PgConnection@542a82b1 (This connection has been closed.). Possibly consider using a shorter maxLifetime value. [254]
15:54:43.539-----------> PoolBase.isConnectionDead: HikariPool-1 - Failed to validate connection org.postgresql.jdbc.PgConnection@30ca25c4 (This connection has been closed.). Possibly consider using a shorter maxLifetime value. [254]
15:54:47.328-----------> PoolBase.isConnectionDead: HikariPool-1 - Failed to validate connection org.postgresql.jdbc.PgConnection@645c66be (This connection has been closed.). Possibly consider using a shorter maxLifetime value. [254]
15:54:50.503-----------> PoolBase.isConnectionDead: HikariPool-1 - Failed to validate connection org.postgresql.jdbc.PgConnection@64e35f8e (This connection has been closed.). Possibly consider using a shorter maxLifetime value. [254]
15:55:00.734-----------> PoolBase.isConnectionDead: HikariPool-1 - Failed to validate connection org.postgresql.jdbc.PgConnection@5e6a2d3 (This connection has been closed.). Possibly consider using a shorter maxLifetime value. [254]
15:55:04.088-----------> PoolBase.isConnectionDead: HikariPool-1 - Failed to validate connection org.postgresql.jdbc.PgConnection@29901dca (This connection has been closed.). Possibly consider using a shorter maxLifetime value. [254]
15:55:04.258-----------> PoolBase.isConnectionDead: HikariPool-1 - Failed to validate connection org.postgresql.jdbc.PgConnection@57713859 (This connection has been closed.). Possibly consider using a shorter maxLifetime value. [254]
15:55:13.572-----------> PoolBase.isConnectionDead: HikariPool-1 - Failed to validate connection org.postgresql.jdbc.PgConnection@67b1f85e (This connection has been closed.). Possibly consider using a shorter maxLifetime value. [254]
15:55:24.965-----------> PoolBase.isConnectionDead: HikariPool-1 - Failed to validate connection org.postgresql.jdbc.PgConnection@17781848 (This connection has been closed.). Possibly consider using a shorter maxLifetime value. [254]
15:55:43.241-----------> PoolBase.isConnectionDead: HikariPool-1 - Failed to validate connection org.postgresql.jdbc.PgConnection@218e3b7a (This connection has been closed.). Possibly consider using a shorter maxLifetime value. [254]
15:55:45.567-----------> PoolBase.isConnectionDead: HikariPool-1 - Failed to validate connection org.postgresql.jdbc.PgConnection@316b62ed (This connection has been closed.). Possibly consider using a shorter maxLifetime value. [254]

*** 2026-05-25 15:56:41.352 idempiere Log (CLogFile) ***
