*** 2026-06-02 01:44:37.857 idempiere Log (CLogFile) ***
01:44:37.856 Adempiere.startup: iDempiere(r) Release 14_2026-03-09 -Smart Suite ERP, CRM and SCM- (c) 1999-2026 iDempiere(r); Implementation: iDempiere - Supported by iDempiere community [27]
01:44:37.857 Ini.loadProperties: /home/nextcollege/BDeveloper/idempiere-dev-setup-14/idempiere/idempiere.properties #29 [27]
01:44:37.864-----------> Core.getKeyStore: Encryption with legacy key algorithm DES detected - it is recommended to migrate to a stronger algorithm [27]
01:44:38.379-----------> Activator.createHazelCastInstance: Starting hazelcast with configuration from file hazelcast.xml [27]
01:44:38.954-----------> CPSubsystem: [192.168.0.55]:5701 [adempiere.idempiere14/localhost:5432] [5.3.7] CP Subsystem is not enabled. CP data structures will operate in UNSAFE mode! Please note that UNSAFE mode will not provide strong consistency guarantees. [27]
01:44:39.242-----------> Node: [192.168.0.55]:5701 [adempiere.idempiere14/localhost:5432] [5.3.7] No join method is enabled! Starting standalone. [27]
01:44:39.807-----------> DB.isBuildOK: Build Version Error 

The program assumes build version 14.0.0.qualifier, but database has build version ${env.ADEMPIERE_VERSION} 20080428-1232. 
This is likely to cause hard to fix errors. 
Please contact administrator. [27]
01:44:41.883-----------> EMail.setFrom: you @ company.org: javax.mail.internet.AddressException: Local address contains control or whitespace in string ``you @ company.org'' [27]
01:44:41.888-----------> EMail.addTo: you @ company.org: javax.mail.internet.AddressException: Local address contains control or whitespace in string ``you @ company.org'' [27]
01:44:41.888-----------> EMail.isValid: From is invalid=null [27]
01:44:41.888-----------> EMail.isValid: From is invalid=null [27]
01:44:41.892-----------> MClient.sendEMail: Could NOT Send Email: Server started: iDempiere (nextcollege-G751JT:192.168.0.55) to you @ company.org: Invalid Data (System) [27]
01:44:43.185           LoggedSessionListener.contextInitialized: iDempiere context initialized for 10.3.0.1 [27]
01:45:52.484-----------> EGSCreateRateUSDtoPEN.doIt: Paso 1: Obteniendo tokens y cookies de la sesión inicial de SUNAT... [565]
01:45:52.617-----------> EGSCreateRateUSDtoPEN.doIt: Paso 2: Consultando API con parámetros de periodo 5/2026 [565]
01:45:52.698-----------> EGSCreateRateUSDtoPEN.doIt: Respuesta cruda del API SUNAT: <html><head><title>Request Rejected</title></head><body>The requested URL was rejected. Please consult with your administrator.<br><br>Your support ID is: 1939715761614737067<br><br><a href='javascript:history.back();'>[Go Back]</a></body></html> [565]
01:45:52.700===========> EGSCreateRateUSDtoPEN.process: El API de SUNAT no retornó objetos válidos para el mes solicitado. [565]
UserError: El API de SUNAT no retornó objetos válidos para el mes solicitado.
	at com.egssmart.finantials.proccess.EGSCreateRateUSDtoPEN.doIt(Unknown Source)
	at org.compiere.process.SvrProcess.process(Unknown Source)
	at org.compiere.process.SvrProcess.startProcess(Unknown Source)
	at org.adempiere.util.ProcessUtil.startJavaProcess(Unknown Source)
	at org.compiere.apps.AbstractProcessCtl.startProcess(Unknown Source)
	at org.compiere.apps.AbstractProcessCtl.run(Unknown Source)
	at org.adempiere.webui.apps.WProcessCtl.process(Unknown Source)
	at org.adempiere.webui.apps.AbstractProcessDialog$ProcessDialogRunnable.doRun(Unknown Source)
	at org.adempiere.util.ContextRunnable.run(Unknown Source)
	at org.adempiere.webui.apps.DesktopRunnable.run(Unknown Source)
	at java.base/java.util.concurrent.Executors$RunnableAdapter.call(Executors.java:539)

01:46:44.371-----------> PackInApplicationActivator.getFilesToProcess: Processing migration [522]

*** 2026-06-02 01:47:57.177 idempiere Log (CLogFile) ***
