*** 2026-06-02 12:59:53.082 idempiere Log (CLogFile) ***
12:59:53.081 Adempiere.startup: iDempiere(r) Release 14_2026-03-09 -Smart Suite ERP, CRM and SCM- (c) 1999-2026 iDempiere(r); Implementation: iDempiere - Supported by iDempiere community [27]
12:59:53.083 Ini.loadProperties: /home/nextcollege/BDeveloper/idempiere-dev-setup-14/idempiere/idempiere.properties #29 [27]
12:59:53.091-----------> Core.getKeyStore: Encryption with legacy key algorithm DES detected - it is recommended to migrate to a stronger algorithm [27]
12:59:53.610-----------> Activator.createHazelCastInstance: Starting hazelcast with configuration from file hazelcast.xml [27]
12:59:54.226-----------> CPSubsystem: [192.168.0.55]:5701 [adempiere.idempiere14/localhost:5432] [5.3.7] CP Subsystem is not enabled. CP data structures will operate in UNSAFE mode! Please note that UNSAFE mode will not provide strong consistency guarantees. [27]
12:59:54.555-----------> Node: [192.168.0.55]:5701 [adempiere.idempiere14/localhost:5432] [5.3.7] No join method is enabled! Starting standalone. [27]
12:59:55.066-----------> DB.isBuildOK: Build Version Error 

The program assumes build version 14.0.0.qualifier, but database has build version ${env.ADEMPIERE_VERSION} 20080428-1232. 
This is likely to cause hard to fix errors. 
Please contact administrator. [27]
12:59:57.121-----------> EMail.setFrom: you @ company.org: javax.mail.internet.AddressException: Local address contains control or whitespace in string ``you @ company.org'' [27]
12:59:57.127-----------> EMail.addTo: you @ company.org: javax.mail.internet.AddressException: Local address contains control or whitespace in string ``you @ company.org'' [27]
12:59:57.128-----------> EMail.isValid: From is invalid=null [27]
12:59:57.128-----------> EMail.isValid: From is invalid=null [27]
12:59:57.134-----------> MClient.sendEMail: Could NOT Send Email: Server started: iDempiere (nextcollege-G751JT:192.168.0.55) to you @ company.org: Invalid Data (System) [27]
12:59:58.699           LoggedSessionListener.contextInitialized: iDempiere context initialized for 10.3.0.1 [27]
12:59:58.898-----------> TimeZoneDataBaseVersionChecker.init: Time zone data version mismatch detected:
 - Client (moment.js) tzdb version: 2025b
 - Server (JDK) tzdb version: 2026a
Date and time values may be incorrect if time zone rules differ.
To resolve, update the moment-timezone data on the client and/or the JDK time zone data (TZUpdater or Java update) on the server so both use the same version. [27]
13:00:21.427-----------> EGSCreateRateUSDtoPEN.doIt: PASO 1: Consiguiendo cookies perimetrales F5 del Home de SUNAT... [506]
13:00:21.563-----------> EGSCreateRateUSDtoPEN.doIt: Cookies WAF F5 aseguradas: [IAASISTENCIAGESTIONSESSION, TS0105b0c6, TSf3c1dbbd027] [506]
13:00:21.563-----------> EGSCreateRateUSDtoPEN.doIt: Dando un respiro de 2000ms para simular comportamiento humano... [506]
13:00:23.564-----------> EGSCreateRateUSDtoPEN.doIt: PASO 2: Extrayendo datos enviando JSON Payload aprobado... [506]
13:00:23.620-----------> EGSCreateRateUSDtoPEN.doIt: Incidencia en la transmisión: HTTP error fetching URL. Status=400, URL=[https://e-consulta.sunat.gob.pe/cl-at-ittipcam/tcS01Alias/listarTipoCambio] [506]
13:00:23.620-----------> EGSCreateRateUSDtoPEN.doIt: Intento 2 de 5. Reintentando secuencia completa... [506]
13:00:27.621-----------> EGSCreateRateUSDtoPEN.doIt: PASO 1: Consiguiendo cookies perimetrales F5 del Home de SUNAT... [506]
13:00:27.712-----------> EGSCreateRateUSDtoPEN.doIt: Cookies WAF F5 aseguradas: [IAASISTENCIAGESTIONSESSION, TS0105b0c6, TSf3c1dbbd027] [506]
13:00:27.712-----------> EGSCreateRateUSDtoPEN.doIt: Dando un respiro de 2000ms para simular comportamiento humano... [506]
13:00:29.713-----------> EGSCreateRateUSDtoPEN.doIt: PASO 2: Extrayendo datos enviando JSON Payload aprobado... [506]
13:00:29.770-----------> EGSCreateRateUSDtoPEN.doIt: Incidencia en la transmisión: HTTP error fetching URL. Status=400, URL=[https://e-consulta.sunat.gob.pe/cl-at-ittipcam/tcS01Alias/listarTipoCambio] [506]
13:00:29.771-----------> EGSCreateRateUSDtoPEN.doIt: Intento 3 de 5. Reintentando secuencia completa... [506]
13:00:33.771-----------> EGSCreateRateUSDtoPEN.doIt: PASO 1: Consiguiendo cookies perimetrales F5 del Home de SUNAT... [506]
13:00:33.844-----------> EGSCreateRateUSDtoPEN.doIt: Cookies WAF F5 aseguradas: [IAASISTENCIAGESTIONSESSION, TSf3c1dbbd027] [506]
13:00:33.845-----------> EGSCreateRateUSDtoPEN.doIt: Dando un respiro de 2000ms para simular comportamiento humano... [506]
13:00:35.845-----------> EGSCreateRateUSDtoPEN.doIt: PASO 2: Extrayendo datos enviando JSON Payload aprobado... [506]
13:00:35.903-----------> EGSCreateRateUSDtoPEN.doIt: Incidencia en la transmisión: HTTP error fetching URL. Status=400, URL=[https://e-consulta.sunat.gob.pe/cl-at-ittipcam/tcS01Alias/listarTipoCambio] [506]
13:00:35.903-----------> EGSCreateRateUSDtoPEN.doIt: Intento 4 de 5. Reintentando secuencia completa... [506]
13:00:39.903-----------> EGSCreateRateUSDtoPEN.doIt: PASO 1: Consiguiendo cookies perimetrales F5 del Home de SUNAT... [506]
13:00:40.076-----------> EGSCreateRateUSDtoPEN.doIt: Cookies WAF F5 aseguradas: [IAASISTENCIAGESTIONSESSION, TSf3c1dbbd027] [506]
13:00:40.077-----------> EGSCreateRateUSDtoPEN.doIt: Dando un respiro de 2000ms para simular comportamiento humano... [506]
13:00:42.077-----------> EGSCreateRateUSDtoPEN.doIt: PASO 2: Extrayendo datos enviando JSON Payload aprobado... [506]
13:00:42.135-----------> EGSCreateRateUSDtoPEN.doIt: Incidencia en la transmisión: HTTP error fetching URL. Status=400, URL=[https://e-consulta.sunat.gob.pe/cl-at-ittipcam/tcS01Alias/listarTipoCambio] [506]
13:00:42.135-----------> EGSCreateRateUSDtoPEN.doIt: Intento 5 de 5. Reintentando secuencia completa... [506]
13:00:46.135-----------> EGSCreateRateUSDtoPEN.doIt: PASO 1: Consiguiendo cookies perimetrales F5 del Home de SUNAT... [506]
13:00:46.549-----------> EGSCreateRateUSDtoPEN.doIt: Cookies WAF F5 aseguradas: [IAASISTENCIAGESTIONSESSION, TS0105b0c6, TSf3c1dbbd027] [506]
13:00:46.549-----------> EGSCreateRateUSDtoPEN.doIt: Dando un respiro de 2000ms para simular comportamiento humano... [506]
13:00:48.552-----------> EGSCreateRateUSDtoPEN.doIt: PASO 2: Extrayendo datos enviando JSON Payload aprobado... [506]
13:00:49.028-----------> EGSCreateRateUSDtoPEN.doIt: Incidencia en la transmisión: HTTP error fetching URL. Status=400, URL=[https://e-consulta.sunat.gob.pe/cl-at-ittipcam/tcS01Alias/listarTipoCambio] [506]
13:00:49.030===========> EGSCreateRateUSDtoPEN.process: No se pudo estabilizar el canal seguro con la SUNAT. [506]
org.jsoup.HttpStatusException: HTTP error fetching URL. Status=400, URL=[https://e-consulta.sunat.gob.pe/cl-at-ittipcam/tcS01Alias/listarTipoCambio]
	at org.jsoup.helper.HttpConnection$Response.execute(HttpConnection.java:913)
	at org.jsoup.helper.HttpConnection$Response.execute(HttpConnection.java:866)
	at org.jsoup.helper.HttpConnection.execute(HttpConnection.java:365)
	at com.egssmart.finantials.proccess.EGSCreateRateUSDtoPEN.doIt(Unknown Source)
	at org.compiere.process.SvrProcess.process(Unknown Source)
	at org.compiere.process.SvrProcess.startProcess(Unknown Source)
	at org.adempiere.util.ProcessUtil.startJavaProcess(Unknown Source)
	at org.compiere.apps.AbstractProcessCtl.startProcess(Unknown Source)
	at org.compiere.apps.AbstractProcessCtl.run(Unknown Source)
	at org.adempiere.webui.apps.WProcessCtl.process(Unknown Source)
	at org.adempiere.webui.apps.AbstractProcessDialog$ProcessDialogRunnable.doRun(Unknown Source)
	at org.adempiere.util.ContextRunnable.run(Unknown Source)
	at org.adempiere.webui.apps.DesktopRunnable.run(Unknown Source)

13:02:00.233-----------> PackInApplicationActivator.getFilesToProcess: Processing migration [463]

*** 2026-06-02 13:58:45.76 idempiere Log (CLogFile) ***
