*** 2026-06-02 14:30:14.819 idempiere Log (CLogFile) ***
14:30:14.818 Adempiere.startup: iDempiere(r) Release 14_2026-03-09 -Smart Suite ERP, CRM and SCM- (c) 1999-2026 iDempiere(r); Implementation: iDempiere - Supported by iDempiere community [27]
14:30:14.821 Ini.loadProperties: /home/nextcollege/BDeveloper/idempiere-dev-setup-14/idempiere/idempiere.properties #29 [27]
14:30:14.831-----------> Core.getKeyStore: Encryption with legacy key algorithm DES detected - it is recommended to migrate to a stronger algorithm [27]
14:30:15.372-----------> Activator.createHazelCastInstance: Starting hazelcast with configuration from file hazelcast.xml [27]
14:30:15.918-----------> CPSubsystem: [192.168.0.55]:5701 [adempiere.idempiere14/localhost:5432] [5.3.7] CP Subsystem is not enabled. CP data structures will operate in UNSAFE mode! Please note that UNSAFE mode will not provide strong consistency guarantees. [27]
14:30:16.216-----------> Node: [192.168.0.55]:5701 [adempiere.idempiere14/localhost:5432] [5.3.7] No join method is enabled! Starting standalone. [27]
14:30:16.795-----------> DB.isBuildOK: Build Version Error 

The program assumes build version 14.0.0.qualifier, but database has build version ${env.ADEMPIERE_VERSION} 20080428-1232. 
This is likely to cause hard to fix errors. 
Please contact administrator. [27]
14:30:18.677-----------> EMail.setFrom: you @ company.org: javax.mail.internet.AddressException: Local address contains control or whitespace in string ``you @ company.org'' [27]
14:30:18.683-----------> EMail.addTo: you @ company.org: javax.mail.internet.AddressException: Local address contains control or whitespace in string ``you @ company.org'' [27]
14:30:18.683-----------> EMail.isValid: From is invalid=null [27]
14:30:18.684-----------> EMail.isValid: From is invalid=null [27]
14:30:18.689-----------> MClient.sendEMail: Could NOT Send Email: Server started: iDempiere (nextcollege-G751JT:192.168.0.55) to you @ company.org: Invalid Data (System) [27]
14:30:20.061           LoggedSessionListener.contextInitialized: iDempiere context initialized for 10.3.0.1 [27]
14:30:20.261-----------> TimeZoneDataBaseVersionChecker.init: Time zone data version mismatch detected:
 - Client (moment.js) tzdb version: 2025b
 - Server (JDK) tzdb version: 2026a
Date and time values may be incorrect if time zone rules differ.
To resolve, update the moment-timezone data on the client and/or the JDK time zone data (TZUpdater or Java update) on the server so both use the same version. [27]
14:32:21.400-----------> PackInApplicationActivator.getFilesToProcess: Processing migration [502]
14:32:54.783-----------> EGSCreateRateUSDtoPEN.doIt: PASO 1: Sincronizando sesión y cookies perimetrales F5... [549]
14:32:54.920-----------> EGSCreateRateUSDtoPEN.doIt: Cookies F5 BIG-IP integradas: [IAASISTENCIAGESTIONSESSION, TS0105b0c6, TS61ff7286027] [549]
14:32:54.921-----------> EGSCreateRateUSDtoPEN.doIt: Esperando 2200ms para simular delay humano en navegador... [549]
14:32:57.121-----------> EGSCreateRateUSDtoPEN.doIt: PASO 2: Transmitiendo datos estructurados (Form-Data) al endpoint... [549]
14:32:57.122-----------> EGSCreateRateUSDtoPEN.doIt: Parametros: anhoConsulta=2026, mesConsulta=5 [549]
14:32:57.186-----------> EGSCreateRateUSDtoPEN.doIt: Respuesta cruda del API SUNAT: <html><head><title>Request Rejected</title></head><body>The requested URL was rejected. Please consult with your administrator.<br><br>Your support ID is: 1939715761531256221<br><br><a href='javascript:history.back();'>[Go Back]</a></body></html> [549]
14:32:57.186-----------> EGSCreateRateUSDtoPEN.doIt: El WAF interceptó la firma. Reintentando bucle... [549]
14:32:57.186-----------> EGSCreateRateUSDtoPEN.doIt: Intento 2 de 5. Reintentando secuencia completa... [549]
14:33:01.187-----------> EGSCreateRateUSDtoPEN.doIt: PASO 1: Sincronizando sesión y cookies perimetrales F5... [549]
14:33:01.260-----------> EGSCreateRateUSDtoPEN.doIt: Cookies F5 BIG-IP integradas: [IAASISTENCIAGESTIONSESSION, TS0105b0c6, TS61ff7286027] [549]
14:33:01.260-----------> EGSCreateRateUSDtoPEN.doIt: Esperando 2200ms para simular delay humano en navegador... [549]
14:33:03.461-----------> EGSCreateRateUSDtoPEN.doIt: PASO 2: Transmitiendo datos estructurados (Form-Data) al endpoint... [549]
14:33:03.461-----------> EGSCreateRateUSDtoPEN.doIt: Parametros: anhoConsulta=2026, mesConsulta=5 [549]
14:33:03.526-----------> EGSCreateRateUSDtoPEN.doIt: Respuesta cruda del API SUNAT: <html><head><title>Request Rejected</title></head><body>The requested URL was rejected. Please consult with your administrator.<br><br>Your support ID is: 1939715761532438863<br><br><a href='javascript:history.back();'>[Go Back]</a></body></html> [549]
14:33:03.526-----------> EGSCreateRateUSDtoPEN.doIt: El WAF interceptó la firma. Reintentando bucle... [549]
14:33:03.526-----------> EGSCreateRateUSDtoPEN.doIt: Intento 3 de 5. Reintentando secuencia completa... [549]
14:33:07.527-----------> EGSCreateRateUSDtoPEN.doIt: PASO 1: Sincronizando sesión y cookies perimetrales F5... [549]
14:33:07.601-----------> EGSCreateRateUSDtoPEN.doIt: Cookies F5 BIG-IP integradas: [IAASISTENCIAGESTIONSESSION, TS0105b0c6, TS61ff7286027] [549]
14:33:07.601-----------> EGSCreateRateUSDtoPEN.doIt: Esperando 2200ms para simular delay humano en navegador... [549]
14:33:09.802-----------> EGSCreateRateUSDtoPEN.doIt: PASO 2: Transmitiendo datos estructurados (Form-Data) al endpoint... [549]
14:33:09.802-----------> EGSCreateRateUSDtoPEN.doIt: Parametros: anhoConsulta=2026, mesConsulta=5 [549]
14:33:09.859-----------> EGSCreateRateUSDtoPEN.doIt: Respuesta cruda del API SUNAT: <html><head><title>Request Rejected</title></head><body>The requested URL was rejected. Please consult with your administrator.<br><br>Your support ID is: 1939715761158100149<br><br><a href='javascript:history.back();'>[Go Back]</a></body></html> [549]
14:33:09.859-----------> EGSCreateRateUSDtoPEN.doIt: El WAF interceptó la firma. Reintentando bucle... [549]
14:33:09.860-----------> EGSCreateRateUSDtoPEN.doIt: Intento 4 de 5. Reintentando secuencia completa... [549]
14:33:13.860-----------> EGSCreateRateUSDtoPEN.doIt: PASO 1: Sincronizando sesión y cookies perimetrales F5... [549]
14:33:13.936-----------> EGSCreateRateUSDtoPEN.doIt: Cookies F5 BIG-IP integradas: [IAASISTENCIAGESTIONSESSION, TS0105b0c6, TS61ff7286027] [549]
14:33:13.936-----------> EGSCreateRateUSDtoPEN.doIt: Esperando 2200ms para simular delay humano en navegador... [549]
14:33:16.137-----------> EGSCreateRateUSDtoPEN.doIt: PASO 2: Transmitiendo datos estructurados (Form-Data) al endpoint... [549]
14:33:16.137-----------> EGSCreateRateUSDtoPEN.doIt: Parametros: anhoConsulta=2026, mesConsulta=5 [549]
14:33:16.192-----------> EGSCreateRateUSDtoPEN.doIt: Respuesta cruda del API SUNAT: <html><head><title>Request Rejected</title></head><body>The requested URL was rejected. Please consult with your administrator.<br><br>Your support ID is: 1939715755275895308<br><br><a href='javascript:history.back();'>[Go Back]</a></body></html> [549]
14:33:16.193-----------> EGSCreateRateUSDtoPEN.doIt: El WAF interceptó la firma. Reintentando bucle... [549]
14:33:16.193-----------> EGSCreateRateUSDtoPEN.doIt: Intento 5 de 5. Reintentando secuencia completa... [549]
14:33:20.193-----------> EGSCreateRateUSDtoPEN.doIt: PASO 1: Sincronizando sesión y cookies perimetrales F5... [549]
14:33:20.271-----------> EGSCreateRateUSDtoPEN.doIt: Cookies F5 BIG-IP integradas: [IAASISTENCIAGESTIONSESSION, TS0105b0c6, TS61ff7286027] [549]
14:33:20.271-----------> EGSCreateRateUSDtoPEN.doIt: Esperando 2200ms para simular delay humano en navegador... [549]
14:33:22.471-----------> EGSCreateRateUSDtoPEN.doIt: PASO 2: Transmitiendo datos estructurados (Form-Data) al endpoint... [549]
14:33:22.471-----------> EGSCreateRateUSDtoPEN.doIt: Parametros: anhoConsulta=2026, mesConsulta=5 [549]
14:33:22.524-----------> EGSCreateRateUSDtoPEN.doIt: Respuesta cruda del API SUNAT: <html><head><title>Request Rejected</title></head><body>The requested URL was rejected. Please consult with your administrator.<br><br>Your support ID is: 11781552370941081544<br><br><a href='javascript:history.back();'>[Go Back]</a></body></html> [549]
14:33:22.524-----------> EGSCreateRateUSDtoPEN.doIt: El WAF interceptó la firma. Reintentando bucle... [549]
14:33:22.525===========> EGSCreateRateUSDtoPEN.process: Error de consistencia interna en el procesamiento cambiario. [549]
UserError: Error de consistencia interna en el procesamiento cambiario.
	at com.egssmart.finantials.proccess.EGSCreateRateUSDtoPEN.doIt(Unknown Source)
	at org.compiere.process.SvrProcess.process(Unknown Source)
	at org.compiere.process.SvrProcess.startProcess(Unknown Source)
	at org.adempiere.util.ProcessUtil.startJavaProcess(Unknown Source)
	at org.compiere.apps.AbstractProcessCtl.startProcess(Unknown Source)
	at org.compiere.apps.AbstractProcessCtl.run(Unknown Source)
	at org.adempiere.webui.apps.WProcessCtl.process(Unknown Source)
	at org.adempiere.webui.apps.AbstractProcessDialog$ProcessDialogRunnable.doRun(Unknown Source)
	at org.adempiere.util.ContextRunnable.run(Unknown Source)
	at org.adempiere.webui.apps.DesktopRunnable.run(Unknown Source)
	at java.base/java.util.concurrent.Executors$RunnableAdapter.call(Executors.java:539)


*** 2026-06-02 14:36:50.11 idempiere Log (CLogFile) ***
