*** 2026-05-26 15:31:39.018 idempiere Log (CLogFile) ***
15:31:39.017 Adempiere.startup: iDempiere(r) Release 14_2026-03-09 -Smart Suite ERP, CRM and SCM- (c) 1999-2026 iDempiere(r); Implementation: iDempiere - Supported by iDempiere community [28]
15:31:39.019 Ini.loadProperties: /home/nextcollege/BDeveloper/idempiere-dev-setup-14/idempiere/idempiere.properties #29 [28]
15:31:39.025-----------> Core.getKeyStore: Encryption with legacy key algorithm DES detected - it is recommended to migrate to a stronger algorithm [28]
15:31:40.132-----------> Activator.createHazelCastInstance: Starting hazelcast with configuration from file hazelcast.xml [28]
15:31:40.846-----------> CPSubsystem: [192.168.1.236]:5701 [adempiere.idempiere14/localhost:5432] [5.3.7] CP Subsystem is not enabled. CP data structures will operate in UNSAFE mode! Please note that UNSAFE mode will not provide strong consistency guarantees. [28]
15:31:41.170-----------> Node: [192.168.1.236]:5701 [adempiere.idempiere14/localhost:5432] [5.3.7] No join method is enabled! Starting standalone. [28]
15:31:41.299-----------> DB.isBuildOK: Build Version Error 

The program assumes build version 14.0.0.qualifier, but database has build version ${env.ADEMPIERE_VERSION} 20080428-1232. 
This is likely to cause hard to fix errors. 
Please contact administrator. [28]
15:31:43.400-----------> EMail.setFrom: you @ company.org: javax.mail.internet.AddressException: Local address contains control or whitespace in string ``you @ company.org'' [28]
15:31:43.405-----------> EMail.addTo: you @ company.org: javax.mail.internet.AddressException: Local address contains control or whitespace in string ``you @ company.org'' [28]
15:31:43.405-----------> EMail.isValid: From is invalid=null [28]
15:31:43.406-----------> EMail.isValid: From is invalid=null [28]
15:31:43.411-----------> MClient.sendEMail: Could NOT Send Email: Server started: iDempiere (nextcollege-G751JT:192.168.1.236) to you @ company.org: Invalid Data (System) [28]
15:31:45.124           LoggedSessionListener.contextInitialized: iDempiere context initialized for 10.3.0.1 [28]
15:31:47.136-----------> Incremental2PackActivator.packIn: Installing com.egssmart.sire /META-INF/2Pack_1.0.5.zip ... [365]
15:31:47.584-----------> Incremental2PackActivator.packIn: com.egssmart.sire /META-INF/2Pack_1.0.5.zip installed [365]
15:33:46.899-----------> PackInApplicationActivator.getFilesToProcess: Processing migration [497]
15:38:22.511-----------> GridTable.saveWarning: FillMandatory - Organization
 [418]
15:41:44.257-----------> MRole.getProcessAccess: Role System Administrator has assigned access incompatible process Asset Parent Report [417]
15:41:44.258-----------> MRole.getProcessAccess: Role System Administrator has assigned access incompatible process Asset Group Defaults [417]
15:41:44.259-----------> MRole.getProcessAccess: Role System Administrator has assigned access incompatible process Depreciation Table [417]
15:41:44.259-----------> MRole.getProcessAccess: Role System Administrator has assigned access incompatible process Asset Convention Report [417]
15:41:44.260-----------> MRole.getProcessAccess: Role System Administrator has assigned access incompatible process Asset Depreciation Method [417]
15:42:19.018-----------> ADTabpanel.navigateTo: Tab does not have ID with Node_ID=1000001 [418]
15:42:19.074===========> UiEngineImpl.handleError: at [/index.zul] [418]
org.adempiere.exceptions.AdempiereException: Record is not in current search
	at org.adempiere.webui.adwindow.ADTabpanel.navigateTo(Unknown Source)
	at org.adempiere.webui.adwindow.ADTabpanel.onEvent(Unknown Source)
	at org.zkoss.zk.ui.AbstractComponent.onEvent(AbstractComponent.java:3171)
	at org.zkoss.zk.ui.AbstractComponent.service(AbstractComponent.java:3141)
	at org.zkoss.zk.ui.AbstractComponent.service(AbstractComponent.java:3083)
	at org.zkoss.zk.ui.impl.EventProcessor.process(EventProcessor.java:138)
	at org.zkoss.zk.ui.impl.UiEngineImpl.processEvent(UiEngineImpl.java:1902)
	at org.zkoss.zk.ui.impl.UiEngineImpl.process(UiEngineImpl.java:1674)
	at org.zkoss.zk.ui.impl.UiEngineImpl.execUpdate(UiEngineImpl.java:1332)
	at org.zkoss.zk.au.http.DHtmlUpdateServlet.process(DHtmlUpdateServlet.java:535)
	at org.zkoss.zk.au.http.DHtmlUpdateServlet.doGet(DHtmlUpdateServlet.java:408)
	at org.zkoss.zk.au.http.DHtmlUpdateServlet.doPost(DHtmlUpdateServlet.java:416)
	at javax.servlet.http.HttpServlet.service(HttpServlet.java:523)
	at javax.servlet.http.HttpServlet.service(HttpServlet.java:590)
	at org.eclipse.jetty.ee8.servlet.ServletHolder$NotAsync.service(ServletHolder.java:1157)
	at org.eclipse.jetty.ee8.servlet.ServletHolder.handle(ServletHolder.java:651)
	at org.eclipse.jetty.ee8.servlet.ServletHandler$ChainEnd.doFilter(ServletHandler.java:1374)
	at org.adempiere.webui.sso.filter.SSOWebUIFilter.doFilter(Unknown Source)
	at org.eclipse.jetty.ee8.servlet.FilterHolder.doFilter(FilterHolder.java:171)
	at org.eclipse.jetty.ee8.servlet.ServletHandler$Chain.doFilter(ServletHandler.java:1348)
	at org.adempiere.webui.session.SessionFingerprintFilter.doFilter(Unknown Source)

15:43:29.625-----------> MRole.getProcessAccess: Role System Administrator has assigned access incompatible process Asset Parent Report [386]
15:43:29.626-----------> MRole.getProcessAccess: Role System Administrator has assigned access incompatible process Asset Group Defaults [386]
15:43:29.627-----------> MRole.getProcessAccess: Role System Administrator has assigned access incompatible process Depreciation Table [386]
15:43:29.627-----------> MRole.getProcessAccess: Role System Administrator has assigned access incompatible process Asset Convention Report [386]
15:43:29.628-----------> MRole.getProcessAccess: Role System Administrator has assigned access incompatible process Asset Depreciation Method [386]

*** 2026-05-26 16:11:33.952 idempiere Log (CLogFile) ***
