*** 2026-06-02 19:50:28.424 idempiere Log (CLogFile) ***
19:50:28.422 Adempiere.startup: iDempiere(r) Release 14_2026-03-09 -Smart Suite ERP, CRM and SCM- (c) 1999-2026 iDempiere(r); Implementation: iDempiere - Supported by iDempiere community [27]
19:50:28.425 Ini.loadProperties: /home/nextcollege/BDeveloper/idempiere-dev-setup-14/idempiere/idempiere.properties #29 [27]
19:50:28.433-----------> Core.getKeyStore: Encryption with legacy key algorithm DES detected - it is recommended to migrate to a stronger algorithm [27]
19:50:29.066-----------> Activator.createHazelCastInstance: Starting hazelcast with configuration from file hazelcast.xml [27]
19:50:29.773-----------> CPSubsystem: [192.168.0.55]:5701 [adempiere.idempiere14/localhost:5432] [5.3.7] CP Subsystem is not enabled. CP data structures will operate in UNSAFE mode! Please note that UNSAFE mode will not provide strong consistency guarantees. [27]
19:50:30.153-----------> Node: [192.168.0.55]:5701 [adempiere.idempiere14/localhost:5432] [5.3.7] No join method is enabled! Starting standalone. [27]
19:50:30.656-----------> DB.isBuildOK: Build Version Error 

The program assumes build version 14.0.0.qualifier, but database has build version ${env.ADEMPIERE_VERSION} 20080428-1232. 
This is likely to cause hard to fix errors. 
Please contact administrator. [27]
19:50:32.733-----------> EMail.setFrom: you @ company.org: javax.mail.internet.AddressException: Local address contains control or whitespace in string ``you @ company.org'' [27]
19:50:32.737-----------> EMail.addTo: you @ company.org: javax.mail.internet.AddressException: Local address contains control or whitespace in string ``you @ company.org'' [27]
19:50:32.738-----------> EMail.isValid: From is invalid=null [27]
19:50:32.738-----------> EMail.isValid: From is invalid=null [27]
19:50:32.745-----------> MClient.sendEMail: Could NOT Send Email: Server started: iDempiere (nextcollege-G751JT:192.168.0.55) to you @ company.org: Invalid Data (System) [27]
19:50:34.142           LoggedSessionListener.contextInitialized: iDempiere context initialized for 10.3.0.1 [27]
19:50:34.354-----------> TimeZoneDataBaseVersionChecker.init: Time zone data version mismatch detected:
 - Client (moment.js) tzdb version: 2025b
 - Server (JDK) tzdb version: 2026a
Date and time values may be incorrect if time zone rules differ.
To resolve, update the moment-timezone data on the client and/or the JDK time zone data (TZUpdater or Java update) on the server so both use the same version. [27]
19:50:52.313-----------> EGSCreateRateUSDtoPEN.doIt: PASO 1: Obteniendo cookies... [505]
19:50:52.867-----------> EGSCreateRateUSDtoPEN.doIt: Cookies obtenidas: TS0105b0c6=019edc9eb806c76aaf5f52157609d8682111e6b992b8d1b218fe8db6e73e7f0cecb155f35cf0c2e47c802f482838da9518fc892eba2f1e3691da07217cedd624c74539277d; IAASISTENCIAGESTIONSESSION=RMSK9jjMvWexkCEFgTqkNnYFBfHAHhyoVb6i161nFFiVPrwfdDF4stc6g5VKyeDJgbd3nlf-0xZOy7U9H3mEjJo30b3CyyY0xHSIgZ3Oj0kMj3-Dw7RL90FtQSuhyR2cadfIv1eAfixmocsQcJO1uiyWLXUm0eHxNSnIKDPfXeKCkpuXQwV4SsMo5syF8rZ_DT3gg6SEoBIh-hH8lP9fduzzgXw7arxLZB9V0XujNWPyPu8GldLSMAvEzMY80tln!-1926820799!1093042530 [505]
19:50:54.868-----------> EGSCreateRateUSDtoPEN.queryExchangeRate: Consultando: 2026/6 - Payload: {"anhoConsulta":2026,"mesConsulta":6,"indMes":"1","mode":"month"} [505]
19:50:54.981-----------> EGSCreateRateUSDtoPEN.queryExchangeRate: Response Code: 400 [505]
19:50:54.982-----------> EGSCreateRateUSDtoPEN.doIt: No se encontró data para 6/2026, intentando mes anterior [505]
19:50:54.982-----------> EGSCreateRateUSDtoPEN.doIt: PASO 1: Obteniendo cookies... [505]
19:50:55.410-----------> EGSCreateRateUSDtoPEN.doIt: Cookies obtenidas: TS0105b0c6=019edc9eb89744790bb185e64bcbcf3ac2fda02416745f4587d91b65368f524feffbab3532b1b937e93d9c24f73ec0a786baaa07751d7afa0cf8981db7cf5868c053084173; IAASISTENCIAGESTIONSESSION=a-eK9kK7OoJAYGfeSTT8boBuVqicUeFaXFD_VmBtbc4mK4mJ_c-AHtp9E4uqc-lB--9RI5hXPubGuXmsNHeLfB0jXOcp0rwPsoRcAQRZm5o_77tuMzR5CFlyx98dBbYAwLKsZ8w6DvmRHY4UDVLkGabnRc29pYKbQ8Aq0lSldUZvRyjkgBF8Y6Vzk7eMEffnkz1z6rNXmYt8oD5Azgdv07t32-q9ue79oZj-aOgL9Ph9XMT6px9KFZx3juiCPLTn!-1926820799!1093042530 [505]
19:50:57.411-----------> EGSCreateRateUSDtoPEN.queryExchangeRate: Consultando: 2026/5 - Payload: {"anhoConsulta":2026,"mesConsulta":5,"indMes":"1","mode":"month"} [505]
19:50:57.524-----------> EGSCreateRateUSDtoPEN.queryExchangeRate: Response Code: 400 [505]
19:50:57.525-----------> EGSCreateRateUSDtoPEN.doIt: No se encontró data para 5/2026, intentando mes anterior [505]
19:50:57.525-----------> EGSCreateRateUSDtoPEN.doIt: PASO 1: Obteniendo cookies... [505]
19:50:58.004-----------> EGSCreateRateUSDtoPEN.doIt: Cookies obtenidas: TS0105b0c6=019edc9eb85096b0e3a3cd645b8e0605e92f97f0af1ee65de93873f48ce17e3333ff7ab60c2e0e7e6552f93970c82290c4a5c653d8f41af4238594b952424ad1c4ee252db1; IAASISTENCIAGESTIONSESSION=5-SK9kzghh83WXmCDiCObR2Cg8jCttSem97RH-0d6olE-c1fqW7JXvpXsTos8lxpDjcirYb4p4wePNpbeZyY-_wML2Dxtz_VpiZT_vV0WFemsc3i4nlnOorH1GCAPTEPGJMTKs9G74MbqMUU6hV_G0uq2a26eony38CIAos7eg9IyAA2iPwFm4Rl0kohEVPiBfIVGeufabySHgcPVXeDslXbwkduE0jvdHQw0PSSXpfKx3k6Cbs62ptzzcy7o0hR!-1926820799!1093042530 [505]
19:51:00.005-----------> EGSCreateRateUSDtoPEN.queryExchangeRate: Consultando: 2026/4 - Payload: {"anhoConsulta":2026,"mesConsulta":4,"indMes":"1","mode":"month"} [505]
19:51:00.117-----------> EGSCreateRateUSDtoPEN.queryExchangeRate: Response Code: 400 [505]
19:51:00.118-----------> EGSCreateRateUSDtoPEN.doIt: No se encontró data para 4/2026, intentando mes anterior [505]
19:51:00.118-----------> EGSCreateRateUSDtoPEN.doIt: PASO 1: Obteniendo cookies... [505]
19:51:00.547-----------> EGSCreateRateUSDtoPEN.doIt: Cookies obtenidas: TS0105b0c6=019edc9eb8cf2d67b1aada4adc34b43a9ba46ef075ae335b65cc0ba25e0425fc66ecb3b0463d422d5139f4cd9edf86e6f6f8b4851fd6ca1f5bb760801197ebf57f584ce606; IAASISTENCIAGESTIONSESSION=xl6K9lbJVnH6N_q5mp8OQ3bX1-6i_zxJZBfYSTsWWOvTLWuXjJLXpGf-E6WTZRXYSy64rkUcdjPXsnQBD_9fdhTDpmjkw0usSK07C6n2JUN2uhuCD7-0fehHsFrqCflFbrUZFmeFrCltXYX0sQt_gkJNG8DzhjWvzxzW68ocg43XLDwvuJCa0LIvivrXqbcYWemhhI2LGSf29rT5GRoJ6ujC3DCwYGSgIo_xEM6LGZlksHzLIR0Gbc0VL9M8YdNk!-1926820799!1093042530 [505]
19:51:02.549-----------> EGSCreateRateUSDtoPEN.queryExchangeRate: Consultando: 2026/3 - Payload: {"anhoConsulta":2026,"mesConsulta":3,"indMes":"1","mode":"month"} [505]
19:51:02.662-----------> EGSCreateRateUSDtoPEN.queryExchangeRate: Response Code: 400 [505]
19:51:02.663-----------> EGSCreateRateUSDtoPEN.doIt: No se encontró data para 3/2026, intentando mes anterior [505]
19:51:02.663-----------> EGSCreateRateUSDtoPEN.doIt: PASO 1: Obteniendo cookies... [505]
19:51:03.091-----------> EGSCreateRateUSDtoPEN.doIt: Cookies obtenidas: TS0105b0c6=019edc9eb8d4e31b94748c1c72bd1013bffe79a6a4a7370f9a84a58cdd52e47c6d9433f4068ec7889e720019cae2724166d5f99c7ccedcb34ba51334476f2984f853a59832; IAASISTENCIAGESTIONSESSION=2iuK9mC-W7KtVis2hWXalOVepWDI2GXhwv68l1PzjBtrRGqoUfVjuBAe58_0iTLD9miKYcuRcH9ox_pE0I59COUB6ugn2psiKkUEARgpDZyaNGyp4MLKmK89Y4DTfnRWpgpZMVC9toRLn-SA3UgF_9Qe1aJXRSMeNYOelTO6nDMmRmZ2kuefOksUN0IbFV2HuztPoPjjjVZrE9h_slzRTDYjMhdfjXQMHgkkuRkWkCYDwp5IbqvgzcVRsWhxVhFL!-1926820799!1093042530 [505]
19:51:05.091-----------> EGSCreateRateUSDtoPEN.queryExchangeRate: Consultando: 2026/2 - Payload: {"anhoConsulta":2026,"mesConsulta":2,"indMes":"1","mode":"month"} [505]
19:51:05.201-----------> EGSCreateRateUSDtoPEN.queryExchangeRate: Response Code: 400 [505]
19:51:05.202-----------> EGSCreateRateUSDtoPEN.doIt: No se encontró data para 2/2026, intentando mes anterior [505]
19:51:05.202-----------> EGSCreateRateUSDtoPEN.doIt: PASO 1: Obteniendo cookies... [505]
19:51:05.939-----------> EGSCreateRateUSDtoPEN.doIt: Cookies obtenidas: TS0105b0c6=019edc9eb894bb4f103bb21592e512301fcf09116f3f0fe7c479429471401d5bf2b2649985671acb0a8fe0a48c11cb26076a6f787d69248d25aba97f80570c831a691749ae; IAASISTENCIAGESTIONSESSION=A1WK9mvcwOcucTrN_Sva_RRuz5Mv6zuTXGTtzn3arthBZlH-epZgCzbkJac3iohwaWlt9Sj_Z3StaoeqhSPmyLIKhSBJTa0BNm2eouEcv0inrHrFvLAQsqUlyu6tzDY0FShh99sBj_6Xwo4xh9wvNRoMXQSrOovNLRtmi_Egr-txGxaR0d90YGELS7ox3Vofwh5MclTbwmXbdSb3yvXGLV1Mmih5AMTGTf0mZjIo4_CKEknG74MwT0juK3U2UqaP!-1926820799!1093042530 [505]
19:51:07.939-----------> EGSCreateRateUSDtoPEN.queryExchangeRate: Consultando: 2026/1 - Payload: {"anhoConsulta":2026,"mesConsulta":1,"indMes":"1","mode":"month"} [505]
19:51:08.054-----------> EGSCreateRateUSDtoPEN.queryExchangeRate: Response Code: 400 [505]
19:51:08.055-----------> EGSCreateRateUSDtoPEN.doIt: PASO 1: Obteniendo cookies... [505]
19:51:08.484-----------> EGSCreateRateUSDtoPEN.doIt: Cookies obtenidas: TS0105b0c6=019edc9eb88f174bdae92d79cf223332e08ff3b1323594de230ff4044e6b3344cc4358803e4bb4ddb91ecc12b721ecf0eb186a9d942ef4778ef8361623cae7037a3b1a3324; IAASISTENCIAGESTIONSESSION=HiKK9nXTtDlZbKp0wuwiyFzirqzr75YGvvWjSZ-ZVwqk1Y1fRU5SDIj_jE2Y0PV8SN0IOFvjJhjr2iD0QtamYycZVf7WRhyI8XFQFVSEn0qgjHnMEyVOUge6MOAasmS-bG48rHyAs_9rlMZD-67hZe-D81zZK0UpRSimjaN_tBkKIQxreN6pPo_O2pFP5uykEQgR9PowTunYa6YmuroZ8uekxfd0GRX8sbI762j_vJFbinTYIjqG_KUbYiXIsEZa!-1926820799!1093042530 [505]
19:51:10.485-----------> EGSCreateRateUSDtoPEN.queryExchangeRate: Consultando: 2025/12 - Payload: {"anhoConsulta":2025,"mesConsulta":12,"indMes":"1","mode":"month"} [505]
19:51:10.597-----------> EGSCreateRateUSDtoPEN.queryExchangeRate: Response Code: 400 [505]
19:51:10.597-----------> EGSCreateRateUSDtoPEN.doIt: No se encontró data para 12/2025, intentando mes anterior [505]
19:51:10.598-----------> EGSCreateRateUSDtoPEN.doIt: PASO 1: Obteniendo cookies... [505]
19:51:11.028-----------> EGSCreateRateUSDtoPEN.doIt: Cookies obtenidas: TS0105b0c6=019edc9eb8296edf11e2c1a1066eea4e85e60793d9a5fa51c50a1fcacf1298ed6ee9ae031d7796f71ea98a3b703e868206b50494ff293bbfd9cdda34793287c1330724efc5; IAASISTENCIAGESTIONSESSION=sXGK9n--RsWtJfC6iyRP9a1bObzqnRw5XjDkeGX9QpBvIcqVH3ywu50KS5Uk-inofvLu-4xNSVWWSbkJf0CFvEVRgVVZrW2MN-Ci_kYtg6Q-D0HIwZa8017McC5W1Fn9emMuPK1i0g2GrUvffqr6LdULoGOKjvRuvWRowosBdlRa1xp2M1M2ZYAXEWKY9ZLrzGdyBbSNj70SpYKqvrNt-kAeIrQqHPiSarc-xI2W97VKKzhVzOmjFao_AvQtYhaA!-1926820799!1093042530 [505]
19:51:13.029-----------> EGSCreateRateUSDtoPEN.queryExchangeRate: Consultando: 2025/11 - Payload: {"anhoConsulta":2025,"mesConsulta":11,"indMes":"1","mode":"month"} [505]
19:51:13.270-----------> EGSCreateRateUSDtoPEN.queryExchangeRate: Response Code: 400 [505]
19:51:13.271-----------> EGSCreateRateUSDtoPEN.doIt: No se encontró data para 11/2025, intentando mes anterior [505]
19:51:13.271-----------> EGSCreateRateUSDtoPEN.doIt: PASO 1: Obteniendo cookies... [505]
19:51:13.704-----------> EGSCreateRateUSDtoPEN.doIt: Cookies obtenidas: TS0105b0c6=019edc9eb884d6f30c9bf5fcf6980e5e466c6d4247bc1cd48fd472783843bb500c9d1f9b47d3cee933270d104140b1e3a922a6d0f7ae1e7aa19c7c828eaacc5096f40c8771; IAASISTENCIAGESTIONSESSION=Kw2K9ooxmcB9FOXcu7Z29136eblABalMxlbdXo4ppymS5KhHSlmIBZZoaRxSFnOx56UaXp-Vh6H2JFLHlaPCLpjJJ1apef1XbJ0E7Kc55TM3aF2TKsNOexg9_maaXLh1J0_XYxSszLhn6N72Arh5xNz3TYUXPjCJRk70qoxFUd20anu0rrjRmdrb9628WUrq63ChzE1AMEcVhvmtCc7cOiics3Ep0sZThtKDiKRdVe83FiYD-J85SPTsvAiSbt-2!-1926820799!1093042530 [505]
19:51:15.704-----------> EGSCreateRateUSDtoPEN.queryExchangeRate: Consultando: 2025/10 - Payload: {"anhoConsulta":2025,"mesConsulta":10,"indMes":"1","mode":"month"} [505]
19:51:15.815-----------> EGSCreateRateUSDtoPEN.queryExchangeRate: Response Code: 400 [505]
19:51:15.815-----------> EGSCreateRateUSDtoPEN.doIt: No se encontró data para 10/2025, intentando mes anterior [505]
19:51:15.816-----------> EGSCreateRateUSDtoPEN.doIt: PASO 1: Obteniendo cookies... [505]
19:51:16.240-----------> EGSCreateRateUSDtoPEN.doIt: Cookies obtenidas: TS0105b0c6=019edc9eb8b0ef7eb33c24cd9fd1327f68718232bafaea0201a445220531366e1407181cc0186b020255b3814bacb77bc390f61ad8a0c7b93a10756c2d2537ec7a5ae81cf1; IAASISTENCIAGESTIONSESSION=r3OK9pQfWoCHyN1Gje_hYOhlOH13oVb0bLXeCv_Y6INt9bKUWwcYx7CGvx_sBWmm8whnDqt-Sdm4x4WC-zu7ndDxuo-xfnpov8vEzse67bW30c_ND1bU5GwZIvcjES6BstysOV0JBJ_r2Af_oJkrz9fSkovlryS4wKTCEBNTxBIAv49vdE4FHTR-HPSU5dlz_PWiQEvUJVwsHUeH2UYGPIVlLiX5756tKDlT_H5hUCNkj7-5Zbh0RBJRCdQCiuRV!-1926820799!1093042530 [505]
19:51:18.241-----------> EGSCreateRateUSDtoPEN.queryExchangeRate: Consultando: 2025/9 - Payload: {"anhoConsulta":2025,"mesConsulta":9,"indMes":"1","mode":"month"} [505]
19:51:18.349-----------> EGSCreateRateUSDtoPEN.queryExchangeRate: Response Code: 400 [505]
19:51:18.350-----------> EGSCreateRateUSDtoPEN.doIt: No se encontró data para 9/2025, intentando mes anterior [505]
19:51:18.350-----------> EGSCreateRateUSDtoPEN.doIt: PASO 1: Obteniendo cookies... [505]
19:51:18.788-----------> EGSCreateRateUSDtoPEN.doIt: Cookies obtenidas: TS0105b0c6=019edc9eb8050961f0b3b30b9c49b2c478ba1ad929200ddcd93b368cdd54c7fa850cfa6d978480a265f2dcd2b05ff8856d69e4642bb8a68bba99d8bcb28dc8a1522c3a3321; IAASISTENCIAGESTIONSESSION=Y6SK9p4JD0iOXqMUP_v8izqSlkwz4FjP2qLqBP-TyQFhoaDp_iowQXki0B9kgPW9xK-6OamVZLweXl-pZ-H3Edi9maGZLk_Vo7rZc6l6RTw-9exszU2Q6tZ9uiVJ7DewhKXvHRqWfZlyCUxcnYTrn5ggqhboK5V4qRvkyKEhzTqhavIYzYMrCvteTBpsfdxOB60VKz2jtoYpTr0SWGLjGxH2nx4g63APZkDEhtmJ5UW8_MpBkD0p9nPPFw-FYlTQ!-1926820799!1093042530 [505]
19:51:20.789-----------> EGSCreateRateUSDtoPEN.queryExchangeRate: Consultando: 2025/8 - Payload: {"anhoConsulta":2025,"mesConsulta":8,"indMes":"1","mode":"month"} [505]
19:51:20.908-----------> EGSCreateRateUSDtoPEN.queryExchangeRate: Response Code: 400 [505]
19:51:20.909-----------> EGSCreateRateUSDtoPEN.doIt: No se encontró data para 8/2025, intentando mes anterior [505]
19:51:20.909-----------> EGSCreateRateUSDtoPEN.doIt: PASO 1: Obteniendo cookies... [505]
19:51:21.353-----------> EGSCreateRateUSDtoPEN.doIt: Cookies obtenidas: TS0105b0c6=019edc9eb86a5823a35df60f21171041c5e7812053ffae217e7da58c007fca485ecb9835157b4d72b66878f8e90f914978c23b33008a64ecf9c51aba87b10ac602819ef852; IAASISTENCIAGESTIONSESSION=uGCK9qgSf40D8vuhd5abdu_qDqtFA1lLVYjA4O_gr5kzykX2WUXWeBKPY7Yma6TkXjVUX_pLbVR4FAxd9O6D1TjhAW5ZlEWsVN_h5cMPPVDyHCBW8RPf0TXMwt7LjMtHs0v6xtEmYw5cNuRagiz03z5WIwsDzL2eAN5RD5FKM_aikpCmAXvlAFiPvpisUxyrNRmekr9GPT0msgOJEfuf8t-ePGS352Eo5x-ss3hKZLPq7y8hmtPoxpT4BEvr_Ppe!-1926820799!1093042530 [505]
19:51:23.355-----------> EGSCreateRateUSDtoPEN.queryExchangeRate: Consultando: 2025/7 - Payload: {"anhoConsulta":2025,"mesConsulta":7,"indMes":"1","mode":"month"} [505]
19:51:23.468-----------> EGSCreateRateUSDtoPEN.queryExchangeRate: Response Code: 400 [505]
19:51:23.469-----------> EGSCreateRateUSDtoPEN.doIt: No se encontró data para 7/2025, intentando mes anterior [505]
19:51:23.469-----------> EGSCreateRateUSDtoPEN.doIt: PASO 1: Obteniendo cookies... [505]
19:51:23.567-----------> EGSCreateRateUSDtoPEN.doIt: Cookies obtenidas: TS0105b0c6=014dc399cb39b079785dcc1ad85334f43ad7d7d81795410c9a43a13a2ae0393bc83b51b2e4e34b007b04bcfd105d9207bb01dd75757d4bceaf611348298616d1b678031e30; IAASISTENCIAGESTIONSESSION=xXWK9rEYRe01Bxg-4He1AlI4e98yv5omB0qTdUEoizFt0Lsw3ZcJCWR1EMB_YCgWM-m6TqfIrgop5DH64Xdg__qAfKNt6slUtBXTPdgNuZtnP_Evwll5IrJOJXTDcmpZalCCNUy04IXbdXmp_CDVxixQKHD08TbSsjuVOKjz5n82FW_8CyE0WYTdBLmxrq1fctA0_df-30CzLcRB-R-MigZCkm_zOBg3adblHeJYNzNrCe5StG4bvygdrJ0NlmlR!1298053303!-445114015 [505]
19:51:25.568-----------> EGSCreateRateUSDtoPEN.queryExchangeRate: Consultando: 2025/6 - Payload: {"anhoConsulta":2025,"mesConsulta":6,"indMes":"1","mode":"month"} [505]
19:51:25.589-----------> EGSCreateRateUSDtoPEN.queryExchangeRate: Response Code: 400 [505]
19:51:25.590-----------> EGSCreateRateUSDtoPEN.doIt: No se encontró data para 6/2025, intentando mes anterior [505]
19:51:25.591-----------> EGSCreateRateUSDtoPEN.doIt: PASO 1: Obteniendo cookies... [505]
19:51:25.663-----------> EGSCreateRateUSDtoPEN.doIt: Cookies obtenidas: IAASISTENCIAGESTIONSESSION=5FKK9rlDzn8yAuv6JJJ2qFvQTuu8o9kVpn4cSUaadR2KvkcZqaj9vQblFO_yDrxmYBz7zhxXrQ7HfAIaSCGj6ZRal41fTGSD-td2PZp7-uDtgJDs1_rUW0i6NsW-VaEASHLlm_ZjmGClH_lS2H1ZyZpm9Z7kdMDUdHoamr8HLdeoG2a6NU6JDpRjUEcdSvU9gWT0pkCiwx1p0hrGA7IQ-vuR3svT872trjyEem-tdW-5IaRRppevCPMTjUfa3HYZ!1298053303!-445114015 [505]
19:51:27.663-----------> EGSCreateRateUSDtoPEN.queryExchangeRate: Consultando: 2025/5 - Payload: {"anhoConsulta":2025,"mesConsulta":5,"indMes":"1","mode":"month"} [505]
19:51:27.685-----------> EGSCreateRateUSDtoPEN.queryExchangeRate: Response Code: 400 [505]
19:51:27.686-----------> EGSCreateRateUSDtoPEN.doIt: No se encontró data para 5/2025, intentando mes anterior [505]
19:51:27.686-----------> EGSCreateRateUSDtoPEN.doIt: PASO 1: Obteniendo cookies... [505]
19:51:27.761-----------> EGSCreateRateUSDtoPEN.doIt: Cookies obtenidas: TS0105b0c6=014dc399cb4900beb9dd0a95c1082d17ab95afd66671e306dbed4391ae89f435d13b4802c79026020c903c30ad5b0945a95c8ab86bd78794a01583dff45fc36ecc253a96b4; IAASISTENCIAGESTIONSESSION=QLyK9sFzmKf3BM26yeu6Fd1G8oaEJSiTbUNnYtzlR2_VVrTFfSqHaWGmUDgjziT6Qyfa6yD-C0sN8ZVnYNKxtL2dYK4jvjTpIh56GfyCb3egbOb4X_Y4OaZCKgWrd1oYS6VRC0Kd_sKkQxRDx0h_Ytf9GOKFQ_S1IY2qXLr3TnY8XcDu2qcAZKshFVBHxquUBRwJdAvKklSsiHbHSuKUXj9wr9Sayjs4_Y-MdogX6gzCI9tTrxwdxkgd9b6tRgjg!1298053303!-445114015 [505]
19:51:29.762-----------> EGSCreateRateUSDtoPEN.queryExchangeRate: Consultando: 2025/4 - Payload: {"anhoConsulta":2025,"mesConsulta":4,"indMes":"1","mode":"month"} [505]
19:51:29.784-----------> EGSCreateRateUSDtoPEN.queryExchangeRate: Response Code: 400 [505]
19:51:29.784-----------> EGSCreateRateUSDtoPEN.doIt: No se encontró data para 4/2025, intentando mes anterior [505]
19:51:29.785-----------> EGSCreateRateUSDtoPEN.doIt: PASO 1: Obteniendo cookies... [505]
19:51:29.855-----------> EGSCreateRateUSDtoPEN.doIt: Cookies obtenidas: IAASISTENCIAGESTIONSESSION=FzKK9smifXHJbuKbV-izpVKLTLexlN7l3Y_7bXi5dp-7-T4lgkqrUWvs-pot-gPfjreD-ZMLTMVjho_1ZikX2HAU4zDAbCZ47h2abwOidLMpl1sjNXgngSH_49g7Nnotgfhmww-D8YNBaIh5MgnIFjJQq_yeYcnpbOCzR2rSq-BiKc7474qbSZRSQVrcUcPU2-N3WEFqANQBQCJhoCxt6fDCj1G3Anb56VR94JHoraibUWKN0k7J0FrNy2QZ_DCl!1298053303!-445114015 [505]
19:51:31.855-----------> EGSCreateRateUSDtoPEN.queryExchangeRate: Consultando: 2025/3 - Payload: {"anhoConsulta":2025,"mesConsulta":3,"indMes":"1","mode":"month"} [505]
19:51:31.875-----------> EGSCreateRateUSDtoPEN.queryExchangeRate: Response Code: 400 [505]
19:51:31.875-----------> EGSCreateRateUSDtoPEN.doIt: No se encontró data para 3/2025, intentando mes anterior [505]
19:51:31.876-----------> EGSCreateRateUSDtoPEN.doIt: PASO 1: Obteniendo cookies... [505]
19:51:31.948-----------> EGSCreateRateUSDtoPEN.doIt: Cookies obtenidas: IAASISTENCIAGESTIONSESSION=_oyK9tHRsR5mgFmdRwan_zkPaYIGlbFYRR41G-TtAS_a-9_Cu_LmCsviUUt7MnhPRC3bvDDkHmALbAfugqfxnbBctvDkU5fo_OR1Ea69WBeJUd9dk1U2HEt49tt9qHUDKqFAwDLS8l5IrRYtgC567AphOrT2iBxqTqzVmdTBP8__3gldbPzvrnQwi7zVyM7G2G-TxNeMuV6Hqcpsrr4t0_DZARiyJ3Pjp2ZOnmQpN38PQpPD1GwsdlWTCTtlIQ3p!1298053303!-445114015 [505]
19:51:33.949-----------> EGSCreateRateUSDtoPEN.queryExchangeRate: Consultando: 2025/2 - Payload: {"anhoConsulta":2025,"mesConsulta":2,"indMes":"1","mode":"month"} [505]
19:51:33.971-----------> EGSCreateRateUSDtoPEN.queryExchangeRate: Response Code: 400 [505]
19:51:33.971-----------> EGSCreateRateUSDtoPEN.doIt: No se encontró data para 2/2025, intentando mes anterior [505]
19:51:33.972-----------> EGSCreateRateUSDtoPEN.doIt: PASO 1: Obteniendo cookies... [505]
19:51:34.048-----------> EGSCreateRateUSDtoPEN.doIt: Cookies obtenidas: TS0105b0c6=014dc399cbd6554df26310c9c524b1d01f3af93507290710b187fa26667f9c628eb82bb5f33da70e36997d892c5b50047f6926c2563003487cc7895191317e1b470e0c3584; IAASISTENCIAGESTIONSESSION=JYiK9toDyFWx1kjd0g3KSyc8TdR4EjJb3-ZNoWp2RBMiyljnkBsGSdDDSSrr9zUBIFKUJUedU7qImTAj-dCYCSctU3J8kFPRip5LBFAsR1-9H4ynSKyvkCEmH9bdpP9K4XKKU3wIteiodvXgDfeHvtsLNeAdyX0BzKjt_a15Z7LNYFwCTDoQ82iE5ztDAff_kgKdcbQI4pzuEeseatV3A4VgWcDhq0g-W_HnkrnAQzXOCTu6r5Thb75jjXNfTf_M!1298053303!-445114015 [505]
19:51:36.048-----------> EGSCreateRateUSDtoPEN.queryExchangeRate: Consultando: 2025/1 - Payload: {"anhoConsulta":2025,"mesConsulta":1,"indMes":"1","mode":"month"} [505]
19:51:36.072-----------> EGSCreateRateUSDtoPEN.queryExchangeRate: Response Code: 400 [505]
19:51:36.073-----------> EGSCreateRateUSDtoPEN.doIt: PASO 1: Obteniendo cookies... [505]
19:51:36.151-----------> EGSCreateRateUSDtoPEN.doIt: Cookies obtenidas: IAASISTENCIAGESTIONSESSION=7quK9uI5Y8vPffef0zGjSmIMN0ifNAAZ3omfYK1K-vnX12dyOLMuH89nafisdxHlCKMF0fYkMaLPOlBvvc1PPHhwkqitxKmf1bOxMTphHj8pFcXiYKN4j3vRlJe3L8FKDQpAEkJjGn2kUWwjGAHkqFt-VYyRaOOrKJEZTAl6-ZJ4PF5FXiscUN-q3t7jGgc918D5prAvU0sYbHvd7IRLDx0q_X5IS3BW7k2NUnQvUmAiXYayQjZS7cWeku7DK9Dl!1298053303!-445114015 [505]
19:51:38.152-----------> EGSCreateRateUSDtoPEN.queryExchangeRate: Consultando: 2024/12 - Payload: {"anhoConsulta":2024,"mesConsulta":12,"indMes":"1","mode":"month"} [505]
19:51:38.172-----------> EGSCreateRateUSDtoPEN.queryExchangeRate: Response Code: 400 [505]
19:51:38.173-----------> EGSCreateRateUSDtoPEN.doIt: No se encontró data para 12/2024, intentando mes anterior [505]
19:51:38.173-----------> EGSCreateRateUSDtoPEN.doIt: PASO 1: Obteniendo cookies... [505]
19:51:38.248-----------> EGSCreateRateUSDtoPEN.doIt: Cookies obtenidas: TS0105b0c6=014dc399cbc616c41a84a1f2aae02518b41de5286518274c7ea4f3fdf5359ac49a2ef3ddd9a28cbf0f8e6222ca9531f5e0094612c590e4b192e0efdd1b772581020193d5c6; IAASISTENCIAGESTIONSESSION=l1uK9uppUm2sw147_9nD5-eFTBvewScZW8W0JCQ0eEpqeMgWpRyYnMkQ50g4J2KrfFkgX9pHz5J80WQ2shzDQx-KvuLX8VaIdg5dlffal9OaEA6SMzAyavtuiE_itZESqHKXB6_tdWuXK1tcKkc0MsMm2KQQXQ-TpAYZAU1WXJj7ameMoTy0FYkuFoALLmU3792J9K1tBR23SEim2ooOzoAjjnI-xnkpIXMjZDa_J5ICbp4pPC7kc3qM8AxmaOT-!1298053303!-445114015 [505]

*** 2026-06-02 19:51:38.71 idempiere Log (CLogFile) ***
