*** 2026-05-24 04:05:12.318 idempiere Log (CLogFile) ***
04:05:12.317 Adempiere.startup: iDempiere(r) Release 14_2026-03-09 -Smart Suite ERP, CRM and SCM- (c) 1999-2026 iDempiere(r); Implementation: iDempiere - Supported by iDempiere community [28]
04:05:12.321 Ini.loadProperties: /home/nextcollege/BDeveloper/idempiere-dev-setup-14/idempiere/idempiere.properties #29 [28]
04:05:12.329-----------> Core.getKeyStore: Encryption with legacy key algorithm DES detected - it is recommended to migrate to a stronger algorithm [28]
04:05:13.388-----------> Activator.createHazelCastInstance: Starting hazelcast with configuration from file hazelcast.xml [28]
04:05:14.184-----------> CPSubsystem: [192.168.1.236]:5701 [adempiere.idempiere14/localhost:5432] [5.3.7] CP Subsystem is not enabled. CP data structures will operate in UNSAFE mode! Please note that UNSAFE mode will not provide strong consistency guarantees. [28]
04:05:14.521-----------> Node: [192.168.1.236]:5701 [adempiere.idempiere14/localhost:5432] [5.3.7] No join method is enabled! Starting standalone. [28]
04:05:14.653-----------> DB.isBuildOK: Build Version Error 

The program assumes build version 14.0.0.qualifier, but database has build version ${env.ADEMPIERE_VERSION} 20080428-1232. 
This is likely to cause hard to fix errors. 
Please contact administrator. [28]
04:05:16.657-----------> EMail.setFrom: you @ company.org: javax.mail.internet.AddressException: Local address contains control or whitespace in string ``you @ company.org'' [28]
04:05:16.662-----------> EMail.addTo: you @ company.org: javax.mail.internet.AddressException: Local address contains control or whitespace in string ``you @ company.org'' [28]
04:05:16.662-----------> EMail.isValid: From is invalid=null [28]
04:05:16.663-----------> EMail.isValid: From is invalid=null [28]
04:05:16.668-----------> MClient.sendEMail: Could NOT Send Email: Server started: iDempiere (nextcollege-G751JT:192.168.1.236) to you @ company.org: Invalid Data (System) [28]
04:05:18.476           LoggedSessionListener.contextInitialized: iDempiere context initialized for 10.3.0.1 [28]
04:07:19.909-----------> PackInApplicationActivator.getFilesToProcess: Processing migration [471]
04:08:59.725-----------> GridTable.saveWarning: FillMandatory - Unique ID
 [393]
04:11:42.344-----------> MRole.getProcessAccess: Role System Administrator has assigned access incompatible process Asset Parent Report [394]
04:11:42.345-----------> MRole.getProcessAccess: Role System Administrator has assigned access incompatible process Asset Group Defaults [394]
04:11:42.345-----------> MRole.getProcessAccess: Role System Administrator has assigned access incompatible process Depreciation Table [394]
04:11:42.346-----------> MRole.getProcessAccess: Role System Administrator has assigned access incompatible process Asset Convention Report [394]
04:11:42.347-----------> MRole.getProcessAccess: Role System Administrator has assigned access incompatible process Asset Depreciation Method [394]
04:12:21.747-----------> GridTable.saveWarning: FillMandatory - Columna
 [511]
04:12:24.231-----------> GridTable.saveWarning: FillMandatory - Columna
 [345]
04:12:44.801-----------> GridTable.saveWarning: FillMandatory - Columna
 [394]
04:12:48.259-----------> GridTable.saveWarning: FillMandatory - Columna
 [345]
04:12:54.254-----------> GridTable.saveWarning: FillMandatory - Columna
 [511]
04:12:55.104-----------> GridTable.saveWarning: FillMandatory - Columna
 [393]
04:13:05.213-----------> GridTable.saveWarning: FillMandatory - Columna
 [511]
04:13:33.668-----------> GridTable.saveWarning: FillMandatory - Columna
 [393]
04:13:37.014-----------> GridTable.saveWarning: FillMandatory - Columna
 [346]
04:14:04.087-----------> GridTable.saveWarning: FillMandatory - Columna
 [513]
04:14:06.052-----------> GridTable.saveWarning: FillMandatory - Columna
 [393]
04:14:56.982-----------> GridTable.saveWarning: FillMandatory - Columna
 [513]
04:15:24.093-----------> GridTable.saveWarning: FillMandatory - Columna
 [513]
04:15:34.340-----------> GridTable.saveWarning: FillMandatory - Columna
 [346]
04:15:37.115-----------> GridTable.saveWarning: FillMandatory - Columna
 [346]
04:17:04.416-----------> GridTable.saveWarning: FillMandatory - Columna
 [345]
04:17:41.236-----------> MRole.getProcessAccess: Role System Administrator has assigned access incompatible process Asset Parent Report [393]
04:17:41.237-----------> MRole.getProcessAccess: Role System Administrator has assigned access incompatible process Asset Group Defaults [393]
04:17:41.237-----------> MRole.getProcessAccess: Role System Administrator has assigned access incompatible process Depreciation Table [393]
04:17:41.237-----------> MRole.getProcessAccess: Role System Administrator has assigned access incompatible process Asset Convention Report [393]
04:17:41.237-----------> MRole.getProcessAccess: Role System Administrator has assigned access incompatible process Asset Depreciation Method [393]
04:19:29.336-----------> MRole.getProcessAccess: Role System Administrator has assigned access incompatible process Asset Parent Report [394]
04:19:29.336-----------> MRole.getProcessAccess: Role System Administrator has assigned access incompatible process Asset Group Defaults [394]
04:19:29.337-----------> MRole.getProcessAccess: Role System Administrator has assigned access incompatible process Depreciation Table [394]
04:19:29.337-----------> MRole.getProcessAccess: Role System Administrator has assigned access incompatible process Asset Convention Report [394]
04:19:29.337-----------> MRole.getProcessAccess: Role System Administrator has assigned access incompatible process Asset Depreciation Method [394]
04:19:42.070-----------> GridTable.saveWarning: FillMandatory - Columna
 [695]
04:19:46.317-----------> GridTable.saveWarning: FillMandatory - Columna
 [394]
12:26:32.489-----------> Msg.getMsg: NOT found: NeedsQuery [1780]
13:00:30.562-----------> MRole.getProcessAccess: Role System Administrator has assigned access incompatible process Asset Parent Report [1820]
13:00:30.563-----------> MRole.getProcessAccess: Role System Administrator has assigned access incompatible process Asset Group Defaults [1820]
13:00:30.563-----------> MRole.getProcessAccess: Role System Administrator has assigned access incompatible process Depreciation Table [1820]
13:00:30.563-----------> MRole.getProcessAccess: Role System Administrator has assigned access incompatible process Asset Convention Report [1820]
13:00:30.563-----------> MRole.getProcessAccess: Role System Administrator has assigned access incompatible process Asset Depreciation Method [1820]

*** 2026-05-24 13:05:48.212 idempiere Log (CLogFile) ***
