*** 2026-06-02 15:50:28.489 idempiere Log (CLogFile) ***
15:50:28.487 Adempiere.startup: iDempiere(r) Release 14_2026-03-09 -Smart Suite ERP, CRM and SCM- (c) 1999-2026 iDempiere(r); Implementation: iDempiere - Supported by iDempiere community [27]
15:50:28.490 Ini.loadProperties: /home/nextcollege/BDeveloper/idempiere-dev-setup-14/idempiere/idempiere.properties #29 [27]
15:50:28.505-----------> Core.getKeyStore: Encryption with legacy key algorithm DES detected - it is recommended to migrate to a stronger algorithm [27]
15:50:29.123-----------> Activator.createHazelCastInstance: Starting hazelcast with configuration from file hazelcast.xml [27]
15:50:29.634-----------> CPSubsystem: [192.168.0.55]:5701 [adempiere.idempiere14/localhost:5432] [5.3.7] CP Subsystem is not enabled. CP data structures will operate in UNSAFE mode! Please note that UNSAFE mode will not provide strong consistency guarantees. [27]
15:50:29.971-----------> Node: [192.168.0.55]:5701 [adempiere.idempiere14/localhost:5432] [5.3.7] No join method is enabled! Starting standalone. [27]
15:50:30.446-----------> DB.isBuildOK: Build Version Error 

The program assumes build version 14.0.0.qualifier, but database has build version ${env.ADEMPIERE_VERSION} 20080428-1232. 
This is likely to cause hard to fix errors. 
Please contact administrator. [27]
15:50:32.196-----------> EMail.setFrom: you @ company.org: javax.mail.internet.AddressException: Local address contains control or whitespace in string ``you @ company.org'' [27]
15:50:32.201-----------> EMail.addTo: you @ company.org: javax.mail.internet.AddressException: Local address contains control or whitespace in string ``you @ company.org'' [27]
15:50:32.202-----------> EMail.isValid: From is invalid=null [27]
15:50:32.203-----------> EMail.isValid: From is invalid=null [27]
15:50:32.208-----------> MClient.sendEMail: Could NOT Send Email: Server started: iDempiere (nextcollege-G751JT:192.168.0.55) to you @ company.org: Invalid Data (System) [27]
15:50:33.696           LoggedSessionListener.contextInitialized: iDempiere context initialized for 10.3.0.1 [27]
15:50:33.941-----------> TimeZoneDataBaseVersionChecker.init: Time zone data version mismatch detected:
 - Client (moment.js) tzdb version: 2025b
 - Server (JDK) tzdb version: 2026a
Date and time values may be incorrect if time zone rules differ.
To resolve, update the moment-timezone data on the client and/or the JDK time zone data (TZUpdater or Java update) on the server so both use the same version. [27]
15:52:35.024-----------> PackInApplicationActivator.getFilesToProcess: Processing migration [508]
15:57:52.958-----------> EGSCreateRateUSDtoPEN.doIt: PASO 1: Extrayendo cookies frescas del Home vía Jsoup... [503]
15:57:53.118-----------> EGSCreateRateUSDtoPEN.doIt: Cookies F5 BIG-IP capturadas: [IAASISTENCIAGESTIONSESSION, TS0105b0c6, TS61ff7286027] [503]
15:57:53.119-----------> EGSCreateRateUSDtoPEN.doIt: Esperando 3000ms para enfriar el WAF F5... [503]
15:57:56.119-----------> EGSCreateRateUSDtoPEN.doIt: PASO 2: Transmitiendo JSON crudo mediante HTTP Nativo... [503]
15:57:56.119-----------> EGSCreateRateUSDtoPEN.doIt: Payload a enviar: {"anhoConsulta":2026,"mesConsulta":5,"indMes":"1","mode":"month"} [503]
15:57:56.193-----------> EGSCreateRateUSDtoPEN.doIt: Código de respuesta HTTP del Servidor: 400 [503]
15:57:56.194-----------> EGSCreateRateUSDtoPEN.doIt: Respuesta cruda del API SUNAT: <!DOCTYPE HTML PUBLIC "-//W3C//DTD HTML 4.0 Draft//EN"><HTML><HEAD><TITLE>Error 400--Bad Request</TITLE></HEAD><BODY bgcolor="white"><FONT FACE=Helvetica><BR CLEAR=all><TABLE border=0 cellspacing=5><TR><TD><BR CLEAR=all><FONT FACE="Helvetica" COLOR="black" SIZE="3"><H2>Error 400--Bad Request</H2></FONT></TD></TR></TABLE><TABLE border=0 width=100% cellpadding=10><TR><TD VALIGN=top WIDTH=100% BGCOLOR=white><FONT FACE="Courier New"><FONT FACE="Helvetica" SIZE="3"><H3>From RFC 2068 <i>Hypertext Transfer Protocol -- HTTP/1.1</i>:</H3></FONT><FONT FACE="Helvetica" SIZE="3"><H4>10.4.1 400 Bad Request</H4></FONT><P><FONT FACE="Courier New">The request could not be understood by the server due to malformed syntax. The client SHOULD NOT repeat the request without modifications.</FONT></P></FONT></TD></TR></TABLE></BODY></HTML> [503]
15:57:56.194-----------> EGSCreateRateUSDtoPEN.doIt: Inconsistencia en el canal perimetral o firma rechazada. Reintentando bucle... [503]
15:57:56.195-----------> EGSCreateRateUSDtoPEN.doIt: Intento 2 de 5. Reintentando secuencia completa... [503]
15:58:00.195-----------> EGSCreateRateUSDtoPEN.doIt: PASO 1: Extrayendo cookies frescas del Home vía Jsoup... [503]
15:58:00.238-----------> EGSCreateRateUSDtoPEN.doIt: Cookies F5 BIG-IP capturadas: [IAASISTENCIAGESTIONSESSION, TS0105b0c6, TS61ff7286027] [503]
15:58:00.238-----------> EGSCreateRateUSDtoPEN.doIt: Esperando 3000ms para enfriar el WAF F5... [503]
15:58:03.238-----------> EGSCreateRateUSDtoPEN.doIt: PASO 2: Transmitiendo JSON crudo mediante HTTP Nativo... [503]
15:58:03.239-----------> EGSCreateRateUSDtoPEN.doIt: Payload a enviar: {"anhoConsulta":2026,"mesConsulta":5,"indMes":"1","mode":"month"} [503]
15:58:03.300-----------> EGSCreateRateUSDtoPEN.doIt: Código de respuesta HTTP del Servidor: 400 [503]
15:58:03.301-----------> EGSCreateRateUSDtoPEN.doIt: Respuesta cruda del API SUNAT: <!DOCTYPE HTML PUBLIC "-//W3C//DTD HTML 4.0 Draft//EN"><HTML><HEAD><TITLE>Error 400--Bad Request</TITLE></HEAD><BODY bgcolor="white"><FONT FACE=Helvetica><BR CLEAR=all><TABLE border=0 cellspacing=5><TR><TD><BR CLEAR=all><FONT FACE="Helvetica" COLOR="black" SIZE="3"><H2>Error 400--Bad Request</H2></FONT></TD></TR></TABLE><TABLE border=0 width=100% cellpadding=10><TR><TD VALIGN=top WIDTH=100% BGCOLOR=white><FONT FACE="Courier New"><FONT FACE="Helvetica" SIZE="3"><H3>From RFC 2068 <i>Hypertext Transfer Protocol -- HTTP/1.1</i>:</H3></FONT><FONT FACE="Helvetica" SIZE="3"><H4>10.4.1 400 Bad Request</H4></FONT><P><FONT FACE="Courier New">The request could not be understood by the server due to malformed syntax. The client SHOULD NOT repeat the request without modifications.</FONT></P></FONT></TD></TR></TABLE></BODY></HTML> [503]
15:58:03.302-----------> EGSCreateRateUSDtoPEN.doIt: Inconsistencia en el canal perimetral o firma rechazada. Reintentando bucle... [503]
15:58:03.302-----------> EGSCreateRateUSDtoPEN.doIt: Intento 3 de 5. Reintentando secuencia completa... [503]
15:58:07.303-----------> EGSCreateRateUSDtoPEN.doIt: PASO 1: Extrayendo cookies frescas del Home vía Jsoup... [503]
15:58:07.349-----------> EGSCreateRateUSDtoPEN.doIt: Cookies F5 BIG-IP capturadas: [IAASISTENCIAGESTIONSESSION, TS0105b0c6, TS61ff7286027] [503]
15:58:07.349-----------> EGSCreateRateUSDtoPEN.doIt: Esperando 3000ms para enfriar el WAF F5... [503]
15:58:10.349-----------> EGSCreateRateUSDtoPEN.doIt: PASO 2: Transmitiendo JSON crudo mediante HTTP Nativo... [503]
15:58:10.350-----------> EGSCreateRateUSDtoPEN.doIt: Payload a enviar: {"anhoConsulta":2026,"mesConsulta":5,"indMes":"1","mode":"month"} [503]
15:58:10.411-----------> EGSCreateRateUSDtoPEN.doIt: Código de respuesta HTTP del Servidor: 400 [503]
15:58:10.412-----------> EGSCreateRateUSDtoPEN.doIt: Respuesta cruda del API SUNAT: <!DOCTYPE HTML PUBLIC "-//W3C//DTD HTML 4.0 Draft//EN"><HTML><HEAD><TITLE>Error 400--Bad Request</TITLE></HEAD><BODY bgcolor="white"><FONT FACE=Helvetica><BR CLEAR=all><TABLE border=0 cellspacing=5><TR><TD><BR CLEAR=all><FONT FACE="Helvetica" COLOR="black" SIZE="3"><H2>Error 400--Bad Request</H2></FONT></TD></TR></TABLE><TABLE border=0 width=100% cellpadding=10><TR><TD VALIGN=top WIDTH=100% BGCOLOR=white><FONT FACE="Courier New"><FONT FACE="Helvetica" SIZE="3"><H3>From RFC 2068 <i>Hypertext Transfer Protocol -- HTTP/1.1</i>:</H3></FONT><FONT FACE="Helvetica" SIZE="3"><H4>10.4.1 400 Bad Request</H4></FONT><P><FONT FACE="Courier New">The request could not be understood by the server due to malformed syntax. The client SHOULD NOT repeat the request without modifications.</FONT></P></FONT></TD></TR></TABLE></BODY></HTML> [503]
15:58:10.413-----------> EGSCreateRateUSDtoPEN.doIt: Inconsistencia en el canal perimetral o firma rechazada. Reintentando bucle... [503]
15:58:10.413-----------> EGSCreateRateUSDtoPEN.doIt: Intento 4 de 5. Reintentando secuencia completa... [503]
15:58:14.414-----------> EGSCreateRateUSDtoPEN.doIt: PASO 1: Extrayendo cookies frescas del Home vía Jsoup... [503]
15:58:14.452-----------> EGSCreateRateUSDtoPEN.doIt: Cookies F5 BIG-IP capturadas: [IAASISTENCIAGESTIONSESSION, TS0105b0c6, TS61ff7286027] [503]
15:58:14.452-----------> EGSCreateRateUSDtoPEN.doIt: Esperando 3000ms para enfriar el WAF F5... [503]
15:58:17.452-----------> EGSCreateRateUSDtoPEN.doIt: PASO 2: Transmitiendo JSON crudo mediante HTTP Nativo... [503]
15:58:17.453-----------> EGSCreateRateUSDtoPEN.doIt: Payload a enviar: {"anhoConsulta":2026,"mesConsulta":5,"indMes":"1","mode":"month"} [503]
15:58:17.513-----------> EGSCreateRateUSDtoPEN.doIt: Código de respuesta HTTP del Servidor: 400 [503]
15:58:17.514-----------> EGSCreateRateUSDtoPEN.doIt: Respuesta cruda del API SUNAT: <!DOCTYPE HTML PUBLIC "-//W3C//DTD HTML 4.0 Draft//EN"><HTML><HEAD><TITLE>Error 400--Bad Request</TITLE></HEAD><BODY bgcolor="white"><FONT FACE=Helvetica><BR CLEAR=all><TABLE border=0 cellspacing=5><TR><TD><BR CLEAR=all><FONT FACE="Helvetica" COLOR="black" SIZE="3"><H2>Error 400--Bad Request</H2></FONT></TD></TR></TABLE><TABLE border=0 width=100% cellpadding=10><TR><TD VALIGN=top WIDTH=100% BGCOLOR=white><FONT FACE="Courier New"><FONT FACE="Helvetica" SIZE="3"><H3>From RFC 2068 <i>Hypertext Transfer Protocol -- HTTP/1.1</i>:</H3></FONT><FONT FACE="Helvetica" SIZE="3"><H4>10.4.1 400 Bad Request</H4></FONT><P><FONT FACE="Courier New">The request could not be understood by the server due to malformed syntax. The client SHOULD NOT repeat the request without modifications.</FONT></P></FONT></TD></TR></TABLE></BODY></HTML> [503]
15:58:17.514-----------> EGSCreateRateUSDtoPEN.doIt: Inconsistencia en el canal perimetral o firma rechazada. Reintentando bucle... [503]
15:58:17.514-----------> EGSCreateRateUSDtoPEN.doIt: Intento 5 de 5. Reintentando secuencia completa... [503]
15:58:21.514-----------> EGSCreateRateUSDtoPEN.doIt: PASO 1: Extrayendo cookies frescas del Home vía Jsoup... [503]
15:58:21.575-----------> EGSCreateRateUSDtoPEN.doIt: Cookies F5 BIG-IP capturadas: [IAASISTENCIAGESTIONSESSION, TS0105b0c6, TS61ff7286027] [503]
15:58:21.575-----------> EGSCreateRateUSDtoPEN.doIt: Esperando 3000ms para enfriar el WAF F5... [503]
15:58:24.575-----------> EGSCreateRateUSDtoPEN.doIt: PASO 2: Transmitiendo JSON crudo mediante HTTP Nativo... [503]
15:58:24.575-----------> EGSCreateRateUSDtoPEN.doIt: Payload a enviar: {"anhoConsulta":2026,"mesConsulta":5,"indMes":"1","mode":"month"} [503]
15:58:24.662-----------> EGSCreateRateUSDtoPEN.doIt: Código de respuesta HTTP del Servidor: 400 [503]
15:58:24.663-----------> EGSCreateRateUSDtoPEN.doIt: Respuesta cruda del API SUNAT: <!DOCTYPE HTML PUBLIC "-//W3C//DTD HTML 4.0 Draft//EN"><HTML><HEAD><TITLE>Error 400--Bad Request</TITLE></HEAD><BODY bgcolor="white"><FONT FACE=Helvetica><BR CLEAR=all><TABLE border=0 cellspacing=5><TR><TD><BR CLEAR=all><FONT FACE="Helvetica" COLOR="black" SIZE="3"><H2>Error 400--Bad Request</H2></FONT></TD></TR></TABLE><TABLE border=0 width=100% cellpadding=10><TR><TD VALIGN=top WIDTH=100% BGCOLOR=white><FONT FACE="Courier New"><FONT FACE="Helvetica" SIZE="3"><H3>From RFC 2068 <i>Hypertext Transfer Protocol -- HTTP/1.1</i>:</H3></FONT><FONT FACE="Helvetica" SIZE="3"><H4>10.4.1 400 Bad Request</H4></FONT><P><FONT FACE="Courier New">The request could not be understood by the server due to malformed syntax. The client SHOULD NOT repeat the request without modifications.</FONT></P></FONT></TD></TR></TABLE></BODY></HTML> [503]
15:58:24.663-----------> EGSCreateRateUSDtoPEN.doIt: Inconsistencia en el canal perimetral o firma rechazada. Reintentando bucle... [503]
15:58:24.665===========> EGSCreateRateUSDtoPEN.process: Error de consistencia final al recuperar el tipo de cambio. [503]
UserError: Error de consistencia final al recuperar el tipo de cambio.
	at com.egssmart.finantials.proccess.EGSCreateRateUSDtoPEN.doIt(Unknown Source)
	at org.compiere.process.SvrProcess.process(Unknown Source)
	at org.compiere.process.SvrProcess.startProcess(Unknown Source)
	at org.adempiere.util.ProcessUtil.startJavaProcess(Unknown Source)
	at org.compiere.apps.AbstractProcessCtl.startProcess(Unknown Source)
	at org.compiere.apps.AbstractProcessCtl.run(Unknown Source)
	at org.adempiere.webui.apps.WProcessCtl.process(Unknown Source)
	at org.adempiere.webui.apps.AbstractProcessDialog$ProcessDialogRunnable.doRun(Unknown Source)
	at org.adempiere.util.ContextRunnable.run(Unknown Source)
	at org.adempiere.webui.apps.DesktopRunnable.run(Unknown Source)
	at java.base/java.util.concurrent.Executors$RunnableAdapter.call(Executors.java:539)

15:58:35.061-----------> EGSCreateRateUSDtoPEN.doIt: PASO 1: Extrayendo cookies frescas del Home vía Jsoup... [532]
15:58:35.146-----------> EGSCreateRateUSDtoPEN.doIt: Cookies F5 BIG-IP capturadas: [IAASISTENCIAGESTIONSESSION, TS0105b0c6, TSf3c1dbbd027] [532]
15:58:35.146-----------> EGSCreateRateUSDtoPEN.doIt: Esperando 3000ms para enfriar el WAF F5... [532]
15:58:38.146-----------> EGSCreateRateUSDtoPEN.doIt: PASO 2: Transmitiendo JSON crudo mediante HTTP Nativo... [532]
15:58:38.146-----------> EGSCreateRateUSDtoPEN.doIt: Payload a enviar: {"anhoConsulta":2026,"mesConsulta":5,"indMes":"1","mode":"month"} [532]
15:58:38.196-----------> EGSCreateRateUSDtoPEN.doIt: Código de respuesta HTTP del Servidor: 400 [532]
15:58:38.196-----------> EGSCreateRateUSDtoPEN.doIt: Respuesta cruda del API SUNAT: <!DOCTYPE HTML PUBLIC "-//W3C//DTD HTML 4.0 Draft//EN"><HTML><HEAD><TITLE>Error 400--Bad Request</TITLE></HEAD><BODY bgcolor="white"><FONT FACE=Helvetica><BR CLEAR=all><TABLE border=0 cellspacing=5><TR><TD><BR CLEAR=all><FONT FACE="Helvetica" COLOR="black" SIZE="3"><H2>Error 400--Bad Request</H2></FONT></TD></TR></TABLE><TABLE border=0 width=100% cellpadding=10><TR><TD VALIGN=top WIDTH=100% BGCOLOR=white><FONT FACE="Courier New"><FONT FACE="Helvetica" SIZE="3"><H3>From RFC 2068 <i>Hypertext Transfer Protocol -- HTTP/1.1</i>:</H3></FONT><FONT FACE="Helvetica" SIZE="3"><H4>10.4.1 400 Bad Request</H4></FONT><P><FONT FACE="Courier New">The request could not be understood by the server due to malformed syntax. The client SHOULD NOT repeat the request without modifications.</FONT></P></FONT></TD></TR></TABLE></BODY></HTML> [532]
15:58:38.197-----------> EGSCreateRateUSDtoPEN.doIt: Inconsistencia en el canal perimetral o firma rechazada. Reintentando bucle... [532]
15:58:38.198-----------> EGSCreateRateUSDtoPEN.doIt: Intento 2 de 5. Reintentando secuencia completa... [532]
15:58:42.200-----------> EGSCreateRateUSDtoPEN.doIt: PASO 1: Extrayendo cookies frescas del Home vía Jsoup... [532]
15:58:42.236-----------> EGSCreateRateUSDtoPEN.doIt: Cookies F5 BIG-IP capturadas: [IAASISTENCIAGESTIONSESSION, TS0105b0c6, TSf3c1dbbd027] [532]
15:58:42.236-----------> EGSCreateRateUSDtoPEN.doIt: Esperando 3000ms para enfriar el WAF F5... [532]
15:58:45.236-----------> EGSCreateRateUSDtoPEN.doIt: PASO 2: Transmitiendo JSON crudo mediante HTTP Nativo... [532]
15:58:45.237-----------> EGSCreateRateUSDtoPEN.doIt: Payload a enviar: {"anhoConsulta":2026,"mesConsulta":5,"indMes":"1","mode":"month"} [532]
15:58:45.492-----------> EGSCreateRateUSDtoPEN.doIt: Código de respuesta HTTP del Servidor: 400 [532]
15:58:45.493-----------> EGSCreateRateUSDtoPEN.doIt: Respuesta cruda del API SUNAT: <!DOCTYPE HTML PUBLIC "-//W3C//DTD HTML 4.0 Draft//EN"><HTML><HEAD><TITLE>Error 400--Bad Request</TITLE></HEAD><BODY bgcolor="white"><FONT FACE=Helvetica><BR CLEAR=all><TABLE border=0 cellspacing=5><TR><TD><BR CLEAR=all><FONT FACE="Helvetica" COLOR="black" SIZE="3"><H2>Error 400--Bad Request</H2></FONT></TD></TR></TABLE><TABLE border=0 width=100% cellpadding=10><TR><TD VALIGN=top WIDTH=100% BGCOLOR=white><FONT FACE="Courier New"><FONT FACE="Helvetica" SIZE="3"><H3>From RFC 2068 <i>Hypertext Transfer Protocol -- HTTP/1.1</i>:</H3></FONT><FONT FACE="Helvetica" SIZE="3"><H4>10.4.1 400 Bad Request</H4></FONT><P><FONT FACE="Courier New">The request could not be understood by the server due to malformed syntax. The client SHOULD NOT repeat the request without modifications.</FONT></P></FONT></TD></TR></TABLE></BODY></HTML> [532]
15:58:45.493-----------> EGSCreateRateUSDtoPEN.doIt: Inconsistencia en el canal perimetral o firma rechazada. Reintentando bucle... [532]
15:58:45.494-----------> EGSCreateRateUSDtoPEN.doIt: Intento 3 de 5. Reintentando secuencia completa... [532]
15:58:49.494-----------> EGSCreateRateUSDtoPEN.doIt: PASO 1: Extrayendo cookies frescas del Home vía Jsoup... [532]
15:58:49.529-----------> EGSCreateRateUSDtoPEN.doIt: Cookies F5 BIG-IP capturadas: [IAASISTENCIAGESTIONSESSION, TS0105b0c6, TSf3c1dbbd027] [532]
15:58:49.529-----------> EGSCreateRateUSDtoPEN.doIt: Esperando 3000ms para enfriar el WAF F5... [532]
15:58:52.529-----------> EGSCreateRateUSDtoPEN.doIt: PASO 2: Transmitiendo JSON crudo mediante HTTP Nativo... [532]
15:58:52.530-----------> EGSCreateRateUSDtoPEN.doIt: Payload a enviar: {"anhoConsulta":2026,"mesConsulta":5,"indMes":"1","mode":"month"} [532]
15:58:52.589-----------> EGSCreateRateUSDtoPEN.doIt: Código de respuesta HTTP del Servidor: 400 [532]
15:58:52.590-----------> EGSCreateRateUSDtoPEN.doIt: Respuesta cruda del API SUNAT: <!DOCTYPE HTML PUBLIC "-//W3C//DTD HTML 4.0 Draft//EN"><HTML><HEAD><TITLE>Error 400--Bad Request</TITLE></HEAD><BODY bgcolor="white"><FONT FACE=Helvetica><BR CLEAR=all><TABLE border=0 cellspacing=5><TR><TD><BR CLEAR=all><FONT FACE="Helvetica" COLOR="black" SIZE="3"><H2>Error 400--Bad Request</H2></FONT></TD></TR></TABLE><TABLE border=0 width=100% cellpadding=10><TR><TD VALIGN=top WIDTH=100% BGCOLOR=white><FONT FACE="Courier New"><FONT FACE="Helvetica" SIZE="3"><H3>From RFC 2068 <i>Hypertext Transfer Protocol -- HTTP/1.1</i>:</H3></FONT><FONT FACE="Helvetica" SIZE="3"><H4>10.4.1 400 Bad Request</H4></FONT><P><FONT FACE="Courier New">The request could not be understood by the server due to malformed syntax. The client SHOULD NOT repeat the request without modifications.</FONT></P></FONT></TD></TR></TABLE></BODY></HTML> [532]
15:58:52.590-----------> EGSCreateRateUSDtoPEN.doIt: Inconsistencia en el canal perimetral o firma rechazada. Reintentando bucle... [532]
15:58:52.590-----------> EGSCreateRateUSDtoPEN.doIt: Intento 4 de 5. Reintentando secuencia completa... [532]
15:58:56.590-----------> EGSCreateRateUSDtoPEN.doIt: PASO 1: Extrayendo cookies frescas del Home vía Jsoup... [532]
15:58:56.631-----------> EGSCreateRateUSDtoPEN.doIt: Cookies F5 BIG-IP capturadas: [IAASISTENCIAGESTIONSESSION, TS0105b0c6, TSf3c1dbbd027] [532]
15:58:56.631-----------> EGSCreateRateUSDtoPEN.doIt: Esperando 3000ms para enfriar el WAF F5... [532]
15:58:59.632-----------> EGSCreateRateUSDtoPEN.doIt: PASO 2: Transmitiendo JSON crudo mediante HTTP Nativo... [532]
15:58:59.632-----------> EGSCreateRateUSDtoPEN.doIt: Payload a enviar: {"anhoConsulta":2026,"mesConsulta":5,"indMes":"1","mode":"month"} [532]
15:58:59.692-----------> EGSCreateRateUSDtoPEN.doIt: Código de respuesta HTTP del Servidor: 400 [532]
15:58:59.693-----------> EGSCreateRateUSDtoPEN.doIt: Respuesta cruda del API SUNAT: <!DOCTYPE HTML PUBLIC "-//W3C//DTD HTML 4.0 Draft//EN"><HTML><HEAD><TITLE>Error 400--Bad Request</TITLE></HEAD><BODY bgcolor="white"><FONT FACE=Helvetica><BR CLEAR=all><TABLE border=0 cellspacing=5><TR><TD><BR CLEAR=all><FONT FACE="Helvetica" COLOR="black" SIZE="3"><H2>Error 400--Bad Request</H2></FONT></TD></TR></TABLE><TABLE border=0 width=100% cellpadding=10><TR><TD VALIGN=top WIDTH=100% BGCOLOR=white><FONT FACE="Courier New"><FONT FACE="Helvetica" SIZE="3"><H3>From RFC 2068 <i>Hypertext Transfer Protocol -- HTTP/1.1</i>:</H3></FONT><FONT FACE="Helvetica" SIZE="3"><H4>10.4.1 400 Bad Request</H4></FONT><P><FONT FACE="Courier New">The request could not be understood by the server due to malformed syntax. The client SHOULD NOT repeat the request without modifications.</FONT></P></FONT></TD></TR></TABLE></BODY></HTML> [532]
15:58:59.693-----------> EGSCreateRateUSDtoPEN.doIt: Inconsistencia en el canal perimetral o firma rechazada. Reintentando bucle... [532]
15:58:59.693-----------> EGSCreateRateUSDtoPEN.doIt: Intento 5 de 5. Reintentando secuencia completa... [532]
15:59:03.693-----------> EGSCreateRateUSDtoPEN.doIt: PASO 1: Extrayendo cookies frescas del Home vía Jsoup... [532]
15:59:03.727-----------> EGSCreateRateUSDtoPEN.doIt: Cookies F5 BIG-IP capturadas: [IAASISTENCIAGESTIONSESSION, TSf3c1dbbd027] [532]
15:59:03.728-----------> EGSCreateRateUSDtoPEN.doIt: Esperando 3000ms para enfriar el WAF F5... [532]
15:59:06.728-----------> EGSCreateRateUSDtoPEN.doIt: PASO 2: Transmitiendo JSON crudo mediante HTTP Nativo... [532]
15:59:06.728-----------> EGSCreateRateUSDtoPEN.doIt: Payload a enviar: {"anhoConsulta":2026,"mesConsulta":5,"indMes":"1","mode":"month"} [532]
15:59:06.778-----------> EGSCreateRateUSDtoPEN.doIt: Código de respuesta HTTP del Servidor: 400 [532]
15:59:06.778-----------> EGSCreateRateUSDtoPEN.doIt: Respuesta cruda del API SUNAT: <!DOCTYPE HTML PUBLIC "-//W3C//DTD HTML 4.0 Draft//EN"><HTML><HEAD><TITLE>Error 400--Bad Request</TITLE></HEAD><BODY bgcolor="white"><FONT FACE=Helvetica><BR CLEAR=all><TABLE border=0 cellspacing=5><TR><TD><BR CLEAR=all><FONT FACE="Helvetica" COLOR="black" SIZE="3"><H2>Error 400--Bad Request</H2></FONT></TD></TR></TABLE><TABLE border=0 width=100% cellpadding=10><TR><TD VALIGN=top WIDTH=100% BGCOLOR=white><FONT FACE="Courier New"><FONT FACE="Helvetica" SIZE="3"><H3>From RFC 2068 <i>Hypertext Transfer Protocol -- HTTP/1.1</i>:</H3></FONT><FONT FACE="Helvetica" SIZE="3"><H4>10.4.1 400 Bad Request</H4></FONT><P><FONT FACE="Courier New">The request could not be understood by the server due to malformed syntax. The client SHOULD NOT repeat the request without modifications.</FONT></P></FONT></TD></TR></TABLE></BODY></HTML> [532]
15:59:06.778-----------> EGSCreateRateUSDtoPEN.doIt: Inconsistencia en el canal perimetral o firma rechazada. Reintentando bucle... [532]
15:59:06.779===========> EGSCreateRateUSDtoPEN.process: Error de consistencia final al recuperar el tipo de cambio. [532]
UserError: Error de consistencia final al recuperar el tipo de cambio.
	at com.egssmart.finantials.proccess.EGSCreateRateUSDtoPEN.doIt(Unknown Source)
	at org.compiere.process.SvrProcess.process(Unknown Source)
	at org.compiere.process.SvrProcess.startProcess(Unknown Source)
	at org.adempiere.util.ProcessUtil.startJavaProcess(Unknown Source)
	at org.compiere.apps.AbstractProcessCtl.startProcess(Unknown Source)
	at org.compiere.apps.AbstractProcessCtl.run(Unknown Source)
	at org.adempiere.webui.apps.WProcessCtl.process(Unknown Source)
	at org.adempiere.webui.apps.AbstractProcessDialog$ProcessDialogRunnable.doRun(Unknown Source)
	at org.adempiere.util.ContextRunnable.run(Unknown Source)
	at org.adempiere.webui.apps.DesktopRunnable.run(Unknown Source)
	at java.base/java.util.concurrent.Executors$RunnableAdapter.call(Executors.java:539)


*** 2026-06-02 16:01:59.988 idempiere Log (CLogFile) ***
