*** 2026-06-02 22:13:11.589 idempiere Log (CLogFile) ***
22:13:11.588 Adempiere.startup: iDempiere(r) Release 14_2026-03-09 -Smart Suite ERP, CRM and SCM- (c) 1999-2026 iDempiere(r); Implementation: iDempiere - Supported by iDempiere community [27]
22:13:11.590 Ini.loadProperties: /home/nextcollege/BDeveloper/idempiere-dev-setup-14/idempiere/idempiere.properties #29 [27]
22:13:11.600-----------> Core.getKeyStore: Encryption with legacy key algorithm DES detected - it is recommended to migrate to a stronger algorithm [27]
22:13:12.170-----------> Activator.createHazelCastInstance: Starting hazelcast with configuration from file hazelcast.xml [27]
22:13:12.693-----------> CPSubsystem: [192.168.0.55]:5701 [adempiere.idempiere14/localhost:5432] [5.3.7] CP Subsystem is not enabled. CP data structures will operate in UNSAFE mode! Please note that UNSAFE mode will not provide strong consistency guarantees. [27]
22:13:12.979-----------> Node: [192.168.0.55]:5701 [adempiere.idempiere14/localhost:5432] [5.3.7] No join method is enabled! Starting standalone. [27]
22:13:13.498-----------> DB.isBuildOK: Build Version Error 

The program assumes build version 14.0.0.qualifier, but database has build version ${env.ADEMPIERE_VERSION} 20080428-1232. 
This is likely to cause hard to fix errors. 
Please contact administrator. [27]
22:13:15.441-----------> EMail.setFrom: you @ company.org: javax.mail.internet.AddressException: Local address contains control or whitespace in string ``you @ company.org'' [27]
22:13:15.446-----------> EMail.addTo: you @ company.org: javax.mail.internet.AddressException: Local address contains control or whitespace in string ``you @ company.org'' [27]
22:13:15.446-----------> EMail.isValid: From is invalid=null [27]
22:13:15.447-----------> EMail.isValid: From is invalid=null [27]
22:13:15.452-----------> MClient.sendEMail: Could NOT Send Email: Server started: iDempiere (nextcollege-G751JT:192.168.0.55) to you @ company.org: Invalid Data (System) [27]
22:13:16.719           LoggedSessionListener.contextInitialized: iDempiere context initialized for 10.3.0.1 [27]
22:13:16.927-----------> TimeZoneDataBaseVersionChecker.init: Time zone data version mismatch detected:
 - Client (moment.js) tzdb version: 2025b
 - Server (JDK) tzdb version: 2026a
Date and time values may be incorrect if time zone rules differ.
To resolve, update the moment-timezone data on the client and/or the JDK time zone data (TZUpdater or Java update) on the server so both use the same version. [27]
22:15:17.884-----------> PackInApplicationActivator.getFilesToProcess: Processing migration [479]
22:15:22.747-----------> EGSCreateRateUSDtoPEN.doIt: PASO ÚNICO: Solicitando página pública de SUNAT via GET... [524]
22:15:22.868-----------> EGSCreateRateUSDtoPEN.doIt: Respuesta HTTP del Servidor: 200 [524]
22:15:22.879-----------> EGSCreateRateUSDtoPEN.doIt: Analizando estructura HTML de la tabla de tipos de cambio... [524]
22:15:22.884-----------> EGSCreateRateUSDtoPEN.doIt: Excepción en el intento 1: No se encontraron filas con tipos de cambio válidos en el HTML. [524]
22:15:22.885-----------> EGSCreateRateUSDtoPEN.doIt: Intento 2 de 3. Reintentando... [524]
22:15:25.885-----------> EGSCreateRateUSDtoPEN.doIt: PASO ÚNICO: Solicitando página pública de SUNAT via GET... [524]
22:15:25.911-----------> EGSCreateRateUSDtoPEN.doIt: Respuesta HTTP del Servidor: 200 [524]
22:15:25.912-----------> EGSCreateRateUSDtoPEN.doIt: Analizando estructura HTML de la tabla de tipos de cambio... [524]
22:15:25.913-----------> EGSCreateRateUSDtoPEN.doIt: Excepción en el intento 2: No se encontraron filas con tipos de cambio válidos en el HTML. [524]
22:15:25.913-----------> EGSCreateRateUSDtoPEN.doIt: Intento 3 de 3. Reintentando... [524]
22:15:28.913-----------> EGSCreateRateUSDtoPEN.doIt: PASO ÚNICO: Solicitando página pública de SUNAT via GET... [524]
22:15:28.940-----------> EGSCreateRateUSDtoPEN.doIt: Respuesta HTTP del Servidor: 200 [524]
22:15:28.945-----------> EGSCreateRateUSDtoPEN.doIt: Analizando estructura HTML de la tabla de tipos de cambio... [524]
22:15:28.946-----------> EGSCreateRateUSDtoPEN.doIt: Excepción en el intento 3: No se encontraron filas con tipos de cambio válidos en el HTML. [524]
22:15:28.947===========> EGSCreateRateUSDtoPEN.process: Fallo estructural al intentar leer el HTML de SUNAT tras agotar reintentos. [524]
org.adempiere.exceptions.AdempiereException: No se encontraron filas con tipos de cambio válidos en el HTML.
	at com.egssmart.finantials.proccess.EGSCreateRateUSDtoPEN.doIt(Unknown Source)
	at org.compiere.process.SvrProcess.process(Unknown Source)
	at org.compiere.process.SvrProcess.startProcess(Unknown Source)
	at org.adempiere.util.ProcessUtil.startJavaProcess(Unknown Source)
	at org.compiere.apps.AbstractProcessCtl.startProcess(Unknown Source)
	at org.compiere.apps.AbstractProcessCtl.run(Unknown Source)
	at org.adempiere.webui.apps.WProcessCtl.process(Unknown Source)
	at org.adempiere.webui.apps.AbstractProcessDialog$ProcessDialogRunnable.doRun(Unknown Source)
	at org.adempiere.util.ContextRunnable.run(Unknown Source)
	at org.adempiere.webui.apps.DesktopRunnable.run(Unknown Source)
	at java.base/java.util.concurrent.Executors$RunnableAdapter.call(Executors.java:539)


*** 2026-06-02 22:26:43.175 idempiere Log (CLogFile) ***
