*** 2026-06-02 10:21:54.031 idempiere Log (CLogFile) ***
10:21:54.030 Adempiere.startup: iDempiere(r) Release 14_2026-03-09 -Smart Suite ERP, CRM and SCM- (c) 1999-2026 iDempiere(r); Implementation: iDempiere - Supported by iDempiere community [27]
10:21:54.032 Ini.loadProperties: /home/nextcollege/BDeveloper/idempiere-dev-setup-14/idempiere/idempiere.properties #29 [27]
10:21:54.037-----------> Core.getKeyStore: Encryption with legacy key algorithm DES detected - it is recommended to migrate to a stronger algorithm [27]
10:21:54.533-----------> Activator.createHazelCastInstance: Starting hazelcast with configuration from file hazelcast.xml [27]
10:21:55.116-----------> CPSubsystem: [192.168.0.55]:5701 [adempiere.idempiere14/localhost:5432] [5.3.7] CP Subsystem is not enabled. CP data structures will operate in UNSAFE mode! Please note that UNSAFE mode will not provide strong consistency guarantees. [27]
10:21:55.424-----------> Node: [192.168.0.55]:5701 [adempiere.idempiere14/localhost:5432] [5.3.7] No join method is enabled! Starting standalone. [27]
10:21:56.052-----------> DB.isBuildOK: Build Version Error 

The program assumes build version 14.0.0.qualifier, but database has build version ${env.ADEMPIERE_VERSION} 20080428-1232. 
This is likely to cause hard to fix errors. 
Please contact administrator. [27]
10:21:57.921-----------> EMail.setFrom: you @ company.org: javax.mail.internet.AddressException: Local address contains control or whitespace in string ``you @ company.org'' [27]
10:21:57.925-----------> EMail.addTo: you @ company.org: javax.mail.internet.AddressException: Local address contains control or whitespace in string ``you @ company.org'' [27]
10:21:57.925-----------> EMail.isValid: From is invalid=null [27]
10:21:57.926-----------> EMail.isValid: From is invalid=null [27]
10:21:57.929-----------> MClient.sendEMail: Could NOT Send Email: Server started: iDempiere (nextcollege-G751JT:192.168.0.55) to you @ company.org: Invalid Data (System) [27]
10:21:59.429           LoggedSessionListener.contextInitialized: iDempiere context initialized for 10.3.0.1 [27]
10:22:55.322-----------> EGSCreateRateUSDtoPEN.doIt: Consultando API REST Abierta de SUNAT para la fecha: 2026-06-02 [519]
10:22:55.448-----------> EGSCreateRateUSDtoPEN.doIt: Fallo de conexión en el API REST de SUNAT: HTTP error fetching URL. Status=401, URL=[https://api.sunat.gob.pe/v1/recaudacion/tributaria/tipocambio/asociado?fecha=2026-06-02] [519]
10:22:55.449-----------> EGSCreateRateUSDtoPEN.doIt: Intento 2 de 5. Reintentando... [519]
10:22:59.450-----------> EGSCreateRateUSDtoPEN.doIt: Consultando API REST Abierta de SUNAT para la fecha: 2026-06-02 [519]
10:22:59.495-----------> EGSCreateRateUSDtoPEN.doIt: Fallo de conexión en el API REST de SUNAT: HTTP error fetching URL. Status=401, URL=[https://api.sunat.gob.pe/v1/recaudacion/tributaria/tipocambio/asociado?fecha=2026-06-02] [519]
10:22:59.496-----------> EGSCreateRateUSDtoPEN.doIt: Intento 3 de 5. Reintentando... [519]
10:23:03.496-----------> EGSCreateRateUSDtoPEN.doIt: Consultando API REST Abierta de SUNAT para la fecha: 2026-06-02 [519]
10:23:03.545-----------> EGSCreateRateUSDtoPEN.doIt: Fallo de conexión en el API REST de SUNAT: HTTP error fetching URL. Status=401, URL=[https://api.sunat.gob.pe/v1/recaudacion/tributaria/tipocambio/asociado?fecha=2026-06-02] [519]
10:23:03.545-----------> EGSCreateRateUSDtoPEN.doIt: Intento 4 de 5. Reintentando... [519]
10:23:07.545-----------> EGSCreateRateUSDtoPEN.doIt: Consultando API REST Abierta de SUNAT para la fecha: 2026-06-02 [519]
10:23:07.593-----------> EGSCreateRateUSDtoPEN.doIt: Fallo de conexión en el API REST de SUNAT: HTTP error fetching URL. Status=401, URL=[https://api.sunat.gob.pe/v1/recaudacion/tributaria/tipocambio/asociado?fecha=2026-06-02] [519]
10:23:07.593-----------> EGSCreateRateUSDtoPEN.doIt: Intento 5 de 5. Reintentando... [519]
10:23:11.594-----------> EGSCreateRateUSDtoPEN.doIt: Consultando API REST Abierta de SUNAT para la fecha: 2026-06-02 [519]
10:23:11.639-----------> EGSCreateRateUSDtoPEN.doIt: Fallo de conexión en el API REST de SUNAT: HTTP error fetching URL. Status=401, URL=[https://api.sunat.gob.pe/v1/recaudacion/tributaria/tipocambio/asociado?fecha=2026-06-02] [519]
10:23:11.642===========> EGSCreateRateUSDtoPEN.process: No se logró comunicación con los servicios REST de SUNAT tras 5 intentos. [519]
org.jsoup.HttpStatusException: HTTP error fetching URL. Status=401, URL=[https://api.sunat.gob.pe/v1/recaudacion/tributaria/tipocambio/asociado?fecha=2026-06-02]
	at org.jsoup.helper.HttpConnection$Response.execute(HttpConnection.java:913)
	at org.jsoup.helper.HttpConnection$Response.execute(HttpConnection.java:866)
	at org.jsoup.helper.HttpConnection.execute(HttpConnection.java:365)
	at com.egssmart.finantials.proccess.EGSCreateRateUSDtoPEN.doIt(Unknown Source)
	at org.compiere.process.SvrProcess.process(Unknown Source)
	at org.compiere.process.SvrProcess.startProcess(Unknown Source)
	at org.adempiere.util.ProcessUtil.startJavaProcess(Unknown Source)
	at org.compiere.apps.AbstractProcessCtl.startProcess(Unknown Source)
	at org.compiere.apps.AbstractProcessCtl.run(Unknown Source)
	at org.adempiere.webui.apps.WProcessCtl.process(Unknown Source)
	at org.adempiere.webui.apps.AbstractProcessDialog$ProcessDialogRunnable.doRun(Unknown Source)
	at org.adempiere.util.ContextRunnable.run(Unknown Source)
	at org.adempiere.webui.apps.DesktopRunnable.run(Unknown Source)

10:24:00.808-----------> PackInApplicationActivator.getFilesToProcess: Processing migration [474]

*** 2026-06-02 10:24:34.346 idempiere Log (CLogFile) ***
