*** 2026-05-26 23:26:42.095 idempiere Log (CLogFile) ***
23:26:42.094 Adempiere.startup: iDempiere(r) Release 14_2026-03-09 -Smart Suite ERP, CRM and SCM- (c) 1999-2026 iDempiere(r); Implementation: iDempiere - Supported by iDempiere community [28]
23:26:42.096 Ini.loadProperties: /home/nextcollege/BDeveloper/idempiere-dev-setup-14/idempiere/idempiere.properties #29 [28]
23:26:42.101-----------> Core.getKeyStore: Encryption with legacy key algorithm DES detected - it is recommended to migrate to a stronger algorithm [28]
23:26:43.141-----------> Activator.createHazelCastInstance: Starting hazelcast with configuration from file hazelcast.xml [28]
23:26:43.952-----------> CPSubsystem: [192.168.1.236]:5701 [adempiere.idempiere14/localhost:5432] [5.3.7] CP Subsystem is not enabled. CP data structures will operate in UNSAFE mode! Please note that UNSAFE mode will not provide strong consistency guarantees. [28]
23:26:44.280-----------> Node: [192.168.1.236]:5701 [adempiere.idempiere14/localhost:5432] [5.3.7] No join method is enabled! Starting standalone. [28]
23:26:44.406-----------> DB.isBuildOK: Build Version Error 

The program assumes build version 14.0.0.qualifier, but database has build version ${env.ADEMPIERE_VERSION} 20080428-1232. 
This is likely to cause hard to fix errors. 
Please contact administrator. [28]
23:26:46.685-----------> EMail.setFrom: you @ company.org: javax.mail.internet.AddressException: Local address contains control or whitespace in string ``you @ company.org'' [28]
23:26:46.690-----------> EMail.addTo: you @ company.org: javax.mail.internet.AddressException: Local address contains control or whitespace in string ``you @ company.org'' [28]
23:26:46.691-----------> EMail.isValid: From is invalid=null [28]
23:26:46.691-----------> EMail.isValid: From is invalid=null [28]
23:26:46.696-----------> MClient.sendEMail: Could NOT Send Email: Server started: iDempiere (nextcollege-G751JT:192.168.1.236) to you @ company.org: Invalid Data (System) [28]
23:26:48.510           LoggedSessionListener.contextInitialized: iDempiere context initialized for 10.3.0.1 [28]
23:27:21.353-----------> DefaultModelFactory.getClass: No class for table with it entity: lpe_purchase_proposal [315]
23:28:49.719-----------> PackInApplicationActivator.getFilesToProcess: Processing migration [444]
23:30:59.024-----------> DefaultModelFactory.getClass: No class for table with it entity: lpe_purchase_proposal [324]

*** 2026-05-27 01:14:39.895 idempiere Log (CLogFile) ***
