*** 2026-05-08 03:21:04.292 idempiere Log (CLogFile) ***
03:21:04.291 Adempiere.startup: iDempiere(r) Release 14_2026-03-09 -Smart Suite ERP, CRM and SCM- (c) 1999-2026 iDempiere(r); Implementation: iDempiere - Supported by iDempiere community [28]
03:21:04.313 Ini.loadProperties: /home/nextcollege/BDeveloper/idempiere-dev-setup-14/idempiere/idempiere.properties #29 [28]
03:21:04.321-----------> Core.getKeyStore: Encryption with legacy key algorithm DES detected - it is recommended to migrate to a stronger algorithm [28]
03:21:05.781-----------> Activator.createHazelCastInstance: Starting hazelcast with configuration from file hazelcast.xml [28]
03:21:06.702-----------> CPSubsystem: [192.168.1.236]:5701 [adempiere.idempiere/localhost:5432] [5.3.7] CP Subsystem is not enabled. CP data structures will operate in UNSAFE mode! Please note that UNSAFE mode will not provide strong consistency guarantees. [28]
03:21:07.031-----------> Node: [192.168.1.236]:5701 [adempiere.idempiere/localhost:5432] [5.3.7] No join method is enabled! Starting standalone. [28]
03:21:07.164-----------> DB.isBuildOK: Build Version Error 

The program assumes build version 14.0.0.qualifier, but database has build version 14.0.0.202605080801. 
This is likely to cause hard to fix errors. 
Please contact administrator. [28]
03:21:09.193-----------> EMail.setFrom: you @ company.org: javax.mail.internet.AddressException: Local address contains control or whitespace in string ``you @ company.org'' [28]
03:21:09.198-----------> EMail.addTo: you @ company.org: javax.mail.internet.AddressException: Local address contains control or whitespace in string ``you @ company.org'' [28]
03:21:09.198-----------> EMail.isValid: From is invalid=null [28]
03:21:09.198-----------> EMail.isValid: From is invalid=null [28]
03:21:09.202-----------> MClient.sendEMail: Could NOT Send Email: Server started: iDempiere (nextcollege-G751JT:192.168.1.236) to you @ company.org: Invalid Data (System) [28]
03:21:10.728           LoggedSessionListener.contextInitialized: iDempiere context initialized for 10.3.0.1 [28]
03:21:50.664-----------> MClient.createEMail: From EMail incomplete: MUser[10,Name=System,EMailUserID=null] (System) [293]
03:21:50.710-----------> MClient.createEMail: From EMail incomplete: MUser[10,Name=System,EMailUserID=null] (System) [293]
03:21:53.396-----------> Fact.isAcctBalanced: NO - Diff=0.01 - Fact[MAllocationHdr[101-13208: Approval Amount=2.2 (#1)],AcctSchema[200000-Second Schema GardenWorld Euro],PostType=A] [491]
03:21:53.618-----------> Fact.isAcctBalanced: NO - Diff=-0.01 - Fact[X_C_BankStatement[100,Name=2002-02-22],AcctSchema[200000-Second Schema GardenWorld Euro],PostType=A] [491]
03:21:54.281-----------> Fact.isAcctBalanced: NO - Diff=-0.01 - Fact[MInvoice[103-200002,GrandTotal=161.12 (#3)],AcctSchema[200000-Second Schema GardenWorld Euro],PostType=A] [491]
03:21:56.615-----------> Fact.isAcctBalanced: NO - Diff=-0.01 - Fact[MInvoice[106-10000003,GrandTotal=3657.5 (#6)],AcctSchema[200000-Second Schema GardenWorld Euro],PostType=A] [491]
03:22:00.765-----------> FactLine.setAmtSource: Source DR Precision 201.8750 -> 201.88 [491]
03:22:00.769-----------> FactLine.setAmtSource: Source CR Precision 201.8750 -> 201.88 [491]
03:22:00.928-----------> FactLine.setAmtSource: Source CR Precision 208.3750 -> 208.38 [491]
03:22:00.929-----------> FactLine.setAmtSource: Source DR Precision 208.3750 -> 208.38 [491]
03:22:00.955-----------> FactLine.setAmtSource: Source CR Precision 177.1188 -> 177.12 [491]
03:22:00.956-----------> FactLine.setAmtSource: Source DR Precision 177.1188 -> 177.12 [491]
03:22:56.516-----------> FinReport.insertLine: No Source lines: MReportLine[100 - 1 - Assets, SeqNo=10, AmountType=null, PeriodType=null - LineType=S - SegmentValue - PostingType=null, AmountType=null, PeriodType=null] [293]
03:22:56.579-----------> FinReport.insertLine: No Source lines: MReportLine[112 - 2 - Liabilities, SeqNo=140, AmountType=null, PeriodType=null - LineType=S - SegmentValue - PostingType=null, AmountType=null, PeriodType=null] [293]
03:22:56.597-----------> FinReport.insertLine: No Source lines: MReportLine[117 - 3 - Owner's Equity/Net Worth, SeqNo=200, AmountType=null, PeriodType=null - LineType=S - SegmentValue - PostingType=null, AmountType=null, PeriodType=null] [293]
03:23:12.188-----------> PackInApplicationActivator.getFilesToProcess: Processing migration [465]

*** 2026-05-08 09:21:07.206 idempiere Log (CLogFile) ***
