*** 2026-06-01 01:26:57.896 idempiere Log (CLogFile) ***
01:26:57.895 Adempiere.startup: iDempiere(r) Release 14_2026-03-09 -Smart Suite ERP, CRM and SCM- (c) 1999-2026 iDempiere(r); Implementation: iDempiere - Supported by iDempiere community [27]
01:26:57.897 Ini.loadProperties: /home/nextcollege/BDeveloper/idempiere-dev-setup-14/idempiere/idempiere.properties #29 [27]
01:26:57.903-----------> Core.getKeyStore: Encryption with legacy key algorithm DES detected - it is recommended to migrate to a stronger algorithm [27]
01:26:58.473-----------> Activator.createHazelCastInstance: Starting hazelcast with configuration from file hazelcast.xml [27]
01:26:59.169-----------> CPSubsystem: [192.168.1.236]:5701 [adempiere.idempiere14/localhost:5432] [5.3.7] CP Subsystem is not enabled. CP data structures will operate in UNSAFE mode! Please note that UNSAFE mode will not provide strong consistency guarantees. [27]
01:26:59.612-----------> Node: [192.168.1.236]:5701 [adempiere.idempiere14/localhost:5432] [5.3.7] No join method is enabled! Starting standalone. [27]
01:27:00.367-----------> DB.isBuildOK: Build Version Error 

The program assumes build version 14.0.0.qualifier, but database has build version ${env.ADEMPIERE_VERSION} 20080428-1232. 
This is likely to cause hard to fix errors. 
Please contact administrator. [27]
01:27:02.644-----------> EMail.setFrom: you @ company.org: javax.mail.internet.AddressException: Local address contains control or whitespace in string ``you @ company.org'' [27]
01:27:02.652-----------> EMail.addTo: you @ company.org: javax.mail.internet.AddressException: Local address contains control or whitespace in string ``you @ company.org'' [27]
01:27:02.652-----------> EMail.isValid: From is invalid=null [27]
01:27:02.653-----------> EMail.isValid: From is invalid=null [27]
01:27:02.672-----------> MClient.sendEMail: Could NOT Send Email: Server started: iDempiere (nextcollege-G751JT:192.168.1.236) to you @ company.org: Invalid Data (System) [27]
01:27:04.384           LoggedSessionListener.contextInitialized: iDempiere context initialized for 10.3.0.1 [27]
01:29:05.696-----------> PackInApplicationActivator.getFilesToProcess: Processing migration [481]
01:31:23.430-----------> MRole.getProcessAccess: Role System Administrator has assigned access incompatible process Generates SIRE Purchase Record [403]
01:31:23.824-----------> MStatusLine.parseLine: SELECT 
    Currency_usd,
    USD_TodayRate,
    USD_YesterdayRate,
    USD_PercentageChange,
    Currency_eur,
    EUR_TodayRate,
    EUR_YesterdayRate,
    EUR_PercentageChange
FROM FTU_RV_currencyexchange;
 [499]
org.postgresql.util.PSQLException: ERROR: no existe la relación «ftu_rv_currencyexchange»
  Position: 185; State=42P01; ErrorCode=0
	at org.postgresql.core.v3.QueryExecutorImpl.receiveErrorResponse(QueryExecutorImpl.java:2736)
	at org.postgresql.core.v3.QueryExecutorImpl.processResults(QueryExecutorImpl.java:2421)
	at org.postgresql.core.v3.QueryExecutorImpl.execute(QueryExecutorImpl.java:372)
	at org.postgresql.jdbc.PgStatement.executeInternal(PgStatement.java:525)
	at org.postgresql.jdbc.PgStatement.execute(PgStatement.java:435)
	at org.postgresql.jdbc.PgPreparedStatement.executeWithFlags(PgPreparedStatement.java:196)
	at org.postgresql.jdbc.PgPreparedStatement.executeQuery(PgPreparedStatement.java:139)
	at com.zaxxer.hikari.pool.ProxyPreparedStatement.executeQuery(ProxyPreparedStatement.java:52)
	at com.zaxxer.hikari.pool.HikariProxyPreparedStatement.executeQuery(HikariProxyPreparedStatement.java)
	at jdk.internal.reflect.GeneratedMethodAccessor28.invoke(Unknown Source)
	at java.base/jdk.internal.reflect.DelegatingMethodAccessorImpl.invoke(DelegatingMethodAccessorImpl.java:43)
	at java.base/java.lang.reflect.Method.invoke(Method.java:569)
	at org.compiere.db.StatementProxy.invoke(Unknown Source)
	at jdk.proxy2/jdk.proxy2.$Proxy18.executeQuery(Unknown Source)
	at org.compiere.model.MStatusLine.parseLine(Unknown Source)
	at org.adempiere.webui.desktop.DashboardController.asyncRenderComponents(Unknown Source)
	at org.adempiere.webui.desktop.DashboardController.asyncRenderGadgetPanel(Unknown Source)
	at org.adempiere.webui.desktop.DashboardController$3.doRun(Unknown Source)
	at org.adempiere.util.ContextRunnable.run(Unknown Source)
	at org.adempiere.webui.apps.DesktopRunnable.run(Unknown Source)
	at java.base/java.util.concurrent.Executors$RunnableAdapter.call(Executors.java:539)

01:32:16.708-----------> MRole.getProcessAccess: Role System Administrator has assigned access incompatible process Asset Parent Report [361]
01:32:16.711-----------> MRole.getProcessAccess: Role System Administrator has assigned access incompatible process Asset Group Defaults [361]
01:32:16.712-----------> MRole.getProcessAccess: Role System Administrator has assigned access incompatible process Depreciation Table [361]
01:32:16.714-----------> MRole.getProcessAccess: Role System Administrator has assigned access incompatible process Asset Convention Report [361]
01:32:16.721-----------> MRole.getProcessAccess: Role System Administrator has assigned access incompatible process Asset Depreciation Method [361]
01:32:16.727-----------> MRole.getProcessAccess: Role System Administrator has assigned access incompatible process Generates SIRE Purchase Record [361]

*** 2026-06-01 01:44:46.01 idempiere Log (CLogFile) ***
