*** 2026-06-02 11:13:41.436 idempiere Log (CLogFile) ***
11:13:41.429 Adempiere.startup: iDempiere(r) Release 14_2026-03-09 -Smart Suite ERP, CRM and SCM- (c) 1999-2026 iDempiere(r); Implementation: iDempiere - Supported by iDempiere community [27]
11:13:41.437 Ini.loadProperties: /home/nextcollege/BDeveloper/idempiere-dev-setup-14/idempiere/idempiere.properties #29 [27]
11:13:41.449-----------> Core.getKeyStore: Encryption with legacy key algorithm DES detected - it is recommended to migrate to a stronger algorithm [27]
11:13:42.042-----------> Activator.createHazelCastInstance: Starting hazelcast with configuration from file hazelcast.xml [27]
11:13:42.787-----------> CPSubsystem: [192.168.0.55]:5701 [adempiere.idempiere14/localhost:5432] [5.3.7] CP Subsystem is not enabled. CP data structures will operate in UNSAFE mode! Please note that UNSAFE mode will not provide strong consistency guarantees. [27]
11:13:43.174-----------> Node: [192.168.0.55]:5701 [adempiere.idempiere14/localhost:5432] [5.3.7] No join method is enabled! Starting standalone. [27]
11:13:43.913-----------> DB.isBuildOK: Build Version Error 

The program assumes build version 14.0.0.qualifier, but database has build version ${env.ADEMPIERE_VERSION} 20080428-1232. 
This is likely to cause hard to fix errors. 
Please contact administrator. [27]
11:13:46.379-----------> EMail.setFrom: you @ company.org: javax.mail.internet.AddressException: Local address contains control or whitespace in string ``you @ company.org'' [27]
11:13:46.386-----------> EMail.addTo: you @ company.org: javax.mail.internet.AddressException: Local address contains control or whitespace in string ``you @ company.org'' [27]
11:13:46.387-----------> EMail.isValid: From is invalid=null [27]
11:13:46.387-----------> EMail.isValid: From is invalid=null [27]
11:13:46.394-----------> MClient.sendEMail: Could NOT Send Email: Server started: iDempiere (nextcollege-G751JT:192.168.0.55) to you @ company.org: Invalid Data (System) [27]
11:13:48.148           LoggedSessionListener.contextInitialized: iDempiere context initialized for 10.3.0.1 [27]
11:14:36.429-----------> EGSCreateRateUSDtoPEN.doIt: PASO 1: Abriendo página de inicio de SUNAT para establecer sesión y evadir WAF... [566]
11:14:36.901-----------> EGSCreateRateUSDtoPEN.doIt: Sesión establecida. Cookies obtenidas: [IAASISTENCIAGESTIONSESSION, TS0105b0c6, TS61ff7286027] [566]
11:14:36.902-----------> EGSCreateRateUSDtoPEN.doIt: PASO 2: Consultando API con token de sesión para periodo: 5/2026 [566]
11:14:37.189-----------> EGSCreateRateUSDtoPEN.doIt: Respuesta cruda del API SUNAT: <html><head><title>Request Rejected</title></head><body>The requested URL was rejected. Please consult with your administrator.<br><br>Your support ID is: 1939715761513733743<br><br><a href='javascript:history.back();'>[Go Back]</a></body></html> [566]
11:14:37.190-----------> EGSCreateRateUSDtoPEN.doIt: El WAF rechazó la petición del paso 2. Forzando reintento... [566]
11:14:37.190-----------> EGSCreateRateUSDtoPEN.doIt: Intento 2 de 5. Reintentando... [566]
11:14:41.191-----------> EGSCreateRateUSDtoPEN.doIt: PASO 1: Abriendo página de inicio de SUNAT para establecer sesión y evadir WAF... [566]
11:14:41.557-----------> EGSCreateRateUSDtoPEN.doIt: Sesión establecida. Cookies obtenidas: [IAASISTENCIAGESTIONSESSION, TS0105b0c6, TS61ff7286027] [566]
11:14:41.557-----------> EGSCreateRateUSDtoPEN.doIt: PASO 2: Consultando API con token de sesión para periodo: 5/2026 [566]
11:14:41.839-----------> EGSCreateRateUSDtoPEN.doIt: Respuesta cruda del API SUNAT: <html><head><title>Request Rejected</title></head><body>The requested URL was rejected. Please consult with your administrator.<br><br>Your support ID is: 1939715755518957500<br><br><a href='javascript:history.back();'>[Go Back]</a></body></html> [566]
11:14:41.839-----------> EGSCreateRateUSDtoPEN.doIt: El WAF rechazó la petición del paso 2. Forzando reintento... [566]
11:14:41.839-----------> EGSCreateRateUSDtoPEN.doIt: Intento 3 de 5. Reintentando... [566]
11:14:45.839-----------> EGSCreateRateUSDtoPEN.doIt: PASO 1: Abriendo página de inicio de SUNAT para establecer sesión y evadir WAF... [566]
11:14:46.207-----------> EGSCreateRateUSDtoPEN.doIt: Sesión establecida. Cookies obtenidas: [IAASISTENCIAGESTIONSESSION, TS0105b0c6, TS61ff7286027] [566]
11:14:46.208-----------> EGSCreateRateUSDtoPEN.doIt: PASO 2: Consultando API con token de sesión para periodo: 5/2026 [566]
11:14:46.492-----------> EGSCreateRateUSDtoPEN.doIt: Respuesta cruda del API SUNAT: <html><head><title>Request Rejected</title></head><body>The requested URL was rejected. Please consult with your administrator.<br><br>Your support ID is: 1939715761657577627<br><br><a href='javascript:history.back();'>[Go Back]</a></body></html> [566]
11:14:46.492-----------> EGSCreateRateUSDtoPEN.doIt: El WAF rechazó la petición del paso 2. Forzando reintento... [566]
11:14:46.493-----------> EGSCreateRateUSDtoPEN.doIt: Intento 4 de 5. Reintentando... [566]
11:14:50.493-----------> EGSCreateRateUSDtoPEN.doIt: PASO 1: Abriendo página de inicio de SUNAT para establecer sesión y evadir WAF... [566]
11:14:50.861-----------> EGSCreateRateUSDtoPEN.doIt: Sesión establecida. Cookies obtenidas: [IAASISTENCIAGESTIONSESSION, TS0105b0c6, TS61ff7286027] [566]
11:14:50.861-----------> EGSCreateRateUSDtoPEN.doIt: PASO 2: Consultando API con token de sesión para periodo: 5/2026 [566]
11:14:51.155-----------> EGSCreateRateUSDtoPEN.doIt: Respuesta cruda del API SUNAT: <html><head><title>Request Rejected</title></head><body>The requested URL was rejected. Please consult with your administrator.<br><br>Your support ID is: 11781552377172358461<br><br><a href='javascript:history.back();'>[Go Back]</a></body></html> [566]
11:14:51.155-----------> EGSCreateRateUSDtoPEN.doIt: El WAF rechazó la petición del paso 2. Forzando reintento... [566]
11:14:51.155-----------> EGSCreateRateUSDtoPEN.doIt: Intento 5 de 5. Reintentando... [566]
11:14:55.155-----------> EGSCreateRateUSDtoPEN.doIt: PASO 1: Abriendo página de inicio de SUNAT para establecer sesión y evadir WAF... [566]
11:14:55.532-----------> EGSCreateRateUSDtoPEN.doIt: Sesión establecida. Cookies obtenidas: [IAASISTENCIAGESTIONSESSION, TS0105b0c6, TS61ff7286027] [566]
11:14:55.533-----------> EGSCreateRateUSDtoPEN.doIt: PASO 2: Consultando API con token de sesión para periodo: 5/2026 [566]
11:14:55.826-----------> EGSCreateRateUSDtoPEN.doIt: Respuesta cruda del API SUNAT: <html><head><title>Request Rejected</title></head><body>The requested URL was rejected. Please consult with your administrator.<br><br>Your support ID is: 11781552370964149748<br><br><a href='javascript:history.back();'>[Go Back]</a></body></html> [566]
11:14:55.827-----------> EGSCreateRateUSDtoPEN.doIt: El WAF rechazó la petición del paso 2. Forzando reintento... [566]
11:14:55.827===========> EGSCreateRateUSDtoPEN.process: Error de consistencia al procesar el tipo de cambio. [566]
UserError: Error de consistencia al procesar el tipo de cambio.
	at com.egssmart.finantials.proccess.EGSCreateRateUSDtoPEN.doIt(Unknown Source)
	at org.compiere.process.SvrProcess.process(Unknown Source)
	at org.compiere.process.SvrProcess.startProcess(Unknown Source)
	at org.adempiere.util.ProcessUtil.startJavaProcess(Unknown Source)
	at org.compiere.apps.AbstractProcessCtl.startProcess(Unknown Source)
	at org.compiere.apps.AbstractProcessCtl.run(Unknown Source)
	at org.adempiere.webui.apps.WProcessCtl.process(Unknown Source)
	at org.adempiere.webui.apps.AbstractProcessDialog$ProcessDialogRunnable.doRun(Unknown Source)
	at org.adempiere.util.ContextRunnable.run(Unknown Source)
	at org.adempiere.webui.apps.DesktopRunnable.run(Unknown Source)
	at java.base/java.util.concurrent.Executors$RunnableAdapter.call(Executors.java:539)

11:15:49.625-----------> PackInApplicationActivator.getFilesToProcess: Processing migration [521]

*** 2026-06-02 11:17:07.088 idempiere Log (CLogFile) ***
