*** 2026-06-02 22:26:51.497 idempiere Log (CLogFile) ***
22:26:51.496 Adempiere.startup: iDempiere(r) Release 14_2026-03-09 -Smart Suite ERP, CRM and SCM- (c) 1999-2026 iDempiere(r); Implementation: iDempiere - Supported by iDempiere community [27]
22:26:51.498 Ini.loadProperties: /home/nextcollege/BDeveloper/idempiere-dev-setup-14/idempiere/idempiere.properties #29 [27]
22:26:51.507-----------> Core.getKeyStore: Encryption with legacy key algorithm DES detected - it is recommended to migrate to a stronger algorithm [27]
22:26:51.527 AnnotationBasedModelFactory.lambda$0: AnnotationBasedModelFactory loaded 741 classes in 2.488s [36]
22:26:52.080-----------> Activator.createHazelCastInstance: Starting hazelcast with configuration from file hazelcast.xml [27]
22:26:52.672-----------> CPSubsystem: [192.168.0.55]:5701 [adempiere.idempiere14/localhost:5432] [5.3.7] CP Subsystem is not enabled. CP data structures will operate in UNSAFE mode! Please note that UNSAFE mode will not provide strong consistency guarantees. [27]
22:26:53.056-----------> Node: [192.168.0.55]:5701 [adempiere.idempiere14/localhost:5432] [5.3.7] No join method is enabled! Starting standalone. [27]
22:26:53.556-----------> DB.isBuildOK: Build Version Error 

The program assumes build version 14.0.0.qualifier, but database has build version ${env.ADEMPIERE_VERSION} 20080428-1232. 
This is likely to cause hard to fix errors. 
Please contact administrator. [27]
22:26:55.470-----------> EMail.setFrom: you @ company.org: javax.mail.internet.AddressException: Local address contains control or whitespace in string ``you @ company.org'' [27]
22:26:55.474-----------> EMail.addTo: you @ company.org: javax.mail.internet.AddressException: Local address contains control or whitespace in string ``you @ company.org'' [27]
22:26:55.475-----------> EMail.isValid: From is invalid=null [27]
22:26:55.475-----------> EMail.isValid: From is invalid=null [27]
22:26:55.480-----------> MClient.sendEMail: Could NOT Send Email: Server started: iDempiere (nextcollege-G751JT:192.168.0.55) to you @ company.org: Invalid Data (System) [27]
22:26:56.774           LoggedSessionListener.contextInitialized: iDempiere context initialized for 10.3.0.1 [27]
22:26:56.989-----------> TimeZoneDataBaseVersionChecker.init: Time zone data version mismatch detected:
 - Client (moment.js) tzdb version: 2025b
 - Server (JDK) tzdb version: 2026a
Date and time values may be incorrect if time zone rules differ.
To resolve, update the moment-timezone data on the client and/or the JDK time zone data (TZUpdater or Java update) on the server so both use the same version. [27]
22:27:15.595-----------> EGSCreateRateUSDtoPEN.doIt: PASO 1: Abriendo canal seguro y capturando contexto perimetral... [525]
22:27:15.704-----------> EGSCreateRateUSDtoPEN.doIt: Cookies capturadas dinámicamente: [IAASISTENCIAGESTIONSESSION=SFuLhWTvojdwJXKzdyvoDO9pV5gpgp2rAWWkL1iwqkfHK7QHfvKO2d75GTTxFvuH96aJ7GqjRPxOnLMZSJ7YU9To9k7LQAuSpdD19cPPwP5BDd58gsqARjdTgEzkSTgG_HRgQxUVzxgKmcoBv40PiHQjjeBJ7n4Hzmn2MkceeMTCy87v04jh-kOgNm3xLESmEkTuG3Whfxx0ctdJeFbcUqaIvzVWtPoU9KtEriOneof20FfJRiPSifcZPp62LF3_!1298053303!-445114015; TSf3c1dbbd027=08fe7428c8ab200009978f29418fcc5c41895671d33f6ad12095a3f0618f1763ac44aee636d329c508cdcb6ad11130009b10060d1cdbec1c3051c66f2b7c07624b031cff6cc95c355ffa98aa95291fc3c59ed63cb24d501b031c09929bb464ba] [525]
22:27:15.716-----------> EGSCreateRateUSDtoPEN.doIt: Esperando estabilización de firma perimetral (Simulación de sesión)... [525]
22:27:20.216-----------> EGSCreateRateUSDtoPEN.doIt: PASO 2: Transmitiendo consulta via POST estructurado... [525]
22:27:20.217-----------> EGSCreateRateUSDtoPEN.doIt: Periodo de consulta: 06/2026 [525]
22:27:20.262-----------> EGSCreateRateUSDtoPEN.doIt: Respuesta HTTP del Servidor: 415 [525]
22:27:20.262-----------> EGSCreateRateUSDtoPEN.doIt: Respuesta cruda del API SUNAT: <!DOCTYPE HTML PUBLIC "-//W3C//DTD HTML 4.0 Draft//EN"><HTML><HEAD><TITLE>Error 415--Unsupported Media Type</TITLE></HEAD><BODY bgcolor="white"><FONT FACE=Helvetica><BR CLEAR=all><TABLE border=0 cellspacing=5><TR><TD><BR CLEAR=all><FONT FACE="Helvetica" COLOR="black" SIZE="3"><H2>Error 415--Unsupported Media Type</H2></FONT></TD></TR></TABLE><TABLE border=0 width=100% cellpadding=10><TR><TD VALIGN=top WIDTH=100% BGCOLOR=white><FONT FACE="Courier New"><FONT FACE="Helvetica" SIZE="3"><H3>From RFC 2068 <i>Hypertext Transfer Protocol -- HTTP/1.1</i>:</H3></FONT><FONT FACE="Helvetica" SIZE="3"><H4>10.4.16 415 Unsupported Media Type</H4></FONT><P><FONT FACE="Courier New">The server is refusing to service the request because the entity of the request is in a format not supported by the requested resource for the requested method.</FONT></P></FONT></TD></TR></TABLE></BODY></HTML> [525]
22:27:20.263-----------> EGSCreateRateUSDtoPEN.doIt: Respuesta inválida o bloqueo detectado para el periodo (06/2026). [525]
22:27:20.263-----------> EGSCreateRateUSDtoPEN.doIt: Ejecutando retroceso mensual defensivo. [525]
22:27:20.263-----------> EGSCreateRateUSDtoPEN.doIt: Intento 2 de 5. Reintentando secuencia completa... [525]
22:27:24.263-----------> EGSCreateRateUSDtoPEN.doIt: PASO 1: Abriendo canal seguro y capturando contexto perimetral... [525]
22:27:24.286-----------> EGSCreateRateUSDtoPEN.doIt: Cookies capturadas dinámicamente: [IAASISTENCIAGESTIONSESSION=2j2LhYZ2ZEgB44e8Ij-KPdQi0F_Ly9mqfbm1tQXAMAi11BKR-8kEVGG_8g6Wf2oEGVULhxdv4putsdr_UoDnDZ84_9aY2O_plIxe1S9vGHOlQmYvcAmJ1riwJRuqw4YIhKUZLeitcf8XBNz0y76WZKU-YHN3XRis-4mVjbOGhmW6J3o7dKLZVlFK055Hu8fFgzvaamybMnGD_4mlpPWz2yivUd8uM1PMLqfk-mXBiR78qoRwF5Djyw4VDHcAqvvG!1298053303!-445114015; TSf3c1dbbd027=08fe7428c8ab2000a5a297a707653342273598d14d002b6531c03031f9caae78a137ee9b88ae8f5b082da58a1211300077705212bdda8f22c7b6cf1bbe14a04b00e98f1e15abff4188fd8d1a1200d0d691de566f9b888f9b334bc2007f08a36e] [525]
22:27:24.287-----------> EGSCreateRateUSDtoPEN.doIt: Esperando estabilización de firma perimetral (Simulación de sesión)... [525]
22:27:28.787-----------> EGSCreateRateUSDtoPEN.doIt: PASO 2: Transmitiendo consulta via POST estructurado... [525]
22:27:28.788-----------> EGSCreateRateUSDtoPEN.doIt: Periodo de consulta: 05/2026 [525]
22:27:28.806-----------> EGSCreateRateUSDtoPEN.doIt: Respuesta HTTP del Servidor: 415 [525]
22:27:28.806-----------> EGSCreateRateUSDtoPEN.doIt: Respuesta cruda del API SUNAT: <!DOCTYPE HTML PUBLIC "-//W3C//DTD HTML 4.0 Draft//EN"><HTML><HEAD><TITLE>Error 415--Unsupported Media Type</TITLE></HEAD><BODY bgcolor="white"><FONT FACE=Helvetica><BR CLEAR=all><TABLE border=0 cellspacing=5><TR><TD><BR CLEAR=all><FONT FACE="Helvetica" COLOR="black" SIZE="3"><H2>Error 415--Unsupported Media Type</H2></FONT></TD></TR></TABLE><TABLE border=0 width=100% cellpadding=10><TR><TD VALIGN=top WIDTH=100% BGCOLOR=white><FONT FACE="Courier New"><FONT FACE="Helvetica" SIZE="3"><H3>From RFC 2068 <i>Hypertext Transfer Protocol -- HTTP/1.1</i>:</H3></FONT><FONT FACE="Helvetica" SIZE="3"><H4>10.4.16 415 Unsupported Media Type</H4></FONT><P><FONT FACE="Courier New">The server is refusing to service the request because the entity of the request is in a format not supported by the requested resource for the requested method.</FONT></P></FONT></TD></TR></TABLE></BODY></HTML> [525]
22:27:28.806-----------> EGSCreateRateUSDtoPEN.doIt: Respuesta inválida o bloqueo detectado para el periodo (05/2026). [525]
22:27:28.806-----------> EGSCreateRateUSDtoPEN.doIt: Ejecutando retroceso mensual defensivo. [525]
22:27:28.807-----------> EGSCreateRateUSDtoPEN.doIt: Intento 3 de 5. Reintentando secuencia completa... [525]
22:27:32.807-----------> EGSCreateRateUSDtoPEN.doIt: PASO 1: Abriendo canal seguro y capturando contexto perimetral... [525]
22:27:32.832-----------> EGSCreateRateUSDtoPEN.doIt: Cookies capturadas dinámicamente: [IAASISTENCIAGESTIONSESSION=CQGLhafW-gjpErmGY8bVlmjkBDCsjIJxAs_AyvqVC03lzlCOyxqj-5DOr2f8BgDsydI24eVQNA3V_6wsienCPx7IIM03A4-JRr0wk97J_7K5mRWoC7EH_MfzWeoJnfAowQadpfElDoA5tYJkBAe-kbJJy3H0edFgJKVxdexBLIKPu-DfUJKkB3yrKsyyQ_jDD8S7szaraiMGG6xT7ffS_gE8ZqX8wuZRbtiAvAcvl6nMqyb5GFiGOeARkhKmAjke!1298053303!-445114015; TSf3c1dbbd027=08fe7428c8ab2000900de0c6028b05dde36e0caf6b92876988b1a1a1aa90c0a05d0ce0a0376e8a0308d1c0539a11300068fe406e1b6d059f59e2e0df57158aada407205269d889a857a1adcc91fca6f888a1b309a5aa679fd161bb3bbf73efaa] [525]
22:27:32.833-----------> EGSCreateRateUSDtoPEN.doIt: Esperando estabilización de firma perimetral (Simulación de sesión)... [525]
22:27:37.334-----------> EGSCreateRateUSDtoPEN.doIt: PASO 2: Transmitiendo consulta via POST estructurado... [525]
22:27:37.334-----------> EGSCreateRateUSDtoPEN.doIt: Periodo de consulta: 04/2026 [525]
22:27:37.357-----------> EGSCreateRateUSDtoPEN.doIt: Respuesta HTTP del Servidor: 415 [525]
22:27:37.357-----------> EGSCreateRateUSDtoPEN.doIt: Respuesta cruda del API SUNAT: <!DOCTYPE HTML PUBLIC "-//W3C//DTD HTML 4.0 Draft//EN"><HTML><HEAD><TITLE>Error 415--Unsupported Media Type</TITLE></HEAD><BODY bgcolor="white"><FONT FACE=Helvetica><BR CLEAR=all><TABLE border=0 cellspacing=5><TR><TD><BR CLEAR=all><FONT FACE="Helvetica" COLOR="black" SIZE="3"><H2>Error 415--Unsupported Media Type</H2></FONT></TD></TR></TABLE><TABLE border=0 width=100% cellpadding=10><TR><TD VALIGN=top WIDTH=100% BGCOLOR=white><FONT FACE="Courier New"><FONT FACE="Helvetica" SIZE="3"><H3>From RFC 2068 <i>Hypertext Transfer Protocol -- HTTP/1.1</i>:</H3></FONT><FONT FACE="Helvetica" SIZE="3"><H4>10.4.16 415 Unsupported Media Type</H4></FONT><P><FONT FACE="Courier New">The server is refusing to service the request because the entity of the request is in a format not supported by the requested resource for the requested method.</FONT></P></FONT></TD></TR></TABLE></BODY></HTML> [525]
22:27:37.357-----------> EGSCreateRateUSDtoPEN.doIt: Respuesta inválida o bloqueo detectado para el periodo (04/2026). [525]
22:27:37.358-----------> EGSCreateRateUSDtoPEN.doIt: Ejecutando retroceso mensual defensivo. [525]
22:27:37.358-----------> EGSCreateRateUSDtoPEN.doIt: Intento 4 de 5. Reintentando secuencia completa... [525]
22:27:41.359-----------> EGSCreateRateUSDtoPEN.doIt: PASO 1: Abriendo canal seguro y capturando contexto perimetral... [525]
22:27:41.383-----------> EGSCreateRateUSDtoPEN.doIt: Cookies capturadas dinámicamente: [IAASISTENCIAGESTIONSESSION=GhyLhck-RhWVlwEnVP-lF-i2QGHfNQYPsdchOTnP5qE6UCzwh9WZXfmBBVMJnEk7hMKF3MbLhJNZv7YiCMMeYqOWw9NnvIMpSN5wuoy4_udomJoj4493kxEUUavIB2PRV8o1XVCKec-3sZbtOtfQSRraaIprLLG1iL4XyCkCJI8izCeKQVbKrxORdOENw7qfVSbJhVnAue92Wxf5ZfiLQozd199OqZsBE5YRBtXGRtk1JgoBoSua3qjqLlo53qEN!1298053303!-445114015; TSf3c1dbbd027=08fe7428c8ab2000697df61090256a12038278307f439545160dabb6c9bfc2ded4b4b29b34c9fbaa0851b71a9e11300003848b52b1dacfb91fb3e698b4e9becef373c650c516313ecf193db461540b32966edb38333260d5b6670cb2219f4aec] [525]
22:27:41.385-----------> EGSCreateRateUSDtoPEN.doIt: Esperando estabilización de firma perimetral (Simulación de sesión)... [525]
22:27:45.886-----------> EGSCreateRateUSDtoPEN.doIt: PASO 2: Transmitiendo consulta via POST estructurado... [525]
22:27:45.886-----------> EGSCreateRateUSDtoPEN.doIt: Periodo de consulta: 03/2026 [525]
22:27:45.908-----------> EGSCreateRateUSDtoPEN.doIt: Respuesta HTTP del Servidor: 415 [525]
22:27:45.908-----------> EGSCreateRateUSDtoPEN.doIt: Respuesta cruda del API SUNAT: <!DOCTYPE HTML PUBLIC "-//W3C//DTD HTML 4.0 Draft//EN"><HTML><HEAD><TITLE>Error 415--Unsupported Media Type</TITLE></HEAD><BODY bgcolor="white"><FONT FACE=Helvetica><BR CLEAR=all><TABLE border=0 cellspacing=5><TR><TD><BR CLEAR=all><FONT FACE="Helvetica" COLOR="black" SIZE="3"><H2>Error 415--Unsupported Media Type</H2></FONT></TD></TR></TABLE><TABLE border=0 width=100% cellpadding=10><TR><TD VALIGN=top WIDTH=100% BGCOLOR=white><FONT FACE="Courier New"><FONT FACE="Helvetica" SIZE="3"><H3>From RFC 2068 <i>Hypertext Transfer Protocol -- HTTP/1.1</i>:</H3></FONT><FONT FACE="Helvetica" SIZE="3"><H4>10.4.16 415 Unsupported Media Type</H4></FONT><P><FONT FACE="Courier New">The server is refusing to service the request because the entity of the request is in a format not supported by the requested resource for the requested method.</FONT></P></FONT></TD></TR></TABLE></BODY></HTML> [525]
22:27:45.908-----------> EGSCreateRateUSDtoPEN.doIt: Respuesta inválida o bloqueo detectado para el periodo (03/2026). [525]
22:27:45.908-----------> EGSCreateRateUSDtoPEN.doIt: Ejecutando retroceso mensual defensivo. [525]
22:27:45.908-----------> EGSCreateRateUSDtoPEN.doIt: Intento 5 de 5. Reintentando secuencia completa... [525]
22:27:49.909-----------> EGSCreateRateUSDtoPEN.doIt: PASO 1: Abriendo canal seguro y capturando contexto perimetral... [525]
22:27:49.937-----------> EGSCreateRateUSDtoPEN.doIt: Cookies capturadas dinámicamente: [IAASISTENCIAGESTIONSESSION=sbqLheqlxVOsikaLsO8nxlcmLE7G0jnGLzk7NhD8Wx5t04kkyXI9jA0slVZMB4rlDdgu5r50sLx5f0KAZEqn31w5XQD3rL6hKRb1n82gnNrhZ-y9_bYeRAzaiOvItAMsUujUjykAQH7-3GKgC6Z09PcQx-NjlHQ8mrN2zgZAVXouMZT-xK4ci-GWwMGZZHzAf7pvHbdgvhsINMOU6_KCmqnDEtf1Yp5inDBQA5AK64WzHNcMh7eyMmg6dBhZBltP!1298053303!-445114015; TSf3c1dbbd027=08fe7428c8ab2000e8cfe07a28b805c54f88beeb4259e8b43a424211aa1b8bf029c6ea9966e18e5608a612289e113000282eacf0fef2be96c56f808847e036655d7417c18fa1b71779a4437b6a007dbd98f3f046ffc9b8a4075f5ad799547d72] [525]
22:27:49.938-----------> EGSCreateRateUSDtoPEN.doIt: Esperando estabilización de firma perimetral (Simulación de sesión)... [525]
22:27:54.438-----------> EGSCreateRateUSDtoPEN.doIt: PASO 2: Transmitiendo consulta via POST estructurado... [525]
22:27:54.439-----------> EGSCreateRateUSDtoPEN.doIt: Periodo de consulta: 02/2026 [525]
22:27:54.461-----------> EGSCreateRateUSDtoPEN.doIt: Respuesta HTTP del Servidor: 415 [525]
22:27:54.461-----------> EGSCreateRateUSDtoPEN.doIt: Respuesta cruda del API SUNAT: <!DOCTYPE HTML PUBLIC "-//W3C//DTD HTML 4.0 Draft//EN"><HTML><HEAD><TITLE>Error 415--Unsupported Media Type</TITLE></HEAD><BODY bgcolor="white"><FONT FACE=Helvetica><BR CLEAR=all><TABLE border=0 cellspacing=5><TR><TD><BR CLEAR=all><FONT FACE="Helvetica" COLOR="black" SIZE="3"><H2>Error 415--Unsupported Media Type</H2></FONT></TD></TR></TABLE><TABLE border=0 width=100% cellpadding=10><TR><TD VALIGN=top WIDTH=100% BGCOLOR=white><FONT FACE="Courier New"><FONT FACE="Helvetica" SIZE="3"><H3>From RFC 2068 <i>Hypertext Transfer Protocol -- HTTP/1.1</i>:</H3></FONT><FONT FACE="Helvetica" SIZE="3"><H4>10.4.16 415 Unsupported Media Type</H4></FONT><P><FONT FACE="Courier New">The server is refusing to service the request because the entity of the request is in a format not supported by the requested resource for the requested method.</FONT></P></FONT></TD></TR></TABLE></BODY></HTML> [525]
22:27:54.461-----------> EGSCreateRateUSDtoPEN.doIt: Respuesta inválida o bloqueo detectado para el periodo (02/2026). [525]
22:27:54.462-----------> EGSCreateRateUSDtoPEN.doIt: Ejecutando retroceso mensual defensivo. [525]
22:27:54.464===========> EGSCreateRateUSDtoPEN.process: Fallo final de consistencia de datos. [525]
org.adempiere.exceptions.AdempiereException: Fallo final de consistencia de datos.
	at com.egssmart.finantials.proccess.EGSCreateRateUSDtoPEN.doIt(Unknown Source)
	at org.compiere.process.SvrProcess.process(Unknown Source)
	at org.compiere.process.SvrProcess.startProcess(Unknown Source)
	at org.adempiere.util.ProcessUtil.startJavaProcess(Unknown Source)
	at org.compiere.apps.AbstractProcessCtl.startProcess(Unknown Source)
	at org.compiere.apps.AbstractProcessCtl.run(Unknown Source)
	at org.adempiere.webui.apps.WProcessCtl.process(Unknown Source)
	at org.adempiere.webui.apps.AbstractProcessDialog$ProcessDialogRunnable.doRun(Unknown Source)
	at org.adempiere.util.ContextRunnable.run(Unknown Source)
	at org.adempiere.webui.apps.DesktopRunnable.run(Unknown Source)
	at java.base/java.util.concurrent.Executors$RunnableAdapter.call(Executors.java:539)

22:28:57.986-----------> PackInApplicationActivator.getFilesToProcess: Processing migration [485]

*** 2026-06-03 02:17:57.023 idempiere Log (CLogFile) ***
