*** 2026-06-02 18:42:49.506 idempiere Log (CLogFile) ***
18:42:49.501 Adempiere.startup: iDempiere(r) Release 14_2026-03-09 -Smart Suite ERP, CRM and SCM- (c) 1999-2026 iDempiere(r); Implementation: iDempiere - Supported by iDempiere community [27]
18:42:49.509 Ini.loadProperties: /home/nextcollege/BDeveloper/idempiere-dev-setup-14/idempiere/idempiere.properties #29 [27]
18:42:49.516-----------> Core.getKeyStore: Encryption with legacy key algorithm DES detected - it is recommended to migrate to a stronger algorithm [27]
18:42:50.024-----------> Activator.createHazelCastInstance: Starting hazelcast with configuration from file hazelcast.xml [27]
18:42:50.537-----------> CPSubsystem: [192.168.0.55]:5701 [adempiere.idempiere14/localhost:5432] [5.3.7] CP Subsystem is not enabled. CP data structures will operate in UNSAFE mode! Please note that UNSAFE mode will not provide strong consistency guarantees. [27]
18:42:50.849-----------> Node: [192.168.0.55]:5701 [adempiere.idempiere14/localhost:5432] [5.3.7] No join method is enabled! Starting standalone. [27]
18:42:51.404-----------> DB.isBuildOK: Build Version Error 

The program assumes build version 14.0.0.qualifier, but database has build version ${env.ADEMPIERE_VERSION} 20080428-1232. 
This is likely to cause hard to fix errors. 
Please contact administrator. [27]
18:42:53.200-----------> EMail.setFrom: you @ company.org: javax.mail.internet.AddressException: Local address contains control or whitespace in string ``you @ company.org'' [27]
18:42:53.205-----------> EMail.addTo: you @ company.org: javax.mail.internet.AddressException: Local address contains control or whitespace in string ``you @ company.org'' [27]
18:42:53.205-----------> EMail.isValid: From is invalid=null [27]
18:42:53.206-----------> EMail.isValid: From is invalid=null [27]
18:42:53.210-----------> MClient.sendEMail: Could NOT Send Email: Server started: iDempiere (nextcollege-G751JT:192.168.0.55) to you @ company.org: Invalid Data (System) [27]
18:42:54.548           LoggedSessionListener.contextInitialized: iDempiere context initialized for 10.3.0.1 [27]
18:42:54.771-----------> TimeZoneDataBaseVersionChecker.init: Time zone data version mismatch detected:
 - Client (moment.js) tzdb version: 2025b
 - Server (JDK) tzdb version: 2026a
Date and time values may be incorrect if time zone rules differ.
To resolve, update the moment-timezone data on the client and/or the JDK time zone data (TZUpdater or Java update) on the server so both use the same version. [27]
18:44:13.565-----------> EGSCreateRateUSDtoPEN.doIt: PASO 1: Abriendo canal seguro y capturando contexto... [507]
18:44:13.963-----------> EGSCreateRateUSDtoPEN.doIt: Cookies validadas: [TSf3c1dbbd027=08fe7428c8ab2000f8661827ae9af0ea9a450515f3b011e46863c667c714f9b924791e214d4df38d0899e08c851130003dd86f3df108435b9fb82bdc07b9ce8ddd428989187927166ce54f20575f2c07d5279c8eb15e0631c6aaca3177d6770e; IAASISTENCIAGESTIONSESSION=tiuKuTSkGe86enCmaEZT93tnfIJgthpIM4CecA8-8fSUgqQ_xal_3j6sPsv66mDDmyOgipgBMgmsTsGN40n5jZ7KwLy-mG95_DkSy6TahFBmCksAdfDbei2iL24f_XE0CAvs4qI2W1CNCNJcaEDC1ohxVhzHUwIc2WmmsrZrffZV-2cI9YuYZAO6Vnnu5VfzCVhUsS01s-nldzDOPRoy5EWRJEK1s4G5fFxDcMSHqJbk5FamzMb2w5drAOdIgxhG!1298053303!-445114015] [507]
18:44:14.050-----------> EGSCreateRateUSDtoPEN.doIt: Esperando renderizado de interfaz (estabilización de canal)... [507]
18:44:17.051-----------> EGSCreateRateUSDtoPEN.doIt: PASO 2: Transmitiendo consulta híbrida sobre canal persistente... [507]
18:44:17.051-----------> EGSCreateRateUSDtoPEN.doIt: URL Destino: https://e-consulta.sunat.gob.pe/cl-at-ittipcam/tcS01Alias/listarTipoCambio?anhoConsulta=2026&mesConsulta=6&indMes=1&mode=month [507]
18:44:17.149-----------> EGSCreateRateUSDtoPEN.doIt: Respuesta HTTP del Servidor: 200 [507]
18:44:17.149-----------> EGSCreateRateUSDtoPEN.doIt: Respuesta cruda del API SUNAT: [] [507]
18:44:17.150-----------> EGSCreateRateUSDtoPEN.doIt: Excepción en el intento 1: El JSON de respuesta no contiene las llaves de negocio. [507]
18:44:17.150-----------> EGSCreateRateUSDtoPEN.doIt: Intento 2 de 5. Reintentando secuencia completa... [507]
18:44:21.151-----------> EGSCreateRateUSDtoPEN.doIt: PASO 1: Abriendo canal seguro y capturando contexto... [507]
18:44:21.250-----------> EGSCreateRateUSDtoPEN.doIt: Cookies validadas: [TSf3c1dbbd027=08fe7428c8ab2000f7fa5c8fa3e97a74d411ec1557ec5db663c9b6cd113d960fa2edeec2e0f349640807be4b6f113000a64a7233f8b0360d16c8f6b9a0a8b4adbc59ccea33893b896552d6187720b4481f59329f24ff6804ffc9362b6749b6b4; IAASISTENCIAGESTIONSESSION=hHuKuVEapUop251xG8fGo4hVwqBDfzIyNuDTXxlqrQPp6uGshIiE-tMdYDr8uJ960leMMjl852eVyrQVGtf7zXaZnh_u4vlWtKcp7MtDch2XpMHtJb84Zz-PucKpm6N3UtSvXDWnbcts04Ni3i4zv7FTHWfYzUH_VbJFw8liTm7-yTYCiS4oKJMM6-PS6gTseRutE9bBCduVEmWwksB-Eh_OLU_L2PB6kDzrLe-NiBcV6WFAq-Gw8o5cVjKuDq4b!1298053303!-445114015] [507]
18:44:21.252-----------> EGSCreateRateUSDtoPEN.doIt: Esperando renderizado de interfaz (estabilización de canal)... [507]
18:44:24.252-----------> EGSCreateRateUSDtoPEN.doIt: PASO 2: Transmitiendo consulta híbrida sobre canal persistente... [507]
18:44:24.253-----------> EGSCreateRateUSDtoPEN.doIt: URL Destino: https://e-consulta.sunat.gob.pe/cl-at-ittipcam/tcS01Alias/listarTipoCambio?anhoConsulta=2026&mesConsulta=6&indMes=1&mode=month [507]
18:44:24.351-----------> EGSCreateRateUSDtoPEN.doIt: Respuesta HTTP del Servidor: 200 [507]
18:44:24.351-----------> EGSCreateRateUSDtoPEN.doIt: Respuesta cruda del API SUNAT: [] [507]
18:44:24.352-----------> EGSCreateRateUSDtoPEN.doIt: Excepción en el intento 2: El JSON de respuesta no contiene las llaves de negocio. [507]
18:44:24.352-----------> EGSCreateRateUSDtoPEN.doIt: Intento 3 de 5. Reintentando secuencia completa... [507]
18:44:28.352-----------> EGSCreateRateUSDtoPEN.doIt: PASO 1: Abriendo canal seguro y capturando contexto... [507]
18:44:28.461-----------> EGSCreateRateUSDtoPEN.doIt: Cookies validadas: [TSf3c1dbbd027=08fe7428c8ab200035588c9315ffd4007a1cc5c8d6b8ecd649f9a7819b19f8ce3258b2dbe777ac4c08f801ea651130005373906fffa7082cabf32f8a7822e918b1dc6b0e133059f15c69c34c4ce27a4b480505b0b6cca73724815f5e1814c4a2; IAASISTENCIAGESTIONSESSION=ml6KuW1EwZbgZueOXNxnMdCueexORO0xUd1EyuGjLRPozgtjO_I_CCCMqz4moWLJtGq4p4u4gL7X_h8o700GqOPbROZ6j6rd4vdN3gP_U_bmkifTdz43EM0tSBpGcfb83975n4xuSYiBt7DdqfCmhPvwqlCbLFjy2TEOnhRXEWdPoflvgMSOCUdkaKxdkbGjOjYQ78lWYanWB8WJBWsWIPywiHSQGuxgqyxmTxcvWDLCZKQnHOpWUXAF87v5Ygj5!1298053303!-445114015] [507]
18:44:28.464-----------> EGSCreateRateUSDtoPEN.doIt: Esperando renderizado de interfaz (estabilización de canal)... [507]
18:44:31.464-----------> EGSCreateRateUSDtoPEN.doIt: PASO 2: Transmitiendo consulta híbrida sobre canal persistente... [507]
18:44:31.465-----------> EGSCreateRateUSDtoPEN.doIt: URL Destino: https://e-consulta.sunat.gob.pe/cl-at-ittipcam/tcS01Alias/listarTipoCambio?anhoConsulta=2026&mesConsulta=6&indMes=1&mode=month [507]
18:44:31.563-----------> EGSCreateRateUSDtoPEN.doIt: Respuesta HTTP del Servidor: 200 [507]
18:44:31.563-----------> EGSCreateRateUSDtoPEN.doIt: Respuesta cruda del API SUNAT: [] [507]
18:44:31.563-----------> EGSCreateRateUSDtoPEN.doIt: Excepción en el intento 3: El JSON de respuesta no contiene las llaves de negocio. [507]
18:44:31.564-----------> EGSCreateRateUSDtoPEN.doIt: Intento 4 de 5. Reintentando secuencia completa... [507]
18:44:35.564-----------> EGSCreateRateUSDtoPEN.doIt: PASO 1: Abriendo canal seguro y capturando contexto... [507]
18:44:35.663-----------> EGSCreateRateUSDtoPEN.doIt: Cookies validadas: [TSf3c1dbbd027=08fe7428c8ab20000bd4974a09be01b15967222e160aa062913d5874e1dcc9047ad5b453f3a99327081cc3b46d1130009ee6194fc1572b650c2b0a2f7809ad082df4a19b5ab7b397f8a523b622cf2e67839b58016e682f966425a52dcad5cbaa; IAASISTENCIAGESTIONSESSION=y4CKuYlnFxZeP6OxH-lT9IER-km1gkeDGh6apRJ9TB1KDII4J2zWPWn5oF8zusNsT9s7Wren2yeveA8rsdImTyHn53sJyl0iL7W3LPuyx6p9I0BILZQZM9fM6z2nvWbQuWj5waD-8Qg0iq2uhlvHutqEm1jRif2GHL8dZEvXvVPApBE_A3S8dns_ymyYnLPlMBu3ttB8-_Zvnn7JUHLMmfwfdqcO7ymOpRr6XklqkamPqd67bDYj3glD14wxkhRu!1298053303!-445114015] [507]
18:44:35.666-----------> EGSCreateRateUSDtoPEN.doIt: Esperando renderizado de interfaz (estabilización de canal)... [507]
18:44:38.666-----------> EGSCreateRateUSDtoPEN.doIt: PASO 2: Transmitiendo consulta híbrida sobre canal persistente... [507]
18:44:38.667-----------> EGSCreateRateUSDtoPEN.doIt: URL Destino: https://e-consulta.sunat.gob.pe/cl-at-ittipcam/tcS01Alias/listarTipoCambio?anhoConsulta=2026&mesConsulta=6&indMes=1&mode=month [507]
18:44:38.768-----------> EGSCreateRateUSDtoPEN.doIt: Respuesta HTTP del Servidor: 200 [507]
18:44:38.768-----------> EGSCreateRateUSDtoPEN.doIt: Respuesta cruda del API SUNAT: [] [507]
18:44:38.768-----------> EGSCreateRateUSDtoPEN.doIt: Excepción en el intento 4: El JSON de respuesta no contiene las llaves de negocio. [507]
18:44:38.768-----------> EGSCreateRateUSDtoPEN.doIt: Intento 5 de 5. Reintentando secuencia completa... [507]
18:44:42.769-----------> EGSCreateRateUSDtoPEN.doIt: PASO 1: Abriendo canal seguro y capturando contexto... [507]
18:44:42.868-----------> EGSCreateRateUSDtoPEN.doIt: Cookies validadas: [TSf3c1dbbd027=08fe7428c8ab200054f013e577cf6439e55f86b717ae2bf88f9c27f2a8a9a1e933be45b31695c34408caea47d81130006bcb5d41a7b3764026e1532fa7f6dbb61184cd628e4fb3e24cfc125c4d843c4ab20c5fb80c00316fdfc7a067cb082320; IAASISTENCIAGESTIONSESSION=kfOKuaWM3vH0bUK7xy1yvF4xs-Ffx0aMnNJ668dq9Og6U6ani1TzgPDrS-nuYjDgP3Koro5URHyOXyQSDoWnXO9HrkQgViosHBFKa4JZ_rhFczjj02OxE8Kix8qM3Lkxv9LqDTUS6PcCFATl1xxLtl3hQAI-uN7cjTzARSwA7PaTA4OW-HWd23x78wzp1-rwFatqmv8qQTm1jjLHE4d39U9VVc_a-t5q9QjrWz5FLkhYd_EaaAzmPzdpIVtklhPW!1298053303!-445114015] [507]
18:44:42.870-----------> EGSCreateRateUSDtoPEN.doIt: Esperando renderizado de interfaz (estabilización de canal)... [507]
18:44:45.870-----------> EGSCreateRateUSDtoPEN.doIt: PASO 2: Transmitiendo consulta híbrida sobre canal persistente... [507]
18:44:45.870-----------> EGSCreateRateUSDtoPEN.doIt: URL Destino: https://e-consulta.sunat.gob.pe/cl-at-ittipcam/tcS01Alias/listarTipoCambio?anhoConsulta=2026&mesConsulta=6&indMes=1&mode=month [507]
18:44:45.973-----------> EGSCreateRateUSDtoPEN.doIt: Respuesta HTTP del Servidor: 200 [507]
18:44:45.973-----------> EGSCreateRateUSDtoPEN.doIt: Respuesta cruda del API SUNAT: [] [507]
18:44:45.973-----------> EGSCreateRateUSDtoPEN.doIt: Excepción en el intento 5: El JSON de respuesta no contiene las llaves de negocio. [507]
18:44:45.974===========> EGSCreateRateUSDtoPEN.process: No se pudo estabilizar la consistencia de datos tras múltiples reintentos. [507]
UserError: El JSON de respuesta no contiene las llaves de negocio.
	at com.egssmart.finantials.proccess.EGSCreateRateUSDtoPEN.doIt(Unknown Source)
	at org.compiere.process.SvrProcess.process(Unknown Source)
	at org.compiere.process.SvrProcess.startProcess(Unknown Source)
	at org.adempiere.util.ProcessUtil.startJavaProcess(Unknown Source)
	at org.compiere.apps.AbstractProcessCtl.startProcess(Unknown Source)
	at org.compiere.apps.AbstractProcessCtl.run(Unknown Source)
	at org.adempiere.webui.apps.WProcessCtl.process(Unknown Source)
	at org.adempiere.webui.apps.AbstractProcessDialog$ProcessDialogRunnable.doRun(Unknown Source)
	at org.adempiere.util.ContextRunnable.run(Unknown Source)
	at org.adempiere.webui.apps.DesktopRunnable.run(Unknown Source)
	at java.base/java.util.concurrent.Executors$RunnableAdapter.call(Executors.java:539)

18:44:55.887-----------> PackInApplicationActivator.getFilesToProcess: Processing migration [489]

*** 2026-06-02 19:10:54.956 idempiere Log (CLogFile) ***
