*** 2026-06-02 14:48:41.993 idempiere Log (CLogFile) ***
14:48:41.992 Adempiere.startup: iDempiere(r) Release 14_2026-03-09 -Smart Suite ERP, CRM and SCM- (c) 1999-2026 iDempiere(r); Implementation: iDempiere - Supported by iDempiere community [27]
14:48:41.994 Ini.loadProperties: /home/nextcollege/BDeveloper/idempiere-dev-setup-14/idempiere/idempiere.properties #29 [27]
14:48:42.002-----------> Core.getKeyStore: Encryption with legacy key algorithm DES detected - it is recommended to migrate to a stronger algorithm [27]
14:48:42.008 AnnotationBasedModelFactory.lambda$0: AnnotationBasedModelFactory loaded 741 classes in 1.869s [40]
14:48:42.681-----------> Activator.createHazelCastInstance: Starting hazelcast with configuration from file hazelcast.xml [27]
14:48:43.333-----------> CPSubsystem: [192.168.0.55]:5701 [adempiere.idempiere14/localhost:5432] [5.3.7] CP Subsystem is not enabled. CP data structures will operate in UNSAFE mode! Please note that UNSAFE mode will not provide strong consistency guarantees. [27]
14:48:43.681-----------> Node: [192.168.0.55]:5701 [adempiere.idempiere14/localhost:5432] [5.3.7] No join method is enabled! Starting standalone. [27]
14:48:44.356-----------> DB.isBuildOK: Build Version Error 

The program assumes build version 14.0.0.qualifier, but database has build version ${env.ADEMPIERE_VERSION} 20080428-1232. 
This is likely to cause hard to fix errors. 
Please contact administrator. [27]
14:48:46.561-----------> EMail.setFrom: you @ company.org: javax.mail.internet.AddressException: Local address contains control or whitespace in string ``you @ company.org'' [27]
14:48:46.566-----------> EMail.addTo: you @ company.org: javax.mail.internet.AddressException: Local address contains control or whitespace in string ``you @ company.org'' [27]
14:48:46.566-----------> EMail.isValid: From is invalid=null [27]
14:48:46.567-----------> EMail.isValid: From is invalid=null [27]
14:48:46.571-----------> MClient.sendEMail: Could NOT Send Email: Server started: iDempiere (nextcollege-G751JT:192.168.0.55) to you @ company.org: Invalid Data (System) [27]
14:48:48.104           LoggedSessionListener.contextInitialized: iDempiere context initialized for 10.3.0.1 [27]
14:48:48.325-----------> TimeZoneDataBaseVersionChecker.init: Time zone data version mismatch detected:
 - Client (moment.js) tzdb version: 2025b
 - Server (JDK) tzdb version: 2026a
Date and time values may be incorrect if time zone rules differ.
To resolve, update the moment-timezone data on the client and/or the JDK time zone data (TZUpdater or Java update) on the server so both use the same version. [27]
14:50:49.345-----------> PackInApplicationActivator.getFilesToProcess: Processing migration [425]

*** 2026-06-02 14:50:56.352 idempiere Log (CLogFile) ***
