*** 2026-06-02 01:25:31.168 idempiere Log (CLogFile) ***
01:25:31.167 Adempiere.startup: iDempiere(r) Release 14_2026-03-09 -Smart Suite ERP, CRM and SCM- (c) 1999-2026 iDempiere(r); Implementation: iDempiere - Supported by iDempiere community [27]
01:25:31.169 Ini.loadProperties: /home/nextcollege/BDeveloper/idempiere-dev-setup-14/idempiere/idempiere.properties #29 [27]
01:25:31.177-----------> Core.getKeyStore: Encryption with legacy key algorithm DES detected - it is recommended to migrate to a stronger algorithm [27]
01:25:31.712-----------> Activator.createHazelCastInstance: Starting hazelcast with configuration from file hazelcast.xml [27]
01:25:32.242-----------> CPSubsystem: [192.168.0.55]:5701 [adempiere.idempiere14/localhost:5432] [5.3.7] CP Subsystem is not enabled. CP data structures will operate in UNSAFE mode! Please note that UNSAFE mode will not provide strong consistency guarantees. [27]
01:25:32.573-----------> Node: [192.168.0.55]:5701 [adempiere.idempiere14/localhost:5432] [5.3.7] No join method is enabled! Starting standalone. [27]
01:25:33.056-----------> DB.isBuildOK: Build Version Error 

The program assumes build version 14.0.0.qualifier, but database has build version ${env.ADEMPIERE_VERSION} 20080428-1232. 
This is likely to cause hard to fix errors. 
Please contact administrator. [27]
01:25:34.911-----------> EMail.setFrom: you @ company.org: javax.mail.internet.AddressException: Local address contains control or whitespace in string ``you @ company.org'' [27]
01:25:34.916-----------> EMail.addTo: you @ company.org: javax.mail.internet.AddressException: Local address contains control or whitespace in string ``you @ company.org'' [27]
01:25:34.916-----------> EMail.isValid: From is invalid=null [27]
01:25:34.917-----------> EMail.isValid: From is invalid=null [27]
01:25:34.923-----------> MClient.sendEMail: Could NOT Send Email: Server started: iDempiere (nextcollege-G751JT:192.168.0.55) to you @ company.org: Invalid Data (System) [27]
01:25:36.365           LoggedSessionListener.contextInitialized: iDempiere context initialized for 10.3.0.1 [27]
01:26:27.803-----------> EGSCreateRateUSDtoPEN.doIt: Paso 1: Inicializando sesión y obteniendo Cookies de la SUNAT... [559]
01:26:27.974-----------> EGSCreateRateUSDtoPEN.doIt: Paso 2: Enviando formulario POST con sesión activa para el mes: 05 del año: 2026 [559]
01:26:28.091===========> EGSCreateRateUSDtoPEN.process: No se encontraron registros de tasas de cambio en la respuesta de la SUNAT. [559]
UserError: No se encontraron registros de tasas de cambio en la respuesta de la SUNAT.
	at com.egssmart.finantials.proccess.EGSCreateRateUSDtoPEN.doIt(Unknown Source)
	at org.compiere.process.SvrProcess.process(Unknown Source)
	at org.compiere.process.SvrProcess.startProcess(Unknown Source)
	at org.adempiere.util.ProcessUtil.startJavaProcess(Unknown Source)
	at org.compiere.apps.AbstractProcessCtl.startProcess(Unknown Source)
	at org.compiere.apps.AbstractProcessCtl.run(Unknown Source)
	at org.adempiere.webui.apps.WProcessCtl.process(Unknown Source)
	at org.adempiere.webui.apps.AbstractProcessDialog$ProcessDialogRunnable.doRun(Unknown Source)
	at org.adempiere.util.ContextRunnable.run(Unknown Source)
	at org.adempiere.webui.apps.DesktopRunnable.run(Unknown Source)
	at java.base/java.util.concurrent.Executors$RunnableAdapter.call(Executors.java:539)

01:27:37.585-----------> PackInApplicationActivator.getFilesToProcess: Processing migration [516]

*** 2026-06-02 01:28:53.153 idempiere Log (CLogFile) ***
