*** 2026-06-02 16:42:11.756 idempiere Log (CLogFile) ***
16:42:11.755 Adempiere.startup: iDempiere(r) Release 14_2026-03-09 -Smart Suite ERP, CRM and SCM- (c) 1999-2026 iDempiere(r); Implementation: iDempiere - Supported by iDempiere community [27]
16:42:11.757 Ini.loadProperties: /home/nextcollege/BDeveloper/idempiere-dev-setup-14/idempiere/idempiere.properties #29 [27]
16:42:11.763-----------> Core.getKeyStore: Encryption with legacy key algorithm DES detected - it is recommended to migrate to a stronger algorithm [27]
16:42:11.775 AnnotationBasedModelFactory.lambda$0: AnnotationBasedModelFactory loaded 741 classes in 2.151s [42]
16:42:12.269-----------> Activator.createHazelCastInstance: Starting hazelcast with configuration from file hazelcast.xml [27]
16:42:12.817-----------> CPSubsystem: [192.168.0.55]:5701 [adempiere.idempiere14/localhost:5432] [5.3.7] CP Subsystem is not enabled. CP data structures will operate in UNSAFE mode! Please note that UNSAFE mode will not provide strong consistency guarantees. [27]
16:42:13.140-----------> Node: [192.168.0.55]:5701 [adempiere.idempiere14/localhost:5432] [5.3.7] No join method is enabled! Starting standalone. [27]
16:42:13.748-----------> DB.isBuildOK: Build Version Error 

The program assumes build version 14.0.0.qualifier, but database has build version ${env.ADEMPIERE_VERSION} 20080428-1232. 
This is likely to cause hard to fix errors. 
Please contact administrator. [27]
16:42:15.726-----------> EMail.setFrom: you @ company.org: javax.mail.internet.AddressException: Local address contains control or whitespace in string ``you @ company.org'' [27]
16:42:15.730-----------> EMail.addTo: you @ company.org: javax.mail.internet.AddressException: Local address contains control or whitespace in string ``you @ company.org'' [27]
16:42:15.731-----------> EMail.isValid: From is invalid=null [27]
16:42:15.731-----------> EMail.isValid: From is invalid=null [27]
16:42:15.734-----------> MClient.sendEMail: Could NOT Send Email: Server started: iDempiere (nextcollege-G751JT:192.168.0.55) to you @ company.org: Invalid Data (System) [27]
16:42:17.024           LoggedSessionListener.contextInitialized: iDempiere context initialized for 10.3.0.1 [27]
16:42:17.231-----------> TimeZoneDataBaseVersionChecker.init: Time zone data version mismatch detected:
 - Client (moment.js) tzdb version: 2025b
 - Server (JDK) tzdb version: 2026a
Date and time values may be incorrect if time zone rules differ.
To resolve, update the moment-timezone data on the client and/or the JDK time zone data (TZUpdater or Java update) on the server so both use the same version. [27]
16:43:14.714-----------> EGSCreateRateUSDtoPEN.doIt: PASO 1: Abriendo canal seguro y capturando contexto... [549]
16:43:15.198-----------> EGSCreateRateUSDtoPEN.doIt: Cookies validadas: [TSf3c1dbbd027=08fe7428c8ab2000148d2d4c4ed813e51ad048955a524ee5a5f03ba25eba287400d37127f31ec4a508b8215364113000d2849f3e9c28b9861d259db719a3e903cb536312e8d4c581daf5153cef4bc2b38c89668c6d890a136d31af9046230c17; TS0105b0c6=014dc399cb4f63bed4b709e109af781e3ccdbfd3bd12cc35887656b1a0d989fe8f1c8b5b95fcd61fcb32d7ef373dc6eaea56ef22e381aabf9da0bbed3166f444dfbce3f699; IAASISTENCIAGESTIONSESSION=4oiKSnGah5_fUEWaHOj94TKpLnfkw4SazjcwmIJkq0vx0Cs4kj8bjyBF_pLo_bj_Bl4iifqGoVJyifMmXfX_ZD749d2DefpMG6vlFUmvhVAjCSH5sc0nvox0g-bNiSp2mpRNTSWjQ8Dre4Ns-1C43_xwHFW1zlJPPsESg2N1Db1uFOzBra5kCioa8uB8i0id8sZLfNYdrn0W-GavWm89e8aYNfNiSTwIQx4qXBU0x65yezTu8dHW1bHkd3ngNCAh!1298053303!-445114015] [549]
16:43:15.200-----------> EGSCreateRateUSDtoPEN.doIt: Esperando renderizado de interfaz (estabilización de canal)... [549]
16:43:18.200-----------> EGSCreateRateUSDtoPEN.doIt: PASO 2: Transmitiendo Payload asíncrono sobre el mismo canal... [549]
16:43:18.201-----------> EGSCreateRateUSDtoPEN.doIt: Enviando a: https://e-consulta.sunat.gob.pe/cl-at-ittipcam/tcS01Alias/listarTipoCambio [549]
16:43:18.306-----------> EGSCreateRateUSDtoPEN.doIt: Respuesta HTTP del Servidor: 400 [549]
16:43:18.306-----------> EGSCreateRateUSDtoPEN.doIt: Respuesta cruda del API SUNAT: <!DOCTYPE HTML PUBLIC "-//W3C//DTD HTML 4.0 Draft//EN"><HTML><HEAD><TITLE>Error 400--Bad Request</TITLE></HEAD><BODY bgcolor="white"><FONT FACE=Helvetica><BR CLEAR=all><TABLE border=0 cellspacing=5><TR><TD><BR CLEAR=all><FONT FACE="Helvetica" COLOR="black" SIZE="3"><H2>Error 400--Bad Request</H2></FONT></TD></TR></TABLE><TABLE border=0 width=100% cellpadding=10><TR><TD VALIGN=top WIDTH=100% BGCOLOR=white><FONT FACE="Courier New"><FONT FACE="Helvetica" SIZE="3"><H3>From RFC 2068 <i>Hypertext Transfer Protocol -- HTTP/1.1</i>:</H3></FONT><FONT FACE="Helvetica" SIZE="3"><H4>10.4.1 400 Bad Request</H4></FONT><P><FONT FACE="Courier New">The request could not be understood by the server due to malformed syntax. The client SHOULD NOT repeat the request without modifications.</FONT></P></FONT></TD></TR></TABLE></BODY></HTML> [549]
16:43:18.307-----------> EGSCreateRateUSDtoPEN.doIt: Filtro activo detectado en el flujo. Reintentando secuencia limpia... [549]
16:43:18.307-----------> EGSCreateRateUSDtoPEN.doIt: Intento 2 de 5. Reintentando secuencia completa... [549]
16:43:22.307-----------> EGSCreateRateUSDtoPEN.doIt: PASO 1: Abriendo canal seguro y capturando contexto... [549]
16:43:22.494-----------> EGSCreateRateUSDtoPEN.doIt: Cookies validadas: [TSf3c1dbbd027=08fe7428c8ab200062dfd92cbcdb70b2cd8ab5e45763a75992bc05efe0ffbb62dba2a78f6649ecaf081f5847941130006a1dc5a0a261c514db2397148276cd38975c60032d8d300103a51c7930eaca9d925b85d76b21c45bbbc9f097f6c46d6c; TS0105b0c6=014dc399cb5dac6ab1e468393f93e03da6328bd377b4558a6fcb6999835ae13fa040f1adf4723adc769b9e3e13806593eab6ba206ba928cd78755bd0c019a6a72860446245; IAASISTENCIAGESTIONSESSION=S4iKSo4cWuDxk9StLtF7Enxh9pmdHiilWGW9isrj_g2-weaTrpDbu1hH8LvK67XIBwRzSFJKNHdqeHIGnWFemPk305NkW-MDUQiSwfkzFJth4KbyxeqJnptDoYUKeLwxP92KVw_6TUDPBA8Cay6s9GucJSveI9WvksFCv_Q1gldUtfMInNLKacoM-FSwNHSzFBl7FHFMJI6fJuASPh6QxIf_oxRxRfbzsrmvyzfm_0uz4RK6jeWr7OYEEkSvwejz!1298053303!-445114015] [549]
16:43:22.495-----------> EGSCreateRateUSDtoPEN.doIt: Esperando renderizado de interfaz (estabilización de canal)... [549]
16:43:25.496-----------> EGSCreateRateUSDtoPEN.doIt: PASO 2: Transmitiendo Payload asíncrono sobre el mismo canal... [549]
16:43:25.496-----------> EGSCreateRateUSDtoPEN.doIt: Enviando a: https://e-consulta.sunat.gob.pe/cl-at-ittipcam/tcS01Alias/listarTipoCambio [549]
16:43:25.595-----------> EGSCreateRateUSDtoPEN.doIt: Respuesta HTTP del Servidor: 400 [549]
16:43:25.596-----------> EGSCreateRateUSDtoPEN.doIt: Respuesta cruda del API SUNAT: <!DOCTYPE HTML PUBLIC "-//W3C//DTD HTML 4.0 Draft//EN"><HTML><HEAD><TITLE>Error 400--Bad Request</TITLE></HEAD><BODY bgcolor="white"><FONT FACE=Helvetica><BR CLEAR=all><TABLE border=0 cellspacing=5><TR><TD><BR CLEAR=all><FONT FACE="Helvetica" COLOR="black" SIZE="3"><H2>Error 400--Bad Request</H2></FONT></TD></TR></TABLE><TABLE border=0 width=100% cellpadding=10><TR><TD VALIGN=top WIDTH=100% BGCOLOR=white><FONT FACE="Courier New"><FONT FACE="Helvetica" SIZE="3"><H3>From RFC 2068 <i>Hypertext Transfer Protocol -- HTTP/1.1</i>:</H3></FONT><FONT FACE="Helvetica" SIZE="3"><H4>10.4.1 400 Bad Request</H4></FONT><P><FONT FACE="Courier New">The request could not be understood by the server due to malformed syntax. The client SHOULD NOT repeat the request without modifications.</FONT></P></FONT></TD></TR></TABLE></BODY></HTML> [549]
16:43:25.596-----------> EGSCreateRateUSDtoPEN.doIt: Filtro activo detectado en el flujo. Reintentando secuencia limpia... [549]
16:43:25.596-----------> EGSCreateRateUSDtoPEN.doIt: Intento 3 de 5. Reintentando secuencia completa... [549]
16:43:29.596-----------> EGSCreateRateUSDtoPEN.doIt: PASO 1: Abriendo canal seguro y capturando contexto... [549]
16:43:29.786-----------> EGSCreateRateUSDtoPEN.doIt: Cookies validadas: [TSf3c1dbbd027=08fe7428c8ab200064fbff5e83eba042d95e56a1d99499c101f885415987157a95918ead7a2d281f08e3965aab113000fb0118ab928f5a0665ca321ec172963700f9e8546dac107fd03f4bec31a358173f9f9c27d21da16566fd13372e4be9df; TS0105b0c6=014dc399cb4b4db2101f7736d52eb824241a3ee795fc62e5d3f89f35a57e03257a40481aeca4be3684bb6ab0ad36b5b5fb13477ab9b1bccecd14e8bb7cec1da8bb37a611b4; IAASISTENCIAGESTIONSESSION=W7SKSqqVEl3Gre967PNFYN0vKr4fglgsJC6TexZMEBWBZedKbWFgMiAFuOhsAYX0lKi4ThM-mxmgLGjwgP8rL__JjITT_SckM6m3AVbXvCLIQj5Z1hAaV9kcXCWpZyxGZAb5oC1-2NEbrjdcUaQNSWvxTm_XGIHD89nEg-G7sD4Nb9opkzt1pr0_ICy5LKJZ_RbDUaJnynDBlVr6MVWgM9UhQZAk8EBGgHdEI08GrbIarGjQ4eojLYLoEzlEJGr2!1298053303!-445114015] [549]
16:43:29.787-----------> EGSCreateRateUSDtoPEN.doIt: Esperando renderizado de interfaz (estabilización de canal)... [549]
16:43:32.788-----------> EGSCreateRateUSDtoPEN.doIt: PASO 2: Transmitiendo Payload asíncrono sobre el mismo canal... [549]
16:43:32.789-----------> EGSCreateRateUSDtoPEN.doIt: Enviando a: https://e-consulta.sunat.gob.pe/cl-at-ittipcam/tcS01Alias/listarTipoCambio [549]
16:43:32.888-----------> EGSCreateRateUSDtoPEN.doIt: Respuesta HTTP del Servidor: 400 [549]
16:43:32.889-----------> EGSCreateRateUSDtoPEN.doIt: Respuesta cruda del API SUNAT: <!DOCTYPE HTML PUBLIC "-//W3C//DTD HTML 4.0 Draft//EN"><HTML><HEAD><TITLE>Error 400--Bad Request</TITLE></HEAD><BODY bgcolor="white"><FONT FACE=Helvetica><BR CLEAR=all><TABLE border=0 cellspacing=5><TR><TD><BR CLEAR=all><FONT FACE="Helvetica" COLOR="black" SIZE="3"><H2>Error 400--Bad Request</H2></FONT></TD></TR></TABLE><TABLE border=0 width=100% cellpadding=10><TR><TD VALIGN=top WIDTH=100% BGCOLOR=white><FONT FACE="Courier New"><FONT FACE="Helvetica" SIZE="3"><H3>From RFC 2068 <i>Hypertext Transfer Protocol -- HTTP/1.1</i>:</H3></FONT><FONT FACE="Helvetica" SIZE="3"><H4>10.4.1 400 Bad Request</H4></FONT><P><FONT FACE="Courier New">The request could not be understood by the server due to malformed syntax. The client SHOULD NOT repeat the request without modifications.</FONT></P></FONT></TD></TR></TABLE></BODY></HTML> [549]
16:43:32.889-----------> EGSCreateRateUSDtoPEN.doIt: Filtro activo detectado en el flujo. Reintentando secuencia limpia... [549]
16:43:32.890-----------> EGSCreateRateUSDtoPEN.doIt: Intento 4 de 5. Reintentando secuencia completa... [549]
16:43:36.891-----------> EGSCreateRateUSDtoPEN.doIt: PASO 1: Abriendo canal seguro y capturando contexto... [549]
16:43:37.077-----------> EGSCreateRateUSDtoPEN.doIt: Cookies validadas: [TSf3c1dbbd027=08fe7428c8ab20003317daaf8ec887cda994653fe324377593dd9f8cbb3ac8f9723e3364f13bf8a1086ba709b7113000ae37cf09cc38856ae4d251b1263c70ddba5378f2b1015f20d768941f1554660702ee21dcc48c0d2cc1dd9fd1fd1fb694; TS0105b0c6=014dc399cb56dc2401ed31d718fdd7b58e3f245a0abcc935797346f103a3129edc8b8fc223a0868948ed7c3ac19a6b04fcd2975568fb1e63abaab4b8ca332fdad1185e6673; IAASISTENCIAGESTIONSESSION=lLqKSscRbtT_wwJ3jzG3HPNcCjOapUg4nU2yA6DdM2tHwbHTvjSM6vWvNVbFGIITqVfdUuEciKz0znL-Z6xHwtiagkquFSTzDlrSzIxtsZqLdLniWl7V5qu6IaZEtCDr7dIyuWGgfgVXqNlPljiITec9kKnmbo9bGCV7-qRmQsTdaFdbc3rsRDb3whftG1jLUHais0hmuC5vkJYeT_8h-UgMCVeOfRvsNEK_ZnsU3XXxYcAmzqZN_M4BPgiYj_ef!1298053303!-445114015] [549]
16:43:37.080-----------> EGSCreateRateUSDtoPEN.doIt: Esperando renderizado de interfaz (estabilización de canal)... [549]
16:43:40.081-----------> EGSCreateRateUSDtoPEN.doIt: PASO 2: Transmitiendo Payload asíncrono sobre el mismo canal... [549]
16:43:40.081-----------> EGSCreateRateUSDtoPEN.doIt: Enviando a: https://e-consulta.sunat.gob.pe/cl-at-ittipcam/tcS01Alias/listarTipoCambio [549]
16:43:40.178-----------> EGSCreateRateUSDtoPEN.doIt: Respuesta HTTP del Servidor: 400 [549]
16:43:40.178-----------> EGSCreateRateUSDtoPEN.doIt: Respuesta cruda del API SUNAT: <!DOCTYPE HTML PUBLIC "-//W3C//DTD HTML 4.0 Draft//EN"><HTML><HEAD><TITLE>Error 400--Bad Request</TITLE></HEAD><BODY bgcolor="white"><FONT FACE=Helvetica><BR CLEAR=all><TABLE border=0 cellspacing=5><TR><TD><BR CLEAR=all><FONT FACE="Helvetica" COLOR="black" SIZE="3"><H2>Error 400--Bad Request</H2></FONT></TD></TR></TABLE><TABLE border=0 width=100% cellpadding=10><TR><TD VALIGN=top WIDTH=100% BGCOLOR=white><FONT FACE="Courier New"><FONT FACE="Helvetica" SIZE="3"><H3>From RFC 2068 <i>Hypertext Transfer Protocol -- HTTP/1.1</i>:</H3></FONT><FONT FACE="Helvetica" SIZE="3"><H4>10.4.1 400 Bad Request</H4></FONT><P><FONT FACE="Courier New">The request could not be understood by the server due to malformed syntax. The client SHOULD NOT repeat the request without modifications.</FONT></P></FONT></TD></TR></TABLE></BODY></HTML> [549]
16:43:40.178-----------> EGSCreateRateUSDtoPEN.doIt: Filtro activo detectado en el flujo. Reintentando secuencia limpia... [549]
16:43:40.179-----------> EGSCreateRateUSDtoPEN.doIt: Intento 5 de 5. Reintentando secuencia completa... [549]
16:43:44.179-----------> EGSCreateRateUSDtoPEN.doIt: PASO 1: Abriendo canal seguro y capturando contexto... [549]
16:43:44.369-----------> EGSCreateRateUSDtoPEN.doIt: Cookies validadas: [TSf3c1dbbd027=08fe7428c8ab200005b9c5fecb7adf8d98860fad8cbcf006f7bde527534d443e5b2f832f13dfb900087a5eff2e113000b2efdb4b06d86ff2ed00f07c7b6397e211f86ba8e10bac8dcbac78470d79c4026709932bb31322fa76714657a7ede687; TS0105b0c6=014dc399cb3a9151e38ef9871f8f530a4f8fc0af024148a89e8c1630949c1a0d8960bc11b879b94f0461f5809193c37eeb30359f713f45ae0c09b14037123bf8addb27cd9a; IAASISTENCIAGESTIONSESSION=dEiKSuOMw8k5abXa0HGAEsgp8s25D7MzAkkHpvObYy5oHMVJDMYnVZrRX6eCVu_fV2qcshe-qZ1UUSNOW5r30FhCGDOUGPC8N-wi7wovS-rTtHaG2NbWBWrf2PCMZajY0GRcqD1OFfMKb-ZQ8dELXcdssAVTaWag-kL5j5jicrbXExC-8J7fmaVAD5Rsa9gL2XHYuHo5xhmKqjZo2uo5ZTlBmJRm4OxdkVBvat0tcTMi_djNABS1G0u2AMdU8RPu!1298053303!-445114015] [549]
16:43:44.370-----------> EGSCreateRateUSDtoPEN.doIt: Esperando renderizado de interfaz (estabilización de canal)... [549]
16:43:47.370-----------> EGSCreateRateUSDtoPEN.doIt: PASO 2: Transmitiendo Payload asíncrono sobre el mismo canal... [549]
16:43:47.370-----------> EGSCreateRateUSDtoPEN.doIt: Enviando a: https://e-consulta.sunat.gob.pe/cl-at-ittipcam/tcS01Alias/listarTipoCambio [549]
16:43:47.473-----------> EGSCreateRateUSDtoPEN.doIt: Respuesta HTTP del Servidor: 400 [549]
16:43:47.474-----------> EGSCreateRateUSDtoPEN.doIt: Respuesta cruda del API SUNAT: <!DOCTYPE HTML PUBLIC "-//W3C//DTD HTML 4.0 Draft//EN"><HTML><HEAD><TITLE>Error 400--Bad Request</TITLE></HEAD><BODY bgcolor="white"><FONT FACE=Helvetica><BR CLEAR=all><TABLE border=0 cellspacing=5><TR><TD><BR CLEAR=all><FONT FACE="Helvetica" COLOR="black" SIZE="3"><H2>Error 400--Bad Request</H2></FONT></TD></TR></TABLE><TABLE border=0 width=100% cellpadding=10><TR><TD VALIGN=top WIDTH=100% BGCOLOR=white><FONT FACE="Courier New"><FONT FACE="Helvetica" SIZE="3"><H3>From RFC 2068 <i>Hypertext Transfer Protocol -- HTTP/1.1</i>:</H3></FONT><FONT FACE="Helvetica" SIZE="3"><H4>10.4.1 400 Bad Request</H4></FONT><P><FONT FACE="Courier New">The request could not be understood by the server due to malformed syntax. The client SHOULD NOT repeat the request without modifications.</FONT></P></FONT></TD></TR></TABLE></BODY></HTML> [549]
16:43:47.474-----------> EGSCreateRateUSDtoPEN.doIt: Filtro activo detectado en el flujo. Reintentando secuencia limpia... [549]
16:43:47.478===========> EGSCreateRateUSDtoPEN.process: Fallo final de consistencia de datos. [549]
UserError: Fallo final de consistencia de datos.
	at com.egssmart.finantials.proccess.EGSCreateRateUSDtoPEN.doIt(Unknown Source)
	at org.compiere.process.SvrProcess.process(Unknown Source)
	at org.compiere.process.SvrProcess.startProcess(Unknown Source)
	at org.adempiere.util.ProcessUtil.startJavaProcess(Unknown Source)
	at org.compiere.apps.AbstractProcessCtl.startProcess(Unknown Source)
	at org.compiere.apps.AbstractProcessCtl.run(Unknown Source)
	at org.adempiere.webui.apps.WProcessCtl.process(Unknown Source)
	at org.adempiere.webui.apps.AbstractProcessDialog$ProcessDialogRunnable.doRun(Unknown Source)
	at org.adempiere.util.ContextRunnable.run(Unknown Source)
	at org.adempiere.webui.apps.DesktopRunnable.run(Unknown Source)
	at java.base/java.util.concurrent.Executors$RunnableAdapter.call(Executors.java:539)

16:44:18.244-----------> PackInApplicationActivator.getFilesToProcess: Processing migration [507]

*** 2026-06-02 18:42:41.29 idempiere Log (CLogFile) ***
