*** 2026-05-24 20:10:16.335 idempiere Log (CLogFile) ***
20:10:16.335 Adempiere.startup: iDempiere(r) Release 14_2026-03-09 -Smart Suite ERP, CRM and SCM- (c) 1999-2026 iDempiere(r); Implementation: iDempiere - Supported by iDempiere community [28]
20:10:16.336 Ini.loadProperties: /home/nextcollege/BDeveloper/idempiere-dev-setup-14/idempiere/idempiere.properties #29 [28]
20:10:16.342-----------> Core.getKeyStore: Encryption with legacy key algorithm DES detected - it is recommended to migrate to a stronger algorithm [28]
20:10:17.312-----------> Activator.createHazelCastInstance: Starting hazelcast with configuration from file hazelcast.xml [28]
20:10:17.970-----------> CPSubsystem: [192.168.1.236]:5701 [adempiere.idempiere14/localhost:5432] [5.3.7] CP Subsystem is not enabled. CP data structures will operate in UNSAFE mode! Please note that UNSAFE mode will not provide strong consistency guarantees. [28]
20:10:18.255-----------> Node: [192.168.1.236]:5701 [adempiere.idempiere14/localhost:5432] [5.3.7] No join method is enabled! Starting standalone. [28]
20:10:18.380-----------> DB.isBuildOK: Build Version Error 

The program assumes build version 14.0.0.qualifier, but database has build version ${env.ADEMPIERE_VERSION} 20080428-1232. 
This is likely to cause hard to fix errors. 
Please contact administrator. [28]
20:10:20.471-----------> EMail.setFrom: you @ company.org: javax.mail.internet.AddressException: Local address contains control or whitespace in string ``you @ company.org'' [28]
20:10:20.474-----------> EMail.addTo: you @ company.org: javax.mail.internet.AddressException: Local address contains control or whitespace in string ``you @ company.org'' [28]
20:10:20.474-----------> EMail.isValid: From is invalid=null [28]
20:10:20.475-----------> EMail.isValid: From is invalid=null [28]
20:10:20.482-----------> MClient.sendEMail: Could NOT Send Email: Server started: iDempiere (nextcollege-G751JT:192.168.1.236) to you @ company.org: Invalid Data (System) [28]
20:10:22.254           LoggedSessionListener.contextInitialized: iDempiere context initialized for 10.3.0.1 [28]
20:10:23.703-----------> Incremental2PackActivator.packIn: Installing com.egssmart.sire /META-INF/2Pack_2.0.1.zip ... [372]
20:10:25.543-----------> Incremental2PackActivator.packIn: com.egssmart.sire /META-INF/2Pack_2.0.1.zip installed [372]
20:12:00.460-----------> BrowserToken.validateToken: Cannot invoke "String.getBytes(String)" because "password" is null [379]
java.lang.NullPointerException: Cannot invoke "String.getBytes(String)" because "password" is null
	at org.adempiere.webui.util.BrowserToken.getPasswordHash(Unknown Source)
	at org.adempiere.webui.util.BrowserToken.validateToken(Unknown Source)
	at org.adempiere.webui.panel.LoginPanel$1.onEvent(Unknown Source)
	at org.zkoss.zk.ui.AbstractComponent.onEvent(AbstractComponent.java:3171)
	at org.zkoss.zk.ui.AbstractComponent.service(AbstractComponent.java:3141)
	at org.zkoss.zk.ui.AbstractComponent.service(AbstractComponent.java:3083)
	at org.zkoss.zk.ui.impl.EventProcessor.process(EventProcessor.java:138)
	at org.zkoss.zk.ui.impl.UiEngineImpl.processEvent(UiEngineImpl.java:1902)
	at org.zkoss.zk.ui.impl.UiEngineImpl.process(UiEngineImpl.java:1674)
	at org.zkoss.zk.ui.impl.UiEngineImpl.execUpdate(UiEngineImpl.java:1332)
	at org.zkoss.zk.au.http.DHtmlUpdateServlet.process(DHtmlUpdateServlet.java:535)
	at org.zkoss.zk.au.http.DHtmlUpdateServlet.doGet(DHtmlUpdateServlet.java:408)
	at org.zkoss.zk.au.http.DHtmlUpdateServlet.doPost(DHtmlUpdateServlet.java:416)
	at javax.servlet.http.HttpServlet.service(HttpServlet.java:523)
	at javax.servlet.http.HttpServlet.service(HttpServlet.java:590)
	at org.eclipse.jetty.ee8.servlet.ServletHolder$NotAsync.service(ServletHolder.java:1157)
	at org.eclipse.jetty.ee8.servlet.ServletHolder.handle(ServletHolder.java:651)
	at org.eclipse.jetty.ee8.servlet.ServletHandler$ChainEnd.doFilter(ServletHandler.java:1374)
	at org.adempiere.webui.sso.filter.SSOWebUIFilter.doFilter(Unknown Source)
	at org.eclipse.jetty.ee8.servlet.FilterHolder.doFilter(FilterHolder.java:171)
	at org.eclipse.jetty.ee8.servlet.ServletHandler$Chain.doFilter(ServletHandler.java:1348)
	at org.adempiere.webui.session.SessionFingerprintFilter.doFilter(Unknown Source)

20:12:23.564-----------> PackInApplicationActivator.getFilesToProcess: Processing migration [503]
20:12:55.780-----------> MRole.getProcessAccess: Role System Administrator has assigned access incompatible process Asset Parent Report [383]
20:12:55.780-----------> MRole.getProcessAccess: Role System Administrator has assigned access incompatible process Asset Group Defaults [383]
20:12:55.781-----------> MRole.getProcessAccess: Role System Administrator has assigned access incompatible process Depreciation Table [383]
20:12:55.782-----------> MRole.getProcessAccess: Role System Administrator has assigned access incompatible process Asset Convention Report [383]
20:12:55.783-----------> MRole.getProcessAccess: Role System Administrator has assigned access incompatible process Asset Depreciation Method [383]

*** 2026-05-24 20:30:16.494 idempiere Log (CLogFile) ***
