*** 2026-05-22 16:45:31.231 idempiere Log (CLogFile) ***
16:45:31.230 Adempiere.startup: iDempiere(r) Release 14_2026-03-09 -Smart Suite ERP, CRM and SCM- (c) 1999-2026 iDempiere(r); Implementation: iDempiere - Supported by iDempiere community [28]
16:45:31.232 Ini.loadProperties: /home/nextcollege/BDeveloper/idempiere-dev-setup-14/idempiere/idempiere.properties #29 [28]
16:45:31.238-----------> Core.getKeyStore: Encryption with legacy key algorithm DES detected - it is recommended to migrate to a stronger algorithm [28]
16:45:31.238 AnnotationBasedModelFactory.lambda$0: AnnotationBasedModelFactory loaded 741 classes in 2.063s [49]
16:45:32.112-----------> Activator.createHazelCastInstance: Starting hazelcast with configuration from file hazelcast.xml [28]
16:45:32.729-----------> CPSubsystem: [192.168.1.236]:5701 [adempiere.idempiere14/localhost:5432] [5.3.7] CP Subsystem is not enabled. CP data structures will operate in UNSAFE mode! Please note that UNSAFE mode will not provide strong consistency guarantees. [28]
16:45:33.081-----------> Node: [192.168.1.236]:5701 [adempiere.idempiere14/localhost:5432] [5.3.7] No join method is enabled! Starting standalone. [28]
16:45:33.202-----------> DB.isBuildOK: Build Version Error 

The program assumes build version 14.0.0.qualifier, but database has build version 14.0.0.202605080813. 
This is likely to cause hard to fix errors. 
Please contact administrator. [28]
16:45:35.058-----------> EMail.setFrom: you @ company.org: javax.mail.internet.AddressException: Local address contains control or whitespace in string ``you @ company.org'' [28]
16:45:35.062-----------> EMail.addTo: you @ company.org: javax.mail.internet.AddressException: Local address contains control or whitespace in string ``you @ company.org'' [28]
16:45:35.063-----------> EMail.isValid: From is invalid=null [28]
16:45:35.063-----------> EMail.isValid: From is invalid=null [28]
16:45:35.067-----------> MClient.sendEMail: Could NOT Send Email: Server started: iDempiere (nextcollege-G751JT:192.168.1.236) to you @ company.org: Invalid Data (System) [28]
16:45:36.688           LoggedSessionListener.contextInitialized: iDempiere context initialized for 10.3.0.1 [28]
16:47:13.006-----------> Msg.getMsg: NOT found: ISW_QL_InfoAccount_D [501]
16:47:13.007-----------> Msg.getMsg: NOT found: ISW_QL_OpenBtn [501]
16:47:13.008-----------> Msg.getMsg: NOT found: ISW_QL_InfoSchedule_D [501]
16:47:13.008-----------> Msg.getMsg: NOT found: ISW_QL_OpenBtn [501]
16:47:13.008-----------> Msg.getMsg: NOT found: ISW_QL_InfoProduct_D [501]
16:47:13.009-----------> Msg.getMsg: NOT found: ISW_QL_OpenBtn [501]
16:47:13.009-----------> Msg.getMsg: NOT found: ISW_QL_InfoBP_D [501]
16:47:13.010-----------> Msg.getMsg: NOT found: ISW_QL_OpenBtn [501]
16:47:13.010-----------> Msg.getMsg: NOT found: ISW_QL_InfoOrder_D [501]
16:47:13.010-----------> Msg.getMsg: NOT found: ISW_QL_OpenBtn [501]
16:47:13.010-----------> Msg.getMsg: NOT found: ISW_QL_InfoInvoice_D [501]
16:47:13.011-----------> Msg.getMsg: NOT found: ISW_QL_OpenBtn [501]
16:47:13.011-----------> Msg.getMsg: NOT found: ISW_QL_InfoShipment_D [501]
16:47:13.011-----------> Msg.getMsg: NOT found: ISW_QL_OpenBtn [501]
16:47:13.011-----------> Msg.getMsg: NOT found: ISW_QL_InfoPayment_D [501]
16:47:13.011-----------> Msg.getMsg: NOT found: ISW_QL_OpenBtn [501]
16:47:13.011-----------> Msg.getMsg: NOT found: ISW_QL_InfoResource_D [501]
16:47:13.012-----------> Msg.getMsg: NOT found: ISW_QL_OpenBtn [501]
16:47:13.012-----------> Msg.getMsg: NOT found: ISW_QL_InfoAsset_D [501]
16:47:13.012-----------> Msg.getMsg: NOT found: ISW_QL_OpenBtn [501]
16:47:13.012-----------> Msg.getMsg: NOT found: ISW_QL_InfoBatchPayment_D [501]
16:47:13.012-----------> Msg.getMsg: NOT found: ISW_QL_OpenBtn [501]
16:47:13.012-----------> Msg.getMsg: NOT found: ISW_QL_InfoSection [501]
16:47:13.013-----------> Msg.getMsg: NOT found: ISW_QL_Currency_T [501]
16:47:13.014-----------> Msg.getMsg: NOT found: ISW_QL_Currency_D [501]
16:47:13.014-----------> Msg.getMsg: NOT found: ISW_QL_OpenBtn [501]
16:47:13.014-----------> Msg.getMsg: NOT found: ISW_QL_Country_T [501]
16:47:13.014-----------> Msg.getMsg: NOT found: ISW_QL_Country_D [501]
16:47:13.014-----------> Msg.getMsg: NOT found: ISW_QL_OpenBtn [501]
16:47:13.015-----------> Msg.getMsg: NOT found: ISW_QL_Tenant_T [501]
16:47:13.015-----------> Msg.getMsg: NOT found: ISW_QL_Tenant_D [501]
16:47:13.015-----------> Msg.getMsg: NOT found: ISW_QL_OpenBtn [501]
16:47:13.015-----------> Msg.getMsg: NOT found: ISW_QL_Org_T [501]
16:47:13.015-----------> Msg.getMsg: NOT found: ISW_QL_Org_D [501]
16:47:13.015-----------> Msg.getMsg: NOT found: ISW_QL_OpenBtn [501]
16:47:13.016-----------> Msg.getMsg: NOT found: ISW_QL_Calendar_T [501]
16:47:13.016-----------> Msg.getMsg: NOT found: ISW_QL_Calendar_D [501]
16:47:13.016-----------> Msg.getMsg: NOT found: ISW_QL_OpenBtn [501]
16:47:13.016-----------> Msg.getMsg: NOT found: ISW_QL_AcctSchema_T [501]
16:47:13.016-----------> Msg.getMsg: NOT found: ISW_QL_AcctSchema_D [501]
16:47:13.016-----------> Msg.getMsg: NOT found: ISW_QL_OpenBtn [501]
16:47:13.017-----------> Msg.getMsg: NOT found: ISW_QL_CoA_T [501]
16:47:13.017-----------> Msg.getMsg: NOT found: ISW_QL_CoA_D [501]
16:47:13.017-----------> Msg.getMsg: NOT found: ISW_QL_OpenBtn [501]
16:47:13.017-----------> Msg.getMsg: NOT found: ISW_QL_TaxRate_T [501]
16:47:13.017-----------> Msg.getMsg: NOT found: ISW_QL_TaxRate_D [501]
16:47:13.017-----------> Msg.getMsg: NOT found: ISW_QL_OpenBtn [501]
16:47:13.017-----------> Msg.getMsg: NOT found: ISW_QL_PayTerm_T [501]
16:47:13.018-----------> Msg.getMsg: NOT found: ISW_QL_PayTerm_D [501]
16:47:13.018-----------> Msg.getMsg: NOT found: ISW_QL_OpenBtn [501]
16:47:13.018-----------> Msg.getMsg: NOT found: ISW_QL_PriceList_T [501]
16:47:13.018-----------> Msg.getMsg: NOT found: ISW_QL_PriceList_D [501]
16:47:13.018-----------> Msg.getMsg: NOT found: ISW_QL_OpenBtn [501]
16:47:13.018-----------> Msg.getMsg: NOT found: ISW_QL_User_T [501]
16:47:13.019-----------> Msg.getMsg: NOT found: ISW_QL_User_D [501]
16:47:13.019-----------> Msg.getMsg: NOT found: ISW_QL_OpenBtn [501]
16:47:13.019-----------> Msg.getMsg: NOT found: ISW_QL_Role_T [501]
16:47:13.019-----------> Msg.getMsg: NOT found: ISW_QL_Role_D [501]
16:47:13.019-----------> Msg.getMsg: NOT found: ISW_QL_OpenBtn [501]
16:47:13.020-----------> Msg.getMsg: NOT found: ISW_QL_BP_T [501]
16:47:13.020-----------> Msg.getMsg: NOT found: ISW_QL_BP_D [501]
16:47:13.020-----------> Msg.getMsg: NOT found: ISW_QL_OpenBtn [501]
16:47:13.020-----------> Msg.getMsg: NOT found: ISW_QL_Product_T [501]
16:47:13.020-----------> Msg.getMsg: NOT found: ISW_QL_Product_D [501]
16:47:13.020-----------> Msg.getMsg: NOT found: ISW_QL_OpenBtn [501]
16:47:13.021-----------> Msg.getMsg: NOT found: ISW_QL_Warehouse_T [501]
16:47:13.021-----------> Msg.getMsg: NOT found: ISW_QL_Warehouse_D [501]
16:47:13.021-----------> Msg.getMsg: NOT found: ISW_QL_OpenBtn [501]
16:47:13.021-----------> Msg.getMsg: NOT found: ISW_QL_Bank_T [501]
16:47:13.021-----------> Msg.getMsg: NOT found: ISW_QL_Bank_D [501]
16:47:13.021-----------> Msg.getMsg: NOT found: ISW_QL_OpenBtn [501]
16:47:13.022-----------> Msg.getMsg: NOT found: ISW_QL_ConfigSection [501]
16:47:38.022-----------> PackInApplicationActivator.getFilesToProcess: Processing migration [447]
16:47:59.789-----------> Msg.getMsg: NOT found: ISW_QL_InfoAccount_D [370]
16:47:59.789-----------> Msg.getMsg: NOT found: ISW_QL_OpenBtn [370]
16:47:59.790-----------> Msg.getMsg: NOT found: ISW_QL_InfoSchedule_D [370]
16:47:59.790-----------> Msg.getMsg: NOT found: ISW_QL_OpenBtn [370]
16:47:59.790-----------> Msg.getMsg: NOT found: ISW_QL_InfoProduct_D [370]
16:47:59.790-----------> Msg.getMsg: NOT found: ISW_QL_OpenBtn [370]
16:47:59.790-----------> Msg.getMsg: NOT found: ISW_QL_InfoBP_D [370]
16:47:59.790-----------> Msg.getMsg: NOT found: ISW_QL_OpenBtn [370]
16:47:59.790-----------> Msg.getMsg: NOT found: ISW_QL_InfoOrder_D [370]
16:47:59.791-----------> Msg.getMsg: NOT found: ISW_QL_OpenBtn [370]
16:47:59.791-----------> Msg.getMsg: NOT found: ISW_QL_InfoInvoice_D [370]
16:47:59.791-----------> Msg.getMsg: NOT found: ISW_QL_OpenBtn [370]
16:47:59.791-----------> Msg.getMsg: NOT found: ISW_QL_InfoShipment_D [370]
16:47:59.791-----------> Msg.getMsg: NOT found: ISW_QL_OpenBtn [370]
16:47:59.791-----------> Msg.getMsg: NOT found: ISW_QL_InfoPayment_D [370]
16:47:59.791-----------> Msg.getMsg: NOT found: ISW_QL_OpenBtn [370]
16:47:59.792-----------> Msg.getMsg: NOT found: ISW_QL_InfoResource_D [370]
16:47:59.792-----------> Msg.getMsg: NOT found: ISW_QL_OpenBtn [370]
16:47:59.792-----------> Msg.getMsg: NOT found: ISW_QL_InfoAsset_D [370]
16:47:59.792-----------> Msg.getMsg: NOT found: ISW_QL_OpenBtn [370]
16:47:59.792-----------> Msg.getMsg: NOT found: ISW_QL_InfoBatchPayment_D [370]
16:47:59.792-----------> Msg.getMsg: NOT found: ISW_QL_OpenBtn [370]
16:47:59.792-----------> Msg.getMsg: NOT found: ISW_QL_InfoSection [370]
16:47:59.793-----------> Msg.getMsg: NOT found: ISW_QL_Currency_T [370]
16:47:59.793-----------> Msg.getMsg: NOT found: ISW_QL_Currency_D [370]
16:47:59.793-----------> Msg.getMsg: NOT found: ISW_QL_OpenBtn [370]
16:47:59.793-----------> Msg.getMsg: NOT found: ISW_QL_Country_T [370]
16:47:59.793-----------> Msg.getMsg: NOT found: ISW_QL_Country_D [370]
16:47:59.793-----------> Msg.getMsg: NOT found: ISW_QL_OpenBtn [370]
16:47:59.794-----------> Msg.getMsg: NOT found: ISW_QL_Tenant_T [370]
16:47:59.794-----------> Msg.getMsg: NOT found: ISW_QL_Tenant_D [370]
16:47:59.794-----------> Msg.getMsg: NOT found: ISW_QL_OpenBtn [370]
16:47:59.794-----------> Msg.getMsg: NOT found: ISW_QL_Org_T [370]
16:47:59.794-----------> Msg.getMsg: NOT found: ISW_QL_Org_D [370]
16:47:59.794-----------> Msg.getMsg: NOT found: ISW_QL_OpenBtn [370]
16:47:59.794-----------> Msg.getMsg: NOT found: ISW_QL_Calendar_T [370]
16:47:59.794-----------> Msg.getMsg: NOT found: ISW_QL_Calendar_D [370]
16:47:59.795-----------> Msg.getMsg: NOT found: ISW_QL_OpenBtn [370]
16:47:59.795-----------> Msg.getMsg: NOT found: ISW_QL_AcctSchema_T [370]
16:47:59.795-----------> Msg.getMsg: NOT found: ISW_QL_AcctSchema_D [370]
16:47:59.795-----------> Msg.getMsg: NOT found: ISW_QL_OpenBtn [370]
16:47:59.795-----------> Msg.getMsg: NOT found: ISW_QL_CoA_T [370]
16:47:59.795-----------> Msg.getMsg: NOT found: ISW_QL_CoA_D [370]
16:47:59.796-----------> Msg.getMsg: NOT found: ISW_QL_OpenBtn [370]
16:47:59.796-----------> Msg.getMsg: NOT found: ISW_QL_TaxRate_T [370]
16:47:59.796-----------> Msg.getMsg: NOT found: ISW_QL_TaxRate_D [370]
16:47:59.796-----------> Msg.getMsg: NOT found: ISW_QL_OpenBtn [370]
16:47:59.796-----------> Msg.getMsg: NOT found: ISW_QL_PayTerm_T [370]
16:47:59.796-----------> Msg.getMsg: NOT found: ISW_QL_PayTerm_D [370]
16:47:59.796-----------> Msg.getMsg: NOT found: ISW_QL_OpenBtn [370]
16:47:59.796-----------> Msg.getMsg: NOT found: ISW_QL_PriceList_T [370]
16:47:59.797-----------> Msg.getMsg: NOT found: ISW_QL_PriceList_D [370]
16:47:59.797-----------> Msg.getMsg: NOT found: ISW_QL_OpenBtn [370]
16:47:59.797-----------> Msg.getMsg: NOT found: ISW_QL_User_T [370]
16:47:59.797-----------> Msg.getMsg: NOT found: ISW_QL_User_D [370]
16:47:59.797-----------> Msg.getMsg: NOT found: ISW_QL_OpenBtn [370]
16:47:59.797-----------> Msg.getMsg: NOT found: ISW_QL_Role_T [370]
16:47:59.797-----------> Msg.getMsg: NOT found: ISW_QL_Role_D [370]
16:47:59.797-----------> Msg.getMsg: NOT found: ISW_QL_OpenBtn [370]
16:47:59.797-----------> Msg.getMsg: NOT found: ISW_QL_BP_T [370]
16:47:59.797-----------> Msg.getMsg: NOT found: ISW_QL_BP_D [370]
16:47:59.798-----------> Msg.getMsg: NOT found: ISW_QL_OpenBtn [370]
16:47:59.798-----------> Msg.getMsg: NOT found: ISW_QL_Product_T [370]
16:47:59.798-----------> Msg.getMsg: NOT found: ISW_QL_Product_D [370]
16:47:59.798-----------> Msg.getMsg: NOT found: ISW_QL_OpenBtn [370]
16:47:59.798-----------> Msg.getMsg: NOT found: ISW_QL_Warehouse_T [370]
16:47:59.798-----------> Msg.getMsg: NOT found: ISW_QL_Warehouse_D [370]
16:47:59.798-----------> Msg.getMsg: NOT found: ISW_QL_OpenBtn [370]
16:47:59.798-----------> Msg.getMsg: NOT found: ISW_QL_Bank_T [370]
16:47:59.798-----------> Msg.getMsg: NOT found: ISW_QL_Bank_D [370]
16:47:59.798-----------> Msg.getMsg: NOT found: ISW_QL_OpenBtn [370]
16:47:59.799-----------> Msg.getMsg: NOT found: ISW_QL_ConfigSection [370]
17:00:08.733-----------> Msg.getMsg: NOT found: ISW_QL_InfoAccount_D [369]
17:00:08.734-----------> Msg.getMsg: NOT found: ISW_QL_OpenBtn [369]
17:00:08.734-----------> Msg.getMsg: NOT found: ISW_QL_InfoSchedule_D [369]
17:00:08.735-----------> Msg.getMsg: NOT found: ISW_QL_OpenBtn [369]
17:00:08.735-----------> Msg.getMsg: NOT found: ISW_QL_InfoProduct_D [369]
17:00:08.736-----------> Msg.getMsg: NOT found: ISW_QL_OpenBtn [369]
17:00:08.736-----------> Msg.getMsg: NOT found: ISW_QL_InfoBP_D [369]
17:00:08.736-----------> Msg.getMsg: NOT found: ISW_QL_OpenBtn [369]
17:00:08.737-----------> Msg.getMsg: NOT found: ISW_QL_InfoOrder_D [369]
17:00:08.737-----------> Msg.getMsg: NOT found: ISW_QL_OpenBtn [369]
17:00:08.737-----------> Msg.getMsg: NOT found: ISW_QL_InfoInvoice_D [369]
17:00:08.737-----------> Msg.getMsg: NOT found: ISW_QL_OpenBtn [369]
17:00:08.738-----------> Msg.getMsg: NOT found: ISW_QL_InfoShipment_D [369]
17:00:08.738-----------> Msg.getMsg: NOT found: ISW_QL_OpenBtn [369]
17:00:08.738-----------> Msg.getMsg: NOT found: ISW_QL_InfoPayment_D [369]
17:00:08.738-----------> Msg.getMsg: NOT found: ISW_QL_OpenBtn [369]
17:00:08.738-----------> Msg.getMsg: NOT found: ISW_QL_InfoResource_D [369]
17:00:08.738-----------> Msg.getMsg: NOT found: ISW_QL_OpenBtn [369]
17:00:08.739-----------> Msg.getMsg: NOT found: ISW_QL_InfoAsset_D [369]
17:00:08.739-----------> Msg.getMsg: NOT found: ISW_QL_OpenBtn [369]
17:00:08.739-----------> Msg.getMsg: NOT found: ISW_QL_InfoBatchPayment_D [369]
17:00:08.739-----------> Msg.getMsg: NOT found: ISW_QL_OpenBtn [369]
17:00:08.739-----------> Msg.getMsg: NOT found: ISW_QL_InfoSection [369]
17:00:08.739-----------> Msg.getMsg: NOT found: ISW_QL_Currency_T [369]
17:00:08.739-----------> Msg.getMsg: NOT found: ISW_QL_Currency_D [369]
17:00:08.740-----------> Msg.getMsg: NOT found: ISW_QL_OpenBtn [369]
17:00:08.740-----------> Msg.getMsg: NOT found: ISW_QL_Country_T [369]
17:00:08.740-----------> Msg.getMsg: NOT found: ISW_QL_Country_D [369]
17:00:08.740-----------> Msg.getMsg: NOT found: ISW_QL_OpenBtn [369]
17:00:08.740-----------> Msg.getMsg: NOT found: ISW_QL_Tenant_T [369]
17:00:08.740-----------> Msg.getMsg: NOT found: ISW_QL_Tenant_D [369]
17:00:08.740-----------> Msg.getMsg: NOT found: ISW_QL_OpenBtn [369]
17:00:08.741-----------> Msg.getMsg: NOT found: ISW_QL_Org_T [369]
17:00:08.741-----------> Msg.getMsg: NOT found: ISW_QL_Org_D [369]
17:00:08.741-----------> Msg.getMsg: NOT found: ISW_QL_OpenBtn [369]
17:00:08.741-----------> Msg.getMsg: NOT found: ISW_QL_Calendar_T [369]
17:00:08.741-----------> Msg.getMsg: NOT found: ISW_QL_Calendar_D [369]
17:00:08.741-----------> Msg.getMsg: NOT found: ISW_QL_OpenBtn [369]
17:00:08.741-----------> Msg.getMsg: NOT found: ISW_QL_AcctSchema_T [369]
17:00:08.742-----------> Msg.getMsg: NOT found: ISW_QL_AcctSchema_D [369]
17:00:08.742-----------> Msg.getMsg: NOT found: ISW_QL_OpenBtn [369]
17:00:08.742-----------> Msg.getMsg: NOT found: ISW_QL_CoA_T [369]
17:00:08.742-----------> Msg.getMsg: NOT found: ISW_QL_CoA_D [369]
17:00:08.742-----------> Msg.getMsg: NOT found: ISW_QL_OpenBtn [369]
17:00:08.742-----------> Msg.getMsg: NOT found: ISW_QL_TaxRate_T [369]
17:00:08.742-----------> Msg.getMsg: NOT found: ISW_QL_TaxRate_D [369]
17:00:08.743-----------> Msg.getMsg: NOT found: ISW_QL_OpenBtn [369]
17:00:08.743-----------> Msg.getMsg: NOT found: ISW_QL_PayTerm_T [369]
17:00:08.743-----------> Msg.getMsg: NOT found: ISW_QL_PayTerm_D [369]
17:00:08.743-----------> Msg.getMsg: NOT found: ISW_QL_OpenBtn [369]
17:00:08.743-----------> Msg.getMsg: NOT found: ISW_QL_PriceList_T [369]
17:00:08.743-----------> Msg.getMsg: NOT found: ISW_QL_PriceList_D [369]
17:00:08.743-----------> Msg.getMsg: NOT found: ISW_QL_OpenBtn [369]
17:00:08.743-----------> Msg.getMsg: NOT found: ISW_QL_User_T [369]
17:00:08.744-----------> Msg.getMsg: NOT found: ISW_QL_User_D [369]
17:00:08.744-----------> Msg.getMsg: NOT found: ISW_QL_OpenBtn [369]
17:00:08.744-----------> Msg.getMsg: NOT found: ISW_QL_Role_T [369]
17:00:08.744-----------> Msg.getMsg: NOT found: ISW_QL_Role_D [369]
17:00:08.744-----------> Msg.getMsg: NOT found: ISW_QL_OpenBtn [369]
17:00:08.744-----------> Msg.getMsg: NOT found: ISW_QL_BP_T [369]
17:00:08.744-----------> Msg.getMsg: NOT found: ISW_QL_BP_D [369]
17:00:08.744-----------> Msg.getMsg: NOT found: ISW_QL_OpenBtn [369]
17:00:08.744-----------> Msg.getMsg: NOT found: ISW_QL_Product_T [369]
17:00:08.744-----------> Msg.getMsg: NOT found: ISW_QL_Product_D [369]
17:00:08.745-----------> Msg.getMsg: NOT found: ISW_QL_OpenBtn [369]
17:00:08.745-----------> Msg.getMsg: NOT found: ISW_QL_Warehouse_T [369]
17:00:08.745-----------> Msg.getMsg: NOT found: ISW_QL_Warehouse_D [369]
17:00:08.745-----------> Msg.getMsg: NOT found: ISW_QL_OpenBtn [369]
17:00:08.745-----------> Msg.getMsg: NOT found: ISW_QL_Bank_T [369]
17:00:08.745-----------> Msg.getMsg: NOT found: ISW_QL_Bank_D [369]
17:00:08.745-----------> Msg.getMsg: NOT found: ISW_QL_OpenBtn [369]
17:00:08.745-----------> Msg.getMsg: NOT found: ISW_QL_ConfigSection [369]
17:00:38.684-----------> Msg.getMsg: NOT found: ISW_QL_InfoAccount_D [321]
17:00:38.684-----------> Msg.getMsg: NOT found: ISW_QL_OpenBtn [321]
17:00:38.684-----------> Msg.getMsg: NOT found: ISW_QL_InfoSchedule_D [321]
17:00:38.684-----------> Msg.getMsg: NOT found: ISW_QL_OpenBtn [321]
17:00:38.684-----------> Msg.getMsg: NOT found: ISW_QL_InfoProduct_D [321]
17:00:38.685-----------> Msg.getMsg: NOT found: ISW_QL_OpenBtn [321]
17:00:38.685-----------> Msg.getMsg: NOT found: ISW_QL_InfoBP_D [321]
17:00:38.685-----------> Msg.getMsg: NOT found: ISW_QL_OpenBtn [321]
17:00:38.685-----------> Msg.getMsg: NOT found: ISW_QL_InfoOrder_D [321]
17:00:38.685-----------> Msg.getMsg: NOT found: ISW_QL_OpenBtn [321]
17:00:38.685-----------> Msg.getMsg: NOT found: ISW_QL_InfoInvoice_D [321]
17:00:38.685-----------> Msg.getMsg: NOT found: ISW_QL_OpenBtn [321]
17:00:38.685-----------> Msg.getMsg: NOT found: ISW_QL_InfoShipment_D [321]
17:00:38.685-----------> Msg.getMsg: NOT found: ISW_QL_OpenBtn [321]
17:00:38.686-----------> Msg.getMsg: NOT found: ISW_QL_InfoPayment_D [321]
17:00:38.686-----------> Msg.getMsg: NOT found: ISW_QL_OpenBtn [321]
17:00:38.686-----------> Msg.getMsg: NOT found: ISW_QL_InfoResource_D [321]
17:00:38.686-----------> Msg.getMsg: NOT found: ISW_QL_OpenBtn [321]
17:00:38.686-----------> Msg.getMsg: NOT found: ISW_QL_InfoAsset_D [321]
17:00:38.686-----------> Msg.getMsg: NOT found: ISW_QL_OpenBtn [321]
17:00:38.686-----------> Msg.getMsg: NOT found: ISW_QL_InfoBatchPayment_D [321]
17:00:38.686-----------> Msg.getMsg: NOT found: ISW_QL_OpenBtn [321]
17:00:38.686-----------> Msg.getMsg: NOT found: ISW_QL_InfoSection [321]
17:00:38.686-----------> Msg.getMsg: NOT found: ISW_QL_Currency_T [321]
17:00:38.686-----------> Msg.getMsg: NOT found: ISW_QL_Currency_D [321]
17:00:38.686-----------> Msg.getMsg: NOT found: ISW_QL_OpenBtn [321]
17:00:38.687-----------> Msg.getMsg: NOT found: ISW_QL_Country_T [321]
17:00:38.687-----------> Msg.getMsg: NOT found: ISW_QL_Country_D [321]
17:00:38.687-----------> Msg.getMsg: NOT found: ISW_QL_OpenBtn [321]
17:00:38.687-----------> Msg.getMsg: NOT found: ISW_QL_Tenant_T [321]
17:00:38.687-----------> Msg.getMsg: NOT found: ISW_QL_Tenant_D [321]
17:00:38.687-----------> Msg.getMsg: NOT found: ISW_QL_OpenBtn [321]
17:00:38.687-----------> Msg.getMsg: NOT found: ISW_QL_Org_T [321]
17:00:38.687-----------> Msg.getMsg: NOT found: ISW_QL_Org_D [321]
17:00:38.687-----------> Msg.getMsg: NOT found: ISW_QL_OpenBtn [321]
17:00:38.687-----------> Msg.getMsg: NOT found: ISW_QL_Calendar_T [321]
17:00:38.687-----------> Msg.getMsg: NOT found: ISW_QL_Calendar_D [321]
17:00:38.687-----------> Msg.getMsg: NOT found: ISW_QL_OpenBtn [321]
17:00:38.687-----------> Msg.getMsg: NOT found: ISW_QL_AcctSchema_T [321]
17:00:38.687-----------> Msg.getMsg: NOT found: ISW_QL_AcctSchema_D [321]
17:00:38.688-----------> Msg.getMsg: NOT found: ISW_QL_OpenBtn [321]
17:00:38.688-----------> Msg.getMsg: NOT found: ISW_QL_CoA_T [321]
17:00:38.688-----------> Msg.getMsg: NOT found: ISW_QL_CoA_D [321]
17:00:38.688-----------> Msg.getMsg: NOT found: ISW_QL_OpenBtn [321]
17:00:38.688-----------> Msg.getMsg: NOT found: ISW_QL_TaxRate_T [321]
17:00:38.688-----------> Msg.getMsg: NOT found: ISW_QL_TaxRate_D [321]
17:00:38.688-----------> Msg.getMsg: NOT found: ISW_QL_OpenBtn [321]
17:00:38.688-----------> Msg.getMsg: NOT found: ISW_QL_PayTerm_T [321]
17:00:38.688-----------> Msg.getMsg: NOT found: ISW_QL_PayTerm_D [321]
17:00:38.688-----------> Msg.getMsg: NOT found: ISW_QL_OpenBtn [321]
17:00:38.688-----------> Msg.getMsg: NOT found: ISW_QL_PriceList_T [321]
17:00:38.688-----------> Msg.getMsg: NOT found: ISW_QL_PriceList_D [321]
17:00:38.689-----------> Msg.getMsg: NOT found: ISW_QL_OpenBtn [321]
17:00:38.689-----------> Msg.getMsg: NOT found: ISW_QL_User_T [321]
17:00:38.689-----------> Msg.getMsg: NOT found: ISW_QL_User_D [321]
17:00:38.689-----------> Msg.getMsg: NOT found: ISW_QL_OpenBtn [321]
17:00:38.689-----------> Msg.getMsg: NOT found: ISW_QL_Role_T [321]
17:00:38.689-----------> Msg.getMsg: NOT found: ISW_QL_Role_D [321]
17:00:38.689-----------> Msg.getMsg: NOT found: ISW_QL_OpenBtn [321]
17:00:38.689-----------> Msg.getMsg: NOT found: ISW_QL_BP_T [321]
17:00:38.689-----------> Msg.getMsg: NOT found: ISW_QL_BP_D [321]
17:00:38.689-----------> Msg.getMsg: NOT found: ISW_QL_OpenBtn [321]
17:00:38.690-----------> Msg.getMsg: NOT found: ISW_QL_Product_T [321]
17:00:38.690-----------> Msg.getMsg: NOT found: ISW_QL_Product_D [321]
17:00:38.690-----------> Msg.getMsg: NOT found: ISW_QL_OpenBtn [321]
17:00:38.690-----------> Msg.getMsg: NOT found: ISW_QL_Warehouse_T [321]
17:00:38.690-----------> Msg.getMsg: NOT found: ISW_QL_Warehouse_D [321]
17:00:38.690-----------> Msg.getMsg: NOT found: ISW_QL_OpenBtn [321]
17:00:38.690-----------> Msg.getMsg: NOT found: ISW_QL_Bank_T [321]
17:00:38.690-----------> Msg.getMsg: NOT found: ISW_QL_Bank_D [321]
17:00:38.690-----------> Msg.getMsg: NOT found: ISW_QL_OpenBtn [321]
17:00:38.690-----------> Msg.getMsg: NOT found: ISW_QL_ConfigSection [321]
17:00:55.801-----------> Msg.getMsg: NOT found: ISW_QL_InfoAccount_D [324]
17:00:55.801-----------> Msg.getMsg: NOT found: ISW_QL_OpenBtn [324]
17:00:55.802-----------> Msg.getMsg: NOT found: ISW_QL_InfoSchedule_D [324]
17:00:55.802-----------> Msg.getMsg: NOT found: ISW_QL_OpenBtn [324]
17:00:55.802-----------> Msg.getMsg: NOT found: ISW_QL_InfoProduct_D [324]
17:00:55.802-----------> Msg.getMsg: NOT found: ISW_QL_OpenBtn [324]
17:00:55.802-----------> Msg.getMsg: NOT found: ISW_QL_InfoBP_D [324]
17:00:55.802-----------> Msg.getMsg: NOT found: ISW_QL_OpenBtn [324]
17:00:55.802-----------> Msg.getMsg: NOT found: ISW_QL_InfoOrder_D [324]
17:00:55.803-----------> Msg.getMsg: NOT found: ISW_QL_OpenBtn [324]
17:00:55.803-----------> Msg.getMsg: NOT found: ISW_QL_InfoInvoice_D [324]
17:00:55.803-----------> Msg.getMsg: NOT found: ISW_QL_OpenBtn [324]
17:00:55.803-----------> Msg.getMsg: NOT found: ISW_QL_InfoShipment_D [324]
17:00:55.803-----------> Msg.getMsg: NOT found: ISW_QL_OpenBtn [324]
17:00:55.803-----------> Msg.getMsg: NOT found: ISW_QL_InfoPayment_D [324]
17:00:55.803-----------> Msg.getMsg: NOT found: ISW_QL_OpenBtn [324]
17:00:55.803-----------> Msg.getMsg: NOT found: ISW_QL_InfoResource_D [324]
17:00:55.803-----------> Msg.getMsg: NOT found: ISW_QL_OpenBtn [324]
17:00:55.804-----------> Msg.getMsg: NOT found: ISW_QL_InfoAsset_D [324]
17:00:55.804-----------> Msg.getMsg: NOT found: ISW_QL_OpenBtn [324]
17:00:55.804-----------> Msg.getMsg: NOT found: ISW_QL_InfoBatchPayment_D [324]
17:00:55.804-----------> Msg.getMsg: NOT found: ISW_QL_OpenBtn [324]
17:00:55.804-----------> Msg.getMsg: NOT found: ISW_QL_InfoSection [324]
17:00:55.804-----------> Msg.getMsg: NOT found: ISW_QL_Currency_T [324]
17:00:55.804-----------> Msg.getMsg: NOT found: ISW_QL_Currency_D [324]
17:00:55.804-----------> Msg.getMsg: NOT found: ISW_QL_OpenBtn [324]
17:00:55.805-----------> Msg.getMsg: NOT found: ISW_QL_Country_T [324]
17:00:55.805-----------> Msg.getMsg: NOT found: ISW_QL_Country_D [324]
17:00:55.805-----------> Msg.getMsg: NOT found: ISW_QL_OpenBtn [324]
17:00:55.805-----------> Msg.getMsg: NOT found: ISW_QL_Tenant_T [324]
17:00:55.805-----------> Msg.getMsg: NOT found: ISW_QL_Tenant_D [324]
17:00:55.805-----------> Msg.getMsg: NOT found: ISW_QL_OpenBtn [324]
17:00:55.805-----------> Msg.getMsg: NOT found: ISW_QL_Org_T [324]
17:00:55.805-----------> Msg.getMsg: NOT found: ISW_QL_Org_D [324]
17:00:55.805-----------> Msg.getMsg: NOT found: ISW_QL_OpenBtn [324]
17:00:55.806-----------> Msg.getMsg: NOT found: ISW_QL_Calendar_T [324]
17:00:55.806-----------> Msg.getMsg: NOT found: ISW_QL_Calendar_D [324]
17:00:55.806-----------> Msg.getMsg: NOT found: ISW_QL_OpenBtn [324]
17:00:55.806-----------> Msg.getMsg: NOT found: ISW_QL_AcctSchema_T [324]
17:00:55.806-----------> Msg.getMsg: NOT found: ISW_QL_AcctSchema_D [324]
17:00:55.806-----------> Msg.getMsg: NOT found: ISW_QL_OpenBtn [324]
17:00:55.806-----------> Msg.getMsg: NOT found: ISW_QL_CoA_T [324]
17:00:55.806-----------> Msg.getMsg: NOT found: ISW_QL_CoA_D [324]
17:00:55.806-----------> Msg.getMsg: NOT found: ISW_QL_OpenBtn [324]
17:00:55.806-----------> Msg.getMsg: NOT found: ISW_QL_TaxRate_T [324]
17:00:55.806-----------> Msg.getMsg: NOT found: ISW_QL_TaxRate_D [324]
17:00:55.807-----------> Msg.getMsg: NOT found: ISW_QL_OpenBtn [324]
17:00:55.807-----------> Msg.getMsg: NOT found: ISW_QL_PayTerm_T [324]
17:00:55.807-----------> Msg.getMsg: NOT found: ISW_QL_PayTerm_D [324]
17:00:55.807-----------> Msg.getMsg: NOT found: ISW_QL_OpenBtn [324]
17:00:55.807-----------> Msg.getMsg: NOT found: ISW_QL_PriceList_T [324]
17:00:55.807-----------> Msg.getMsg: NOT found: ISW_QL_PriceList_D [324]
17:00:55.807-----------> Msg.getMsg: NOT found: ISW_QL_OpenBtn [324]
17:00:55.807-----------> Msg.getMsg: NOT found: ISW_QL_User_T [324]
17:00:55.807-----------> Msg.getMsg: NOT found: ISW_QL_User_D [324]
17:00:55.808-----------> Msg.getMsg: NOT found: ISW_QL_OpenBtn [324]
17:00:55.808-----------> Msg.getMsg: NOT found: ISW_QL_Role_T [324]
17:00:55.808-----------> Msg.getMsg: NOT found: ISW_QL_Role_D [324]
17:00:55.808-----------> Msg.getMsg: NOT found: ISW_QL_OpenBtn [324]
17:00:55.808-----------> Msg.getMsg: NOT found: ISW_QL_BP_T [324]
17:00:55.808-----------> Msg.getMsg: NOT found: ISW_QL_BP_D [324]
17:00:55.808-----------> Msg.getMsg: NOT found: ISW_QL_OpenBtn [324]
17:00:55.808-----------> Msg.getMsg: NOT found: ISW_QL_Product_T [324]
17:00:55.808-----------> Msg.getMsg: NOT found: ISW_QL_Product_D [324]
17:00:55.808-----------> Msg.getMsg: NOT found: ISW_QL_OpenBtn [324]
17:00:55.809-----------> Msg.getMsg: NOT found: ISW_QL_Warehouse_T [324]
17:00:55.809-----------> Msg.getMsg: NOT found: ISW_QL_Warehouse_D [324]
17:00:55.809-----------> Msg.getMsg: NOT found: ISW_QL_OpenBtn [324]
17:00:55.809-----------> Msg.getMsg: NOT found: ISW_QL_Bank_T [324]
17:00:55.809-----------> Msg.getMsg: NOT found: ISW_QL_Bank_D [324]
17:00:55.809-----------> Msg.getMsg: NOT found: ISW_QL_OpenBtn [324]
17:00:55.809-----------> Msg.getMsg: NOT found: ISW_QL_ConfigSection [324]

*** 2026-05-22 17:02:12.968 idempiere Log (CLogFile) ***
