*** 2026-05-24 20:34:42.581 idempiere Log (CLogFile) ***
20:34:42.580 Adempiere.startup: iDempiere(r) Release 14_2026-03-09 -Smart Suite ERP, CRM and SCM- (c) 1999-2026 iDempiere(r); Implementation: iDempiere - Supported by iDempiere community [28]
20:34:42.581 Ini.loadProperties: /home/nextcollege/BDeveloper/idempiere-dev-setup-14/idempiere/idempiere.properties #29 [28]
20:34:42.588-----------> Core.getKeyStore: Encryption with legacy key algorithm DES detected - it is recommended to migrate to a stronger algorithm [28]
20:34:43.614-----------> Activator.createHazelCastInstance: Starting hazelcast with configuration from file hazelcast.xml [28]
20:34:44.287-----------> CPSubsystem: [192.168.1.236]:5701 [adempiere.idempiere14/localhost:5432] [5.3.7] CP Subsystem is not enabled. CP data structures will operate in UNSAFE mode! Please note that UNSAFE mode will not provide strong consistency guarantees. [28]
20:34:44.613-----------> Node: [192.168.1.236]:5701 [adempiere.idempiere14/localhost:5432] [5.3.7] No join method is enabled! Starting standalone. [28]
20:34:44.777-----------> DB.isBuildOK: Build Version Error 

The program assumes build version 14.0.0.qualifier, but database has build version ${env.ADEMPIERE_VERSION} 20080428-1232. 
This is likely to cause hard to fix errors. 
Please contact administrator. [28]
20:34:46.975-----------> EMail.setFrom: you @ company.org: javax.mail.internet.AddressException: Local address contains control or whitespace in string ``you @ company.org'' [28]
20:34:46.979-----------> EMail.addTo: you @ company.org: javax.mail.internet.AddressException: Local address contains control or whitespace in string ``you @ company.org'' [28]
20:34:46.979-----------> EMail.isValid: From is invalid=null [28]
20:34:46.980-----------> EMail.isValid: From is invalid=null [28]
20:34:46.984-----------> MClient.sendEMail: Could NOT Send Email: Server started: iDempiere (nextcollege-G751JT:192.168.1.236) to you @ company.org: Invalid Data (System) [28]
20:34:48.855           LoggedSessionListener.contextInitialized: iDempiere context initialized for 10.3.0.1 [28]
20:34:50.498-----------> Incremental2PackActivator.packIn: Installing com.egssmart.sire /META-INF/2Pack_1.0.1.zip ... [377]
20:34:50.971-----------> Incremental2PackActivator.packIn: com.egssmart.sire /META-INF/2Pack_1.0.1.zip installed [377]
20:34:50.971-----------> Incremental2PackActivator.packIn: Installing com.egssmart.sire /META-INF/2Pack_1.0.2.zip ... [377]
20:34:51.144-----------> Incremental2PackActivator.packIn: com.egssmart.sire /META-INF/2Pack_1.0.2.zip installed [377]
20:34:51.145-----------> Incremental2PackActivator.packIn: Installing com.egssmart.sire /META-INF/2Pack_1.0.3.zip ... [377]
20:35:00.627-----------> Incremental2PackActivator.packIn: com.egssmart.sire /META-INF/2Pack_1.0.3.zip installed [377]
20:35:00.628-----------> Incremental2PackActivator.packIn: Installing com.egssmart.sire /META-INF/2Pack_1.0.4.zip ... [377]
20:35:01.728-----------> PackInHandler.dumpUnresolvedElements: AD_InfoColumn [AD_Client_ID=0, AD_Org_ID=0, IsActive=Y, Name=RUC, Description=Supplier RUC number, Help=, AD_InfoWindow_ID=019e5bbc-8137-748d-a040-29b21d3aace1, EntityType=U, SelectClause=a.RUC, SeqNo=10, IsDisplayed=Y, IsQueryCriteria=Y, AD_Element_ID=204047, AD_Reference_ID=10, AD_InfoColumn_UU=019e5bc6-abbe-72e8-8949-a07dccf142ed, AD_Reference_Value_ID=, AD_Val_Rule_ID=, IsCentrallyMaintained=Y, DisplayLogic=, ColumnName=RUC, QueryOperator=Like, QueryFunction=Upper, IsIdentifier=N, SeqNoSelection=10, DefaultValue=, IsMandatory=N, IsKey=N, IsReadOnly=Y, Placeholder=, InputFieldValidation=, AD_FieldStyle_ID=019dc0ae-bcbe-7368-8030-c0ac00150eea, IsAutocomplete=N, IsQueryAfterChange=N, IsRange=N, DefaultValue2=, Placeholder2=] unresolved [AD_FieldStyle_ID] [377]
20:35:01.728-----------> PackInHandler.dumpUnresolvedElements: AD_InfoColumn [AD_Client_ID=0, AD_Org_ID=0, IsActive=Y, Name=Supplier Name, Description=Supplier business name, Help=, AD_InfoWindow_ID=019e5bbc-8137-748d-a040-29b21d3aace1, EntityType=U, SelectClause=a.RAZON_SOCIAL_PROVEEDOR, SeqNo=20, IsDisplayed=Y, IsQueryCriteria=Y, AD_Element_ID=204050, AD_Reference_ID=10, AD_InfoColumn_UU=019e5bc6-5b80-7650-9cfd-d02d5b96111b, AD_Reference_Value_ID=, AD_Val_Rule_ID=, IsCentrallyMaintained=Y, DisplayLogic=, ColumnName=RAZON_SOCIAL_PROVEEDOR, QueryOperator=Like, QueryFunction=Upper, IsIdentifier=N, SeqNoSelection=20, DefaultValue=, IsMandatory=N, IsKey=N, IsReadOnly=Y, Placeholder=, InputFieldValidation=, AD_FieldStyle_ID=019dc0ae-bcbe-7368-8030-c0ac00150eea, IsAutocomplete=N, IsQueryAfterChange=N, IsRange=N, DefaultValue2=, Placeholder2=] unresolved [AD_FieldStyle_ID] [377]
20:35:01.731===========> PackIn.importXML: importXML: [377]
org.adempiere.exceptions.AdempiereException: Unresolved elements
	at org.adempiere.pipo2.PackIn.importXML(Unknown Source)
	at org.adempiere.pipo2.PackIn.importXML(Unknown Source)
	at org.adempiere.pipo.srv.PipoDictionaryService.merge(Unknown Source)
	at org.adempiere.plugin.utils.AbstractActivator.merge(Unknown Source)
	at org.adempiere.plugin.utils.Incremental2PackActivator.packIn(Unknown Source)
	at org.adempiere.plugin.utils.Incremental2PackActivator.packIn(Unknown Source)
	at org.adempiere.plugin.utils.Incremental2PackActivator.installPackage(Unknown Source)
	at org.adempiere.plugin.utils.Incremental2PackActivator$2.run(Unknown Source)
	at java.base/java.util.concurrent.Executors$RunnableAdapter.call(Executors.java:539)
	at java.base/java.util.concurrent.FutureTask.run(FutureTask.java:264)
	at java.base/java.util.concurrent.ScheduledThreadPoolExecutor$ScheduledFutureTask.run(ScheduledThreadPoolExecutor.java:304)
	at java.base/java.util.concurrent.ThreadPoolExecutor.runWorker(ThreadPoolExecutor.java:1136)
	at java.base/java.util.concurrent.ThreadPoolExecutor$Worker.run(ThreadPoolExecutor.java:635)
	at java.base/java.lang.Thread.run(Thread.java:840)

20:35:01.733===========> PackIn.importXML: importXML: [377]
java.lang.RuntimeException: Unresolved elements
	at org.adempiere.pipo2.PackIn.importXML(Unknown Source)
	at org.adempiere.pipo2.PackIn.importXML(Unknown Source)
	at org.adempiere.pipo.srv.PipoDictionaryService.merge(Unknown Source)
	at org.adempiere.plugin.utils.AbstractActivator.merge(Unknown Source)
	at org.adempiere.plugin.utils.Incremental2PackActivator.packIn(Unknown Source)
	at org.adempiere.plugin.utils.Incremental2PackActivator.packIn(Unknown Source)
	at org.adempiere.plugin.utils.Incremental2PackActivator.installPackage(Unknown Source)
	at org.adempiere.plugin.utils.Incremental2PackActivator$2.run(Unknown Source)
	at java.base/java.util.concurrent.Executors$RunnableAdapter.call(Executors.java:539)
	at java.base/java.util.concurrent.FutureTask.run(FutureTask.java:264)
	at java.base/java.util.concurrent.ScheduledThreadPoolExecutor$ScheduledFutureTask.run(ScheduledThreadPoolExecutor.java:304)
	at java.base/java.util.concurrent.ThreadPoolExecutor.runWorker(ThreadPoolExecutor.java:1136)
	at java.base/java.util.concurrent.ThreadPoolExecutor$Worker.run(ThreadPoolExecutor.java:635)
	at java.base/java.lang.Thread.run(Thread.java:840)
caused by: org.adempiere.exceptions.AdempiereException: Unresolved elements
	at org.adempiere.pipo2.PackIn.importXML(Unknown Source)
	at org.adempiere.pipo2.PackIn.importXML(Unknown Source)
	at org.adempiere.pipo.srv.PipoDictionaryService.merge(Unknown Source)
	at org.adempiere.plugin.utils.AbstractActivator.merge(Unknown Source)
	at org.adempiere.plugin.utils.Incremental2PackActivator.packIn(Unknown Source)
	at org.adempiere.plugin.utils.Incremental2PackActivator.packIn(Unknown Source)
	at org.adempiere.plugin.utils.Incremental2PackActivator.installPackage(Unknown Source)
	at org.adempiere.plugin.utils.Incremental2PackActivator$2.run(Unknown Source)
	at java.base/java.util.concurrent.Executors$RunnableAdapter.call(Executors.java:539)
	at java.base/java.util.concurrent.FutureTask.run(FutureTask.java:264)
	at java.base/java.util.concurrent.ScheduledThreadPoolExecutor$ScheduledFutureTask.run(ScheduledThreadPoolExecutor.java:304)
	at java.base/java.util.concurrent.ThreadPoolExecutor.runWorker(ThreadPoolExecutor.java:1136)
	at java.base/java.util.concurrent.ThreadPoolExecutor$Worker.run(ThreadPoolExecutor.java:635)
	at java.base/java.lang.Thread.run(Thread.java:840)

20:35:01.734===========> PipoDictionaryService.merge: importXML: [377]
java.lang.RuntimeException: Unresolved elements
	at org.adempiere.pipo2.PackIn.importXML(Unknown Source)
	at org.adempiere.pipo2.PackIn.importXML(Unknown Source)
	at org.adempiere.pipo.srv.PipoDictionaryService.merge(Unknown Source)
	at org.adempiere.plugin.utils.AbstractActivator.merge(Unknown Source)
	at org.adempiere.plugin.utils.Incremental2PackActivator.packIn(Unknown Source)
	at org.adempiere.plugin.utils.Incremental2PackActivator.packIn(Unknown Source)
	at org.adempiere.plugin.utils.Incremental2PackActivator.installPackage(Unknown Source)
	at org.adempiere.plugin.utils.Incremental2PackActivator$2.run(Unknown Source)
	at java.base/java.util.concurrent.Executors$RunnableAdapter.call(Executors.java:539)
	at java.base/java.util.concurrent.FutureTask.run(FutureTask.java:264)
	at java.base/java.util.concurrent.ScheduledThreadPoolExecutor$ScheduledFutureTask.run(ScheduledThreadPoolExecutor.java:304)
	at java.base/java.util.concurrent.ThreadPoolExecutor.runWorker(ThreadPoolExecutor.java:1136)
	at java.base/java.util.concurrent.ThreadPoolExecutor$Worker.run(ThreadPoolExecutor.java:635)
	at java.base/java.lang.Thread.run(Thread.java:840)
caused by: org.adempiere.exceptions.AdempiereException: Unresolved elements
	at org.adempiere.pipo2.PackIn.importXML(Unknown Source)
	at org.adempiere.pipo2.PackIn.importXML(Unknown Source)
	at org.adempiere.pipo.srv.PipoDictionaryService.merge(Unknown Source)
	at org.adempiere.plugin.utils.AbstractActivator.merge(Unknown Source)
	at org.adempiere.plugin.utils.Incremental2PackActivator.packIn(Unknown Source)
	at org.adempiere.plugin.utils.Incremental2PackActivator.packIn(Unknown Source)
	at org.adempiere.plugin.utils.Incremental2PackActivator.installPackage(Unknown Source)
	at org.adempiere.plugin.utils.Incremental2PackActivator$2.run(Unknown Source)
	at java.base/java.util.concurrent.Executors$RunnableAdapter.call(Executors.java:539)
	at java.base/java.util.concurrent.FutureTask.run(FutureTask.java:264)
	at java.base/java.util.concurrent.ScheduledThreadPoolExecutor$ScheduledFutureTask.run(ScheduledThreadPoolExecutor.java:304)
	at java.base/java.util.concurrent.ThreadPoolExecutor.runWorker(ThreadPoolExecutor.java:1136)
	at java.base/java.util.concurrent.ThreadPoolExecutor$Worker.run(ThreadPoolExecutor.java:635)
	at java.base/java.lang.Thread.run(Thread.java:840)

20:35:01.764-----------> Incremental2PackActivator.packIn: Pack in failed. [377]
java.lang.RuntimeException: Unresolved elements
	at org.adempiere.pipo2.PackIn.importXML(Unknown Source)
	at org.adempiere.pipo2.PackIn.importXML(Unknown Source)
	at org.adempiere.pipo.srv.PipoDictionaryService.merge(Unknown Source)
	at org.adempiere.plugin.utils.AbstractActivator.merge(Unknown Source)
	at org.adempiere.plugin.utils.Incremental2PackActivator.packIn(Unknown Source)
	at org.adempiere.plugin.utils.Incremental2PackActivator.packIn(Unknown Source)
	at org.adempiere.plugin.utils.Incremental2PackActivator.installPackage(Unknown Source)
	at org.adempiere.plugin.utils.Incremental2PackActivator$2.run(Unknown Source)
	at java.base/java.util.concurrent.Executors$RunnableAdapter.call(Executors.java:539)
	at java.base/java.util.concurrent.FutureTask.run(FutureTask.java:264)
	at java.base/java.util.concurrent.ScheduledThreadPoolExecutor$ScheduledFutureTask.run(ScheduledThreadPoolExecutor.java:304)
	at java.base/java.util.concurrent.ThreadPoolExecutor.runWorker(ThreadPoolExecutor.java:1136)
	at java.base/java.util.concurrent.ThreadPoolExecutor$Worker.run(ThreadPoolExecutor.java:635)
	at java.base/java.lang.Thread.run(Thread.java:840)
caused by: org.adempiere.exceptions.AdempiereException: Unresolved elements
	at org.adempiere.pipo2.PackIn.importXML(Unknown Source)
	at org.adempiere.pipo2.PackIn.importXML(Unknown Source)
	at org.adempiere.pipo.srv.PipoDictionaryService.merge(Unknown Source)
	at org.adempiere.plugin.utils.AbstractActivator.merge(Unknown Source)
	at org.adempiere.plugin.utils.Incremental2PackActivator.packIn(Unknown Source)
	at org.adempiere.plugin.utils.Incremental2PackActivator.packIn(Unknown Source)
	at org.adempiere.plugin.utils.Incremental2PackActivator.installPackage(Unknown Source)
	at org.adempiere.plugin.utils.Incremental2PackActivator$2.run(Unknown Source)
	at java.base/java.util.concurrent.Executors$RunnableAdapter.call(Executors.java:539)
	at java.base/java.util.concurrent.FutureTask.run(FutureTask.java:264)
	at java.base/java.util.concurrent.ScheduledThreadPoolExecutor$ScheduledFutureTask.run(ScheduledThreadPoolExecutor.java:304)
	at java.base/java.util.concurrent.ThreadPoolExecutor.runWorker(ThreadPoolExecutor.java:1136)
	at java.base/java.util.concurrent.ThreadPoolExecutor$Worker.run(ThreadPoolExecutor.java:635)
	at java.base/java.lang.Thread.run(Thread.java:840)

20:36:50.369-----------> PackInApplicationActivator.getFilesToProcess: Processing migration [506]

*** 2026-05-24 20:46:38.532 idempiere Log (CLogFile) ***
