*** 2026-06-02 22:04:29.612 idempiere Log (CLogFile) ***
22:04:29.611 Adempiere.startup: iDempiere(r) Release 14_2026-03-09 -Smart Suite ERP, CRM and SCM- (c) 1999-2026 iDempiere(r); Implementation: iDempiere - Supported by iDempiere community [27]
22:04:29.613 Ini.loadProperties: /home/nextcollege/BDeveloper/idempiere-dev-setup-14/idempiere/idempiere.properties #29 [27]
22:04:29.618-----------> Core.getKeyStore: Encryption with legacy key algorithm DES detected - it is recommended to migrate to a stronger algorithm [27]
22:04:30.328-----------> Activator.createHazelCastInstance: Starting hazelcast with configuration from file hazelcast.xml [27]
22:04:31.019-----------> CPSubsystem: [192.168.0.55]:5701 [adempiere.idempiere14/localhost:5432] [5.3.7] CP Subsystem is not enabled. CP data structures will operate in UNSAFE mode! Please note that UNSAFE mode will not provide strong consistency guarantees. [27]
22:04:31.442-----------> Node: [192.168.0.55]:5701 [adempiere.idempiere14/localhost:5432] [5.3.7] No join method is enabled! Starting standalone. [27]
22:04:32.135-----------> DB.isBuildOK: Build Version Error 

The program assumes build version 14.0.0.qualifier, but database has build version ${env.ADEMPIERE_VERSION} 20080428-1232. 
This is likely to cause hard to fix errors. 
Please contact administrator. [27]
22:04:34.457-----------> EMail.setFrom: you @ company.org: javax.mail.internet.AddressException: Local address contains control or whitespace in string ``you @ company.org'' [27]
22:04:34.463-----------> EMail.addTo: you @ company.org: javax.mail.internet.AddressException: Local address contains control or whitespace in string ``you @ company.org'' [27]
22:04:34.463-----------> EMail.isValid: From is invalid=null [27]
22:04:34.464-----------> EMail.isValid: From is invalid=null [27]
22:04:34.469-----------> MClient.sendEMail: Could NOT Send Email: Server started: iDempiere (nextcollege-G751JT:192.168.0.55) to you @ company.org: Invalid Data (System) [27]
22:04:35.889           LoggedSessionListener.contextInitialized: iDempiere context initialized for 10.3.0.1 [27]
22:04:36.141-----------> TimeZoneDataBaseVersionChecker.init: Time zone data version mismatch detected:
 - Client (moment.js) tzdb version: 2025b
 - Server (JDK) tzdb version: 2026a
Date and time values may be incorrect if time zone rules differ.
To resolve, update the moment-timezone data on the client and/or the JDK time zone data (TZUpdater or Java update) on the server so both use the same version. [27]
22:05:29.717-----------> EGSCreateRateUSDtoPEN.doIt: PASO 1: Abriendo canal seguro y capturando contexto... [555]
22:05:30.110-----------> EGSCreateRateUSDtoPEN.doIt: Cookies ordenadas jerárquicamente: [IAASISTENCIAGESTIONSESSION=-YGLcXj-Gfs3tPyw4kpBoFVPksMWi88JfcTxp7rnEYq3op82g2IRyJeroT2u5Owmp1jiHhJTWIdOk-PKdt_DpW9zBYcj-jdm8vwVvZNDCqpIc4GkU9iesI6mj2l3wp7ia-VKZULRYfckMVZhwvDPv9bUWVspIYfqHxdRCyc3MdnWyZjRLuTV73_HTVNm6fZ2MVWGmZR1OgemG1I4upm3fKJhGKavJxKS1cGwuNj8DI-OXIKNK4-2vFDArVGy37Xa!-1926820799!1093042530; TS61ff7286027=08d0cd49b8ab200009c4b599b1c4cf52d07cde608128ef5fac11d213796d58d9511c6b392873840c08599229de113000350856cf1184435585c4e3a0a3866eee04bcb4222cf1348a554340450c1a091a12463fbf68366aed92a90af74317d5f2; TS0105b0c6=019edc9eb865d24033fc7b34b0a190f8f288d1eded34f09b4dc5378616471d40d468863e9f79a00ee03010ebfdb16dcdf2819afbaf3b7360007ce93fc08638ef2437e87779] [555]
22:05:30.200-----------> EGSCreateRateUSDtoPEN.doIt: Esperando estabilización de canal perimetral... [555]
22:05:33.700-----------> EGSCreateRateUSDtoPEN.doIt: PASO 2: Transmitiendo consulta via GET Estructurado Nativo... [555]
22:05:33.701-----------> EGSCreateRateUSDtoPEN.doIt: Periodo de consulta: 06/2026 [555]
22:05:33.795-----------> EGSCreateRateUSDtoPEN.doIt: Respuesta HTTP del Servidor: 200 [555]
22:05:33.796-----------> EGSCreateRateUSDtoPEN.doIt: Respuesta cruda del API SUNAT: <html><head><title>Request Rejected</title></head><body>The requested URL was rejected. Please consult with your administrator.<br><br>Your support ID is: 17209828040615902742<br><br><a href='javascript:history.back();'>[Go Back]</a></body></html> [555]
22:05:33.796-----------> EGSCreateRateUSDtoPEN.doIt: Respuesta no válida o vacía para el periodo (06/2026). [555]
22:05:33.796-----------> EGSCreateRateUSDtoPEN.doIt: Ejecutando contingencia de retroceso mensual. [555]
22:05:33.797-----------> EGSCreateRateUSDtoPEN.doIt: Intento 2 de 5. Reintentando secuencia completa... [555]
22:05:37.797-----------> EGSCreateRateUSDtoPEN.doIt: PASO 1: Abriendo canal seguro y capturando contexto... [555]
22:05:38.175-----------> EGSCreateRateUSDtoPEN.doIt: Cookies ordenadas jerárquicamente: [IAASISTENCIAGESTIONSESSION=KFWLcZgpnM-Jz4lWgyTZs8KJb-mTBOS1AVPLYqQ30XJbZRFRD0tTLB-WN_ZOQr9KCODU7fWwwHqLADu21YVFAYQhC7rgf4KKKBVf2XLqpFwNZaTgyrEHHzHSSgwjQpnd7bZBHycfd6HIdNoW4iEpjjRU5RJmk8HW11bX_uhRzXA7fagTu6VR4AzysDxGOorEqJ7B7UfU73-TCjBwvNheMm8DIp3DLzQCXNoxtggyDlcXRMupxMVkw3H4IDAcYkIE!-1926820799!1093042530; TS61ff7286027=08d0cd49b8ab2000c9cfd303000280c6fe0e8130bde6dfbf846f989d86c37811188d30245ff874b608b16dc7ba1130009e60decb0c44e77f924d4aced4fdca4796ff74c40feff2280900cc24df27a18773fede28de0e3dfadcb34748b27a53f2; TS0105b0c6=019edc9eb84b7aa06da352491f1e779736415cad5f6fd84f1aa428e15cc5a7ae4f91f46f061bc853f7fe9cee17c8a95a0309e45960c723d4f76c8c8e8c7d81b0bf44b4e592] [555]
22:05:38.180-----------> EGSCreateRateUSDtoPEN.doIt: Esperando estabilización de canal perimetral... [555]
22:05:41.680-----------> EGSCreateRateUSDtoPEN.doIt: PASO 2: Transmitiendo consulta via GET Estructurado Nativo... [555]
22:05:41.681-----------> EGSCreateRateUSDtoPEN.doIt: Periodo de consulta: 05/2026 [555]
22:05:41.777-----------> EGSCreateRateUSDtoPEN.doIt: Respuesta HTTP del Servidor: 200 [555]
22:05:41.778-----------> EGSCreateRateUSDtoPEN.doIt: Respuesta cruda del API SUNAT: <html><head><title>Request Rejected</title></head><body>The requested URL was rejected. Please consult with your administrator.<br><br>Your support ID is: 11781552376935861465<br><br><a href='javascript:history.back();'>[Go Back]</a></body></html> [555]
22:05:41.778-----------> EGSCreateRateUSDtoPEN.doIt: Respuesta no válida o vacía para el periodo (05/2026). [555]
22:05:41.778-----------> EGSCreateRateUSDtoPEN.doIt: Ejecutando contingencia de retroceso mensual. [555]
22:05:41.778-----------> EGSCreateRateUSDtoPEN.doIt: Intento 3 de 5. Reintentando secuencia completa... [555]
22:05:45.779-----------> EGSCreateRateUSDtoPEN.doIt: PASO 1: Abriendo canal seguro y capturando contexto... [555]
22:05:46.297-----------> EGSCreateRateUSDtoPEN.doIt: Cookies ordenadas jerárquicamente: [IAASISTENCIAGESTIONSESSION=LFqLcbfNHMcKQorIi9gpij9-ToRyx_XcGCU8mV6VEUNsM266ark16c2b30Lqm12Q0mD1K3M2BqzxSkkA5j7VSOpr_TWYfkrpe-Xbm_lKQ9u73DQE1h7zOxcMYgdNcUoS7CwsAjTgt2XcCdMRZj2nt9sdahFdQj-HJBHIID8A_GCNr768Nr0g2I4EKBzt4Cdln6bm0btD_Xgi2NQ9moO4YbxAxfVpdR_71Jt5nfXyKumObaWstc7sZGQYQM_-S0ur!-1926820799!1093042530; TS61ff7286027=08d0cd49b8ab200079b35d58c51fc8190da0fe4a94ab75bd180b8b4ec2fd3e5eed9d6af8466c84c108166c51fe113000ae72107d69d81fc789cb868c1f5961295c12c6d1f36c86414ebf85ec3be530f3213ec0e9ac0013e0cb08f4d7750f8f69; TS0105b0c6=019edc9eb841beff884ab876d754a1b9772f7e59f35496465d393533e88b6a8a0ab0a3587c3de504394428c4b810cb4df9541524e047bb83535441f7e2b5336928df3c0128] [555]
22:05:46.337-----------> EGSCreateRateUSDtoPEN.doIt: Esperando estabilización de canal perimetral... [555]
22:05:49.837-----------> EGSCreateRateUSDtoPEN.doIt: PASO 2: Transmitiendo consulta via GET Estructurado Nativo... [555]
22:05:49.838-----------> EGSCreateRateUSDtoPEN.doIt: Periodo de consulta: 04/2026 [555]
22:05:49.948-----------> EGSCreateRateUSDtoPEN.doIt: Respuesta HTTP del Servidor: 200 [555]
22:05:49.949-----------> EGSCreateRateUSDtoPEN.doIt: Respuesta cruda del API SUNAT: <html><head><title>Request Rejected</title></head><body>The requested URL was rejected. Please consult with your administrator.<br><br>Your support ID is: 17209828040615920422<br><br><a href='javascript:history.back();'>[Go Back]</a></body></html> [555]
22:05:49.949-----------> EGSCreateRateUSDtoPEN.doIt: Respuesta no válida o vacía para el periodo (04/2026). [555]
22:05:49.949-----------> EGSCreateRateUSDtoPEN.doIt: Ejecutando contingencia de retroceso mensual. [555]
22:05:49.950-----------> EGSCreateRateUSDtoPEN.doIt: Intento 4 de 5. Reintentando secuencia completa... [555]
22:05:53.951-----------> EGSCreateRateUSDtoPEN.doIt: PASO 1: Abriendo canal seguro y capturando contexto... [555]
22:05:54.381-----------> EGSCreateRateUSDtoPEN.doIt: Cookies ordenadas jerárquicamente: [IAASISTENCIAGESTIONSESSION=4oOLcdd564JYt1pec3VqLzaJbfaxgsa3rgq4Q0DIGf5-YzH-lkZF9DzgkcXnO-5zgXnnTXnXmmSE8cRLyRC2nT_TUgNqPs28MAAcQFPt4AsNrts_4sYgrJeHG_YzGF-kWyP-_QNsvi8hcWqn0OJ0qERWeQ-7Sa_V-bfCLkaF_OELQc9NTWsxtCPLG_Qnc--XcvnsIwDa5gyyJgtIPz1yd3Tp-U6hz5M99zZVZoDzWHX56rG82qW6kQzMITjVP0rc!-1926820799!1093042530; TS61ff7286027=08d0cd49b8ab2000a59f3dba46a82b933e1d56f036b94df63139076e45756ff4fa462f2f5f63e8500828927188113000283d1cb4286686515d94eaaf979c83caf3afcbe933dc7fcdd3021f2249deae3006b871c91a1ae7dae419bddc8893e934; TS0105b0c6=019edc9eb82ec48dda92420b0853c0653c8d0ef78446a515db794f33ff4d0e71a735007d4fd4fc4f53b4eda8f425d2f457dd34b0e4a6e1c7ee741d77fd9c0c07e349da87c8] [555]
22:05:54.460-----------> EGSCreateRateUSDtoPEN.doIt: Esperando estabilización de canal perimetral... [555]
22:05:57.961-----------> EGSCreateRateUSDtoPEN.doIt: PASO 2: Transmitiendo consulta via GET Estructurado Nativo... [555]
22:05:57.961-----------> EGSCreateRateUSDtoPEN.doIt: Periodo de consulta: 03/2026 [555]
22:05:58.057-----------> EGSCreateRateUSDtoPEN.doIt: Respuesta HTTP del Servidor: 200 [555]
22:05:58.057-----------> EGSCreateRateUSDtoPEN.doIt: Respuesta cruda del API SUNAT: <html><head><title>Request Rejected</title></head><body>The requested URL was rejected. Please consult with your administrator.<br><br>Your support ID is: 11781552376935880585<br><br><a href='javascript:history.back();'>[Go Back]</a></body></html> [555]
22:05:58.058-----------> EGSCreateRateUSDtoPEN.doIt: Respuesta no válida o vacía para el periodo (03/2026). [555]
22:05:58.058-----------> EGSCreateRateUSDtoPEN.doIt: Ejecutando contingencia de retroceso mensual. [555]
22:05:58.058-----------> EGSCreateRateUSDtoPEN.doIt: Intento 5 de 5. Reintentando secuencia completa... [555]
22:06:02.058-----------> EGSCreateRateUSDtoPEN.doIt: PASO 1: Abriendo canal seguro y capturando contexto... [555]
22:06:02.457-----------> EGSCreateRateUSDtoPEN.doIt: Cookies ordenadas jerárquicamente: [IAASISTENCIAGESTIONSESSION=so6Lcfb7jbKDDN9k3MNoVIVCyX3F8PmxHAJ2gN5--V_JR8l4Q0aCcBK_jt65hIXDtl2UU_VH5ktgwpPMpoGZKlREzGeeJE2a-FZu56UKv1KszW-bJWYPvwpNdGi9T3LZiHx1XmUI3ZirCjv7MjNeUAks6wdHU_d95b_nAFpT73ANRQ8_5nnvRC9uJhfIuZoTwIYHeB8010sflrU1v3fW-PHux6wJ-BpejagKft9s1Ff94HnMeHqynn9P_vR9OaN_!-1926820799!1093042530; TS61ff7286027=08d0cd49b8ab200004fe3173f0740aeb3dc7bb2aa64d23d9dec427de004d2750b32ede20d503500308cc46887a113000872cfb883e99b4bf536c03e25969196fb3f26d83b6f0e8030c5f8e7f4887af977f5b90fc26ea09c8bc947ce359118e55; TS0105b0c6=019edc9eb82bb954f89eb06dbd2204fa67f8bfdd848cf0e314f1011a523eda3b66e374dfbdc1ce5efd411950a8cb0b1c73b15bc3b6f71c1823e15c081910b4b492408c2bf4] [555]
22:06:02.458-----------> EGSCreateRateUSDtoPEN.doIt: Esperando estabilización de canal perimetral... [555]
22:06:05.959-----------> EGSCreateRateUSDtoPEN.doIt: PASO 2: Transmitiendo consulta via GET Estructurado Nativo... [555]
22:06:05.959-----------> EGSCreateRateUSDtoPEN.doIt: Periodo de consulta: 02/2026 [555]
22:06:06.055-----------> EGSCreateRateUSDtoPEN.doIt: Respuesta HTTP del Servidor: 200 [555]
22:06:06.056-----------> EGSCreateRateUSDtoPEN.doIt: Respuesta cruda del API SUNAT: <html><head><title>Request Rejected</title></head><body>The requested URL was rejected. Please consult with your administrator.<br><br>Your support ID is: 1939715761719868187<br><br><a href='javascript:history.back();'>[Go Back]</a></body></html> [555]
22:06:06.056-----------> EGSCreateRateUSDtoPEN.doIt: Respuesta no válida o vacía para el periodo (02/2026). [555]
22:06:06.056-----------> EGSCreateRateUSDtoPEN.doIt: Ejecutando contingencia de retroceso mensual. [555]
22:06:06.058===========> EGSCreateRateUSDtoPEN.process: Fallo final de consistencia de datos. [555]
org.adempiere.exceptions.AdempiereException: Fallo final de consistencia de datos.
	at com.egssmart.finantials.proccess.EGSCreateRateUSDtoPEN.doIt(Unknown Source)
	at org.compiere.process.SvrProcess.process(Unknown Source)
	at org.compiere.process.SvrProcess.startProcess(Unknown Source)
	at org.adempiere.util.ProcessUtil.startJavaProcess(Unknown Source)
	at org.compiere.apps.AbstractProcessCtl.startProcess(Unknown Source)
	at org.compiere.apps.AbstractProcessCtl.run(Unknown Source)
	at org.adempiere.webui.apps.WProcessCtl.process(Unknown Source)
	at org.adempiere.webui.apps.AbstractProcessDialog$ProcessDialogRunnable.doRun(Unknown Source)
	at org.adempiere.util.ContextRunnable.run(Unknown Source)
	at org.adempiere.webui.apps.DesktopRunnable.run(Unknown Source)
	at java.base/java.util.concurrent.Executors$RunnableAdapter.call(Executors.java:539)

22:06:37.228-----------> PackInApplicationActivator.getFilesToProcess: Processing migration [512]

*** 2026-06-02 22:13:02.852 idempiere Log (CLogFile) ***
