*** 2026-06-02 11:19:14.695 idempiere Log (CLogFile) ***
11:19:14.694 Adempiere.startup: iDempiere(r) Release 14_2026-03-09 -Smart Suite ERP, CRM and SCM- (c) 1999-2026 iDempiere(r); Implementation: iDempiere - Supported by iDempiere community [27]
11:19:14.696 Ini.loadProperties: /home/nextcollege/BDeveloper/idempiere-dev-setup-14/idempiere/idempiere.properties #29 [27]
11:19:14.703-----------> Core.getKeyStore: Encryption with legacy key algorithm DES detected - it is recommended to migrate to a stronger algorithm [27]
11:19:15.270-----------> Activator.createHazelCastInstance: Starting hazelcast with configuration from file hazelcast.xml [27]
11:19:15.796-----------> CPSubsystem: [192.168.0.55]:5701 [adempiere.idempiere14/localhost:5432] [5.3.7] CP Subsystem is not enabled. CP data structures will operate in UNSAFE mode! Please note that UNSAFE mode will not provide strong consistency guarantees. [27]
11:19:16.138-----------> Node: [192.168.0.55]:5701 [adempiere.idempiere14/localhost:5432] [5.3.7] No join method is enabled! Starting standalone. [27]
11:19:16.636-----------> DB.isBuildOK: Build Version Error 

The program assumes build version 14.0.0.qualifier, but database has build version ${env.ADEMPIERE_VERSION} 20080428-1232. 
This is likely to cause hard to fix errors. 
Please contact administrator. [27]
11:19:18.718-----------> EMail.setFrom: you @ company.org: javax.mail.internet.AddressException: Local address contains control or whitespace in string ``you @ company.org'' [27]
11:19:18.723-----------> EMail.addTo: you @ company.org: javax.mail.internet.AddressException: Local address contains control or whitespace in string ``you @ company.org'' [27]
11:19:18.723-----------> EMail.isValid: From is invalid=null [27]
11:19:18.724-----------> EMail.isValid: From is invalid=null [27]
11:19:18.728-----------> MClient.sendEMail: Could NOT Send Email: Server started: iDempiere (nextcollege-G751JT:192.168.0.55) to you @ company.org: Invalid Data (System) [27]
11:19:20.186           LoggedSessionListener.contextInitialized: iDempiere context initialized for 10.3.0.1 [27]
11:19:20.375-----------> TimeZoneDataBaseVersionChecker.init: Time zone data version mismatch detected:
 - Client (moment.js) tzdb version: 2025b
 - Server (JDK) tzdb version: 2026a
Date and time values may be incorrect if time zone rules differ.
To resolve, update the moment-timezone data on the client and/or the JDK time zone data (TZUpdater or Java update) on the server so both use the same version. [27]
11:19:56.109-----------> EGSCreateRateUSDtoPEN.doIt: PASO 1: Abriendo Home de SUNAT para asegurar Token de sesión WAF... [498]
11:19:56.638-----------> EGSCreateRateUSDtoPEN.doIt: Cookies WAF F5 aseguradas: [IAASISTENCIAGESTIONSESSION, TS0105b0c6, TSf3c1dbbd027] [498]
11:19:56.638-----------> EGSCreateRateUSDtoPEN.doIt: Dando un respiro de 1800ms para simular renderizado... [498]
11:19:58.438-----------> EGSCreateRateUSDtoPEN.doIt: PASO 2: Extrayendo datos desde endpoint asíncrono estructurado... [498]
11:19:58.717-----------> EGSCreateRateUSDtoPEN.doIt: Respuesta cruda del API SUNAT: <html><head><title>Request Rejected</title></head><body>The requested URL was rejected. Please consult with your administrator.<br><br>Your support ID is: 16158738457964051900<br><br><a href='javascript:history.back();'>[Go Back]</a></body></html> [498]
11:19:58.718-----------> EGSCreateRateUSDtoPEN.doIt: Rechazo dinámico del WAF detectado en el contenido. Reintentando... [498]
11:19:58.718-----------> EGSCreateRateUSDtoPEN.doIt: Intento 2 de 5. Reintentando secuencia completa... [498]
11:20:02.719-----------> EGSCreateRateUSDtoPEN.doIt: PASO 1: Abriendo Home de SUNAT para asegurar Token de sesión WAF... [498]
11:20:03.091-----------> EGSCreateRateUSDtoPEN.doIt: Cookies WAF F5 aseguradas: [IAASISTENCIAGESTIONSESSION, TSf3c1dbbd027] [498]
11:20:03.091-----------> EGSCreateRateUSDtoPEN.doIt: Dando un respiro de 1800ms para simular renderizado... [498]
11:20:04.892-----------> EGSCreateRateUSDtoPEN.doIt: PASO 2: Extrayendo datos desde endpoint asíncrono estructurado... [498]
11:20:05.171-----------> EGSCreateRateUSDtoPEN.doIt: Incidencia de comunicación: HTTP error fetching URL. Status=415, URL=[https://e-consulta.sunat.gob.pe/cl-at-ittipcam/tcS01Alias/listarTipoCambio] [498]
11:20:05.171-----------> EGSCreateRateUSDtoPEN.doIt: Intento 3 de 5. Reintentando secuencia completa... [498]
11:20:09.171-----------> EGSCreateRateUSDtoPEN.doIt: PASO 1: Abriendo Home de SUNAT para asegurar Token de sesión WAF... [498]
11:20:09.546-----------> EGSCreateRateUSDtoPEN.doIt: Cookies WAF F5 aseguradas: [IAASISTENCIAGESTIONSESSION, TS0105b0c6, TSf3c1dbbd027] [498]
11:20:09.546-----------> EGSCreateRateUSDtoPEN.doIt: Dando un respiro de 1800ms para simular renderizado... [498]
11:20:11.346-----------> EGSCreateRateUSDtoPEN.doIt: PASO 2: Extrayendo datos desde endpoint asíncrono estructurado... [498]
11:20:11.623-----------> EGSCreateRateUSDtoPEN.doIt: Incidencia de comunicación: HTTP error fetching URL. Status=415, URL=[https://e-consulta.sunat.gob.pe/cl-at-ittipcam/tcS01Alias/listarTipoCambio] [498]
11:20:11.624-----------> EGSCreateRateUSDtoPEN.doIt: Intento 4 de 5. Reintentando secuencia completa... [498]
11:20:15.624-----------> EGSCreateRateUSDtoPEN.doIt: PASO 1: Abriendo Home de SUNAT para asegurar Token de sesión WAF... [498]
11:20:15.992-----------> EGSCreateRateUSDtoPEN.doIt: Cookies WAF F5 aseguradas: [IAASISTENCIAGESTIONSESSION, TSf3c1dbbd027] [498]
11:20:15.992-----------> EGSCreateRateUSDtoPEN.doIt: Dando un respiro de 1800ms para simular renderizado... [498]
11:20:17.792-----------> EGSCreateRateUSDtoPEN.doIt: PASO 2: Extrayendo datos desde endpoint asíncrono estructurado... [498]
11:20:18.070-----------> EGSCreateRateUSDtoPEN.doIt: Incidencia de comunicación: HTTP error fetching URL. Status=415, URL=[https://e-consulta.sunat.gob.pe/cl-at-ittipcam/tcS01Alias/listarTipoCambio] [498]
11:20:18.070-----------> EGSCreateRateUSDtoPEN.doIt: Intento 5 de 5. Reintentando secuencia completa... [498]
11:20:22.071-----------> EGSCreateRateUSDtoPEN.doIt: PASO 1: Abriendo Home de SUNAT para asegurar Token de sesión WAF... [498]
11:20:22.436-----------> EGSCreateRateUSDtoPEN.doIt: Cookies WAF F5 aseguradas: [IAASISTENCIAGESTIONSESSION, TS0105b0c6, TSf3c1dbbd027] [498]
11:20:22.436-----------> EGSCreateRateUSDtoPEN.doIt: Dando un respiro de 1800ms para simular renderizado... [498]
11:20:24.236-----------> EGSCreateRateUSDtoPEN.doIt: PASO 2: Extrayendo datos desde endpoint asíncrono estructurado... [498]
11:20:24.516-----------> EGSCreateRateUSDtoPEN.doIt: Incidencia de comunicación: HTTP error fetching URL. Status=415, URL=[https://e-consulta.sunat.gob.pe/cl-at-ittipcam/tcS01Alias/listarTipoCambio] [498]
11:20:24.517===========> EGSCreateRateUSDtoPEN.process: Incapaz de estabilizar comunicación con el servicio de SUNAT. [498]
org.jsoup.HttpStatusException: HTTP error fetching URL. Status=415, URL=[https://e-consulta.sunat.gob.pe/cl-at-ittipcam/tcS01Alias/listarTipoCambio]
	at org.jsoup.helper.HttpConnection$Response.execute(HttpConnection.java:913)
	at org.jsoup.helper.HttpConnection$Response.execute(HttpConnection.java:866)
	at org.jsoup.helper.HttpConnection.execute(HttpConnection.java:365)
	at com.egssmart.finantials.proccess.EGSCreateRateUSDtoPEN.doIt(Unknown Source)
	at org.compiere.process.SvrProcess.process(Unknown Source)
	at org.compiere.process.SvrProcess.startProcess(Unknown Source)
	at org.adempiere.util.ProcessUtil.startJavaProcess(Unknown Source)
	at org.compiere.apps.AbstractProcessCtl.startProcess(Unknown Source)
	at org.compiere.apps.AbstractProcessCtl.run(Unknown Source)
	at org.adempiere.webui.apps.WProcessCtl.process(Unknown Source)
	at org.adempiere.webui.apps.AbstractProcessDialog$ProcessDialogRunnable.doRun(Unknown Source)
	at org.adempiere.util.ContextRunnable.run(Unknown Source)
	at org.adempiere.webui.apps.DesktopRunnable.run(Unknown Source)

11:21:21.427-----------> PackInApplicationActivator.getFilesToProcess: Processing migration [454]

*** 2026-06-02 12:59:45.446 idempiere Log (CLogFile) ***
