*** 2026-05-24 17:23:25.378 idempiere Log (CLogFile) ***
17:23:25.377 Adempiere.startup: iDempiere(r) Release 14_2026-03-09 -Smart Suite ERP, CRM and SCM- (c) 1999-2026 iDempiere(r); Implementation: iDempiere - Supported by iDempiere community [28]
17:23:25.379 Ini.loadProperties: /home/nextcollege/BDeveloper/idempiere-dev-setup-14/idempiere/idempiere.properties #29 [28]
17:23:25.384-----------> Core.getKeyStore: Encryption with legacy key algorithm DES detected - it is recommended to migrate to a stronger algorithm [28]
17:23:26.360-----------> Activator.createHazelCastInstance: Starting hazelcast with configuration from file hazelcast.xml [28]
17:23:26.964-----------> CPSubsystem: [192.168.1.236]:5701 [adempiere.idempiere14/localhost:5432] [5.3.7] CP Subsystem is not enabled. CP data structures will operate in UNSAFE mode! Please note that UNSAFE mode will not provide strong consistency guarantees. [28]
17:23:27.337-----------> Node: [192.168.1.236]:5701 [adempiere.idempiere14/localhost:5432] [5.3.7] No join method is enabled! Starting standalone. [28]
17:23:27.461-----------> DB.isBuildOK: Build Version Error 

The program assumes build version 14.0.0.qualifier, but database has build version ${env.ADEMPIERE_VERSION} 20080428-1232. 
This is likely to cause hard to fix errors. 
Please contact administrator. [28]
17:23:29.729-----------> EMail.setFrom: you @ company.org: javax.mail.internet.AddressException: Local address contains control or whitespace in string ``you @ company.org'' [28]
17:23:29.738-----------> EMail.addTo: you @ company.org: javax.mail.internet.AddressException: Local address contains control or whitespace in string ``you @ company.org'' [28]
17:23:29.738-----------> EMail.isValid: From is invalid=null [28]
17:23:29.739-----------> EMail.isValid: From is invalid=null [28]
17:23:29.743-----------> MClient.sendEMail: Could NOT Send Email: Server started: iDempiere (nextcollege-G751JT:192.168.1.236) to you @ company.org: Invalid Data (System) [28]
17:23:31.122           LoggedSessionListener.contextInitialized: iDempiere context initialized for 10.3.0.1 [28]
17:23:32.493-----------> Incremental2PackActivator.packIn: Installing com.egssmart.sire /META-INF/2Pack_1.0.6.zip ... [33]
17:23:32.561===========> PipoDictionaryService.merge: importXML: [33]
org.adempiere.exceptions.AdempiereException: File does not exist: /tmp/oracle/dict/PackOut.xml
	at org.adempiere.pipo2.PackIn.importXML(Unknown Source)
	at org.adempiere.pipo.srv.PipoDictionaryService.merge(Unknown Source)
	at org.adempiere.plugin.utils.AbstractActivator.merge(Unknown Source)
	at org.adempiere.plugin.utils.Incremental2PackActivator.packIn(Unknown Source)
	at org.adempiere.plugin.utils.Incremental2PackActivator.packIn(Unknown Source)
	at org.adempiere.plugin.utils.Incremental2PackActivator.installPackage(Unknown Source)
	at org.adempiere.plugin.utils.Incremental2PackActivator$2.run(Unknown Source)
	at java.base/java.util.concurrent.Executors$RunnableAdapter.call(Executors.java:539)
	at java.base/java.util.concurrent.FutureTask.run(FutureTask.java:264)
	at java.base/java.util.concurrent.ScheduledThreadPoolExecutor$ScheduledFutureTask.run(ScheduledThreadPoolExecutor.java:304)
	at java.base/java.util.concurrent.ThreadPoolExecutor.runWorker(ThreadPoolExecutor.java:1136)
	at java.base/java.util.concurrent.ThreadPoolExecutor$Worker.run(ThreadPoolExecutor.java:635)
	at java.base/java.lang.Thread.run(Thread.java:840)

17:23:32.669-----------> Incremental2PackActivator.packIn: Pack in failed. [33]
org.adempiere.exceptions.AdempiereException: File does not exist: /tmp/oracle/dict/PackOut.xml
	at org.adempiere.pipo2.PackIn.importXML(Unknown Source)
	at org.adempiere.pipo.srv.PipoDictionaryService.merge(Unknown Source)
	at org.adempiere.plugin.utils.AbstractActivator.merge(Unknown Source)
	at org.adempiere.plugin.utils.Incremental2PackActivator.packIn(Unknown Source)
	at org.adempiere.plugin.utils.Incremental2PackActivator.packIn(Unknown Source)
	at org.adempiere.plugin.utils.Incremental2PackActivator.installPackage(Unknown Source)
	at org.adempiere.plugin.utils.Incremental2PackActivator$2.run(Unknown Source)
	at java.base/java.util.concurrent.Executors$RunnableAdapter.call(Executors.java:539)
	at java.base/java.util.concurrent.FutureTask.run(FutureTask.java:264)
	at java.base/java.util.concurrent.ScheduledThreadPoolExecutor$ScheduledFutureTask.run(ScheduledThreadPoolExecutor.java:304)
	at java.base/java.util.concurrent.ThreadPoolExecutor.runWorker(ThreadPoolExecutor.java:1136)
	at java.base/java.util.concurrent.ThreadPoolExecutor$Worker.run(ThreadPoolExecutor.java:635)
	at java.base/java.lang.Thread.run(Thread.java:840)

17:25:32.352-----------> PackInApplicationActivator.getFilesToProcess: Processing migration [484]

*** 2026-05-24 17:25:50.331 idempiere Log (CLogFile) ***
