*** 2026-06-02 01:35:51.814 idempiere Log (CLogFile) ***
01:35:51.814 Adempiere.startup: iDempiere(r) Release 14_2026-03-09 -Smart Suite ERP, CRM and SCM- (c) 1999-2026 iDempiere(r); Implementation: iDempiere - Supported by iDempiere community [27]
01:35:51.814 AnnotationBasedModelFactory.lambda$0: AnnotationBasedModelFactory loaded 741 classes in 2.378s [40]
01:35:51.816 Ini.loadProperties: /home/nextcollege/BDeveloper/idempiere-dev-setup-14/idempiere/idempiere.properties #29 [27]
01:35:51.821-----------> Core.getKeyStore: Encryption with legacy key algorithm DES detected - it is recommended to migrate to a stronger algorithm [27]
01:35:52.489-----------> Activator.createHazelCastInstance: Starting hazelcast with configuration from file hazelcast.xml [27]
01:35:53.086-----------> CPSubsystem: [192.168.0.55]:5701 [adempiere.idempiere14/localhost:5432] [5.3.7] CP Subsystem is not enabled. CP data structures will operate in UNSAFE mode! Please note that UNSAFE mode will not provide strong consistency guarantees. [27]
01:35:53.466-----------> Node: [192.168.0.55]:5701 [adempiere.idempiere14/localhost:5432] [5.3.7] No join method is enabled! Starting standalone. [27]
01:35:54.213-----------> DB.isBuildOK: Build Version Error 

The program assumes build version 14.0.0.qualifier, but database has build version ${env.ADEMPIERE_VERSION} 20080428-1232. 
This is likely to cause hard to fix errors. 
Please contact administrator. [27]
01:35:56.220-----------> EMail.setFrom: you @ company.org: javax.mail.internet.AddressException: Local address contains control or whitespace in string ``you @ company.org'' [27]
01:35:56.224-----------> EMail.addTo: you @ company.org: javax.mail.internet.AddressException: Local address contains control or whitespace in string ``you @ company.org'' [27]
01:35:56.225-----------> EMail.isValid: From is invalid=null [27]
01:35:56.225-----------> EMail.isValid: From is invalid=null [27]
01:35:56.231-----------> MClient.sendEMail: Could NOT Send Email: Server started: iDempiere (nextcollege-G751JT:192.168.0.55) to you @ company.org: Invalid Data (System) [27]
01:35:57.617           LoggedSessionListener.contextInitialized: iDempiere context initialized for 10.3.0.1 [27]
01:37:59.018-----------> PackInApplicationActivator.getFilesToProcess: Processing migration [480]
01:39:53.594-----------> EGSCreateRateUSDtoPEN.doIt: Paso 1: Obteniendo tokens y cookies de la sesión inicial de SUNAT... [530]
01:39:53.741-----------> EGSCreateRateUSDtoPEN.doIt: Paso 2: Consultando API JSON directo con payload de periodo 5/2026 [530]
01:39:53.809-----------> EGSCreateRateUSDtoPEN.doIt: Fallo de conexión en el API de la SUNAT: HTTP error fetching URL. Status=400, URL=[https://e-consulta.sunat.gob.pe/cl-at-ittipcam/tcS01Alias/listarTipoCambio] [530]
01:39:53.809-----------> EGSCreateRateUSDtoPEN.doIt: Intento 2 de 5. Reintentando... [530]
01:39:57.809-----------> EGSCreateRateUSDtoPEN.doIt: Paso 1: Obteniendo tokens y cookies de la sesión inicial de SUNAT... [530]
01:39:57.876-----------> EGSCreateRateUSDtoPEN.doIt: Paso 2: Consultando API JSON directo con payload de periodo 5/2026 [530]
01:39:57.935-----------> EGSCreateRateUSDtoPEN.doIt: Fallo de conexión en el API de la SUNAT: HTTP error fetching URL. Status=400, URL=[https://e-consulta.sunat.gob.pe/cl-at-ittipcam/tcS01Alias/listarTipoCambio] [530]
01:39:57.935-----------> EGSCreateRateUSDtoPEN.doIt: Intento 3 de 5. Reintentando... [530]
01:40:01.936-----------> EGSCreateRateUSDtoPEN.doIt: Paso 1: Obteniendo tokens y cookies de la sesión inicial de SUNAT... [530]
01:40:02.012-----------> EGSCreateRateUSDtoPEN.doIt: Paso 2: Consultando API JSON directo con payload de periodo 5/2026 [530]
01:40:02.066-----------> EGSCreateRateUSDtoPEN.doIt: Fallo de conexión en el API de la SUNAT: HTTP error fetching URL. Status=400, URL=[https://e-consulta.sunat.gob.pe/cl-at-ittipcam/tcS01Alias/listarTipoCambio] [530]
01:40:02.067-----------> EGSCreateRateUSDtoPEN.doIt: Intento 4 de 5. Reintentando... [530]
01:40:06.067-----------> EGSCreateRateUSDtoPEN.doIt: Paso 1: Obteniendo tokens y cookies de la sesión inicial de SUNAT... [530]
01:40:06.211-----------> EGSCreateRateUSDtoPEN.doIt: Paso 2: Consultando API JSON directo con payload de periodo 5/2026 [530]
01:40:06.437-----------> EGSCreateRateUSDtoPEN.doIt: Fallo de conexión en el API de la SUNAT: HTTP error fetching URL. Status=400, URL=[https://e-consulta.sunat.gob.pe/cl-at-ittipcam/tcS01Alias/listarTipoCambio] [530]
01:40:06.437-----------> EGSCreateRateUSDtoPEN.doIt: Intento 5 de 5. Reintentando... [530]
01:40:10.437-----------> EGSCreateRateUSDtoPEN.doIt: Paso 1: Obteniendo tokens y cookies de la sesión inicial de SUNAT... [530]
01:40:10.684-----------> EGSCreateRateUSDtoPEN.doIt: Paso 2: Consultando API JSON directo con payload de periodo 5/2026 [530]
01:40:10.823-----------> EGSCreateRateUSDtoPEN.doIt: Fallo de conexión en el API de la SUNAT: HTTP error fetching URL. Status=400, URL=[https://e-consulta.sunat.gob.pe/cl-at-ittipcam/tcS01Alias/listarTipoCambio] [530]
01:40:10.824===========> EGSCreateRateUSDtoPEN.process: No se logró comunicación persistente con la API de SUNAT tras 5 reintentos. [530]
org.jsoup.HttpStatusException: HTTP error fetching URL. Status=400, URL=[https://e-consulta.sunat.gob.pe/cl-at-ittipcam/tcS01Alias/listarTipoCambio]
	at org.jsoup.helper.HttpConnection$Response.execute(HttpConnection.java:913)
	at org.jsoup.helper.HttpConnection$Response.execute(HttpConnection.java:866)
	at org.jsoup.helper.HttpConnection.execute(HttpConnection.java:365)
	at com.egssmart.finantials.proccess.EGSCreateRateUSDtoPEN.doIt(Unknown Source)
	at org.compiere.process.SvrProcess.process(Unknown Source)
	at org.compiere.process.SvrProcess.startProcess(Unknown Source)
	at org.adempiere.util.ProcessUtil.startJavaProcess(Unknown Source)
	at org.compiere.apps.AbstractProcessCtl.startProcess(Unknown Source)
	at org.compiere.apps.AbstractProcessCtl.run(Unknown Source)
	at org.adempiere.webui.apps.WProcessCtl.process(Unknown Source)
	at org.adempiere.webui.apps.AbstractProcessDialog$ProcessDialogRunnable.doRun(Unknown Source)
	at org.adempiere.util.ContextRunnable.run(Unknown Source)
	at org.adempiere.webui.apps.DesktopRunnable.run(Unknown Source)


*** 2026-06-02 01:44:28.356 idempiere Log (CLogFile) ***
