*** 2026-05-24 17:26:16.863 idempiere Log (CLogFile) ***
17:26:16.861 Adempiere.startup: iDempiere(r) Release 14_2026-03-09 -Smart Suite ERP, CRM and SCM- (c) 1999-2026 iDempiere(r); Implementation: iDempiere - Supported by iDempiere community [28]
17:26:16.864 Ini.loadProperties: /home/nextcollege/BDeveloper/idempiere-dev-setup-14/idempiere/idempiere.properties #29 [28]
17:26:16.871-----------> Core.getKeyStore: Encryption with legacy key algorithm DES detected - it is recommended to migrate to a stronger algorithm [28]
17:26:18.020-----------> Activator.createHazelCastInstance: Starting hazelcast with configuration from file hazelcast.xml [28]
17:26:18.718-----------> CPSubsystem: [192.168.1.236]:5701 [adempiere.idempiere14/localhost:5432] [5.3.7] CP Subsystem is not enabled. CP data structures will operate in UNSAFE mode! Please note that UNSAFE mode will not provide strong consistency guarantees. [28]
17:26:19.048-----------> Node: [192.168.1.236]:5701 [adempiere.idempiere14/localhost:5432] [5.3.7] No join method is enabled! Starting standalone. [28]
17:26:19.212-----------> DB.isBuildOK: Build Version Error 

The program assumes build version 14.0.0.qualifier, but database has build version ${env.ADEMPIERE_VERSION} 20080428-1232. 
This is likely to cause hard to fix errors. 
Please contact administrator. [28]
17:26:21.057-----------> EMail.setFrom: you @ company.org: javax.mail.internet.AddressException: Local address contains control or whitespace in string ``you @ company.org'' [28]
17:26:21.062-----------> EMail.addTo: you @ company.org: javax.mail.internet.AddressException: Local address contains control or whitespace in string ``you @ company.org'' [28]
17:26:21.063-----------> EMail.isValid: From is invalid=null [28]
17:26:21.063-----------> EMail.isValid: From is invalid=null [28]
17:26:21.069-----------> MClient.sendEMail: Could NOT Send Email: Server started: iDempiere (nextcollege-G751JT:192.168.1.236) to you @ company.org: Invalid Data (System) [28]
17:26:22.775           LoggedSessionListener.contextInitialized: iDempiere context initialized for 10.3.0.1 [28]
17:26:24.533-----------> Incremental2PackActivator.packIn: Installing com.egssmart.sire /META-INF/2Pack_1.0.6.zip ... [487]
17:26:24.614===========> PipoDictionaryService.merge: importXML: [487]
org.adempiere.exceptions.AdempiereException: File does not exist: /tmp/postgresql/dict/PackOut.xml
	at org.adempiere.pipo2.PackIn.importXML(Unknown Source)
	at org.adempiere.pipo.srv.PipoDictionaryService.merge(Unknown Source)
	at org.adempiere.plugin.utils.AbstractActivator.merge(Unknown Source)
	at org.adempiere.plugin.utils.Incremental2PackActivator.packIn(Unknown Source)
	at org.adempiere.plugin.utils.Incremental2PackActivator.packIn(Unknown Source)
	at org.adempiere.plugin.utils.Incremental2PackActivator.installPackage(Unknown Source)
	at org.adempiere.plugin.utils.Incremental2PackActivator$2.run(Unknown Source)
	at java.base/java.util.concurrent.Executors$RunnableAdapter.call(Executors.java:539)
	at java.base/java.util.concurrent.FutureTask.run(FutureTask.java:264)
	at java.base/java.util.concurrent.ScheduledThreadPoolExecutor$ScheduledFutureTask.run(ScheduledThreadPoolExecutor.java:304)
	at java.base/java.util.concurrent.ThreadPoolExecutor.runWorker(ThreadPoolExecutor.java:1136)
	at java.base/java.util.concurrent.ThreadPoolExecutor$Worker.run(ThreadPoolExecutor.java:635)
	at java.base/java.lang.Thread.run(Thread.java:840)

17:26:24.741-----------> Incremental2PackActivator.packIn: Pack in failed. [487]
org.adempiere.exceptions.AdempiereException: File does not exist: /tmp/postgresql/dict/PackOut.xml
	at org.adempiere.pipo2.PackIn.importXML(Unknown Source)
	at org.adempiere.pipo.srv.PipoDictionaryService.merge(Unknown Source)
	at org.adempiere.plugin.utils.AbstractActivator.merge(Unknown Source)
	at org.adempiere.plugin.utils.Incremental2PackActivator.packIn(Unknown Source)
	at org.adempiere.plugin.utils.Incremental2PackActivator.packIn(Unknown Source)
	at org.adempiere.plugin.utils.Incremental2PackActivator.installPackage(Unknown Source)
	at org.adempiere.plugin.utils.Incremental2PackActivator$2.run(Unknown Source)
	at java.base/java.util.concurrent.Executors$RunnableAdapter.call(Executors.java:539)
	at java.base/java.util.concurrent.FutureTask.run(FutureTask.java:264)
	at java.base/java.util.concurrent.ScheduledThreadPoolExecutor$ScheduledFutureTask.run(ScheduledThreadPoolExecutor.java:304)
	at java.base/java.util.concurrent.ThreadPoolExecutor.runWorker(ThreadPoolExecutor.java:1136)
	at java.base/java.util.concurrent.ThreadPoolExecutor$Worker.run(ThreadPoolExecutor.java:635)
	at java.base/java.lang.Thread.run(Thread.java:840)

17:27:12.213===========> MTree.loadNodes: Nodes w/o parent - adding to root - [Propuesta Registro de Compras] [414]
17:27:34.186-----------> Msg.getMsg: NOT found: NeedsQuery [373]
17:27:54.684-----------> MRole.getProcessAccess: Role System Administrator has assigned access incompatible process Asset Parent Report [412]
17:27:54.685-----------> MRole.getProcessAccess: Role System Administrator has assigned access incompatible process Asset Group Defaults [412]
17:27:54.685-----------> MRole.getProcessAccess: Role System Administrator has assigned access incompatible process Depreciation Table [412]
17:27:54.686-----------> MRole.getProcessAccess: Role System Administrator has assigned access incompatible process Asset Convention Report [412]
17:27:54.686-----------> MRole.getProcessAccess: Role System Administrator has assigned access incompatible process Asset Depreciation Method [412]
17:27:54.694===========> MTree.loadNodes: Nodes w/o parent - adding to root - [Propuesta Registro de Compras] [412]
17:27:56.707===========> MTree.loadNodes: Nodes w/o parent - adding to root - [Propuesta Registro de Compras] [367]
17:28:24.343-----------> PackInApplicationActivator.getFilesToProcess: Processing migration [491]
17:35:31.776===========> MTree.loadNodes: Nodes w/o parent - adding to root - [Propuesta Registro de Compras] [698]

*** 2026-05-24 17:36:21.621 idempiere Log (CLogFile) ***
