*** 2026-05-26 16:39:41.269 idempiere Log (CLogFile) ***
16:39:41.268 Adempiere.startup: iDempiere(r) Release 14_2026-03-09 -Smart Suite ERP, CRM and SCM- (c) 1999-2026 iDempiere(r); Implementation: iDempiere - Supported by iDempiere community [28]
16:39:41.270 Ini.loadProperties: /home/nextcollege/BDeveloper/idempiere-dev-setup-14/idempiere/idempiere.properties #29 [28]
16:39:41.274-----------> Core.getKeyStore: Encryption with legacy key algorithm DES detected - it is recommended to migrate to a stronger algorithm [28]
16:39:42.497-----------> Activator.createHazelCastInstance: Starting hazelcast with configuration from file hazelcast.xml [28]
16:39:43.193-----------> CPSubsystem: [192.168.1.236]:5701 [adempiere.idempiere14/localhost:5432] [5.3.7] CP Subsystem is not enabled. CP data structures will operate in UNSAFE mode! Please note that UNSAFE mode will not provide strong consistency guarantees. [28]
16:39:43.513-----------> Node: [192.168.1.236]:5701 [adempiere.idempiere14/localhost:5432] [5.3.7] No join method is enabled! Starting standalone. [28]
16:39:43.631-----------> DB.isBuildOK: Build Version Error 

The program assumes build version 14.0.0.qualifier, but database has build version ${env.ADEMPIERE_VERSION} 20080428-1232. 
This is likely to cause hard to fix errors. 
Please contact administrator. [28]
16:39:45.846-----------> EMail.setFrom: you @ company.org: javax.mail.internet.AddressException: Local address contains control or whitespace in string ``you @ company.org'' [28]
16:39:45.850-----------> EMail.addTo: you @ company.org: javax.mail.internet.AddressException: Local address contains control or whitespace in string ``you @ company.org'' [28]
16:39:45.850-----------> EMail.isValid: From is invalid=null [28]
16:39:45.851-----------> EMail.isValid: From is invalid=null [28]
16:39:45.856-----------> MClient.sendEMail: Could NOT Send Email: Server started: iDempiere (nextcollege-G751JT:192.168.1.236) to you @ company.org: Invalid Data (System) [28]
16:39:47.832           LoggedSessionListener.contextInitialized: iDempiere context initialized for 10.3.0.1 [28]
16:41:14.394-----------> DefaultModelFactory.getClass: No class for table with it entity: lpe_purchase_proposal [622]
16:41:49.222-----------> PackInApplicationActivator.getFilesToProcess: Processing migration [463]
16:43:26.687-----------> MRole.getProcessAccess: Role System Administrator has assigned access incompatible process Asset Parent Report [643]
16:43:26.688-----------> MRole.getProcessAccess: Role System Administrator has assigned access incompatible process Asset Group Defaults [643]
16:43:26.689-----------> MRole.getProcessAccess: Role System Administrator has assigned access incompatible process Depreciation Table [643]
16:43:26.689-----------> MRole.getProcessAccess: Role System Administrator has assigned access incompatible process Asset Convention Report [643]
16:43:26.690-----------> MRole.getProcessAccess: Role System Administrator has assigned access incompatible process Asset Depreciation Method [643]
16:45:43.985-----------> MRole.getProcessAccess: Role System Administrator has assigned access incompatible process Asset Parent Report [386]
16:45:43.985-----------> MRole.getProcessAccess: Role System Administrator has assigned access incompatible process Asset Group Defaults [386]
16:45:43.985-----------> MRole.getProcessAccess: Role System Administrator has assigned access incompatible process Depreciation Table [386]
16:45:43.985-----------> MRole.getProcessAccess: Role System Administrator has assigned access incompatible process Asset Convention Report [386]
16:45:43.986-----------> MRole.getProcessAccess: Role System Administrator has assigned access incompatible process Asset Depreciation Method [386]
16:47:28.836-----------> MRole.getProcessAccess: Role System Administrator has assigned access incompatible process Asset Parent Report [383]
16:47:28.837-----------> MRole.getProcessAccess: Role System Administrator has assigned access incompatible process Asset Group Defaults [383]
16:47:28.837-----------> MRole.getProcessAccess: Role System Administrator has assigned access incompatible process Depreciation Table [383]
16:47:28.837-----------> MRole.getProcessAccess: Role System Administrator has assigned access incompatible process Asset Convention Report [383]
16:47:28.838-----------> MRole.getProcessAccess: Role System Administrator has assigned access incompatible process Asset Depreciation Method [383]
16:49:27.037-----------> MRole.getProcessAccess: Role System Administrator has assigned access incompatible process Asset Parent Report [385]
16:49:27.038-----------> MRole.getProcessAccess: Role System Administrator has assigned access incompatible process Asset Group Defaults [385]
16:49:27.038-----------> MRole.getProcessAccess: Role System Administrator has assigned access incompatible process Depreciation Table [385]
16:49:27.039-----------> MRole.getProcessAccess: Role System Administrator has assigned access incompatible process Asset Convention Report [385]
16:49:27.040-----------> MRole.getProcessAccess: Role System Administrator has assigned access incompatible process Asset Depreciation Method [385]
16:50:53.905-----------> DefaultModelFactory.getClass: No class for table with it entity: lpe_purchase_proposal [386]
16:51:16.426-----------> DefaultModelFactory.getClass: No class for table with it entity: lpe_sales_proposal [621]
16:51:16.429-----------> GenericPO.set_Value: moneda - Value too long - truncated to length=3 [621]
16:51:16.435-----------> GenericPO.set_Value: moneda - Value too long - truncated to length=3 [621]
16:51:16.441-----------> GenericPO.set_Value: moneda - Value too long - truncated to length=3 [621]
16:51:16.445-----------> GenericPO.set_Value: moneda - Value too long - truncated to length=3 [621]
16:51:16.450-----------> GenericPO.set_Value: moneda - Value too long - truncated to length=3 [621]
16:51:16.455-----------> GenericPO.set_Value: moneda - Value too long - truncated to length=3 [621]
16:51:16.460-----------> GenericPO.set_Value: moneda - Value too long - truncated to length=3 [621]
16:51:16.464-----------> GenericPO.set_Value: moneda - Value too long - truncated to length=3 [621]
16:51:16.469-----------> GenericPO.set_Value: moneda - Value too long - truncated to length=3 [621]
16:51:16.472-----------> GenericPO.set_Value: moneda - Value too long - truncated to length=3 [621]
16:51:16.478-----------> GenericPO.set_Value: moneda - Value too long - truncated to length=3 [621]
16:53:28.460===========> GridTable.dataDelete: Delete [336]
org.adempiere.exceptions.DBException: org.postgresql.util.PSQLException: ERROR: la sintaxis de entrada no es válida para tipo uuid: «»
  Where: portal sin nombre, parámetro 2 = ''
	at org.compiere.util.DB.getSQLValueEx(Unknown Source)
	at org.compiere.model.PO_Record.exists(Unknown Source)
	at org.compiere.model.PO.delete(Unknown Source)
	at org.compiere.model.GridTable.dataDelete(Unknown Source)
	at org.compiere.model.GridTab.dataDelete(Unknown Source)
	at org.adempiere.webui.adwindow.AbstractADWindowContent$38.onCallback(Unknown Source)
	at org.adempiere.webui.adwindow.AbstractADWindowContent$38.onCallback(Unknown Source)
	at org.adempiere.webui.window.Dialog$1.onCallback(Unknown Source)
	at org.adempiere.webui.window.Dialog$1.onCallback(Unknown Source)
	at org.adempiere.webui.component.Messagebox.onPageDetached(Unknown Source)
	at org.zkoss.zk.ui.AbstractComponent.setPage0(AbstractComponent.java:525)
caused by: org.postgresql.util.PSQLException: ERROR: la sintaxis de entrada no es válida para tipo uuid: «»
  Where: portal sin nombre, parámetro 2 = ''; State=22P02; ErrorCode=0
	at org.postgresql.core.v3.QueryExecutorImpl.receiveErrorResponse(QueryExecutorImpl.java:2736)
	at org.postgresql.core.v3.QueryExecutorImpl.processResults(QueryExecutorImpl.java:2421)
	at org.postgresql.core.v3.QueryExecutorImpl.execute(QueryExecutorImpl.java:372)
	at org.postgresql.jdbc.PgStatement.executeInternal(PgStatement.java:525)
	at org.postgresql.jdbc.PgStatement.execute(PgStatement.java:435)
	at org.postgresql.jdbc.PgPreparedStatement.executeWithFlags(PgPreparedStatement.java:196)
	at org.postgresql.jdbc.PgPreparedStatement.executeQuery(PgPreparedStatement.java:139)
	at com.zaxxer.hikari.pool.ProxyPreparedStatement.executeQuery(ProxyPreparedStatement.java:52)
	at com.zaxxer.hikari.pool.HikariProxyPreparedStatement.executeQuery(HikariProxyPreparedStatement.java)
	at jdk.internal.reflect.GeneratedMethodAccessor28.invoke(Unknown Source)
	at java.base/jdk.internal.reflect.DelegatingMethodAccessorImpl.invoke(DelegatingMethodAccessorImpl.java:43)
	at java.base/java.lang.reflect.Method.invoke(Method.java:569)
	at org.compiere.db.StatementProxy.invoke(Unknown Source)
	at jdk.proxy2/jdk.proxy2.$Proxy15.executeQuery(Unknown Source)
	at org.compiere.util.DB.getSQLValueEx(Unknown Source)
	at org.compiere.model.PO_Record.exists(Unknown Source)
	at org.compiere.model.PO.delete(Unknown Source)
	at org.compiere.model.GridTable.dataDelete(Unknown Source)
	at org.compiere.model.GridTab.dataDelete(Unknown Source)
	at org.adempiere.webui.adwindow.AbstractADWindowContent$38.onCallback(Unknown Source)
	at org.adempiere.webui.adwindow.AbstractADWindowContent$38.onCallback(Unknown Source)
	at org.adempiere.webui.window.Dialog$1.onCallback(Unknown Source)
	at org.adempiere.webui.window.Dialog$1.onCallback(Unknown Source)
	at org.adempiere.webui.component.Messagebox.onPageDetached(Unknown Source)

16:53:28.463-----------> GridTable.saveWarning: DeleteError -  [336]
16:53:28.490===========> GridTable.dataDelete: Delete [336]
org.adempiere.exceptions.DBException: org.postgresql.util.PSQLException: ERROR: la sintaxis de entrada no es válida para tipo uuid: «»
  Where: portal sin nombre, parámetro 2 = ''
	at org.compiere.util.DB.getSQLValueEx(Unknown Source)
	at org.compiere.model.PO_Record.exists(Unknown Source)
	at org.compiere.model.PO.delete(Unknown Source)
	at org.compiere.model.GridTable.dataDelete(Unknown Source)
	at org.compiere.model.GridTab.dataDelete(Unknown Source)
	at org.adempiere.webui.adwindow.AbstractADWindowContent$38.onCallback(Unknown Source)
	at org.adempiere.webui.adwindow.AbstractADWindowContent$38.onCallback(Unknown Source)
	at org.adempiere.webui.window.Dialog$1.onCallback(Unknown Source)
	at org.adempiere.webui.window.Dialog$1.onCallback(Unknown Source)
	at org.adempiere.webui.component.Messagebox.onPageDetached(Unknown Source)
	at org.zkoss.zk.ui.AbstractComponent.setPage0(AbstractComponent.java:525)
caused by: org.postgresql.util.PSQLException: ERROR: la sintaxis de entrada no es válida para tipo uuid: «»
  Where: portal sin nombre, parámetro 2 = ''; State=22P02; ErrorCode=0
	at org.postgresql.core.v3.QueryExecutorImpl.receiveErrorResponse(QueryExecutorImpl.java:2736)
	at org.postgresql.core.v3.QueryExecutorImpl.processResults(QueryExecutorImpl.java:2421)
	at org.postgresql.core.v3.QueryExecutorImpl.execute(QueryExecutorImpl.java:372)
	at org.postgresql.jdbc.PgStatement.executeInternal(PgStatement.java:525)
	at org.postgresql.jdbc.PgStatement.execute(PgStatement.java:435)
	at org.postgresql.jdbc.PgPreparedStatement.executeWithFlags(PgPreparedStatement.java:196)
	at org.postgresql.jdbc.PgPreparedStatement.executeQuery(PgPreparedStatement.java:139)
	at com.zaxxer.hikari.pool.ProxyPreparedStatement.executeQuery(ProxyPreparedStatement.java:52)
	at com.zaxxer.hikari.pool.HikariProxyPreparedStatement.executeQuery(HikariProxyPreparedStatement.java)
	at jdk.internal.reflect.GeneratedMethodAccessor28.invoke(Unknown Source)
	at java.base/jdk.internal.reflect.DelegatingMethodAccessorImpl.invoke(DelegatingMethodAccessorImpl.java:43)
	at java.base/java.lang.reflect.Method.invoke(Method.java:569)
	at org.compiere.db.StatementProxy.invoke(Unknown Source)
	at jdk.proxy2/jdk.proxy2.$Proxy15.executeQuery(Unknown Source)
	at org.compiere.util.DB.getSQLValueEx(Unknown Source)
	at org.compiere.model.PO_Record.exists(Unknown Source)
	at org.compiere.model.PO.delete(Unknown Source)
	at org.compiere.model.GridTable.dataDelete(Unknown Source)
	at org.compiere.model.GridTab.dataDelete(Unknown Source)
	at org.adempiere.webui.adwindow.AbstractADWindowContent$38.onCallback(Unknown Source)
	at org.adempiere.webui.adwindow.AbstractADWindowContent$38.onCallback(Unknown Source)
	at org.adempiere.webui.window.Dialog$1.onCallback(Unknown Source)
	at org.adempiere.webui.window.Dialog$1.onCallback(Unknown Source)
	at org.adempiere.webui.component.Messagebox.onPageDetached(Unknown Source)

16:53:28.492-----------> GridTable.saveWarning: DeleteError -  [336]
16:53:28.509===========> GridTable.dataDelete: Delete [336]
org.adempiere.exceptions.DBException: org.postgresql.util.PSQLException: ERROR: la sintaxis de entrada no es válida para tipo uuid: «»
  Where: portal sin nombre, parámetro 2 = ''
	at org.compiere.util.DB.getSQLValueEx(Unknown Source)
	at org.compiere.model.PO_Record.exists(Unknown Source)
	at org.compiere.model.PO.delete(Unknown Source)
	at org.compiere.model.GridTable.dataDelete(Unknown Source)
	at org.compiere.model.GridTab.dataDelete(Unknown Source)
	at org.adempiere.webui.adwindow.AbstractADWindowContent$38.onCallback(Unknown Source)
	at org.adempiere.webui.adwindow.AbstractADWindowContent$38.onCallback(Unknown Source)
	at org.adempiere.webui.window.Dialog$1.onCallback(Unknown Source)
	at org.adempiere.webui.window.Dialog$1.onCallback(Unknown Source)
	at org.adempiere.webui.component.Messagebox.onPageDetached(Unknown Source)
	at org.zkoss.zk.ui.AbstractComponent.setPage0(AbstractComponent.java:525)
caused by: org.postgresql.util.PSQLException: ERROR: la sintaxis de entrada no es válida para tipo uuid: «»
  Where: portal sin nombre, parámetro 2 = ''; State=22P02; ErrorCode=0
	at org.postgresql.core.v3.QueryExecutorImpl.receiveErrorResponse(QueryExecutorImpl.java:2736)
	at org.postgresql.core.v3.QueryExecutorImpl.processResults(QueryExecutorImpl.java:2421)
	at org.postgresql.core.v3.QueryExecutorImpl.execute(QueryExecutorImpl.java:372)
	at org.postgresql.jdbc.PgStatement.executeInternal(PgStatement.java:525)
	at org.postgresql.jdbc.PgStatement.execute(PgStatement.java:435)
	at org.postgresql.jdbc.PgPreparedStatement.executeWithFlags(PgPreparedStatement.java:196)
	at org.postgresql.jdbc.PgPreparedStatement.executeQuery(PgPreparedStatement.java:139)
	at com.zaxxer.hikari.pool.ProxyPreparedStatement.executeQuery(ProxyPreparedStatement.java:52)
	at com.zaxxer.hikari.pool.HikariProxyPreparedStatement.executeQuery(HikariProxyPreparedStatement.java)
	at jdk.internal.reflect.GeneratedMethodAccessor28.invoke(Unknown Source)
	at java.base/jdk.internal.reflect.DelegatingMethodAccessorImpl.invoke(DelegatingMethodAccessorImpl.java:43)
	at java.base/java.lang.reflect.Method.invoke(Method.java:569)
	at org.compiere.db.StatementProxy.invoke(Unknown Source)
	at jdk.proxy2/jdk.proxy2.$Proxy15.executeQuery(Unknown Source)
	at org.compiere.util.DB.getSQLValueEx(Unknown Source)
	at org.compiere.model.PO_Record.exists(Unknown Source)
	at org.compiere.model.PO.delete(Unknown Source)
	at org.compiere.model.GridTable.dataDelete(Unknown Source)
	at org.compiere.model.GridTab.dataDelete(Unknown Source)
	at org.adempiere.webui.adwindow.AbstractADWindowContent$38.onCallback(Unknown Source)
	at org.adempiere.webui.adwindow.AbstractADWindowContent$38.onCallback(Unknown Source)
	at org.adempiere.webui.window.Dialog$1.onCallback(Unknown Source)
	at org.adempiere.webui.window.Dialog$1.onCallback(Unknown Source)
	at org.adempiere.webui.component.Messagebox.onPageDetached(Unknown Source)

16:53:28.510-----------> GridTable.saveWarning: DeleteError -  [336]
16:53:28.526===========> GridTable.dataDelete: Delete [336]
org.adempiere.exceptions.DBException: org.postgresql.util.PSQLException: ERROR: la sintaxis de entrada no es válida para tipo uuid: «»
  Where: portal sin nombre, parámetro 2 = ''
	at org.compiere.util.DB.getSQLValueEx(Unknown Source)
	at org.compiere.model.PO_Record.exists(Unknown Source)
	at org.compiere.model.PO.delete(Unknown Source)
	at org.compiere.model.GridTable.dataDelete(Unknown Source)
	at org.compiere.model.GridTab.dataDelete(Unknown Source)
	at org.adempiere.webui.adwindow.AbstractADWindowContent$38.onCallback(Unknown Source)
	at org.adempiere.webui.adwindow.AbstractADWindowContent$38.onCallback(Unknown Source)
	at org.adempiere.webui.window.Dialog$1.onCallback(Unknown Source)
	at org.adempiere.webui.window.Dialog$1.onCallback(Unknown Source)
	at org.adempiere.webui.component.Messagebox.onPageDetached(Unknown Source)
	at org.zkoss.zk.ui.AbstractComponent.setPage0(AbstractComponent.java:525)
caused by: org.postgresql.util.PSQLException: ERROR: la sintaxis de entrada no es válida para tipo uuid: «»
  Where: portal sin nombre, parámetro 2 = ''; State=22P02; ErrorCode=0
	at org.postgresql.core.v3.QueryExecutorImpl.receiveErrorResponse(QueryExecutorImpl.java:2736)
	at org.postgresql.core.v3.QueryExecutorImpl.processResults(QueryExecutorImpl.java:2421)
	at org.postgresql.core.v3.QueryExecutorImpl.execute(QueryExecutorImpl.java:372)
	at org.postgresql.jdbc.PgStatement.executeInternal(PgStatement.java:525)
	at org.postgresql.jdbc.PgStatement.execute(PgStatement.java:435)
	at org.postgresql.jdbc.PgPreparedStatement.executeWithFlags(PgPreparedStatement.java:196)
	at org.postgresql.jdbc.PgPreparedStatement.executeQuery(PgPreparedStatement.java:139)
	at com.zaxxer.hikari.pool.ProxyPreparedStatement.executeQuery(ProxyPreparedStatement.java:52)
	at com.zaxxer.hikari.pool.HikariProxyPreparedStatement.executeQuery(HikariProxyPreparedStatement.java)
	at jdk.internal.reflect.GeneratedMethodAccessor28.invoke(Unknown Source)
	at java.base/jdk.internal.reflect.DelegatingMethodAccessorImpl.invoke(DelegatingMethodAccessorImpl.java:43)
	at java.base/java.lang.reflect.Method.invoke(Method.java:569)
	at org.compiere.db.StatementProxy.invoke(Unknown Source)
	at jdk.proxy2/jdk.proxy2.$Proxy15.executeQuery(Unknown Source)
	at org.compiere.util.DB.getSQLValueEx(Unknown Source)
	at org.compiere.model.PO_Record.exists(Unknown Source)
	at org.compiere.model.PO.delete(Unknown Source)
	at org.compiere.model.GridTable.dataDelete(Unknown Source)
	at org.compiere.model.GridTab.dataDelete(Unknown Source)
	at org.adempiere.webui.adwindow.AbstractADWindowContent$38.onCallback(Unknown Source)
	at org.adempiere.webui.adwindow.AbstractADWindowContent$38.onCallback(Unknown Source)
	at org.adempiere.webui.window.Dialog$1.onCallback(Unknown Source)
	at org.adempiere.webui.window.Dialog$1.onCallback(Unknown Source)
	at org.adempiere.webui.component.Messagebox.onPageDetached(Unknown Source)

16:53:28.527-----------> GridTable.saveWarning: DeleteError -  [336]
16:53:28.543===========> GridTable.dataDelete: Delete [336]
org.adempiere.exceptions.DBException: org.postgresql.util.PSQLException: ERROR: la sintaxis de entrada no es válida para tipo uuid: «»
  Where: portal sin nombre, parámetro 2 = ''
	at org.compiere.util.DB.getSQLValueEx(Unknown Source)
	at org.compiere.model.PO_Record.exists(Unknown Source)
	at org.compiere.model.PO.delete(Unknown Source)
	at org.compiere.model.GridTable.dataDelete(Unknown Source)
	at org.compiere.model.GridTab.dataDelete(Unknown Source)
	at org.adempiere.webui.adwindow.AbstractADWindowContent$38.onCallback(Unknown Source)
	at org.adempiere.webui.adwindow.AbstractADWindowContent$38.onCallback(Unknown Source)
	at org.adempiere.webui.window.Dialog$1.onCallback(Unknown Source)
	at org.adempiere.webui.window.Dialog$1.onCallback(Unknown Source)
	at org.adempiere.webui.component.Messagebox.onPageDetached(Unknown Source)
	at org.zkoss.zk.ui.AbstractComponent.setPage0(AbstractComponent.java:525)
caused by: org.postgresql.util.PSQLException: ERROR: la sintaxis de entrada no es válida para tipo uuid: «»
  Where: portal sin nombre, parámetro 2 = ''; State=22P02; ErrorCode=0
	at org.postgresql.core.v3.QueryExecutorImpl.receiveErrorResponse(QueryExecutorImpl.java:2736)
	at org.postgresql.core.v3.QueryExecutorImpl.processResults(QueryExecutorImpl.java:2421)
	at org.postgresql.core.v3.QueryExecutorImpl.execute(QueryExecutorImpl.java:372)
	at org.postgresql.jdbc.PgStatement.executeInternal(PgStatement.java:525)
	at org.postgresql.jdbc.PgStatement.execute(PgStatement.java:435)
	at org.postgresql.jdbc.PgPreparedStatement.executeWithFlags(PgPreparedStatement.java:196)
	at org.postgresql.jdbc.PgPreparedStatement.executeQuery(PgPreparedStatement.java:139)
	at com.zaxxer.hikari.pool.ProxyPreparedStatement.executeQuery(ProxyPreparedStatement.java:52)
	at com.zaxxer.hikari.pool.HikariProxyPreparedStatement.executeQuery(HikariProxyPreparedStatement.java)
	at jdk.internal.reflect.GeneratedMethodAccessor28.invoke(Unknown Source)
	at java.base/jdk.internal.reflect.DelegatingMethodAccessorImpl.invoke(DelegatingMethodAccessorImpl.java:43)
	at java.base/java.lang.reflect.Method.invoke(Method.java:569)
	at org.compiere.db.StatementProxy.invoke(Unknown Source)
	at jdk.proxy2/jdk.proxy2.$Proxy15.executeQuery(Unknown Source)
	at org.compiere.util.DB.getSQLValueEx(Unknown Source)
	at org.compiere.model.PO_Record.exists(Unknown Source)
	at org.compiere.model.PO.delete(Unknown Source)
	at org.compiere.model.GridTable.dataDelete(Unknown Source)
	at org.compiere.model.GridTab.dataDelete(Unknown Source)
	at org.adempiere.webui.adwindow.AbstractADWindowContent$38.onCallback(Unknown Source)
	at org.adempiere.webui.adwindow.AbstractADWindowContent$38.onCallback(Unknown Source)
	at org.adempiere.webui.window.Dialog$1.onCallback(Unknown Source)
	at org.adempiere.webui.window.Dialog$1.onCallback(Unknown Source)
	at org.adempiere.webui.component.Messagebox.onPageDetached(Unknown Source)

16:53:28.544-----------> GridTable.saveWarning: DeleteError -  [336]
16:53:28.561===========> GridTable.dataDelete: Delete [336]
org.adempiere.exceptions.DBException: org.postgresql.util.PSQLException: ERROR: la sintaxis de entrada no es válida para tipo uuid: «»
  Where: portal sin nombre, parámetro 2 = ''
	at org.compiere.util.DB.getSQLValueEx(Unknown Source)
	at org.compiere.model.PO_Record.exists(Unknown Source)
	at org.compiere.model.PO.delete(Unknown Source)
	at org.compiere.model.GridTable.dataDelete(Unknown Source)
	at org.compiere.model.GridTab.dataDelete(Unknown Source)
	at org.adempiere.webui.adwindow.AbstractADWindowContent$38.onCallback(Unknown Source)
	at org.adempiere.webui.adwindow.AbstractADWindowContent$38.onCallback(Unknown Source)
	at org.adempiere.webui.window.Dialog$1.onCallback(Unknown Source)
	at org.adempiere.webui.window.Dialog$1.onCallback(Unknown Source)
	at org.adempiere.webui.component.Messagebox.onPageDetached(Unknown Source)
	at org.zkoss.zk.ui.AbstractComponent.setPage0(AbstractComponent.java:525)
caused by: org.postgresql.util.PSQLException: ERROR: la sintaxis de entrada no es válida para tipo uuid: «»
  Where: portal sin nombre, parámetro 2 = ''; State=22P02; ErrorCode=0
	at org.postgresql.core.v3.QueryExecutorImpl.receiveErrorResponse(QueryExecutorImpl.java:2736)
	at org.postgresql.core.v3.QueryExecutorImpl.processResults(QueryExecutorImpl.java:2421)
	at org.postgresql.core.v3.QueryExecutorImpl.execute(QueryExecutorImpl.java:372)
	at org.postgresql.jdbc.PgStatement.executeInternal(PgStatement.java:525)
	at org.postgresql.jdbc.PgStatement.execute(PgStatement.java:435)
	at org.postgresql.jdbc.PgPreparedStatement.executeWithFlags(PgPreparedStatement.java:196)
	at org.postgresql.jdbc.PgPreparedStatement.executeQuery(PgPreparedStatement.java:139)
	at com.zaxxer.hikari.pool.ProxyPreparedStatement.executeQuery(ProxyPreparedStatement.java:52)
	at com.zaxxer.hikari.pool.HikariProxyPreparedStatement.executeQuery(HikariProxyPreparedStatement.java)
	at jdk.internal.reflect.GeneratedMethodAccessor28.invoke(Unknown Source)
	at java.base/jdk.internal.reflect.DelegatingMethodAccessorImpl.invoke(DelegatingMethodAccessorImpl.java:43)
	at java.base/java.lang.reflect.Method.invoke(Method.java:569)
	at org.compiere.db.StatementProxy.invoke(Unknown Source)
	at jdk.proxy2/jdk.proxy2.$Proxy15.executeQuery(Unknown Source)
	at org.compiere.util.DB.getSQLValueEx(Unknown Source)
	at org.compiere.model.PO_Record.exists(Unknown Source)
	at org.compiere.model.PO.delete(Unknown Source)
	at org.compiere.model.GridTable.dataDelete(Unknown Source)
	at org.compiere.model.GridTab.dataDelete(Unknown Source)
	at org.adempiere.webui.adwindow.AbstractADWindowContent$38.onCallback(Unknown Source)
	at org.adempiere.webui.adwindow.AbstractADWindowContent$38.onCallback(Unknown Source)
	at org.adempiere.webui.window.Dialog$1.onCallback(Unknown Source)
	at org.adempiere.webui.window.Dialog$1.onCallback(Unknown Source)
	at org.adempiere.webui.component.Messagebox.onPageDetached(Unknown Source)

16:53:28.562-----------> GridTable.saveWarning: DeleteError -  [336]
16:53:28.578===========> GridTable.dataDelete: Delete [336]
org.adempiere.exceptions.DBException: org.postgresql.util.PSQLException: ERROR: la sintaxis de entrada no es válida para tipo uuid: «»
  Where: portal sin nombre, parámetro 2 = ''
	at org.compiere.util.DB.getSQLValueEx(Unknown Source)
	at org.compiere.model.PO_Record.exists(Unknown Source)
	at org.compiere.model.PO.delete(Unknown Source)
	at org.compiere.model.GridTable.dataDelete(Unknown Source)
	at org.compiere.model.GridTab.dataDelete(Unknown Source)
	at org.adempiere.webui.adwindow.AbstractADWindowContent$38.onCallback(Unknown Source)
	at org.adempiere.webui.adwindow.AbstractADWindowContent$38.onCallback(Unknown Source)
	at org.adempiere.webui.window.Dialog$1.onCallback(Unknown Source)
	at org.adempiere.webui.window.Dialog$1.onCallback(Unknown Source)
	at org.adempiere.webui.component.Messagebox.onPageDetached(Unknown Source)
	at org.zkoss.zk.ui.AbstractComponent.setPage0(AbstractComponent.java:525)
caused by: org.postgresql.util.PSQLException: ERROR: la sintaxis de entrada no es válida para tipo uuid: «»
  Where: portal sin nombre, parámetro 2 = ''; State=22P02; ErrorCode=0
	at org.postgresql.core.v3.QueryExecutorImpl.receiveErrorResponse(QueryExecutorImpl.java:2736)
	at org.postgresql.core.v3.QueryExecutorImpl.processResults(QueryExecutorImpl.java:2421)
	at org.postgresql.core.v3.QueryExecutorImpl.execute(QueryExecutorImpl.java:372)
	at org.postgresql.jdbc.PgStatement.executeInternal(PgStatement.java:525)
	at org.postgresql.jdbc.PgStatement.execute(PgStatement.java:435)
	at org.postgresql.jdbc.PgPreparedStatement.executeWithFlags(PgPreparedStatement.java:196)
	at org.postgresql.jdbc.PgPreparedStatement.executeQuery(PgPreparedStatement.java:139)
	at com.zaxxer.hikari.pool.ProxyPreparedStatement.executeQuery(ProxyPreparedStatement.java:52)
	at com.zaxxer.hikari.pool.HikariProxyPreparedStatement.executeQuery(HikariProxyPreparedStatement.java)
	at jdk.internal.reflect.GeneratedMethodAccessor28.invoke(Unknown Source)
	at java.base/jdk.internal.reflect.DelegatingMethodAccessorImpl.invoke(DelegatingMethodAccessorImpl.java:43)
	at java.base/java.lang.reflect.Method.invoke(Method.java:569)
	at org.compiere.db.StatementProxy.invoke(Unknown Source)
	at jdk.proxy2/jdk.proxy2.$Proxy15.executeQuery(Unknown Source)
	at org.compiere.util.DB.getSQLValueEx(Unknown Source)
	at org.compiere.model.PO_Record.exists(Unknown Source)
	at org.compiere.model.PO.delete(Unknown Source)
	at org.compiere.model.GridTable.dataDelete(Unknown Source)
	at org.compiere.model.GridTab.dataDelete(Unknown Source)
	at org.adempiere.webui.adwindow.AbstractADWindowContent$38.onCallback(Unknown Source)
	at org.adempiere.webui.adwindow.AbstractADWindowContent$38.onCallback(Unknown Source)
	at org.adempiere.webui.window.Dialog$1.onCallback(Unknown Source)
	at org.adempiere.webui.window.Dialog$1.onCallback(Unknown Source)
	at org.adempiere.webui.component.Messagebox.onPageDetached(Unknown Source)

16:53:28.579-----------> GridTable.saveWarning: DeleteError -  [336]
16:53:28.601===========> GridTable.dataDelete: Delete [336]
org.adempiere.exceptions.DBException: org.postgresql.util.PSQLException: ERROR: la sintaxis de entrada no es válida para tipo uuid: «»
  Where: portal sin nombre, parámetro 2 = ''
	at org.compiere.util.DB.getSQLValueEx(Unknown Source)
	at org.compiere.model.PO_Record.exists(Unknown Source)
	at org.compiere.model.PO.delete(Unknown Source)
	at org.compiere.model.GridTable.dataDelete(Unknown Source)
	at org.compiere.model.GridTab.dataDelete(Unknown Source)
	at org.adempiere.webui.adwindow.AbstractADWindowContent$38.onCallback(Unknown Source)
	at org.adempiere.webui.adwindow.AbstractADWindowContent$38.onCallback(Unknown Source)
	at org.adempiere.webui.window.Dialog$1.onCallback(Unknown Source)
	at org.adempiere.webui.window.Dialog$1.onCallback(Unknown Source)
	at org.adempiere.webui.component.Messagebox.onPageDetached(Unknown Source)
	at org.zkoss.zk.ui.AbstractComponent.setPage0(AbstractComponent.java:525)
caused by: org.postgresql.util.PSQLException: ERROR: la sintaxis de entrada no es válida para tipo uuid: «»
  Where: portal sin nombre, parámetro 2 = ''; State=22P02; ErrorCode=0
	at org.postgresql.core.v3.QueryExecutorImpl.receiveErrorResponse(QueryExecutorImpl.java:2736)
	at org.postgresql.core.v3.QueryExecutorImpl.processResults(QueryExecutorImpl.java:2421)
	at org.postgresql.core.v3.QueryExecutorImpl.execute(QueryExecutorImpl.java:372)
	at org.postgresql.jdbc.PgStatement.executeInternal(PgStatement.java:525)
	at org.postgresql.jdbc.PgStatement.execute(PgStatement.java:435)
	at org.postgresql.jdbc.PgPreparedStatement.executeWithFlags(PgPreparedStatement.java:196)
	at org.postgresql.jdbc.PgPreparedStatement.executeQuery(PgPreparedStatement.java:139)
	at com.zaxxer.hikari.pool.ProxyPreparedStatement.executeQuery(ProxyPreparedStatement.java:52)
	at com.zaxxer.hikari.pool.HikariProxyPreparedStatement.executeQuery(HikariProxyPreparedStatement.java)
	at jdk.internal.reflect.GeneratedMethodAccessor28.invoke(Unknown Source)
	at java.base/jdk.internal.reflect.DelegatingMethodAccessorImpl.invoke(DelegatingMethodAccessorImpl.java:43)
	at java.base/java.lang.reflect.Method.invoke(Method.java:569)
	at org.compiere.db.StatementProxy.invoke(Unknown Source)
	at jdk.proxy2/jdk.proxy2.$Proxy15.executeQuery(Unknown Source)
	at org.compiere.util.DB.getSQLValueEx(Unknown Source)
	at org.compiere.model.PO_Record.exists(Unknown Source)
	at org.compiere.model.PO.delete(Unknown Source)
	at org.compiere.model.GridTable.dataDelete(Unknown Source)
	at org.compiere.model.GridTab.dataDelete(Unknown Source)
	at org.adempiere.webui.adwindow.AbstractADWindowContent$38.onCallback(Unknown Source)
	at org.adempiere.webui.adwindow.AbstractADWindowContent$38.onCallback(Unknown Source)
	at org.adempiere.webui.window.Dialog$1.onCallback(Unknown Source)
	at org.adempiere.webui.window.Dialog$1.onCallback(Unknown Source)
	at org.adempiere.webui.component.Messagebox.onPageDetached(Unknown Source)

16:53:28.603-----------> GridTable.saveWarning: DeleteError -  [336]
16:53:28.620===========> GridTable.dataDelete: Delete [336]
org.adempiere.exceptions.DBException: org.postgresql.util.PSQLException: ERROR: la sintaxis de entrada no es válida para tipo uuid: «»
  Where: portal sin nombre, parámetro 2 = ''
	at org.compiere.util.DB.getSQLValueEx(Unknown Source)
	at org.compiere.model.PO_Record.exists(Unknown Source)
	at org.compiere.model.PO.delete(Unknown Source)
	at org.compiere.model.GridTable.dataDelete(Unknown Source)
	at org.compiere.model.GridTab.dataDelete(Unknown Source)
	at org.adempiere.webui.adwindow.AbstractADWindowContent$38.onCallback(Unknown Source)
	at org.adempiere.webui.adwindow.AbstractADWindowContent$38.onCallback(Unknown Source)
	at org.adempiere.webui.window.Dialog$1.onCallback(Unknown Source)
	at org.adempiere.webui.window.Dialog$1.onCallback(Unknown Source)
	at org.adempiere.webui.component.Messagebox.onPageDetached(Unknown Source)
	at org.zkoss.zk.ui.AbstractComponent.setPage0(AbstractComponent.java:525)
caused by: org.postgresql.util.PSQLException: ERROR: la sintaxis de entrada no es válida para tipo uuid: «»
  Where: portal sin nombre, parámetro 2 = ''; State=22P02; ErrorCode=0
	at org.postgresql.core.v3.QueryExecutorImpl.receiveErrorResponse(QueryExecutorImpl.java:2736)
	at org.postgresql.core.v3.QueryExecutorImpl.processResults(QueryExecutorImpl.java:2421)
	at org.postgresql.core.v3.QueryExecutorImpl.execute(QueryExecutorImpl.java:372)
	at org.postgresql.jdbc.PgStatement.executeInternal(PgStatement.java:525)
	at org.postgresql.jdbc.PgStatement.execute(PgStatement.java:435)
	at org.postgresql.jdbc.PgPreparedStatement.executeWithFlags(PgPreparedStatement.java:196)
	at org.postgresql.jdbc.PgPreparedStatement.executeQuery(PgPreparedStatement.java:139)
	at com.zaxxer.hikari.pool.ProxyPreparedStatement.executeQuery(ProxyPreparedStatement.java:52)
	at com.zaxxer.hikari.pool.HikariProxyPreparedStatement.executeQuery(HikariProxyPreparedStatement.java)
	at jdk.internal.reflect.GeneratedMethodAccessor28.invoke(Unknown Source)
	at java.base/jdk.internal.reflect.DelegatingMethodAccessorImpl.invoke(DelegatingMethodAccessorImpl.java:43)
	at java.base/java.lang.reflect.Method.invoke(Method.java:569)
	at org.compiere.db.StatementProxy.invoke(Unknown Source)
	at jdk.proxy2/jdk.proxy2.$Proxy15.executeQuery(Unknown Source)
	at org.compiere.util.DB.getSQLValueEx(Unknown Source)
	at org.compiere.model.PO_Record.exists(Unknown Source)
	at org.compiere.model.PO.delete(Unknown Source)
	at org.compiere.model.GridTable.dataDelete(Unknown Source)
	at org.compiere.model.GridTab.dataDelete(Unknown Source)
	at org.adempiere.webui.adwindow.AbstractADWindowContent$38.onCallback(Unknown Source)
	at org.adempiere.webui.adwindow.AbstractADWindowContent$38.onCallback(Unknown Source)
	at org.adempiere.webui.window.Dialog$1.onCallback(Unknown Source)
	at org.adempiere.webui.window.Dialog$1.onCallback(Unknown Source)
	at org.adempiere.webui.component.Messagebox.onPageDetached(Unknown Source)

16:53:28.622-----------> GridTable.saveWarning: DeleteError -  [336]
16:53:28.643===========> GridTable.dataDelete: Delete [336]
org.adempiere.exceptions.DBException: org.postgresql.util.PSQLException: ERROR: la sintaxis de entrada no es válida para tipo uuid: «»
  Where: portal sin nombre, parámetro 2 = ''
	at org.compiere.util.DB.getSQLValueEx(Unknown Source)
	at org.compiere.model.PO_Record.exists(Unknown Source)
	at org.compiere.model.PO.delete(Unknown Source)
	at org.compiere.model.GridTable.dataDelete(Unknown Source)
	at org.compiere.model.GridTab.dataDelete(Unknown Source)
	at org.adempiere.webui.adwindow.AbstractADWindowContent$38.onCallback(Unknown Source)
	at org.adempiere.webui.adwindow.AbstractADWindowContent$38.onCallback(Unknown Source)
	at org.adempiere.webui.window.Dialog$1.onCallback(Unknown Source)
	at org.adempiere.webui.window.Dialog$1.onCallback(Unknown Source)
	at org.adempiere.webui.component.Messagebox.onPageDetached(Unknown Source)
	at org.zkoss.zk.ui.AbstractComponent.setPage0(AbstractComponent.java:525)
caused by: org.postgresql.util.PSQLException: ERROR: la sintaxis de entrada no es válida para tipo uuid: «»
  Where: portal sin nombre, parámetro 2 = ''; State=22P02; ErrorCode=0
	at org.postgresql.core.v3.QueryExecutorImpl.receiveErrorResponse(QueryExecutorImpl.java:2736)
	at org.postgresql.core.v3.QueryExecutorImpl.processResults(QueryExecutorImpl.java:2421)
	at org.postgresql.core.v3.QueryExecutorImpl.execute(QueryExecutorImpl.java:372)
	at org.postgresql.jdbc.PgStatement.executeInternal(PgStatement.java:525)
	at org.postgresql.jdbc.PgStatement.execute(PgStatement.java:435)
	at org.postgresql.jdbc.PgPreparedStatement.executeWithFlags(PgPreparedStatement.java:196)
	at org.postgresql.jdbc.PgPreparedStatement.executeQuery(PgPreparedStatement.java:139)
	at com.zaxxer.hikari.pool.ProxyPreparedStatement.executeQuery(ProxyPreparedStatement.java:52)
	at com.zaxxer.hikari.pool.HikariProxyPreparedStatement.executeQuery(HikariProxyPreparedStatement.java)
	at jdk.internal.reflect.GeneratedMethodAccessor28.invoke(Unknown Source)
	at java.base/jdk.internal.reflect.DelegatingMethodAccessorImpl.invoke(DelegatingMethodAccessorImpl.java:43)
	at java.base/java.lang.reflect.Method.invoke(Method.java:569)
	at org.compiere.db.StatementProxy.invoke(Unknown Source)
	at jdk.proxy2/jdk.proxy2.$Proxy15.executeQuery(Unknown Source)
	at org.compiere.util.DB.getSQLValueEx(Unknown Source)
	at org.compiere.model.PO_Record.exists(Unknown Source)
	at org.compiere.model.PO.delete(Unknown Source)
	at org.compiere.model.GridTable.dataDelete(Unknown Source)
	at org.compiere.model.GridTab.dataDelete(Unknown Source)
	at org.adempiere.webui.adwindow.AbstractADWindowContent$38.onCallback(Unknown Source)
	at org.adempiere.webui.adwindow.AbstractADWindowContent$38.onCallback(Unknown Source)
	at org.adempiere.webui.window.Dialog$1.onCallback(Unknown Source)
	at org.adempiere.webui.window.Dialog$1.onCallback(Unknown Source)
	at org.adempiere.webui.component.Messagebox.onPageDetached(Unknown Source)

16:53:28.645-----------> GridTable.saveWarning: DeleteError -  [336]
16:53:28.666===========> GridTable.dataDelete: Delete [336]
org.adempiere.exceptions.DBException: org.postgresql.util.PSQLException: ERROR: la sintaxis de entrada no es válida para tipo uuid: «»
  Where: portal sin nombre, parámetro 2 = ''
	at org.compiere.util.DB.getSQLValueEx(Unknown Source)
	at org.compiere.model.PO_Record.exists(Unknown Source)
	at org.compiere.model.PO.delete(Unknown Source)
	at org.compiere.model.GridTable.dataDelete(Unknown Source)
	at org.compiere.model.GridTab.dataDelete(Unknown Source)
	at org.adempiere.webui.adwindow.AbstractADWindowContent$38.onCallback(Unknown Source)
	at org.adempiere.webui.adwindow.AbstractADWindowContent$38.onCallback(Unknown Source)
	at org.adempiere.webui.window.Dialog$1.onCallback(Unknown Source)
	at org.adempiere.webui.window.Dialog$1.onCallback(Unknown Source)
	at org.adempiere.webui.component.Messagebox.onPageDetached(Unknown Source)
	at org.zkoss.zk.ui.AbstractComponent.setPage0(AbstractComponent.java:525)
caused by: org.postgresql.util.PSQLException: ERROR: la sintaxis de entrada no es válida para tipo uuid: «»
  Where: portal sin nombre, parámetro 2 = ''; State=22P02; ErrorCode=0
	at org.postgresql.core.v3.QueryExecutorImpl.receiveErrorResponse(QueryExecutorImpl.java:2736)
	at org.postgresql.core.v3.QueryExecutorImpl.processResults(QueryExecutorImpl.java:2421)
	at org.postgresql.core.v3.QueryExecutorImpl.execute(QueryExecutorImpl.java:372)
	at org.postgresql.jdbc.PgStatement.executeInternal(PgStatement.java:525)
	at org.postgresql.jdbc.PgStatement.execute(PgStatement.java:435)
	at org.postgresql.jdbc.PgPreparedStatement.executeWithFlags(PgPreparedStatement.java:196)
	at org.postgresql.jdbc.PgPreparedStatement.executeQuery(PgPreparedStatement.java:139)
	at com.zaxxer.hikari.pool.ProxyPreparedStatement.executeQuery(ProxyPreparedStatement.java:52)
	at com.zaxxer.hikari.pool.HikariProxyPreparedStatement.executeQuery(HikariProxyPreparedStatement.java)
	at jdk.internal.reflect.GeneratedMethodAccessor28.invoke(Unknown Source)
	at java.base/jdk.internal.reflect.DelegatingMethodAccessorImpl.invoke(DelegatingMethodAccessorImpl.java:43)
	at java.base/java.lang.reflect.Method.invoke(Method.java:569)
	at org.compiere.db.StatementProxy.invoke(Unknown Source)
	at jdk.proxy2/jdk.proxy2.$Proxy15.executeQuery(Unknown Source)
	at org.compiere.util.DB.getSQLValueEx(Unknown Source)
	at org.compiere.model.PO_Record.exists(Unknown Source)
	at org.compiere.model.PO.delete(Unknown Source)
	at org.compiere.model.GridTable.dataDelete(Unknown Source)
	at org.compiere.model.GridTab.dataDelete(Unknown Source)
	at org.adempiere.webui.adwindow.AbstractADWindowContent$38.onCallback(Unknown Source)
	at org.adempiere.webui.adwindow.AbstractADWindowContent$38.onCallback(Unknown Source)
	at org.adempiere.webui.window.Dialog$1.onCallback(Unknown Source)
	at org.adempiere.webui.window.Dialog$1.onCallback(Unknown Source)
	at org.adempiere.webui.component.Messagebox.onPageDetached(Unknown Source)

16:53:28.668-----------> GridTable.saveWarning: DeleteError -  [336]
16:53:36.371===========> GridTable.dataDelete: Delete [336]
org.adempiere.exceptions.DBException: org.postgresql.util.PSQLException: ERROR: la sintaxis de entrada no es válida para tipo uuid: «»
  Where: portal sin nombre, parámetro 2 = ''
	at org.compiere.util.DB.getSQLValueEx(Unknown Source)
	at org.compiere.model.PO_Record.exists(Unknown Source)
	at org.compiere.model.PO.delete(Unknown Source)
	at org.compiere.model.GridTable.dataDelete(Unknown Source)
	at org.compiere.model.GridTab.dataDelete(Unknown Source)
	at org.adempiere.webui.adwindow.AbstractADWindowContent$38.onCallback(Unknown Source)
	at org.adempiere.webui.adwindow.AbstractADWindowContent$38.onCallback(Unknown Source)
	at org.adempiere.webui.window.Dialog$1.onCallback(Unknown Source)
	at org.adempiere.webui.window.Dialog$1.onCallback(Unknown Source)
	at org.adempiere.webui.component.Messagebox.onPageDetached(Unknown Source)
	at org.zkoss.zk.ui.AbstractComponent.setPage0(AbstractComponent.java:525)
caused by: org.postgresql.util.PSQLException: ERROR: la sintaxis de entrada no es válida para tipo uuid: «»
  Where: portal sin nombre, parámetro 2 = ''; State=22P02; ErrorCode=0
	at org.postgresql.core.v3.QueryExecutorImpl.receiveErrorResponse(QueryExecutorImpl.java:2736)
	at org.postgresql.core.v3.QueryExecutorImpl.processResults(QueryExecutorImpl.java:2421)
	at org.postgresql.core.v3.QueryExecutorImpl.execute(QueryExecutorImpl.java:372)
	at org.postgresql.jdbc.PgStatement.executeInternal(PgStatement.java:525)
	at org.postgresql.jdbc.PgStatement.execute(PgStatement.java:435)
	at org.postgresql.jdbc.PgPreparedStatement.executeWithFlags(PgPreparedStatement.java:196)
	at org.postgresql.jdbc.PgPreparedStatement.executeQuery(PgPreparedStatement.java:139)
	at com.zaxxer.hikari.pool.ProxyPreparedStatement.executeQuery(ProxyPreparedStatement.java:52)
	at com.zaxxer.hikari.pool.HikariProxyPreparedStatement.executeQuery(HikariProxyPreparedStatement.java)
	at jdk.internal.reflect.GeneratedMethodAccessor28.invoke(Unknown Source)
	at java.base/jdk.internal.reflect.DelegatingMethodAccessorImpl.invoke(DelegatingMethodAccessorImpl.java:43)
	at java.base/java.lang.reflect.Method.invoke(Method.java:569)
	at org.compiere.db.StatementProxy.invoke(Unknown Source)
	at jdk.proxy2/jdk.proxy2.$Proxy15.executeQuery(Unknown Source)
	at org.compiere.util.DB.getSQLValueEx(Unknown Source)
	at org.compiere.model.PO_Record.exists(Unknown Source)
	at org.compiere.model.PO.delete(Unknown Source)
	at org.compiere.model.GridTable.dataDelete(Unknown Source)
	at org.compiere.model.GridTab.dataDelete(Unknown Source)
	at org.adempiere.webui.adwindow.AbstractADWindowContent$38.onCallback(Unknown Source)
	at org.adempiere.webui.adwindow.AbstractADWindowContent$38.onCallback(Unknown Source)
	at org.adempiere.webui.window.Dialog$1.onCallback(Unknown Source)
	at org.adempiere.webui.window.Dialog$1.onCallback(Unknown Source)
	at org.adempiere.webui.component.Messagebox.onPageDetached(Unknown Source)

16:53:36.374-----------> GridTable.saveWarning: DeleteError -  [336]
16:53:36.397===========> GridTable.dataDelete: Delete [336]
org.adempiere.exceptions.DBException: org.postgresql.util.PSQLException: ERROR: la sintaxis de entrada no es válida para tipo uuid: «»
  Where: portal sin nombre, parámetro 2 = ''
	at org.compiere.util.DB.getSQLValueEx(Unknown Source)
	at org.compiere.model.PO_Record.exists(Unknown Source)
	at org.compiere.model.PO.delete(Unknown Source)
	at org.compiere.model.GridTable.dataDelete(Unknown Source)
	at org.compiere.model.GridTab.dataDelete(Unknown Source)
	at org.adempiere.webui.adwindow.AbstractADWindowContent$38.onCallback(Unknown Source)
	at org.adempiere.webui.adwindow.AbstractADWindowContent$38.onCallback(Unknown Source)
	at org.adempiere.webui.window.Dialog$1.onCallback(Unknown Source)
	at org.adempiere.webui.window.Dialog$1.onCallback(Unknown Source)
	at org.adempiere.webui.component.Messagebox.onPageDetached(Unknown Source)
	at org.zkoss.zk.ui.AbstractComponent.setPage0(AbstractComponent.java:525)
caused by: org.postgresql.util.PSQLException: ERROR: la sintaxis de entrada no es válida para tipo uuid: «»
  Where: portal sin nombre, parámetro 2 = ''; State=22P02; ErrorCode=0
	at org.postgresql.core.v3.QueryExecutorImpl.receiveErrorResponse(QueryExecutorImpl.java:2736)
	at org.postgresql.core.v3.QueryExecutorImpl.processResults(QueryExecutorImpl.java:2421)
	at org.postgresql.core.v3.QueryExecutorImpl.execute(QueryExecutorImpl.java:372)
	at org.postgresql.jdbc.PgStatement.executeInternal(PgStatement.java:525)
	at org.postgresql.jdbc.PgStatement.execute(PgStatement.java:435)
	at org.postgresql.jdbc.PgPreparedStatement.executeWithFlags(PgPreparedStatement.java:196)
	at org.postgresql.jdbc.PgPreparedStatement.executeQuery(PgPreparedStatement.java:139)
	at com.zaxxer.hikari.pool.ProxyPreparedStatement.executeQuery(ProxyPreparedStatement.java:52)
	at com.zaxxer.hikari.pool.HikariProxyPreparedStatement.executeQuery(HikariProxyPreparedStatement.java)
	at jdk.internal.reflect.GeneratedMethodAccessor28.invoke(Unknown Source)
	at java.base/jdk.internal.reflect.DelegatingMethodAccessorImpl.invoke(DelegatingMethodAccessorImpl.java:43)
	at java.base/java.lang.reflect.Method.invoke(Method.java:569)
	at org.compiere.db.StatementProxy.invoke(Unknown Source)
	at jdk.proxy2/jdk.proxy2.$Proxy15.executeQuery(Unknown Source)
	at org.compiere.util.DB.getSQLValueEx(Unknown Source)
	at org.compiere.model.PO_Record.exists(Unknown Source)
	at org.compiere.model.PO.delete(Unknown Source)
	at org.compiere.model.GridTable.dataDelete(Unknown Source)
	at org.compiere.model.GridTab.dataDelete(Unknown Source)
	at org.adempiere.webui.adwindow.AbstractADWindowContent$38.onCallback(Unknown Source)
	at org.adempiere.webui.adwindow.AbstractADWindowContent$38.onCallback(Unknown Source)
	at org.adempiere.webui.window.Dialog$1.onCallback(Unknown Source)
	at org.adempiere.webui.window.Dialog$1.onCallback(Unknown Source)
	at org.adempiere.webui.component.Messagebox.onPageDetached(Unknown Source)

16:53:36.399-----------> GridTable.saveWarning: DeleteError -  [336]
16:53:36.413===========> GridTable.dataDelete: Delete [336]
org.adempiere.exceptions.DBException: org.postgresql.util.PSQLException: ERROR: la sintaxis de entrada no es válida para tipo uuid: «»
  Where: portal sin nombre, parámetro 2 = ''
	at org.compiere.util.DB.getSQLValueEx(Unknown Source)
	at org.compiere.model.PO_Record.exists(Unknown Source)
	at org.compiere.model.PO.delete(Unknown Source)
	at org.compiere.model.GridTable.dataDelete(Unknown Source)
	at org.compiere.model.GridTab.dataDelete(Unknown Source)
	at org.adempiere.webui.adwindow.AbstractADWindowContent$38.onCallback(Unknown Source)
	at org.adempiere.webui.adwindow.AbstractADWindowContent$38.onCallback(Unknown Source)
	at org.adempiere.webui.window.Dialog$1.onCallback(Unknown Source)
	at org.adempiere.webui.window.Dialog$1.onCallback(Unknown Source)
	at org.adempiere.webui.component.Messagebox.onPageDetached(Unknown Source)
	at org.zkoss.zk.ui.AbstractComponent.setPage0(AbstractComponent.java:525)
caused by: org.postgresql.util.PSQLException: ERROR: la sintaxis de entrada no es válida para tipo uuid: «»
  Where: portal sin nombre, parámetro 2 = ''; State=22P02; ErrorCode=0
	at org.postgresql.core.v3.QueryExecutorImpl.receiveErrorResponse(QueryExecutorImpl.java:2736)
	at org.postgresql.core.v3.QueryExecutorImpl.processResults(QueryExecutorImpl.java:2421)
	at org.postgresql.core.v3.QueryExecutorImpl.execute(QueryExecutorImpl.java:372)
	at org.postgresql.jdbc.PgStatement.executeInternal(PgStatement.java:525)
	at org.postgresql.jdbc.PgStatement.execute(PgStatement.java:435)
	at org.postgresql.jdbc.PgPreparedStatement.executeWithFlags(PgPreparedStatement.java:196)
	at org.postgresql.jdbc.PgPreparedStatement.executeQuery(PgPreparedStatement.java:139)
	at com.zaxxer.hikari.pool.ProxyPreparedStatement.executeQuery(ProxyPreparedStatement.java:52)
	at com.zaxxer.hikari.pool.HikariProxyPreparedStatement.executeQuery(HikariProxyPreparedStatement.java)
	at jdk.internal.reflect.GeneratedMethodAccessor28.invoke(Unknown Source)
	at java.base/jdk.internal.reflect.DelegatingMethodAccessorImpl.invoke(DelegatingMethodAccessorImpl.java:43)
	at java.base/java.lang.reflect.Method.invoke(Method.java:569)
	at org.compiere.db.StatementProxy.invoke(Unknown Source)
	at jdk.proxy2/jdk.proxy2.$Proxy15.executeQuery(Unknown Source)
	at org.compiere.util.DB.getSQLValueEx(Unknown Source)
	at org.compiere.model.PO_Record.exists(Unknown Source)
	at org.compiere.model.PO.delete(Unknown Source)
	at org.compiere.model.GridTable.dataDelete(Unknown Source)
	at org.compiere.model.GridTab.dataDelete(Unknown Source)
	at org.adempiere.webui.adwindow.AbstractADWindowContent$38.onCallback(Unknown Source)
	at org.adempiere.webui.adwindow.AbstractADWindowContent$38.onCallback(Unknown Source)
	at org.adempiere.webui.window.Dialog$1.onCallback(Unknown Source)
	at org.adempiere.webui.window.Dialog$1.onCallback(Unknown Source)
	at org.adempiere.webui.component.Messagebox.onPageDetached(Unknown Source)

16:53:36.415-----------> GridTable.saveWarning: DeleteError -  [336]
16:53:36.427===========> GridTable.dataDelete: Delete [336]
org.adempiere.exceptions.DBException: org.postgresql.util.PSQLException: ERROR: la sintaxis de entrada no es válida para tipo uuid: «»
  Where: portal sin nombre, parámetro 2 = ''
	at org.compiere.util.DB.getSQLValueEx(Unknown Source)
	at org.compiere.model.PO_Record.exists(Unknown Source)
	at org.compiere.model.PO.delete(Unknown Source)
	at org.compiere.model.GridTable.dataDelete(Unknown Source)
	at org.compiere.model.GridTab.dataDelete(Unknown Source)
	at org.adempiere.webui.adwindow.AbstractADWindowContent$38.onCallback(Unknown Source)
	at org.adempiere.webui.adwindow.AbstractADWindowContent$38.onCallback(Unknown Source)
	at org.adempiere.webui.window.Dialog$1.onCallback(Unknown Source)
	at org.adempiere.webui.window.Dialog$1.onCallback(Unknown Source)
	at org.adempiere.webui.component.Messagebox.onPageDetached(Unknown Source)
	at org.zkoss.zk.ui.AbstractComponent.setPage0(AbstractComponent.java:525)
caused by: org.postgresql.util.PSQLException: ERROR: la sintaxis de entrada no es válida para tipo uuid: «»
  Where: portal sin nombre, parámetro 2 = ''; State=22P02; ErrorCode=0
	at org.postgresql.core.v3.QueryExecutorImpl.receiveErrorResponse(QueryExecutorImpl.java:2736)
	at org.postgresql.core.v3.QueryExecutorImpl.processResults(QueryExecutorImpl.java:2421)
	at org.postgresql.core.v3.QueryExecutorImpl.execute(QueryExecutorImpl.java:372)
	at org.postgresql.jdbc.PgStatement.executeInternal(PgStatement.java:525)
	at org.postgresql.jdbc.PgStatement.execute(PgStatement.java:435)
	at org.postgresql.jdbc.PgPreparedStatement.executeWithFlags(PgPreparedStatement.java:196)
	at org.postgresql.jdbc.PgPreparedStatement.executeQuery(PgPreparedStatement.java:139)
	at com.zaxxer.hikari.pool.ProxyPreparedStatement.executeQuery(ProxyPreparedStatement.java:52)
	at com.zaxxer.hikari.pool.HikariProxyPreparedStatement.executeQuery(HikariProxyPreparedStatement.java)
	at jdk.internal.reflect.GeneratedMethodAccessor28.invoke(Unknown Source)
	at java.base/jdk.internal.reflect.DelegatingMethodAccessorImpl.invoke(DelegatingMethodAccessorImpl.java:43)
	at java.base/java.lang.reflect.Method.invoke(Method.java:569)
	at org.compiere.db.StatementProxy.invoke(Unknown Source)
	at jdk.proxy2/jdk.proxy2.$Proxy15.executeQuery(Unknown Source)
	at org.compiere.util.DB.getSQLValueEx(Unknown Source)
	at org.compiere.model.PO_Record.exists(Unknown Source)
	at org.compiere.model.PO.delete(Unknown Source)
	at org.compiere.model.GridTable.dataDelete(Unknown Source)
	at org.compiere.model.GridTab.dataDelete(Unknown Source)
	at org.adempiere.webui.adwindow.AbstractADWindowContent$38.onCallback(Unknown Source)
	at org.adempiere.webui.adwindow.AbstractADWindowContent$38.onCallback(Unknown Source)
	at org.adempiere.webui.window.Dialog$1.onCallback(Unknown Source)
	at org.adempiere.webui.window.Dialog$1.onCallback(Unknown Source)
	at org.adempiere.webui.component.Messagebox.onPageDetached(Unknown Source)

16:53:36.428-----------> GridTable.saveWarning: DeleteError -  [336]
16:53:36.441===========> GridTable.dataDelete: Delete [336]
org.adempiere.exceptions.DBException: org.postgresql.util.PSQLException: ERROR: la sintaxis de entrada no es válida para tipo uuid: «»
  Where: portal sin nombre, parámetro 2 = ''
	at org.compiere.util.DB.getSQLValueEx(Unknown Source)
	at org.compiere.model.PO_Record.exists(Unknown Source)
	at org.compiere.model.PO.delete(Unknown Source)
	at org.compiere.model.GridTable.dataDelete(Unknown Source)
	at org.compiere.model.GridTab.dataDelete(Unknown Source)
	at org.adempiere.webui.adwindow.AbstractADWindowContent$38.onCallback(Unknown Source)
	at org.adempiere.webui.adwindow.AbstractADWindowContent$38.onCallback(Unknown Source)
	at org.adempiere.webui.window.Dialog$1.onCallback(Unknown Source)
	at org.adempiere.webui.window.Dialog$1.onCallback(Unknown Source)
	at org.adempiere.webui.component.Messagebox.onPageDetached(Unknown Source)
	at org.zkoss.zk.ui.AbstractComponent.setPage0(AbstractComponent.java:525)
caused by: org.postgresql.util.PSQLException: ERROR: la sintaxis de entrada no es válida para tipo uuid: «»
  Where: portal sin nombre, parámetro 2 = ''; State=22P02; ErrorCode=0
	at org.postgresql.core.v3.QueryExecutorImpl.receiveErrorResponse(QueryExecutorImpl.java:2736)
	at org.postgresql.core.v3.QueryExecutorImpl.processResults(QueryExecutorImpl.java:2421)
	at org.postgresql.core.v3.QueryExecutorImpl.execute(QueryExecutorImpl.java:372)
	at org.postgresql.jdbc.PgStatement.executeInternal(PgStatement.java:525)
	at org.postgresql.jdbc.PgStatement.execute(PgStatement.java:435)
	at org.postgresql.jdbc.PgPreparedStatement.executeWithFlags(PgPreparedStatement.java:196)
	at org.postgresql.jdbc.PgPreparedStatement.executeQuery(PgPreparedStatement.java:139)
	at com.zaxxer.hikari.pool.ProxyPreparedStatement.executeQuery(ProxyPreparedStatement.java:52)
	at com.zaxxer.hikari.pool.HikariProxyPreparedStatement.executeQuery(HikariProxyPreparedStatement.java)
	at jdk.internal.reflect.GeneratedMethodAccessor28.invoke(Unknown Source)
	at java.base/jdk.internal.reflect.DelegatingMethodAccessorImpl.invoke(DelegatingMethodAccessorImpl.java:43)
	at java.base/java.lang.reflect.Method.invoke(Method.java:569)
	at org.compiere.db.StatementProxy.invoke(Unknown Source)
	at jdk.proxy2/jdk.proxy2.$Proxy15.executeQuery(Unknown Source)
	at org.compiere.util.DB.getSQLValueEx(Unknown Source)
	at org.compiere.model.PO_Record.exists(Unknown Source)
	at org.compiere.model.PO.delete(Unknown Source)
	at org.compiere.model.GridTable.dataDelete(Unknown Source)
	at org.compiere.model.GridTab.dataDelete(Unknown Source)
	at org.adempiere.webui.adwindow.AbstractADWindowContent$38.onCallback(Unknown Source)
	at org.adempiere.webui.adwindow.AbstractADWindowContent$38.onCallback(Unknown Source)
	at org.adempiere.webui.window.Dialog$1.onCallback(Unknown Source)
	at org.adempiere.webui.window.Dialog$1.onCallback(Unknown Source)
	at org.adempiere.webui.component.Messagebox.onPageDetached(Unknown Source)

16:53:36.443-----------> GridTable.saveWarning: DeleteError -  [336]
16:53:36.458===========> GridTable.dataDelete: Delete [336]
org.adempiere.exceptions.DBException: org.postgresql.util.PSQLException: ERROR: la sintaxis de entrada no es válida para tipo uuid: «»
  Where: portal sin nombre, parámetro 2 = ''
	at org.compiere.util.DB.getSQLValueEx(Unknown Source)
	at org.compiere.model.PO_Record.exists(Unknown Source)
	at org.compiere.model.PO.delete(Unknown Source)
	at org.compiere.model.GridTable.dataDelete(Unknown Source)
	at org.compiere.model.GridTab.dataDelete(Unknown Source)
	at org.adempiere.webui.adwindow.AbstractADWindowContent$38.onCallback(Unknown Source)
	at org.adempiere.webui.adwindow.AbstractADWindowContent$38.onCallback(Unknown Source)
	at org.adempiere.webui.window.Dialog$1.onCallback(Unknown Source)
	at org.adempiere.webui.window.Dialog$1.onCallback(Unknown Source)
	at org.adempiere.webui.component.Messagebox.onPageDetached(Unknown Source)
	at org.zkoss.zk.ui.AbstractComponent.setPage0(AbstractComponent.java:525)
caused by: org.postgresql.util.PSQLException: ERROR: la sintaxis de entrada no es válida para tipo uuid: «»
  Where: portal sin nombre, parámetro 2 = ''; State=22P02; ErrorCode=0
	at org.postgresql.core.v3.QueryExecutorImpl.receiveErrorResponse(QueryExecutorImpl.java:2736)
	at org.postgresql.core.v3.QueryExecutorImpl.processResults(QueryExecutorImpl.java:2421)
	at org.postgresql.core.v3.QueryExecutorImpl.execute(QueryExecutorImpl.java:372)
	at org.postgresql.jdbc.PgStatement.executeInternal(PgStatement.java:525)
	at org.postgresql.jdbc.PgStatement.execute(PgStatement.java:435)
	at org.postgresql.jdbc.PgPreparedStatement.executeWithFlags(PgPreparedStatement.java:196)
	at org.postgresql.jdbc.PgPreparedStatement.executeQuery(PgPreparedStatement.java:139)
	at com.zaxxer.hikari.pool.ProxyPreparedStatement.executeQuery(ProxyPreparedStatement.java:52)
	at com.zaxxer.hikari.pool.HikariProxyPreparedStatement.executeQuery(HikariProxyPreparedStatement.java)
	at jdk.internal.reflect.GeneratedMethodAccessor28.invoke(Unknown Source)
	at java.base/jdk.internal.reflect.DelegatingMethodAccessorImpl.invoke(DelegatingMethodAccessorImpl.java:43)
	at java.base/java.lang.reflect.Method.invoke(Method.java:569)
	at org.compiere.db.StatementProxy.invoke(Unknown Source)
	at jdk.proxy2/jdk.proxy2.$Proxy15.executeQuery(Unknown Source)
	at org.compiere.util.DB.getSQLValueEx(Unknown Source)
	at org.compiere.model.PO_Record.exists(Unknown Source)
	at org.compiere.model.PO.delete(Unknown Source)
	at org.compiere.model.GridTable.dataDelete(Unknown Source)
	at org.compiere.model.GridTab.dataDelete(Unknown Source)
	at org.adempiere.webui.adwindow.AbstractADWindowContent$38.onCallback(Unknown Source)
	at org.adempiere.webui.adwindow.AbstractADWindowContent$38.onCallback(Unknown Source)
	at org.adempiere.webui.window.Dialog$1.onCallback(Unknown Source)
	at org.adempiere.webui.window.Dialog$1.onCallback(Unknown Source)
	at org.adempiere.webui.component.Messagebox.onPageDetached(Unknown Source)

16:53:36.459-----------> GridTable.saveWarning: DeleteError -  [336]
16:53:36.473===========> GridTable.dataDelete: Delete [336]
org.adempiere.exceptions.DBException: org.postgresql.util.PSQLException: ERROR: la sintaxis de entrada no es válida para tipo uuid: «»
  Where: portal sin nombre, parámetro 2 = ''
	at org.compiere.util.DB.getSQLValueEx(Unknown Source)
	at org.compiere.model.PO_Record.exists(Unknown Source)
	at org.compiere.model.PO.delete(Unknown Source)
	at org.compiere.model.GridTable.dataDelete(Unknown Source)
	at org.compiere.model.GridTab.dataDelete(Unknown Source)
	at org.adempiere.webui.adwindow.AbstractADWindowContent$38.onCallback(Unknown Source)
	at org.adempiere.webui.adwindow.AbstractADWindowContent$38.onCallback(Unknown Source)
	at org.adempiere.webui.window.Dialog$1.onCallback(Unknown Source)
	at org.adempiere.webui.window.Dialog$1.onCallback(Unknown Source)
	at org.adempiere.webui.component.Messagebox.onPageDetached(Unknown Source)
	at org.zkoss.zk.ui.AbstractComponent.setPage0(AbstractComponent.java:525)
caused by: org.postgresql.util.PSQLException: ERROR: la sintaxis de entrada no es válida para tipo uuid: «»
  Where: portal sin nombre, parámetro 2 = ''; State=22P02; ErrorCode=0
	at org.postgresql.core.v3.QueryExecutorImpl.receiveErrorResponse(QueryExecutorImpl.java:2736)
	at org.postgresql.core.v3.QueryExecutorImpl.processResults(QueryExecutorImpl.java:2421)
	at org.postgresql.core.v3.QueryExecutorImpl.execute(QueryExecutorImpl.java:372)
	at org.postgresql.jdbc.PgStatement.executeInternal(PgStatement.java:525)
	at org.postgresql.jdbc.PgStatement.execute(PgStatement.java:435)
	at org.postgresql.jdbc.PgPreparedStatement.executeWithFlags(PgPreparedStatement.java:196)
	at org.postgresql.jdbc.PgPreparedStatement.executeQuery(PgPreparedStatement.java:139)
	at com.zaxxer.hikari.pool.ProxyPreparedStatement.executeQuery(ProxyPreparedStatement.java:52)
	at com.zaxxer.hikari.pool.HikariProxyPreparedStatement.executeQuery(HikariProxyPreparedStatement.java)
	at jdk.internal.reflect.GeneratedMethodAccessor28.invoke(Unknown Source)
	at java.base/jdk.internal.reflect.DelegatingMethodAccessorImpl.invoke(DelegatingMethodAccessorImpl.java:43)
	at java.base/java.lang.reflect.Method.invoke(Method.java:569)
	at org.compiere.db.StatementProxy.invoke(Unknown Source)
	at jdk.proxy2/jdk.proxy2.$Proxy15.executeQuery(Unknown Source)
	at org.compiere.util.DB.getSQLValueEx(Unknown Source)
	at org.compiere.model.PO_Record.exists(Unknown Source)
	at org.compiere.model.PO.delete(Unknown Source)
	at org.compiere.model.GridTable.dataDelete(Unknown Source)
	at org.compiere.model.GridTab.dataDelete(Unknown Source)
	at org.adempiere.webui.adwindow.AbstractADWindowContent$38.onCallback(Unknown Source)
	at org.adempiere.webui.adwindow.AbstractADWindowContent$38.onCallback(Unknown Source)
	at org.adempiere.webui.window.Dialog$1.onCallback(Unknown Source)
	at org.adempiere.webui.window.Dialog$1.onCallback(Unknown Source)
	at org.adempiere.webui.component.Messagebox.onPageDetached(Unknown Source)

16:53:36.473-----------> GridTable.saveWarning: DeleteError -  [336]
16:53:36.488===========> GridTable.dataDelete: Delete [336]
org.adempiere.exceptions.DBException: org.postgresql.util.PSQLException: ERROR: la sintaxis de entrada no es válida para tipo uuid: «»
  Where: portal sin nombre, parámetro 2 = ''
	at org.compiere.util.DB.getSQLValueEx(Unknown Source)
	at org.compiere.model.PO_Record.exists(Unknown Source)
	at org.compiere.model.PO.delete(Unknown Source)
	at org.compiere.model.GridTable.dataDelete(Unknown Source)
	at org.compiere.model.GridTab.dataDelete(Unknown Source)
	at org.adempiere.webui.adwindow.AbstractADWindowContent$38.onCallback(Unknown Source)
	at org.adempiere.webui.adwindow.AbstractADWindowContent$38.onCallback(Unknown Source)
	at org.adempiere.webui.window.Dialog$1.onCallback(Unknown Source)
	at org.adempiere.webui.window.Dialog$1.onCallback(Unknown Source)
	at org.adempiere.webui.component.Messagebox.onPageDetached(Unknown Source)
	at org.zkoss.zk.ui.AbstractComponent.setPage0(AbstractComponent.java:525)
caused by: org.postgresql.util.PSQLException: ERROR: la sintaxis de entrada no es válida para tipo uuid: «»
  Where: portal sin nombre, parámetro 2 = ''; State=22P02; ErrorCode=0
	at org.postgresql.core.v3.QueryExecutorImpl.receiveErrorResponse(QueryExecutorImpl.java:2736)
	at org.postgresql.core.v3.QueryExecutorImpl.processResults(QueryExecutorImpl.java:2421)
	at org.postgresql.core.v3.QueryExecutorImpl.execute(QueryExecutorImpl.java:372)
	at org.postgresql.jdbc.PgStatement.executeInternal(PgStatement.java:525)
	at org.postgresql.jdbc.PgStatement.execute(PgStatement.java:435)
	at org.postgresql.jdbc.PgPreparedStatement.executeWithFlags(PgPreparedStatement.java:196)
	at org.postgresql.jdbc.PgPreparedStatement.executeQuery(PgPreparedStatement.java:139)
	at com.zaxxer.hikari.pool.ProxyPreparedStatement.executeQuery(ProxyPreparedStatement.java:52)
	at com.zaxxer.hikari.pool.HikariProxyPreparedStatement.executeQuery(HikariProxyPreparedStatement.java)
	at jdk.internal.reflect.GeneratedMethodAccessor28.invoke(Unknown Source)
	at java.base/jdk.internal.reflect.DelegatingMethodAccessorImpl.invoke(DelegatingMethodAccessorImpl.java:43)
	at java.base/java.lang.reflect.Method.invoke(Method.java:569)
	at org.compiere.db.StatementProxy.invoke(Unknown Source)
	at jdk.proxy2/jdk.proxy2.$Proxy15.executeQuery(Unknown Source)
	at org.compiere.util.DB.getSQLValueEx(Unknown Source)
	at org.compiere.model.PO_Record.exists(Unknown Source)
	at org.compiere.model.PO.delete(Unknown Source)
	at org.compiere.model.GridTable.dataDelete(Unknown Source)
	at org.compiere.model.GridTab.dataDelete(Unknown Source)
	at org.adempiere.webui.adwindow.AbstractADWindowContent$38.onCallback(Unknown Source)
	at org.adempiere.webui.adwindow.AbstractADWindowContent$38.onCallback(Unknown Source)
	at org.adempiere.webui.window.Dialog$1.onCallback(Unknown Source)
	at org.adempiere.webui.window.Dialog$1.onCallback(Unknown Source)
	at org.adempiere.webui.component.Messagebox.onPageDetached(Unknown Source)

16:53:36.489-----------> GridTable.saveWarning: DeleteError -  [336]
16:53:36.509===========> GridTable.dataDelete: Delete [336]
org.adempiere.exceptions.DBException: org.postgresql.util.PSQLException: ERROR: la sintaxis de entrada no es válida para tipo uuid: «»
  Where: portal sin nombre, parámetro 2 = ''
	at org.compiere.util.DB.getSQLValueEx(Unknown Source)
	at org.compiere.model.PO_Record.exists(Unknown Source)
	at org.compiere.model.PO.delete(Unknown Source)
	at org.compiere.model.GridTable.dataDelete(Unknown Source)
	at org.compiere.model.GridTab.dataDelete(Unknown Source)
	at org.adempiere.webui.adwindow.AbstractADWindowContent$38.onCallback(Unknown Source)
	at org.adempiere.webui.adwindow.AbstractADWindowContent$38.onCallback(Unknown Source)
	at org.adempiere.webui.window.Dialog$1.onCallback(Unknown Source)
	at org.adempiere.webui.window.Dialog$1.onCallback(Unknown Source)
	at org.adempiere.webui.component.Messagebox.onPageDetached(Unknown Source)
	at org.zkoss.zk.ui.AbstractComponent.setPage0(AbstractComponent.java:525)
caused by: org.postgresql.util.PSQLException: ERROR: la sintaxis de entrada no es válida para tipo uuid: «»
  Where: portal sin nombre, parámetro 2 = ''; State=22P02; ErrorCode=0
	at org.postgresql.core.v3.QueryExecutorImpl.receiveErrorResponse(QueryExecutorImpl.java:2736)
	at org.postgresql.core.v3.QueryExecutorImpl.processResults(QueryExecutorImpl.java:2421)
	at org.postgresql.core.v3.QueryExecutorImpl.execute(QueryExecutorImpl.java:372)
	at org.postgresql.jdbc.PgStatement.executeInternal(PgStatement.java:525)
	at org.postgresql.jdbc.PgStatement.execute(PgStatement.java:435)
	at org.postgresql.jdbc.PgPreparedStatement.executeWithFlags(PgPreparedStatement.java:196)
	at org.postgresql.jdbc.PgPreparedStatement.executeQuery(PgPreparedStatement.java:139)
	at com.zaxxer.hikari.pool.ProxyPreparedStatement.executeQuery(ProxyPreparedStatement.java:52)
	at com.zaxxer.hikari.pool.HikariProxyPreparedStatement.executeQuery(HikariProxyPreparedStatement.java)
	at jdk.internal.reflect.GeneratedMethodAccessor28.invoke(Unknown Source)
	at java.base/jdk.internal.reflect.DelegatingMethodAccessorImpl.invoke(DelegatingMethodAccessorImpl.java:43)
	at java.base/java.lang.reflect.Method.invoke(Method.java:569)
	at org.compiere.db.StatementProxy.invoke(Unknown Source)
	at jdk.proxy2/jdk.proxy2.$Proxy15.executeQuery(Unknown Source)
	at org.compiere.util.DB.getSQLValueEx(Unknown Source)
	at org.compiere.model.PO_Record.exists(Unknown Source)
	at org.compiere.model.PO.delete(Unknown Source)
	at org.compiere.model.GridTable.dataDelete(Unknown Source)
	at org.compiere.model.GridTab.dataDelete(Unknown Source)
	at org.adempiere.webui.adwindow.AbstractADWindowContent$38.onCallback(Unknown Source)
	at org.adempiere.webui.adwindow.AbstractADWindowContent$38.onCallback(Unknown Source)
	at org.adempiere.webui.window.Dialog$1.onCallback(Unknown Source)
	at org.adempiere.webui.window.Dialog$1.onCallback(Unknown Source)
	at org.adempiere.webui.component.Messagebox.onPageDetached(Unknown Source)

16:53:36.510-----------> GridTable.saveWarning: DeleteError -  [336]
16:53:36.529===========> GridTable.dataDelete: Delete [336]
org.adempiere.exceptions.DBException: org.postgresql.util.PSQLException: ERROR: la sintaxis de entrada no es válida para tipo uuid: «»
  Where: portal sin nombre, parámetro 2 = ''
	at org.compiere.util.DB.getSQLValueEx(Unknown Source)
	at org.compiere.model.PO_Record.exists(Unknown Source)
	at org.compiere.model.PO.delete(Unknown Source)
	at org.compiere.model.GridTable.dataDelete(Unknown Source)
	at org.compiere.model.GridTab.dataDelete(Unknown Source)
	at org.adempiere.webui.adwindow.AbstractADWindowContent$38.onCallback(Unknown Source)
	at org.adempiere.webui.adwindow.AbstractADWindowContent$38.onCallback(Unknown Source)
	at org.adempiere.webui.window.Dialog$1.onCallback(Unknown Source)
	at org.adempiere.webui.window.Dialog$1.onCallback(Unknown Source)
	at org.adempiere.webui.component.Messagebox.onPageDetached(Unknown Source)
	at org.zkoss.zk.ui.AbstractComponent.setPage0(AbstractComponent.java:525)
caused by: org.postgresql.util.PSQLException: ERROR: la sintaxis de entrada no es válida para tipo uuid: «»
  Where: portal sin nombre, parámetro 2 = ''; State=22P02; ErrorCode=0
	at org.postgresql.core.v3.QueryExecutorImpl.receiveErrorResponse(QueryExecutorImpl.java:2736)
	at org.postgresql.core.v3.QueryExecutorImpl.processResults(QueryExecutorImpl.java:2421)
	at org.postgresql.core.v3.QueryExecutorImpl.execute(QueryExecutorImpl.java:372)
	at org.postgresql.jdbc.PgStatement.executeInternal(PgStatement.java:525)
	at org.postgresql.jdbc.PgStatement.execute(PgStatement.java:435)
	at org.postgresql.jdbc.PgPreparedStatement.executeWithFlags(PgPreparedStatement.java:196)
	at org.postgresql.jdbc.PgPreparedStatement.executeQuery(PgPreparedStatement.java:139)
	at com.zaxxer.hikari.pool.ProxyPreparedStatement.executeQuery(ProxyPreparedStatement.java:52)
	at com.zaxxer.hikari.pool.HikariProxyPreparedStatement.executeQuery(HikariProxyPreparedStatement.java)
	at jdk.internal.reflect.GeneratedMethodAccessor28.invoke(Unknown Source)
	at java.base/jdk.internal.reflect.DelegatingMethodAccessorImpl.invoke(DelegatingMethodAccessorImpl.java:43)
	at java.base/java.lang.reflect.Method.invoke(Method.java:569)
	at org.compiere.db.StatementProxy.invoke(Unknown Source)
	at jdk.proxy2/jdk.proxy2.$Proxy15.executeQuery(Unknown Source)
	at org.compiere.util.DB.getSQLValueEx(Unknown Source)
	at org.compiere.model.PO_Record.exists(Unknown Source)
	at org.compiere.model.PO.delete(Unknown Source)
	at org.compiere.model.GridTable.dataDelete(Unknown Source)
	at org.compiere.model.GridTab.dataDelete(Unknown Source)
	at org.adempiere.webui.adwindow.AbstractADWindowContent$38.onCallback(Unknown Source)
	at org.adempiere.webui.adwindow.AbstractADWindowContent$38.onCallback(Unknown Source)
	at org.adempiere.webui.window.Dialog$1.onCallback(Unknown Source)
	at org.adempiere.webui.window.Dialog$1.onCallback(Unknown Source)
	at org.adempiere.webui.component.Messagebox.onPageDetached(Unknown Source)

16:53:36.530-----------> GridTable.saveWarning: DeleteError -  [336]
16:53:36.550===========> GridTable.dataDelete: Delete [336]
org.adempiere.exceptions.DBException: org.postgresql.util.PSQLException: ERROR: la sintaxis de entrada no es válida para tipo uuid: «»
  Where: portal sin nombre, parámetro 2 = ''
	at org.compiere.util.DB.getSQLValueEx(Unknown Source)
	at org.compiere.model.PO_Record.exists(Unknown Source)
	at org.compiere.model.PO.delete(Unknown Source)
	at org.compiere.model.GridTable.dataDelete(Unknown Source)
	at org.compiere.model.GridTab.dataDelete(Unknown Source)
	at org.adempiere.webui.adwindow.AbstractADWindowContent$38.onCallback(Unknown Source)
	at org.adempiere.webui.adwindow.AbstractADWindowContent$38.onCallback(Unknown Source)
	at org.adempiere.webui.window.Dialog$1.onCallback(Unknown Source)
	at org.adempiere.webui.window.Dialog$1.onCallback(Unknown Source)
	at org.adempiere.webui.component.Messagebox.onPageDetached(Unknown Source)
	at org.zkoss.zk.ui.AbstractComponent.setPage0(AbstractComponent.java:525)
caused by: org.postgresql.util.PSQLException: ERROR: la sintaxis de entrada no es válida para tipo uuid: «»
  Where: portal sin nombre, parámetro 2 = ''; State=22P02; ErrorCode=0
	at org.postgresql.core.v3.QueryExecutorImpl.receiveErrorResponse(QueryExecutorImpl.java:2736)
	at org.postgresql.core.v3.QueryExecutorImpl.processResults(QueryExecutorImpl.java:2421)
	at org.postgresql.core.v3.QueryExecutorImpl.execute(QueryExecutorImpl.java:372)
	at org.postgresql.jdbc.PgStatement.executeInternal(PgStatement.java:525)
	at org.postgresql.jdbc.PgStatement.execute(PgStatement.java:435)
	at org.postgresql.jdbc.PgPreparedStatement.executeWithFlags(PgPreparedStatement.java:196)
	at org.postgresql.jdbc.PgPreparedStatement.executeQuery(PgPreparedStatement.java:139)
	at com.zaxxer.hikari.pool.ProxyPreparedStatement.executeQuery(ProxyPreparedStatement.java:52)
	at com.zaxxer.hikari.pool.HikariProxyPreparedStatement.executeQuery(HikariProxyPreparedStatement.java)
	at jdk.internal.reflect.GeneratedMethodAccessor28.invoke(Unknown Source)
	at java.base/jdk.internal.reflect.DelegatingMethodAccessorImpl.invoke(DelegatingMethodAccessorImpl.java:43)
	at java.base/java.lang.reflect.Method.invoke(Method.java:569)
	at org.compiere.db.StatementProxy.invoke(Unknown Source)
	at jdk.proxy2/jdk.proxy2.$Proxy15.executeQuery(Unknown Source)
	at org.compiere.util.DB.getSQLValueEx(Unknown Source)
	at org.compiere.model.PO_Record.exists(Unknown Source)
	at org.compiere.model.PO.delete(Unknown Source)
	at org.compiere.model.GridTable.dataDelete(Unknown Source)
	at org.compiere.model.GridTab.dataDelete(Unknown Source)
	at org.adempiere.webui.adwindow.AbstractADWindowContent$38.onCallback(Unknown Source)
	at org.adempiere.webui.adwindow.AbstractADWindowContent$38.onCallback(Unknown Source)
	at org.adempiere.webui.window.Dialog$1.onCallback(Unknown Source)
	at org.adempiere.webui.window.Dialog$1.onCallback(Unknown Source)
	at org.adempiere.webui.component.Messagebox.onPageDetached(Unknown Source)

16:53:36.552-----------> GridTable.saveWarning: DeleteError -  [336]
16:54:47.033-----------> GenericPO.set_Value: moneda - Value too long - truncated to length=3 [630]
16:54:47.039-----------> GenericPO.set_Value: moneda - Value too long - truncated to length=3 [630]
16:54:47.046-----------> GenericPO.set_Value: moneda - Value too long - truncated to length=3 [630]
16:54:47.053-----------> GenericPO.set_Value: moneda - Value too long - truncated to length=3 [630]
16:54:47.061-----------> GenericPO.set_Value: moneda - Value too long - truncated to length=3 [630]
16:54:47.066-----------> GenericPO.set_Value: moneda - Value too long - truncated to length=3 [630]
16:54:47.074-----------> GenericPO.set_Value: moneda - Value too long - truncated to length=3 [630]
16:54:47.081-----------> GenericPO.set_Value: moneda - Value too long - truncated to length=3 [630]
16:54:47.088-----------> GenericPO.set_Value: moneda - Value too long - truncated to length=3 [630]
16:54:47.094-----------> GenericPO.set_Value: moneda - Value too long - truncated to length=3 [630]
16:54:47.102-----------> GenericPO.set_Value: moneda - Value too long - truncated to length=3 [630]
17:10:14.115===========> GridTable.dataDelete: Delete [385]
org.adempiere.exceptions.DBException: org.postgresql.util.PSQLException: ERROR: la sintaxis de entrada no es válida para tipo uuid: «»
  Where: portal sin nombre, parámetro 2 = ''
	at org.compiere.util.DB.getSQLValueEx(Unknown Source)
	at org.compiere.model.PO_Record.exists(Unknown Source)
	at org.compiere.model.PO.delete(Unknown Source)
	at org.compiere.model.GridTable.dataDelete(Unknown Source)
	at org.compiere.model.GridTab.dataDelete(Unknown Source)
	at org.adempiere.webui.adwindow.AbstractADWindowContent$38.onCallback(Unknown Source)
	at org.adempiere.webui.adwindow.AbstractADWindowContent$38.onCallback(Unknown Source)
	at org.adempiere.webui.window.Dialog$1.onCallback(Unknown Source)
	at org.adempiere.webui.window.Dialog$1.onCallback(Unknown Source)
	at org.adempiere.webui.component.Messagebox.onPageDetached(Unknown Source)
	at org.zkoss.zk.ui.AbstractComponent.setPage0(AbstractComponent.java:525)
caused by: org.postgresql.util.PSQLException: ERROR: la sintaxis de entrada no es válida para tipo uuid: «»
  Where: portal sin nombre, parámetro 2 = ''; State=22P02; ErrorCode=0
	at org.postgresql.core.v3.QueryExecutorImpl.receiveErrorResponse(QueryExecutorImpl.java:2736)
	at org.postgresql.core.v3.QueryExecutorImpl.processResults(QueryExecutorImpl.java:2421)
	at org.postgresql.core.v3.QueryExecutorImpl.execute(QueryExecutorImpl.java:372)
	at org.postgresql.jdbc.PgStatement.executeInternal(PgStatement.java:525)
	at org.postgresql.jdbc.PgStatement.execute(PgStatement.java:435)
	at org.postgresql.jdbc.PgPreparedStatement.executeWithFlags(PgPreparedStatement.java:196)
	at org.postgresql.jdbc.PgPreparedStatement.executeQuery(PgPreparedStatement.java:139)
	at com.zaxxer.hikari.pool.ProxyPreparedStatement.executeQuery(ProxyPreparedStatement.java:52)
	at com.zaxxer.hikari.pool.HikariProxyPreparedStatement.executeQuery(HikariProxyPreparedStatement.java)
	at jdk.internal.reflect.GeneratedMethodAccessor28.invoke(Unknown Source)
	at java.base/jdk.internal.reflect.DelegatingMethodAccessorImpl.invoke(DelegatingMethodAccessorImpl.java:43)
	at java.base/java.lang.reflect.Method.invoke(Method.java:569)
	at org.compiere.db.StatementProxy.invoke(Unknown Source)
	at jdk.proxy2/jdk.proxy2.$Proxy15.executeQuery(Unknown Source)
	at org.compiere.util.DB.getSQLValueEx(Unknown Source)
	at org.compiere.model.PO_Record.exists(Unknown Source)
	at org.compiere.model.PO.delete(Unknown Source)
	at org.compiere.model.GridTable.dataDelete(Unknown Source)
	at org.compiere.model.GridTab.dataDelete(Unknown Source)
	at org.adempiere.webui.adwindow.AbstractADWindowContent$38.onCallback(Unknown Source)
	at org.adempiere.webui.adwindow.AbstractADWindowContent$38.onCallback(Unknown Source)
	at org.adempiere.webui.window.Dialog$1.onCallback(Unknown Source)
	at org.adempiere.webui.window.Dialog$1.onCallback(Unknown Source)
	at org.adempiere.webui.component.Messagebox.onPageDetached(Unknown Source)

17:10:14.116-----------> GridTable.saveWarning: DeleteError -  [385]
17:10:14.146===========> GridTable.dataDelete: Delete [385]
org.adempiere.exceptions.DBException: org.postgresql.util.PSQLException: ERROR: la sintaxis de entrada no es válida para tipo uuid: «»
  Where: portal sin nombre, parámetro 2 = ''
	at org.compiere.util.DB.getSQLValueEx(Unknown Source)
	at org.compiere.model.PO_Record.exists(Unknown Source)
	at org.compiere.model.PO.delete(Unknown Source)
	at org.compiere.model.GridTable.dataDelete(Unknown Source)
	at org.compiere.model.GridTab.dataDelete(Unknown Source)
	at org.adempiere.webui.adwindow.AbstractADWindowContent$38.onCallback(Unknown Source)
	at org.adempiere.webui.adwindow.AbstractADWindowContent$38.onCallback(Unknown Source)
	at org.adempiere.webui.window.Dialog$1.onCallback(Unknown Source)
	at org.adempiere.webui.window.Dialog$1.onCallback(Unknown Source)
	at org.adempiere.webui.component.Messagebox.onPageDetached(Unknown Source)
	at org.zkoss.zk.ui.AbstractComponent.setPage0(AbstractComponent.java:525)
caused by: org.postgresql.util.PSQLException: ERROR: la sintaxis de entrada no es válida para tipo uuid: «»
  Where: portal sin nombre, parámetro 2 = ''; State=22P02; ErrorCode=0
	at org.postgresql.core.v3.QueryExecutorImpl.receiveErrorResponse(QueryExecutorImpl.java:2736)
	at org.postgresql.core.v3.QueryExecutorImpl.processResults(QueryExecutorImpl.java:2421)
	at org.postgresql.core.v3.QueryExecutorImpl.execute(QueryExecutorImpl.java:372)
	at org.postgresql.jdbc.PgStatement.executeInternal(PgStatement.java:525)
	at org.postgresql.jdbc.PgStatement.execute(PgStatement.java:435)
	at org.postgresql.jdbc.PgPreparedStatement.executeWithFlags(PgPreparedStatement.java:196)
	at org.postgresql.jdbc.PgPreparedStatement.executeQuery(PgPreparedStatement.java:139)
	at com.zaxxer.hikari.pool.ProxyPreparedStatement.executeQuery(ProxyPreparedStatement.java:52)
	at com.zaxxer.hikari.pool.HikariProxyPreparedStatement.executeQuery(HikariProxyPreparedStatement.java)
	at jdk.internal.reflect.GeneratedMethodAccessor28.invoke(Unknown Source)
	at java.base/jdk.internal.reflect.DelegatingMethodAccessorImpl.invoke(DelegatingMethodAccessorImpl.java:43)
	at java.base/java.lang.reflect.Method.invoke(Method.java:569)
	at org.compiere.db.StatementProxy.invoke(Unknown Source)
	at jdk.proxy2/jdk.proxy2.$Proxy15.executeQuery(Unknown Source)
	at org.compiere.util.DB.getSQLValueEx(Unknown Source)
	at org.compiere.model.PO_Record.exists(Unknown Source)
	at org.compiere.model.PO.delete(Unknown Source)
	at org.compiere.model.GridTable.dataDelete(Unknown Source)
	at org.compiere.model.GridTab.dataDelete(Unknown Source)
	at org.adempiere.webui.adwindow.AbstractADWindowContent$38.onCallback(Unknown Source)
	at org.adempiere.webui.adwindow.AbstractADWindowContent$38.onCallback(Unknown Source)
	at org.adempiere.webui.window.Dialog$1.onCallback(Unknown Source)
	at org.adempiere.webui.window.Dialog$1.onCallback(Unknown Source)
	at org.adempiere.webui.component.Messagebox.onPageDetached(Unknown Source)

17:10:14.147-----------> GridTable.saveWarning: DeleteError -  [385]
17:27:25.464-----------> MRole.getProcessAccess: Role System Administrator has assigned access incompatible process Generates SIRE Purchase Record [810]
17:27:39.750===========> WRecordInfo.dynInit: SELECT AD_Column_ID, Updated, UpdatedBy, OldValue, NewValue FROM AD_ChangeLog WHERE AD_Table_ID=? AND (Record_ID=? OR Record_UU=?) ORDER BY Updated DESC [386]
org.postgresql.util.PSQLException: ERROR: la sintaxis de entrada no es válida para tipo uuid: «»
  Where: portal sin nombre, parámetro 3 = ''; State=22P02; ErrorCode=0
	at org.postgresql.core.v3.QueryExecutorImpl.receiveErrorResponse(QueryExecutorImpl.java:2736)
	at org.postgresql.core.v3.QueryExecutorImpl.processResults(QueryExecutorImpl.java:2421)
	at org.postgresql.core.v3.QueryExecutorImpl.execute(QueryExecutorImpl.java:372)
	at org.postgresql.jdbc.PgStatement.executeInternal(PgStatement.java:525)
	at org.postgresql.jdbc.PgStatement.execute(PgStatement.java:435)
	at org.postgresql.jdbc.PgPreparedStatement.executeWithFlags(PgPreparedStatement.java:196)
	at org.postgresql.jdbc.PgPreparedStatement.executeQuery(PgPreparedStatement.java:139)
	at com.zaxxer.hikari.pool.ProxyPreparedStatement.executeQuery(ProxyPreparedStatement.java:52)
	at com.zaxxer.hikari.pool.HikariProxyPreparedStatement.executeQuery(HikariProxyPreparedStatement.java)
	at jdk.internal.reflect.GeneratedMethodAccessor28.invoke(Unknown Source)
	at java.base/jdk.internal.reflect.DelegatingMethodAccessorImpl.invoke(DelegatingMethodAccessorImpl.java:43)
	at java.base/java.lang.reflect.Method.invoke(Method.java:569)
	at org.compiere.db.StatementProxy.invoke(Unknown Source)
	at jdk.proxy2/jdk.proxy2.$Proxy15.executeQuery(Unknown Source)
	at org.adempiere.webui.window.WRecordInfo.dynInit(Unknown Source)
	at org.adempiere.webui.window.WRecordInfo.<init>(Unknown Source)
	at org.adempiere.webui.adwindow.BreadCrumb.onEvent(Unknown Source)
	at org.zkoss.zk.ui.AbstractComponent.onEvent(AbstractComponent.java:3171)
	at org.zkoss.zk.ui.AbstractComponent.service(AbstractComponent.java:3141)
	at org.zkoss.zk.ui.AbstractComponent.service(AbstractComponent.java:3083)
	at org.zkoss.zk.ui.impl.EventProcessor.process(EventProcessor.java:138)

17:52:23.713===========> GridWindowVO.createTabs: No Tabs - AD_Window_ID=50003 - SELECT * FROM AD_Tab_v WHERE AD_Window_ID=? AND IsAdvancedTab='N'  ORDER BY SeqNo [885]
17:52:23.718===========> UiEngineImpl.handleError: at [/index.zul] [885]
org.adempiere.webui.exception.ApplicationException: With your current role and settings, you cannot view this information 

You don't have the privileges (your Role does not allow to access the information) - or - set profile (e.g. if you want to see accounting records, Show Accounting must be set)(No Window Model Info)
	at org.adempiere.webui.adwindow.ADWindow.<init>(Unknown Source)
	at org.adempiere.webui.desktop.TabbedDesktop.openWindow(Unknown Source)
	at org.adempiere.webui.desktop.TabbedDesktop.openWindow(Unknown Source)
	at org.adempiere.webui.desktop.AbstractDesktop.onMenuSelected(Unknown Source)
	at org.adempiere.webui.desktop.DefaultDesktop.onMenuSelected(Unknown Source)
	at org.adempiere.webui.component.FavoriteSimpleTreeModel.onEvent(Unknown Source)
	at org.zkoss.zk.ui.AbstractComponent.onEvent(AbstractComponent.java:3171)
	at org.zkoss.zk.ui.AbstractComponent.service(AbstractComponent.java:3141)
	at org.zkoss.zk.ui.AbstractComponent.service(AbstractComponent.java:3083)
	at org.zkoss.zk.ui.impl.EventProcessor.process(EventProcessor.java:138)
	at org.zkoss.zk.ui.impl.UiEngineImpl.processEvent(UiEngineImpl.java:1902)
	at org.zkoss.zk.ui.impl.UiEngineImpl.process(UiEngineImpl.java:1674)
	at org.zkoss.zk.ui.impl.UiEngineImpl.execUpdate(UiEngineImpl.java:1332)
	at org.zkoss.zk.au.http.DHtmlUpdateServlet.process(DHtmlUpdateServlet.java:535)
	at org.zkoss.zk.au.http.DHtmlUpdateServlet.doGet(DHtmlUpdateServlet.java:408)
	at org.zkoss.zk.au.http.DHtmlUpdateServlet.doPost(DHtmlUpdateServlet.java:416)
	at javax.servlet.http.HttpServlet.service(HttpServlet.java:523)
	at javax.servlet.http.HttpServlet.service(HttpServlet.java:590)
	at org.eclipse.jetty.ee8.servlet.ServletHolder$NotAsync.service(ServletHolder.java:1157)
	at org.eclipse.jetty.ee8.servlet.ServletHolder.handle(ServletHolder.java:651)
	at org.eclipse.jetty.ee8.servlet.ServletHandler$ChainEnd.doFilter(ServletHandler.java:1374)
	at org.adempiere.webui.sso.filter.SSOWebUIFilter.doFilter(Unknown Source)
caused by: org.adempiere.webui.exception.ApplicationException: With your current role and settings, you cannot view this information 

You don't have the privileges (your Role does not allow to access the information) - or - set profile (e.g. if you want to see accounting records, Show Accounting must be set)(No Window Model Info)
	at org.adempiere.webui.adwindow.AbstractADWindowContent.initComponents(Unknown Source)
	at org.adempiere.webui.adwindow.AbstractADWindowContent.<init>(Unknown Source)
	at org.adempiere.webui.adwindow.ADWindowContent.<init>(Unknown Source)
	at org.adempiere.webui.adwindow.ADWindow.init(Unknown Source)
	at org.adempiere.webui.adwindow.ADWindow.<init>(Unknown Source)
	at org.adempiere.webui.desktop.TabbedDesktop.openWindow(Unknown Source)
	at org.adempiere.webui.desktop.TabbedDesktop.openWindow(Unknown Source)
	at org.adempiere.webui.desktop.AbstractDesktop.onMenuSelected(Unknown Source)
	at org.adempiere.webui.desktop.DefaultDesktop.onMenuSelected(Unknown Source)
	at org.adempiere.webui.component.FavoriteSimpleTreeModel.onEvent(Unknown Source)
	at org.zkoss.zk.ui.AbstractComponent.onEvent(AbstractComponent.java:3171)

17:52:33.450-----------> MRole.getProcessAccess: Role System Administrator has assigned access incompatible process Generates SIRE Purchase Record [885]
18:45:37.719-----------> MRole.getProcessAccess: Role System Administrator has assigned access incompatible process Asset Parent Report [861]
18:45:37.719-----------> MRole.getProcessAccess: Role System Administrator has assigned access incompatible process Asset Group Defaults [861]
18:45:37.720-----------> MRole.getProcessAccess: Role System Administrator has assigned access incompatible process Depreciation Table [861]
18:45:37.720-----------> MRole.getProcessAccess: Role System Administrator has assigned access incompatible process Asset Convention Report [861]
18:45:37.720-----------> MRole.getProcessAccess: Role System Administrator has assigned access incompatible process Asset Depreciation Method [861]
18:45:37.722-----------> MRole.getProcessAccess: Role System Administrator has assigned access incompatible process Generates SIRE Purchase Record [861]
19:52:22.967-----------> MRole.getProcessAccess: Role System Administrator has assigned access incompatible process Generates SIRE Purchase Record [861]

*** 2026-05-26 20:11:26.445 idempiere Log (CLogFile) ***
