*** 2026-06-01 13:08:03.47 idempiere Log (CLogFile) ***
13:08:03.469 Adempiere.startup: iDempiere(r) Release 14_2026-03-09 -Smart Suite ERP, CRM and SCM- (c) 1999-2026 iDempiere(r); Implementation: iDempiere - Supported by iDempiere community [27]
13:08:03.471 Ini.loadProperties: /home/nextcollege/BDeveloper/idempiere-dev-setup-14/idempiere/idempiere.properties #29 [27]
13:08:03.477-----------> Core.getKeyStore: Encryption with legacy key algorithm DES detected - it is recommended to migrate to a stronger algorithm [27]
13:08:04.079-----------> Activator.createHazelCastInstance: Starting hazelcast with configuration from file hazelcast.xml [27]
13:08:04.678-----------> CPSubsystem: [192.168.1.236]:5701 [adempiere.idempiere14/localhost:5432] [5.3.7] CP Subsystem is not enabled. CP data structures will operate in UNSAFE mode! Please note that UNSAFE mode will not provide strong consistency guarantees. [27]
13:08:05.030-----------> Node: [192.168.1.236]:5701 [adempiere.idempiere14/localhost:5432] [5.3.7] No join method is enabled! Starting standalone. [27]
13:08:05.510-----------> DB.isBuildOK: Build Version Error 

The program assumes build version 14.0.0.qualifier, but database has build version ${env.ADEMPIERE_VERSION} 20080428-1232. 
This is likely to cause hard to fix errors. 
Please contact administrator. [27]
13:08:07.592-----------> EMail.setFrom: you @ company.org: javax.mail.internet.AddressException: Local address contains control or whitespace in string ``you @ company.org'' [27]
13:08:07.604-----------> EMail.addTo: you @ company.org: javax.mail.internet.AddressException: Local address contains control or whitespace in string ``you @ company.org'' [27]
13:08:07.604-----------> EMail.isValid: From is invalid=null [27]
13:08:07.605-----------> EMail.isValid: From is invalid=null [27]
13:08:07.610-----------> MClient.sendEMail: Could NOT Send Email: Server started: iDempiere (nextcollege-G751JT:192.168.1.236) to you @ company.org: Invalid Data (System) [27]
13:08:09.030           LoggedSessionListener.contextInitialized: iDempiere context initialized for 10.3.0.1 [27]
13:08:40.530-----------> MStatusLine.parseLine: SELECT 
    Currency_usd,
    USD_TodayRate,
    USD_YesterdayRate,
    USD_PercentageChange,
    Currency_eur,
    EUR_TodayRate,
    EUR_YesterdayRate,
    EUR_PercentageChange
FROM EGS_RV_currencyexchange_to_bs;
 [373]
org.postgresql.util.PSQLException: ERROR: no existe la relación «egs_rv_currencyexchange_to_bs»
  Position: 185; State=42P01; ErrorCode=0
	at org.postgresql.core.v3.QueryExecutorImpl.receiveErrorResponse(QueryExecutorImpl.java:2736)
	at org.postgresql.core.v3.QueryExecutorImpl.processResults(QueryExecutorImpl.java:2421)
	at org.postgresql.core.v3.QueryExecutorImpl.execute(QueryExecutorImpl.java:372)
	at org.postgresql.jdbc.PgStatement.executeInternal(PgStatement.java:525)
	at org.postgresql.jdbc.PgStatement.execute(PgStatement.java:435)
	at org.postgresql.jdbc.PgPreparedStatement.executeWithFlags(PgPreparedStatement.java:196)
	at org.postgresql.jdbc.PgPreparedStatement.executeQuery(PgPreparedStatement.java:139)
	at com.zaxxer.hikari.pool.ProxyPreparedStatement.executeQuery(ProxyPreparedStatement.java:52)
	at com.zaxxer.hikari.pool.HikariProxyPreparedStatement.executeQuery(HikariProxyPreparedStatement.java)
	at jdk.internal.reflect.GeneratedMethodAccessor28.invoke(Unknown Source)
	at java.base/jdk.internal.reflect.DelegatingMethodAccessorImpl.invoke(DelegatingMethodAccessorImpl.java:43)
	at java.base/java.lang.reflect.Method.invoke(Method.java:569)
	at org.compiere.db.StatementProxy.invoke(Unknown Source)
	at jdk.proxy2/jdk.proxy2.$Proxy18.executeQuery(Unknown Source)
	at org.compiere.model.MStatusLine.parseLine(Unknown Source)
	at org.adempiere.webui.desktop.DashboardController.asyncRenderComponents(Unknown Source)
	at org.adempiere.webui.desktop.DashboardController.asyncRenderGadgetPanel(Unknown Source)
	at org.adempiere.webui.desktop.DashboardController$3.doRun(Unknown Source)
	at org.adempiere.util.ContextRunnable.run(Unknown Source)
	at org.adempiere.webui.apps.DesktopRunnable.run(Unknown Source)
	at java.base/java.util.concurrent.Executors$RunnableAdapter.call(Executors.java:539)

13:08:50.068-----------> EGSCreateRate.doIt: Fecha Valor: Lunes, 01 Junio 2026 [371]
13:08:50.071-----------> EGSCreateRate.doIt: Tipo de cambio USD: 554,42580000 [371]
13:08:50.075-----------> EGSCreateRate.handleExchangeRate: Ya existe una tasa de conversión creada para el día de hoy. [371]
13:08:50.077===========> EGSCreateRate.process: Ya existe una tasa de conversión creada para el día de hoy. [371]
org.adempiere.exceptions.AdempiereException: Ya existe una tasa de conversión creada para el día de hoy.
	at com.egssmart.finantials.proccess.EGSCreateRate.handleExchangeRate(Unknown Source)
	at com.egssmart.finantials.proccess.EGSCreateRate.doIt(Unknown Source)
	at org.compiere.process.SvrProcess.process(Unknown Source)
	at org.compiere.process.SvrProcess.startProcess(Unknown Source)
	at org.adempiere.util.ProcessUtil.startJavaProcess(Unknown Source)
	at org.compiere.apps.AbstractProcessCtl.startProcess(Unknown Source)
	at org.compiere.apps.AbstractProcessCtl.run(Unknown Source)
	at org.adempiere.webui.apps.WProcessCtl.process(Unknown Source)
	at org.adempiere.webui.apps.AbstractProcessDialog$ProcessDialogRunnable.doRun(Unknown Source)
	at org.adempiere.util.ContextRunnable.run(Unknown Source)
	at org.adempiere.webui.apps.DesktopRunnable.run(Unknown Source)

13:10:10.469-----------> PackInApplicationActivator.getFilesToProcess: Processing migration [504]

*** 2026-06-01 14:33:46.256 idempiere Log (CLogFile) ***
