*** 2026-05-23 20:24:46.259 idempiere Log (CLogFile) ***
20:24:46.258 Adempiere.startup: iDempiere(r) Release 14_2026-03-09 -Smart Suite ERP, CRM and SCM- (c) 1999-2026 iDempiere(r); Implementation: iDempiere - Supported by iDempiere community [28]
20:24:46.261 Ini.loadProperties: /home/nextcollege/BDeveloper/idempiere-dev-setup-14/idempiere/idempiere.properties #29 [28]
20:24:46.268-----------> Core.getKeyStore: Encryption with legacy key algorithm DES detected - it is recommended to migrate to a stronger algorithm [28]
20:24:47.232-----------> Activator.createHazelCastInstance: Starting hazelcast with configuration from file hazelcast.xml [28]
20:24:47.923-----------> CPSubsystem: [192.168.1.236]:5701 [adempiere.idempiere14/localhost:5432] [5.3.7] CP Subsystem is not enabled. CP data structures will operate in UNSAFE mode! Please note that UNSAFE mode will not provide strong consistency guarantees. [28]
20:24:48.205-----------> Node: [192.168.1.236]:5701 [adempiere.idempiere14/localhost:5432] [5.3.7] No join method is enabled! Starting standalone. [28]
20:24:48.341-----------> DB.isBuildOK: Build Version Error 

The program assumes build version 14.0.0.qualifier, but database has build version ${env.ADEMPIERE_VERSION} 20080428-1232. 
This is likely to cause hard to fix errors. 
Please contact administrator. [28]
20:24:50.196-----------> EMail.setFrom: you @ company.org: javax.mail.internet.AddressException: Local address contains control or whitespace in string ``you @ company.org'' [28]
20:24:50.200-----------> EMail.addTo: you @ company.org: javax.mail.internet.AddressException: Local address contains control or whitespace in string ``you @ company.org'' [28]
20:24:50.201-----------> EMail.isValid: From is invalid=null [28]
20:24:50.201-----------> EMail.isValid: From is invalid=null [28]
20:24:50.206-----------> MClient.sendEMail: Could NOT Send Email: Server started: iDempiere (nextcollege-G751JT:192.168.1.236) to you @ company.org: Invalid Data (System) [28]
20:24:51.545           LoggedSessionListener.contextInitialized: iDempiere context initialized for 10.3.0.1 [28]
20:26:52.755-----------> PackInApplicationActivator.getFilesToProcess: Processing migration [506]
20:31:47.289-----------> PoolBase.isConnectionDead: HikariPool-1 - Failed to validate connection org.postgresql.jdbc.PgConnection@e7caaaa (This connection has been closed.). Possibly consider using a shorter maxLifetime value. [332]

*** 2026-05-23 20:31:53.019 idempiere Log (CLogFile) ***
