*** 2026-06-02 21:54:53.564 idempiere Log (CLogFile) ***
21:54:53.563 Adempiere.startup: iDempiere(r) Release 14_2026-03-09 -Smart Suite ERP, CRM and SCM- (c) 1999-2026 iDempiere(r); Implementation: iDempiere - Supported by iDempiere community [27]
21:54:53.565 Ini.loadProperties: /home/nextcollege/BDeveloper/idempiere-dev-setup-14/idempiere/idempiere.properties #29 [27]
21:54:53.572-----------> Core.getKeyStore: Encryption with legacy key algorithm DES detected - it is recommended to migrate to a stronger algorithm [27]
21:54:54.119-----------> Activator.createHazelCastInstance: Starting hazelcast with configuration from file hazelcast.xml [27]
21:54:54.680-----------> CPSubsystem: [192.168.0.55]:5701 [adempiere.idempiere14/localhost:5432] [5.3.7] CP Subsystem is not enabled. CP data structures will operate in UNSAFE mode! Please note that UNSAFE mode will not provide strong consistency guarantees. [27]
21:54:55.003-----------> Node: [192.168.0.55]:5701 [adempiere.idempiere14/localhost:5432] [5.3.7] No join method is enabled! Starting standalone. [27]
21:54:55.505-----------> DB.isBuildOK: Build Version Error 

The program assumes build version 14.0.0.qualifier, but database has build version ${env.ADEMPIERE_VERSION} 20080428-1232. 
This is likely to cause hard to fix errors. 
Please contact administrator. [27]
21:54:57.527-----------> EMail.setFrom: you @ company.org: javax.mail.internet.AddressException: Local address contains control or whitespace in string ``you @ company.org'' [27]
21:54:57.534-----------> EMail.addTo: you @ company.org: javax.mail.internet.AddressException: Local address contains control or whitespace in string ``you @ company.org'' [27]
21:54:57.535-----------> EMail.isValid: From is invalid=null [27]
21:54:57.535-----------> EMail.isValid: From is invalid=null [27]
21:54:57.540-----------> MClient.sendEMail: Could NOT Send Email: Server started: iDempiere (nextcollege-G751JT:192.168.0.55) to you @ company.org: Invalid Data (System) [27]
21:54:59.301           LoggedSessionListener.contextInitialized: iDempiere context initialized for 10.3.0.1 [27]
21:54:59.541-----------> TimeZoneDataBaseVersionChecker.init: Time zone data version mismatch detected:
 - Client (moment.js) tzdb version: 2025b
 - Server (JDK) tzdb version: 2026a
Date and time values may be incorrect if time zone rules differ.
To resolve, update the moment-timezone data on the client and/or the JDK time zone data (TZUpdater or Java update) on the server so both use the same version. [27]
21:55:19.429-----------> EGSCreateRateUSDtoPEN.doIt: PASO 1: Abriendo canal seguro y capturando contexto... [530]
21:55:19.521-----------> EGSCreateRateUSDtoPEN.doIt: Cookies ordenadas jerárquicamente: [IAASISTENCIAGESTIONSESSION=HNuLaCfglCVLptbgpBNhjP_koBRin_7RI2lSWMw4b8cnXRSlVwl21OFGFpjUczsy2kWUFVEucTGFgIJnxsS12ydUGiPlMl9kKVGj4GlCXuPiTyAO7_XuZRd2zISof7alURhDVeBIR9zyOl_AwF0RerQtXp27xua1_IDZC3Ttp1ZBDmBm-rmV5Zx6KVUX9s-Avv_x4NCh-P3f9s13Ky6sKrMEYr_KHzkKooi0nSA6dNeUiJdtb3kKx1_uSNg9ZAkc!1298053303!-445114015; TSf3c1dbbd027=08fe7428c8ab200051fa4bac45f2404b5e386082422d8cb7e7d690f2efb6bd2c3b2a2c511891ba580885c594c5113000c82fccbf0b9506cd68024ec504783f3f868bc213454c4f003bb6f567528caf62c629900082ca9bd048422c11ad876eb1; TS0105b0c6=014dc399cb36859a78ada92941de09baae54afdd9eb86d4ad5acef52fe4cd55422312b9f01e65427bfdc0e4cf4f5541d21a0351c4de3550269aa083cea340db86422c612bd] [530]
21:55:19.529-----------> EGSCreateRateUSDtoPEN.doIt: Esperando estabilización de canal perimetral... [530]
21:55:23.030-----------> EGSCreateRateUSDtoPEN.doIt: PASO 2: Transmitiendo consulta via GET Puro (Evitando restricciones de cuerpo)... [530]
21:55:23.030-----------> EGSCreateRateUSDtoPEN.doIt: Periodo de consulta: 06/2026 [530]
21:55:23.048-----------> EGSCreateRateUSDtoPEN.doIt: Respuesta HTTP del Servidor: 200 [530]
21:55:23.049-----------> EGSCreateRateUSDtoPEN.doIt: Respuesta cruda del API SUNAT: <html><head><title>Request Rejected</title></head><body>The requested URL was rejected. Please consult with your administrator.<br><br>Your support ID is: 16158738458867142701<br><br><a href='javascript:history.back();'>[Go Back]</a></body></html> [530]
21:55:23.049-----------> EGSCreateRateUSDtoPEN.doIt: Respuesta no válida o vacía para el periodo (06/2026). [530]
21:55:23.050-----------> EGSCreateRateUSDtoPEN.doIt: Ejecutando contingencia de retroceso mensual. [530]
21:55:23.050-----------> EGSCreateRateUSDtoPEN.doIt: Intento 2 de 5. Reintentando secuencia completa... [530]
21:55:27.050-----------> EGSCreateRateUSDtoPEN.doIt: PASO 1: Abriendo canal seguro y capturando contexto... [530]
21:55:27.113-----------> EGSCreateRateUSDtoPEN.doIt: Cookies ordenadas jerárquicamente: [IAASISTENCIAGESTIONSESSION=UsyLaEWAjpHzDT-EP94rGp8b89cIBllhAEYaoyL8m0v-ZCa6j0A_Zy9UUraO-OMqZ3FWnfb9MeYdAnvncQrjvYG9DEkG-KrLKSXtECXKU8bpPO1b1lsFqg7y8h2E7R1a3Z9XBd2ohk30zRLho4M1B5l26vGH2Jm9EIeYdWvchpUG6ktESp46LWFJYOqNfz5gn_a2EQW4KtbfUR2GRyvqA5wbuJFBZQhcZl_ax2CwLU6m1Z7vS-T-w-le-KFQdnmD!1298053303!-445114015; TSf3c1dbbd027=08fe7428c8ab2000aa87f1036ca930f6d7aeb6179e6fd6895b8eb9cf8de8e535f0999473cd747d1008a1cef47c1130003b22fd4877556a8129df4b058089845c30da509cbdfc6924063fdb8d9dcf220ff7f0939802db95f86b7000e1be60f80a; TS0105b0c6=014dc399cbfbc934b7a5074cdc8a2531696840b1f682d9f34dbfc996b130f2bf5c5036d086f6e84b1c7a3a36368f16d27d96c6c6307e9821564ac0f19553bd68ad1085ac38] [530]
21:55:27.118-----------> EGSCreateRateUSDtoPEN.doIt: Esperando estabilización de canal perimetral... [530]
21:55:30.618-----------> EGSCreateRateUSDtoPEN.doIt: PASO 2: Transmitiendo consulta via GET Puro (Evitando restricciones de cuerpo)... [530]
21:55:30.619-----------> EGSCreateRateUSDtoPEN.doIt: Periodo de consulta: 05/2026 [530]
21:55:30.635-----------> EGSCreateRateUSDtoPEN.doIt: Respuesta HTTP del Servidor: 200 [530]
21:55:30.636-----------> EGSCreateRateUSDtoPEN.doIt: Respuesta cruda del API SUNAT: <html><head><title>Request Rejected</title></head><body>The requested URL was rejected. Please consult with your administrator.<br><br>Your support ID is: 16158738458841382945<br><br><a href='javascript:history.back();'>[Go Back]</a></body></html> [530]
21:55:30.636-----------> EGSCreateRateUSDtoPEN.doIt: Respuesta no válida o vacía para el periodo (05/2026). [530]
21:55:30.636-----------> EGSCreateRateUSDtoPEN.doIt: Ejecutando contingencia de retroceso mensual. [530]
21:55:30.637-----------> EGSCreateRateUSDtoPEN.doIt: Intento 3 de 5. Reintentando secuencia completa... [530]
21:55:34.637-----------> EGSCreateRateUSDtoPEN.doIt: PASO 1: Abriendo canal seguro y capturando contexto... [530]
21:55:34.706-----------> EGSCreateRateUSDtoPEN.doIt: Cookies ordenadas jerárquicamente: [IAASISTENCIAGESTIONSESSION=aLaLaGMo8SLldvBs102LtWuDlaF82rf6FFpDgt5c--EkOOtsVLWECICtPpdRVIY7VZ9alVRB_U8Hivn2JdC2RVmKKJeYOPPHLSjnM5Nv8zCwsJfpEZ2u8xZcwe3pAexqwWWNGmmQVIGegIJCBixMtgGKgL9DhfPeOHgTrr0dS238rBJ1N12McV5ddRIH57V0RW5B_g3abP0EICpDH8Jaidf0WAd5tk4c7GCyfgErP66g7Fp5a310nnxxRMBkVgJU!1298053303!-445114015; TSf3c1dbbd027=08fe7428c8ab2000c56087424bf98b2145b9017e39c7360b3150e620a1c50c0b1cea4f11d925111608ae31935a1130005a88537f74ad363925493eec5a7dc3dd2efd68c13c0a2fb177797673c64f058d46a0f4d1faddd3ecbb343e0799b06cbf] [530]
21:55:34.710-----------> EGSCreateRateUSDtoPEN.doIt: Esperando estabilización de canal perimetral... [530]
21:55:38.211-----------> EGSCreateRateUSDtoPEN.doIt: PASO 2: Transmitiendo consulta via GET Puro (Evitando restricciones de cuerpo)... [530]
21:55:38.211-----------> EGSCreateRateUSDtoPEN.doIt: Periodo de consulta: 04/2026 [530]
21:55:38.229-----------> EGSCreateRateUSDtoPEN.doIt: Respuesta HTTP del Servidor: 405 [530]
21:55:38.229-----------> EGSCreateRateUSDtoPEN.doIt: Respuesta cruda del API SUNAT: Request method &#39;GET&#39; not supported [530]
21:55:38.232-----------> EGSCreateRateUSDtoPEN.doIt: Excepción en el intento 3: El cuerpo de la respuesta JSON no contiene elementos reconocidos. [530]
21:55:38.232-----------> EGSCreateRateUSDtoPEN.doIt: Intento 4 de 5. Reintentando secuencia completa... [530]
21:55:42.233-----------> EGSCreateRateUSDtoPEN.doIt: PASO 1: Abriendo canal seguro y capturando contexto... [530]
21:55:42.259-----------> EGSCreateRateUSDtoPEN.doIt: Cookies ordenadas jerárquicamente: [IAASISTENCIAGESTIONSESSION=tJaLaICwQ6DwtKKoNv8Z289hSdTDvnT53JATi8reXa8tTNuq27329u8WhL41oK8FCDXo4WnJFNurVZT5hOTnZ6FFXjoGUBbO4HIdF8U5YWC8o7b73SFW-5S-7CcNm0IaOrQACrcptLm8-9TgXBWj2ungXPHDbLWRSDxKUe7R9cXxN20Ibsyb9GjtcHnS6WC49QtKH00K-58F7kwVvH1VxAexuU7wPNjpZK9w7GMddPnlmSnIMlwPPL0M3b2TbNvK!1298053303!-445114015; TSf3c1dbbd027=08fe7428c8ab2000ce9658d5873dbfd00fa2a49dc9b633856644d88ee37fd2d95dffd25f99ea2e5f08c697d6bf1130008daaa5bae629ad4a40f5dcf37b29d2ba45d223466bd03a4791fc384287621af1d0eb6b317386ed3dcd49ec310af45434] [530]
21:55:42.261-----------> EGSCreateRateUSDtoPEN.doIt: Esperando estabilización de canal perimetral... [530]
21:55:45.761-----------> EGSCreateRateUSDtoPEN.doIt: PASO 2: Transmitiendo consulta via GET Puro (Evitando restricciones de cuerpo)... [530]
21:55:45.762-----------> EGSCreateRateUSDtoPEN.doIt: Periodo de consulta: 04/2026 [530]
21:55:45.777-----------> EGSCreateRateUSDtoPEN.doIt: Respuesta HTTP del Servidor: 405 [530]
21:55:45.777-----------> EGSCreateRateUSDtoPEN.doIt: Respuesta cruda del API SUNAT: Request method &#39;GET&#39; not supported [530]
21:55:45.778-----------> EGSCreateRateUSDtoPEN.doIt: Excepción en el intento 4: El cuerpo de la respuesta JSON no contiene elementos reconocidos. [530]
21:55:45.778-----------> EGSCreateRateUSDtoPEN.doIt: Intento 5 de 5. Reintentando secuencia completa... [530]
21:55:49.778-----------> EGSCreateRateUSDtoPEN.doIt: PASO 1: Abriendo canal seguro y capturando contexto... [530]
21:55:49.811-----------> EGSCreateRateUSDtoPEN.doIt: Cookies ordenadas jerárquicamente: [IAASISTENCIAGESTIONSESSION=6G2LaJ4qONJEQk3FVYgIGoIU7Uan7lAKQpogKiP8LzBTn6qfsqhS_cR2sw9_DHs3uXAB4u25niUAh6S29G_EJcrF-K0Q0HIpAV3i6YN3bgKj10NS2Yq8OV_b6FLcC-hZOmqvhYqXjNaFU6gKYaTNL0XfQeXg-01CuyZZqO6gq0f2WNEY1PaqPTS9JlxSVW6-HFMPWy5LPK4eLr8cRCr9cDZLGRZFfRXDkfKNc4S7-qOIi037xPjHOYeuHwx71v3p!1298053303!-445114015; TSf3c1dbbd027=08fe7428c8ab200059fa4aad3aca1156f7deca69b3cdc8df869653b25b2c412dfeeb394d35be9752087c2dc8df113000e7f4e7c374a8f809e332e4ce1edb97c23edfcf270618a20f1b049e4484ffd0fe5d38897c3d24e94807a5c9316bfd04d2] [530]
21:55:49.813-----------> EGSCreateRateUSDtoPEN.doIt: Esperando estabilización de canal perimetral... [530]
21:55:53.314-----------> EGSCreateRateUSDtoPEN.doIt: PASO 2: Transmitiendo consulta via GET Puro (Evitando restricciones de cuerpo)... [530]
21:55:53.314-----------> EGSCreateRateUSDtoPEN.doIt: Periodo de consulta: 04/2026 [530]
21:55:53.330-----------> EGSCreateRateUSDtoPEN.doIt: Respuesta HTTP del Servidor: 405 [530]
21:55:53.331-----------> EGSCreateRateUSDtoPEN.doIt: Respuesta cruda del API SUNAT: Request method &#39;GET&#39; not supported [530]
21:55:53.331-----------> EGSCreateRateUSDtoPEN.doIt: Excepción en el intento 5: El cuerpo de la respuesta JSON no contiene elementos reconocidos. [530]
21:55:53.332===========> EGSCreateRateUSDtoPEN.process: Fallo estructural en el intercambio de datos con el API tras agotar reintentos. [530]
org.adempiere.exceptions.AdempiereException: El cuerpo de la respuesta JSON no contiene elementos reconocidos.
	at com.egssmart.finantials.proccess.EGSCreateRateUSDtoPEN.doIt(Unknown Source)
	at org.compiere.process.SvrProcess.process(Unknown Source)
	at org.compiere.process.SvrProcess.startProcess(Unknown Source)
	at org.adempiere.util.ProcessUtil.startJavaProcess(Unknown Source)
	at org.compiere.apps.AbstractProcessCtl.startProcess(Unknown Source)
	at org.compiere.apps.AbstractProcessCtl.run(Unknown Source)
	at org.adempiere.webui.apps.WProcessCtl.process(Unknown Source)
	at org.adempiere.webui.apps.AbstractProcessDialog$ProcessDialogRunnable.doRun(Unknown Source)
	at org.adempiere.util.ContextRunnable.run(Unknown Source)
	at org.adempiere.webui.apps.DesktopRunnable.run(Unknown Source)
	at java.base/java.util.concurrent.Executors$RunnableAdapter.call(Executors.java:539)

21:57:00.743-----------> PackInApplicationActivator.getFilesToProcess: Processing migration [488]

*** 2026-06-02 21:58:47.444 idempiere Log (CLogFile) ***
