*** 2026-06-02 19:32:32.584 idempiere Log (CLogFile) ***
19:32:32.583 Adempiere.startup: iDempiere(r) Release 14_2026-03-09 -Smart Suite ERP, CRM and SCM- (c) 1999-2026 iDempiere(r); Implementation: iDempiere - Supported by iDempiere community [27]
19:32:32.584 Ini.loadProperties: /home/nextcollege/BDeveloper/idempiere-dev-setup-14/idempiere/idempiere.properties #29 [27]
19:32:32.593-----------> Core.getKeyStore: Encryption with legacy key algorithm DES detected - it is recommended to migrate to a stronger algorithm [27]
19:32:33.137-----------> Activator.createHazelCastInstance: Starting hazelcast with configuration from file hazelcast.xml [27]
19:32:33.702-----------> CPSubsystem: [192.168.0.55]:5701 [adempiere.idempiere14/localhost:5432] [5.3.7] CP Subsystem is not enabled. CP data structures will operate in UNSAFE mode! Please note that UNSAFE mode will not provide strong consistency guarantees. [27]
19:32:34.003-----------> Node: [192.168.0.55]:5701 [adempiere.idempiere14/localhost:5432] [5.3.7] No join method is enabled! Starting standalone. [27]
19:32:34.581-----------> DB.isBuildOK: Build Version Error 

The program assumes build version 14.0.0.qualifier, but database has build version ${env.ADEMPIERE_VERSION} 20080428-1232. 
This is likely to cause hard to fix errors. 
Please contact administrator. [27]
19:32:36.484-----------> EMail.setFrom: you @ company.org: javax.mail.internet.AddressException: Local address contains control or whitespace in string ``you @ company.org'' [27]
19:32:36.488-----------> EMail.addTo: you @ company.org: javax.mail.internet.AddressException: Local address contains control or whitespace in string ``you @ company.org'' [27]
19:32:36.488-----------> EMail.isValid: From is invalid=null [27]
19:32:36.489-----------> EMail.isValid: From is invalid=null [27]
19:32:36.498-----------> MClient.sendEMail: Could NOT Send Email: Server started: iDempiere (nextcollege-G751JT:192.168.0.55) to you @ company.org: Invalid Data (System) [27]
19:32:37.784           LoggedSessionListener.contextInitialized: iDempiere context initialized for 10.3.0.1 [27]
19:32:37.983-----------> TimeZoneDataBaseVersionChecker.init: Time zone data version mismatch detected:
 - Client (moment.js) tzdb version: 2025b
 - Server (JDK) tzdb version: 2026a
Date and time values may be incorrect if time zone rules differ.
To resolve, update the moment-timezone data on the client and/or the JDK time zone data (TZUpdater or Java update) on the server so both use the same version. [27]
19:32:54.427-----------> EGSCreateRateUSDtoPEN.doIt: PASO 1: Abriendo canal seguro y capturando contexto... [546]
19:32:54.515-----------> EGSCreateRateUSDtoPEN.doIt: Cookies validadas: [TSf3c1dbbd027=08fe7428c8ab2000168b84497c66fbf2190e4ff01762f9aa17a6550aed8ab3d65f284667696b5df908ef5c834a1130002881ffb8e6166f2445dc21357471edc21ac921bc94e274e404a0bed9625ca2757061db1b710beb43c16855286ef25f76; IAASISTENCIAGESTIONSESSION=V9iK5cTizAnOHPOx_FXTWmLkcKnPB0IUTVGZlr20U_Sv6zIB6o8ChZgMQubvshQReMH6auukMDcg6SHZkXaGfp95uwwPHjmVX_Tedj6zjlt0wqnOt1uGTexMdC-4dfcVu_pPAE749NmV0KdsOXqdfNTrkXFLkH20I7vhP1NfzfarwdYqUECQmi-0K_HgQ346re5XGNSxUMPSOjjRee4sxREs3viPOr5n8wguxxvG5PTZZ9cg5n3Qy-_USu-BFGVv!1298053303!-445114015] [546]
19:32:54.528-----------> EGSCreateRateUSDtoPEN.doIt: Esperando renderizado de interfaz (estabilización de canal)... [546]
19:32:57.528-----------> EGSCreateRateUSDtoPEN.doIt: PASO 2: Transmitiendo Payload crudo sobre el mismo canal... [546]
19:32:57.529-----------> EGSCreateRateUSDtoPEN.doIt: Payload String: anhoConsulta=2026&mesConsulta=6&indMes=1&mode=month [546]
19:32:57.553-----------> EGSCreateRateUSDtoPEN.doIt: Respuesta HTTP del Servidor: 415 [546]
19:32:57.553-----------> EGSCreateRateUSDtoPEN.doIt: Respuesta cruda del API SUNAT: <!DOCTYPE HTML PUBLIC "-//W3C//DTD HTML 4.0 Draft//EN"><HTML><HEAD><TITLE>Error 415--Unsupported Media Type</TITLE></HEAD><BODY bgcolor="white"><FONT FACE=Helvetica><BR CLEAR=all><TABLE border=0 cellspacing=5><TR><TD><BR CLEAR=all><FONT FACE="Helvetica" COLOR="black" SIZE="3"><H2>Error 415--Unsupported Media Type</H2></FONT></TD></TR></TABLE><TABLE border=0 width=100% cellpadding=10><TR><TD VALIGN=top WIDTH=100% BGCOLOR=white><FONT FACE="Courier New"><FONT FACE="Helvetica" SIZE="3"><H3>From RFC 2068 <i>Hypertext Transfer Protocol -- HTTP/1.1</i>:</H3></FONT><FONT FACE="Helvetica" SIZE="3"><H4>10.4.16 415 Unsupported Media Type</H4></FONT><P><FONT FACE="Courier New">The server is refusing to service the request because the entity of the request is in a format not supported by the requested resource for the requested method.</FONT></P></FONT></TD></TR></TABLE></BODY></HTML> [546]
19:32:57.553-----------> EGSCreateRateUSDtoPEN.doIt: Filtro perimetral o rechazo detectado en la respuesta. Reintentando... [546]
19:32:57.554-----------> EGSCreateRateUSDtoPEN.doIt: Intento 2 de 5. Reintentando secuencia completa... [546]
19:33:01.554-----------> EGSCreateRateUSDtoPEN.doIt: PASO 1: Abriendo canal seguro y capturando contexto... [546]
19:33:01.580-----------> EGSCreateRateUSDtoPEN.doIt: Cookies validadas: [TSf3c1dbbd027=08fe7428c8ab20003037fe7502fca25648f7698f3512e82d90ffcf29bc08d3fdfa727cdbcf5a04170824b76a2211300022199a3b50bbb0431a9de4cdae9b66b4b0e4965128753208409b945076a8adad373d6cd42dea9dee221ce779c7034579; IAASISTENCIAGESTIONSESSION=Z-WK5eB8xmWcylqnMNEETU0wO4flLw8QzMfB9D11iU45L4eljO1ueMtK241dCIYmowh_rjIpbNSUJiY5PNvCcpTqd8zg43Ygb2TM1CGSFmx-SDRDqT_vyJo5nDYYmUkxUawvQuXavFIjGm82GCFNdhaxiRE6rlu_3Dxd5H6PDUYd42xs9BtJ7YOm0jcuGMbD8H7-hr8Bg3Rn4irZPGpNDwFOI6-J1c23LmXvNAjzll-7P0xg0-2honkrLH-ocIWH!1298053303!-445114015] [546]
19:33:01.583-----------> EGSCreateRateUSDtoPEN.doIt: Esperando renderizado de interfaz (estabilización de canal)... [546]
19:33:04.583-----------> EGSCreateRateUSDtoPEN.doIt: PASO 2: Transmitiendo Payload crudo sobre el mismo canal... [546]
19:33:04.584-----------> EGSCreateRateUSDtoPEN.doIt: Payload String: anhoConsulta=2026&mesConsulta=6&indMes=1&mode=month [546]
19:33:04.609-----------> EGSCreateRateUSDtoPEN.doIt: Respuesta HTTP del Servidor: 415 [546]
19:33:04.609-----------> EGSCreateRateUSDtoPEN.doIt: Respuesta cruda del API SUNAT: <!DOCTYPE HTML PUBLIC "-//W3C//DTD HTML 4.0 Draft//EN"><HTML><HEAD><TITLE>Error 415--Unsupported Media Type</TITLE></HEAD><BODY bgcolor="white"><FONT FACE=Helvetica><BR CLEAR=all><TABLE border=0 cellspacing=5><TR><TD><BR CLEAR=all><FONT FACE="Helvetica" COLOR="black" SIZE="3"><H2>Error 415--Unsupported Media Type</H2></FONT></TD></TR></TABLE><TABLE border=0 width=100% cellpadding=10><TR><TD VALIGN=top WIDTH=100% BGCOLOR=white><FONT FACE="Courier New"><FONT FACE="Helvetica" SIZE="3"><H3>From RFC 2068 <i>Hypertext Transfer Protocol -- HTTP/1.1</i>:</H3></FONT><FONT FACE="Helvetica" SIZE="3"><H4>10.4.16 415 Unsupported Media Type</H4></FONT><P><FONT FACE="Courier New">The server is refusing to service the request because the entity of the request is in a format not supported by the requested resource for the requested method.</FONT></P></FONT></TD></TR></TABLE></BODY></HTML> [546]
19:33:04.609-----------> EGSCreateRateUSDtoPEN.doIt: Filtro perimetral o rechazo detectado en la respuesta. Reintentando... [546]
19:33:04.609-----------> EGSCreateRateUSDtoPEN.doIt: Intento 3 de 5. Reintentando secuencia completa... [546]
19:33:08.609-----------> EGSCreateRateUSDtoPEN.doIt: PASO 1: Abriendo canal seguro y capturando contexto... [546]
19:33:08.633-----------> EGSCreateRateUSDtoPEN.doIt: Cookies validadas: [TSf3c1dbbd027=08fe7428c8ab20004e12c1fe5d96699ea6e4408fd72241b934be5d1c196bd31c0207fbb185a7b60908cb0da8371130003086d48f028c2b40538278925ba7c9f44d34dabe9362b6bbe2690aaf7dfddfe01543431530712ee4ff55a1627d8f94ac; IAASISTENCIAGESTIONSESSION=hDGK5fwKZ2loRAN3xXeYz7e7WIdl5gZoi6rYLNMTaxpJLvagHtnra2_bNAkQLBwLDJc2PesVD4At8JjxJ8zKkFAX7QcrjhVxHpUgpAnB6qg5aSCynMZgfXPL_IsmFLhVeGcDBj1OXnmLp4t7cOv77Is9QGUc9RRG5Xp-G9KB0wA1Adz7HASweOxuj5KBStFMrIT-zqEYHOPmy1PHdRRG12vgu7gCRkqAdu1Ow2OVVmxCaE4kLsj-eOHxpGBBC-rd!1298053303!-445114015] [546]
19:33:08.634-----------> EGSCreateRateUSDtoPEN.doIt: Esperando renderizado de interfaz (estabilización de canal)... [546]
19:33:11.634-----------> EGSCreateRateUSDtoPEN.doIt: PASO 2: Transmitiendo Payload crudo sobre el mismo canal... [546]
19:33:11.635-----------> EGSCreateRateUSDtoPEN.doIt: Payload String: anhoConsulta=2026&mesConsulta=6&indMes=1&mode=month [546]
19:33:11.657-----------> EGSCreateRateUSDtoPEN.doIt: Respuesta HTTP del Servidor: 415 [546]
19:33:11.657-----------> EGSCreateRateUSDtoPEN.doIt: Respuesta cruda del API SUNAT: <!DOCTYPE HTML PUBLIC "-//W3C//DTD HTML 4.0 Draft//EN"><HTML><HEAD><TITLE>Error 415--Unsupported Media Type</TITLE></HEAD><BODY bgcolor="white"><FONT FACE=Helvetica><BR CLEAR=all><TABLE border=0 cellspacing=5><TR><TD><BR CLEAR=all><FONT FACE="Helvetica" COLOR="black" SIZE="3"><H2>Error 415--Unsupported Media Type</H2></FONT></TD></TR></TABLE><TABLE border=0 width=100% cellpadding=10><TR><TD VALIGN=top WIDTH=100% BGCOLOR=white><FONT FACE="Courier New"><FONT FACE="Helvetica" SIZE="3"><H3>From RFC 2068 <i>Hypertext Transfer Protocol -- HTTP/1.1</i>:</H3></FONT><FONT FACE="Helvetica" SIZE="3"><H4>10.4.16 415 Unsupported Media Type</H4></FONT><P><FONT FACE="Courier New">The server is refusing to service the request because the entity of the request is in a format not supported by the requested resource for the requested method.</FONT></P></FONT></TD></TR></TABLE></BODY></HTML> [546]
19:33:11.657-----------> EGSCreateRateUSDtoPEN.doIt: Filtro perimetral o rechazo detectado en la respuesta. Reintentando... [546]
19:33:11.658-----------> EGSCreateRateUSDtoPEN.doIt: Intento 4 de 5. Reintentando secuencia completa... [546]
19:33:15.658-----------> EGSCreateRateUSDtoPEN.doIt: PASO 1: Abriendo canal seguro y capturando contexto... [546]
19:33:15.680-----------> EGSCreateRateUSDtoPEN.doIt: Cookies validadas: [TSf3c1dbbd027=08fe7428c8ab20001d4c5e5e5e32f88840e12ba463708bdc53201dfc610711f1a1f57ca3ea58f3670873784438113000d312a4687ba5536f4f327688a370cef641eb959cad5fdf8cef86b3540652ea1915cf1cad2c322c96ab22bdb785af4271; IAASISTENCIAGESTIONSESSION=94KK5heSNuzh84NeBSdzBx2cN6hHT7AUpvM4OsHlDGZNnSGVFjA4xgnxsskZVIwIfRwPVRLa3313vFmm7zb06acIrhcA5EdOi0nWVS1ZX3zWyRsO-1KiJEZpFSdhVKuPdtUBapcOPXQ6z4qxge6A4xr1FORI8X7Y2Mpxaz0SBMNK702JpTLofmd3tjEYIxrU4iVVBYkXGY3mCQvsazqMaEGRuPgxlx-3U887Wh0Kv_XMS0O8Mu74AftCSuKlXPxi!1298053303!-445114015] [546]
19:33:15.681-----------> EGSCreateRateUSDtoPEN.doIt: Esperando renderizado de interfaz (estabilización de canal)... [546]
19:33:18.681-----------> EGSCreateRateUSDtoPEN.doIt: PASO 2: Transmitiendo Payload crudo sobre el mismo canal... [546]
19:33:18.681-----------> EGSCreateRateUSDtoPEN.doIt: Payload String: anhoConsulta=2026&mesConsulta=6&indMes=1&mode=month [546]
19:33:18.699-----------> EGSCreateRateUSDtoPEN.doIt: Respuesta HTTP del Servidor: 415 [546]
19:33:18.699-----------> EGSCreateRateUSDtoPEN.doIt: Respuesta cruda del API SUNAT: <!DOCTYPE HTML PUBLIC "-//W3C//DTD HTML 4.0 Draft//EN"><HTML><HEAD><TITLE>Error 415--Unsupported Media Type</TITLE></HEAD><BODY bgcolor="white"><FONT FACE=Helvetica><BR CLEAR=all><TABLE border=0 cellspacing=5><TR><TD><BR CLEAR=all><FONT FACE="Helvetica" COLOR="black" SIZE="3"><H2>Error 415--Unsupported Media Type</H2></FONT></TD></TR></TABLE><TABLE border=0 width=100% cellpadding=10><TR><TD VALIGN=top WIDTH=100% BGCOLOR=white><FONT FACE="Courier New"><FONT FACE="Helvetica" SIZE="3"><H3>From RFC 2068 <i>Hypertext Transfer Protocol -- HTTP/1.1</i>:</H3></FONT><FONT FACE="Helvetica" SIZE="3"><H4>10.4.16 415 Unsupported Media Type</H4></FONT><P><FONT FACE="Courier New">The server is refusing to service the request because the entity of the request is in a format not supported by the requested resource for the requested method.</FONT></P></FONT></TD></TR></TABLE></BODY></HTML> [546]
19:33:18.700-----------> EGSCreateRateUSDtoPEN.doIt: Filtro perimetral o rechazo detectado en la respuesta. Reintentando... [546]
19:33:18.700-----------> EGSCreateRateUSDtoPEN.doIt: Intento 5 de 5. Reintentando secuencia completa... [546]
19:33:22.700-----------> EGSCreateRateUSDtoPEN.doIt: PASO 1: Abriendo canal seguro y capturando contexto... [546]
19:33:22.724-----------> EGSCreateRateUSDtoPEN.doIt: Cookies validadas: [TSf3c1dbbd027=08fe7428c8ab2000eaf80adf8a3ae11753d6afb3704b14c25ad97d6ecba3aae13e345ea72928e10908ef570974113000bd5298a4fe35e91994870d1a23eea290a4516c24567535f06d272e4754f8c6bb583e7cf5464e8ade66130bb7aed9a2a3; IAASISTENCIAGESTIONSESSION=R-GK5jMW_gu8HTIVlbIQg_NVRnY3Fs9QjNYUzU6lBmByFIzUDDVTvCuBHi_c7k6yQK2wS5YjUaXtF4DO5vPJ2cNPdeqjepI6kuS5tExaNKEXaNDKyNFfSBKmKQT4gE5BnpHbDyKdp_rVUaY3SdjCWCTR-i58LAyoriJ3N1nsvc17Y550ABgakoM142LmTp7F5b3s2Z0P3gnAmPFJ_iihhzhC4uT6wFE6SFPZ0dtqy6R8t2kxlFbRgWoZHLYuSzyo!1298053303!-445114015] [546]
19:33:22.725-----------> EGSCreateRateUSDtoPEN.doIt: Esperando renderizado de interfaz (estabilización de canal)... [546]
19:33:25.726-----------> EGSCreateRateUSDtoPEN.doIt: PASO 2: Transmitiendo Payload crudo sobre el mismo canal... [546]
19:33:25.726-----------> EGSCreateRateUSDtoPEN.doIt: Payload String: anhoConsulta=2026&mesConsulta=6&indMes=1&mode=month [546]
19:33:25.747-----------> EGSCreateRateUSDtoPEN.doIt: Respuesta HTTP del Servidor: 415 [546]
19:33:25.747-----------> EGSCreateRateUSDtoPEN.doIt: Respuesta cruda del API SUNAT: <!DOCTYPE HTML PUBLIC "-//W3C//DTD HTML 4.0 Draft//EN"><HTML><HEAD><TITLE>Error 415--Unsupported Media Type</TITLE></HEAD><BODY bgcolor="white"><FONT FACE=Helvetica><BR CLEAR=all><TABLE border=0 cellspacing=5><TR><TD><BR CLEAR=all><FONT FACE="Helvetica" COLOR="black" SIZE="3"><H2>Error 415--Unsupported Media Type</H2></FONT></TD></TR></TABLE><TABLE border=0 width=100% cellpadding=10><TR><TD VALIGN=top WIDTH=100% BGCOLOR=white><FONT FACE="Courier New"><FONT FACE="Helvetica" SIZE="3"><H3>From RFC 2068 <i>Hypertext Transfer Protocol -- HTTP/1.1</i>:</H3></FONT><FONT FACE="Helvetica" SIZE="3"><H4>10.4.16 415 Unsupported Media Type</H4></FONT><P><FONT FACE="Courier New">The server is refusing to service the request because the entity of the request is in a format not supported by the requested resource for the requested method.</FONT></P></FONT></TD></TR></TABLE></BODY></HTML> [546]
19:33:25.748-----------> EGSCreateRateUSDtoPEN.doIt: Filtro perimetral o rechazo detectado en la respuesta. Reintentando... [546]
19:33:25.749===========> EGSCreateRateUSDtoPEN.process: Fallo final de consistencia de datos. [546]
UserError: Fallo final de consistencia de datos.
	at com.egssmart.finantials.proccess.EGSCreateRateUSDtoPEN.doIt(Unknown Source)
	at org.compiere.process.SvrProcess.process(Unknown Source)
	at org.compiere.process.SvrProcess.startProcess(Unknown Source)
	at org.adempiere.util.ProcessUtil.startJavaProcess(Unknown Source)
	at org.compiere.apps.AbstractProcessCtl.startProcess(Unknown Source)
	at org.compiere.apps.AbstractProcessCtl.run(Unknown Source)
	at org.adempiere.webui.apps.WProcessCtl.process(Unknown Source)
	at org.adempiere.webui.apps.AbstractProcessDialog$ProcessDialogRunnable.doRun(Unknown Source)
	at org.adempiere.util.ContextRunnable.run(Unknown Source)
	at org.adempiere.webui.apps.DesktopRunnable.run(Unknown Source)
	at java.base/java.util.concurrent.Executors$RunnableAdapter.call(Executors.java:539)

19:34:39.043-----------> PackInApplicationActivator.getFilesToProcess: Processing migration [502]

*** 2026-06-02 19:36:05.068 idempiere Log (CLogFile) ***
