*** 2026-06-02 19:59:50.521 idempiere Log (CLogFile) ***
19:59:50.520 Adempiere.startup: iDempiere(r) Release 14_2026-03-09 -Smart Suite ERP, CRM and SCM- (c) 1999-2026 iDempiere(r); Implementation: iDempiere - Supported by iDempiere community [27]
19:59:50.522 Ini.loadProperties: /home/nextcollege/BDeveloper/idempiere-dev-setup-14/idempiere/idempiere.properties #29 [27]
19:59:50.527-----------> Core.getKeyStore: Encryption with legacy key algorithm DES detected - it is recommended to migrate to a stronger algorithm [27]
19:59:51.052-----------> Activator.createHazelCastInstance: Starting hazelcast with configuration from file hazelcast.xml [27]
19:59:51.676-----------> CPSubsystem: [192.168.0.55]:5701 [adempiere.idempiere14/localhost:5432] [5.3.7] CP Subsystem is not enabled. CP data structures will operate in UNSAFE mode! Please note that UNSAFE mode will not provide strong consistency guarantees. [27]
19:59:52.031-----------> Node: [192.168.0.55]:5701 [adempiere.idempiere14/localhost:5432] [5.3.7] No join method is enabled! Starting standalone. [27]
19:59:52.604-----------> DB.isBuildOK: Build Version Error 

The program assumes build version 14.0.0.qualifier, but database has build version ${env.ADEMPIERE_VERSION} 20080428-1232. 
This is likely to cause hard to fix errors. 
Please contact administrator. [27]
19:59:54.566-----------> EMail.setFrom: you @ company.org: javax.mail.internet.AddressException: Local address contains control or whitespace in string ``you @ company.org'' [27]
19:59:54.588-----------> EMail.addTo: you @ company.org: javax.mail.internet.AddressException: Local address contains control or whitespace in string ``you @ company.org'' [27]
19:59:54.588-----------> EMail.isValid: From is invalid=null [27]
19:59:54.588-----------> EMail.isValid: From is invalid=null [27]
19:59:54.592-----------> MClient.sendEMail: Could NOT Send Email: Server started: iDempiere (nextcollege-G751JT:192.168.0.55) to you @ company.org: Invalid Data (System) [27]
19:59:55.951           LoggedSessionListener.contextInitialized: iDempiere context initialized for 10.3.0.1 [27]
19:59:56.171-----------> TimeZoneDataBaseVersionChecker.init: Time zone data version mismatch detected:
 - Client (moment.js) tzdb version: 2025b
 - Server (JDK) tzdb version: 2026a
Date and time values may be incorrect if time zone rules differ.
To resolve, update the moment-timezone data on the client and/or the JDK time zone data (TZUpdater or Java update) on the server so both use the same version. [27]
20:00:16.075-----------> EGSCreateRateUSDtoPEN.doIt: PASO 1: Abriendo canal seguro y capturando contexto... [558]
20:00:16.176-----------> EGSCreateRateUSDtoPEN.doIt: Cookies validadas: [TSf3c1dbbd027=08fe7428c8ab2000d7bd9689e09b6244386cd40c2406a89c9d21b6b40f60ad25484a6a2b3e4e338c08de6eb56011300087b22ef11b47b68c2829b710e596f751f1c99cdda0549867fff122be4b30371a4f883030708f91f00e56173a5a212cdd; IAASISTENCIAGESTIONSESSION=4n2K_tGjoxC7P2xbozYdIJgZfbWNOnUP6XP6kna7eRoqBHNT621DrA_vnX-LKznspPl7Cis-0DCNqbhF8wdBBEKi6FNEHD1OnQLS1Iy8jeKsdGcwcJonGkB4LD1Qfet2kUlDT27Zy6GJErs8Lu6dsHdwTEDCYhU4C-fzVbyS11gM5abgkKR-0rMvkyUhTEAAtbR0Ge5lwewqoMRBjG1ZFjb92j6EZin9peQaeXilwUJm5qyifPWPywBz3Kq-NXuQ!1298053303!-445114015] [558]
20:00:16.185-----------> EGSCreateRateUSDtoPEN.doIt: Esperando estabilización de canal perimetral... [558]
20:00:19.186-----------> EGSCreateRateUSDtoPEN.doIt: PASO 2: Transmitiendo consulta híbrida (POST con QueryString)... [558]
20:00:19.186-----------> EGSCreateRateUSDtoPEN.doIt: URL Destino: https://e-consulta.sunat.gob.pe/cl-at-ittipcam/tcS01Alias/listarTipoCambio?anhoConsulta=2026&mesConsulta=6&indMes=1&mode=month [558]
20:00:19.204-----------> EGSCreateRateUSDtoPEN.doIt: Respuesta HTTP del Servidor: 400 [558]
20:00:19.205-----------> EGSCreateRateUSDtoPEN.doIt: Respuesta cruda del API SUNAT: <!DOCTYPE HTML PUBLIC "-//W3C//DTD HTML 4.0 Draft//EN"><HTML><HEAD><TITLE>Error 400--Bad Request</TITLE></HEAD><BODY bgcolor="white"><FONT FACE=Helvetica><BR CLEAR=all><TABLE border=0 cellspacing=5><TR><TD><BR CLEAR=all><FONT FACE="Helvetica" COLOR="black" SIZE="3"><H2>Error 400--Bad Request</H2></FONT></TD></TR></TABLE><TABLE border=0 width=100% cellpadding=10><TR><TD VALIGN=top WIDTH=100% BGCOLOR=white><FONT FACE="Courier New"><FONT FACE="Helvetica" SIZE="3"><H3>From RFC 2068 <i>Hypertext Transfer Protocol -- HTTP/1.1</i>:</H3></FONT><FONT FACE="Helvetica" SIZE="3"><H4>10.4.1 400 Bad Request</H4></FONT><P><FONT FACE="Courier New">The request could not be understood by the server due to malformed syntax. The client SHOULD NOT repeat the request without modifications.</FONT></P></FONT></TD></TR></TABLE></BODY></HTML> [558]
20:00:19.205-----------> EGSCreateRateUSDtoPEN.doIt: Filtro perimetral activado o Payload rechazado. Reintentando... [558]
20:00:19.206-----------> EGSCreateRateUSDtoPEN.doIt: Intento 2 de 5. Reintentando secuencia completa... [558]
20:00:23.206-----------> EGSCreateRateUSDtoPEN.doIt: PASO 1: Abriendo canal seguro y capturando contexto... [558]
20:00:23.244-----------> EGSCreateRateUSDtoPEN.doIt: Cookies validadas: [TSf3c1dbbd027=08fe7428c8ab20008cfd485f4286c56fd3cf5ff2c0d9e744eb96710df5e162c233eb517a839dc586086ed0b1f01130000cb2060198b1260b367adf5130fbc79a190b776a9f2cdb02b405362be93e068ef71b576d06d40f4152d29c79baa596a1; IAASISTENCIAGESTIONSESSION=TdCK_u0zO2urQFByupmlf_qsiCnX_RAtQaHRFSwzaOwFrlPJky55nDfKfCHXnfImaY0uhE6ZTnNTlDxV8NnglG4j-Emh3aOq__cIkC_tV0cafIjTrZ-rgpETN9VO_ZopkE3htMTYJMlsGDXdLwZ3VFb9AeS8LRbyzG5Fnmd4QuuSY6DmOteRNlJsPY4sYZxbDOVDIQisBvLDYjGW1aqtM8P8DvHoL4gGfc9yCWuMP1OHX4yh_M1Wx8lmlaAL50sQ!1298053303!-445114015] [558]
20:00:23.248-----------> EGSCreateRateUSDtoPEN.doIt: Esperando estabilización de canal perimetral... [558]
20:00:26.248-----------> EGSCreateRateUSDtoPEN.doIt: PASO 2: Transmitiendo consulta híbrida (POST con QueryString)... [558]
20:00:26.248-----------> EGSCreateRateUSDtoPEN.doIt: URL Destino: https://e-consulta.sunat.gob.pe/cl-at-ittipcam/tcS01Alias/listarTipoCambio?anhoConsulta=2026&mesConsulta=6&indMes=1&mode=month [558]
20:00:26.267-----------> EGSCreateRateUSDtoPEN.doIt: Respuesta HTTP del Servidor: 400 [558]
20:00:26.268-----------> EGSCreateRateUSDtoPEN.doIt: Respuesta cruda del API SUNAT: <!DOCTYPE HTML PUBLIC "-//W3C//DTD HTML 4.0 Draft//EN"><HTML><HEAD><TITLE>Error 400--Bad Request</TITLE></HEAD><BODY bgcolor="white"><FONT FACE=Helvetica><BR CLEAR=all><TABLE border=0 cellspacing=5><TR><TD><BR CLEAR=all><FONT FACE="Helvetica" COLOR="black" SIZE="3"><H2>Error 400--Bad Request</H2></FONT></TD></TR></TABLE><TABLE border=0 width=100% cellpadding=10><TR><TD VALIGN=top WIDTH=100% BGCOLOR=white><FONT FACE="Courier New"><FONT FACE="Helvetica" SIZE="3"><H3>From RFC 2068 <i>Hypertext Transfer Protocol -- HTTP/1.1</i>:</H3></FONT><FONT FACE="Helvetica" SIZE="3"><H4>10.4.1 400 Bad Request</H4></FONT><P><FONT FACE="Courier New">The request could not be understood by the server due to malformed syntax. The client SHOULD NOT repeat the request without modifications.</FONT></P></FONT></TD></TR></TABLE></BODY></HTML> [558]
20:00:26.268-----------> EGSCreateRateUSDtoPEN.doIt: Filtro perimetral activado o Payload rechazado. Reintentando... [558]
20:00:26.268-----------> EGSCreateRateUSDtoPEN.doIt: Intento 3 de 5. Reintentando secuencia completa... [558]
20:00:30.268-----------> EGSCreateRateUSDtoPEN.doIt: PASO 1: Abriendo canal seguro y capturando contexto... [558]
20:00:30.293-----------> EGSCreateRateUSDtoPEN.doIt: Cookies validadas: [TSf3c1dbbd027=08fe7428c8ab200091e73187d98a6be3144edf47778df643935ad8cb890a758c0f2b599c64dbd20f08ac599ba7113000b5af2a9f590c5870ddb90a23e87fe57e6409c4788075598b6df5a6ec514d52a30481fb77a25725017ddf10972e1db36a; IAASISTENCIAGESTIONSESSION=xVyK_wjKAdAMELw71O5Znbwsud-ExCjf5senLhxN9OrG10u15kK7CaRpfs3l3h7nJoFnYcFhBemkqtNIsHKfAgmNzmeiO21gwj_S3Zr7ctk3l0ME6B7pJZ43T7MBmq0mM3aTzAay9c0i7U1TJspTJI7CeBowSnppMsJgpB2pUq9BSDSkq8lll_4Q9qmO3EH4MsAPI1ATwkT1HbDDLiWHZajHNCkM0Dr1B7w_iaOMU0ZYX39igfA_FmPjS2Tm69Df!1298053303!-445114015] [558]
20:00:30.295-----------> EGSCreateRateUSDtoPEN.doIt: Esperando estabilización de canal perimetral... [558]
20:00:33.296-----------> EGSCreateRateUSDtoPEN.doIt: PASO 2: Transmitiendo consulta híbrida (POST con QueryString)... [558]
20:00:33.296-----------> EGSCreateRateUSDtoPEN.doIt: URL Destino: https://e-consulta.sunat.gob.pe/cl-at-ittipcam/tcS01Alias/listarTipoCambio?anhoConsulta=2026&mesConsulta=6&indMes=1&mode=month [558]
20:00:33.315-----------> EGSCreateRateUSDtoPEN.doIt: Respuesta HTTP del Servidor: 400 [558]
20:00:33.315-----------> EGSCreateRateUSDtoPEN.doIt: Respuesta cruda del API SUNAT: <!DOCTYPE HTML PUBLIC "-//W3C//DTD HTML 4.0 Draft//EN"><HTML><HEAD><TITLE>Error 400--Bad Request</TITLE></HEAD><BODY bgcolor="white"><FONT FACE=Helvetica><BR CLEAR=all><TABLE border=0 cellspacing=5><TR><TD><BR CLEAR=all><FONT FACE="Helvetica" COLOR="black" SIZE="3"><H2>Error 400--Bad Request</H2></FONT></TD></TR></TABLE><TABLE border=0 width=100% cellpadding=10><TR><TD VALIGN=top WIDTH=100% BGCOLOR=white><FONT FACE="Courier New"><FONT FACE="Helvetica" SIZE="3"><H3>From RFC 2068 <i>Hypertext Transfer Protocol -- HTTP/1.1</i>:</H3></FONT><FONT FACE="Helvetica" SIZE="3"><H4>10.4.1 400 Bad Request</H4></FONT><P><FONT FACE="Courier New">The request could not be understood by the server due to malformed syntax. The client SHOULD NOT repeat the request without modifications.</FONT></P></FONT></TD></TR></TABLE></BODY></HTML> [558]
20:00:33.315-----------> EGSCreateRateUSDtoPEN.doIt: Filtro perimetral activado o Payload rechazado. Reintentando... [558]
20:00:33.315-----------> EGSCreateRateUSDtoPEN.doIt: Intento 4 de 5. Reintentando secuencia completa... [558]
20:00:37.316-----------> EGSCreateRateUSDtoPEN.doIt: PASO 1: Abriendo canal seguro y capturando contexto... [558]
20:00:37.339-----------> EGSCreateRateUSDtoPEN.doIt: Cookies validadas: [TSf3c1dbbd027=08fe7428c8ab2000006061f6b04db5e5a1d61e8ab61339fcf6addf21ac502ef6dcad8f695005da3608e35ea10c11300048183731c32ced078547da518c10bf6655950dabab272611f3114056443a1ae05c512f67b74b6b64eace9bf7f09d57d2; IAASISTENCIAGESTIONSESSION=ZwWK_yRPAqg6Bp055CCv3-VYIWZ1Ci8moZW3FYRuFGn_TP7t6QCsAqA7O1DRWbioGi1i21P6YFwG0ghBD3DSAas_mqw3IQyZC38u9sry1OkxxG60TPAWWkWiuPNw4-dge88i_OjkhgYhdsP0OJ5vzBxEwD3s6eGb8kVgCGTHgc7ToVljsXmNv2FBU1VD4qdOYQuH8f8ncWX5cWCXFRBzQHCoc6HzuI3Bz-GYRfs-98UY0oZp5Fy-WIVpAHbdkedX!1298053303!-445114015] [558]
20:00:37.340-----------> EGSCreateRateUSDtoPEN.doIt: Esperando estabilización de canal perimetral... [558]
20:00:40.340-----------> EGSCreateRateUSDtoPEN.doIt: PASO 2: Transmitiendo consulta híbrida (POST con QueryString)... [558]
20:00:40.341-----------> EGSCreateRateUSDtoPEN.doIt: URL Destino: https://e-consulta.sunat.gob.pe/cl-at-ittipcam/tcS01Alias/listarTipoCambio?anhoConsulta=2026&mesConsulta=6&indMes=1&mode=month [558]
20:00:40.358-----------> EGSCreateRateUSDtoPEN.doIt: Respuesta HTTP del Servidor: 400 [558]
20:00:40.358-----------> EGSCreateRateUSDtoPEN.doIt: Respuesta cruda del API SUNAT: <!DOCTYPE HTML PUBLIC "-//W3C//DTD HTML 4.0 Draft//EN"><HTML><HEAD><TITLE>Error 400--Bad Request</TITLE></HEAD><BODY bgcolor="white"><FONT FACE=Helvetica><BR CLEAR=all><TABLE border=0 cellspacing=5><TR><TD><BR CLEAR=all><FONT FACE="Helvetica" COLOR="black" SIZE="3"><H2>Error 400--Bad Request</H2></FONT></TD></TR></TABLE><TABLE border=0 width=100% cellpadding=10><TR><TD VALIGN=top WIDTH=100% BGCOLOR=white><FONT FACE="Courier New"><FONT FACE="Helvetica" SIZE="3"><H3>From RFC 2068 <i>Hypertext Transfer Protocol -- HTTP/1.1</i>:</H3></FONT><FONT FACE="Helvetica" SIZE="3"><H4>10.4.1 400 Bad Request</H4></FONT><P><FONT FACE="Courier New">The request could not be understood by the server due to malformed syntax. The client SHOULD NOT repeat the request without modifications.</FONT></P></FONT></TD></TR></TABLE></BODY></HTML> [558]
20:00:40.359-----------> EGSCreateRateUSDtoPEN.doIt: Filtro perimetral activado o Payload rechazado. Reintentando... [558]
20:00:40.359-----------> EGSCreateRateUSDtoPEN.doIt: Intento 5 de 5. Reintentando secuencia completa... [558]
20:00:44.359-----------> EGSCreateRateUSDtoPEN.doIt: PASO 1: Abriendo canal seguro y capturando contexto... [558]
20:00:44.383-----------> EGSCreateRateUSDtoPEN.doIt: Cookies validadas: [TSf3c1dbbd027=08fe7428c8ab2000e774db92329f46059d81442e87c8bd96388458a45258ba5331243ed2cde3377c08238bdd98113000a2c5cd76017889c0ce208395789ced0a5987a9b041a4763b8ee7a09de30b281763e7b2a76a9f9786bf8cc81d9806c6a0; IAASISTENCIAGESTIONSESSION=26aK_z_SaW5yAeuLgiMD4y9sxL6YPAW6w03VSu0DFqCG7vO7Jsy7o64CFV-TWllyTwGBAmbPB9l8PEnbSUJbKKoKTb5jIjn_6y5vhbriFDRO3se4uYvHUaBpJqH-5Ifi-IQ-DMsctUrn231r7tA9UtEprkCZ5GmY8S9ReVl58d2GJkg137ZSadOBHCc7-nt6_fGSqsz1gSIy2fdL7F6Buuf4V3Y8jwEq7ijbJ-jrgbXRLdlTi5kdedpxOvRAmZ4m!1298053303!-445114015] [558]
20:00:44.384-----------> EGSCreateRateUSDtoPEN.doIt: Esperando estabilización de canal perimetral... [558]
20:00:47.384-----------> EGSCreateRateUSDtoPEN.doIt: PASO 2: Transmitiendo consulta híbrida (POST con QueryString)... [558]
20:00:47.384-----------> EGSCreateRateUSDtoPEN.doIt: URL Destino: https://e-consulta.sunat.gob.pe/cl-at-ittipcam/tcS01Alias/listarTipoCambio?anhoConsulta=2026&mesConsulta=6&indMes=1&mode=month [558]
20:00:47.403-----------> EGSCreateRateUSDtoPEN.doIt: Respuesta HTTP del Servidor: 400 [558]
20:00:47.403-----------> EGSCreateRateUSDtoPEN.doIt: Respuesta cruda del API SUNAT: <!DOCTYPE HTML PUBLIC "-//W3C//DTD HTML 4.0 Draft//EN"><HTML><HEAD><TITLE>Error 400--Bad Request</TITLE></HEAD><BODY bgcolor="white"><FONT FACE=Helvetica><BR CLEAR=all><TABLE border=0 cellspacing=5><TR><TD><BR CLEAR=all><FONT FACE="Helvetica" COLOR="black" SIZE="3"><H2>Error 400--Bad Request</H2></FONT></TD></TR></TABLE><TABLE border=0 width=100% cellpadding=10><TR><TD VALIGN=top WIDTH=100% BGCOLOR=white><FONT FACE="Courier New"><FONT FACE="Helvetica" SIZE="3"><H3>From RFC 2068 <i>Hypertext Transfer Protocol -- HTTP/1.1</i>:</H3></FONT><FONT FACE="Helvetica" SIZE="3"><H4>10.4.1 400 Bad Request</H4></FONT><P><FONT FACE="Courier New">The request could not be understood by the server due to malformed syntax. The client SHOULD NOT repeat the request without modifications.</FONT></P></FONT></TD></TR></TABLE></BODY></HTML> [558]
20:00:47.403-----------> EGSCreateRateUSDtoPEN.doIt: Filtro perimetral activado o Payload rechazado. Reintentando... [558]
20:00:47.405===========> EGSCreateRateUSDtoPEN.process: Fallo final de consistencia de datos. [558]
org.adempiere.exceptions.AdempiereException: Fallo final de consistencia de datos.
	at com.egssmart.finantials.proccess.EGSCreateRateUSDtoPEN.doIt(Unknown Source)
	at org.compiere.process.SvrProcess.process(Unknown Source)
	at org.compiere.process.SvrProcess.startProcess(Unknown Source)
	at org.adempiere.util.ProcessUtil.startJavaProcess(Unknown Source)
	at org.compiere.apps.AbstractProcessCtl.startProcess(Unknown Source)
	at org.compiere.apps.AbstractProcessCtl.run(Unknown Source)
	at org.adempiere.webui.apps.WProcessCtl.process(Unknown Source)
	at org.adempiere.webui.apps.AbstractProcessDialog$ProcessDialogRunnable.doRun(Unknown Source)
	at org.adempiere.util.ContextRunnable.run(Unknown Source)
	at org.adempiere.webui.apps.DesktopRunnable.run(Unknown Source)
	at java.base/java.util.concurrent.Executors$RunnableAdapter.call(Executors.java:539)

20:01:57.376-----------> PackInApplicationActivator.getFilesToProcess: Processing migration [517]

*** 2026-06-02 20:02:46.902 idempiere Log (CLogFile) ***
