*** 2026-06-02 15:42:29.499 idempiere Log (CLogFile) ***
15:42:29.498 Adempiere.startup: iDempiere(r) Release 14_2026-03-09 -Smart Suite ERP, CRM and SCM- (c) 1999-2026 iDempiere(r); Implementation: iDempiere - Supported by iDempiere community [27]
15:42:29.500 Ini.loadProperties: /home/nextcollege/BDeveloper/idempiere-dev-setup-14/idempiere/idempiere.properties #29 [27]
15:42:29.508-----------> Core.getKeyStore: Encryption with legacy key algorithm DES detected - it is recommended to migrate to a stronger algorithm [27]
15:42:30.126-----------> Activator.createHazelCastInstance: Starting hazelcast with configuration from file hazelcast.xml [27]
15:42:30.811-----------> CPSubsystem: [192.168.0.55]:5701 [adempiere.idempiere14/localhost:5432] [5.3.7] CP Subsystem is not enabled. CP data structures will operate in UNSAFE mode! Please note that UNSAFE mode will not provide strong consistency guarantees. [27]
15:42:31.215-----------> Node: [192.168.0.55]:5701 [adempiere.idempiere14/localhost:5432] [5.3.7] No join method is enabled! Starting standalone. [27]
15:42:31.880-----------> DB.isBuildOK: Build Version Error 

The program assumes build version 14.0.0.qualifier, but database has build version ${env.ADEMPIERE_VERSION} 20080428-1232. 
This is likely to cause hard to fix errors. 
Please contact administrator. [27]
15:42:33.691-----------> EMail.setFrom: you @ company.org: javax.mail.internet.AddressException: Local address contains control or whitespace in string ``you @ company.org'' [27]
15:42:33.695-----------> EMail.addTo: you @ company.org: javax.mail.internet.AddressException: Local address contains control or whitespace in string ``you @ company.org'' [27]
15:42:33.696-----------> EMail.isValid: From is invalid=null [27]
15:42:33.696-----------> EMail.isValid: From is invalid=null [27]
15:42:33.701-----------> MClient.sendEMail: Could NOT Send Email: Server started: iDempiere (nextcollege-G751JT:192.168.0.55) to you @ company.org: Invalid Data (System) [27]
15:42:34.963           LoggedSessionListener.contextInitialized: iDempiere context initialized for 10.3.0.1 [27]
15:42:35.159-----------> TimeZoneDataBaseVersionChecker.init: Time zone data version mismatch detected:
 - Client (moment.js) tzdb version: 2025b
 - Server (JDK) tzdb version: 2026a
Date and time values may be incorrect if time zone rules differ.
To resolve, update the moment-timezone data on the client and/or the JDK time zone data (TZUpdater or Java update) on the server so both use the same version. [27]
15:43:13.480-----------> EGSCreateRateUSDtoPEN.doIt: PASO 1: Sincronizando sesión perimetral... [474]
15:43:13.619-----------> EGSCreateRateUSDtoPEN.doIt: Cookies F5 BIG-IP integradas: [IAASISTENCIAGESTIONSESSION, TS0105b0c6, TSf3c1dbbd027] [474]
15:43:13.619-----------> EGSCreateRateUSDtoPEN.doIt: Esperando 2500ms (Simulación Humana)... [474]
15:43:16.119-----------> EGSCreateRateUSDtoPEN.doIt: PASO 2: Transmitiendo Form-Payload Plano de alta compatibilidad... [474]
15:43:16.120-----------> EGSCreateRateUSDtoPEN.doIt: Payload enviado: anhoConsulta=2026&mesConsulta=5&indMes=1&mode=month [474]
15:43:16.176-----------> EGSCreateRateUSDtoPEN.doIt: Error detectado en la secuencia: HTTP error fetching URL. Status=415, URL=[https://e-consulta.sunat.gob.pe/cl-at-ittipcam/tcS01Alias/listarTipoCambio] [474]
15:43:16.176-----------> EGSCreateRateUSDtoPEN.doIt: Intento 2 de 5. Reintentando secuencia completa... [474]
15:43:20.177-----------> EGSCreateRateUSDtoPEN.doIt: PASO 1: Sincronizando sesión perimetral... [474]
15:43:21.300-----------> EGSCreateRateUSDtoPEN.doIt: Cookies F5 BIG-IP integradas: [IAASISTENCIAGESTIONSESSION, TS0105b0c6, TSf3c1dbbd027] [474]
15:43:21.300-----------> EGSCreateRateUSDtoPEN.doIt: Esperando 2500ms (Simulación Humana)... [474]
15:43:23.800-----------> EGSCreateRateUSDtoPEN.doIt: PASO 2: Transmitiendo Form-Payload Plano de alta compatibilidad... [474]
15:43:23.801-----------> EGSCreateRateUSDtoPEN.doIt: Payload enviado: anhoConsulta=2026&mesConsulta=5&indMes=1&mode=month [474]
15:43:23.860-----------> EGSCreateRateUSDtoPEN.doIt: Error detectado en la secuencia: HTTP error fetching URL. Status=415, URL=[https://e-consulta.sunat.gob.pe/cl-at-ittipcam/tcS01Alias/listarTipoCambio] [474]
15:43:23.861-----------> EGSCreateRateUSDtoPEN.doIt: Intento 3 de 5. Reintentando secuencia completa... [474]
15:43:27.861-----------> EGSCreateRateUSDtoPEN.doIt: PASO 1: Sincronizando sesión perimetral... [474]
15:43:27.938-----------> EGSCreateRateUSDtoPEN.doIt: Cookies F5 BIG-IP integradas: [IAASISTENCIAGESTIONSESSION, TSf3c1dbbd027] [474]
15:43:27.939-----------> EGSCreateRateUSDtoPEN.doIt: Esperando 2500ms (Simulación Humana)... [474]
15:43:30.440-----------> EGSCreateRateUSDtoPEN.doIt: PASO 2: Transmitiendo Form-Payload Plano de alta compatibilidad... [474]
15:43:30.440-----------> EGSCreateRateUSDtoPEN.doIt: Payload enviado: anhoConsulta=2026&mesConsulta=5&indMes=1&mode=month [474]
15:43:30.621-----------> EGSCreateRateUSDtoPEN.doIt: Error detectado en la secuencia: HTTP error fetching URL. Status=415, URL=[https://e-consulta.sunat.gob.pe/cl-at-ittipcam/tcS01Alias/listarTipoCambio] [474]
15:43:30.621-----------> EGSCreateRateUSDtoPEN.doIt: Intento 4 de 5. Reintentando secuencia completa... [474]
15:43:34.621-----------> EGSCreateRateUSDtoPEN.doIt: PASO 1: Sincronizando sesión perimetral... [474]
15:43:34.689-----------> EGSCreateRateUSDtoPEN.doIt: Cookies F5 BIG-IP integradas: [IAASISTENCIAGESTIONSESSION, TS0105b0c6, TSf3c1dbbd027] [474]
15:43:34.690-----------> EGSCreateRateUSDtoPEN.doIt: Esperando 2500ms (Simulación Humana)... [474]
15:43:37.190-----------> EGSCreateRateUSDtoPEN.doIt: PASO 2: Transmitiendo Form-Payload Plano de alta compatibilidad... [474]
15:43:37.190-----------> EGSCreateRateUSDtoPEN.doIt: Payload enviado: anhoConsulta=2026&mesConsulta=5&indMes=1&mode=month [474]
15:43:37.240-----------> EGSCreateRateUSDtoPEN.doIt: Respuesta cruda del API SUNAT: <html><head><title>Request Rejected</title></head><body>The requested URL was rejected. Please consult with your administrator.<br><br>Your support ID is: 16158738458578487387<br><br><a href='javascript:history.back();'>[Go Back]</a></body></html> [474]
15:43:37.240-----------> EGSCreateRateUSDtoPEN.doIt: El WAF interceptó el envío de formulario. Reintentando... [474]
15:43:37.241-----------> EGSCreateRateUSDtoPEN.doIt: Intento 5 de 5. Reintentando secuencia completa... [474]
15:43:41.241-----------> EGSCreateRateUSDtoPEN.doIt: PASO 1: Sincronizando sesión perimetral... [474]
15:43:41.477-----------> EGSCreateRateUSDtoPEN.doIt: Cookies F5 BIG-IP integradas: [IAASISTENCIAGESTIONSESSION, TSf3c1dbbd027] [474]
15:43:41.477-----------> EGSCreateRateUSDtoPEN.doIt: Esperando 2500ms (Simulación Humana)... [474]
15:43:43.977-----------> EGSCreateRateUSDtoPEN.doIt: PASO 2: Transmitiendo Form-Payload Plano de alta compatibilidad... [474]
15:43:43.977-----------> EGSCreateRateUSDtoPEN.doIt: Payload enviado: anhoConsulta=2026&mesConsulta=5&indMes=1&mode=month [474]
15:43:44.056-----------> EGSCreateRateUSDtoPEN.doIt: Respuesta cruda del API SUNAT: <html><head><title>Request Rejected</title></head><body>The requested URL was rejected. Please consult with your administrator.<br><br>Your support ID is: 16158738458591548825<br><br><a href='javascript:history.back();'>[Go Back]</a></body></html> [474]
15:43:44.057-----------> EGSCreateRateUSDtoPEN.doIt: El WAF interceptó el envío de formulario. Reintentando... [474]
15:43:44.059===========> EGSCreateRateUSDtoPEN.process: No se pudo procesar la respuesta final. [474]
UserError: No se pudo procesar la respuesta final.
	at com.egssmart.finantials.proccess.EGSCreateRateUSDtoPEN.doIt(Unknown Source)
	at org.compiere.process.SvrProcess.process(Unknown Source)
	at org.compiere.process.SvrProcess.startProcess(Unknown Source)
	at org.adempiere.util.ProcessUtil.startJavaProcess(Unknown Source)
	at org.compiere.apps.AbstractProcessCtl.startProcess(Unknown Source)
	at org.compiere.apps.AbstractProcessCtl.run(Unknown Source)
	at org.adempiere.webui.apps.WProcessCtl.process(Unknown Source)
	at org.adempiere.webui.apps.AbstractProcessDialog$ProcessDialogRunnable.doRun(Unknown Source)
	at org.adempiere.util.ContextRunnable.run(Unknown Source)
	at org.adempiere.webui.apps.DesktopRunnable.run(Unknown Source)
	at java.base/java.util.concurrent.Executors$RunnableAdapter.call(Executors.java:539)

15:44:36.205-----------> PackInApplicationActivator.getFilesToProcess: Processing migration [432]

*** 2026-06-02 15:45:55.14 idempiere Log (CLogFile) ***
