*** 2026-05-29 16:22:46.051 idempiere Log (CLogFile) ***
16:22:46.050 Adempiere.startup: iDempiere(r) Release 14_2026-03-09 -Smart Suite ERP, CRM and SCM- (c) 1999-2026 iDempiere(r); Implementation: iDempiere - Supported by iDempiere community [27]
16:22:46.052 Ini.loadProperties: /home/nextcollege/BDeveloper/idempiere-dev-setup-14/idempiere/idempiere.properties #29 [27]
16:22:46.070-----------> Core.getKeyStore: Encryption with legacy key algorithm DES detected - it is recommended to migrate to a stronger algorithm [27]
16:22:46.869-----------> Activator.createHazelCastInstance: Starting hazelcast with configuration from file hazelcast.xml [27]
16:22:47.818-----------> CPSubsystem: [192.168.0.55]:5701 [adempiere.idempiere14/localhost:5432] [5.3.7] CP Subsystem is not enabled. CP data structures will operate in UNSAFE mode! Please note that UNSAFE mode will not provide strong consistency guarantees. [27]
16:22:48.257-----------> Node: [192.168.0.55]:5701 [adempiere.idempiere14/localhost:5432] [5.3.7] No join method is enabled! Starting standalone. [27]
16:22:48.882-----------> DB.isBuildOK: Build Version Error 

The program assumes build version 14.0.0.qualifier, but database has build version ${env.ADEMPIERE_VERSION} 20080428-1232. 
This is likely to cause hard to fix errors. 
Please contact administrator. [27]
16:22:51.687-----------> EMail.setFrom: you @ company.org: javax.mail.internet.AddressException: Local address contains control or whitespace in string ``you @ company.org'' [27]
16:22:51.694-----------> EMail.addTo: you @ company.org: javax.mail.internet.AddressException: Local address contains control or whitespace in string ``you @ company.org'' [27]
16:22:51.695-----------> EMail.isValid: From is invalid=null [27]
16:22:51.695-----------> EMail.isValid: From is invalid=null [27]
16:22:51.700-----------> MClient.sendEMail: Could NOT Send Email: Server started: iDempiere (nextcollege-G751JT:192.168.0.55) to you @ company.org: Invalid Data (System) [27]
16:22:53.532           LoggedSessionListener.contextInitialized: iDempiere context initialized for 10.3.0.1 [27]
16:22:59.925-----------> LoginServlet.doPost: CSRF token validation failed from IP: 192.168.0.162 [394]
16:23:38.722-----------> MRole.getProcessAccess: Role System Administrator has assigned access incompatible process Generates SIRE Purchase Record [503]
16:24:55.193-----------> PackInApplicationActivator.getFilesToProcess: Processing migration [470]
16:54:17.100-----------> CPSubsystem: [192.168.0.55]:5701 [adempiere.idempiere14/localhost:5432] [5.3.7] CP Subsystem is not enabled. CP data structures will operate in UNSAFE mode! Please note that UNSAFE mode will not provide strong consistency guarantees. [24]
16:54:17.281-----------> Node: [192.168.0.55]:5701 [adempiere.idempiere14/localhost:5432] [5.3.7] No join method is enabled! Starting standalone. [24]
16:54:17.424-----------> EE8Activator.addingService: Failed to start server oejs.Server@5ffe3081{FAILED}[12.0.25,sto=5000] [24]
16:54:17.665-----------> AbstractSessionManager.complete: Unable to release Session ManagedSession@25d3fa6a{id=node01pn2uc91c5i5pz238j12itd1x5,x=node01pn2uc91c5i5pz238j12itd1x5.node0,req=0,res=false} [351]
java.lang.IllegalStateException: Not started
	at org.eclipse.jetty.session.AbstractSessionDataStore.store(AbstractSessionDataStore.java:169)
	at org.eclipse.jetty.session.AbstractSessionCache.release(AbstractSessionCache.java:515)
	at org.eclipse.jetty.session.AbstractSessionManager.complete(AbstractSessionManager.java:229)
	at org.eclipse.jetty.ee8.nested.ContextHandler$CoreContextRequest.completeSession(ContextHandler.java:2271)
	at org.eclipse.jetty.ee8.nested.ContextHandler$CoreContextRequest.lambda$completeSessions$0(ContextHandler.java:2236)
	at org.eclipse.jetty.server.handler.ContextHandler$ScopedContext.run(ContextHandler.java:1524)
	at org.eclipse.jetty.ee8.nested.ContextHandler$CoreContextRequest.completeSessions(ContextHandler.java:2236)
	at org.eclipse.jetty.ee8.nested.SessionHandler$SessionStreamWrapper.succeeded(SessionHandler.java:119)
	at org.eclipse.jetty.server.internal.HttpChannelState$HandlerInvoker.completeStream(HttpChannelState.java:786)
	at org.eclipse.jetty.server.internal.HttpChannelState$HandlerInvoker.run(HttpChannelState.java:712)
	at org.eclipse.jetty.server.internal.HttpConnection.onFillable(HttpConnection.java:416)
	at org.eclipse.jetty.io.AbstractConnection$ReadCallback.succeeded(AbstractConnection.java:322)
	at org.eclipse.jetty.io.FillInterest.fillable(FillInterest.java:99)
	at org.eclipse.jetty.io.ssl.SslConnection$SslEndPoint.onFillable(SslConnection.java:612)
	at org.eclipse.jetty.io.ssl.SslConnection.onFillable(SslConnection.java:413)
	at org.eclipse.jetty.io.ssl.SslConnection$2.succeeded(SslConnection.java:155)
	at org.eclipse.jetty.io.FillInterest.fillable(FillInterest.java:99)
	at org.eclipse.jetty.io.SelectableChannelEndPoint$1.run(SelectableChannelEndPoint.java:53)
	at org.eclipse.jetty.util.thread.strategy.AdaptiveExecutionStrategy.runTask(AdaptiveExecutionStrategy.java:480)
	at org.eclipse.jetty.util.thread.strategy.AdaptiveExecutionStrategy.consumeTask(AdaptiveExecutionStrategy.java:443)
	at org.eclipse.jetty.util.thread.strategy.AdaptiveExecutionStrategy.tryProduce(AdaptiveExecutionStrategy.java:293)


*** 2026-05-29 20:32:51.857 idempiere Log (CLogFile) ***
