*** 2026-05-29 00:13:46.387 idempiere Log (CLogFile) ***
00:13:46.386 Adempiere.startup: iDempiere(r) Release 14_2026-03-09 -Smart Suite ERP, CRM and SCM- (c) 1999-2026 iDempiere(r); Implementation: iDempiere - Supported by iDempiere community [28]
00:13:46.388 Ini.loadProperties: /home/nextcollege/BDeveloper/idempiere-dev-setup-14/idempiere/idempiere.properties #29 [28]
00:13:46.394-----------> Core.getKeyStore: Encryption with legacy key algorithm DES detected - it is recommended to migrate to a stronger algorithm [28]
00:13:47.423-----------> Activator.createHazelCastInstance: Starting hazelcast with configuration from file hazelcast.xml [28]
00:13:48.140-----------> CPSubsystem: [192.168.0.55]:5701 [adempiere.idempiere14/localhost:5432] [5.3.7] CP Subsystem is not enabled. CP data structures will operate in UNSAFE mode! Please note that UNSAFE mode will not provide strong consistency guarantees. [28]
00:13:48.574-----------> Node: [192.168.0.55]:5701 [adempiere.idempiere14/localhost:5432] [5.3.7] No join method is enabled! Starting standalone. [28]
00:13:48.729-----------> DB.isBuildOK: Build Version Error 

The program assumes build version 14.0.0.qualifier, but database has build version ${env.ADEMPIERE_VERSION} 20080428-1232. 
This is likely to cause hard to fix errors. 
Please contact administrator. [28]
00:13:51.091-----------> EMail.setFrom: you @ company.org: javax.mail.internet.AddressException: Local address contains control or whitespace in string ``you @ company.org'' [28]
00:13:51.095-----------> EMail.addTo: you @ company.org: javax.mail.internet.AddressException: Local address contains control or whitespace in string ``you @ company.org'' [28]
00:13:51.096-----------> EMail.isValid: From is invalid=null [28]
00:13:51.096-----------> EMail.isValid: From is invalid=null [28]
00:13:51.101-----------> MClient.sendEMail: Could NOT Send Email: Server started: iDempiere (nextcollege-G751JT:192.168.0.55) to you @ company.org: Invalid Data (System) [28]
00:13:52.735           LoggedSessionListener.contextInitialized: iDempiere context initialized for 10.3.0.1 [28]
00:15:54.322-----------> PackInApplicationActivator.getFilesToProcess: Processing migration [468]
00:19:17.034-----------> MRole.getProcessAccess: Role System Administrator has assigned access incompatible process Generates SIRE Purchase Record [512]
00:22:35.508-----------> MRole.getProcessAccess: Role System Administrator has assigned access incompatible process Generates SIRE Purchase Record [510]
01:00:25.882-----------> MRole.getProcessAccess: Role System Administrator has assigned access incompatible process Generates SIRE Purchase Record [509]
01:01:00.043-----------> MRole.getProcessAccess: Role System Administrator has assigned access incompatible process Asset Parent Report [389]
01:01:00.044-----------> MRole.getProcessAccess: Role System Administrator has assigned access incompatible process Asset Group Defaults [389]
01:01:00.045-----------> MRole.getProcessAccess: Role System Administrator has assigned access incompatible process Depreciation Table [389]
01:01:00.045-----------> MRole.getProcessAccess: Role System Administrator has assigned access incompatible process Asset Convention Report [389]
01:01:00.046-----------> MRole.getProcessAccess: Role System Administrator has assigned access incompatible process Asset Depreciation Method [389]
01:01:00.048-----------> MRole.getProcessAccess: Role System Administrator has assigned access incompatible process Generates SIRE Purchase Record [389]
15:31:36.850-----------> RequiredPluginValidator.frameworkEvent: DS Listener - OSGi Framework Error: Exception in opening zip file: /home/nextcollege/BDeveloper/idempiere-dev-setup-14/idempiere/org.idempiere.p2.targetplatform/target/target-platform-repository/plugins/bcpkix_1.81.0.redhat-00001.jar [24]
15:31:36.853-----------> RequiredPluginValidator.frameworkEvent: DS Listener - OSGi Framework Error: Exception in opening zip file: /home/nextcollege/BDeveloper/idempiere-dev-setup-14/idempiere/org.idempiere.p2.targetplatform/target/target-platform-repository/plugins/bcpkix_1.81.0.redhat-00001.jar [24]
15:31:36.855-----------> RequiredPluginValidator.frameworkEvent: DS Listener - OSGi Framework Error: Exception in opening zip file: /home/nextcollege/BDeveloper/idempiere-dev-setup-14/idempiere/org.idempiere.p2.targetplatform/target/target-platform-repository/plugins/bcpkix_1.81.0.redhat-00001.jar [24]
15:31:36.856-----------> RequiredPluginValidator.frameworkEvent: DS Listener - OSGi Framework Error: Exception in opening zip file: /home/nextcollege/BDeveloper/idempiere-dev-setup-14/idempiere/org.idempiere.p2.targetplatform/target/target-platform-repository/plugins/bcprov_1.81.0.redhat-00001.jar [24]
15:31:36.857-----------> RequiredPluginValidator.frameworkEvent: DS Listener - OSGi Framework Error: Exception in opening zip file: /home/nextcollege/BDeveloper/idempiere-dev-setup-14/idempiere/org.idempiere.p2.targetplatform/target/target-platform-repository/plugins/bcprov_1.81.0.redhat-00001.jar [24]
15:31:36.858-----------> RequiredPluginValidator.frameworkEvent: DS Listener - OSGi Framework Error: Exception in opening zip file: /home/nextcollege/BDeveloper/idempiere-dev-setup-14/idempiere/org.idempiere.p2.targetplatform/target/target-platform-repository/plugins/bcprov_1.81.0.redhat-00001.jar [24]
15:31:36.859-----------> RequiredPluginValidator.frameworkEvent: DS Listener - OSGi Framework Error: Exception in opening zip file: /home/nextcollege/BDeveloper/idempiere-dev-setup-14/idempiere/org.idempiere.p2.targetplatform/target/target-platform-repository/plugins/bcutil_1.81.0.redhat-00001.jar [24]
15:31:36.861-----------> RequiredPluginValidator.frameworkEvent: DS Listener - OSGi Framework Error: Exception in opening zip file: /home/nextcollege/BDeveloper/idempiere-dev-setup-14/idempiere/org.idempiere.p2.targetplatform/target/target-platform-repository/plugins/bcutil_1.81.0.redhat-00001.jar [24]
15:31:36.863-----------> RequiredPluginValidator.frameworkEvent: DS Listener - OSGi Framework Error: Exception in opening zip file: /home/nextcollege/BDeveloper/idempiere-dev-setup-14/idempiere/org.idempiere.p2.targetplatform/target/target-platform-repository/plugins/bcutil_1.81.0.redhat-00001.jar [24]

*** 2026-05-29 16:05:28.025 idempiere Log (CLogFile) ***
