*** 2026-05-25 00:01:07.86 idempiere Log (CLogFile) ***
00:01:07.859 Adempiere.startup: iDempiere(r) Release 14_2026-03-09 -Smart Suite ERP, CRM and SCM- (c) 1999-2026 iDempiere(r); Implementation: iDempiere - Supported by iDempiere community [28]
00:01:07.862 Ini.loadProperties: /home/nextcollege/BDeveloper/idempiere-dev-setup-14/idempiere/idempiere.properties #29 [28]
00:01:07.873-----------> Core.getKeyStore: Encryption with legacy key algorithm DES detected - it is recommended to migrate to a stronger algorithm [28]
00:01:08.929-----------> Activator.createHazelCastInstance: Starting hazelcast with configuration from file hazelcast.xml [28]
00:01:09.605-----------> CPSubsystem: [192.168.1.236]:5701 [adempiere.idempiere14/localhost:5432] [5.3.7] CP Subsystem is not enabled. CP data structures will operate in UNSAFE mode! Please note that UNSAFE mode will not provide strong consistency guarantees. [28]
00:01:09.923-----------> Node: [192.168.1.236]:5701 [adempiere.idempiere14/localhost:5432] [5.3.7] No join method is enabled! Starting standalone. [28]
00:01:10.056-----------> DB.isBuildOK: Build Version Error 

The program assumes build version 14.0.0.qualifier, but database has build version ${env.ADEMPIERE_VERSION} 20080428-1232. 
This is likely to cause hard to fix errors. 
Please contact administrator. [28]
00:01:12.224-----------> EMail.setFrom: you @ company.org: javax.mail.internet.AddressException: Local address contains control or whitespace in string ``you @ company.org'' [28]
00:01:12.228-----------> EMail.addTo: you @ company.org: javax.mail.internet.AddressException: Local address contains control or whitespace in string ``you @ company.org'' [28]
00:01:12.229-----------> EMail.isValid: From is invalid=null [28]
00:01:12.229-----------> EMail.isValid: From is invalid=null [28]
00:01:12.232-----------> MClient.sendEMail: Could NOT Send Email: Server started: iDempiere (nextcollege-G751JT:192.168.1.236) to you @ company.org: Invalid Data (System) [28]
00:01:14.166           LoggedSessionListener.contextInitialized: iDempiere context initialized for 10.3.0.1 [28]
00:01:15.740-----------> Incremental2PackActivator.packIn: Installing com.egssmart.sire /META-INF/2Pack_1.0.1.zip ... [339]
00:01:16.267-----------> Incremental2PackActivator.packIn: com.egssmart.sire /META-INF/2Pack_1.0.1.zip installed [339]
00:01:16.268-----------> Incremental2PackActivator.packIn: Installing com.egssmart.sire /META-INF/2Pack_1.0.2.zip ... [339]
00:01:16.494-----------> Incremental2PackActivator.packIn: com.egssmart.sire /META-INF/2Pack_1.0.2.zip installed [339]
00:01:16.494-----------> Incremental2PackActivator.packIn: Installing com.egssmart.sire /META-INF/2Pack_1.0.3.zip ... [339]
00:01:25.562-----------> Incremental2PackActivator.packIn: com.egssmart.sire /META-INF/2Pack_1.0.3.zip installed [339]
00:01:25.563-----------> Incremental2PackActivator.packIn: Installing com.egssmart.sire /META-INF/2Pack_1.0.5.zip ... [339]
00:01:25.909-----------> Incremental2PackActivator.packIn: com.egssmart.sire /META-INF/2Pack_1.0.5.zip installed [339]
00:01:25.909-----------> Incremental2PackActivator.packIn: Installing com.egssmart.sire /META-INF/2Pack_1.0.6.zip ... [339]
00:01:25.989-----------> Incremental2PackActivator.packIn: com.egssmart.sire /META-INF/2Pack_1.0.6.zip installed [339]
00:01:25.990-----------> Incremental2PackActivator.packIn: Installing com.egssmart.sire /META-INF/2Pack_1.0.7.zip ... [339]
00:01:26.580-----------> Incremental2PackActivator.packIn: com.egssmart.sire /META-INF/2Pack_1.0.7.zip installed [339]
00:01:26.581-----------> Incremental2PackActivator.packIn: Installing com.egssmart.sire /META-INF/2Pack_2.0.1.zip ... [339]
00:01:28.838-----------> Incremental2PackActivator.packIn: com.egssmart.sire /META-INF/2Pack_2.0.1.zip installed [339]
00:02:01.225===========> MTree.loadNodes: Nodes w/o parent - adding to root - [Propuesta Registro de Compras] [390]
00:02:48.474===========> MTree.loadNodes: Nodes w/o parent - adding to root - [Propuesta Registro de Compras] [390]
00:02:58.953-----------> MRole.getProcessAccess: Role System Administrator has assigned access incompatible process Asset Parent Report [391]
00:02:58.954-----------> MRole.getProcessAccess: Role System Administrator has assigned access incompatible process Asset Group Defaults [391]
00:02:58.955-----------> MRole.getProcessAccess: Role System Administrator has assigned access incompatible process Depreciation Table [391]
00:02:58.956-----------> MRole.getProcessAccess: Role System Administrator has assigned access incompatible process Asset Convention Report [391]
00:02:58.957-----------> MRole.getProcessAccess: Role System Administrator has assigned access incompatible process Asset Depreciation Method [391]
00:02:58.965===========> MTree.loadNodes: Nodes w/o parent - adding to root - [Propuesta Registro de Compras] [391]
00:03:00.544===========> MTree.loadNodes: Nodes w/o parent - adding to root - [Propuesta Registro de Compras] [348]
00:03:15.593-----------> PackInApplicationActivator.getFilesToProcess: Processing migration [468]
10:39:28.020-----------> PoolBase.isConnectionDead: HikariPool-1 - Failed to validate connection org.postgresql.jdbc.PgConnection@5c4d6130 (This connection has been closed.). Possibly consider using a shorter maxLifetime value. [294]
10:39:29.866-----------> PoolBase.isConnectionDead: HikariPool-1 - Failed to validate connection org.postgresql.jdbc.PgConnection@1c90fe1b (This connection has been closed.). Possibly consider using a shorter maxLifetime value. [294]
10:39:32.912-----------> PoolBase.isConnectionDead: HikariPool-1 - Failed to validate connection org.postgresql.jdbc.PgConnection@1eb531d2 (This connection has been closed.). Possibly consider using a shorter maxLifetime value. [294]
10:39:36.859-----------> PoolBase.isConnectionDead: HikariPool-1 - Failed to validate connection org.postgresql.jdbc.PgConnection@1fb390a1 (This connection has been closed.). Possibly consider using a shorter maxLifetime value. [294]
10:39:44.052-----------> PoolBase.isConnectionDead: HikariPool-1 - Failed to validate connection org.postgresql.jdbc.PgConnection@217b1bb (This connection has been closed.). Possibly consider using a shorter maxLifetime value. [294]
10:39:44.291-----------> PoolBase.isConnectionDead: HikariPool-1 - Failed to validate connection org.postgresql.jdbc.PgConnection@2f454a16 (This connection has been closed.). Possibly consider using a shorter maxLifetime value. [294]
10:40:11.474-----------> PoolBase.isConnectionDead: HikariPool-1 - Failed to validate connection org.postgresql.jdbc.PgConnection@1b7c68ad (This connection has been closed.). Possibly consider using a shorter maxLifetime value. [294]
10:40:17.333-----------> PoolBase.isConnectionDead: HikariPool-1 - Failed to validate connection org.postgresql.jdbc.PgConnection@5d7892f8 (This connection has been closed.). Possibly consider using a shorter maxLifetime value. [549]
10:40:17.335-----------> PoolBase.isConnectionDead: HikariPool-1 - Failed to validate connection org.postgresql.jdbc.PgConnection@48e6e10d (This connection has been closed.). Possibly consider using a shorter maxLifetime value. [549]
10:40:28.446-----------> PoolBase.newConnection: HikariPool-1 - Pool is empty, failed to create/setup connection (292fb4d3-87d7-4fd6-932c-2b4a5513d8c2) [2484]
org.postgresql.util.PSQLException: FATAL: no existe la base de datos «idempiere14»; State=3D000; ErrorCode=0
	at org.postgresql.core.v3.QueryExecutorImpl.receiveErrorResponse(QueryExecutorImpl.java:2736)
	at org.postgresql.core.v3.QueryExecutorImpl.readStartupMessages(QueryExecutorImpl.java:2861)
	at org.postgresql.core.v3.QueryExecutorImpl.<init>(QueryExecutorImpl.java:178)
	at org.postgresql.core.v3.ConnectionFactoryImpl.openConnectionImpl(ConnectionFactoryImpl.java:344)
	at org.postgresql.core.ConnectionFactory.openConnection(ConnectionFactory.java:57)
	at org.postgresql.jdbc.PgConnection.<init>(PgConnection.java:279)
	at org.postgresql.Driver.makeConnection(Driver.java:448)
	at org.postgresql.Driver.connect(Driver.java:298)
	at com.zaxxer.hikari.util.DriverDataSource.getConnection(DriverDataSource.java:144)
	at com.zaxxer.hikari.pool.PoolBase.newConnection(PoolBase.java:373)
	at com.zaxxer.hikari.pool.PoolBase.newPoolEntry(PoolBase.java:210)
	at com.zaxxer.hikari.pool.HikariPool.createPoolEntry(HikariPool.java:488)
	at com.zaxxer.hikari.pool.HikariPool$PoolEntryCreator.call(HikariPool.java:752)
	at com.zaxxer.hikari.pool.HikariPool$PoolEntryCreator.call(HikariPool.java:731)
	at java.base/java.util.concurrent.FutureTask.run(FutureTask.java:264)
	at java.base/java.util.concurrent.ThreadPoolExecutor.runWorker(ThreadPoolExecutor.java:1136)
	at java.base/java.util.concurrent.ThreadPoolExecutor$Worker.run(ThreadPoolExecutor.java:635)
	at java.base/java.lang.Thread.run(Thread.java:840)

11:00:37.889-----------> MRole.getProcessAccess: Role System Administrator has assigned access incompatible process Asset Parent Report [2464]
11:00:37.890-----------> MRole.getProcessAccess: Role System Administrator has assigned access incompatible process Asset Group Defaults [2464]
11:00:37.890-----------> MRole.getProcessAccess: Role System Administrator has assigned access incompatible process Depreciation Table [2464]
11:00:37.890-----------> MRole.getProcessAccess: Role System Administrator has assigned access incompatible process Asset Convention Report [2464]
11:00:37.891-----------> MRole.getProcessAccess: Role System Administrator has assigned access incompatible process Asset Depreciation Method [2464]
13:16:05.844-----------> BrowserToken.validateToken: Cannot invoke "String.getBytes(String)" because "password" is null [2274]
java.lang.NullPointerException: Cannot invoke "String.getBytes(String)" because "password" is null
	at org.adempiere.webui.util.BrowserToken.getPasswordHash(Unknown Source)
	at org.adempiere.webui.util.BrowserToken.validateToken(Unknown Source)
	at org.adempiere.webui.panel.LoginPanel$1.onEvent(Unknown Source)
	at org.zkoss.zk.ui.AbstractComponent.onEvent(AbstractComponent.java:3171)
	at org.zkoss.zk.ui.AbstractComponent.service(AbstractComponent.java:3141)
	at org.zkoss.zk.ui.AbstractComponent.service(AbstractComponent.java:3083)
	at org.zkoss.zk.ui.impl.EventProcessor.process(EventProcessor.java:138)
	at org.zkoss.zk.ui.impl.UiEngineImpl.processEvent(UiEngineImpl.java:1902)
	at org.zkoss.zk.ui.impl.UiEngineImpl.process(UiEngineImpl.java:1674)
	at org.zkoss.zk.ui.impl.UiEngineImpl.execUpdate(UiEngineImpl.java:1332)
	at org.zkoss.zk.au.http.DHtmlUpdateServlet.process(DHtmlUpdateServlet.java:535)
	at org.zkoss.zk.au.http.DHtmlUpdateServlet.doGet(DHtmlUpdateServlet.java:408)
	at org.zkoss.zk.au.http.DHtmlUpdateServlet.doPost(DHtmlUpdateServlet.java:416)
	at javax.servlet.http.HttpServlet.service(HttpServlet.java:523)
	at javax.servlet.http.HttpServlet.service(HttpServlet.java:590)
	at org.eclipse.jetty.ee8.servlet.ServletHolder$NotAsync.service(ServletHolder.java:1157)
	at org.eclipse.jetty.ee8.servlet.ServletHolder.handle(ServletHolder.java:651)
	at org.eclipse.jetty.ee8.servlet.ServletHandler$ChainEnd.doFilter(ServletHandler.java:1374)
	at org.adempiere.webui.sso.filter.SSOWebUIFilter.doFilter(Unknown Source)
	at org.eclipse.jetty.ee8.servlet.FilterHolder.doFilter(FilterHolder.java:171)
	at org.eclipse.jetty.ee8.servlet.ServletHandler$Chain.doFilter(ServletHandler.java:1348)
	at org.adempiere.webui.session.SessionFingerprintFilter.doFilter(Unknown Source)


*** 2026-05-25 14:08:51.224 idempiere Log (CLogFile) ***
