*** 2026-06-02 10:56:24.316 idempiere Log (CLogFile) ***
10:56:24.315 Adempiere.startup: iDempiere(r) Release 14_2026-03-09 -Smart Suite ERP, CRM and SCM- (c) 1999-2026 iDempiere(r); Implementation: iDempiere - Supported by iDempiere community [27]
10:56:24.317 Ini.loadProperties: /home/nextcollege/BDeveloper/idempiere-dev-setup-14/idempiere/idempiere.properties #29 [27]
10:56:24.324-----------> Core.getKeyStore: Encryption with legacy key algorithm DES detected - it is recommended to migrate to a stronger algorithm [27]
10:56:24.344 AnnotationBasedModelFactory.lambda$0: AnnotationBasedModelFactory loaded 741 classes in 2.337s [39]
10:56:24.804-----------> Activator.createHazelCastInstance: Starting hazelcast with configuration from file hazelcast.xml [27]
10:56:25.353-----------> CPSubsystem: [192.168.0.55]:5701 [adempiere.idempiere14/localhost:5432] [5.3.7] CP Subsystem is not enabled. CP data structures will operate in UNSAFE mode! Please note that UNSAFE mode will not provide strong consistency guarantees. [27]
10:56:25.703-----------> Node: [192.168.0.55]:5701 [adempiere.idempiere14/localhost:5432] [5.3.7] No join method is enabled! Starting standalone. [27]
10:56:26.234-----------> DB.isBuildOK: Build Version Error 

The program assumes build version 14.0.0.qualifier, but database has build version ${env.ADEMPIERE_VERSION} 20080428-1232. 
This is likely to cause hard to fix errors. 
Please contact administrator. [27]
10:56:28.127-----------> EMail.setFrom: you @ company.org: javax.mail.internet.AddressException: Local address contains control or whitespace in string ``you @ company.org'' [27]
10:56:28.131-----------> EMail.addTo: you @ company.org: javax.mail.internet.AddressException: Local address contains control or whitespace in string ``you @ company.org'' [27]
10:56:28.132-----------> EMail.isValid: From is invalid=null [27]
10:56:28.132-----------> EMail.isValid: From is invalid=null [27]
10:56:28.136-----------> MClient.sendEMail: Could NOT Send Email: Server started: iDempiere (nextcollege-G751JT:192.168.0.55) to you @ company.org: Invalid Data (System) [27]
10:56:29.604           LoggedSessionListener.contextInitialized: iDempiere context initialized for 10.3.0.1 [27]
10:58:30.826-----------> PackInApplicationActivator.getFilesToProcess: Processing migration [525]
11:00:03.172-----------> EGSCreateRateUSDtoPEN.doIt: Consultando Backend de datos de SUNAT para el periodo (JS-Base0): 5/2026 [520]
11:00:03.634-----------> EGSCreateRateUSDtoPEN.doIt: Fallo al obtener datos JSON de SUNAT: HTTP error fetching URL. Status=400, URL=[https://e-consulta.sunat.gob.pe/cl-at-ittipcam/tcS01Alias/listarTipoCambio] [520]
11:00:03.634-----------> EGSCreateRateUSDtoPEN.doIt: Intento 2 de 5. Reintentando... [520]
11:00:07.635-----------> EGSCreateRateUSDtoPEN.doIt: Consultando Backend de datos de SUNAT para el periodo (JS-Base0): 5/2026 [520]
11:00:08.029-----------> EGSCreateRateUSDtoPEN.doIt: Fallo al obtener datos JSON de SUNAT: HTTP error fetching URL. Status=400, URL=[https://e-consulta.sunat.gob.pe/cl-at-ittipcam/tcS01Alias/listarTipoCambio] [520]
11:00:08.029-----------> EGSCreateRateUSDtoPEN.doIt: Intento 3 de 5. Reintentando... [520]
11:00:12.029-----------> EGSCreateRateUSDtoPEN.doIt: Consultando Backend de datos de SUNAT para el periodo (JS-Base0): 5/2026 [520]
11:00:12.308-----------> EGSCreateRateUSDtoPEN.doIt: Fallo al obtener datos JSON de SUNAT: HTTP error fetching URL. Status=400, URL=[https://e-consulta.sunat.gob.pe/cl-at-ittipcam/tcS01Alias/listarTipoCambio] [520]
11:00:12.309-----------> EGSCreateRateUSDtoPEN.doIt: Intento 4 de 5. Reintentando... [520]
11:00:16.309-----------> EGSCreateRateUSDtoPEN.doIt: Consultando Backend de datos de SUNAT para el periodo (JS-Base0): 5/2026 [520]
11:00:16.588-----------> EGSCreateRateUSDtoPEN.doIt: Fallo al obtener datos JSON de SUNAT: HTTP error fetching URL. Status=400, URL=[https://e-consulta.sunat.gob.pe/cl-at-ittipcam/tcS01Alias/listarTipoCambio] [520]
11:00:16.588-----------> EGSCreateRateUSDtoPEN.doIt: Intento 5 de 5. Reintentando... [520]
11:00:20.589-----------> EGSCreateRateUSDtoPEN.doIt: Consultando Backend de datos de SUNAT para el periodo (JS-Base0): 5/2026 [520]
11:00:20.868-----------> EGSCreateRateUSDtoPEN.doIt: Fallo al obtener datos JSON de SUNAT: HTTP error fetching URL. Status=400, URL=[https://e-consulta.sunat.gob.pe/cl-at-ittipcam/tcS01Alias/listarTipoCambio] [520]
11:00:20.870===========> EGSCreateRateUSDtoPEN.process: No se logró comunicación con el flujo asíncrono de SUNAT tras 5 intentos. [520]
org.jsoup.HttpStatusException: HTTP error fetching URL. Status=400, URL=[https://e-consulta.sunat.gob.pe/cl-at-ittipcam/tcS01Alias/listarTipoCambio]
	at org.jsoup.helper.HttpConnection$Response.execute(HttpConnection.java:913)
	at org.jsoup.helper.HttpConnection$Response.execute(HttpConnection.java:866)
	at org.jsoup.helper.HttpConnection.execute(HttpConnection.java:365)
	at com.egssmart.finantials.proccess.EGSCreateRateUSDtoPEN.doIt(Unknown Source)
	at org.compiere.process.SvrProcess.process(Unknown Source)
	at org.compiere.process.SvrProcess.startProcess(Unknown Source)
	at org.adempiere.util.ProcessUtil.startJavaProcess(Unknown Source)
	at org.compiere.apps.AbstractProcessCtl.startProcess(Unknown Source)
	at org.compiere.apps.AbstractProcessCtl.run(Unknown Source)
	at org.adempiere.webui.apps.WProcessCtl.process(Unknown Source)
	at org.adempiere.webui.apps.AbstractProcessDialog$ProcessDialogRunnable.doRun(Unknown Source)
	at org.adempiere.util.ContextRunnable.run(Unknown Source)
	at org.adempiere.webui.apps.DesktopRunnable.run(Unknown Source)


*** 2026-06-02 11:01:41.312 idempiere Log (CLogFile) ***
