*** 2026-06-02 20:59:42.806 idempiere Log (CLogFile) ***
20:59:42.802 Adempiere.startup: iDempiere(r) Release 14_2026-03-09 -Smart Suite ERP, CRM and SCM- (c) 1999-2026 iDempiere(r); Implementation: iDempiere - Supported by iDempiere community [27]
20:59:42.807 Ini.loadProperties: /home/nextcollege/BDeveloper/idempiere-dev-setup-14/idempiere/idempiere.properties #29 [27]
20:59:42.813-----------> Core.getKeyStore: Encryption with legacy key algorithm DES detected - it is recommended to migrate to a stronger algorithm [27]
20:59:43.427-----------> Activator.createHazelCastInstance: Starting hazelcast with configuration from file hazelcast.xml [27]
20:59:43.983-----------> CPSubsystem: [192.168.0.55]:5701 [adempiere.idempiere14/localhost:5432] [5.3.7] CP Subsystem is not enabled. CP data structures will operate in UNSAFE mode! Please note that UNSAFE mode will not provide strong consistency guarantees. [27]
20:59:44.362-----------> Node: [192.168.0.55]:5701 [adempiere.idempiere14/localhost:5432] [5.3.7] No join method is enabled! Starting standalone. [27]
20:59:44.872-----------> DB.isBuildOK: Build Version Error 

The program assumes build version 14.0.0.qualifier, but database has build version ${env.ADEMPIERE_VERSION} 20080428-1232. 
This is likely to cause hard to fix errors. 
Please contact administrator. [27]
20:59:46.735-----------> EMail.setFrom: you @ company.org: javax.mail.internet.AddressException: Local address contains control or whitespace in string ``you @ company.org'' [27]
20:59:46.740-----------> EMail.addTo: you @ company.org: javax.mail.internet.AddressException: Local address contains control or whitespace in string ``you @ company.org'' [27]
20:59:46.741-----------> EMail.isValid: From is invalid=null [27]
20:59:46.741-----------> EMail.isValid: From is invalid=null [27]
20:59:46.745-----------> MClient.sendEMail: Could NOT Send Email: Server started: iDempiere (nextcollege-G751JT:192.168.0.55) to you @ company.org: Invalid Data (System) [27]
20:59:48.091           LoggedSessionListener.contextInitialized: iDempiere context initialized for 10.3.0.1 [27]
20:59:48.285-----------> TimeZoneDataBaseVersionChecker.init: Time zone data version mismatch detected:
 - Client (moment.js) tzdb version: 2025b
 - Server (JDK) tzdb version: 2026a
Date and time values may be incorrect if time zone rules differ.
To resolve, update the moment-timezone data on the client and/or the JDK time zone data (TZUpdater or Java update) on the server so both use the same version. [27]
21:00:49.255-----------> EGSCreateRateUSDtoPEN.doIt: PASO 1: Abriendo canal seguro y capturando contexto... [568]
21:00:49.386-----------> EGSCreateRateUSDtoPEN.doIt: Cookies validadas: [TS61ff7286027=08d0cd49b8ab20006f6c038297522c163bd4eadcd1575a75e30c8035c05a58c6d7449dcbe66120910833635ee7113000806efdbbe5bc01429acd634b2915499d3396a2f222b71ba4757f29550dbb48143eded0d4b02ad364b0427616be02b431; TS0105b0c6=019edc9eb8706f7fa503345d9ec6c37b03e77ac36935ed3f2465a45a23a35445afa53a862ad76e01ad36b3ab76306e76edcd9005107f54dfaedd84b346c68e03fc358dfd42; IAASISTENCIAGESTIONSESSION=7y-LNkHcJuYJgDPs5_icvTZykR09-HQLR-EvUo8mKfA9gIRxfjD2Ru9dZbPS_OohRB1y4Y9l7xPIek7WmqzX_xUtX7HHk_AAdTHGHaNTA3a3IsWz1xm2uSwzqK6QBIfLRkbFKmg0JKT7ix_8EwA4ru4WzE3e1hK7oTS7AdQql6LADKQkCq_R_8bqnMJoyRjlbtGHTTwhlm5AmZYpzMfRnSvFUUqV2ahWBKF-_nNPJk22Flh89yQsk783mqqybeM3!-1926820799!1093042530] [568]
21:00:49.395-----------> EGSCreateRateUSDtoPEN.doIt: Esperando estabilización de canal perimetral... [568]
21:00:52.396-----------> EGSCreateRateUSDtoPEN.doIt: PASO 2: Transmitiendo consulta via GET Protegido con Cookies... [568]
21:00:52.397-----------> EGSCreateRateUSDtoPEN.doIt: URL Destino: https://e-consulta.sunat.gob.pe/cl-at-ittipcam/tcS01Alias/listarTipoCambio?anhoConsulta=2026&mesConsulta=06&indMes=1&mode=month [568]
21:00:52.416-----------> EGSCreateRateUSDtoPEN.doIt: Respuesta HTTP del Servidor: 200 [568]
21:00:52.417-----------> EGSCreateRateUSDtoPEN.doIt: Respuesta cruda del API SUNAT: <html><head><title>Request Rejected</title></head><body>The requested URL was rejected. Please consult with your administrator.<br><br>Your support ID is: 1939715761569825301<br><br><a href='javascript:history.back();'>[Go Back]</a></body></html> [568]
21:00:52.420-----------> EGSCreateRateUSDtoPEN.doIt: Excepción en el intento 1: El cuerpo de la respuesta JSON no contiene elementos reconocidos. [568]
21:00:52.421-----------> EGSCreateRateUSDtoPEN.doIt: Intento 2 de 5. Reintentando secuencia completa... [568]
21:00:56.421-----------> EGSCreateRateUSDtoPEN.doIt: PASO 1: Abriendo canal seguro y capturando contexto... [568]
21:00:56.487-----------> EGSCreateRateUSDtoPEN.doIt: Cookies validadas: [TS61ff7286027=08d0cd49b8ab20002ea48329596207b44188c513adc97aecda64502b7e70358286cb73be1c3c83630896d3b6d9113000d251d9f86c0a3f94d20bbb32cac030b7cee6350fb7c38540e05741db9d6902014616d6fbdcfe83c9691913a64392cc7d; TS0105b0c6=019edc9eb83f902c149b6791d0addb19381705839cc2ffedfab51d44ad3d21a011534b7552cdbcf638bd1cfc5a1046d2be283bb6bc23c4a0462828a1211af9a657a2e3f2a0; IAASISTENCIAGESTIONSESSION=Q-mLNl2SExVYXbAe3lMjDEYpXKcsbMwAXY9RfRsdXCN2TqYaVb15eV37fwFxvQsuQxmtpVPZIDWYfMku4WOPX83J3NtWlM8UOaEL3krCxD8MvMYib62rDT7kX3OByA_MlngWUeZaXwr_B-62r980ckU7-IfJdDSj1MultTiS4RtwSbwQIsRkaVmw9yUsjvvVx_K2VGS-fmdY7E3y2Aqnf4Y76mgrwn7sTUlSJepdN8odHon-sI0kO2C9Qh2zV1eg!-1926820799!1093042530] [568]
21:00:56.493-----------> EGSCreateRateUSDtoPEN.doIt: Esperando estabilización de canal perimetral... [568]
21:00:59.493-----------> EGSCreateRateUSDtoPEN.doIt: PASO 2: Transmitiendo consulta via GET Protegido con Cookies... [568]
21:00:59.494-----------> EGSCreateRateUSDtoPEN.doIt: URL Destino: https://e-consulta.sunat.gob.pe/cl-at-ittipcam/tcS01Alias/listarTipoCambio?anhoConsulta=2026&mesConsulta=06&indMes=1&mode=month [568]
21:00:59.514-----------> EGSCreateRateUSDtoPEN.doIt: Respuesta HTTP del Servidor: 200 [568]
21:00:59.515-----------> EGSCreateRateUSDtoPEN.doIt: Respuesta cruda del API SUNAT: <html><head><title>Request Rejected</title></head><body>The requested URL was rejected. Please consult with your administrator.<br><br>Your support ID is: 1939715761714414147<br><br><a href='javascript:history.back();'>[Go Back]</a></body></html> [568]
21:00:59.515-----------> EGSCreateRateUSDtoPEN.doIt: Excepción en el intento 2: El cuerpo de la respuesta JSON no contiene elementos reconocidos. [568]
21:00:59.516-----------> EGSCreateRateUSDtoPEN.doIt: Intento 3 de 5. Reintentando secuencia completa... [568]
21:01:03.516-----------> EGSCreateRateUSDtoPEN.doIt: PASO 1: Abriendo canal seguro y capturando contexto... [568]
21:01:03.596-----------> EGSCreateRateUSDtoPEN.doIt: Cookies validadas: [TS61ff7286027=08d0cd49b8ab2000ea182dde7cf0f43b32cffdeb3637174262508ca35a4dd4ec480db3284db2571f08d5816858113000172e74571c337f6711f10b3c6ad8d62d3107f590fe1f2763624775096629162d84520b63d08257abcaeaca7212eec309; TS0105b0c6=019edc9eb81d631bac6a260fadbf265fd8c01bc20a363bd4d9de2e89d580e4e14fd99a3e92c4250860506b02952bae0e41590ec1be2a57b829edce53b16dadaebaad2cc115; IAASISTENCIAGESTIONSESSION=qN-LNnlKI6RuE8oOFkpHthnGh5Pjb-moZegHS3dZXxt2N3kpPO2HtrSCBAgMmVh2C96zY381BwOMwif1iSY3r5tJx7_HKmnMGCxfL3wtfS6YHOukUU_VHj3rn1AmroNrRbmr0mbONuShqbsFpOyICujUBx5uOVPU9NVarR31sbprWarJKq1j2mLdvm5Yu6vqZ2TgyYzDRFfinGxQIKh-m-hw8UNYFstWc5tzdHJ_OI6vCed2Z3-Ep4WuhXVewU_j!-1926820799!1093042530] [568]
21:01:03.614-----------> EGSCreateRateUSDtoPEN.doIt: Esperando estabilización de canal perimetral... [568]
21:01:06.614-----------> EGSCreateRateUSDtoPEN.doIt: PASO 2: Transmitiendo consulta via GET Protegido con Cookies... [568]
21:01:06.615-----------> EGSCreateRateUSDtoPEN.doIt: URL Destino: https://e-consulta.sunat.gob.pe/cl-at-ittipcam/tcS01Alias/listarTipoCambio?anhoConsulta=2026&mesConsulta=06&indMes=1&mode=month [568]
21:01:06.634-----------> EGSCreateRateUSDtoPEN.doIt: Respuesta HTTP del Servidor: 200 [568]
21:01:06.634-----------> EGSCreateRateUSDtoPEN.doIt: Respuesta cruda del API SUNAT: <html><head><title>Request Rejected</title></head><body>The requested URL was rejected. Please consult with your administrator.<br><br>Your support ID is: 11781552370971757626<br><br><a href='javascript:history.back();'>[Go Back]</a></body></html> [568]
21:01:06.634-----------> EGSCreateRateUSDtoPEN.doIt: Excepción en el intento 3: El cuerpo de la respuesta JSON no contiene elementos reconocidos. [568]
21:01:06.634-----------> EGSCreateRateUSDtoPEN.doIt: Intento 4 de 5. Reintentando secuencia completa... [568]
21:01:10.635-----------> EGSCreateRateUSDtoPEN.doIt: PASO 1: Abriendo canal seguro y capturando contexto... [568]
21:01:10.702-----------> EGSCreateRateUSDtoPEN.doIt: Cookies validadas: [TS61ff7286027=08d0cd49b8ab20007ae0c2bab53fb7ad0f918deab1637fdd8ce1fb4a22fb0ea203073d48840ea386087c5160b01130007d6781f2d01100b8ba9ec64b6d4a951683a2a2eb7f996c157880b77d1eb889c4d527b59050c111978d39ed28c9bd8e30; TS0105b0c6=019edc9eb828bf66bd8cda35796f9502b97cb20483e183fb4b5f61635f15cbc0badbc3084ecbbae4d32451c39c6be87a5272a4a4f8b9a7a5522e5a69912860348e9cb5babd; IAASISTENCIAGESTIONSESSION=MwuLNpUcgi4ac6DHTSZTeuOi9gY_MKdyyF1jlHnRIE9EXj8VmSZMmrwtw-AXBAzgUceU0cpbjowA3a5rJMpi7Nnxc2U8waFuZJB1bLucwiGg8J0a8HSFHLBi9T_H2w4ltQTTB6L6vCelLFxjCV_4oJMhFyyuDWVq1Gj6QKdTWfGaRfaHrTN6obMPRJC3WyqomBVRDbCrehHdZ1Wk9lOkd4ecl5ca0Im4uv8yHSG1AazjiECn4OorA_6IcKzxLQ4A!-1926820799!1093042530] [568]
21:01:10.712-----------> EGSCreateRateUSDtoPEN.doIt: Esperando estabilización de canal perimetral... [568]
21:01:13.712-----------> EGSCreateRateUSDtoPEN.doIt: PASO 2: Transmitiendo consulta via GET Protegido con Cookies... [568]
21:01:13.712-----------> EGSCreateRateUSDtoPEN.doIt: URL Destino: https://e-consulta.sunat.gob.pe/cl-at-ittipcam/tcS01Alias/listarTipoCambio?anhoConsulta=2026&mesConsulta=06&indMes=1&mode=month [568]
21:01:13.754-----------> EGSCreateRateUSDtoPEN.doIt: Respuesta HTTP del Servidor: 200 [568]
21:01:13.754-----------> EGSCreateRateUSDtoPEN.doIt: Respuesta cruda del API SUNAT: <html><head><title>Request Rejected</title></head><body>The requested URL was rejected. Please consult with your administrator.<br><br>Your support ID is: 11781552370966880024<br><br><a href='javascript:history.back();'>[Go Back]</a></body></html> [568]
21:01:13.754-----------> EGSCreateRateUSDtoPEN.doIt: Excepción en el intento 4: El cuerpo de la respuesta JSON no contiene elementos reconocidos. [568]
21:01:13.755-----------> EGSCreateRateUSDtoPEN.doIt: Intento 5 de 5. Reintentando secuencia completa... [568]
21:01:17.756-----------> EGSCreateRateUSDtoPEN.doIt: PASO 1: Abriendo canal seguro y capturando contexto... [568]
21:01:17.840-----------> EGSCreateRateUSDtoPEN.doIt: Cookies validadas: [TS61ff7286027=08d0cd49b8ab2000772269c6b7ca02868add2cadd7cf8fd737bac2a5e0038c0e9269230b2622f3fc082b9d995011300082e7a9394d22be5c83743927df14a0975122a266a361de0673d4c198288b2223da7567f7ee0501745dea38d813cb7282; TS0105b0c6=019edc9eb8fc4d95a8a7c4c89b582ad893fe7a406632a3ec87bf1ea43127bbfd9ed52a5636686960c573f940886e533cd24337caaad59286de9bf2e4492cc53b12597d9c02; IAASISTENCIAGESTIONSESSION=1XCLNrDul4vbRVMd4BKM9SX1SwErHHPFfmV4PeG0OMwYO1V-A5Ol0OQnPfewkoBKyiY3waSJCC4PyesBnJMVOaBmPFYCWQWf46aOOi15cFmesc5pUroWosjLbwMjfMUzjS3z3htjQNyXX6uXN6ydXKM5jaLkjhhguDXLyQUEagaSp9EN1MOcru-I68CKWg7IOldmq3gCqVs98w1U4LEnBHgY7izsUvBd7hcZpjGgYUmg8H51aGQUKwYrsoNwzf48!-1926820799!1093042530] [568]
21:01:17.846-----------> EGSCreateRateUSDtoPEN.doIt: Esperando estabilización de canal perimetral... [568]
21:01:20.846-----------> EGSCreateRateUSDtoPEN.doIt: PASO 2: Transmitiendo consulta via GET Protegido con Cookies... [568]
21:01:20.847-----------> EGSCreateRateUSDtoPEN.doIt: URL Destino: https://e-consulta.sunat.gob.pe/cl-at-ittipcam/tcS01Alias/listarTipoCambio?anhoConsulta=2026&mesConsulta=06&indMes=1&mode=month [568]
21:01:20.869-----------> EGSCreateRateUSDtoPEN.doIt: Respuesta HTTP del Servidor: 200 [568]
21:01:20.870-----------> EGSCreateRateUSDtoPEN.doIt: Respuesta cruda del API SUNAT: <html><head><title>Request Rejected</title></head><body>The requested URL was rejected. Please consult with your administrator.<br><br>Your support ID is: 11781552370971775346<br><br><a href='javascript:history.back();'>[Go Back]</a></body></html> [568]
21:01:20.870-----------> EGSCreateRateUSDtoPEN.doIt: Excepción en el intento 5: El cuerpo de la respuesta JSON no contiene elementos reconocidos. [568]
21:01:20.870===========> EGSCreateRateUSDtoPEN.process: Fallo estructural en el intercambio de datos con el API tras agotar reintentos. [568]
org.adempiere.exceptions.AdempiereException: El cuerpo de la respuesta JSON no contiene elementos reconocidos.
	at com.egssmart.finantials.proccess.EGSCreateRateUSDtoPEN.doIt(Unknown Source)
	at org.compiere.process.SvrProcess.process(Unknown Source)
	at org.compiere.process.SvrProcess.startProcess(Unknown Source)
	at org.adempiere.util.ProcessUtil.startJavaProcess(Unknown Source)
	at org.compiere.apps.AbstractProcessCtl.startProcess(Unknown Source)
	at org.compiere.apps.AbstractProcessCtl.run(Unknown Source)
	at org.adempiere.webui.apps.WProcessCtl.process(Unknown Source)
	at org.adempiere.webui.apps.AbstractProcessDialog$ProcessDialogRunnable.doRun(Unknown Source)
	at org.adempiere.util.ContextRunnable.run(Unknown Source)
	at org.adempiere.webui.apps.DesktopRunnable.run(Unknown Source)
	at java.base/java.util.concurrent.Executors$RunnableAdapter.call(Executors.java:539)

21:01:49.312-----------> PackInApplicationActivator.getFilesToProcess: Processing migration [526]

*** 2026-06-02 21:08:58.795 idempiere Log (CLogFile) ***
