*** 2026-05-27 11:58:58.071 idempiere Log (CLogFile) ***
11:58:58.070 Adempiere.startup: iDempiere(r) Release 14_2026-03-09 -Smart Suite ERP, CRM and SCM- (c) 1999-2026 iDempiere(r); Implementation: iDempiere - Supported by iDempiere community [28]
11:58:58.072 Ini.loadProperties: /home/nextcollege/BDeveloper/idempiere-dev-setup-14/idempiere/idempiere.properties #29 [28]
11:58:58.081-----------> Core.getKeyStore: Encryption with legacy key algorithm DES detected - it is recommended to migrate to a stronger algorithm [28]
11:58:59.376-----------> Activator.createHazelCastInstance: Starting hazelcast with configuration from file hazelcast.xml [28]
11:59:00.121-----------> CPSubsystem: [192.168.1.236]:5701 [adempiere.idempiere14/localhost:5432] [5.3.7] CP Subsystem is not enabled. CP data structures will operate in UNSAFE mode! Please note that UNSAFE mode will not provide strong consistency guarantees. [28]
11:59:00.571-----------> Node: [192.168.1.236]:5701 [adempiere.idempiere14/localhost:5432] [5.3.7] No join method is enabled! Starting standalone. [28]
11:59:00.723-----------> DB.isBuildOK: Build Version Error 

The program assumes build version 14.0.0.qualifier, but database has build version ${env.ADEMPIERE_VERSION} 20080428-1232. 
This is likely to cause hard to fix errors. 
Please contact administrator. [28]
11:59:02.594-----------> EMail.setFrom: you @ company.org: javax.mail.internet.AddressException: Local address contains control or whitespace in string ``you @ company.org'' [28]
11:59:02.603-----------> EMail.addTo: you @ company.org: javax.mail.internet.AddressException: Local address contains control or whitespace in string ``you @ company.org'' [28]
11:59:02.604-----------> EMail.isValid: From is invalid=null [28]
11:59:02.605-----------> EMail.isValid: From is invalid=null [28]
11:59:02.612-----------> MClient.sendEMail: Could NOT Send Email: Server started: iDempiere (nextcollege-G751JT:192.168.1.236) to you @ company.org: Invalid Data (System) [28]
11:59:03.933           LoggedSessionListener.contextInitialized: iDempiere context initialized for 10.3.0.1 [28]
12:00:18.979-----------> DefaultModelFactory.getClass: No class for table with it entity: lpe_purchase_proposal [441]
12:01:05.223-----------> PackInApplicationActivator.getFilesToProcess: Processing migration [445]
13:45:40.355-----------> Msg.getMsg: NOT found: El registro ya existe [990]
13:59:16.912-----------> MRole.getProcessAccess: Role System Administrator has assigned access incompatible process Generates SIRE Purchase Record [995]
14:04:34.125-----------> MRole.getProcessAccess: Role System Administrator has assigned access incompatible process Asset Parent Report [830]
14:04:34.127-----------> MRole.getProcessAccess: Role System Administrator has assigned access incompatible process Asset Group Defaults [830]
14:04:34.127-----------> MRole.getProcessAccess: Role System Administrator has assigned access incompatible process Depreciation Table [830]
14:04:34.128-----------> MRole.getProcessAccess: Role System Administrator has assigned access incompatible process Asset Convention Report [830]
14:04:34.129-----------> MRole.getProcessAccess: Role System Administrator has assigned access incompatible process Asset Depreciation Method [830]
14:04:34.132-----------> MRole.getProcessAccess: Role System Administrator has assigned access incompatible process Generates SIRE Purchase Record [830]
14:07:47.497-----------> MRole.getProcessAccess: Role System Administrator has assigned access incompatible process Generates SIRE Purchase Record [995]

*** 2026-05-27 14:22:01.365 idempiere Log (CLogFile) ***
