*** 2026-06-02 19:36:13.093 idempiere Log (CLogFile) ***
19:36:13.092 Adempiere.startup: iDempiere(r) Release 14_2026-03-09 -Smart Suite ERP, CRM and SCM- (c) 1999-2026 iDempiere(r); Implementation: iDempiere - Supported by iDempiere community [27]
19:36:13.094 Ini.loadProperties: /home/nextcollege/BDeveloper/idempiere-dev-setup-14/idempiere/idempiere.properties #29 [27]
19:36:13.100-----------> Core.getKeyStore: Encryption with legacy key algorithm DES detected - it is recommended to migrate to a stronger algorithm [27]
19:36:13.629-----------> Activator.createHazelCastInstance: Starting hazelcast with configuration from file hazelcast.xml [27]
19:36:14.195-----------> CPSubsystem: [192.168.0.55]:5701 [adempiere.idempiere14/localhost:5432] [5.3.7] CP Subsystem is not enabled. CP data structures will operate in UNSAFE mode! Please note that UNSAFE mode will not provide strong consistency guarantees. [27]
19:36:14.481-----------> Node: [192.168.0.55]:5701 [adempiere.idempiere14/localhost:5432] [5.3.7] No join method is enabled! Starting standalone. [27]
19:36:15.107-----------> DB.isBuildOK: Build Version Error 

The program assumes build version 14.0.0.qualifier, but database has build version ${env.ADEMPIERE_VERSION} 20080428-1232. 
This is likely to cause hard to fix errors. 
Please contact administrator. [27]
19:36:16.958-----------> EMail.setFrom: you @ company.org: javax.mail.internet.AddressException: Local address contains control or whitespace in string ``you @ company.org'' [27]
19:36:16.962-----------> EMail.addTo: you @ company.org: javax.mail.internet.AddressException: Local address contains control or whitespace in string ``you @ company.org'' [27]
19:36:16.962-----------> EMail.isValid: From is invalid=null [27]
19:36:16.963-----------> EMail.isValid: From is invalid=null [27]
19:36:16.968-----------> MClient.sendEMail: Could NOT Send Email: Server started: iDempiere (nextcollege-G751JT:192.168.0.55) to you @ company.org: Invalid Data (System) [27]
19:36:18.197           LoggedSessionListener.contextInitialized: iDempiere context initialized for 10.3.0.1 [27]
19:36:18.415-----------> TimeZoneDataBaseVersionChecker.init: Time zone data version mismatch detected:
 - Client (moment.js) tzdb version: 2025b
 - Server (JDK) tzdb version: 2026a
Date and time values may be incorrect if time zone rules differ.
To resolve, update the moment-timezone data on the client and/or the JDK time zone data (TZUpdater or Java update) on the server so both use the same version. [27]
19:36:58.567-----------> EGSCreateRateUSDtoPEN.doIt: PASO 1: Abriendo canal seguro y capturando contexto corporativo... [480]
19:36:59.396-----------> EGSCreateRateUSDtoPEN.doIt: Cookies validadas y consolidadas: [TSf3c1dbbd027=08fe7428c8ab20000041a7958570940fa0bd1619593603a492dfdb4adea16ad148fe8021cc4ae7f208edaab9a1113000e48980dadea450b571af2771351de62b4fa698783202993c1862ffc542d23249ec9a4fbc2789d5e1ce8c5df73e183893; TS0105b0c6=014dc399cbfd929faf021a2530690e85330a84b3d16656d00c6f5b85460dcb541350312b7dd405b063bce1882508be3098b95a1c3898ec31476546e6a28e71b3fab899ed7a; IAASISTENCIAGESTIONSESSION=r3eK6YC4SObTxCuu2cV-Kf7pMXEJb2pk8n_HdlJssvVZrMDuK9kD5SzDA-b1OYssazteDK-ImIN_eU6Hbnqwog58BtvD_eDr3Lwad7ah7o6F3Y_B7dAKsnIA1CXd4WlHIfj1Dog03nn18ZtD6xkD-6wFwew4Ub79nmH7d6ZUICGHRlegrqlEOsxB_CFqwlX3IpbqxyK0XdATl88BQO32jnRf2iOHRp7FbC_dYIoGZdhmmWmxi40wWOYOLzNYTlzL!1298053303!-445114015] [480]
19:36:59.397-----------> EGSCreateRateUSDtoPEN.doIt: Esperando estabilización del canal perimetral... [480]
19:37:02.398-----------> EGSCreateRateUSDtoPEN.doIt: PASO 2: Transmitiendo consulta GET directa sin payload en cuerpo... [480]
19:37:02.398-----------> EGSCreateRateUSDtoPEN.doIt: URL Destino: https://e-consulta.sunat.gob.pe/cl-at-ittipcam/tcS01Alias/listarTipoCambio?anhoConsulta=2026&mesConsulta=6&indMes=1&mode=month [480]
19:37:02.506-----------> EGSCreateRateUSDtoPEN.doIt: Respuesta HTTP del Servidor: 200 [480]
19:37:02.507-----------> EGSCreateRateUSDtoPEN.doIt: Respuesta cruda del API SUNAT: <html><head><title>Request Rejected</title></head><body>The requested URL was rejected. Please consult with your administrator.<br><br>Your support ID is: 16158738458287532824<br><br><a href='javascript:history.back();'>[Go Back]</a></body></html> [480]
19:37:02.507-----------> EGSCreateRateUSDtoPEN.doIt: Intercepción en canal detectada. Reintentando secuencia... [480]
19:37:02.507-----------> EGSCreateRateUSDtoPEN.doIt: Intento 2 de 5. Reintentando secuencia completa... [480]
19:37:06.508-----------> EGSCreateRateUSDtoPEN.doIt: PASO 1: Abriendo canal seguro y capturando contexto corporativo... [480]
19:37:06.931-----------> EGSCreateRateUSDtoPEN.doIt: Cookies validadas y consolidadas: [TSf3c1dbbd027=08fe7428c8ab20005b3c7a07a3b53f1701e9a6798516276d36fd94a4c297cb1774745ea0bb1a1df308476b068b11300084f2a28f3a473af72cd9a64f6cb0bf652970daf878ffba7812ecaae1814be64b40a4cfe4ac94595657784fd77caf2fe0; IAASISTENCIAGESTIONSESSION=7TeK6Z6DKy_MDDF9ZxSVyEEnVNXQ8ccIe44mkdu94P045-1ebtJmakC4DZXdEZAUSP7RypsqVwpI_7V8lUbVpH_dvG62Aw7CqvXOJS3bQf0pMSp_ExpiCH9EiEjLgPygRUuEKcYdpcEIZUG6LHbHBryV5PVfNBhdu-l1390yc1bUFE_-J__J9QoGEyGw7rljWelyNFAC4x9eyF38IIh_u67U2jcXdg36U47m6liuZ-tjPfYgqYPzfgUpW6fjK83Q!1298053303!-445114015] [480]
19:37:06.940-----------> EGSCreateRateUSDtoPEN.doIt: Esperando estabilización del canal perimetral... [480]
19:37:09.941-----------> EGSCreateRateUSDtoPEN.doIt: PASO 2: Transmitiendo consulta GET directa sin payload en cuerpo... [480]
19:37:09.941-----------> EGSCreateRateUSDtoPEN.doIt: URL Destino: https://e-consulta.sunat.gob.pe/cl-at-ittipcam/tcS01Alias/listarTipoCambio?anhoConsulta=2026&mesConsulta=6&indMes=1&mode=month [480]
19:37:10.047-----------> EGSCreateRateUSDtoPEN.doIt: Respuesta HTTP del Servidor: 405 [480]
19:37:10.048-----------> EGSCreateRateUSDtoPEN.doIt: Respuesta cruda del API SUNAT: Request method &#39;GET&#39; not supported [480]
19:37:10.050-----------> EGSCreateRateUSDtoPEN.doIt: Excepción en el intento 2: La estructura de la respuesta no pudo ser parseada. [480]
19:37:10.051-----------> EGSCreateRateUSDtoPEN.doIt: Intento 3 de 5. Reintentando secuencia completa... [480]
19:37:14.051-----------> EGSCreateRateUSDtoPEN.doIt: PASO 1: Abriendo canal seguro y capturando contexto corporativo... [480]
19:37:14.169-----------> EGSCreateRateUSDtoPEN.doIt: Cookies validadas y consolidadas: [TSf3c1dbbd027=08fe7428c8ab2000d483eaf83ded0357e0693a5383335272ff27122cbb8ad67a4bc87e544589ea1108c3712d321130006b39ee0d5dc92e45e218195ef51ad87c4b8b906afbfa9bf6f03102b5cb335e7b6516e0ec580ff4c192acdcbde0c55792; IAASISTENCIAGESTIONSESSION=lsuK6bspdD2T1cNB7eLOGr7BVS-y5T4J9H3ffssDDcEYlVA-V12Ikgq6QX0BLp0-WJi7o41t-TKfwV_RqBd1pkk83vdNyKoFaaN19EXkkGpPfacq3kNwhJNa9JP8PE9BvF7p3_O46K01R7BCmGBcEUsnh4fAcXFa3ZuU2mZn-c2lqjQ-gvTz8We90NeDhroHfBSmwJpsd69QOSXvl9z79w29swfCtm1VSVZLA8dfqyBmwtjUYfdj22F56CbwAHNd!1298053303!-445114015] [480]
19:37:14.170-----------> EGSCreateRateUSDtoPEN.doIt: Esperando estabilización del canal perimetral... [480]
19:37:17.170-----------> EGSCreateRateUSDtoPEN.doIt: PASO 2: Transmitiendo consulta GET directa sin payload en cuerpo... [480]
19:37:17.170-----------> EGSCreateRateUSDtoPEN.doIt: URL Destino: https://e-consulta.sunat.gob.pe/cl-at-ittipcam/tcS01Alias/listarTipoCambio?anhoConsulta=2026&mesConsulta=6&indMes=1&mode=month [480]
19:37:17.270-----------> EGSCreateRateUSDtoPEN.doIt: Respuesta HTTP del Servidor: 405 [480]
19:37:17.270-----------> EGSCreateRateUSDtoPEN.doIt: Respuesta cruda del API SUNAT: Request method &#39;GET&#39; not supported [480]
19:37:17.271-----------> EGSCreateRateUSDtoPEN.doIt: Excepción en el intento 3: La estructura de la respuesta no pudo ser parseada. [480]
19:37:17.271-----------> EGSCreateRateUSDtoPEN.doIt: Intento 4 de 5. Reintentando secuencia completa... [480]
19:37:21.271-----------> EGSCreateRateUSDtoPEN.doIt: PASO 1: Abriendo canal seguro y capturando contexto corporativo... [480]
19:37:21.385-----------> EGSCreateRateUSDtoPEN.doIt: Cookies validadas y consolidadas: [TSf3c1dbbd027=08fe7428c8ab20007c82a8f96401f0c5fa8ca90a8f8ba877f551a735a51ce6bf1a178350e57ea18708891883851130005b6f7ed663fee1321482d3157382d79bbfb5cfb9dda86769446ac0c2739b06ca7b4b8e14753446f056a1df1584d25a1d; IAASISTENCIAGESTIONSESSION=EmKK6ddcNlG2-aj3_A6kJx8CVOuoSme6uArF5DonQvI99o7cOtxFjQxpkHLxKEGBbtDtX726zrjV0UNLmvps4PaUsiHlyGQQNWOfC22psKVOhkx0uqI7AdxU7DndgpttIE14yt2ZW_N9VUWuuV-NjWRd-CYLUOfEYnvPm0j1x_i0GPWhP-pAsQdoZ_vNdpL8uBxROl37TiPTWgNxo579pjjruP6DVnUZTFC5NkeEVtS_sogBLWKiBaNp1VEpe0IR!1298053303!-445114015] [480]
19:37:21.387-----------> EGSCreateRateUSDtoPEN.doIt: Esperando estabilización del canal perimetral... [480]
19:37:24.388-----------> EGSCreateRateUSDtoPEN.doIt: PASO 2: Transmitiendo consulta GET directa sin payload en cuerpo... [480]
19:37:24.388-----------> EGSCreateRateUSDtoPEN.doIt: URL Destino: https://e-consulta.sunat.gob.pe/cl-at-ittipcam/tcS01Alias/listarTipoCambio?anhoConsulta=2026&mesConsulta=6&indMes=1&mode=month [480]
19:37:24.490-----------> EGSCreateRateUSDtoPEN.doIt: Respuesta HTTP del Servidor: 405 [480]
19:37:24.490-----------> EGSCreateRateUSDtoPEN.doIt: Respuesta cruda del API SUNAT: Request method &#39;GET&#39; not supported [480]
19:37:24.491-----------> EGSCreateRateUSDtoPEN.doIt: Excepción en el intento 4: La estructura de la respuesta no pudo ser parseada. [480]
19:37:24.491-----------> EGSCreateRateUSDtoPEN.doIt: Intento 5 de 5. Reintentando secuencia completa... [480]
19:37:28.491-----------> EGSCreateRateUSDtoPEN.doIt: PASO 1: Abriendo canal seguro y capturando contexto corporativo... [480]
19:37:28.608-----------> EGSCreateRateUSDtoPEN.doIt: Cookies validadas y consolidadas: [TSf3c1dbbd027=08fe7428c8ab2000a0220dcd44a60e47fef4e8ccb925ae584b37b1c2b640450cc570ae222c64d35908bac2a980113000856b1175ebd639c0bda587600356a8377d48a1b2b98065d9c566fe4f8bac084a5243f4966da41580a838f46e41af9eee; IAASISTENCIAGESTIONSESSION=z6yK6fOR-aTjqO4fhix3-yhxm5c55w3TbgU9RdUWn9FmCbDx6o1RhwoS-aUAs1JadOXjd7HW_DKWl8RnPJ98l6HPi5FfyI36Y0WmqFuLu5Id6tNLALrUXacSC93aKeAHdmUgngb7M3NMm6cEU59LhijklbZ-DjtflzlMU8MpxhMftxAAkwRLSSKZrSwzqUD8fgxz_KJgozhILKeGjq0EPO4o505SSUVqOro-Q0Jo5M9EyIym80uzOn9B39CxQobw!1298053303!-445114015] [480]
19:37:28.609-----------> EGSCreateRateUSDtoPEN.doIt: Esperando estabilización del canal perimetral... [480]
19:37:31.610-----------> EGSCreateRateUSDtoPEN.doIt: PASO 2: Transmitiendo consulta GET directa sin payload en cuerpo... [480]
19:37:31.610-----------> EGSCreateRateUSDtoPEN.doIt: URL Destino: https://e-consulta.sunat.gob.pe/cl-at-ittipcam/tcS01Alias/listarTipoCambio?anhoConsulta=2026&mesConsulta=6&indMes=1&mode=month [480]
19:37:31.717-----------> EGSCreateRateUSDtoPEN.doIt: Respuesta HTTP del Servidor: 405 [480]
19:37:31.717-----------> EGSCreateRateUSDtoPEN.doIt: Respuesta cruda del API SUNAT: Request method &#39;GET&#39; not supported [480]
19:37:31.717-----------> EGSCreateRateUSDtoPEN.doIt: Excepción en el intento 5: La estructura de la respuesta no pudo ser parseada. [480]
19:37:31.718===========> EGSCreateRateUSDtoPEN.process: No se pudo consolidar la tasa de cambio tras agotar reintentos. [480]
UserError: La estructura de la respuesta no pudo ser parseada.
	at com.egssmart.finantials.proccess.EGSCreateRateUSDtoPEN.doIt(Unknown Source)
	at org.compiere.process.SvrProcess.process(Unknown Source)
	at org.compiere.process.SvrProcess.startProcess(Unknown Source)
	at org.adempiere.util.ProcessUtil.startJavaProcess(Unknown Source)
	at org.compiere.apps.AbstractProcessCtl.startProcess(Unknown Source)
	at org.compiere.apps.AbstractProcessCtl.run(Unknown Source)
	at org.adempiere.webui.apps.WProcessCtl.process(Unknown Source)
	at org.adempiere.webui.apps.AbstractProcessDialog$ProcessDialogRunnable.doRun(Unknown Source)
	at org.adempiere.util.ContextRunnable.run(Unknown Source)
	at org.adempiere.webui.apps.DesktopRunnable.run(Unknown Source)
	at java.base/java.util.concurrent.Executors$RunnableAdapter.call(Executors.java:539)

19:38:19.496-----------> PackInApplicationActivator.getFilesToProcess: Processing migration [436]

*** 2026-06-02 19:39:56.6 idempiere Log (CLogFile) ***
